<DOC>
<DOCID>1700245</DOCID>
<CATEGORY>Collectibles > Vanity, Perfume & Shaving > Shaving > Safety Razors</CATEGORY>
<ORIGTITLE>VINTAGE GILLETTE SAFETY RAZOR 1-9 U 2 MADE IN USA ! . (No. CCC)</ORIGTITLE>
<font rwr='1' size='4' style='font-family:Arial'><font rwr="1" size="4" style="font-family:Arial"><div><font color="#ff0010"><span class="hps">traces of use !&nbsp;</span>scratches ! abrasions ! grazes !&nbsp;worn paint !&nbsp;<span class="hps">fallen</span> <span class="hps">paint !&nbsp;</span><span class="hps">some</span> <span class="hps">rust spots !</span>&nbsp;dark spots !&nbsp;<span id="result_box" lang="en">corrosion !</span><span class="short_text" lang="en">&nbsp;</span><span class="hps">missing</span> <span class="hps">box !&nbsp;</span><span class="hps">dirt,</span> <span class="hps">stains</span> <span class="hps">and</span> <span class="hps">spots -&nbsp;</span><span id="result_box" lang="en"><span class="hps alt-edited">need cleaning !&nbsp;</span></span></font></div><div><span lang="en" style="color: rgb(255, 0, 16);"><span class="hps alt-edited"><br></span></span></div><div><span lang="en"><span class="hps alt-edited"><span id="result_box" lang="en"><span class="hps">opening mechanism</span> <span class="hps">works !&nbsp;</span></span></span></span></div><div><span style="color: rgb(255, 0, 16);"><br></span></div><div><span class="hps">line</span> <span class="hps">images</span> <span class="hps">measured in</span> <span class="hps">centimeters !<font color="#00256e">&nbsp;</font></span></div><div><br></div><div><font color="#002cfd">Attention may have some difference in color because any monitor they see different !</font></div><div><font color="#ff0010"><br></font></div><div><font color="#ff0010">Please look at the photos as they are part of the description !&nbsp;</font></div><div><div id="ds_div"><span class="hps"><span class="short_text" lang="en"><font size="3"><font face="Times New Roman"><span class="hps"><span class="short_text" lang="en"><span class="hps"><span class="short_text" lang="en"><span class="hps"><span class="short_text" lang="en"><span class="hps"><span class="hps"><span class="short_text" lang="en"><span class="hps alt-edited"><span class="hps"><p><font color="#002cfd">WORLDWIDE - FREE SHIPPING !</font></p><p style="color: rgb(138, 0, 53);"><span style="color: rgb(173, 0, 31);">.........U.S. - about 14-28 days-priority.............</span></p><p style="color: rgb(138, 0, 53);"><font color="#ad001f">-------Canada - about 15-29 days-priority.............</font></p><p style="color: rgb(138, 0, 53);"><span class="short_text" lang="en"><span class="hps"><font color="#ad001f">....... Europe may take about 7-15 days-priority.........</font></span></span></p><p style="color: rgb(138, 0, 53);"><span class="short_text" lang="en"><span class="hps"><font color="#ad001f">.........rest of the world - 15-31 days-priority............</font></span></span></p><p style="color: rgb(138, 0, 53);"><span class="short_text" lang="en"><span class="hps"><font color="#ad001f">THE ITEM IS SENT WITH REGISTERED MAIL WITH TRACKING NUMBER</font></span></span></p></span></span></span></span></span></span></span></span></span></span></span></font></font></span></span></div></div></font></font>
</DOC>
<DOC>
<DOCID>1700251</DOCID>
<CATEGORY>Collectibles > Arcade, Jukeboxes & Pinball > Pinball > Manuals & Guides</CATEGORY>
<ORIGTITLE>Comet Game Operations/Service/Repair Owners Manual/Arcade Pinball Machine PPS TA</ORIGTITLE>
<font rwr="1" style="font-family:Arial" size="4"><font rwr="1" style="font-family:Arial" size="4"><font rwr="1" style="font-family:Arial" size="4"><font rwr="1" style="font-family:Arial" size="4"><blockquote><center>
<font size="+4"><font color="red">
<br>
<img src="https://s19.postimg.cc/8n744mfqb/cometbg.jpg">
<!-- <img src="http://i398.photobucket.com/albums/pp62/usamusement/cometbg.jpg"> -->
<br><br>
Comet Pinball Manual
<br> <br>
</font></font></center><center><font size="+4"><font size="+2"><font color="black">
Up for sale is a
Comet Pinball Operations Manual by Williams.
<br> <br>
The manual includes the following information:
<br> <br>
• Game Overview
<br> <br>
• Performance &amp; Operating Data
<br> <br>
• Game Play
<br> <br>
• Game Operation
<br> <br>
• Game Setup
<br> <br>
• Bookkeeping Table
<br> <br>
• How to make Game Adjustments
<br> <br>
• Game Pricing
<br> <br>
• Troubleshooting, Maintenance, &amp; Parts
<br> <br>
• Diagnostics Procedures
<br> <br>
• Schematic &amp; Assembly Drawings
<br> <br>
<img src="https://s19.postimg.cc/6jwowyfxf/come.jpg">
<!-- <img src="http://i398.photobucket.com/albums/pp62/usamusement/EBAY%202/come.jpg"> -->
<br><br>
</font></font></font></center><font color="black"><font size="-1">
<b><u>Domestic Shipping &amp; Handling</u>:</b> &nbsp;Default domestic shipping is USPS Media Mail for paper item, USPS Parcel Select/Standard Post of non-paper. &nbsp;Delivery times range from 10-30 business days. &nbsp;If you want it faster please select USPS Priority Mail (3-4 business days domestic), or USPS Express (1-2 business day domestic) shipping from the shipping options. &nbsp;Remember, you select the shipping method so please do not hold me responsible if the item arrived beyond the date needed. &nbsp;For &nbsp;Shipping Discount you must purchase more then one item and all items must be shipped together. &nbsp;Each additional item beyond the first will receive a discount on shipping.  Please complete the purchase on eBay and email me prior to paying so I can adjust the invoice.  If you need to know when your purchase will be delivered it would be best to contact your local post office with the tracking number to get information as to when to exactly expect delivery of your item. <b>Please ask questions about the item or shipping before making a purchase.</b>
<br> <br>
<b><u>International Shipping &amp; Handling</u>:</b> &nbsp;International shipping is available to select countries. &nbsp;Item will be shipped First Class or Priority Mail, depending on the country of destination. &nbsp;For International Shipping Discount, you must purchase more then one item and all items must be shipped together. &nbsp;Each additional item beyond the first will receive a discount on shipping.  Please complete the purchase on eBay and email me prior to paying so I can adjust the invoice.   International shipping is typically 3-6 weeks, but can be as long as 15 weeks, depending on the destination country and time of year (Expect delays during the Christmas season.) &nbsp;In the UK, your item can be delivered either by Royal Post or Parcel Force. &nbsp;The tracking number is also the customs number. &nbsp;All items are shipped USPS. &nbsp;Please note that the tracking information on the USPS site typically does not update until after the package is delivered. &nbsp;It would be best to contact your local Post with the tracking number to get information as to when to expect delivery of your item. <br> <b>Please ask questions about the item or shipping before making a purchase.</b>
<br> <br>
<b><u> Item Condition</u>:</b> Manual is stapled together with 3-hole punch for easy installation in a 3-ring binding. Item is in new condition with Full 11" x 17 " Fold Out Schematics, where applicable, and is a Genuine Williams/Bally Replacement Part.  Reprinted 2012 by Planetary Pinball Supply, Inc. under license of Williams Electronics Games, Inc. 
We do our best to describe the item completely to the best of our knowledge.  Please ask any specific questions you may have about the item before making the purchase.
<br> <br>
<b><u>Payment</u>:</b> Payment is due within 5 days of auction end. After 5 days eBay will automatically open an Unpaid Item Dispute with the buyer. &nbsp;After 7 additional days eBay will automatically file a Final Value Fee Credit &nbsp;and the Buyer will receive a strike on their permanent eBay record as a non-paying bidder. &nbsp;eBay does this automatically, so please do not hold me responsible for damage to your online recorded. Once payment is received you will be left some great feedback. &nbsp;
<br> <br>
<b><u>Returns</u>:</b> 30 day return policy.  Item must be returned in same condition as shipped, complete with no missing parts, packed securely to prevent damage.  If the buyer damages the item it can not be returned.  Your choice to receive a payment refund, replacement for exact same item, or apply payment toward a different item.  Buyer pays return shipping.  20% restocking fee applies.  After purchasing the item and before it ships you can choice to cancel the sale and receive a full refund.  The complete returns policy is outlined in the auction. 
<br> <br>
<b><u>Concerns</u>:</b> If you have any problems with your purchase, please message me through eBay <b><u>Before</u></b> filing a dispute with eBay or PayPal, or leaving poor feedback. &nbsp;We will do our best to make things right!
</font></font></blockquote></font></font></font></font>
</DOC>
<DOC>
<DOCID>1700248</DOCID>
<CATEGORY>Collectibles > Advertising > Soda > Coca-Cola > Plush, Stuffed Animals</CATEGORY>
<ORIGTITLE>Vintage Coca Cola Exclusive Polar Bear Plush 6 inch 1997</ORIGTITLE>
<font rwr='1' size='4' style='font-family:Arial'><font rwr="1" style="font-family:Arial" size="4">6 inch Collectible Plush bear Coca Cola Exclusive<br><br></font></font>
</DOC>
<DOC>
<DOCID>1700255</DOCID>
<CATEGORY>Collectibles > Pens & Writing Instruments > Pencils > Mechanical</CATEGORY>
<ORIGTITLE>NEW Authentic MONTBLANC MISTERSTUCK 106514 FOUNTAIN  PEN BOX/PAPERS</ORIGTITLE>
<font rwr='1' size='4' style='font-family:Arial'><font size="4" style="font-family:Arial" rwr="1"><font size="4" style="font-family:Arial" rwr="1"><font size="4" style="font-family:Arial" rwr="1"><font size="4" style="font-family:Arial" rwr="1"><font size="4" style="font-family:Arial" rwr="1"><font size="4" style="font-family:Arial" rwr="1"><font size="4" style="font-family:Arial" rwr="1"><font size="4" style="font-family:Arial" rwr="1"><font size="4" style="font-family:Arial" rwr="1"><font size="4" style="font-family:Arial" rwr="1"><font size="4" style="font-family:Arial" rwr="1"><font size="4" style="font-family:Arial" rwr="1"><font size="4" style="font-family:Arial" rwr="1"><font size="4" style="font-family:Arial" rwr="1"><font size="4" style="font-family:Arial" rwr="1"><font size="4" style="font-family:Arial" rwr="1"><font size="4" style="font-family:Arial" rwr="1"><font size="4" style="font-family:Arial" rwr="1"><font size="4" style="font-family:Arial" rwr="1"><font size="4" style="font-family:Arial" rwr="1"><font size="4" style="font-family:Arial" rwr="1"><font size="4" style="font-family:Arial" rwr="1"><font size="4" style="font-family:Arial" rwr="1"><font size="4" style="font-family:Arial" rwr="1"><font size="4" style="font-family:Arial" rwr="1"><font size="4" style="font-family: Arial;" rwr="1"><font size="4" style="font-family: Arial;" rwr="1"><font size="4" style="font-family: Arial;" rwr="1"><font size="4" style="font-family: Arial; font-size: 14pt;" rwr="1"><font face="Arial"><span style="font-size: 18.66px;">NEW Authentic MONTBLANC MISTERSTUCK&nbsp; 106514 FOUNTAIN M NIB</span></font></font><span style="font-size: 18.66px;"><br></span><div><font size="4" style="font-family: Arial; font-size: 14pt;" rwr="1"><div><font face="Arial"><span style="font-size: 18.66px;">*PEN is DISPLAY ONLY so you will be the first owner of this PEN! BOX /PAPERS&nbsp;</span></font></div><div><font face="Arial"><span style="font-size: 18.66px;">BOX HAS BEEN OPENED.</span></font></div><div><br></div><div><br></div><div><br></div></font></div></font></font></font></font></font></font></font></font></font></font></font></font></font></font></font></font></font></font></font></font></font></font></font></font></font></font></font></font></font>
</DOC>
<DOC>
<DOCID>1700259</DOCID>
<CATEGORY>Collectibles > Pens & Writing Instruments > Desktop Items > Pencil Sharpeners</CATEGORY>
<ORIGTITLE>DIE-CAST Miniature Cash Register PENCIL SHARPENER-2”x1.5”x2.3” approx./Old Fashi</ORIGTITLE>
<font rwr='1' size='4' style='font-family:Arial'><font size="4" style="font-family:Arial" rwr="1">

<p style="margin: 0px;"><font face="Calibri" size="3">DIE-CAST Miniature Cash Register PENCIL SHARPENER-2”x1.5”x2.3”
approx./Old Fashioned Register-drawer open to empty shavings/Antique
Finish-Made in Hong Kong /in Original Box 2.5”x2.5”x2”/box edge damage-small
tears-sticker res./Sharpener Item Good Condition </font></p>

</font></font>
</DOC>
<DOC>
<DOCID>1700244</DOCID>
<CATEGORY>Collectibles > Advertising > Soda > Coca-Cola > Other Coca-Cola Ads</CATEGORY>
<ORIGTITLE>Coca Cola Vending Machine CC304 Toothpick Dispenser 3.75" x 3.25" x 2.5" Excell</ORIGTITLE>
<font rwr='1' size='4' style='font-family:Arial'><font rwr="1" size="4" style="font-family: Arial; font-size: 14pt;"><font rwr="1" size="4" style="font-family: Arial; font-size: 14pt;"><font rwr="1" size="4" style="font-family: Arial; font-size: 14pt;"><font rwr="1" size="4" style="font-family: Arial; font-size: 14pt;"><font rwr="1" size="4" style="font-family: Arial; font-size: 14pt;"><font rwr="1" size="4" style="font-family:Arial"><font rwr="1" size="4" style="font-family: Arial; font-size: 14pt;"><font rwr="1" size="4" style="font-family: Arial; font-size: 14pt;"><font rwr="1" size="4" style="font-family: Arial; font-size: 14pt;"><font rwr="1" size="4" style="font-family: Arial; font-size: 14pt;"><font rwr="1" size="4" style="font-family: Arial; font-size: 14pt;"><font rwr="1" size="4" style="font-family: Arial; font-size: 14pt;"><font rwr="1" size="4" style="font-family: Arial; font-size: 14pt;"><font rwr="1" size="4" style="font-family: Arial; font-size: 14pt;"><font rwr="1" size="4" style="font-family: Arial; font-size: 14pt;"><font rwr="1" size="4" style="font-family: Arial; font-size: 14pt;"><font rwr="1" size="4" style="font-family: Arial; font-size: 14pt;"><font rwr="1" size="4" style="font-family: Arial; font-size: 14pt;"><font rwr="1" size="4" style="font-family: Arial; font-size: 14pt;"><font rwr="1" size="4" style="font-family: Arial; font-size: 14pt;"><font rwr="1" size="4" style="font-family: Arial; font-size: 14pt;"><font rwr="1" size="4" style="font-family: Arial; font-size: 14pt;"><font rwr="1" size="4" style="font-family: Arial; font-size: 14pt;"><font rwr="1" size="4" style="font-family: Arial; font-size: 14pt;"><font rwr="1" size="4" style="font-family: Arial; font-size: 14pt;"><font rwr="1" size="4" style="font-family: Arial; font-size: 14pt;"><font rwr="1" size="4" style="font-family: Arial; font-size: 14pt;"><font rwr="1" size="4" style="font-size: 14pt; font-family: Arial;"><font rwr="1" size="4" style="font-family: Arial; font-size: 14pt;"><font rwr="1" size="4" style="font-family: Arial; font-size: 14pt;"><font size="2" style="font-family: Arial;" rwr="1"><font face="Arial" size="2">
<p><font face="Arial" size="2">You are bidding on</font><br></p></font></font></font></font></font></font></font></font></font></font></font></font></font></font></font></font></font></font></font></font></font></font></font></font></font></font></font></font></font></font></font></font><div style="text-align: center;"><font style=""><font face="Arial Black" size="7"><b>Coca Cola&nbsp;</b></font></font></div><div style="text-align: center;"><font style=""><font face="Arial Black" size="7"><b>Vending Machine CC304&nbsp;</b></font></font></div><div style="text-align: center;"><font style=""><font face="Arial Black" size="7"><b>Toothpick Dispenser&nbsp;</b></font></font></div><div style="text-align: center;"><font style=""><font face="Arial Black" size="7"><b>3.75" x 3.25" x 2.5"&nbsp;</b></font></font></div><div style="text-align: center;"><font style=""><b style="font-family: Arial; font-size: 14pt;"><font size="7" face="Arial Black">Excellent&nbsp;</font></b></font><b style="font-family: &quot;Arial Black&quot;; font-size: -webkit-xxx-large;">Condition</b></div><div style="font-family: Arial; font-size: 14pt; text-align: center;"><font face="Arial Black" style="font-size: 14pt;"><font size="6" style=""><font style=""><br></font></font></font></div><div style="font-family: Arial; font-size: 14pt; text-align: center;"><font face="Arial Black" style="font-size: 14pt;"><font size="6" style=""><font style="">Winner pays $8.95 for shipping and handling.<br><br>Payment is due within 7 days of the purchase.</font></font></font><font style="font-family: Arial; font-size: 14pt;"><br><br><font size="6" style="" face="Arial Black">Box #131</font></font><br></div></font>
</DOC>
<DOC>
<DOCID>1700242</DOCID>
<CATEGORY>Collectibles > Decorative Collectibles > Frames</CATEGORY>
<ORIGTITLE>Vintage Brass , gold colored picture frame , 8" X 10" great shape</ORIGTITLE>
This picture frame , measures 8" X 10" it is in great shape , it has a lot of detail in the sides , back and front of the frame. Please check out my other listings. Thanks for looking.
</DOC>
<DOC>
<DOCID>1700243</DOCID>
<CATEGORY>Collectibles > Decorative Collectibles > Planters</CATEGORY>
<ORIGTITLE>Vintage Japan? Gold Painted Ceramic Planters - Mother Goose w/Hat & Puppy Dog</ORIGTITLE>
<font rwr='1' size='4' style='font-family:Arial'><font size="4" style="font-family:Arial" rwr="1"><font size="4" style="font-family:Arial" rwr="1"><font size="4" style="font-family:Arial" rwr="1"><font size="4" style="font-family:Arial" rwr="1"><font size="4" style="font-family:Arial" rwr="1"><font size="4" style="font-family:Arial" rwr="1"><font size="4" style="font-family:Arial" rwr="1"><font size="4" style="font-family:Arial" rwr="1"><font color="#002cfd" face="Comic Sans MS" size="2"><font><p><u>Description</u></p><p>
Item: Vintage Gold Painted Planters - Mother Goose &amp; Puppy Dog</p><p>
Condition: Very Good to Excellent Vintage - very clean inside; no issues found except faint, minor paint rubs on the dogs tail &amp; nose &amp; the top of the hat on mother goose - no chips, flea bites, cracks or repairs.&nbsp;</p><p>Approximate Measurements:&nbsp; Mother Goose: 5" long - 3.5" tall - 2.5" wide &nbsp; &nbsp; &nbsp; Puppy Dog<span style="display: inline !important; float: none; background-color: transparent; color: rgb(0, 44, 253); font-family: Comic Sans MS; font-size: 13.33px; font-style: normal; font-variant: normal; font-weight: 400; letter-spacing: normal; orphans: 2; text-align: left; text-decoration: none; text-indent: 0px; text-transform: none; -webkit-text-stroke-width: 0px; white-space: normal; word-spacing: 0px;">: 5" long - 3.5" tall - 2.5" wide</span></p><p>These vintage ceramic planters are from the 1950s/1960s Japan? and feature Mother Goose with a hat and a Dog with flowers on the side &amp; by ear.&nbsp; Both planters are very clean inside and in wonderful condition for their age.</p><p>
Please review the pictures as they are part of the description and contact me with questions prior to bidding - thanks for looking.</p><p><u>Payment Information</u></p><p>Please pay via Paypal within 3 days or contact me for more time.</p><p>
<u>Shipping Information</u></p><p>
Sorry, but at this
time I only ship items within the continental US. &nbsp;Items usually ship within one business day via USPS.</p><p>
<u>Terms of Sale</u></p><p class="MsoNormal" style="background-color: transparent; color: rgb(0, 0, 0); font-family: Arial; font-size: 18.06px; font-style: normal; font-variant: normal; font-weight: 400; letter-spacing: normal; orphans: 2; text-align: left; text-decoration: none; text-indent: 0px; text-transform: none; -webkit-text-stroke-width: 0px; white-space: normal; word-spacing: 0px;"><font color="#002cfd" face="Comic Sans MS" size="2">I work hard to accurately
describe all items but can make a mistake.&nbsp; If there is a significant error in the item listing resulting in the item being misrepresented, I will work with you to resolve any issues and/or handle a return &amp; refund.&nbsp; <span style="background-color: transparent; color: rgb(0, 44, 253); display: inline; float: none; font-size: 13.33px; font-style: normal; font-variant: normal; font-weight: 400; letter-spacing: normal; orphans: 2; text-align: left; text-decoration: none; text-indent: 0px; text-transform: none; -webkit-text-stroke-width: 0px; white-space: normal; word-spacing: 0px;">The item must be in the same condition as when sold.&nbsp; The buyer is responsible for the original &amp; return shipping costs unless there is misrepresentation.</span></font></p><p class="MsoNormal" style="background-color: transparent; color: rgb(0, 0, 0); font-family: Arial; font-size: 18.06px; font-style: normal; font-variant: normal; font-weight: 400; letter-spacing: normal; orphans: 2; text-align: left; text-decoration: none; text-indent: 0px; text-transform: none; -webkit-text-stroke-width: 0px; white-space: normal; word-spacing: 0px;"><font color="#002cfd" face="Comic Sans MS" size="2">For clothing items and shoes/boots, I
cannot be held responsible for fit or how it looks on you. &nbsp;Please check the size and
measurements and ask questions before bidding.&nbsp; Thanks!</font></p><p class="MsoNormal" style="background-color: transparent; color: rgb(0, 0, 0); font-family: Arial; font-size: 18.06px; font-style: normal; font-variant: normal; font-weight: 400; letter-spacing: normal; orphans: 2; text-align: left; text-decoration: none; text-indent: 0px; text-transform: none; -webkit-text-stroke-width: 0px; white-space: normal; word-spacing: 0px;"><font color="#002cfd" face="Comic Sans MS" size="2">I am a retired individual that simply enjoys shopping as a hobby and the hunt of finding high quality merchandise at great prices then passing on the deals. Unfortunately, I can not absorb the cost of free returns, as often the shipping is more than the item costs and I have very low profit margins.&nbsp; If I factored in my time and gas I'd be losing money, but I enjoy the hunt and helping others.&nbsp; It is my way of "Paying It Forward".</font></p></font></font></font></font></font></font></font></font></font></font></font>
</DOC>
<DOC>
<DOCID>1700254</DOCID>
<CATEGORY>Collectibles > Animals > Cats > Trinket Boxes</CATEGORY>
<ORIGTITLE>VINTAGE CEDAR WOOD ORANGE CALICO KITTY CAT JEWELRY TRINKET HINGED BOX</ORIGTITLE>
<font rwr="1" size="4" style="font-family:Arial"><font rwr="1" size="4" style="font-family:Arial"><p>UP FOR SALE TODAY IS A BEAUTIFUL VINTAGE CEDAR WOOD ORANGE CALICO KITTY CAT JEWELRY TRINKET BOX. IT MEASURES 7x5 inches.  JUST A BIT UNDER 3 inches TALL  IT WAS MADE IN NEW HAMPSHIRE BY CLARKS TRADING POST. IF YOU HAVE ANY QUESTIONS PLEASE EMAIL ME.</p></font></font>
</DOC>
<DOC>
<DOCID>1700246</DOCID>
<CATEGORY>Collectibles > Advertising > Soda > Royal Crown/Nehi/Diet Rite</CATEGORY>
<ORIGTITLE>Vintage Royal Crown Cola Bottle Cap Opener Old Metal Soda Advertising RC</ORIGTITLE>
<font rwr="1" size="4" style="font-family:Arial"><meta name="viewport" content="width=device-width, initial-scale=1.0"><div><font face="Arial"><span style="font-size: 18.6667px;">Nice old Royal Crown Cola Bottle Cap Opener in very good vintage condition.&nbsp; This vintage opener is made of metal and advertises Royal Crown Cola "go fresher......go RC" embossed on both sides of the handle. It measures approximately 3 1/4" long.&nbsp; A great reminder of the days of bottled soda with metal cap lids that required a tool such as this to open!&nbsp; A useful opener to use or to display in your Soda Advertising Collection!</span></font></div><font face="Arial"><span style="font-size: 18.6667px;"><div><p class="MsoNormal"><span style="font-size: 14pt; line-height: 115%; font-family: Arial, sans-serif;">Please view all photos as they are considered
part of our description. &nbsp;We try to photograph our items, so that you can
see as much detail as possible before making your decision to purchase.&nbsp;
We strive to clearly and honestly describe each item that we offer for
sale.&nbsp; If you have any questions, please feel free to contact us.&nbsp; We
check messages regularly, so we will get back to you as soon as possible,
usually within 24 hours.&nbsp;</span><span style="font-size: 14pt; font-family: Arial, sans-serif;">We combine shipping costs to save you money where possible.&nbsp;
If you purchase more than 1 item, please wait for us to email you an invoice
with shipping discount.&nbsp;</span><span style="font-size: 14pt; font-family: Arial, sans-serif;">All our items will be shipped
and packaged carefully. </span><span style="font-size: 14pt; font-family: Arial, sans-serif;">Thanks for visiting our store!</span></p>

<p class="MsoNormal" style="margin-bottom:0in;margin-bottom:.0001pt;line-height:
normal"><span style="font-size: 14pt; font-family: Arial, sans-serif;">&nbsp;</span></p></div><div><br></div></span></font></font>
</DOC>
<DOC>
<DOCID>1700249</DOCID>
<CATEGORY>Collectibles > Pinbacks, Bobbles, Lunchboxes > Pinbacks > Other Collectible Pinbacks</CATEGORY>
<ORIGTITLE>Set of 4 Dead Head I'd Pet That Cat I Love Kitties Glow in the Dark Enamel Pins</ORIGTITLE>
<font rwr="1" size="4" style="font-family:Arial"><font rwr="1" size="4" style="font-family:Arial"><font rwr="1"><font rwr="1"><font rwr="1"><font rwr="1"><font rwr="1"><font rwr="1"><font rwr="1"><font rwr="1"><font rwr="1"><font rwr="1"><font rwr="1"><font rwr="1"><font rwr="1"><font rwr="1"><font rwr="1"><font rwr="1"><font rwr="1"><font rwr="1"><font rwr="1"><font rwr="1"><font rwr="1"><font rwr="1"><font rwr="1"><font rwr="1"><font rwr="1"><font rwr="1"><font rwr="1"><font rwr="1"><font rwr="1"><font rwr="1"><font rwr="1"><font rwr="1"><font rwr="1"><font rwr="1"><font rwr="1"><font rwr="1"><font rwr="1"><font rwr="1"><font rwr="1"><font rwr="1"><font rwr="1"><font rwr="1"><font rwr="1"><font rwr="1"><font rwr="1"><font rwr="1"><font rwr="1"><font rwr="1"><font rwr="1"><font rwr="1"><font rwr="1"><font rwr="1"><font rwr="1"><div><font face="Arial"><span style="font-size: 18.6667px;">This is a limited edition set of 4 Grateful Dead inspired pins. You will receive one of each color in the picture. The awesome I'd Pet That Cat pin is 1 1/4 inches tall, is numbered on the back, and has two pin backs. This will make a great addition to your pin collection.</span></font></div><div style="font-family: Arial; font-size: 14pt;"><span style="background-color: rgb(245, 245, 241);"><br></span><span style="font-size: 18.6667px;">The pin you receive will be brand new in the package.</span></div></font></font></font></font></font></font></font></font></font></font></font></font></font></font></font></font></font></font></font></font></font></font></font></font></font></font></font></font></font></font></font></font></font></font></font></font></font></font></font></font></font></font></font></font></font></font></font></font></font></font></font></font></font></font></font>
</DOC>
<DOC>
<DOCID>1700252</DOCID>
<CATEGORY>Collectibles > Rocks, Fossils & Minerals > Crystals & Mineral Specimens > Rare Specimens</CATEGORY>
<ORIGTITLE>NEW!  - CRETACEOUS AMBER ( BURMITE) 14KT. GOLDEN PENDANT</ORIGTITLE>
<meta name='viewport' content='width=device-width'><br><div align="center"></div><br><style> a.imagelink {color:#0000FF;} a:hover.imagelink {color:#0000FF;} a:visited.imagelink {color:#800080;} a.imagelink img.auctionimage { border: 2px solid #0000FF; } a:visited.imagelink img.auctionimage { border: 2px solid #800080; } </style><table width="95%" border="0" align="center" class="acttbl">
<tbody><tr> 
<td> 
<table border="0" width="100%">
<tbody><tr><td valign="top" width="100%">
<table border="0" cellpadding="8" align="center" width="95%" class="acttbl"><tbody><tr><td width="100%" class="acttbl">
<p>&nbsp;</p><h3><em>&nbsp;</em></h3><p>&nbsp;</p><p align="center"><font color="#0000ff"><font color="#ff0000">&nbsp;</font></font></p><div align="center" style="margin: auto 0cm;"><font color="#0000ff"><font color="#ff0000"><font color="#3366ff"><strong><font size="4"><em><span style="font-size: 18pt; color: blue;">WELCOME TO</span></em><em><span style="font-size: 18pt; color: red;"> MY AUCTION</span></em></font></strong></font></font></font></div><div align="center" style="margin: auto 0cm;">&nbsp;</div><div align="center" style="margin: auto 0cm;">&nbsp;</div><div align="center" style="margin: auto 0cm;">&nbsp;</div><div align="center" style="margin: auto 0cm;">&nbsp;</div><div align="center"><h3><font color="#0000ff"><font color="#ff0000"><font size="2"><strong>ALL IMAGES ON PICTURES ARE MAGNIFIED, PLEASE NOTE THE MEASUREMENT OF ITEM&nbsp; IN DESCRIPTION OF MY AUCTION</strong></font></font></font></h3><p><font color="#0000ff"><font color="#ff0000"><font size="4"><em><strong><span style="color: rgb(51, 102, 255);">HERE YOU GET 2 IN 1 - </span></strong></em></font></font></font></p><p><font color="#0000ff"><font color="#ff0000"><font size="4"><em><strong><span style="color: rgb(51, 102, 255);">AMBER WITH ROOT AMBER AND CRUST</span></strong></em></font></font></font><font color="#0000ff"><font color="#ff0000"><font size="4"><em><strong><span style="color: rgb(51, 102, 255);"> ( BURMITE) 14KT. SOLID GOLDE</span><span style="color: rgb(51, 102, 255);">N PENDANT. </span></strong></em></font></font></font></p><p><font color="#0000ff"><font color="#ff0000"><font size="4"><em><strong><span style="color: rgb(51, 102, 255);">VERY INTERESTING AND BEAUTIFUL PIECE. THIS ABMER IS FLUORESCENCE - SHOWS BLUE COLOR UNDER UV AND SUN LIGHT.</span></strong></em></font></font></font></p><p>&nbsp;</p><table cellspacing="1" cellpadding="1" border="1" style="width: 318px; height: 168px;"><tbody><tr><td><span style="color: rgb(192, 192, 192);"><strong>Stone:</strong></span><span style="color: rgb(0, 0, 255);"><br></span></td><td><span style="color: rgb(192, 192, 192);"><strong>AMBER ( BURMITE)</strong><br></span></td></tr><tr><td><strong><span style="color: rgb(192, 192, 192);">TOTAL Weight:</span></strong></td><td><p><span style="color: rgb(192, 192, 192);"><strong>16.04CT. </strong></span></p><p><span style="color: rgb(192, 192, 192);"><strong>(34.47ct. total weight )<br></strong></span></p></td></tr><tr><td><span style="color: rgb(192, 192, 192);"><strong>Size:</strong></span><span style="color: rgb(0, 0, 255);"><br></span></td><td><span style="color: rgb(192, 192, 192);"><strong>43.3 X 29 X 8MM<br></strong></span></td></tr><tr><td><span style="color: rgb(192, 192, 192);"><strong>Origin:</strong></span><span style="color: rgb(0, 0, 255);"><br></span></td><td>&nbsp;</td></tr><tr><td><span style="color: rgb(192, 192, 192);"><strong>Treatment</strong><br></span></td><td><span style="color: rgb(192, 192, 192);"><strong>Non</strong></span></td></tr><tr><td><span style="color: rgb(192, 192, 192);"><strong>Metal&nbsp;&nbsp;&nbsp; info</strong></span></td><td><span style="color: rgb(192, 192, 192);"><strong>14k Solid Gold</strong></span></td></tr></tbody></table></div><div align="center">&nbsp;<strong><strong><font color="#0000ff"><font color="#ff0000"><strong><font color="#0000ff"><font color="#0000ff"><font color="#0000ff"><em><strong><span style="font-size: 13.5pt; color: blue;"><font color="#3366ff"><font color="#ff0000"><font color="#0000ff"><font color="#ff0000"><br></font></font></font></font></span></strong></em></font></font></font></strong></font></font></strong></strong></div><div align="center">&nbsp;<span style="font-size: large;"><strong><span style="color: rgb(255, 0, 0);">THIS ITEM WILL BE SHIPPED ONLY VIA REGISTERED MAIL FOR $21.00. </span></strong></span></div><div align="center">&nbsp;</div><div align="center" style="margin: auto 0cm;"><strong><strong><font color="#0000ff"><font color="#ff0000"><strong><font color="#0000ff"><font color="#0000ff"><font color="#0000ff"><font color="#3366ff"><strong><font size="4">&nbsp;<strong><em><span style="color: blue;">GOOD LUCK AND THANK YOU FOR BIDDING <br></span></em></strong></font></strong></font><font size="4"> </font><br></font></font></font></strong></font></font></strong></strong></div><div align="center" style="margin: auto 0cm;"><strong><strong><font color="#0000ff"><font color="#ff0000"><strong><font color="#0000ff"><font color="#0000ff"><font color="#0000ff">&nbsp;</font></font></font></strong></font></font></strong></strong></div><div align="center"><strong><strong><font color="#0000ff"><font color="#ff0000"><strong><font color="#0000ff"><font color="#0000ff"><font color="#0000ff"><strong><em><span style="color: blue;">SOME &nbsp;PICTURE&nbsp;CAN BE TAKEN AGAINST THE LIGHT TO SHOW TRANSLUCENCY OF CRYSTAL OR ROUGH GEM</span></em></strong></font></font></font></strong></font></font></strong></strong></div><div align="center">&nbsp;</div><p align="center"><strong><strong><font color="#0000ff"><font color="#ff0000"><strong><font color="#0000ff"><font color="#0000ff"><font color="#0000ff"><em>&nbsp; </em></font></font></font></strong></font></font></strong></strong></p><table width="743" cellspacing="1" cellpadding="1" border="1" style="width: 743px; height: 325px;" summary=""><tbody><tr><td><p align="left"><span style="color: red;"><strong><em><font size="4">THE&nbsp; SHIPPING &amp; HANDLING&nbsp;POLICY&nbsp;:</font></em></strong></span></p><div align="left" style="margin: auto 0cm;"><span style="color: black;"><strong><em><font size="4"><font color="#3366ff">THE SHIPPING &amp; HANDLING COST</font> <font color="#ff0000">BY PRIORITY MAIL</font>&nbsp;&nbsp;<font color="#3366ff"> - ON&nbsp;&nbsp; BUYERS OWN RISK FOR</font> <font color="#ff0000">$4.50</font> <font color="#3366ff">( FOR PACKAGE UNDER 100GRAMS).</font></font></em></strong></span></div><div align="left" style="margin: auto 0cm;"><span style="color: black;"><strong><em><font size="4" color="#ff0000">BY&nbsp; PRIORITY - REGISTERED MAIL&nbsp; :</font></em></strong></span></div><div align="left" style="margin: auto 0cm;"><span style="color: black;"><strong><em><font size="4"><font color="#3366ff"><font size="4">WITHIN EUROPE IS</font> <font color="#ff0000">$13.20</font> <font color="#3366ff">FOR PACKAGE UNDER 100GR.</font></font></font></em></strong></span></div><div align="left" style="margin: auto 0cm;"><font size="4"><strong><font size="4"><em><span style="color: black;"><font color="#3366ff">OUTSIDE OF EUROPE IS</font> <font color="#ff0000">$21.00</font> <font color="#3366ff">FOR PACKAGE</font> <font color="#3366ff">UNDER 100GRAMS.</font> </span></em></font></strong></font></div><div align="left" style="margin: auto 0cm;"><font size="4"><strong><font size="4"><em><span style="color: black;"><font color="#ff0000"><br></font></span></em></font></strong></font></div></td></tr><tr><td><div align="left" style="margin: auto 0cm;"><font color="#ffffff"><strong><font size="4" style="background-color: rgb(255, 255, 255);"><strong><em><span style="color: black;"><font color="#3366ff"><br>ALL BUYERS CAN COMBINE ITEMS WITHIN 7 DAYS IN ONE PARCEL.<br>PLEASE, DO NOT SEND PAYMENT UNTIL YOU FINISH BIDDING.</font><p><font color="#3366ff">WE ACCEPT RETURN ITEM ( S) WITHIN 10 DAYS.<br></font></p></span></em></strong></font></strong></font></div></td></tr></tbody></table><p><strong><strong><font color="#ff0000"><strong><font color="#0000ff"><font color="#0000ff"><font color="#0000ff">&nbsp;</font></font></font></strong></font></strong></strong></p><p align="center"><strong><strong><font color="#0000ff"><font color="#ff0000"><strong><font color="#0000ff"><font color="#0000ff"><font color="#0000ff">&nbsp;</font></font></font></strong></font></font></strong></strong></p><p align="center"><strong><strong><font color="#0000ff"><font color="#ff0000"><strong><font color="#0000ff"><font color="#0000ff"><font color="#0000ff">&nbsp;</font></font></font></strong></font></font></strong></strong></p><p align="center"><strong><strong><font color="#0000ff"><font color="#ff0000"><strong><font color="#0000ff"><font color="#0000ff"><font color="#0000ff">&nbsp;</font></font></font></strong></font></font></strong></strong></p><div align="center" style="margin: auto 0cm;"><div align="center"><div align="center" style="margin: auto 0cm;"><div align="center" style="margin: auto 0cm;"><div align="center" style="margin: auto 0cm;"><div align="center">&nbsp;</div><strong><strong><font color="#0000ff"><font color="#ff0000"><strong><font color="#0000ff"><font color="#0000ff"><font color="#0000ff">&nbsp;</font></font></font></strong></font></font></strong></strong></div><div align="center"><strong><strong><font color="#0000ff"><font color="#ff0000"><strong><font color="#0000ff"><font color="#0000ff"><font color="#0000ff">&nbsp;</font></font></font></strong></font></font></strong></strong></div><div align="center"><strong><strong><font color="#0000ff"><font color="#ff0000"><strong><font color="#0000ff"><font color="#0000ff"><font color="#0000ff"><strong>&nbsp;</strong></font></font></font></strong></font></font></strong></strong></div><div align="center" style="margin: auto 0cm;"><strong><strong><font color="#0000ff"><font color="#ff0000"><strong><font color="#0000ff"><font color="#0000ff"><font color="#0000ff">&nbsp;</font></font></font></strong></font></font></strong></strong></div></div></div></div></div><p><strong><strong><font color="#0000ff"><font color="#ff0000"><strong><font color="#0000ff"><font color="#0000ff"><font color="#0000ff">&nbsp;</font></font></font></strong></font></font></strong></strong></p><p><strong><strong><font color="#0000ff"><font color="#ff0000"><strong><font color="#0000ff"><font color="#0000ff"><font color="#0000ff">&nbsp;</font></font></font></strong></font></font></strong></strong></p><p><strong><strong><font color="#0000ff"><font color="#ff0000"><strong><font color="#0000ff"><font color="#0000ff"><font color="#0000ff">&nbsp;</font></font></font></strong></font></font></strong></strong></p><p><strong><strong><font color="#0000ff"><font color="#ff0000"><strong><font color="#0000ff"><font color="#0000ff"><font color="#0000ff">&nbsp;</font></font></font></strong></font></font></strong></strong></p><p><strong><strong><font color="#0000ff"><font color="#ff0000"><strong><font color="#0000ff"><font color="#0000ff"><font color="#0000ff">&nbsp;</font></font></font></strong></font></font></strong></strong></p><p><strong><strong><font color="#0000ff"><font color="#ff0000"><strong><font color="#0000ff"><font color="#0000ff"><font color="#0000ff">&nbsp;</font></font></font></strong></font></font></strong></strong></p><p><strong><strong><font color="#0000ff"><font color="#ff0000"><strong><font color="#0000ff"><font color="#0000ff"><font color="#0000ff">&nbsp;</font></font></font></strong></font></font></strong></strong></p><p><strong><strong><font color="#0000ff"><font color="#ff0000"><strong><font color="#0000ff"><font color="#0000ff"><font color="#0000ff">&nbsp;</font></font></font></strong></font></font></strong></strong></p><p><strong><strong><font color="#0000ff"><font color="#ff0000"><strong><font color="#0000ff"><font color="#0000ff"><font color="#0000ff"><font color="#ff0000"><font size="4" color="#0000ff"><strong><em><font color="#ff0000"><br></font></em></strong></font></font></font></font></font></strong></font></font></strong></strong></p>
</td></tr></tbody></table>
</td></tr>
<tr><td valign="top" align="center"><br><center><center><table cellpadding="2"><tbody><tr><td><table cellpadding="0" cellspacing="0" border="0"><tbody><tr><td align="center"><a class="imagelink" id="aucimagelink" ><img class="auctionimage" src="https://img.auctiva.com/imgdata/0/1/7/8/8/9/webimg/679955822_tp.jpg"><br></a></td></tr></tbody></table></td><td><table cellpadding="0" cellspacing="0" border="0"><tbody><tr><td align="center"><a class="imagelink" id="aucimagelink" ><img class="auctionimage" src="https://img.auctiva.com/imgdata/0/1/7/8/8/9/webimg/679955843_tp.jpg"><br></a></td></tr></tbody></table></td></tr></tbody></table><br><table cellpadding="2"><tbody><tr><td><table cellpadding="0" cellspacing="0" border="0"><tbody><tr><td align="center"><a class="imagelink" id="aucimagelink" ><img class="auctionimage" src="https://img.auctiva.com/imgdata/0/1/7/8/8/9/webimg/679955860_tp.jpg"><br></a></td></tr></tbody></table></td><td><table cellpadding="0" cellspacing="0" border="0"><tbody><tr><td align="center"><a class="imagelink" id="aucimagelink" ><img class="auctionimage" src="https://img.auctiva.com/imgdata/0/1/7/8/8/9/webimg/679955877_tp.jpg"><br></a></td></tr></tbody></table></td></tr></tbody></table><br><table cellpadding="2"><tbody><tr><td><table cellpadding="0" cellspacing="0" border="0"><tbody><tr><td align="center"><a class="imagelink" id="aucimagelink" ><img class="auctionimage" src="https://img.auctiva.com/imgdata/0/1/7/8/8/9/webimg/679955892_tp.jpg"><br></a></td></tr></tbody></table></td><td><table cellpadding="0" cellspacing="0" border="0"><tbody><tr><td align="center"><a class="imagelink" id="aucimagelink" ><img class="auctionimage" src="https://img.auctiva.com/imgdata/0/1/7/8/8/9/webimg/679955907_tp.jpg"><br></a></td></tr></tbody></table></td></tr></tbody></table><br></center></center></td></tr>
<tr><td valign="top" align="center"><br><center></center></td></tr>
</tbody></table>
</td>
</tr>
</tbody></table><table width="100%" border="0" cellpadding="3" cellspacing="3"><tbody><tr><td align="left"><a href="https://pages.ebay.com/seller-center/listing/listing-advanced-sellers/third-party-listing-tools.html#auctiva" target="_blank"><img src="https://ti2.auctiva.com/web/imghost1.gif" border="0"></a></td></tr></tbody></table><br><p><center><img src="https://ti2.auctiva.com/web/auctivablue88x33.gif" border="0"><br><a href="https://pages.ebay.com/seller-center/listing/listing-advanced-sellers/third-party-listing-tools.html#auctiva" target="_blank"><img src="https://ti2.auctiva.com/web/credLnk1.gif" border="0"></a></center><p>


<!-- Begin: AuctivaCounter --><style type="text/css">.aucCounter a { text-decoration:none; }.aucCounter span:hover { text-decoration:underline; }.aucHiddenCounter { display:none; }.aucCounterOrangeText { color:#FB6D05; font-family:Arial; Font-size:13px; Font-weight:bold; }.aucCounterBlueText { color:#0068ac; Font-family:Arial; Font-size:11px; }</style> <div align="center" class="aucCounter"><img src="https://counters.auctiva.com/aucount/151066665835?s=y" title="Start Your 30-Day Free Trial Now"><br><a href="https://pages.ebay.com/seller-center/listing/listing-advanced-sellers/third-party-listing-tools.html#auctiva" target="_blank"><span class="aucCounterOrangeText">Track Page Views With</span><br><span class="aucCounterBlueText">Auctiva's FREE Counter</span></a></div><!-- End: AuctivaCounter --><p><hr><span class="ebay">On Apr-28-17 at 17:00:12 PDT, seller added the following information:</span><p><!--CSG INDICATOR START-->
<!-- AUCTIVA Scrolling Gallery (do not remove or modify the "CSG INDICATOR START/END" tags or contents) --><link id="csgCss" rel="stylesheet" href="https://scrollinggallery.auctiva.com/gallery/css/2(0)/AUCTIVA/17889/0/25/_75"><div id="csgGallery" style="display: none"><input id="csgScrollingCheckbox_75" type="checkbox" checked /><input id="csgSingleRowCheckbox_75" type="checkbox" checked /><div id="csgGalleryPos"><div id="csgGalleryContainer"><div id="csgHeader" class="csgFrame"><div id="csgHeaderLeft" class="csgLeft"><a id="csgHLStoreLink" href="https://www.ebay.nl/usr/senkler" target="_blank"></a><span id="csgHLLogo" class="csgLogo"></span></div><div id="csgHeaderCenter" class="csgCenter"><a id="csgHCStoreLink" href="https://www.ebay.nl/usr/senkler" target="_blank"></a><span id="csgHCLogo" class="csgLogo"></span></div><div id="csgHeaderRight" class="csgRight"><label id="csgHRScrollingLabel" for="csgScrollingCheckbox_75"></label><label id="csgHRSingleRowLabel" for="csgSingleRowCheckbox_75"></label><span id="csgHRLogo" class="csgLogo"></span></div></div><div id="csgOuterNavWrapper"><input id="csgPrev1_75" name="csgRadio" class="csgPrevCheck" type="radio"/><input id="csgPrev2_75" name="csgRadio" class="csgPrevCheck" type="radio"/><input id="csgPrev3_75" name="csgRadio" class="csgPrevCheck" type="radio"/><input id="csgPrev4_75" name="csgRadio" class="csgPrevCheck" type="radio"/><input id="csgPrev5_75" name="csgRadio" class="csgPrevCheck" type="radio"/><input id="csgPrev6_75" name="csgRadio" class="csgPrevCheck" type="radio"/><input id="csgPrev7_75" name="csgRadio" class="csgPrevCheck" type="radio"/><input id="csgPrev8_75" name="csgRadio" class="csgPrevCheck" type="radio"/><input id="csgPrev9_75" name="csgRadio" class="csgPrevCheck" type="radio"/><input id="csgPrev10_75" name="csgRadio" class="csgPrevCheck" type="radio"/><input id="csgPrev11_75" name="csgRadio" class="csgPrevCheck" type="radio"/><input id="csgPrev12_75" name="csgRadio" class="csgPrevCheck" type="radio"/><input id="csgPrev13_75" name="csgRadio" class="csgPrevCheck" type="radio"/><input id="csgPrev14_75" name="csgRadio" class="csgPrevCheck" type="radio"/><input id="csgPrev15_75" name="csgRadio" class="csgPrevCheck" type="radio"/><input id="csgPrev16_75" name="csgRadio" class="csgPrevCheck" type="radio"/><input id="csgPrev17_75" name="csgRadio" class="csgPrevCheck" type="radio"/><input id="csgPrev18_75" name="csgRadio" class="csgPrevCheck" type="radio"/><input id="csgPrev19_75" name="csgRadio" class="csgPrevCheck" type="radio"/><input id="csgPrev20_75" name="csgRadio" class="csgPrevCheck" type="radio"/><input id="csgNext1_75" name="csgRadio" class="csgNextCheck" type="radio"/><input id="csgNext2_75" name="csgRadio" class="csgNextCheck" type="radio"/><input id="csgNext3_75" name="csgRadio" class="csgNextCheck" type="radio"/><input id="csgNext4_75" name="csgRadio" class="csgNextCheck" type="radio"/><input id="csgNext5_75" name="csgRadio" class="csgNextCheck" type="radio"/><input id="csgNext6_75" name="csgRadio" class="csgNextCheck" type="radio"/><input id="csgNext7_75" name="csgRadio" class="csgNextCheck" type="radio"/><input id="csgNext8_75" name="csgRadio" class="csgNextCheck" type="radio"/><input id="csgNext9_75" name="csgRadio" class="csgNextCheck" type="radio"/><input id="csgNext10_75" name="csgRadio" class="csgNextCheck" type="radio"/><input id="csgNext11_75" name="csgRadio" class="csgNextCheck" type="radio"/><input id="csgNext12_75" name="csgRadio" class="csgNextCheck" type="radio"/><input id="csgNext13_75" name="csgRadio" class="csgNextCheck" type="radio"/><input id="csgNext14_75" name="csgRadio" class="csgNextCheck" type="radio"/><input id="csgNext15_75" name="csgRadio" class="csgNextCheck" type="radio"/><input id="csgNext16_75" name="csgRadio" class="csgNextCheck" type="radio"/><input id="csgNext17_75" name="csgRadio" class="csgNextCheck" type="radio"/><input id="csgNext18_75" name="csgRadio" class="csgNextCheck" type="radio"/><input id="csgNext19_75" name="csgRadio" class="csgNextCheck" type="radio"/><input id="csgNext20_75" name="csgRadio" class="csgNextCheck" type="radio"/><div id="csgNavLeft" class="csgNavLabels"><div id="csgNavLeftWrapper" class="csgNavWrapper"><label id="csgPrevLabel1" class="csgNavLabel" for="csgPrev1_75"></label><label id="csgPrevLabel2" class="csgNavLabel" for="csgPrev2_75"></label><label id="csgPrevLabel3" class="csgNavLabel" for="csgPrev3_75"></label><label id="csgPrevLabel4" class="csgNavLabel" for="csgPrev4_75"></label><label id="csgPrevLabel5" class="csgNavLabel" for="csgPrev5_75"></label><label id="csgPrevLabel6" class="csgNavLabel" for="csgPrev6_75"></label><label id="csgPrevLabel7" class="csgNavLabel" for="csgPrev7_75"></label><label id="csgPrevLabel8" class="csgNavLabel" for="csgPrev8_75"></label><label id="csgPrevLabel9" class="csgNavLabel" for="csgPrev9_75"></label><label id="csgPrevLabel10" class="csgNavLabel" for="csgPrev10_75"></label><label id="csgPrevLabel11" class="csgNavLabel" for="csgPrev11_75"></label><label id="csgPrevLabel12" class="csgNavLabel" for="csgPrev12_75"></label><label id="csgPrevLabel13" class="csgNavLabel" for="csgPrev13_75"></label><label id="csgPrevLabel14" class="csgNavLabel" for="csgPrev14_75"></label><label id="csgPrevLabel15" class="csgNavLabel" for="csgPrev15_75"></label><label id="csgPrevLabel16" class="csgNavLabel" for="csgPrev16_75"></label><label id="csgPrevLabel17" class="csgNavLabel" for="csgPrev17_75"></label><label id="csgPrevLabel18" class="csgNavLabel" for="csgPrev18_75"></label><label id="csgPrevLabel19" class="csgNavLabel" for="csgPrev19_75"></label><label id="csgPrevLabel20" class="csgNavLabel" for="csgPrev20_75"></label></div></div><div id="csgNavRight" class="csgNavLabels"><div id="csgNavRightWrapper" class="csgNavWrapper"><label id="csgNextLabel1" class="csgNavLabel" for="csgNext1_75"></label><label id="csgNextLabel2" class="csgNavLabel" for="csgNext2_75"></label><label id="csgNextLabel3" class="csgNavLabel" for="csgNext3_75"></label><label id="csgNextLabel4" class="csgNavLabel" for="csgNext4_75"></label><label id="csgNextLabel5" class="csgNavLabel" for="csgNext5_75"></label><label id="csgNextLabel6" class="csgNavLabel" for="csgNext6_75"></label><label id="csgNextLabel7" class="csgNavLabel" for="csgNext7_75"></label><label id="csgNextLabel8" class="csgNavLabel" for="csgNext8_75"></label><label id="csgNextLabel9" class="csgNavLabel" for="csgNext9_75"></label><label id="csgNextLabel10" class="csgNavLabel" for="csgNext10_75"></label><label id="csgNextLabel11" class="csgNavLabel" for="csgNext11_75"></label><label id="csgNextLabel12" class="csgNavLabel" for="csgNext12_75"></label><label id="csgNextLabel13" class="csgNavLabel" for="csgNext13_75"></label><label id="csgNextLabel14" class="csgNavLabel" for="csgNext14_75"></label><label id="csgNextLabel15" class="csgNavLabel" for="csgNext15_75"></label><label id="csgNextLabel16" class="csgNavLabel" for="csgNext16_75"></label><label id="csgNextLabel17" class="csgNavLabel" for="csgNext17_75"></label><label id="csgNextLabel18" class="csgNavLabel" for="csgNext18_75"></label><label id="csgNextLabel19" class="csgNavLabel" for="csgNext19_75"></label><label id="csgNextLabel20" class="csgNavLabel" for="csgNext20_75"></label></div></div><div id="csgSlidesContainer"><div id="csgSlidesOuter"><a id="csgOverrideLink" href="https://www.ebay.nl/usr/senkler" target="_blank"></a><div id="csgSlides"><div class="csgSlide"><div class="csgListing"><a href="https://www.ebay.nl/sch/senkler/m.html?_ipg=100&_dmd=2&_sop=1" target="_blank"><div class="csgListingImage"></div><div class="csgTitle"></div><div class="csgDetails"><span class="csgPrice"></span><br><span class="csgEndTime"></span></div></a></div></div><div class="csgSlide"><div class="csgListing"><a href="https://www.ebay.nl/sch/senkler/m.html?_ipg=100&_dmd=2&_sop=1" target="_blank"><div class="csgListingImage"></div><div class="csgTitle"></div><div class="csgDetails"><span class="csgPrice"></span><br><span class="csgEndTime"></span></div></a></div></div><div class="csgSlide"><div class="csgListing"><a href="https://www.ebay.nl/sch/senkler/m.html?_ipg=100&_dmd=2&_sop=1" target="_blank"><div class="csgListingImage"></div><div class="csgTitle"></div><div class="csgDetails"><span class="csgPrice"></span><br><span class="csgEndTime"></span></div></a></div></div><div class="csgSlide"><div class="csgListing"><a href="https://www.ebay.nl/sch/senkler/m.html?_ipg=100&_dmd=2&_sop=1" target="_blank"><div class="csgListingImage"></div><div class="csgTitle"></div><div class="csgDetails"><span class="csgPrice"></span><br><span class="csgEndTime"></span></div></a></div></div><div class="csgSlide"><div class="csgListing"><a href="https://www.ebay.nl/sch/senkler/m.html?_ipg=100&_dmd=2&_sop=1" target="_blank"><div class="csgListingImage"></div><div class="csgTitle"></div><div class="csgDetails"><span class="csgPrice"></span><br><span class="csgEndTime"></span></div></a></div></div><div class="csgSlide"><div class="csgListing"><a href="https://www.ebay.nl/sch/senkler/m.html?_ipg=100&_dmd=2&_sop=1" target="_blank"><div class="csgListingImage"></div><div class="csgTitle"></div><div class="csgDetails"><span class="csgPrice"></span><br><span class="csgEndTime"></span></div></a></div></div><div class="csgSlide"><div class="csgListing"><a href="https://www.ebay.nl/sch/senkler/m.html?_ipg=100&_dmd=2&_sop=1" target="_blank"><div class="csgListingImage"></div><div class="csgTitle"></div><div class="csgDetails"><span class="csgPrice"></span><br><span class="csgEndTime"></span></div></a></div></div><div class="csgSlide"><div class="csgListing"><a href="https://www.ebay.nl/sch/senkler/m.html?_ipg=100&_dmd=2&_sop=1" target="_blank"><div class="csgListingImage"></div><div class="csgTitle"></div><div class="csgDetails"><span class="csgPrice"></span><br><span class="csgEndTime"></span></div></a></div></div><div class="csgSlide"><div class="csgListing"><a href="https://www.ebay.nl/sch/senkler/m.html?_ipg=100&_dmd=2&_sop=1" target="_blank"><div class="csgListingImage"></div><div class="csgTitle"></div><div class="csgDetails"><span class="csgPrice"></span><br><span class="csgEndTime"></span></div></a></div></div><div class="csgSlide"><div class="csgListing"><a href="https://www.ebay.nl/sch/senkler/m.html?_ipg=100&_dmd=2&_sop=1" target="_blank"><div class="csgListingImage"></div><div class="csgTitle"></div><div class="csgDetails"><span class="csgPrice"></span><br><span class="csgEndTime"></span></div></a></div></div><div class="csgSlide"><div class="csgListing"><a href="https://www.ebay.nl/sch/senkler/m.html?_ipg=100&_dmd=2&_sop=1" target="_blank"><div class="csgListingImage"></div><div class="csgTitle"></div><div class="csgDetails"><span class="csgPrice"></span><br><span class="csgEndTime"></span></div></a></div></div><div class="csgSlide"><div class="csgListing"><a href="https://www.ebay.nl/sch/senkler/m.html?_ipg=100&_dmd=2&_sop=1" target="_blank"><div class="csgListingImage"></div><div class="csgTitle"></div><div class="csgDetails"><span class="csgPrice"></span><br><span class="csgEndTime"></span></div></a></div></div><div class="csgSlide"><div class="csgListing"><a href="https://www.ebay.nl/sch/senkler/m.html?_ipg=100&_dmd=2&_sop=1" target="_blank"><div class="csgListingImage"></div><div class="csgTitle"></div><div class="csgDetails"><span class="csgPrice"></span><br><span class="csgEndTime"></span></div></a></div></div><div class="csgSlide"><div class="csgListing"><a href="https://www.ebay.nl/sch/senkler/m.html?_ipg=100&_dmd=2&_sop=1" target="_blank"><div class="csgListingImage"></div><div class="csgTitle"></div><div class="csgDetails"><span class="csgPrice"></span><br><span class="csgEndTime"></span></div></a></div></div><div class="csgSlide"><div class="csgListing"><a href="https://www.ebay.nl/sch/senkler/m.html?_ipg=100&_dmd=2&_sop=1" target="_blank"><div class="csgListingImage"></div><div class="csgTitle"></div><div class="csgDetails"><span class="csgPrice"></span><br><span class="csgEndTime"></span></div></a></div></div><div class="csgSlide"><div class="csgListing"><a href="https://www.ebay.nl/sch/senkler/m.html?_ipg=100&_dmd=2&_sop=1" target="_blank"><div class="csgListingImage"></div><div class="csgTitle"></div><div class="csgDetails"><span class="csgPrice"></span><br><span class="csgEndTime"></span></div></a></div></div><div class="csgSlide"><div class="csgListing"><a href="https://www.ebay.nl/sch/senkler/m.html?_ipg=100&_dmd=2&_sop=1" target="_blank"><div class="csgListingImage"></div><div class="csgTitle"></div><div class="csgDetails"><span class="csgPrice"></span><br><span class="csgEndTime"></span></div></a></div></div><div class="csgSlide"><div class="csgListing"><a href="https://www.ebay.nl/sch/senkler/m.html?_ipg=100&_dmd=2&_sop=1" target="_blank"><div class="csgListingImage"></div><div class="csgTitle"></div><div class="csgDetails"><span class="csgPrice"></span><br><span class="csgEndTime"></span></div></a></div></div><div class="csgSlide"><div class="csgListing"><a href="https://www.ebay.nl/sch/senkler/m.html?_ipg=100&_dmd=2&_sop=1" target="_blank"><div class="csgListingImage"></div><div class="csgTitle"></div><div class="csgDetails"><span class="csgPrice"></span><br><span class="csgEndTime"></span></div></a></div></div><div class="csgSlide"><div class="csgListing"><a href="https://www.ebay.nl/sch/senkler/m.html?_ipg=100&_dmd=2&_sop=1" target="_blank"><div class="csgListingImage"></div><div class="csgTitle"></div><div class="csgDetails"><span class="csgPrice"></span><br><span class="csgEndTime"></span></div></a></div></div><div class="csgSlide"><div class="csgListing"><a href="https://www.ebay.nl/sch/senkler/m.html?_ipg=100&_dmd=2&_sop=1" target="_blank"><div class="csgListingImage"></div><div class="csgTitle"></div><div class="csgDetails"><span class="csgPrice"></span><br><span class="csgEndTime"></span></div></a></div></div><div class="csgSlide"><div class="csgListing"><a href="https://www.ebay.nl/sch/senkler/m.html?_ipg=100&_dmd=2&_sop=1" target="_blank"><div class="csgListingImage"></div><div class="csgTitle"></div><div class="csgDetails"><span class="csgPrice"></span><br><span class="csgEndTime"></span></div></a></div></div><div class="csgSlide"><div class="csgListing"><a href="https://www.ebay.nl/sch/senkler/m.html?_ipg=100&_dmd=2&_sop=1" target="_blank"><div class="csgListingImage"></div><div class="csgTitle"></div><div class="csgDetails"><span class="csgPrice"></span><br><span class="csgEndTime"></span></div></a></div></div><div class="csgSlide"><div class="csgListing"><a href="https://www.ebay.nl/sch/senkler/m.html?_ipg=100&_dmd=2&_sop=1" target="_blank"><div class="csgListingImage"></div><div class="csgTitle"></div><div class="csgDetails"><span class="csgPrice"></span><br><span class="csgEndTime"></span></div></a></div></div><div class="csgSlide"><div class="csgListing"><a href="https://www.ebay.nl/sch/senkler/m.html?_ipg=100&_dmd=2&_sop=1" target="_blank"><div class="csgListingImage"></div><div class="csgTitle"></div><div class="csgDetails"><span class="csgPrice"></span><br><span class="csgEndTime"></span></div></a></div></div></div></div></div></div><div id="csgFooter" class="csgFrame"><div id="csgFooterLeft" class="csgLeft"><label id="csgFLScrollingLabel" for="csgScrollingCheckbox_75"></label><label id="csgFLSingleRowLabel" for="csgSingleRowCheckbox_75"></label><span id="csgFLLogo" class="csgLogo"></span></div><div id="csgFooterCenter" class="csgCenter"><label id="csgFCScrollingLabel" for="csgScrollingCheckbox_75"></label><a id="csgFCStoreLink" href="https://www.ebay.nl/usr/senkler" target="_blank"></a><span id="csgFCLogo" class="csgLogo"></span></div><div id="csgFooterRight" class="csgRight"><label id="csgFRScrollingLabel" for="csgScrollingCheckbox_75"></label><label id="csgFRSingleRowLabel" for="csgSingleRowCheckbox_75"></label><span id="csgFRLogo" class="csgLogo"></span></div></div></div><div id="csgPlatformLinkDiv"><span id="csgPlatformLeftImg"></span><a href="https://pages.ebay.com/seller-center/listing/listing-advanced-sellers/third-party-listing-tools.html#auctiva" target="_blank"><span id="csgPlatformText1"></span><br><span id="csgPlatformText2"></span></a><span id="csgPlatformRightImg"></span></div></div></div>
<!--CSG INDICATOR END-->



</DOC>
<DOC>
<DOCID>1700258</DOCID>
<CATEGORY>Collectibles > Barware > Coasters</CATEGORY>
<ORIGTITLE>Vtg Set Of 6 Lacquered Coasters With Storage Box</ORIGTITLE>
<p>Very nice set of coasters in storage box. The backs of the coasters are very soft fabric.</p>
</DOC>
<DOC>
<DOCID>1700257</DOCID>
<CATEGORY>Collectibles > Banks, Registers & Vending > Still, Piggy Banks > Animals > Pigs</CATEGORY>
<ORIGTITLE>Ceramic Yellow Duck Coin Piggy Bank Nursery Collectible</ORIGTITLE>
<font rwr="1" size="4" style="font-family:Arial"><font rwr="1" size="4" style="font-family:Arial"><div>Ceramic yellow duck coin piggy bank with the word "quack." written on one side of the duck. Beautiful yellow with a light shade of orange for the beak. This is a pre-owned item which is in excellent condition, no cracks, chips or scratches but the plastic stopper at the bottom has a little spot of orange on it. Measures approx. 4 1/2"T x 6"L x 4"W. Made in China.</div><div><br></div><div>P5</div></font></font>
</DOC>
<DOC>
<DOCID>1700262</DOCID>
<CATEGORY>Collectibles > Religion & Spirituality > Judaism > Cups & Plates</CATEGORY>
<ORIGTITLE>Vintage Huge  Heavy Dayagi Israel Israeli Judaica Enamel / Metal Plate 16" + 3"</ORIGTITLE>
<font rwr='1' size='4' style='font-family:Arial'><style>img{max-width:100%}</style><meta name="viewport" content="width=device-width, initial-scale=1.0"><ul><li><font face="Arial" size="5">very good condition</font></li><li><font face="Arial" size="5">Heavier and finer plate Marked Dayagi Israel</font></li><li><font face="Arial" size="5">has a 1.5" pedestal</font></li><li><font face="Arial" size="5">&nbsp;have minor wear</font></li><li><font face="Arial" size="5">made of enamel on metal</font></li><li><font face="Arial" size="5">measures 16" round and 16" x 19" including the handles&nbsp;</font></li></ul><p></p><center><a href="https://pages.ebay.com/selling_manager_pro"><img border="0" height="50" width="248" src="https://pics.ebay.com/aw/pics/sellingmanager/sellingmanagerPro/smPro_248x50.gif"></a></center><p></p></font>
</DOC>
<DOC>
<DOCID>1700263</DOCID>
<CATEGORY>Collectibles > Tobacciana > Lighters > Camel</CATEGORY>
<ORIGTITLE>Vintage Camel Flip-Top Cigarette Lighter Trench Oval Needs Fuel & Flint</ORIGTITLE>
<font rwr="1" size="4" style="font-family:Arial"><font rwr="1" size="4" style="font-family:Arial"><font rwr="1" size="4"><font rwr="1" size="4"><p><span style="text-align: center; font-family: Verdana; font-size: 14pt;"><font color="#202020" style="">This listing features a vintage Camel Brand working lighter. It has a pewter finish and the Camel Cigarettes logo on the front. We believe this to be a promotional lighter from the late 1980's or early 1990's. It is in good condition but will need to have fuel and a new flint to run.</font></span></p><p><span style="font-size: 14pt;"><span style="font-size: 12pt; font-family: Arial, sans-serif; color: rgb(68, 68, 68);">&nbsp;ALL SALES ARE FINAL!!</span></span></p><p class="MsoNormal" style="font-family: Arial; font-size: 14pt; margin-bottom: 0.0001pt;"><b><span style="font-size:12.0pt;font-family:&quot;Arial&quot;,&quot;sans-serif&quot;;
mso-fareast-font-family:&quot;Times New Roman&quot;;color:#444444">&nbsp;</span></b><b><span style="font-size:12.0pt;font-family:&quot;Arial&quot;,&quot;sans-serif&quot;;
mso-fareast-font-family:&quot;Times New Roman&quot;;color:#444444">Non Smoking Clean Pet
Free Home</span></b></p><p class="MsoNormal" style="font-family: Arial; font-size: 14pt; margin-bottom: 0.0001pt;"><b><span style="font-size:12.0pt;font-family:&quot;Arial&quot;,&quot;sans-serif&quot;;
mso-fareast-font-family:&quot;Times New Roman&quot;;color:#444444">Thanks for taking the
time to look at my items and happy bidding.</span></b></p><p class="MsoNormal" style="font-family: Arial; font-size: 14pt; margin-bottom: 0.0001pt;"><b><span style="font-size:12.0pt;font-family:&quot;Arial&quot;,&quot;sans-serif&quot;;
mso-fareast-font-family:&quot;Times New Roman&quot;;color:#444444">Please bid with
confidence, I strive to keep my customers happy and to keep my 5 star rating.
I'm not happy if my customers aren't happy. Should an issue arise please let me
know so I can have a chance to make it right. I will be glad to leave feedback
once I have received feedback from my buyer, this tells me the transaction is
complete and my customer is happy with the purchase.<o:p></o:p></span></b></p><p class="MsoNormal" style="font-family: Arial; font-size: 14pt; margin-bottom: 0.0001pt;"><b><span style="font-size:12.0pt;font-family:&quot;Arial&quot;,&quot;sans-serif&quot;;
mso-fareast-font-family:&quot;Times New Roman&quot;;color:#444444">I only ship to the USA
and am always happy to ship to our US Military serving over- seas to APO and
FPO addresses. We do NOT ship to UNCONFIRMED USA addresses. We ship usually
with-in 2 Business days of receiving cleared payment. We do not ship on
Weekends or Holidays. Sorry NO INTERNATIONAL SHIPPING! <o:p></o:p></span></b></p><p class="MsoNormal" style="font-family: Arial; font-size: 14pt; margin-bottom: 0.0001pt;"><b><span style="font-size:12.0pt;font-family:&quot;Arial&quot;,&quot;sans-serif&quot;;
mso-fareast-font-family:&quot;Times New Roman&quot;;color:#444444">We only take PayPal as
payment NO checks sorry! Payments are due within 2 days of auction ending.
After day two a non-paying bidder case is opened with </span></b><b><span style="font-family:&quot;Arial&quot;,&quot;sans-serif&quot;;mso-fareast-font-family:&quot;Times New Roman&quot;;
color:#444444">eBay automatically to recoup my fees. All buy it now requires
immediate</span></b><b><span style="font-size:12.0pt;font-family:&quot;Arial&quot;,&quot;sans-serif&quot;;
mso-fareast-font-family:&quot;Times New Roman&quot;;color:#444444"> payment!<o:p></o:p></span></b></p><p class="MsoNormal" style="font-family: Arial; font-size: 14pt; margin-bottom: 0.0001pt;"><b><span style="font-size:12.0pt;font-family:&quot;Arial&quot;,&quot;sans-serif&quot;;
mso-fareast-font-family:&quot;Times New Roman&quot;;color:#444444">&nbsp;</span></b><span style="font-size: 14pt; line-height: 115%;">RETURNS</span></p><p class="MsoNormal" style="font-family: Arial; font-size: 14pt;"><span style="font-size:14.0pt;line-height:115%">If we make
an exception to accept a return:<o:p></o:p></span></p><p class="MsoNormal" style="font-family: Arial; font-size: 14pt;"><span class="st"><span style="font-size: 12pt; line-height: 115%; font-family: 'Arial Black', sans-serif; background: white;">All returns are subject to a</span></span><span class="apple-converted-space"><span style="font-size: 12pt; line-height: 115%; font-family: 'Arial Black', sans-serif; background: white;">&nbsp;</span></span><span class="st"><span style="font-size:
12.0pt;line-height:115%;font-family:&quot;Arial Black&quot;,&quot;sans-serif&quot;;mso-bidi-font-family:
Arial;color:#F30094;background:white">20% restocking fee</span></span><span style="font-size: 12pt; line-height: 115%; font-family: 'Arial Black', sans-serif; background: white;">.&nbsp; New
items must be in original UNWORN, UNWASHED condition. We MUST be notified
regarding a return within 2 days of receipt through Ebay messaging system. All
return items must be postmarked within 7 days of receipt. <span class="apple-converted-space">&nbsp; </span></span><span class="apple-converted-space"><span style="font-size:12.0pt;line-height:115%;
font-family:&quot;Arial Black&quot;,&quot;sans-serif&quot;;color:red;background:white">Original sh</span></span><span style="font-size:12.0pt;line-height:115%;font-family:&quot;Arial Black&quot;,&quot;sans-serif&quot;;
color:#FF0066;background:white">ipping fees are NON-REFUNDABLE and Buyer pays
return shipping fees.</span><span style="font-size:12.0pt;line-height:115%;
font-family:&quot;Arial Black&quot;,&quot;sans-serif&quot;"><o:p></o:p></span></p><p class="MsoNormal" style="font-family: Arial; font-size: 14pt; margin-bottom: 0.0001pt;"><b><span style="font-size:12.0pt;font-family:&quot;Arial&quot;,&quot;sans-serif&quot;;
mso-fareast-font-family:&quot;Times New Roman&quot;;color:#444444">&nbsp;</span></b><b><span style="font-size:12.0pt;font-family:&quot;Arial&quot;,&quot;sans-serif&quot;;
mso-fareast-font-family:&quot;Times New Roman&quot;;color:#444444">ITEM LOCATION H16</span></b></p><!-- [BEGIN] MyStoreMaps ******** DO NOT CHANGE --><div align="center" style="font-family: Arial; font-size: 14pt;">  <p><br></p></div><!-- [END] MyStoreMaps ******** DO NOT CHANGE --></font></font></font></font>
</DOC>
<DOC>
<DOCID>1700265</DOCID>
<CATEGORY>Collectibles > Science Fiction & Horror > Lost in Space</CATEGORY>
<ORIGTITLE>LOST IN SPACE (ORIG TV SERIES) LIMITED EDITION NEW LINE LITHOGRAPH POSTER 1997</ORIGTITLE>
<font rwr="1" style="font-family:Arial" size="4"><font rwr="1" style="font-family:Arial" size="4"><font rwr="1" style="font-family:Arial" size="4"><font rwr="1" style="font-family:Arial" size="4"><font rwr="1" style="font-family:Arial" size="4"><font rwr="1" style="font-family:Arial" size="4">&nbsp;

<p style="margin: 0in 0in 0pt;"><b style="mso-bidi-font-weight: normal;"><u><span style="font-family: Arial;">LOST IN SPACE (ORIGINAL TV SERIES) LIMITED EDITION NEW LINE
LITHOGRAPH POSTER LIGHTSPEED 1997</span></u></b></p>

<p style="margin: 0in 0in 0pt;"><span style="font-family: Arial;">&nbsp;</span></p>

<p style="margin: 0in 0in 0pt;"><span style="font-family: Arial;">Limited edition commemorative lithograph
poster of original cast created in 1997 by James Cukr / Hasson / Lightspeed fine Art.</span></p><p style="margin: 0in 0in 0pt;"><span style="font-family: Arial;"><br></span></p><p style="margin: 0in 0in 0pt;"><span style="font-family: Arial;">Measurements: 27" wide, 38" high.</span></p>

<p style="margin: 0in 0in 0pt;"><span style="font-family: Arial;">&nbsp;</span></p>

<p style="margin: 0in 0in 0pt;"><span style="font-family: Arial;">This was only taken out of
original shipping tube a few times in the last 19 years. Never hung / mounted.
Absolutely superb condition. Will ship in original hard tube it came in. Please
see certificate images for complete production / limited edition info.</span></p>

<p style="margin: 0in 0in 0pt;"><span style="font-family: Arial;">&nbsp;</span></p>

<p style="margin: 0in 0in 0pt;"><span style="font-family: Arial;">(Pillows shown on corners in
auction photos for photographic purposes only (to keep poster flat and from
accidental creasing) </span></p>

<p style="margin: 0in 0in 0pt;"><span style="font-family: Arial;">&nbsp;</span></p><p style="margin: 0in 0in 0pt;"><span style="font-family: Arial;">OFFERS WELCOME!</span></p>

<p style="margin: 0in 0in 0pt;">&nbsp;</p>

<p style="margin: 0in 0in 0pt;"><b style="mso-bidi-font-weight: normal;"><span style="text-transform: uppercase; font-family: Arial; font-size: 14pt;">I will ship
within the united states ONLY</span></b><span style="font-family: Arial;">! </span></p>

<p style="margin: 0in 0in 0pt;"><span style="color: black; font-family: Arial;">(Within 3 days
AFTER RECEIVING CLEARED PAYMENT.) </span></p>

<p style="margin: 0in 0in 0pt;">&nbsp;</p>

<p style="margin: 0in 0in 0pt;"><b style="mso-bidi-font-weight: normal;"><i style="mso-bidi-font-style: normal;"><u><span style="color: red; font-family: Arial; font-size: 22pt;">Please
submit your payment immediately after winning the auction. Thank you.</span></u></i></b></p></font></font></font></font></font></font>
</DOC>
<DOC>
<DOCID>1700266</DOCID>
<CATEGORY>Collectibles > Militaria > Other Militaria</CATEGORY>
<ORIGTITLE>M-14 Moose Murphy Canada Kit Airplane Desktop Wood Model Big New</ORIGTITLE>
<font rwr='1' size='4' style='font-family:Arial'><table align="center" border="0" cellpadding="0" cellspacing="0" width="98%">
<tbody>
<tr valign="top">
<td><font face="Arial, Helvetica, sans-serif" size="2">
</font><div id="EBdescription">
<center><br></center><!-- ST_SEAL_HTML_END -->
<table cellpadding="0" cellspacing="28" width="100%">
<tbody>
<tr>
<td valign="top">
<p><font face="Comic Sans MS" size="4">Note: This Model Airplane is an <font color="red"><u>extra stock from our bulk orders</u></font> and <u><font color="blue">production is still on-going</font></u>. Please <u>BID/BUY only If you can wait&nbsp;30 Days production period plus 3-4 weeks shipping time from our factory in Southeast Asia</u>. However, If we have an&nbsp;EXTRA stock&nbsp;available in our warehouse, then we&nbsp;will ship immediately.</font></p>
<p><font size="4">This awesome and exquisitely crafted<strong><font color="#0000ff">&nbsp;</font></strong></font><font size="4"><strong><font color="#0000ff">M-14 Moose Murphy Canada Kit (Big) Wood Model Airplane</font></strong>&nbsp;is finely hand-carved from kiln-dried Philippine Mahogany and <font color="#ff0000">skillfully hand-painted</font> in detail by gifted artisans of eModelAirplanes.</font></p><font size="4">
</font><p><font size="4"><font size="4">Length: 10.3</font></font><font size="4"><font size="4">&nbsp;</font></font><span style="font-size: large;">inches &nbsp; &nbsp; &nbsp; &nbsp; Wingspan: 1</span><font size="4"><font size="4">6</font></font><span style="font-size: large;">&nbsp;inches</span></p><p><font size="4"><font size="4">Model </font><font size="4">weighing 1.76 pounds(0.80 kgs), and a package weight of about 5.50 pounds (2.50 kgs). </font>
</font></p><p><font size="4">Comes with a Detachable Wooden Stand.&nbsp;
</font></p><p><font size="4"><font size="4"><strong>BRAND NEW!</strong>&nbsp; FRESH from the factory and our craftsmen, NOT Mass-Produced, Individually Handcrafted &amp; Handpainted (no decals), Well-Packed in strong Carton Box with Polyurethane blue Foam and Plastic Protectors,&nbsp;and No Reserve!&nbsp;</font></font></p><font size="4">
<hr>
</font>
<center><b><big><font color="red"></font></big></b>&nbsp;</center>
<center><b><big><font color="red" size="4">Store Retail Price: $375.00 </font></big></b></center>
<center><b><big><font color="#ff0000"></font></big></b>&nbsp;</center>
<center><font size="4"><font color="green"><a href="https://stores.ebay.com/eModelAirplanes-Store-and-Factory" target="_blank"><img class="imageAlign" alt="From collectibles to electronics, buy and sell all kinds of items on eBay Stores" src="https://pics.ebaystatic.com/aw/pics/storefronts/hub/subcat/storesLogo_176x55.gif" border="0"></a></font></font></center><font size="4"><font color="green"></font></font>
<center><font color="#0000ff" size="4"><a href="https://stores.ebay.com/eModelAirplanes-Store-and-Factory" target="_blank"><strong>Visit our Ebay Store for more choices of Model Planes!</strong></a></font></center>
<center><font size="4"><strong><font face="Arial"></font></strong></font>&nbsp;</center>
<center><font face="Arial"><font size="3"><font color="#0000ff" face="Arial"><strong><a href="https://cgi1.ebay.com/aw-cgi/eBayISAPI.dll?AcceptSavedSeller&amp;sellerid=emodelairplane&amp;sspageName=DB:FavList" target="_blank">Be sure to add me to your favorites list!</a></strong></font></font></font></center><font color="#0000ff" size="4">
<hr>
</font>
<p></p><font size="4"><font face="Century Gothic"><font size="3"><font size="3"><font size="4">
</font></font></font></font></font><p align="left"><font size="4"><font face="Century Gothic"><font size="3"><font size="3"><font size="4"><font size="3"><font face="Arial">
<table id="PromoListView" border="0" cellpadding="0" cellspacing="0" width="100%">
<tbody>
<tr bgcolor="#ffff00" height="25">
<td width="8"><font color="#0000ff"><img src="https://pics.ebaystatic.com/aw/pics/s.gif" height="1" width="8"></font></td>
<td align="left" width="98%">
<p align="center"><font color="#ff0000" face="Verdana" size="4"><strong>Custom-made Requests</strong></font></p></td>
<td width="8"><img src="https://pics.ebaystatic.com/aw/pics/s.gif" height="1" width="8"></td></tr>
<tr bgcolor="#ffffff" height="1">
<td colspan="3" height="1"><img src="https://pics.ebaystatic.com/aw/pics/s.gif" height="1" width="1"></td></tr>
<tr bgcolor="#0000ff" height="8">
<td colspan="3" height="8"><img src="https://pics.ebaystatic.com/aw/pics/s.gif" height="8" width="1"></td></tr></tbody></table></font></font></font></font></font></font></font></p>
<p align="left"><font size="4"><font face="Century Gothic"><font size="3"><font size="3"><font size="4"><font size="3"><font face="Arial">Our factory makes all kinds of wooden models with different sizes, scales, designs and paint schemes. We can <strong>Customize your Specifications, Markings and Painting details for free if bought directly from our Ebay Store listings&nbsp;(and not through Ebay Auction Format or Fixed Price listing Format)</strong>. Our experts can make <u>ANY &amp; ALL kinds</u> of Airplanes, Ships, Blimps, Submarines, Seals, Plaques, Spacecraft, Rockets, Missiles, Bombs, Science Fiction, Sci-Fi and futuristic/fictional&nbsp;models in your color and detail specs. </font></font></font></font></font></font></font></p>
<p align="left"><font size="4"><font face="Century Gothic"><font size="3"><font size="3"><font size="4"><strong><font size="3"><font face="Arial"><font color="blue">We specialize in </font></font></font><font color="blue" face="Arial" size="3">CUSTOM-MADE </font></strong><font color="blue" face="Arial" size="3"><strong>models! <em><font color="#000000">If you can't find your desired&nbsp;model in our Ebay store listings, email or call us so that we can list it up for you</font></em></strong><font color="#000000">. We stock more than 1,200 models and because of our fast-moving inventory, stock availability varies day-to-day but since we make them ourselves, we guaranty availability within 4-6 weeks. jlc 05-24-13</font></font></font></font></font></font></font></p>
<p align="center"><font size="4"><font face="Century Gothic"><font size="3"><font size="3"><font size="4"><font color="blue" face="Arial" size="3"><strong><a href="https://stores.ebay.com/eModelAirplanes-Store-and-Factory" target="_blank"><img class="imageAlign" alt="From collectibles to electronics, buy and sell all kinds of items on eBay Stores" src="https://pics.ebaystatic.com/aw/pics/storefronts/hub/subcat/storesLogo_176x55.gif" border="0"></a></strong></font></font></font></font></font></font></p>
<p align="center"><font size="4"><font face="Century Gothic"><font size="3"><font size="3"><font size="4"><font face="Arial" size="3"><font color="#000000">We are a proud member of PALMS (Philippine Association of Licensed Modelers &amp; Sellers)</font></font></font></font></font></font></font></p>
<p align="center">
</p><hr>
<p></p>
<p></p>
<p><font size="4"><font face="Century Gothic"><font size="3"><font size="3"><font size="4"></font></font></font></font></font><font size="4">
</font></p><hr><font size="4">
<p></p>
<p></p>
<p></p>
<p></p>
<p></p>
<p></p>
<p></p>
<p></p>
<p></p>
<p></p>
<p></p>
<p></p>
<p></p>
<p></p>
<p></p></font>
<p></p><p></p>
<p><font size="4"></font></p><!-- PayPal Logo -->
<table align="center" border="0" cellpadding="10" cellspacing="0">
<tbody>
<tr>
<td align="center"><font face="verdana,arial,helvetica" size="4"><b>After purchasing, pay instantly with your credit card through PayPal!</b></font></td></tr>
<tr>
<td align="center">

<br></td></tr>
<tr>
<td align="center"><br></td></tr></tbody></table></td></tr>
<tr>
<td align="center"><br></td></tr></tbody></table></div><font face="Arial, Helvetica, sans-serif" size="2"></font></td></tr>
<tr>
<td align="center"><br></td></tr></tbody></table>
<div></div>
<div></div>
<div></div>
<div></div>
<div></div>
<div></div>
<div></div>
<div></div><noscript>&amp;amp;amp;amp;amp;amp;amp;amp;amp;amp;amp;amp;amp;amp;amp;amp;amp;amp;amp;amp;amp;amp;amp;amp;amp;amp;amp;amp;amp;amp;amp;amp;amp;amp;amp;amp;amp;amp;amp;amp;amp;amp;amp;amp;amp;amp;amp;amp;amp;amp;amp;amp;amp;amp;amp;amp;amp;amp;amp;amp;amp;amp;amp;amp;amp;amp;amp;amp;amp;amp;amp;amp;amp;amp;amp;amp;amp;amp;amp;amp;amp;amp;amp;amp;amp;amp;amp;amp;amp;amp;amp;amp;amp;amp;amp;amp;amp;amp;amp;amp;amp;amp;amp;amp;amp;amp;amp;amp;amp;amp;amp;amp;amp;amp;amp;amp;amp;amp;amp;amp;amp;amp;amp;amp;amp;amp;amp;amp;amp;amp;amp;amp;amp;amp;amp;amp;amp;amp;amp;amp;amp;amp;amp;amp;amp;amp;amp;amp;amp;amp;amp;amp;amp;amp;amp;amp;amp;amp;amp;amp;amp;amp;amp;amp;amp;amp;amp;amp;amp;amp;amp;amp;amp;amp;amp;amp;amp;amp;amp;amp;amp;amp;amp;amp;amp;amp;amp;amp;amp;amp;amp;amp;amp;amp;amp;amp;amp;amp;amp;amp;amp;amp;lt;FONT size=4&amp;amp;amp;amp;amp;amp;amp;amp;amp;amp;amp;amp;amp;amp;amp;amp;amp;amp;amp;amp;amp;amp;amp;amp;amp;amp;amp;amp;amp;amp;amp;amp;amp;amp;amp;amp;amp;amp;amp;amp;amp;amp;amp;amp;amp;amp;amp;amp;amp;amp;amp;amp;amp;amp;amp;amp;amp;amp;amp;amp;amp;amp;amp;amp;amp;amp;amp;amp;amp;amp;amp;amp;amp;amp;amp;amp;amp;amp;amp;amp;amp;amp;amp;amp;amp;amp;amp;amp;amp;amp;amp;amp;amp;amp;amp;amp;amp;amp;amp;amp;amp;amp;amp;amp;amp;amp;amp;amp;amp;amp;amp;amp;amp;amp;amp;amp;amp;amp;amp;amp;amp;amp;amp;amp;amp;amp;amp;amp;amp;amp;amp;amp;amp;amp;amp;amp;amp;amp;amp;amp;amp;amp;amp;amp;amp;amp;amp;amp;amp;amp;amp;amp;amp;amp;amp;amp;amp;amp;amp;amp;amp;amp;amp;amp;amp;amp;amp;amp;amp;amp;amp;amp;amp;amp;amp;amp;amp;amp;amp;amp;amp;amp;amp;amp;amp;amp;amp;amp;amp;amp;amp;amp;amp;amp;amp;amp;amp;amp;amp;amp;amp;amp;gt;&amp;amp;amp;amp;amp;amp;amp;amp;amp;amp;amp;amp;amp;amp;amp;amp;amp;amp;amp;amp;amp;amp;amp;amp;amp;amp;amp;amp;amp;amp;amp;amp;amp;amp;amp;amp;amp;amp;amp;amp;amp;amp;amp;amp;amp;amp;amp;amp;amp;amp;amp;amp;amp;amp;amp;amp;amp;amp;amp;amp;amp;amp;amp;amp;amp;amp;amp;amp;amp;amp;amp;amp;amp;amp;amp;amp;amp;amp;amp;amp;amp;amp;amp;amp;amp;amp;amp;amp;amp;amp;amp;amp;amp;amp;amp;amp;amp;amp;amp;amp;amp;amp;amp;amp;amp;amp;amp;amp;amp;amp;amp;amp;amp;amp;amp;amp;amp;amp;amp;amp;amp;amp;amp;amp;amp;amp;amp;amp;amp;amp;amp;amp;amp;amp;amp;amp;amp;amp;amp;amp;amp;amp;amp;amp;amp;amp;amp;amp;amp;amp;amp;amp;amp;amp;amp;amp;amp;amp;amp;amp;amp;amp;amp;amp;amp;amp;amp;amp;amp;amp;amp;amp;amp;amp;amp;amp;amp;amp;amp;amp;amp;amp;amp;amp;amp;amp;amp;amp;amp;amp;amp;amp;amp;amp;amp;amp;amp;amp;amp;amp;amp;amp;lt;IMG title="Pay me securely with any major credit card through PayPal!" height=33 alt="Pay me securely with any major credit card through PayPal!" src="https://images.paypal.com/images/lgo/logo3v.gif" width=88 border=0&amp;amp;amp;amp;amp;amp;amp;amp;amp;amp;amp;amp;amp;amp;amp;amp;amp;amp;amp;amp;amp;amp;amp;amp;amp;amp;amp;amp;amp;amp;amp;amp;amp;amp;amp;amp;amp;amp;amp;amp;amp;amp;amp;amp;amp;amp;amp;amp;amp;amp;amp;amp;amp;amp;amp;amp;amp;amp;amp;amp;amp;amp;amp;amp;amp;amp;amp;amp;amp;amp;amp;amp;amp;amp;amp;amp;amp;amp;amp;amp;amp;amp;amp;amp;amp;amp;amp;amp;amp;amp;amp;amp;amp;amp;amp;amp;amp;amp;amp;amp;amp;amp;amp;amp;amp;amp;amp;amp;amp;amp;amp;amp;amp;amp;amp;amp;amp;amp;amp;amp;amp;amp;amp;amp;amp;amp;amp;amp;amp;amp;amp;amp;amp;amp;amp;amp;amp;amp;amp;amp;amp;amp;amp;amp;amp;amp;amp;amp;amp;amp;amp;amp;amp;amp;amp;amp;amp;amp;amp;amp;amp;amp;amp;amp;amp;amp;amp;amp;amp;amp;amp;amp;amp;amp;amp;amp;amp;amp;amp;amp;amp;amp;amp;amp;amp;amp;amp;amp;amp;amp;amp;amp;amp;amp;amp;amp;amp;amp;amp;amp;amp;amp;gt;&amp;amp;amp;amp;amp;amp;amp;amp;amp;amp;amp;amp;amp;amp;amp;amp;amp;amp;amp;amp;amp;amp;amp;amp;amp;amp;amp;amp;amp;amp;amp;amp;amp;amp;amp;amp;amp;amp;amp;amp;amp;amp;amp;amp;amp;amp;amp;amp;amp;amp;amp;amp;amp;amp;amp;amp;amp;amp;amp;amp;amp;amp;amp;amp;amp;amp;amp;amp;amp;amp;amp;amp;amp;amp;amp;amp;amp;amp;amp;amp;amp;amp;amp;amp;amp;amp;amp;amp;amp;amp;amp;amp;amp;amp;amp;amp;amp;amp;amp;amp;amp;amp;amp;amp;amp;amp;amp;amp;amp;amp;amp;amp;amp;amp;amp;amp;amp;amp;amp;amp;amp;amp;amp;amp;amp;amp;amp;amp;amp;amp;amp;amp;amp;amp;amp;amp;amp;amp;amp;amp;amp;amp;amp;amp;amp;amp;amp;amp;amp;amp;amp;amp;amp;amp;amp;amp;amp;amp;amp;amp;amp;amp;amp;amp;amp;amp;amp;amp;amp;amp;amp;amp;amp;amp;amp;amp;amp;amp;amp;amp;amp;amp;amp;amp;amp;amp;amp;amp;amp;amp;amp;amp;amp;amp;amp;amp;amp;amp;amp;amp;amp;amp;lt;/FONT&amp;amp;amp;amp;amp;amp;amp;amp;amp;amp;amp;amp;amp;amp;amp;amp;amp;amp;amp;amp;amp;amp;amp;amp;amp;amp;amp;amp;amp;amp;amp;amp;amp;amp;amp;amp;amp;amp;amp;amp;amp;amp;amp;amp;amp;amp;amp;amp;amp;amp;amp;amp;amp;amp;amp;amp;amp;amp;amp;amp;amp;amp;amp;amp;amp;amp;amp;amp;amp;amp;amp;amp;amp;amp;amp;amp;amp;amp;amp;amp;amp;amp;amp;amp;amp;amp;amp;amp;amp;amp;amp;amp;amp;amp;amp;amp;amp;amp;amp;amp;amp;amp;amp;amp;amp;amp;amp;amp;amp;amp;amp;amp;amp;amp;amp;amp;amp;amp;amp;amp;amp;amp;amp;amp;amp;amp;amp;amp;amp;amp;amp;amp;amp;amp;amp;amp;amp;amp;amp;amp;amp;amp;amp;amp;amp;amp;amp;amp;amp;amp;amp;amp;amp;amp;amp;amp;amp;amp;amp;amp;amp;amp;amp;amp;amp;amp;amp;amp;amp;amp;amp;amp;amp;amp;amp;amp;amp;amp;amp;amp;amp;amp;amp;amp;amp;amp;amp;amp;amp;amp;amp;amp;amp;amp;amp;amp;amp;amp;amp;amp;amp;amp;gt;&amp;amp;amp;amp;amp;amp;amp;amp;amp;amp;amp;amp;amp;amp;amp;amp;amp;amp;amp;amp;amp;amp;amp;amp;amp;amp;amp;amp;amp;amp;amp;amp;amp;amp;amp;amp;amp;amp;amp;amp;amp;amp;amp;amp;amp;amp;amp;amp;amp;amp;amp;amp;amp;amp;amp;amp;amp;amp;amp;amp;amp;amp;amp;amp;amp;amp;amp;amp;amp;amp;amp;amp;amp;amp;amp;amp;amp;amp;amp;amp;amp;amp;amp;amp;amp;amp;amp;amp;amp;amp;amp;amp;amp;amp;amp;amp;amp;amp;amp;amp;amp;amp;amp;amp;amp;amp;amp;amp;amp;amp;amp;amp;amp;amp;amp;amp;amp;amp;amp;amp;amp;amp;amp;amp;amp;amp;amp;amp;amp;amp;amp;amp;amp;amp;amp;amp;amp;amp;amp;amp;amp;amp;amp;amp;amp;amp;amp;amp;amp;amp;amp;amp;amp;amp;amp;amp;amp;amp;amp;amp;amp;amp;amp;amp;amp;amp;amp;amp;amp;amp;amp;amp;amp;amp;amp;amp;amp;amp;amp;amp;amp;amp;amp;amp;amp;amp;amp;amp;amp;amp;amp;amp;amp;amp;amp;amp;amp;amp;amp;amp;amp;amp;lt;/A&amp;amp;amp;amp;amp;amp;amp;amp;amp;amp;amp;amp;amp;amp;amp;amp;amp;amp;amp;amp;amp;amp;amp;amp;amp;amp;amp;amp;amp;amp;amp;amp;amp;amp;amp;amp;amp;amp;amp;amp;amp;amp;amp;amp;amp;amp;amp;amp;amp;amp;amp;amp;amp;amp;amp;amp;amp;amp;amp;amp;amp;amp;amp;amp;amp;amp;amp;amp;amp;amp;amp;amp;amp;amp;amp;amp;amp;amp;amp;amp;amp;amp;amp;amp;amp;amp;amp;amp;amp;amp;amp;amp;amp;amp;amp;amp;amp;amp;amp;amp;amp;amp;amp;amp;amp;amp;amp;amp;amp;amp;amp;amp;amp;amp;amp;amp;amp;amp;amp;amp;amp;amp;amp;amp;amp;amp;amp;amp;amp;amp;amp;amp;amp;amp;amp;amp;amp;amp;amp;amp;amp;amp;amp;amp;amp;amp;amp;amp;amp;amp;amp;amp;amp;amp;amp;amp;amp;amp;amp;amp;amp;amp;amp;amp;amp;amp;amp;amp;amp;amp;amp;amp;amp;amp;amp;amp;amp;amp;amp;amp;amp;amp;amp;amp;amp;amp;amp;amp;amp;amp;amp;amp;amp;amp;amp;amp;amp;amp;amp;amp;amp;amp;gt;&amp;amp;amp;amp;amp;amp;amp;amp;amp;amp;amp;amp;amp;amp;amp;amp;amp;amp;amp;amp;amp;amp;amp;amp;amp;amp;amp;amp;amp;amp;amp;amp;amp;amp;amp;amp;amp;amp;amp;amp;amp;amp;amp;amp;amp;amp;amp;amp;amp;amp;amp;amp;amp;amp;amp;amp;amp;amp;amp;amp;amp;amp;amp;amp;amp;amp;amp;amp;amp;amp;amp;amp;amp;amp;amp;amp;amp;amp;amp;amp;amp;amp;amp;amp;amp;amp;amp;amp;amp;amp;amp;amp;amp;amp;amp;amp;amp;amp;amp;amp;amp;amp;amp;amp;amp;amp;amp;amp;amp;amp;amp;amp;amp;amp;amp;amp;amp;amp;amp;amp;amp;amp;amp;amp;amp;amp;amp;amp;amp;amp;amp;amp;amp;amp;amp;amp;amp;amp;amp;amp;amp;amp;amp;amp;amp;amp;amp;amp;amp;amp;amp;amp;amp;amp;amp;amp;amp;amp;amp;amp;amp;amp;amp;amp;amp;amp;amp;amp;amp;amp;amp;amp;amp;amp;amp;amp;amp;amp;amp;amp;amp;amp;amp;amp;amp;amp;amp;amp;amp;amp;amp;amp;amp;amp;amp;amp;amp;amp;amp;amp;amp;amp;lt;A href="https://www.paypal.com/cgi-bin/webscr"&amp;amp;amp;amp;amp;amp;amp;amp;amp;amp;amp;amp;amp;amp;amp;amp;amp;amp;amp;amp;amp;amp;amp;amp;amp;amp;amp;amp;amp;amp;amp;amp;amp;amp;amp;amp;amp;amp;amp;amp;amp;amp;amp;amp;amp;amp;amp;amp;amp;amp;amp;amp;amp;amp;amp;amp;amp;amp;amp;amp;amp;amp;amp;amp;amp;amp;amp;amp;amp;amp;amp;amp;amp;amp;amp;amp;amp;amp;amp;amp;amp;amp;amp;amp;amp;amp;amp;amp;amp;amp;amp;amp;amp;amp;amp;amp;amp;amp;amp;amp;amp;amp;amp;amp;amp;amp;amp;amp;amp;amp;amp;amp;amp;amp;amp;amp;amp;amp;amp;amp;amp;amp;amp;amp;amp;amp;amp;amp;amp;amp;amp;amp;amp;amp;amp;amp;amp;amp;amp;amp;amp;amp;amp;amp;amp;amp;amp;amp;amp;amp;amp;amp;amp;amp;amp;amp;amp;amp;amp;amp;amp;amp;amp;amp;amp;amp;amp;amp;amp;amp;amp;amp;amp;amp;amp;amp;amp;amp;amp;amp;amp;amp;amp;amp;amp;amp;amp;amp;amp;amp;amp;amp;amp;amp;amp;amp;amp;amp;amp;amp;amp;amp;gt;&amp;amp;amp;amp;amp;amp;amp;amp;amp;amp;amp;amp;amp;amp;amp;amp;amp;amp;amp;amp;amp;amp;amp;amp;amp;amp;amp;amp;amp;amp;amp;amp;amp;amp;amp;amp;amp;amp;amp;amp;amp;amp;amp;amp;amp;amp;amp;amp;amp;amp;amp;amp;amp;amp;amp;amp;amp;amp;amp;amp;amp;amp;amp;amp;amp;amp;amp;amp;amp;amp;amp;amp;amp;amp;amp;amp;amp;amp;amp;amp;amp;amp;amp;amp;amp;amp;amp;amp;amp;amp;amp;amp;amp;amp;amp;amp;amp;amp;amp;amp;amp;amp;amp;amp;amp;amp;amp;amp;amp;amp;amp;amp;amp;amp;amp;amp;amp;amp;amp;amp;amp;amp;amp;amp;amp;amp;amp;amp;amp;amp;amp;amp;amp;amp;amp;amp;amp;amp;amp;amp;amp;amp;amp;amp;amp;amp;amp;amp;amp;amp;amp;amp;amp;amp;amp;amp;amp;amp;amp;amp;amp;amp;amp;amp;amp;amp;amp;amp;amp;amp;amp;amp;amp;amp;amp;amp;amp;amp;amp;amp;amp;amp;amp;amp;amp;amp;amp;amp;amp;amp;amp;amp;amp;amp;amp;amp;amp;amp;amp;amp;amp;amp;lt;IMG height=137 src="https://planemuseum.com/paypal2.jpg" width=120 border=0&amp;amp;amp;amp;amp;amp;amp;amp;amp;amp;amp;amp;amp;amp;amp;amp;amp;amp;amp;amp;amp;amp;amp;amp;amp;amp;amp;amp;amp;amp;amp;amp;amp;amp;amp;amp;amp;amp;amp;amp;amp;amp;amp;amp;amp;amp;amp;amp;amp;amp;amp;amp;amp;amp;amp;amp;amp;amp;amp;amp;amp;amp;amp;amp;amp;amp;amp;amp;amp;amp;amp;amp;amp;amp;amp;amp;amp;amp;amp;amp;amp;amp;amp;amp;amp;amp;amp;amp;amp;amp;amp;amp;amp;amp;amp;amp;amp;amp;amp;amp;amp;amp;amp;amp;amp;amp;amp;amp;amp;amp;amp;amp;amp;amp;amp;amp;amp;amp;amp;amp;amp;amp;amp;amp;amp;amp;amp;amp;amp;amp;amp;amp;amp;amp;amp;amp;amp;amp;amp;amp;amp;amp;amp;amp;amp;amp;amp;amp;amp;amp;amp;amp;amp;amp;amp;amp;amp;amp;amp;amp;amp;amp;amp;amp;amp;amp;amp;amp;amp;amp;amp;amp;amp;amp;amp;amp;amp;amp;amp;amp;amp;amp;amp;amp;amp;amp;amp;amp;amp;amp;amp;amp;amp;amp;amp;amp;amp;amp;amp;amp;amp;amp;gt;&amp;amp;amp;amp;amp;amp;amp;amp;amp;amp;amp;amp;amp;amp;amp;amp;amp;amp;amp;amp;amp;amp;amp;amp;amp;amp;amp;amp;amp;amp;amp;amp;amp;amp;amp;amp;amp;amp;amp;amp;amp;amp;amp;amp;amp;amp;amp;amp;amp;amp;amp;amp;amp;amp;amp;amp;amp;amp;amp;amp;amp;amp;amp;amp;amp;amp;amp;amp;amp;amp;amp;amp;amp;amp;amp;amp;amp;amp;amp;amp;amp;amp;amp;amp;amp;amp;amp;amp;amp;amp;amp;amp;amp;amp;amp;amp;amp;amp;amp;amp;amp;amp;amp;amp;amp;amp;amp;amp;amp;amp;amp;amp;amp;amp;amp;amp;amp;amp;amp;amp;amp;amp;amp;amp;amp;amp;amp;amp;amp;amp;amp;amp;amp;amp;amp;amp;amp;amp;amp;amp;amp;amp;amp;amp;amp;amp;amp;amp;amp;amp;amp;amp;amp;amp;amp;amp;amp;amp;amp;amp;amp;amp;amp;amp;amp;amp;amp;amp;amp;amp;amp;amp;amp;amp;amp;amp;amp;amp;amp;amp;amp;amp;amp;amp;amp;amp;amp;amp;amp;amp;amp;amp;amp;amp;amp;amp;amp;amp;amp;amp;amp;amp;lt;/A&amp;amp;amp;amp;amp;amp;amp;amp;amp;amp;amp;amp;amp;amp;amp;amp;amp;amp;amp;amp;amp;amp;amp;amp;amp;amp;amp;amp;amp;amp;amp;amp;amp;amp;amp;amp;amp;amp;amp;amp;amp;amp;amp;amp;amp;amp;amp;amp;amp;amp;amp;amp;amp;amp;amp;amp;amp;amp;amp;amp;amp;amp;amp;amp;amp;amp;amp;amp;amp;amp;amp;amp;amp;amp;amp;amp;amp;amp;amp;amp;amp;amp;amp;amp;amp;amp;amp;amp;amp;amp;amp;amp;amp;amp;amp;amp;amp;amp;amp;amp;amp;amp;amp;amp;amp;amp;amp;amp;amp;amp;amp;amp;amp;amp;amp;amp;amp;amp;amp;amp;amp;amp;amp;amp;amp;amp;amp;amp;amp;amp;amp;amp;amp;amp;amp;amp;amp;amp;amp;amp;amp;amp;amp;amp;amp;amp;amp;amp;amp;amp;amp;amp;amp;amp;amp;amp;amp;amp;amp;amp;amp;amp;amp;amp;amp;amp;amp;amp;amp;amp;amp;amp;amp;amp;amp;amp;amp;amp;amp;amp;amp;amp;amp;amp;amp;amp;amp;amp;amp;amp;amp;amp;amp;amp;amp;amp;amp;amp;amp;amp;amp;amp;gt;&amp;amp;amp;amp;amp;amp;amp;amp;amp;amp;amp;amp;amp;amp;amp;amp;amp;amp;amp;amp;amp;amp;amp;amp;amp;amp;amp;amp;amp;amp;amp;amp;amp;amp;amp;amp;amp;amp;amp;amp;amp;amp;amp;amp;amp;amp;amp;amp;amp;amp;amp;amp;amp;amp;amp;amp;amp;amp;amp;amp;amp;amp;amp;amp;amp;amp;amp;amp;amp;amp;amp;amp;amp;amp;amp;amp;amp;amp;amp;amp;amp;amp;amp;amp;amp;amp;amp;amp;amp;amp;amp;amp;amp;amp;amp;amp;amp;amp;amp;amp;amp;amp;amp;amp;amp;amp;amp;amp;amp;amp;amp;amp;amp;amp;amp;amp;amp;amp;amp;amp;amp;amp;amp;amp;amp;amp;amp;amp;amp;amp;amp;amp;amp;amp;amp;amp;amp;amp;amp;amp;amp;amp;amp;amp;amp;amp;amp;amp;amp;amp;amp;amp;amp;amp;amp;amp;amp;amp;amp;amp;amp;amp;amp;amp;amp;amp;amp;amp;amp;amp;amp;amp;amp;amp;amp;amp;amp;amp;amp;amp;amp;amp;amp;amp;amp;amp;amp;amp;amp;amp;amp;amp;amp;amp;amp;amp;amp;amp;amp;amp;amp;amp;lt;/TD&amp;amp;amp;amp;amp;amp;amp;amp;amp;amp;amp;amp;amp;amp;amp;amp;amp;amp;amp;amp;amp;amp;amp;amp;amp;amp;amp;amp;amp;amp;amp;amp;amp;amp;amp;amp;amp;amp;amp;amp;amp;amp;amp;amp;amp;amp;amp;amp;amp;amp;amp;amp;amp;amp;amp;amp;amp;amp;amp;amp;amp;amp;amp;amp;amp;amp;amp;amp;amp;amp;amp;amp;amp;amp;amp;amp;amp;amp;amp;amp;amp;amp;amp;amp;amp;amp;amp;amp;amp;amp;amp;amp;amp;amp;amp;amp;amp;amp;amp;amp;amp;amp;amp;amp;amp;amp;amp;amp;amp;amp;amp;amp;amp;amp;amp;amp;amp;amp;amp;amp;amp;amp;amp;amp;amp;amp;amp;amp;amp;amp;amp;amp;amp;amp;amp;amp;amp;amp;amp;amp;amp;amp;amp;amp;amp;amp;amp;amp;amp;amp;amp;amp;amp;amp;amp;amp;amp;amp;amp;amp;amp;amp;amp;amp;amp;amp;amp;amp;amp;amp;amp;amp;amp;amp;amp;amp;amp;amp;amp;amp;amp;amp;amp;amp;amp;amp;amp;amp;amp;amp;amp;amp;amp;amp;amp;amp;amp;amp;amp;amp;amp;amp;gt;&amp;amp;amp;amp;amp;amp;amp;amp;amp;amp;amp;amp;amp;amp;amp;amp;amp;amp;amp;amp;amp;amp;amp;amp;amp;amp;amp;amp;amp;amp;amp;amp;amp;amp;amp;amp;amp;amp;amp;amp;amp;amp;amp;amp;amp;amp;amp;amp;amp;amp;amp;amp;amp;amp;amp;amp;amp;amp;amp;amp;amp;amp;amp;amp;amp;amp;amp;amp;amp;amp;amp;amp;amp;amp;amp;amp;amp;amp;amp;amp;amp;amp;amp;amp;amp;amp;amp;amp;amp;amp;amp;amp;amp;amp;amp;amp;amp;amp;amp;amp;amp;amp;amp;amp;amp;amp;amp;amp;amp;amp;amp;amp;amp;amp;amp;amp;amp;amp;amp;amp;amp;amp;amp;amp;amp;amp;amp;amp;amp;amp;amp;amp;amp;amp;amp;amp;amp;amp;amp;amp;amp;amp;amp;amp;amp;amp;amp;amp;amp;amp;amp;amp;amp;amp;amp;amp;amp;amp;amp;amp;amp;amp;amp;amp;amp;amp;amp;amp;amp;amp;amp;amp;amp;amp;amp;amp;amp;amp;amp;amp;amp;amp;amp;amp;amp;amp;amp;amp;amp;amp;amp;amp;amp;amp;amp;amp;amp;amp;amp;amp;amp;amp;lt;/TR&amp;amp;amp;amp;amp;amp;amp;amp;amp;amp;amp;amp;amp;amp;amp;amp;amp;amp;amp;amp;amp;amp;amp;amp;amp;amp;amp;amp;amp;amp;amp;amp;amp;amp;amp;amp;amp;amp;amp;amp;amp;amp;amp;amp;amp;amp;amp;amp;amp;amp;amp;amp;amp;amp;amp;amp;amp;amp;amp;amp;amp;amp;amp;amp;amp;amp;amp;amp;amp;amp;amp;amp;amp;amp;amp;amp;amp;amp;amp;amp;amp;amp;amp;amp;amp;amp;amp;amp;amp;amp;amp;amp;amp;amp;amp;amp;amp;amp;amp;amp;amp;amp;amp;amp;amp;amp;amp;amp;amp;amp;amp;amp;amp;amp;amp;amp;amp;amp;amp;amp;amp;amp;amp;amp;amp;amp;amp;amp;amp;amp;amp;amp;amp;amp;amp;amp;amp;amp;amp;amp;amp;amp;amp;amp;amp;amp;amp;amp;amp;amp;amp;amp;amp;amp;amp;amp;amp;amp;amp;amp;amp;amp;amp;amp;amp;amp;amp;amp;amp;amp;amp;amp;amp;amp;amp;amp;amp;amp;amp;amp;amp;amp;amp;amp;amp;amp;amp;amp;amp;amp;amp;amp;amp;amp;amp;amp;amp;amp;amp;amp;amp;amp;gt;
&amp;amp;amp;amp;amp;amp;amp;amp;amp;amp;amp;amp;amp;amp;amp;amp;amp;amp;amp;amp;amp;amp;amp;amp;amp;amp;amp;amp;amp;amp;amp;amp;amp;amp;amp;amp;amp;amp;amp;amp;amp;amp;amp;amp;amp;amp;amp;amp;amp;amp;amp;amp;amp;amp;amp;amp;amp;amp;amp;amp;amp;amp;amp;amp;amp;amp;amp;amp;amp;amp;amp;amp;amp;amp;amp;amp;amp;amp;amp;amp;amp;amp;amp;amp;amp;amp;amp;amp;amp;amp;amp;amp;amp;amp;amp;amp;amp;amp;amp;amp;amp;amp;amp;amp;amp;amp;amp;amp;amp;amp;amp;amp;amp;amp;amp;amp;amp;amp;amp;amp;amp;amp;amp;amp;amp;amp;amp;amp;amp;amp;amp;amp;amp;amp;amp;amp;amp;amp;amp;amp;amp;amp;amp;amp;amp;amp;amp;amp;amp;amp;amp;amp;amp;amp;amp;amp;amp;amp;amp;amp;amp;amp;amp;amp;amp;amp;amp;amp;amp;amp;amp;amp;amp;amp;amp;amp;amp;amp;amp;amp;amp;amp;amp;amp;amp;amp;amp;amp;amp;amp;amp;amp;amp;amp;amp;amp;amp;amp;amp;amp;amp;amp;lt;TR&amp;amp;amp;amp;amp;amp;amp;amp;amp;amp;amp;amp;amp;amp;amp;amp;amp;amp;amp;amp;amp;amp;amp;amp;amp;amp;amp;amp;amp;amp;amp;amp;amp;amp;amp;amp;amp;amp;amp;amp;amp;amp;amp;amp;amp;amp;amp;amp;amp;amp;amp;amp;amp;amp;amp;amp;amp;amp;amp;amp;amp;amp;amp;amp;amp;amp;amp;amp;amp;amp;amp;amp;amp;amp;amp;amp;amp;amp;amp;amp;amp;amp;amp;amp;amp;amp;amp;amp;amp;amp;amp;amp;amp;amp;amp;amp;amp;amp;amp;amp;amp;amp;amp;amp;amp;amp;amp;amp;amp;amp;amp;amp;amp;amp;amp;amp;amp;amp;amp;amp;amp;amp;amp;amp;amp;amp;amp;amp;amp;amp;amp;amp;amp;amp;amp;amp;amp;amp;amp;amp;amp;amp;amp;amp;amp;amp;amp;amp;amp;amp;amp;amp;amp;amp;amp;amp;amp;amp;amp;amp;amp;amp;amp;amp;amp;amp;amp;amp;amp;amp;amp;amp;amp;amp;amp;amp;amp;amp;amp;amp;amp;amp;amp;amp;amp;amp;amp;amp;amp;amp;amp;amp;amp;amp;amp;amp;amp;amp;amp;amp;amp;amp;gt;
&amp;amp;amp;amp;amp;amp;amp;amp;amp;amp;amp;amp;amp;amp;amp;amp;amp;amp;amp;amp;amp;amp;amp;amp;amp;amp;amp;amp;amp;amp;amp;amp;amp;amp;amp;amp;amp;amp;amp;amp;amp;amp;amp;amp;amp;amp;amp;amp;amp;amp;amp;amp;amp;amp;amp;amp;amp;amp;amp;amp;amp;amp;amp;amp;amp;amp;amp;amp;amp;amp;amp;amp;amp;amp;amp;amp;amp;amp;amp;amp;amp;amp;amp;amp;amp;amp;amp;amp;amp;amp;amp;amp;amp;amp;amp;amp;amp;amp;amp;amp;amp;amp;amp;amp;amp;amp;amp;amp;amp;amp;amp;amp;amp;amp;amp;amp;amp;amp;amp;amp;amp;amp;amp;amp;amp;amp;amp;amp;amp;amp;amp;amp;amp;amp;amp;amp;amp;amp;amp;amp;amp;amp;amp;amp;amp;amp;amp;amp;amp;amp;amp;amp;amp;amp;amp;amp;amp;amp;amp;amp;amp;amp;amp;amp;amp;amp;amp;amp;amp;amp;amp;amp;amp;amp;amp;amp;amp;amp;amp;amp;amp;amp;amp;amp;amp;amp;amp;amp;amp;amp;amp;amp;amp;amp;amp;amp;amp;amp;amp;amp;amp;amp;lt;TD align=middle&amp;amp;amp;amp;amp;amp;amp;amp;amp;amp;amp;amp;amp;amp;amp;amp;amp;amp;amp;amp;amp;amp;amp;amp;amp;amp;amp;amp;amp;amp;amp;amp;amp;amp;amp;amp;amp;amp;amp;amp;amp;amp;amp;amp;amp;amp;amp;amp;amp;amp;amp;amp;amp;amp;amp;amp;amp;amp;amp;amp;amp;amp;amp;amp;amp;amp;amp;amp;amp;amp;amp;amp;amp;amp;amp;amp;amp;amp;amp;amp;amp;amp;amp;amp;amp;amp;amp;amp;amp;amp;amp;amp;amp;amp;amp;amp;amp;amp;amp;amp;amp;amp;amp;amp;amp;amp;amp;amp;amp;amp;amp;amp;amp;amp;amp;amp;amp;amp;amp;amp;amp;amp;amp;amp;amp;amp;amp;amp;amp;amp;amp;amp;amp;amp;amp;amp;amp;amp;amp;amp;amp;amp;amp;amp;amp;amp;amp;amp;amp;amp;amp;amp;amp;amp;amp;amp;amp;amp;amp;amp;amp;amp;amp;amp;amp;amp;amp;amp;amp;amp;amp;amp;amp;amp;amp;amp;amp;amp;amp;amp;amp;amp;amp;amp;amp;amp;amp;amp;amp;amp;amp;amp;amp;amp;amp;amp;amp;amp;amp;amp;amp;amp;gt;&amp;amp;amp;amp;amp;amp;amp;amp;amp;amp;amp;amp;amp;amp;amp;amp;amp;amp;amp;amp;amp;amp;amp;amp;amp;amp;amp;amp;amp;amp;amp;amp;amp;amp;amp;amp;amp;amp;amp;amp;amp;amp;amp;amp;amp;amp;amp;amp;amp;amp;amp;amp;amp;amp;amp;amp;amp;amp;amp;amp;amp;amp;amp;amp;amp;amp;amp;amp;amp;amp;amp;amp;amp;amp;amp;amp;amp;amp;amp;amp;amp;amp;amp;amp;amp;amp;amp;amp;amp;amp;amp;amp;amp;amp;amp;amp;amp;amp;amp;amp;amp;amp;amp;amp;amp;amp;amp;amp;amp;amp;amp;amp;amp;amp;amp;amp;amp;amp;amp;amp;amp;amp;amp;amp;amp;amp;amp;amp;amp;amp;amp;amp;amp;amp;amp;amp;amp;amp;amp;amp;amp;amp;amp;amp;amp;amp;amp;amp;amp;amp;amp;amp;amp;amp;amp;amp;amp;amp;amp;amp;amp;amp;amp;amp;amp;amp;amp;amp;amp;amp;amp;amp;amp;amp;amp;amp;amp;amp;amp;amp;amp;amp;amp;amp;amp;amp;amp;amp;amp;amp;amp;amp;amp;amp;amp;amp;amp;amp;amp;amp;amp;amp;lt;FONT size=4&amp;amp;amp;amp;amp;amp;amp;amp;amp;amp;amp;amp;amp;amp;amp;amp;amp;amp;amp;amp;amp;amp;amp;amp;amp;amp;amp;amp;amp;amp;amp;amp;amp;amp;amp;amp;amp;amp;amp;amp;amp;amp;amp;amp;amp;amp;amp;amp;amp;amp;amp;amp;amp;amp;amp;amp;amp;amp;amp;amp;amp;amp;amp;amp;amp;amp;amp;amp;amp;amp;amp;amp;amp;amp;amp;amp;amp;amp;amp;amp;amp;amp;amp;amp;amp;amp;amp;amp;amp;amp;amp;amp;amp;amp;amp;amp;amp;amp;amp;amp;amp;amp;amp;amp;amp;amp;amp;amp;amp;amp;amp;amp;amp;amp;amp;amp;amp;amp;amp;amp;amp;amp;amp;amp;amp;amp;amp;amp;amp;amp;amp;amp;amp;amp;amp;amp;amp;amp;amp;amp;amp;amp;amp;amp;amp;amp;amp;amp;amp;amp;amp;amp;amp;amp;amp;amp;amp;amp;amp;amp;amp;amp;amp;amp;amp;amp;amp;amp;amp;amp;amp;amp;amp;amp;amp;amp;amp;amp;amp;amp;amp;amp;amp;amp;amp;amp;amp;amp;amp;amp;amp;amp;amp;amp;amp;amp;amp;amp;amp;amp;amp;amp;gt;&amp;amp;amp;amp;amp;amp;amp;amp;amp;amp;amp;amp;amp;amp;amp;amp;amp;amp;amp;amp;amp;amp;amp;amp;amp;amp;amp;amp;amp;amp;amp;amp;amp;amp;amp;amp;amp;amp;amp;amp;amp;amp;amp;amp;amp;amp;amp;amp;amp;amp;amp;amp;amp;amp;amp;amp;amp;amp;amp;amp;amp;amp;amp;amp;amp;amp;amp;amp;amp;amp;amp;amp;amp;amp;amp;amp;amp;amp;amp;amp;amp;amp;amp;amp;amp;amp;amp;amp;amp;amp;amp;amp;amp;amp;amp;amp;amp;amp;amp;amp;amp;amp;amp;amp;amp;amp;amp;amp;amp;amp;amp;amp;amp;amp;amp;amp;amp;amp;amp;amp;amp;amp;amp;amp;amp;amp;amp;amp;amp;amp;amp;amp;amp;amp;amp;amp;amp;amp;amp;amp;amp;amp;amp;amp;amp;amp;amp;amp;amp;amp;amp;amp;amp;amp;amp;amp;amp;amp;amp;amp;amp;amp;amp;amp;amp;amp;amp;amp;amp;amp;amp;amp;amp;amp;amp;amp;amp;amp;amp;amp;amp;amp;amp;amp;amp;amp;amp;amp;amp;amp;amp;amp;amp;amp;amp;amp;amp;amp;amp;amp;amp;amp;lt;IMG alt=Visa src="https://images.paypal.com/images/icon_visa.gif" border=0&amp;amp;amp;amp;amp;amp;amp;amp;amp;amp;amp;amp;amp;amp;amp;amp;amp;amp;amp;amp;amp;amp;amp;amp;amp;amp;amp;amp;amp;amp;amp;amp;amp;amp;amp;amp;amp;amp;amp;amp;amp;amp;amp;amp;amp;amp;amp;amp;amp;amp;amp;amp;amp;amp;amp;amp;amp;amp;amp;amp;amp;amp;amp;amp;amp;amp;amp;amp;amp;amp;amp;amp;amp;amp;amp;amp;amp;amp;amp;amp;amp;amp;amp;amp;amp;amp;amp;amp;amp;amp;amp;amp;amp;amp;amp;amp;amp;amp;amp;amp;amp;amp;amp;amp;amp;amp;amp;amp;amp;amp;amp;amp;amp;amp;amp;amp;amp;amp;amp;amp;amp;amp;amp;amp;amp;amp;amp;amp;amp;amp;amp;amp;amp;amp;amp;amp;amp;amp;amp;amp;amp;amp;amp;amp;amp;amp;amp;amp;amp;amp;amp;amp;amp;amp;amp;amp;amp;amp;amp;amp;amp;amp;amp;amp;amp;amp;amp;amp;amp;amp;amp;amp;amp;amp;amp;amp;amp;amp;amp;amp;amp;amp;amp;amp;amp;amp;amp;amp;amp;amp;amp;amp;amp;amp;amp;amp;amp;amp;amp;amp;amp;amp;gt; &amp;amp;amp;amp;amp;amp;amp;amp;amp;amp;amp;amp;amp;amp;amp;amp;amp;amp;amp;amp;amp;amp;amp;amp;amp;amp;amp;amp;amp;amp;amp;amp;amp;amp;amp;amp;amp;amp;amp;amp;amp;amp;amp;amp;amp;amp;amp;amp;amp;amp;amp;amp;amp;amp;amp;amp;amp;amp;amp;amp;amp;amp;amp;amp;amp;amp;amp;amp;amp;amp;amp;amp;amp;amp;amp;amp;amp;amp;amp;amp;amp;amp;amp;amp;amp;amp;amp;amp;amp;amp;amp;amp;amp;amp;amp;amp;amp;amp;amp;amp;amp;amp;amp;amp;amp;amp;amp;amp;amp;amp;amp;amp;amp;amp;amp;amp;amp;amp;amp;amp;amp;amp;amp;amp;amp;amp;amp;amp;amp;amp;amp;amp;amp;amp;amp;amp;amp;amp;amp;amp;amp;amp;amp;amp;amp;amp;amp;amp;amp;amp;amp;amp;amp;amp;amp;amp;amp;amp;amp;amp;amp;amp;amp;amp;amp;amp;amp;amp;amp;amp;amp;amp;amp;amp;amp;amp;amp;amp;amp;amp;amp;amp;amp;amp;amp;amp;amp;amp;amp;amp;amp;amp;amp;amp;amp;amp;amp;amp;amp;amp;amp;amp;lt;IMG alt=MasterCard src="https://images.paypal.com/images/icon_mastercard.gif" border=0&amp;amp;amp;amp;amp;amp;amp;amp;amp;amp;amp;amp;amp;amp;amp;amp;amp;amp;amp;amp;amp;amp;amp;amp;amp;amp;amp;amp;amp;amp;amp;amp;amp;amp;amp;amp;amp;amp;amp;amp;amp;amp;amp;amp;amp;amp;amp;amp;amp;amp;amp;amp;amp;amp;amp;amp;amp;amp;amp;amp;amp;amp;amp;amp;amp;amp;amp;amp;amp;amp;amp;amp;amp;amp;amp;amp;amp;amp;amp;amp;amp;amp;amp;amp;amp;amp;amp;amp;amp;amp;amp;amp;amp;amp;amp;amp;amp;amp;amp;amp;amp;amp;amp;amp;amp;amp;amp;amp;amp;amp;amp;amp;amp;amp;amp;amp;amp;amp;amp;amp;amp;amp;amp;amp;amp;amp;amp;amp;amp;amp;amp;amp;amp;amp;amp;amp;amp;amp;amp;amp;amp;amp;amp;amp;amp;amp;amp;amp;amp;amp;amp;amp;amp;amp;amp;amp;amp;amp;amp;amp;amp;amp;amp;amp;amp;amp;amp;amp;amp;amp;amp;amp;amp;amp;amp;amp;amp;amp;amp;amp;amp;amp;amp;amp;amp;amp;amp;amp;amp;amp;amp;amp;amp;amp;amp;amp;amp;amp;amp;amp;amp;amp;gt; &amp;amp;amp;amp;amp;amp;amp;amp;amp;amp;amp;amp;amp;amp;amp;amp;amp;amp;amp;amp;amp;amp;amp;amp;amp;amp;amp;amp;amp;amp;amp;amp;amp;amp;amp;amp;amp;amp;amp;amp;amp;amp;amp;amp;amp;amp;amp;amp;amp;amp;amp;amp;amp;amp;amp;amp;amp;amp;amp;amp;amp;amp;amp;amp;amp;amp;amp;amp;amp;amp;amp;amp;amp;amp;amp;amp;amp;amp;amp;amp;amp;amp;amp;amp;amp;amp;amp;amp;amp;amp;amp;amp;amp;amp;amp;amp;amp;amp;amp;amp;amp;amp;amp;amp;amp;amp;amp;amp;amp;amp;amp;amp;amp;amp;amp;amp;amp;amp;amp;amp;amp;amp;amp;amp;amp;amp;amp;amp;amp;amp;amp;amp;amp;amp;amp;amp;amp;amp;amp;amp;amp;amp;amp;amp;amp;amp;amp;amp;amp;amp;amp;amp;amp;amp;amp;amp;amp;amp;amp;amp;amp;amp;amp;amp;amp;amp;amp;amp;amp;amp;amp;amp;amp;amp;amp;amp;amp;amp;amp;amp;amp;amp;amp;amp;amp;amp;amp;amp;amp;amp;amp;amp;amp;amp;amp;amp;amp;amp;amp;amp;amp;amp;lt;IMG alt=Discover src="https://images.paypal.com/images/icon_discover.gif" border=0&amp;amp;amp;amp;amp;amp;amp;amp;amp;amp;amp;amp;amp;amp;amp;amp;amp;amp;amp;amp;amp;amp;amp;amp;amp;amp;amp;amp;amp;amp;amp;amp;amp;amp;amp;amp;amp;amp;amp;amp;amp;amp;amp;amp;amp;amp;amp;amp;amp;amp;amp;amp;amp;amp;amp;amp;amp;amp;amp;amp;amp;amp;amp;amp;amp;amp;amp;amp;amp;amp;amp;amp;amp;amp;amp;amp;amp;amp;amp;amp;amp;amp;amp;amp;amp;amp;amp;amp;amp;amp;amp;amp;amp;amp;amp;amp;amp;amp;amp;amp;amp;amp;amp;amp;amp;amp;amp;amp;amp;amp;amp;amp;amp;amp;amp;amp;amp;amp;amp;amp;amp;amp;amp;amp;amp;amp;amp;amp;amp;amp;amp;amp;amp;amp;amp;amp;amp;amp;amp;amp;amp;amp;amp;amp;amp;amp;amp;amp;amp;amp;amp;amp;amp;amp;amp;amp;amp;amp;amp;amp;amp;amp;amp;amp;amp;amp;amp;amp;amp;amp;amp;amp;amp;amp;amp;amp;amp;amp;amp;amp;amp;amp;amp;amp;amp;amp;amp;amp;amp;amp;amp;amp;amp;amp;amp;amp;amp;amp;amp;amp;amp;amp;gt; &amp;amp;amp;amp;amp;amp;amp;amp;amp;amp;amp;amp;amp;amp;amp;amp;amp;amp;amp;amp;amp;amp;amp;amp;amp;amp;amp;amp;amp;amp;amp;amp;amp;amp;amp;amp;amp;amp;amp;amp;amp;amp;amp;amp;amp;amp;amp;amp;amp;amp;amp;amp;amp;amp;amp;amp;amp;amp;amp;amp;amp;amp;amp;amp;amp;amp;amp;amp;amp;amp;amp;amp;amp;amp;amp;amp;amp;amp;amp;amp;amp;amp;amp;amp;amp;amp;amp;amp;amp;amp;amp;amp;amp;amp;amp;amp;amp;amp;amp;amp;amp;amp;amp;amp;amp;amp;amp;amp;amp;amp;amp;amp;amp;amp;amp;amp;amp;amp;amp;amp;amp;amp;amp;amp;amp;amp;amp;amp;amp;amp;amp;amp;amp;amp;amp;amp;amp;amp;amp;amp;amp;amp;amp;amp;amp;amp;amp;amp;amp;amp;amp;amp;amp;amp;amp;amp;amp;amp;amp;amp;amp;amp;amp;amp;amp;amp;amp;amp;amp;amp;amp;amp;amp;amp;amp;amp;amp;amp;amp;amp;amp;amp;amp;amp;amp;amp;amp;amp;amp;amp;amp;amp;amp;amp;amp;amp;amp;amp;amp;amp;amp;amp;lt;IMG alt="American Express" src="https://images.paypal.com/images/icon_amex.gif" border=0&amp;amp;amp;amp;amp;amp;amp;amp;amp;amp;amp;amp;amp;amp;amp;amp;amp;amp;amp;amp;amp;amp;amp;amp;amp;amp;amp;amp;amp;amp;amp;amp;amp;amp;amp;amp;amp;amp;amp;amp;amp;amp;amp;amp;amp;amp;amp;amp;amp;amp;amp;amp;amp;amp;amp;amp;amp;amp;amp;amp;amp;amp;amp;amp;amp;amp;amp;amp;amp;amp;amp;amp;amp;amp;amp;amp;amp;amp;amp;amp;amp;amp;amp;amp;amp;amp;amp;amp;amp;amp;amp;amp;amp;amp;amp;amp;amp;amp;amp;amp;amp;amp;amp;amp;amp;amp;amp;amp;amp;amp;amp;amp;amp;amp;amp;amp;amp;amp;amp;amp;amp;amp;amp;amp;amp;amp;amp;amp;amp;amp;amp;amp;amp;amp;amp;amp;amp;amp;amp;amp;amp;amp;amp;amp;amp;amp;amp;amp;amp;amp;amp;amp;amp;amp;amp;amp;amp;amp;amp;amp;amp;amp;amp;amp;amp;amp;amp;amp;amp;amp;amp;amp;amp;amp;amp;amp;amp;amp;amp;amp;amp;amp;amp;amp;amp;amp;amp;amp;amp;amp;amp;amp;amp;amp;amp;amp;amp;amp;amp;amp;amp;amp;gt; &amp;amp;amp;amp;amp;amp;amp;amp;amp;amp;amp;amp;amp;amp;amp;amp;amp;amp;amp;amp;amp;amp;amp;amp;amp;amp;amp;amp;amp;amp;amp;amp;amp;amp;amp;amp;amp;amp;amp;amp;amp;amp;amp;amp;amp;amp;amp;amp;amp;amp;amp;amp;amp;amp;amp;amp;amp;amp;amp;amp;amp;amp;amp;amp;amp;amp;amp;amp;amp;amp;amp;amp;amp;amp;amp;amp;amp;amp;amp;amp;amp;amp;amp;amp;amp;amp;amp;amp;amp;amp;amp;amp;amp;amp;amp;amp;amp;amp;amp;amp;amp;amp;amp;amp;amp;amp;amp;amp;amp;amp;amp;amp;amp;amp;amp;amp;amp;amp;amp;amp;amp;amp;amp;amp;amp;amp;amp;amp;amp;amp;amp;amp;amp;amp;amp;amp;amp;amp;amp;amp;amp;amp;amp;amp;amp;amp;amp;amp;amp;amp;amp;amp;amp;amp;amp;amp;amp;amp;amp;amp;amp;amp;amp;amp;amp;amp;amp;amp;amp;amp;amp;amp;amp;amp;amp;amp;amp;amp;amp;amp;amp;amp;amp;amp;amp;amp;amp;amp;amp;amp;amp;amp;amp;amp;amp;amp;amp;amp;amp;amp;amp;amp;lt;IMG alt=eCheck src="https://images.paypal.com/images/icon_echeck.gif" border=0&amp;amp;amp;amp;amp;amp;amp;amp;amp;amp;amp;amp;amp;amp;amp;amp;amp;amp;amp;amp;amp;amp;amp;amp;amp;amp;amp;amp;amp;amp;amp;amp;amp;amp;amp;amp;amp;amp;amp;amp;amp;amp;amp;amp;amp;amp;amp;amp;amp;amp;amp;amp;amp;amp;amp;amp;amp;amp;amp;amp;amp;amp;amp;amp;amp;amp;amp;amp;amp;amp;amp;amp;amp;amp;amp;amp;amp;amp;amp;amp;amp;amp;amp;amp;amp;amp;amp;amp;amp;amp;amp;amp;amp;amp;amp;amp;amp;amp;amp;amp;amp;amp;amp;amp;amp;amp;amp;amp;amp;amp;amp;amp;amp;amp;amp;amp;amp;amp;amp;amp;amp;amp;amp;amp;amp;amp;amp;amp;amp;amp;amp;amp;amp;amp;amp;amp;amp;amp;amp;amp;amp;amp;amp;amp;amp;amp;amp;amp;amp;amp;amp;amp;amp;amp;amp;amp;amp;amp;amp;amp;amp;amp;amp;amp;amp;amp;amp;amp;amp;amp;amp;amp;amp;amp;amp;amp;amp;amp;amp;amp;amp;amp;amp;amp;amp;amp;amp;amp;amp;amp;amp;amp;amp;amp;amp;amp;amp;amp;amp;amp;amp;amp;gt;&amp;amp;amp;amp;amp;amp;amp;amp;amp;amp;amp;amp;amp;amp;amp;amp;amp;amp;amp;amp;amp;amp;amp;amp;amp;amp;amp;amp;amp;amp;amp;amp;amp;amp;amp;amp;amp;amp;amp;amp;amp;amp;amp;amp;amp;amp;amp;amp;amp;amp;amp;amp;amp;amp;amp;amp;amp;amp;amp;amp;amp;amp;amp;amp;amp;amp;amp;amp;amp;amp;amp;amp;amp;amp;amp;amp;amp;amp;amp;amp;amp;amp;amp;amp;amp;amp;amp;amp;amp;amp;amp;amp;amp;amp;amp;amp;amp;amp;amp;amp;amp;amp;amp;amp;amp;amp;amp;amp;amp;amp;amp;amp;amp;amp;amp;amp;amp;amp;amp;amp;amp;amp;amp;amp;amp;amp;amp;amp;amp;amp;amp;amp;amp;amp;amp;amp;amp;amp;amp;amp;amp;amp;amp;amp;amp;amp;amp;amp;amp;amp;amp;amp;amp;amp;amp;amp;amp;amp;amp;amp;amp;amp;amp;amp;amp;amp;amp;amp;amp;amp;amp;amp;amp;amp;amp;amp;amp;amp;amp;amp;amp;amp;amp;amp;amp;amp;amp;amp;amp;amp;amp;amp;amp;amp;amp;amp;amp;amp;amp;amp;amp;amp;lt;/FONT&amp;amp;amp;amp;amp;amp;amp;amp;amp;amp;amp;amp;amp;amp;amp;amp;amp;amp;amp;amp;amp;amp;amp;amp;amp;amp;amp;amp;amp;amp;amp;amp;amp;amp;amp;amp;amp;amp;amp;amp;amp;amp;amp;amp;amp;amp;amp;amp;amp;amp;amp;amp;amp;amp;amp;amp;amp;amp;amp;amp;amp;amp;amp;amp;amp;amp;amp;amp;amp;amp;amp;amp;amp;amp;amp;amp;amp;amp;amp;amp;amp;amp;amp;amp;amp;amp;amp;amp;amp;amp;amp;amp;amp;amp;amp;amp;amp;amp;amp;amp;amp;amp;amp;amp;amp;amp;amp;amp;amp;amp;amp;amp;amp;amp;amp;amp;amp;amp;amp;amp;amp;amp;amp;amp;amp;amp;amp;amp;amp;amp;amp;amp;amp;amp;amp;amp;amp;amp;amp;amp;amp;amp;amp;amp;amp;amp;amp;amp;amp;amp;amp;amp;amp;amp;amp;amp;amp;amp;amp;amp;amp;amp;amp;amp;amp;amp;amp;amp;amp;amp;amp;amp;amp;amp;amp;amp;amp;amp;amp;amp;amp;amp;amp;amp;amp;amp;amp;amp;amp;amp;amp;amp;amp;amp;amp;amp;amp;amp;amp;amp;amp;amp;gt;&amp;amp;amp;amp;amp;amp;amp;amp;amp;amp;amp;amp;amp;amp;amp;amp;amp;amp;amp;amp;amp;amp;amp;amp;amp;amp;amp;amp;amp;amp;amp;amp;amp;amp;amp;amp;amp;amp;amp;amp;amp;amp;amp;amp;amp;amp;amp;amp;amp;amp;amp;amp;amp;amp;amp;amp;amp;amp;amp;amp;amp;amp;amp;amp;amp;amp;amp;amp;amp;amp;amp;amp;amp;amp;amp;amp;amp;amp;amp;amp;amp;amp;amp;amp;amp;amp;amp;amp;amp;amp;amp;amp;amp;amp;amp;amp;amp;amp;amp;amp;amp;amp;amp;amp;amp;amp;amp;amp;amp;amp;amp;amp;amp;amp;amp;amp;amp;amp;amp;amp;amp;amp;amp;amp;amp;amp;amp;amp;amp;amp;amp;amp;amp;amp;amp;amp;amp;amp;amp;amp;amp;amp;amp;amp;amp;amp;amp;amp;amp;amp;amp;amp;amp;amp;amp;amp;amp;amp;amp;amp;amp;amp;amp;amp;amp;amp;amp;amp;amp;amp;amp;amp;amp;amp;amp;amp;amp;amp;amp;amp;amp;amp;amp;amp;amp;amp;amp;amp;amp;amp;amp;amp;amp;amp;amp;amp;amp;amp;amp;amp;amp;amp;lt;/TD&amp;amp;amp;amp;amp;amp;amp;amp;amp;amp;amp;amp;amp;amp;amp;amp;amp;amp;amp;amp;amp;amp;amp;amp;amp;amp;amp;amp;amp;amp;amp;amp;amp;amp;amp;amp;amp;amp;amp;amp;amp;amp;amp;amp;amp;amp;amp;amp;amp;amp;amp;amp;amp;amp;amp;amp;amp;amp;amp;amp;amp;amp;amp;amp;amp;amp;amp;amp;amp;amp;amp;amp;amp;amp;amp;amp;amp;amp;amp;amp;amp;amp;amp;amp;amp;amp;amp;amp;amp;amp;amp;amp;amp;amp;amp;amp;amp;amp;amp;amp;amp;amp;amp;amp;amp;amp;amp;amp;amp;amp;amp;amp;amp;amp;amp;amp;amp;amp;amp;amp;amp;amp;amp;amp;amp;amp;amp;amp;amp;amp;amp;amp;amp;amp;amp;amp;amp;amp;amp;amp;amp;amp;amp;amp;amp;amp;amp;amp;amp;amp;amp;amp;amp;amp;amp;amp;amp;amp;amp;amp;amp;amp;amp;amp;amp;amp;amp;amp;amp;amp;amp;amp;amp;amp;amp;amp;amp;amp;amp;amp;amp;amp;amp;amp;amp;amp;amp;amp;amp;amp;amp;amp;amp;amp;amp;amp;amp;amp;amp;amp;amp;amp;gt;&amp;amp;amp;amp;amp;amp;amp;amp;amp;amp;amp;amp;amp;amp;amp;amp;amp;amp;amp;amp;amp;amp;amp;amp;amp;amp;amp;amp;amp;amp;amp;amp;amp;amp;amp;amp;amp;amp;amp;amp;amp;amp;amp;amp;amp;amp;amp;amp;amp;amp;amp;amp;amp;amp;amp;amp;amp;amp;amp;amp;amp;amp;amp;amp;amp;amp;amp;amp;amp;amp;amp;amp;amp;amp;amp;amp;amp;amp;amp;amp;amp;amp;amp;amp;amp;amp;amp;amp;amp;amp;amp;amp;amp;amp;amp;amp;amp;amp;amp;amp;amp;amp;amp;amp;amp;amp;amp;amp;amp;amp;amp;amp;amp;amp;amp;amp;amp;amp;amp;amp;amp;amp;amp;amp;amp;amp;amp;amp;amp;amp;amp;amp;amp;amp;amp;amp;amp;amp;amp;amp;amp;amp;amp;amp;amp;amp;amp;amp;amp;amp;amp;amp;amp;amp;amp;amp;amp;amp;amp;amp;amp;amp;amp;amp;amp;amp;amp;amp;amp;amp;amp;amp;amp;amp;amp;amp;amp;amp;amp;amp;amp;amp;amp;amp;amp;amp;amp;amp;amp;amp;amp;amp;amp;amp;amp;amp;amp;amp;amp;amp;amp;amp;lt;/TR&amp;amp;amp;amp;amp;amp;amp;amp;amp;amp;amp;amp;amp;amp;amp;amp;amp;amp;amp;amp;amp;amp;amp;amp;amp;amp;amp;amp;amp;amp;amp;amp;amp;amp;amp;amp;amp;amp;amp;amp;amp;amp;amp;amp;amp;amp;amp;amp;amp;amp;amp;amp;amp;amp;amp;amp;amp;amp;amp;amp;amp;amp;amp;amp;amp;amp;amp;amp;amp;amp;amp;amp;amp;amp;amp;amp;amp;amp;amp;amp;amp;amp;amp;amp;amp;amp;amp;amp;amp;amp;amp;amp;amp;amp;amp;amp;amp;amp;amp;amp;amp;amp;amp;amp;amp;amp;amp;amp;amp;amp;amp;amp;amp;amp;amp;amp;amp;amp;amp;amp;amp;amp;amp;amp;amp;amp;amp;amp;amp;amp;amp;amp;amp;amp;amp;amp;amp;amp;amp;amp;amp;amp;amp;amp;amp;amp;amp;amp;amp;amp;amp;amp;amp;amp;amp;amp;amp;amp;amp;amp;amp;amp;amp;amp;amp;amp;amp;amp;amp;amp;amp;amp;amp;amp;amp;amp;amp;amp;amp;amp;amp;amp;amp;amp;amp;amp;amp;amp;amp;amp;amp;amp;amp;amp;amp;amp;amp;amp;amp;amp;amp;amp;gt;&amp;amp;amp;amp;amp;amp;amp;amp;amp;amp;amp;amp;amp;amp;amp;amp;amp;amp;amp;amp;amp;amp;amp;amp;amp;amp;amp;amp;amp;amp;amp;amp;amp;amp;amp;amp;amp;amp;amp;amp;amp;amp;amp;amp;amp;amp;amp;amp;amp;amp;amp;amp;amp;amp;amp;amp;amp;amp;amp;amp;amp;amp;amp;amp;amp;amp;amp;amp;amp;amp;amp;amp;amp;amp;amp;amp;amp;amp;amp;amp;amp;amp;amp;amp;amp;amp;amp;amp;amp;amp;amp;amp;amp;amp;amp;amp;amp;amp;amp;amp;amp;amp;amp;amp;amp;amp;amp;amp;amp;amp;amp;amp;amp;amp;amp;amp;amp;amp;amp;amp;amp;amp;amp;amp;amp;amp;amp;amp;amp;amp;amp;amp;amp;amp;amp;amp;amp;amp;amp;amp;amp;amp;amp;amp;amp;amp;amp;amp;amp;amp;amp;amp;amp;amp;amp;amp;amp;amp;amp;amp;amp;amp;amp;amp;amp;amp;amp;amp;amp;amp;amp;amp;amp;amp;amp;amp;amp;amp;amp;amp;amp;amp;amp;amp;amp;amp;amp;amp;amp;amp;amp;amp;amp;amp;amp;amp;amp;amp;amp;amp;amp;amp;lt;/TABLE&amp;amp;amp;amp;amp;amp;amp;amp;amp;amp;amp;amp;amp;amp;amp;amp;amp;amp;amp;amp;amp;amp;amp;amp;amp;amp;amp;amp;amp;amp;amp;amp;amp;amp;amp;amp;amp;amp;amp;amp;amp;amp;amp;amp;amp;amp;amp;amp;amp;amp;amp;amp;amp;amp;amp;amp;amp;amp;amp;amp;amp;amp;amp;amp;amp;amp;amp;amp;amp;amp;amp;amp;amp;amp;amp;amp;amp;amp;amp;amp;amp;amp;amp;amp;amp;amp;amp;amp;amp;amp;amp;amp;amp;amp;amp;amp;amp;amp;amp;amp;amp;amp;amp;amp;amp;amp;amp;amp;amp;amp;amp;amp;amp;amp;amp;amp;amp;amp;amp;amp;amp;amp;amp;amp;amp;amp;amp;amp;amp;amp;amp;amp;amp;amp;amp;amp;amp;amp;amp;amp;amp;amp;amp;amp;amp;amp;amp;amp;amp;amp;amp;amp;amp;amp;amp;amp;amp;amp;amp;amp;amp;amp;amp;amp;amp;amp;amp;amp;amp;amp;amp;amp;amp;amp;amp;amp;amp;amp;amp;amp;amp;amp;amp;amp;amp;amp;amp;amp;amp;amp;amp;amp;amp;amp;amp;amp;amp;amp;amp;amp;amp;amp;gt;</noscript><!-- End PayPal Logo -->
<p><font size="4"></font></p><font size="4">
<hr>
</font>
<p></p><br>
<form name="sdgallerysearch" method="post"><br>&nbsp;</form>
<form style="border: 0px none; margin: 0px;" name="ListItemForSale" method="post"><br></form>
<form style="border: 0px none; margin: 0px;" name="ListItemForSale" method="post"><!-- STU_POLICY_HTML_START -->
<table align="center" bgcolor="#6666cc" border="0" cellpadding="5" cellspacing="0" width="630">
<tbody>
<tr valign="top">
<td align="center">
<table bgcolor="#cc6600" border="0" cellpadding="3" cellspacing="1" width="620">
<tbody>
<tr align="center" bgcolor="#cccc99">
<td colspan="2"><font face="arial, verdana, sans-serif" size="4"><b>Summary of My Selling Policies</b></font></td></tr>
<tr bgcolor="#ffffff" valign="top">
<td bgcolor="#ffffcc" width="100"><font face="arial, verdana, sans-serif" size="2"><b>Payment</b></font></td>
<td width="530"><font face="arial, verdana, sans-serif" size="2">We PREFER <strong><font size="3">** PAYPAL **</font></strong> because we are Merchant-Verified and Confirmed, but can also accept other payments as&nbsp;specified by Ebay's Payment Policies, which changes from time to time. Please email us for more info.</font></td></tr>
<tr bgcolor="#ffffff" valign="top">
<td bgcolor="#ffffcc" width="100"><font face="arial, verdana, sans-serif" size="2"><b>Fees</b></font></td>
<td width="530"><font face="arial, verdana, sans-serif" size="2">No Sales Tax.</font></td></tr>
<tr bgcolor="#ffffff" valign="top">
<td bgcolor="#ffffcc" width="100"><font face="arial, verdana, sans-serif" size="2"><b>Shipping</b></font></td>
<td width="530"><font face="arial, verdana, sans-serif" size="2">We ship WORLD-WIDE from the Philippines! Winning bidder shall pay for all shipping charges, with a choice of: <br><br>1) Postal AirParcel which takes 3-4 weeks and is non-trackable; OR <br>2) Postal Express Airmail Service EMS (PREFERRED), trackable &amp; takes 7-10 working days:&nbsp; OR <br>3) FedEx/DHL/UPS Worldwide which will take about 3-5 days from ship-out date. <br><br>***Customs &amp; Duties, if any, are for the account of the Buyer.</font></td></tr>
<tr bgcolor="#ffffff" valign="top">
<td bgcolor="#ffffcc" width="100"><font face="arial, verdana, sans-serif" size="2"><b>Delivery</b></font></td>
<td width="530"><font face="arial, verdana, sans-serif" size="2">We ship within 72 hours of receipt of payment and/or verification of payment transaction. We ship DAILY except Saturdays, Sundays and Holidays.</font></td></tr>
<tr bgcolor="#ffffff" valign="top">
<td bgcolor="#ffffcc" width="100"><font face="arial, verdana, sans-serif" size="2"><b>Refunds &amp; Returns</b></font></td>
<td width="530"><font face="arial, verdana, sans-serif" size="2">
<p align="center"><font color="#000000" face="arial, verdana, sans-serif" size="2"><strong>Our "Customer is KING!" Guaranty:</strong></font></p>
<p align="center"><font face="arial, verdana, sans-serif" size="2">We truly believe in our craftsmen's quality, thus we&nbsp;GUARANTEE 100% of all products that we make &amp; sell. We provide a 1-YEAR REPLACEMENT (excluding shipping) to any item that is Defective (wear, tear &amp; mishandling excluded) and 60-day Money-Back REFUND (excluding shipping), from receipt of merchandise, if it does not meet your Expectations.</font></p></font></td></tr>
<tr bgcolor="#ffffff" valign="top">
<td bgcolor="#ffffcc" width="100"><br></td><td width="530"></td></tr></tbody></table>
<table border="0" cellpadding="5" cellspacing="0" width="620">
<tbody>
<tr align="center" bgcolor="#cccc99">
<td><font face="arial, verdana, sans-serif" size="2"><b>BUY or BID WITH CONFIDENCE!</b></font><br></td></tr></tbody></table></td></tr></tbody></table></form></font>
</DOC>
<DOC>
<DOCID>1700269</DOCID>
<CATEGORY>Collectibles > Tobacciana > Cigars > Grinders</CATEGORY>
<ORIGTITLE>Sea Life D4 Aluminum Herb Grinder 63mm 4 Piece Hand Mueller</ORIGTITLE>
<font rwr="1" size="4" style="font-family:Arial"><font rwr="1" size="4" style="font-family:Arial"><font rwr="1" style="font-family:Arial" size="4"><font rwr="1" style="font-family:Arial" size="4"><font rwr="1" style="font-family:Arial" size="4"><font rwr="1" style="font-family:Arial" size="4"><font rwr="1" style="font-family:Arial" size="4"><font rwr="1" style="font-family:Arial" size="4"><font rwr="1" style="font-family:Arial" size="4"><font rwr="1" style="font-family:Arial" size="4"><div style="color: rgb(165, 42, 42); font-family: Verdana; font-size: large; font-weight: bold;" align="center"><span style="color: red; font-family: Verdana; font-size: 18pt;"><strong>SATISFACTION GUARANTEED!</strong></span></div><p style="text-align: center; color: rgb(165, 42, 42); font-family: Verdana; font-size: large; font-weight: bold;" align="center"><span style="color: red; font-family: Verdana; font-size: 18pt;"><strong>WE SELL QUALITY ITEMS AT GREAT PRICES!</strong></span></p><p style="text-align: center; color: rgb(165, 42, 42); font-family: Verdana; font-size: large; font-weight: bold;" align="center"><span style="color: red; font-family: Verdana; font-size: 18pt;"><strong>OVER 75,000 POSITIVE FEEDBACKS CAN'T BE WRONG!</strong></span></p><p style="text-align: center; color: rgb(165, 42, 42); font-family: Verdana; font-size: large; font-weight: bold;" align="center"><span style="color: red; font-family: Verdana; font-size: 18pt;"><strong>CHECK OUT OUR EBAY STORE FOR MORE GREAT SAVINGS!</strong></span></p><p style="text-align: center; color: rgb(165, 42, 42); font-family: Verdana; font-size: large; font-weight: bold;" align="center"><span style="color: red; font-family: Verdana; font-size: 18pt;"><strong>WE PROVIDE QUICK SERVICE AND&nbsp;CUSTOMER SATISFACTION IS OUR GOAL!</strong></span></p><p style="text-align: center; color: rgb(165, 42, 42); font-family: Verdana; font-size: large; font-weight: bold;" align="center"><span style="color: red; font-family: Verdana; font-size: 18pt;"></span><br></p><span style="color: red; font-family: Verdana; font-size: 18pt;"><p style="text-align: center; color: rgb(165, 42, 42); font-family: Verdana; font-size: large; font-weight: bold;" align="center"></p><strong><p style="text-align: center; color: rgb(165, 42, 42); font-size: large; font-weight: bold;" align="center">&nbsp;</p></strong></span><p style="text-align: center; font-family: Verdana;" align="center"><strong><font size="4" color="#a52a2a" face="Verdana"><font color="#000000"></font></font></strong>&nbsp;</p><p style="text-align: center; font-family: Verdana;" align="center"><strong><font size="4" color="#a52a2a" face="Verdana"><font color="#000000">YOU ARE BUYING A THEMED </font><font color="#000000">HAND MULLER TOBACCO GRINDER.</font></font></strong></p><p style="text-align: center; font-family: Verdana;" align="center"><strong><font size="4">IT IS MADE OF ALUMINUM.</font></strong></p><p style="text-align: center; font-family: Verdana;" align="center"><strong><font size="4">THIS IS A&nbsp;4 PIECE GRINDER THAT INCLUDES A MESH SCREEN.</font></strong></p><p style="text-align: center; font-family: Verdana;" align="center"><strong><font size="4">IT ALSO HAS A MAGNET FOR EASY CLOSURE AND GRINDING.</font></strong></p><p align="center"><strong><font size="4" color="#000000" face="Verdana">IT CAN ALSO BE USED TO GRIND HERBS AND SPICES.</font></strong></p><p align="center"><strong><font size="4" face="Verdana">GREAT FOR THE KITCHEN, PROMOTES FRESHNESS FROM GRINDING YOUR OWN HERBS AND SPICES FOR COOKING</font></strong></p><p align="center"><strong><font size="4" face="Verdana">MEASURES APPROXIMATELY 1.5" TALL AND&nbsp;2.25" IN DIAMETER.</font></strong></p><p align="center"><strong><font size="4" face="Verdana">ALL OF OUR CUSTOMIZATION IS DONE IN THE USA</font></strong></p><p align="center"><font size="4" color="#ff0010" face="Verdana"><strong>** YOU MUST BE 18 YEARS OF AGE OR OLDER TO PURCHASE THIS PRODUCT. **</strong></font></p><p align="center"><strong><font size="4" color="#ff0010" face="Verdana"></font></strong>&nbsp;</p><p align="center">&nbsp;</p><p align="center"><font size="4" color="#000000" face="Verdana"><strong>THIS ITEM IS BEING SOLD FROM A SMOKE FREE AND PET FREE ENVIRONMENT.</strong></font></p><p align="center"><font color="#000000" face="Verdana" size="4" style="text-align: start;"><font color="#000000" face="Verdana" size="4"><strong>DISCLAIMER:THESE ARE ALL DESIGNED PRODUCTS MADE IN THE USA. IF YOU FEEL THAT THIS IMAGE VIOLATES YOUR COPYRIGHT OR TRADEMARK PROPERTY, PLEASE LET US KNOW IMMEDIATELY AND WE WILL REMOVE IT.</strong></font></font><strong style="text-align: start;"><strong><strong><span style="color: blue; font-family: Times; font-size: 13.5pt;">&nbsp;&nbsp;</span></strong></strong></strong></p><p align="center"><strong><font size="4" face="Verdana"></font></strong>&nbsp;</p><p align="center"><strong><font size="4" face="Verdana"></font></strong>&nbsp;</p><p style="text-align: center;" align="center"><strong><span style="color: blue; font-family: Times; font-size: 13.5pt;"><font size="4" color="#ad001f" face="Verdana">*** ATTENTION INTERNATIONAL BUYERS!!! ***</font></span></strong></p><p style="text-align: center;" align="center"><strong><span style="color: blue; font-family: Times; font-size: 13.5pt;"><font size="4" color="#ad001f" face="Verdana">&nbsp;THERE ARE <u>3</u> SHIPPING OPTIONS AVAILABLE,</font></span></strong></p><p style="text-align: center;" align="center"><strong><span style="color: blue; font-family: Times; font-size: 13.5pt;"><font size="4" color="#ad001f" face="Verdana">&nbsp;<font color="#00429a">FIRST CLASS MAIL</font> IS THE CHEAPEST AND SLOWEST SHIPPING POSSIBLE WHICH CAN TAKE 2-8 WEEKS FOR DELIVERY ON AVERAGE.&nbsp;THIS METHOD OF SHIPMENT DOES NOT PROVIDE TRACKING OR DELIVERY CONFIRMATION.</font></span></strong></p><p style="text-align: center;" align="center"><strong><span style="color: blue; font-family: Times; font-size: 13.5pt;"><font size="4" color="#ad001f" face="Verdana"><font color="#00429a">PRIORITY MAIL </font>TAKES ABOUT 2 WEEKS FOR DELIVERY AND ONLY PROVIDES TRACKING INFORMATION, NO DELIVERY CONFIRMATION.</font></span></strong></p><p style="text-align: center;" align="center"><span style="color: blue; font-family: Times; font-size: 13.5pt;"><font color="#ad001f"><font size="4"><strong><font face="Verdana"><font color="#00429a">EXPRESS MAIL</font> TAKES ABOUT 1 WEEK FOR DELIVERY AND PROVIDES BOTH TRACKING AND DELIVERY CONFIRMATION.</font></strong></font></font></span></p></font></font></font></font></font></font></font></font></font></font>
</DOC>
<DOC>
<DOCID>1700270</DOCID>
<CATEGORY>Collectibles > Non-Sport Trading Cards > Other Non-Sport Card Merch</CATEGORY>
<ORIGTITLE>Topps Walking Dead Card Trader Eugene Toxin Variant DIGITAL CARD TWDCT</ORIGTITLE>
<p><b>Toxin!!</b></p><p><b>T</b><b>hese were the first big pay cards in the app...originally $100 each before diamonds</b></p><p><b>Eventually </b><b>$10 worth of diamonds for each card </b></p><p><b>R</b><b>aise you TWDCT score and get the toxin for your hoard!</b></p><p><b>S</b><b>everal sold already!</b></p><p><b>Check out my collection</b></p><p><b>It will all be for sale </b></p><p><b>Humansheilds IGN</b></p><p><b>Include IGN with payment</b></p>
</DOC>
<DOC>
<DOCID>1700281</DOCID>
<CATEGORY>Collectibles > Comics > Copper Age (1984-1991) > War</CATEGORY>
<ORIGTITLE>Commando War Stories in Pictures (D. C. Thomson Digest) #1577 1982 VF</ORIGTITLE>

<meta name="viewport" content="width=device-width, initial-scale=1">

       <style>
       /*! normalize.css v3.0.2 | MIT License | git.io/normalize */html{font-family:sans-serif;-ms-text-size-adjust:100%;-webkit-text-size-adjust:100%}body{margin:0}article,aside,details,figcaption,figure,footer,header,hgroup,main,menu,nav,section,summary{display:block}audio,canvas,progress,video{display:inline-block;vertical-align:baseline}audio:not([controls]){display:none;height:0}[hidden],template{display:none}a{background-color:transparent}a:active,a:hover{outline:0}abbr[title]{border-bottom:1px dotted}b,strong{font-weight:700}dfn{font-style:italic}h1{font-size:2em;margin:.67em 0}mark{background:##ff0;color:##000}small{font-size:80%}sub,sup{font-size:75%;line-height:0;position:relative;vertical-align:baseline}sup{top:-.5em}sub{bottom:-.25em}img{border:0}svg:not(:root){overflow:hidden}figure{margin:1em 40px}hr{-moz-box-sizing:content-box;box-sizing:content-box;height:0}pre{overflow:auto}code,kbd,pre,samp{font-family:monospace,monospace;font-size:1em}button,input,optgroup,select,textarea{color:inherit;font:inherit;margin:0}button{overflow:visible}button,select{text-transform:none}button,html input[type=button],input[type=reset],input[type=submit]{-webkit-appearance:button;cursor:pointer}button[disabled],html input[disabled]{cursor:default}button::-moz-focus-inner,input::-moz-focus-inner{border:0;padding:0}input{line-height:normal}input[type=checkbox],input[type=radio]{box-sizing:border-box;padding:0}input[type=number]::-webkit-inner-spin-button,input[type=number]::-webkit-outer-spin-button{height:auto}input[type=search]{-webkit-appearance:textfield;-moz-box-sizing:content-box;-webkit-box-sizing:content-box;box-sizing:content-box}input[type=search]::-webkit-search-cancel-button,input[type=search]::-webkit-search-decoration{-webkit-appearance:none}fieldset{border:1px solid silver;margin:0 2px;padding:.35em .625em .75em}legend{border:0;padding:0}textarea{overflow:auto}optgroup{font-weight:700}table{border-collapse:collapse;border-spacing:0}td,th{padding:0}
       </style>
       <style>
       /*! HTML5 Boilerplate v5.0 | MIT License | h5bp.com */

html {
    color: ##222;
    font-size: 1em;
    line-height: 1.4;
}

::-moz-selection {
    background: ##b3d4fc;
    text-shadow: none;
}

::selection {
    background: ##b3d4fc;
    text-shadow: none;
}

hr {
    display: block;
    height: 1px;
    border: 0;
    border-top: 1px solid ##ccc;
    margin: 1em 0;
    padding: 0;
}

/* ==========================================================================
   Media Queries
   ========================================================================== */

@media only screen and (min-width: 35em) {

}

@media print,
       (-o-min-device-pixel-ratio: 5/4),
       (-webkit-min-device-pixel-ratio: 1.25),
       (min-resolution: 120dpi) {

}

/* ==========================================================================
   Helper classes
   ========================================================================== */

.hidden {
    display: none !important;
    visibility: hidden;
}

.visuallyhidden {
    border: 0;
    clip: rect(0 0 0 0);
    height: 1px;
    margin: -1px;
    overflow: hidden;
    padding: 0;
    position: absolute;
    width: 1px;
}

.visuallyhidden.focusable:active,
.visuallyhidden.focusable:focus {
    clip: auto;
    height: auto;
    margin: 0;
    overflow: visible;
    position: static;
    width: auto;
}

.invisible {
    visibility: hidden;
}

.clearfix:before,
.clearfix:after {
    content: " ";
    display: table;
}

.clearfix:after {
    clear: both;
}

.clearfix {
    *zoom: 1;
}

/* ==========================================================================
   Print styles
   ========================================================================== */

@media print {
    *,
    *:before,
    *:after {
        background: transparent !important;
        color: ##000 !important;
        box-shadow: none !important;
        text-shadow: none !important;
    }

    a,
    a:visited {
        text-decoration: underline;
    }

    a[href]:after {
        content: " (" attr(href) ")";
    }

    abbr[title]:after {
        content: " (" attr(title) ")";
    }

    a[href^="##"]:after,
    a[href^="javascript:"]:after {
        content: "";
    }

    pre,
    blockquote {
        border: 1px solid ##999;
        page-break-inside: avoid;
    }

    thead {
        display: table-header-group;
    }

    tr,
    img {
        page-break-inside: avoid;
    }

    img {
        max-width: 100% !important;
    }

    p,
    h2,
    h3 {
        orphans: 3;
        widows: 3;
    }

    h2,
    h3 {
        page-break-after: avoid;
    }
}
       </style>








<div style="margin: 10px;">

<h1>Commando War Stories in Pictures (D. C. Thomson Digest) #1577 1982 VF</h1>


	<p>Published 1982
	
		by D. C. Thomson<br>
	
	</p>







	<h2>Grade: VF</h2>





	
	

	

	

	
		
		<h2>If you are not familiar with comic book grading</h2>
		
			<p><a href="https://stores.ebay.com/MyComicShop/Comic-Book-Grading.html">Comic Book Grading Scale</a></p>
			
				<p>This is a mid grade item. It will have a few minor defects and will generally appear to be in
				"slightly used" but not "roughly used" condition.
				
				Defects allowed on an item in this grade may include minor corner wear (bends and blunting), small/light
				accumulation of dents, bends or folds, and light spine wear. Most
				comics, magazines, and books published in the last 30 years that have been read one or more times but carefully
				handled and stored will fall in this grade range.</p>
			

			 <p>For more information, please see our <a href="https://stores.ebay.com/MyComicShop/Comic-Book-Grading.html">comic book grading standards</a>.</p>

		
	




	




	
	
	<p>Weekly British War comics digest. "Man Overboard!" Softcover, 5 1/2-in. x 6 1/2-in., 68 pages, B/W.</p>








	
		<h2>Stock image</h2>
		<p>The image for this listing is a stock image provided to help you identify the item,
		but is not the specific item being
		offered, nor does it represent the grade or condition of the item you will receive.
		Please read the item description for any description of grade or condition.
		
		</p>
	




	<img width=300 src="https://d1466nnw0ex81e.cloudfront.net/n_iv/600/4314527.jpg" border=0>
	
	









	<h2>Also check out our comic value packs</h2>

	<p>Value packs are a great way to get a lot of comics at a low price.
	Each value pack contains around 3 lbs. of comics, generally about 25-40 comics depending on page count.
	We offer a variety of packs grouped by character, genre, or publisher.
	<a href="https://www.ebay.com/sch/m.html?_ssn=mycomicshop&_nkw=grab+bag">View all value packs</a>
	</p>

	<p>There should not be duplicate issues within a single pack, but if you order multiple packs within the same group you may occasionally receive minor duplication.</p>

	<p>Most value packs contain comics in grades ranging from VF to GD, with the only exception being
	the Wounded Wonders value pack which contains pre-1980 comics in lower grades, typically ranging from low GD to PR/non-collectible and may be incomplete.</p>


<h2>We Buy Comics and Accept Consignments</h2>
<p>We buy tens of thousands of comics a month. We buy everything from large collections and estates
to individual high value Golden Age and Silver Age books and everything in between. We
also accept consignments of comics and comic art.
</p>

</div>

	
</DOC>
<DOC>
<DOCID>1700276</DOCID>
<CATEGORY>Collectibles > Animation Art & Characters > Japanese, Anime > One Piece</CATEGORY>
<ORIGTITLE>Portrait Of Pirates Sailing Again ONE PIECE Violet about 215mm PVC-painted PVC F</ORIGTITLE>
<font rwr='1' size='4' style='font-family:Arial'><meta name="viewport" content="width=device-width, initial-scale=1"><link href="https://fonts.googleapis.com/css?family=Roboto+Condensed:300" rel="stylesheet"><link href="https://fonts.googleapis.com/css?family=Open+Sans" rel="stylesheet"><link rel="stylesheet" href="https://maxcdn.bootstrapcdn.com/font-awesome/4.7.0/css/font-awesome.min.css"><style>h1,h2,h3{font-family: 'Roboto Condensed', sans-serif;}p,ul,li,ol{font-family: 'Open Sans', sans-serif;text-align: left;} h1{padding-left:1em;color: #333;}h2,h3{background: #444;color: #fff;font-size:95%;padding:0.3em 1em;margin:10px 20px;margin-top:2em;} h3:before {color:pink;font-size:.8em;margin-right:10px;font-family:"FontAwesome";} .shiharai h3:before {content:"\f1ed";}.hasso h3:before {content:"\f0d1";}.torihiki h3:before {content:"\f27b";}.tyuui h3:before {content:"\f071";} p, .product_dec div{margin-bottom:2em;padding:0.5em 2em;color: #333;}#main{max-width:96%;border:1px solid #333;background:#eee;border-radius: 0.5em; -moz-border-radius: 0.5em;-webkit-border-radius: 0.5em;-o-border-radius: 0.5em;-ms-border-radius: 0.5em;} .dec_img{margin: 0 auto;max-width: 90%;} .dec_img img{max-width:100%;} .dec_img img:not(:first-child){display:none;}@media screen and (min-width: 768px) {#main{margin:0 auto;max-width:65%;text-align: center;}h2,h3{font-size:125%;}.dec_img img:not(:first-child){display: inherit;}.dec_img{display:inline-block;}.dec_img img{border: 1px solid #ccc;max-width:45%;margin:5px;}}</style><div id="main"><article><div class="dec_img"></div><section class="product_dec"><h2>Description</h2><div vocab="http://schema.org/" typeof="Product"><span property="description">(C) Oda Eiichiro / Shueisha Fuji TV Toei Animation <br> <b> Age: <!-- b--> 15 years old or more <br> <br> Sculpted: Ajiken coloring: It was in Umo Kei POP One Piece Series , Don Quixote family of killer Violet appeared. "Clairvoyance" and "mind peeping" and the like, Doflamingo also has be charmed ability insight human "real Girogiro", Viola princess Its identity, which has been cooperating with Doflamingo to save the life of the king his father Riku. The enchanting dance appearance of which was captivated by love at the moment the disaster, and three-dimensional reproduced image as in the play. Replacement of the head and arms is also possible, it has just become a fan long-awaited high-quality goods.</b></span></div></section><aside><div class="hasso"><h3><b>Shipping</b></h3><p></p><div class="tab"><b><b><div align="center">&nbsp; <table cellspacing="0" cellpadding="0" style=" margin:0px;border:#CCC solid 1px; "><tbody><tr style="background-color:#000; font-size:1.1em; color:#fff;"><th scope="col" style="padding:10px 20px 10px 20px; border:#CCC solid 1px;">Destination</th><th scope="col" style="padding:10px 20px 10px 20px; border:#CCC solid 1px;">Area</th><th scope="col" style="padding:10px 20px 10px 20px; border:#CCC solid 1px;">Cost</th><th scope="col" style="padding:10px 20px 10px 20px; border:#CCC solid 1px;">estimated delivery time</th><th scope="col" style="padding:10px 20px 10px 20px; border:#CCC solid 1px;">Tracking &amp; Insurance</th></tr><tr><th scope="row" style="background-color:#000; font-size:1.1em; color:#fff;padding:10px 20px 10px 20px; border:#CCC solid 1px;">Expedited<br>&nbsp;(EMS)</th><td style="padding:10px 20px 10px 20px; border:#CCC solid 1px; text-align: center;background-color:#FFF;color:#180E0A;">World wide</td><td style="padding:10px 20px 10px 20px; border:#CCC solid 1px; text-align: center;background-color:#FFF;color:#180E0A;"><b style="0," 16);="" font-size:="" x-large;="" text-align:="" left;"="">Please refer to the shipping and payments.</b></td><td style="padding:10px 20px 10px 20px; border:#CCC solid 1px; text-align: center;background-color:#FFF;color:#180E0A;">3-10 Days</td><td style="padding:10px 20px 10px 20px; border:#CCC solid 1px; text-align: center;background-color:#FFF;color:#180E0A;">Yes!</td></tr></tbody></table></div><br><br><br>The lowest price and estimated delivery time are estimated to USA. Other areas may need more time.<br>There is a possibility that there are products for which a shipping cost table is not applied.Please check with shipping &amp; payment.<br>If the item is broken or not arrived, I will request a survey request. Please cooperate.<br><br>This arrival to you in to time in the time it is is different. <br>This is because there is a possibility to be stopped at customs.<br>It is not known to me.I will respond in good faith.<br> Please contact me to do so products do not open a case without arrival.</b><br><br></b></div><b> &nbsp;<p></p></b></div><div class="torihiki"><h3><b>About us</b></h3><p><b><b>&nbsp; &nbsp; &nbsp; &nbsp; Our Products are 100% Authentic.<br>&nbsp; &nbsp; &nbsp; &nbsp; &nbsp;I promise to pack up the product very carefully.<br>&nbsp; &nbsp; &nbsp; &nbsp; &nbsp;If you have any question,please contact me.<br>&nbsp; &nbsp; &nbsp; &nbsp; &nbsp;We greatly appreciate your POSITIVE feedback. <br>&nbsp; &nbsp; &nbsp; &nbsp; &nbsp;Please do NOT leave negative feedback without asking for help. <br>&nbsp; &nbsp; &nbsp; &nbsp; &nbsp;Our aim is to provide Top Level Customer Service, normally so we will try our best to solve any problem you &nbsp; &nbsp; &nbsp; &nbsp; &nbsp;have.<br>&nbsp; &nbsp; &nbsp; &nbsp; &nbsp;Happy Bidding!!</b> </b></p></div><div class="tyuui"><h3><b>International Buyers - Please Note: </b></h3><p><b>&nbsp; &nbsp; &nbsp;;Import duties, taxes and charges are not included in the item price or shipping charges.These charges are &nbsp; &nbsp; &nbsp;the buyers responsibility.<br>&nbsp; &nbsp; &nbsp;;Please check with your countrys customs office to determine what these additional costs will be prior to &nbsp; &nbsp; &nbsp; bidding/buying.<br>&nbsp; &nbsp; &nbsp;;These charges are normally collected by the delivering freight (shipping) company or when you pick the item &nbsp; &nbsp; &nbsp;up - do not confuse them for additional shipping charges. <br>&nbsp; &nbsp; &nbsp;;We do not mark merchandise values below value or mark items as "gifts" - US and International government &nbsp; &nbsp; &nbsp;regulations prohibit such behavior.</b></p></div></aside></article></div><p></p><center><b><img src="https://pics.ebay.com/aw/pics/viewitem/fe/imgFePowered_88x33.gif"></b></center><p></p></font>
</DOC>
<DOC>
<DOCID>1700272</DOCID>
<CATEGORY>Collectibles > Comics > Other Comic Collectibles</CATEGORY>
<ORIGTITLE>JUSTICE LEAGUE OF AMERICA  (2013 Series)  (DC NEW52) #1 IN Near Mint Comics Book</ORIGTITLE>
<p>
Please note: this is only one of the many thousands of back issue comics, magazines, comics trade paperbacks, and comics hardback collections that we list for sale on eBay. We stock over eight million comics and books in our three Denver warehouses, our two Denver area retail stores, and most especially in our gigantic 35,000 square foot Central Denver Mega-Store. Please enjoy shopping through the single largest selection of comics available from any one vendor on all of eBay!
<p>
In addition to our low prices, you can also combine an unlimited number of comics and books into a single order for only a $4.95 shipping charge for delivery anywhere in the USA, and $14.00 shipping on most International orders.
<p>
An important note: the cover photo of the item shown in this listing, is not a scan of the actual item. We sell well over one million back issue comics a year, and thus have a huge library of past scans that we utilize to illustrate the books that we are offering on eBay. Below we have listed a very detailed written description of our grading standards for this particular book. If the issue that we send you fails to meet any part of our grading criteria, we'll arrange for a full refund, and/or a replacement copy.
<p>
The final bit of information that you need to know about us is that our eBay warehouse is closed on the weekends and on most major holidays. We generally ship all our eBay orders Monday-Friday, and with the exception of orders arriving on Friday, we generally can ship eBay orders within 48 hours.
<p>
Happy Collecting!
<p>
Chuck Rozanski,<br>
President - Mile High Comics, Inc.
<p>
 <p align="center"><b>JUSTICE LEAGUE OF AMERICA  (Series Began 2013)  (DC NEW52) Issue #1 IN comics in Near Mint condition. Published by DC Comics.</b></p><p>Near Mint - Nearly perfect with only minor imperfections allowed. This grade should have no corner or impact creases, stress marks should be almost invisible, and bindery tears must be less than 1/16 inch. A couple of very tiny color flecks, or a combination of the above that keeps the book from being perfect, where the overall eye appeal is less than Mint drops the book into this grade. Only the most subtle binding and/or printing defects allowed. Cover is flat with no surface wear. Cover inks are bright with high reflectivity and minimum of fading. Corners are cut square and sharp with ever so slight blunting permitted. Staples are generally centered, clean with no rust. Cover is well centered and firmly secured to interior pages. Paper is supple and like new. Spine is tight and flat.</p><p></p><p>We list over 200,000 items in our eBay Store. Shipping costs apply only to the first item. <b>All additional items in the same order ship for free!</b></p><p>The image in this listing is from a random copy of this product that we have had in stock recently. It probably will not be the item we send you, nor even representative of the grade of this item, but is meant to help you determine if this is the item you want. Please view our <a href="http://stores.ebay.com/milehighcomics/pages/mile-high-comics-grading-standards">grading standards</a> for details on a specific grade.</p>
</p>        
</DOC>
<DOC>
<DOCID>1700273</DOCID>
<CATEGORY>Collectibles > Historical Memorabilia > Fraternal Organizations > Masonic, Freemasonry > Aprons & Regalia</CATEGORY>
<ORIGTITLE>MASONIC TRADITIONAL PAST MASTER APRON BULLION HAND EMBROIDERED (MA-266-PM)</ORIGTITLE>
<font rwr='1' size='4' style='font-family:Arial'><font rwr="1" style="font-family:Arial" size="4"><font rwr="1" style="font-family:Arial" size="4"><font rwr="1" style="font-family:Arial" size="4"><font rwr="1" style="font-family:Arial" size="4"><font rwr="1" style="font-family:Arial" size="4"><font rwr="1" style="font-family:Arial" size="4"><font rwr="1" style="font-family:Arial" size="4"><font rwr="1" style="font-family:Arial" size="4"><meta name="viewport" content="width=device-width, initial-scale=1.0"><font rwr="1" style="font-family:Arial" size="4"><font rwr="1" style="font-family:Arial" size="4"><font rwr="1" style="font-family:Arial" size="4"><font rwr="1" style="font-family:Arial" size="4"><font rwr="1" style="font-family:Arial" size="4"><font rwr="1" style="font-family:Arial" size="4"><dl class="style1">
<dt><span style="font-size:15.0pt;font-family:Verdana">Salient features:</span></dt>
<dt><span style="font-size:15.0pt;font-family:Verdana">&nbsp;</span></dt>
<dt><span style="font-family:Verdana; font-size:15pt; ">-&nbsp;Brand New Masonic Traditional PAST MASTER Apron with flap (bib)</span></dt>
<dt><span style="font-family:Verdana; font-size:15pt; ">- Nicely HAND EMBROIDERED&nbsp;with bullion and silk threads</span></dt>
<dt><span style="font-family:Verdana; font-size:15pt; ">- Apron made on white high quality faux leather (vinyl) with black chenille&nbsp;flap</span></dt>
<dt><span style="font-family:Verdana; font-size:15pt; ">- Size&nbsp;14 inch wide x 16 inch high<br>
</span></dt>
<dt><span style="font-family:Verdana; font-size:15pt; ">- Black chenille border - 2</span><span style="font-family:Verdana; font-size:15pt; "><span style="font-family:Verdana; font-size:15pt; ">¼</span> inch wide with ¼ inch wide golden metallic braid</span></dt>
<dt><span style="font-family:Verdana; font-size:15pt; ">- Matching black fine polyester fabric lining on back with glove pocket<br>
</span></dt>
<dt><span style="font-family:Verdana; font-size:15pt; ">- Black 40 inch long polyester adjustable waist belt with golden snake clasp and adjuster (perfect for waist line of up to 52 inch)</span></dt>
</dl></font></font></font></font></font></font></font></font></font></font></font></font></font></font></font>
</DOC>
<DOC>
<DOCID>1700290</DOCID>
<CATEGORY>Collectibles > Science Fiction & Horror > Buffy the Vampire Slayer</CATEGORY>
<ORIGTITLE>MAC-BTVS BUFFY ToyFare Exclusive Buffy the Vampire Slayer CS Moore</ORIGTITLE>
<font rwr='1' size='4' style='font-family:Arial'><h1 style="margin-right: 0in; margin-left: 0in; font-size: 24pt; font-family: 'Times New Roman'; font-weight: bold; color: rgb(0, 0, 0); font-style: normal; font-variant: normal; letter-spacing: normal; line-height: normal; orphans: auto; text-indent: 0px; text-transform: none; white-space: normal; widows: 1; word-spacing: 0px; -webkit-text-stroke-width: 0px; text-align: center;" align="center">New Unopened Factory Sealed</h1><h1 style="margin: 1.5pt; font-size: 24pt; font-family: 'Times New Roman'; font-weight: bold; color: rgb(0, 0, 0); font-style: normal; font-variant: normal; letter-spacing: normal; line-height: normal; orphans: auto; text-indent: 0px; text-transform: none; white-space: normal; widows: 1; word-spacing: 0px; -webkit-text-stroke-width: 0px; text-align: justify;"><em><span style="font-family: 'Trebuchet MS'; color: maroon; font-style: normal;">MOORE</span></em><em><span style="font-family: 'Trebuchet MS'; color: maroon; font-style: normal;"><span class="Apple-converted-space">&nbsp;</span>ACTION COLLECTIBLES</span></em></h1><br style="color: rgb(0, 0, 0); font-family: 'Times New Roman'; font-size: medium; font-style: normal; font-variant: normal; font-weight: normal; letter-spacing: normal; line-height: normal; orphans: auto; text-align: start; text-indent: 0px; text-transform: none; white-space: normal; widows: 1; word-spacing: 0px; -webkit-text-stroke-width: 0px;"><p class="MsoNormal" style="margin: 0in 0in 0.0001pt; font-size: medium; font-family: 'Times New Roman'; color: rgb(0, 0, 0); font-style: normal; font-variant: normal; font-weight: normal; letter-spacing: normal; line-height: normal; orphans: auto; text-align: start; text-indent: 0px; text-transform: none; white-space: normal; widows: 1; word-spacing: 0px; -webkit-text-stroke-width: 0px;"><span style="font-size: 36pt;">Buffy Summers ToyFare Exclusive Buffy the Vampire Slayer CS Moore</span></p><br><font rwr="1" style="font-family:Arial" size="4"><font size="6"><font size="4">&nbsp;</font></font></font><font rwr="1" style="font-family:Arial" size="4"><span style="margin: 0px; line-height: 107%; font-family: &quot;Arial&quot;,sans-serif; font-size: 20pt;"></span></font></font>
</DOC>
<DOC>
<DOCID>1700289</DOCID>
<CATEGORY>Collectibles > Cultures & Ethnicities > Asian > 1900-Now > Chinese > Vases & Jars</CATEGORY>
<ORIGTITLE>Egyptian Asian Greek Hunting Scene Ginger Jar</ORIGTITLE>
<font size="4" style="font-family:Arial" rwr="1"><div align="center"><font face="Comic Sans MS">Collectible Egyptian Indian Asian Hunting Scene Ginger Jar&nbsp;</font></div><div align="center"><font face="Comic Sans MS"></font><br></div><div align="center"><font face="Comic Sans MS">Estate find&nbsp; . . .&nbsp;</font></div><div align="center"><font face="Comic Sans MS"></font><br></div><div align="center"><font face="Comic Sans MS">There are hunting scenes and spears but I&nbsp;</font></div><div align="center"><font face="Comic Sans MS">cant really tell the exact ethnicity of the people&nbsp;</font></div><div align="center"><font face="Comic Sans MS">&nbsp;</font></div><div align="center"><font face="Comic Sans MS">Interesting find . . . no markings . . . .clean inside . . .lid top&nbsp;</font></div><div align="center"><font face="Comic Sans MS">Greek style trim&nbsp; . . . two type of materials make up this tall jar&nbsp;</font></div><div align="center"><font face="Comic Sans MS"></font><br></div><div align="center"><font face="Comic Sans MS">Questions??? Please ask prior to bidding&nbsp;</font></div><div align="center"><font face="Comic Sans MS"></font><br></div><div align="center"><font face="Comic Sans MS">** Items listed at auction are estate, used or vintage finds being sold as is as found</font></div><div align="center"><font face="Comic Sans MS">Some may show signs of wear consistent with age or use. Please keep this in mind when placing your bid&nbsp;</font></div><div align="center"><font face="Comic Sans MS">Being sold as is as found&nbsp; . . . all sales are final</font></div><div align="center"><font face="Comic Sans MS"></font><br></div><div align="center"><font face="Comic Sans MS">Payment via Paypal is due at auctions end&nbsp;</font></div><div align="center"><font face="Comic Sans MS">&nbsp;</font></div><div align="center"><font face="Comic Sans MS"></font><br></div></font>
</DOC>
<DOC>
<DOCID>1700278</DOCID>
<CATEGORY>Collectibles > Science & Medicine (1930-Now) > Engineering > Slide Rules</CATEGORY>
<ORIGTITLE>Fredrick Slide Rule with K & E POLYPHASE N4053 Instructions 12"</ORIGTITLE>
Fredrick Slide Rule with K &amp; E POLYPHASE N4053 Instructions 12".  The instructions and slide rule are not a matching pair.  
<br>
<br>Moderate wear instrument and instructions, fully functional.  
<br>Note that the case flap is broken off and missing.  
<br>
<br>Loc 12
</DOC>
<DOC>
<DOCID>1700286</DOCID>
<CATEGORY>Collectibles > Advertising > Merchandise & Memorabilia > Advertising-Print > 1970-79</CATEGORY>
<ORIGTITLE>1975 Tex Tan SHOW STOPPER Horse Saddle photo vintage print Ad</ORIGTITLE>
<TABLE CELLSPACING="28" CELLPADDING="0" WIDTH="100%"><TR><TD VALIGN="top"><P>Original print advertisement from 1975 (not a reprint or reproduction, all of our items are originals).</P>
<P>Condition Grade: <STRONG>VG</STRONG></P>
<P>Size: 8 x 10 3/4 inches</P>
<P>Packaging: Item packed flat in a stiff cardboard mailer and then sealed in a waterproof poly mailer.</P>
<p><img src="https://aweb.s3.amazonaws.com/a84000/b85620.jpg"></p>
</TD></TR><TR><TD VALIGN="top" ALIGN="center"></TD></TR></TABLE>
</DOC>
<DOC>
<DOCID>1700285</DOCID>
<CATEGORY>Collectibles > Pens & Writing Instruments > Pens > Fountain Pens > Waterman</CATEGORY>
<ORIGTITLE>Vintage Wiedlich Eyedropper Filling Fountain Pen Barrel</ORIGTITLE>
<font size="4" style="font-family:Arial" rwr="1"><div>This is a vintage Wiedlich eyedropper filling fountain pen barrel and section.&nbsp; There are no cracks, chips or teeth marks.</div><div><br></div><div><br></div></font>
</DOC>
<DOC>
<DOCID>1700271</DOCID>
<CATEGORY>Collectibles > Disneyana > Contemporary (1968-Now) > Banks</CATEGORY>
<ORIGTITLE>used Disney Mickie and Minnie car Vinyl Bank from the disney collection enesco</ORIGTITLE>
This listing is for a mickie and minnie vinyl bank by enesco. new ones of this model sell for 175$ don't believe me check for yourself. This rare bank is part of the disney collection only by enesco and is very hard to find is missing the stopper on the bottom and has some wear and scratching but still you can't beat the price for this cool enesco collectible.<span class="s1"><span class="Apple-converted-space"></span></span><BR/><font rwr='1' size='4' style='font-family:Arial'>add 3 items to your shopping cart and get 5$ off each when you pay for them as one order ##OFFER DOES NOT INCLUDE BEST OFFERS###</font>
</DOC>
<DOC>
<DOCID>1700280</DOCID>
<CATEGORY>Collectibles > Banks, Registers & Vending > Mechanical Banks</CATEGORY>
<ORIGTITLE>Antique Cast Iron J and E Stevens Bad Accident Black Americana Mechanical  Bank</ORIGTITLE>
<font rwr='1' size='4' style='font-family:Arial'><font rwr="1" size="4" style="font-family:Arial">Hello, Up for A Buy it Now, From a very old estate the man collected banks for years. I have owned this bank for 5 years myself.&nbsp; Antique old Pat date Feb 2 1888 on the removable piece where the coins go under neath the cart. {Bad Accident} mechanical&nbsp;<span style="color: rgb(51, 51, 51); font-family: &quot;Helvetica neue&quot;, Helvetica, Verdana, sans-serif; font-size: 18px; font-weight: 700; background-color: rgb(248, 248, 248);">Black Americana</span>&nbsp;Cast Iron bank. Made by the J and E Stevens Cromwell CT.&nbsp; As shown there is missing paint all over. The bank works as it should push the side lever and the cart goes up and shoots the coin in. No broken pieces. All is there as should be. The bank measures 9 1/2 inches long. The little man measures 2 1/2 inches tall. The donkey measures 5 inches long. Great bank for display or for the collector. The real Deal. Any questions please feel free to ask.&nbsp;</font></font>
</DOC>
<DOC>
<DOCID>1700291</DOCID>
<CATEGORY>Collectibles > Disneyana > Contemporary (1968-Now) > Pins, Patches & Buttons > Other Disney Pins & Patches</CATEGORY>
<ORIGTITLE>Disney valentines day Aristocats Toulouse Berlioz and Marie pin Le</ORIGTITLE>
<font rwr='1' size='4' style='font-family:Arial'><meta name="viewport" content="width=device-width, initial-scale=1">  <font rwr="1" size="4" style="font-family:Arial"><meta http-equiv="Content-Type" content="text/html; charset=UTF-8"> <meta http-equiv="Content-Style-Type" content="text/css"> <title></title> <meta name="Generator" content="Cocoa HTML Writer"> <style type="text/css"> p.p1 {margin: 0.0px 0.0px 12.0px 0.0px; line-height: 14.0px; font: 17.0px 'Times New Roman'; color: #000000; -webkit-text-stroke: #000000; min-height: 19.5px} p.p2 {margin: 0.0px 0.0px 12.0px 0.0px; text-align: center; line-height: 14.0px; font: 17.0px Arial; color: #000000; -webkit-text-stroke: #000000} p.p3 {margin: 0.0px 0.0px 8.0px 0.0px; font: 17.0px Helvetica; color: #000000} p.p4 {margin: 0.0px 0.0px 12.0px 0.0px; text-align: center; line-height: 17.0px; font: 17.0px Arial; color: #000000; -webkit-text-stroke: #000000} p.p5 {margin: 0.0px 0.0px 12.0px 0.0px; text-align: center; line-height: 15.0px; font: 17.0px 'Times New Roman'; color: #0000ee; -webkit-text-stroke: #0000ee} p.p6 {margin: 0.0px 0.0px 12.0px 0.0px; line-height: 15.0px; font: 17.0px 'Times New Roman'; color: #000000; -webkit-text-stroke: #000000; min-height: 19.5px} p.p7 {margin: 0.0px 0.0px 0.0px 0.0px; line-height: 15.0px; font: 17.0px 'Times New Roman'; color: #000000; -webkit-text-stroke: #000000; min-height: 19.5px} p.p8 {margin: 0.0px 0.0px 0.0px 0.0px; line-height: 14.0px; font: 17.0px Arial; color: #000000; -webkit-text-stroke: #000000} span.s1 {font-family: 'Times New Roman'; font-weight: normal; font-style: normal; font-size: 17.00pt; font-kerning: none} span.s2 {font-family: 'Arial-BoldMT'; font-weight: bold; font-style: normal; font-size: 17.00pt; font-kerning: none} span.s3 {font-family: 'Helvetica'; font-weight: normal; font-style: normal; font-size: 17.00pt} span.s4 {font-family: 'Arial'; font-weight: normal; font-style: normal; font-size: 17.00pt; font-kerning: none} span.s5 {font-family: 'Times New Roman'; font-weight: normal; font-style: normal; font-size: 17.00pt; font-kerning: none; color: #0000ee; -webkit-text-stroke: 0px #0000ee} </style> <p class="p1"><span class="s1"></span><br></p> <p class="p1"><span class="s1"></span><br></p> <p class="p2"><span class="s2">Disney 45th Anniversary Aristocats Toulouse Berlioz and Marie pin <span class="Apple-converted-space">&nbsp;</span></span></p> <p class="p3"><span class="s3">New on card<span class="Apple-converted-space">&nbsp;</span></span></p> <p class="p3"><span class="s3">Limited edition 700</span></p> <p class="p3"><span class="s3">Aprox 1 3/4"<span class="Apple-converted-space">&nbsp;</span></span></p> <p class="p4"><span class="s4"><br> </span></p> <p class="p4"><span class="s4">Please render payment within 3 days of purchase. &nbsp;</span></p> <p class="p5"><span class="s1"><a href="http://pages.ebay.com/selling_manager_pro" target="_blank"><span class="s5"></span></a></span></p> <p class="p6"><span class="s1"></span><br></p> <p class="p7"><span class="s1"></span><br></p> <p class="p8"><span class="s4">International Buyers....The post office has dramatically increased the postage cost as of January 27th 2013. &nbsp;Combined shipping is available. &nbsp;Please request a total before you pay for multiple purchases for combined shipping.&nbsp;</span><span class="s1"><span class="Apple-converted-space">&nbsp;</span></span></p> <p class="p7"><span class="s1"></span><br></p>      <br><!-- START added by Ki Googalytics --><center><a target="_blank"></a></center>     <!-- END added by Ki Googalytics --></font><p></p><center><img src="https://pics.ebay.com/aw/pics/viewitem/fe/imgFePowered_88x33.gif"></center><p></p></font>
</DOC>
<DOC>
<DOCID>1700292</DOCID>
<CATEGORY>Collectibles > Pens & Writing Instruments > Pens > Fountain Pens > Sheaffer</CATEGORY>
<ORIGTITLE>Sheaffer, Balance Petite Fountain Pen & Pencil Set, Black w/Gold Fill Trim</ORIGTITLE>
<font size="4" style="font-family: Arial;" rwr="1"><font size="4" style="font-family: Arial;" rwr="1"><font size="4" style="font-family: Arial;" rwr="1"><p>Fountain pen is lever filler; crisp, complete barrel imprint; trim and clip show no brassing; 14 karat gold 3-25 FIRM/FINE nib; 4-1/8" capped, and 4-13/16" open with posted cap; pen clean, fitted with new ink sac, and is RESTORED AND WORKING.</p><p>Pencil is twist activated; crisp cap imprint; trim and clip show no brassing; no dings or dents in ferrule; lead advances but does not retreat; measures 4-3/16" in length; WORKING.</p><p>The smallest pen and pencil produced by Sheaffer, both pen and pencil show tiny scuff marks due to age, with condition listed as good plus as there are no nicks, chips or cracks in either item.</p><p><br></p></font></font></font>
</DOC>
<DOC>
<DOCID>1700295</DOCID>
<CATEGORY>Collectibles > Advertising > Soda > 7 UP</CATEGORY>
<ORIGTITLE>VINTAGE 7UP SEVEN UP SODA POP DRINK WOOD CRATE ADVERTISING THE UNCOLA OLD</ORIGTITLE>
<p>Metal corners. </p><p>Wood slays on bottom are under the metal at ends but loose and split so weak if used to carrying heavy objects</p><p>Discolored on one corner. See photos</p><p>Handle holes on each end </p><br><p>Shed</p>
</DOC>
<DOC>
<DOCID>1700296</DOCID>
<CATEGORY>Collectibles > Decorative Collectibles > Decorative Collectible Brands > Avon > Candle Holders</CATEGORY>
<ORIGTITLE>Avon Vintage Coin-Dot Candlasticks 1961-72 Representitive Gifts,Fostoria Glass</ORIGTITLE>
<font rwr='1' size='4' style='font-family:Arial'><table width="100%" cellspacing="28" cellpadding="0">
							<tbody><tr>
								<td valign="top">
						<p align="center"><font size="5"></font>&nbsp;</p>
<p align="center"><font size="5">Vintage</font></p>
<p align="center"><font size="5">No Box</font></p>
<p align="center"><font size="5">Avon</font></p>
<p align="center"><font size="5">Coin-Dot Candlesticks Pair</font></p>
<p align="center"><font size="5">1961-1972</font></p>
<p align="center"><font size="5">clear glass with Avon symbols.</font></p>
<p align="center"><font size="5">Fostoria label on feet.</font></p>
<p align="center"><font size="5">Buyer pays s/h.</font></p>
<p align="center"><font size="5"></font>&nbsp;</p>

								</td>
							</tr>
							</tbody></table>
						<center><img src="http://pics.ebay.com/aw/pics/sell/templates/images/k2/tagline.gif" border="0"><br><font size="2" face="Arial,Helvetica">Powered by <a href="http://pages.ebay.com/turbo_lister/">eBay Turbo Lister</a><br>The free listing tool. List your items fast and easy and manage your active items.
			</font></center></font>
</DOC>
<DOC>
<DOCID>1700299</DOCID>
<CATEGORY>Collectibles > Kitchen & Home > Kitchenware > Cookie Jars > Modern (1970-Now) > Animation Characters</CATEGORY>
<ORIGTITLE>Foghorn Leghorn Looney Tunes Talking Cookie Jar</ORIGTITLE>
<!DOCTYPE html>
<html lang="">

<head>
	<meta charset="utf-8">
	<meta http-equiv="X-UA-Compatible" content="IE=edge,chrome=1">
	<meta name="viewport" content="width=device-width, initial-scale=1.0, maximum-scale=1.0, user-scalable=no">
	<title>Foghorn Leghorn Looney Tunes Talking Cookie Jar</title>

	<!-- Traditional meta -->
	<meta name="keywords" content="" >
	<meta name="description" content="" >

	<!-- Stylesheets -->
	<link href="https://tmpl-resources.auctiva.com/resources/css/layout-general.min.css?v=8" rel="stylesheet">
	<link href="https://tmpl-resources.auctiva.com/resources/css/theme/theme-color-orange.min.css?v=8" rel="stylesheet">

	<!-- Favicon -->
	<link rel="icon" type="image/x-icon"  />
</head>

<body id="theme-color-orange">

		<div class="storeWindowTop"><!--CSG INDICATOR START-->
<!-- AUCTIVA Scrolling Gallery (do not remove or modify the "CSG INDICATOR START/END" tags or contents) --><link id="csgCss" rel="stylesheet" href="https://scrollinggallery.auctiva.com/gallery/css/2(0)/AUCTIVA/524641/0/25/_563?matchingColor=FFA500"><div id="csgGallery" style="display: none"><input id="csgScrollingCheckbox_563" type="checkbox" checked /><input id="csgSingleRowCheckbox_563" type="checkbox" checked /><div id="csgGalleryPos"><div id="csgGalleryContainer"><div id="csgHeader" class="csgFrame"><div id="csgHeaderLeft" class="csgLeft"><a id="csgHLStoreLink" href="https://www.ebay.com/usr/jitterbug5948" target="_blank"></a><span id="csgHLLogo" class="csgLogo"></span></div><div id="csgHeaderCenter" class="csgCenter"><a id="csgHCStoreLink" href="https://www.ebay.com/usr/jitterbug5948" target="_blank"></a><span id="csgHCLogo" class="csgLogo"></span></div><div id="csgHeaderRight" class="csgRight"><label id="csgHRScrollingLabel" for="csgScrollingCheckbox_563"></label><label id="csgHRSingleRowLabel" for="csgSingleRowCheckbox_563"></label><span id="csgHRLogo" class="csgLogo"></span></div></div><div id="csgOuterNavWrapper"><input id="csgPrev1_563" name="csgRadio" class="csgPrevCheck" type="radio"/><input id="csgPrev2_563" name="csgRadio" class="csgPrevCheck" type="radio"/><input id="csgPrev3_563" name="csgRadio" class="csgPrevCheck" type="radio"/><input id="csgPrev4_563" name="csgRadio" class="csgPrevCheck" type="radio"/><input id="csgPrev5_563" name="csgRadio" class="csgPrevCheck" type="radio"/><input id="csgPrev6_563" name="csgRadio" class="csgPrevCheck" type="radio"/><input id="csgPrev7_563" name="csgRadio" class="csgPrevCheck" type="radio"/><input id="csgPrev8_563" name="csgRadio" class="csgPrevCheck" type="radio"/><input id="csgPrev9_563" name="csgRadio" class="csgPrevCheck" type="radio"/><input id="csgPrev10_563" name="csgRadio" class="csgPrevCheck" type="radio"/><input id="csgPrev11_563" name="csgRadio" class="csgPrevCheck" type="radio"/><input id="csgPrev12_563" name="csgRadio" class="csgPrevCheck" type="radio"/><input id="csgPrev13_563" name="csgRadio" class="csgPrevCheck" type="radio"/><input id="csgPrev14_563" name="csgRadio" class="csgPrevCheck" type="radio"/><input id="csgPrev15_563" name="csgRadio" class="csgPrevCheck" type="radio"/><input id="csgPrev16_563" name="csgRadio" class="csgPrevCheck" type="radio"/><input id="csgPrev17_563" name="csgRadio" class="csgPrevCheck" type="radio"/><input id="csgPrev18_563" name="csgRadio" class="csgPrevCheck" type="radio"/><input id="csgPrev19_563" name="csgRadio" class="csgPrevCheck" type="radio"/><input id="csgPrev20_563" name="csgRadio" class="csgPrevCheck" type="radio"/><input id="csgNext1_563" name="csgRadio" class="csgNextCheck" type="radio"/><input id="csgNext2_563" name="csgRadio" class="csgNextCheck" type="radio"/><input id="csgNext3_563" name="csgRadio" class="csgNextCheck" type="radio"/><input id="csgNext4_563" name="csgRadio" class="csgNextCheck" type="radio"/><input id="csgNext5_563" name="csgRadio" class="csgNextCheck" type="radio"/><input id="csgNext6_563" name="csgRadio" class="csgNextCheck" type="radio"/><input id="csgNext7_563" name="csgRadio" class="csgNextCheck" type="radio"/><input id="csgNext8_563" name="csgRadio" class="csgNextCheck" type="radio"/><input id="csgNext9_563" name="csgRadio" class="csgNextCheck" type="radio"/><input id="csgNext10_563" name="csgRadio" class="csgNextCheck" type="radio"/><input id="csgNext11_563" name="csgRadio" class="csgNextCheck" type="radio"/><input id="csgNext12_563" name="csgRadio" class="csgNextCheck" type="radio"/><input id="csgNext13_563" name="csgRadio" class="csgNextCheck" type="radio"/><input id="csgNext14_563" name="csgRadio" class="csgNextCheck" type="radio"/><input id="csgNext15_563" name="csgRadio" class="csgNextCheck" type="radio"/><input id="csgNext16_563" name="csgRadio" class="csgNextCheck" type="radio"/><input id="csgNext17_563" name="csgRadio" class="csgNextCheck" type="radio"/><input id="csgNext18_563" name="csgRadio" class="csgNextCheck" type="radio"/><input id="csgNext19_563" name="csgRadio" class="csgNextCheck" type="radio"/><input id="csgNext20_563" name="csgRadio" class="csgNextCheck" type="radio"/><div id="csgNavLeft" class="csgNavLabels"><div id="csgNavLeftWrapper" class="csgNavWrapper"><label id="csgPrevLabel1" class="csgNavLabel" for="csgPrev1_563"></label><label id="csgPrevLabel2" class="csgNavLabel" for="csgPrev2_563"></label><label id="csgPrevLabel3" class="csgNavLabel" for="csgPrev3_563"></label><label id="csgPrevLabel4" class="csgNavLabel" for="csgPrev4_563"></label><label id="csgPrevLabel5" class="csgNavLabel" for="csgPrev5_563"></label><label id="csgPrevLabel6" class="csgNavLabel" for="csgPrev6_563"></label><label id="csgPrevLabel7" class="csgNavLabel" for="csgPrev7_563"></label><label id="csgPrevLabel8" class="csgNavLabel" for="csgPrev8_563"></label><label id="csgPrevLabel9" class="csgNavLabel" for="csgPrev9_563"></label><label id="csgPrevLabel10" class="csgNavLabel" for="csgPrev10_563"></label><label id="csgPrevLabel11" class="csgNavLabel" for="csgPrev11_563"></label><label id="csgPrevLabel12" class="csgNavLabel" for="csgPrev12_563"></label><label id="csgPrevLabel13" class="csgNavLabel" for="csgPrev13_563"></label><label id="csgPrevLabel14" class="csgNavLabel" for="csgPrev14_563"></label><label id="csgPrevLabel15" class="csgNavLabel" for="csgPrev15_563"></label><label id="csgPrevLabel16" class="csgNavLabel" for="csgPrev16_563"></label><label id="csgPrevLabel17" class="csgNavLabel" for="csgPrev17_563"></label><label id="csgPrevLabel18" class="csgNavLabel" for="csgPrev18_563"></label><label id="csgPrevLabel19" class="csgNavLabel" for="csgPrev19_563"></label><label id="csgPrevLabel20" class="csgNavLabel" for="csgPrev20_563"></label></div></div><div id="csgNavRight" class="csgNavLabels"><div id="csgNavRightWrapper" class="csgNavWrapper"><label id="csgNextLabel1" class="csgNavLabel" for="csgNext1_563"></label><label id="csgNextLabel2" class="csgNavLabel" for="csgNext2_563"></label><label id="csgNextLabel3" class="csgNavLabel" for="csgNext3_563"></label><label id="csgNextLabel4" class="csgNavLabel" for="csgNext4_563"></label><label id="csgNextLabel5" class="csgNavLabel" for="csgNext5_563"></label><label id="csgNextLabel6" class="csgNavLabel" for="csgNext6_563"></label><label id="csgNextLabel7" class="csgNavLabel" for="csgNext7_563"></label><label id="csgNextLabel8" class="csgNavLabel" for="csgNext8_563"></label><label id="csgNextLabel9" class="csgNavLabel" for="csgNext9_563"></label><label id="csgNextLabel10" class="csgNavLabel" for="csgNext10_563"></label><label id="csgNextLabel11" class="csgNavLabel" for="csgNext11_563"></label><label id="csgNextLabel12" class="csgNavLabel" for="csgNext12_563"></label><label id="csgNextLabel13" class="csgNavLabel" for="csgNext13_563"></label><label id="csgNextLabel14" class="csgNavLabel" for="csgNext14_563"></label><label id="csgNextLabel15" class="csgNavLabel" for="csgNext15_563"></label><label id="csgNextLabel16" class="csgNavLabel" for="csgNext16_563"></label><label id="csgNextLabel17" class="csgNavLabel" for="csgNext17_563"></label><label id="csgNextLabel18" class="csgNavLabel" for="csgNext18_563"></label><label id="csgNextLabel19" class="csgNavLabel" for="csgNext19_563"></label><label id="csgNextLabel20" class="csgNavLabel" for="csgNext20_563"></label></div></div><div id="csgSlidesContainer"><div id="csgSlidesOuter"><a id="csgOverrideLink" href="https://www.ebay.com/usr/jitterbug5948" target="_blank"></a><div id="csgSlides"><div class="csgSlide"><div class="csgListing"><a href="https://www.ebay.com/sch/jitterbug5948/m.html?_ipg=100&_dmd=2&_sop=1" target="_blank"><div class="csgListingImage"></div><div class="csgTitle"></div><div class="csgDetails"><span class="csgPrice"></span><br><span class="csgEndTime"></span></div></a></div></div><div class="csgSlide"><div class="csgListing"><a href="https://www.ebay.com/sch/jitterbug5948/m.html?_ipg=100&_dmd=2&_sop=1" target="_blank"><div class="csgListingImage"></div><div class="csgTitle"></div><div class="csgDetails"><span class="csgPrice"></span><br><span class="csgEndTime"></span></div></a></div></div><div class="csgSlide"><div class="csgListing"><a href="https://www.ebay.com/sch/jitterbug5948/m.html?_ipg=100&_dmd=2&_sop=1" target="_blank"><div class="csgListingImage"></div><div class="csgTitle"></div><div class="csgDetails"><span class="csgPrice"></span><br><span class="csgEndTime"></span></div></a></div></div><div class="csgSlide"><div class="csgListing"><a href="https://www.ebay.com/sch/jitterbug5948/m.html?_ipg=100&_dmd=2&_sop=1" target="_blank"><div class="csgListingImage"></div><div class="csgTitle"></div><div class="csgDetails"><span class="csgPrice"></span><br><span class="csgEndTime"></span></div></a></div></div><div class="csgSlide"><div class="csgListing"><a href="https://www.ebay.com/sch/jitterbug5948/m.html?_ipg=100&_dmd=2&_sop=1" target="_blank"><div class="csgListingImage"></div><div class="csgTitle"></div><div class="csgDetails"><span class="csgPrice"></span><br><span class="csgEndTime"></span></div></a></div></div><div class="csgSlide"><div class="csgListing"><a href="https://www.ebay.com/sch/jitterbug5948/m.html?_ipg=100&_dmd=2&_sop=1" target="_blank"><div class="csgListingImage"></div><div class="csgTitle"></div><div class="csgDetails"><span class="csgPrice"></span><br><span class="csgEndTime"></span></div></a></div></div><div class="csgSlide"><div class="csgListing"><a href="https://www.ebay.com/sch/jitterbug5948/m.html?_ipg=100&_dmd=2&_sop=1" target="_blank"><div class="csgListingImage"></div><div class="csgTitle"></div><div class="csgDetails"><span class="csgPrice"></span><br><span class="csgEndTime"></span></div></a></div></div><div class="csgSlide"><div class="csgListing"><a href="https://www.ebay.com/sch/jitterbug5948/m.html?_ipg=100&_dmd=2&_sop=1" target="_blank"><div class="csgListingImage"></div><div class="csgTitle"></div><div class="csgDetails"><span class="csgPrice"></span><br><span class="csgEndTime"></span></div></a></div></div><div class="csgSlide"><div class="csgListing"><a href="https://www.ebay.com/sch/jitterbug5948/m.html?_ipg=100&_dmd=2&_sop=1" target="_blank"><div class="csgListingImage"></div><div class="csgTitle"></div><div class="csgDetails"><span class="csgPrice"></span><br><span class="csgEndTime"></span></div></a></div></div><div class="csgSlide"><div class="csgListing"><a href="https://www.ebay.com/sch/jitterbug5948/m.html?_ipg=100&_dmd=2&_sop=1" target="_blank"><div class="csgListingImage"></div><div class="csgTitle"></div><div class="csgDetails"><span class="csgPrice"></span><br><span class="csgEndTime"></span></div></a></div></div><div class="csgSlide"><div class="csgListing"><a href="https://www.ebay.com/sch/jitterbug5948/m.html?_ipg=100&_dmd=2&_sop=1" target="_blank"><div class="csgListingImage"></div><div class="csgTitle"></div><div class="csgDetails"><span class="csgPrice"></span><br><span class="csgEndTime"></span></div></a></div></div><div class="csgSlide"><div class="csgListing"><a href="https://www.ebay.com/sch/jitterbug5948/m.html?_ipg=100&_dmd=2&_sop=1" target="_blank"><div class="csgListingImage"></div><div class="csgTitle"></div><div class="csgDetails"><span class="csgPrice"></span><br><span class="csgEndTime"></span></div></a></div></div><div class="csgSlide"><div class="csgListing"><a href="https://www.ebay.com/sch/jitterbug5948/m.html?_ipg=100&_dmd=2&_sop=1" target="_blank"><div class="csgListingImage"></div><div class="csgTitle"></div><div class="csgDetails"><span class="csgPrice"></span><br><span class="csgEndTime"></span></div></a></div></div><div class="csgSlide"><div class="csgListing"><a href="https://www.ebay.com/sch/jitterbug5948/m.html?_ipg=100&_dmd=2&_sop=1" target="_blank"><div class="csgListingImage"></div><div class="csgTitle"></div><div class="csgDetails"><span class="csgPrice"></span><br><span class="csgEndTime"></span></div></a></div></div><div class="csgSlide"><div class="csgListing"><a href="https://www.ebay.com/sch/jitterbug5948/m.html?_ipg=100&_dmd=2&_sop=1" target="_blank"><div class="csgListingImage"></div><div class="csgTitle"></div><div class="csgDetails"><span class="csgPrice"></span><br><span class="csgEndTime"></span></div></a></div></div><div class="csgSlide"><div class="csgListing"><a href="https://www.ebay.com/sch/jitterbug5948/m.html?_ipg=100&_dmd=2&_sop=1" target="_blank"><div class="csgListingImage"></div><div class="csgTitle"></div><div class="csgDetails"><span class="csgPrice"></span><br><span class="csgEndTime"></span></div></a></div></div><div class="csgSlide"><div class="csgListing"><a href="https://www.ebay.com/sch/jitterbug5948/m.html?_ipg=100&_dmd=2&_sop=1" target="_blank"><div class="csgListingImage"></div><div class="csgTitle"></div><div class="csgDetails"><span class="csgPrice"></span><br><span class="csgEndTime"></span></div></a></div></div><div class="csgSlide"><div class="csgListing"><a href="https://www.ebay.com/sch/jitterbug5948/m.html?_ipg=100&_dmd=2&_sop=1" target="_blank"><div class="csgListingImage"></div><div class="csgTitle"></div><div class="csgDetails"><span class="csgPrice"></span><br><span class="csgEndTime"></span></div></a></div></div><div class="csgSlide"><div class="csgListing"><a href="https://www.ebay.com/sch/jitterbug5948/m.html?_ipg=100&_dmd=2&_sop=1" target="_blank"><div class="csgListingImage"></div><div class="csgTitle"></div><div class="csgDetails"><span class="csgPrice"></span><br><span class="csgEndTime"></span></div></a></div></div><div class="csgSlide"><div class="csgListing"><a href="https://www.ebay.com/sch/jitterbug5948/m.html?_ipg=100&_dmd=2&_sop=1" target="_blank"><div class="csgListingImage"></div><div class="csgTitle"></div><div class="csgDetails"><span class="csgPrice"></span><br><span class="csgEndTime"></span></div></a></div></div><div class="csgSlide"><div class="csgListing"><a href="https://www.ebay.com/sch/jitterbug5948/m.html?_ipg=100&_dmd=2&_sop=1" target="_blank"><div class="csgListingImage"></div><div class="csgTitle"></div><div class="csgDetails"><span class="csgPrice"></span><br><span class="csgEndTime"></span></div></a></div></div><div class="csgSlide"><div class="csgListing"><a href="https://www.ebay.com/sch/jitterbug5948/m.html?_ipg=100&_dmd=2&_sop=1" target="_blank"><div class="csgListingImage"></div><div class="csgTitle"></div><div class="csgDetails"><span class="csgPrice"></span><br><span class="csgEndTime"></span></div></a></div></div><div class="csgSlide"><div class="csgListing"><a href="https://www.ebay.com/sch/jitterbug5948/m.html?_ipg=100&_dmd=2&_sop=1" target="_blank"><div class="csgListingImage"></div><div class="csgTitle"></div><div class="csgDetails"><span class="csgPrice"></span><br><span class="csgEndTime"></span></div></a></div></div><div class="csgSlide"><div class="csgListing"><a href="https://www.ebay.com/sch/jitterbug5948/m.html?_ipg=100&_dmd=2&_sop=1" target="_blank"><div class="csgListingImage"></div><div class="csgTitle"></div><div class="csgDetails"><span class="csgPrice"></span><br><span class="csgEndTime"></span></div></a></div></div><div class="csgSlide"><div class="csgListing"><a href="https://www.ebay.com/sch/jitterbug5948/m.html?_ipg=100&_dmd=2&_sop=1" target="_blank"><div class="csgListingImage"></div><div class="csgTitle"></div><div class="csgDetails"><span class="csgPrice"></span><br><span class="csgEndTime"></span></div></a></div></div></div></div></div></div><div id="csgFooter" class="csgFrame"><div id="csgFooterLeft" class="csgLeft"><label id="csgFLScrollingLabel" for="csgScrollingCheckbox_563"></label><label id="csgFLSingleRowLabel" for="csgSingleRowCheckbox_563"></label><span id="csgFLLogo" class="csgLogo"></span></div><div id="csgFooterCenter" class="csgCenter"><label id="csgFCScrollingLabel" for="csgScrollingCheckbox_563"></label><a id="csgFCStoreLink" href="https://www.ebay.com/usr/jitterbug5948" target="_blank"></a><span id="csgFCLogo" class="csgLogo"></span></div><div id="csgFooterRight" class="csgRight"><label id="csgFRScrollingLabel" for="csgScrollingCheckbox_563"></label><label id="csgFRSingleRowLabel" for="csgSingleRowCheckbox_563"></label><span id="csgFRLogo" class="csgLogo"></span></div></div></div><div id="csgPlatformLinkDiv"><span id="csgPlatformLeftImg"></span><a href="https://pages.ebay.com/seller-center/listing/listing-advanced-sellers/third-party-listing-tools.html#auctiva" target="_blank"><span id="csgPlatformText1"></span><br><span id="csgPlatformText2"></span></a><span id="csgPlatformRightImg"></span></div></div></div>
<!--CSG INDICATOR END-->
</div>

<section class="wrapper">
<section class="wrapper-inner">

<!-- Header start // -->
<header class="header has-mb-20 lg-mb-30">

	<!-- Theme Header Title // -->
	<div class="header-bar">
		<div class="container">
			<h1 class="header-title text-center">Foghorn Leghorn Looney Tunes Talking Cookie Jar</h1>
		</div>
	</div>
	<!-- // Theme Header Title -->
</header>
<!-- // Header End -->
<!-- Main Content // -->
<main class="main-content">
	<section class="container-md has-mb-12 md-mb-20 lg-mb-30">

		<!-- Block Product Listing // -->
			<div class="grid grid-narrow grid-slides p-relative">
						<input type="radio" name="radio-btn" class="grid-slides-input" id="img-0" checked />
						<div class="grid-col center-block sm-one-half">
							<div class="card has-mb-16 md-mb-20">
									<a href="#lightbox-0" class="card-gallery-img aspect-ratio aspect-ratio-4by3">
								
									<img src="https://img.auctiva.com/imgdata/5/2/4/6/4/1/webimg/974480878_tp.jpg" alt="" class="card-img img-responsive" />
								</a>
							</div>
							<div class="grid-slides-nav">
								<label for="img-4" class="prev"></label>
								<label for="img-1" class="next"></label>
							</div>
						</div>
							<aside class="lightbox" id="lightbox-0">
								<article class="lightbox-content">
									<a href="#x" class="lightbox-button"></a>
									<main class="lightbox-main" style="background-image: url(https://img.auctiva.com/imgdata/5/2/4/6/4/1/webimg/974480878_o.jpg);">
										<img src="https://tmpl-resources.auctiva.com/resources/static/images/spacer.gif" alt="" />
									</main>
								</article>
							</aside>						
						<input type="radio" name="radio-btn" class="grid-slides-input" id="img-1"  />
						<div class="grid-col center-block sm-one-half">
							<div class="card has-mb-16 md-mb-20">
									<a href="#lightbox-1" class="card-gallery-img aspect-ratio aspect-ratio-4by3">
								
									<img src="https://img.auctiva.com/imgdata/5/2/4/6/4/1/webimg/974480883_tp.jpg" alt="" class="card-img img-responsive" />
								</a>
							</div>
							<div class="grid-slides-nav">
								<label for="img-0" class="prev"></label>
								<label for="img-2" class="next"></label>
							</div>
						</div>
							<aside class="lightbox" id="lightbox-1">
								<article class="lightbox-content">
									<a href="#x" class="lightbox-button"></a>
									<main class="lightbox-main" style="background-image: url(https://img.auctiva.com/imgdata/5/2/4/6/4/1/webimg/974480883_o.jpg);">
										<img src="https://tmpl-resources.auctiva.com/resources/static/images/spacer.gif" alt="" />
									</main>
								</article>
							</aside>						
						<input type="radio" name="radio-btn" class="grid-slides-input" id="img-2"  />
						<div class="grid-col center-block sm-one-third">
							<div class="card has-mb-16 md-mb-20">
									<a href="#lightbox-2" class="card-gallery-img aspect-ratio aspect-ratio-4by3">
								
									<img src="https://img.auctiva.com/imgdata/5/2/4/6/4/1/webimg/974480891_tp.jpg" alt="" class="card-img img-responsive" />
								</a>
							</div>
							<div class="grid-slides-nav">
								<label for="img-1" class="prev"></label>
								<label for="img-3" class="next"></label>
							</div>
						</div>
							<aside class="lightbox" id="lightbox-2">
								<article class="lightbox-content">
									<a href="#x" class="lightbox-button"></a>
									<main class="lightbox-main" style="background-image: url(https://img.auctiva.com/imgdata/5/2/4/6/4/1/webimg/974480891_o.jpg);">
										<img src="https://tmpl-resources.auctiva.com/resources/static/images/spacer.gif" alt="" />
									</main>
								</article>
							</aside>						
						<input type="radio" name="radio-btn" class="grid-slides-input" id="img-3"  />
						<div class="grid-col center-block sm-one-third">
							<div class="card has-mb-16 md-mb-20">
									<a href="#lightbox-3" class="card-gallery-img aspect-ratio aspect-ratio-4by3">
								
									<img src="https://img.auctiva.com/imgdata/5/2/4/6/4/1/webimg/974480886_tp.jpg" alt="" class="card-img img-responsive" />
								</a>
							</div>
							<div class="grid-slides-nav">
								<label for="img-2" class="prev"></label>
								<label for="img-4" class="next"></label>
							</div>
						</div>
							<aside class="lightbox" id="lightbox-3">
								<article class="lightbox-content">
									<a href="#x" class="lightbox-button"></a>
									<main class="lightbox-main" style="background-image: url(https://img.auctiva.com/imgdata/5/2/4/6/4/1/webimg/974480886_o.jpg);">
										<img src="https://tmpl-resources.auctiva.com/resources/static/images/spacer.gif" alt="" />
									</main>
								</article>
							</aside>						
				<div class="grid-slides-nav-dots">
							<label for="img-0" class="grid-slides-dot" id="img-dot-0"></label>
							<label for="img-1" class="grid-slides-dot" id="img-dot-1"></label>
							<label for="img-2" class="grid-slides-dot" id="img-dot-2"></label>
							<label for="img-3" class="grid-slides-dot" id="img-dot-3"></label>
				</div>
			</div><!-- /.grid -->

			<p class="text-small text-muted text-center">Click images to enlarge</p>


		<!-- Block Description // -->
			<div class="card card-bordered has-mb-16 md-mb-20 lg-mb-30">
					<div class="card-header" id="section-heading-1">
						<h3 class="card-title">
							<span class="card-title-decoration">Description</span>
						</h3>
					</div>
					<div class="card-block">
						<p style="text-align: center;"><span style="color: rgb(0, 0, 204);"><span style="font-size: x-large;"><em><strong>Up for sale is a<br />
Looney Tunes<br />
Foghorn Leghorn<br />
Plastic Talking Cookie Jar<br />
Talks when you open the top<br />
in excellent condition!</strong></em></span></span><br />
 </p>

<p style="text-align: center"><span style="color: rgb(0, 0, 204);"><span style="font-size: x-large;"> <em><em><strong>Thanks for viewing my auction! Please check out my other auctions I have listed on Ebay!! Email me with any questions. Shipping is for the upper 48 United States only.  International bidders email me for a shipping quote.  I am happy to combine shipping.</strong></em></em></span></span></p>
					</div>
			</div><!-- /.card -->
		<!-- // Block Description -->


		<!-- Block Product Listing // -->
		<!-- // Block Product Listing -->



			
		
	<!-- Block Terms of Sale // -->
	<!-- // Block Terms of Sale -->
	
	<!-- Block About Us // -->
	<!-- // Block About Us -->
	
	<!-- Block Contact Us // -->
	<!-- // Block Contact Us -->
		
	
		
	<!-- Block Payment Providers // -->
	<!-- // Block Payment Providers -->

	</section><!-- /.container -->
</main><!-- /.main-content -->
<!-- // Main content -->

</section><!-- /.wrapper-inner -->
</section><!-- /.wrapper -->

<!-- Footer start // -->
<footer class="footer theme-footer">
	
	<!-- Footer theme image // -->
	<div class="footer-cover"></div>
	<!-- // Footer theme image -->
	

	


</footer><!-- /.footer -->
<!-- // Footer end -->

	<div class="storeWindowBottom"></div>

</body>
</html><table width="100%" border="0" cellpadding="3" cellspacing="3"><tr><td align="left"><a href="https://pages.ebay.com/seller-center/listing/listing-advanced-sellers/third-party-listing-tools.html#auctiva" target="_blank">Images sell!<br>Get Supersized Images & Free Image Hosting</a></td><td align="right"><a href="https://pages.ebay.com/seller-center/listing/listing-advanced-sellers/third-party-listing-tools.html#auctiva" target="_blank">Create your brand with Auctiva's<br><b><em>Customizable Templates.</em></b></a></td></tr></table><br><p><center><a href="https://pages.ebay.com/seller-center/listing/listing-advanced-sellers/third-party-listing-tools.html#auctiva" target="_blank"><img src="https://ti2.auctiva.com/web/auctivablue88x33.gif" border="0"><br>Attention Sellers - Get Templates<br>Image Hosting, Scheduling at Auctiva.com.</a></center></p><!-- Begin: AuctivaCounter --><style type="text/css">.aucCounter a { text-decoration:none; }.aucCounter span:hover { text-decoration:underline; }.aucHiddenCounter { display:none; }.aucCounterOrangeText { color:#FB6D05; font-family:Arial; Font-size:13px; Font-weight:bold; }.aucCounterBlueText { color:#0068ac; Font-family:Arial; Font-size:11px; }</style> <div align="center" class="aucCounter"><img src="https://counters.auctiva.com/aucount/636478238097568632?s=y" title="Start Your 30-Day Free Trial Now" /><br/><a href="https://pages.ebay.com/seller-center/listing/listing-advanced-sellers/third-party-listing-tools.html#auctiva" target="_blank"><span class="aucCounterOrangeText">Track Page Views With</span><br/><span class="aucCounterBlueText">Auctiva's FREE Counter</span></a></div><!-- End: AuctivaCounter -->
</DOC>
<DOC>
<DOCID>1700300</DOCID>
<CATEGORY>Collectibles > Breweriana, Beer > Tap Handles, Knobs > Other Beer Tap Handles, Knobs</CATEGORY>
<ORIGTITLE>Kronenburg Tap Handle</ORIGTITLE>
Minor Knicks 
</DOC>
<DOC>
<DOCID>1700301</DOCID>
<CATEGORY>Collectibles > Tobacciana > Ashtrays</CATEGORY>
<ORIGTITLE>Vintage Green Ashtray Ashtrays Set Of 2  Very Nice. Signed.  AS IS See Pics</ORIGTITLE>
<p>For sale : Vintage Green Ashtray Ashtrays Set Of 2 Very Nice. Signed</p><br><p>Ashtrays are in ok condition. One has slight crack</p><p>The other has tiny nick  Please see all pics </p><p>See pics!!</p><br><p>Signed “LR” </p><br><p>Dimensions: 7” x 5.5”</p><br><p>Thanks for looking!!</p>
</DOC>
<DOC>
<DOCID>1700302</DOCID>
<CATEGORY>Collectibles > Decorative Collectibles > Decorative Collectible Brands > Hallmark > Other Hallmark</CATEGORY>
<ORIGTITLE>Cubeez Hallmark Miss Piggy Muppets storage box container</ORIGTITLE>
<!DOCTYPE html PUBLIC "-//W3C//DTD HTML 4.01//EN" "http://www.w3.org/TR/html4/strict.dtd">
<html>
<head>
<meta http-equiv="Content-Type" content="text/html; charset=UTF-8">
<meta http-equiv="Content-Style-Type" content="text/css">
<title></title>
<meta name="Generator" content="Cocoa HTML Writer">
<style type="text/css">
p.p1 {margin: 0.0px 0.0px 8.0px 0.0px; font: 17.0px Helvetica; color: #000000}
span.s1 {font-family: 'Helvetica'; font-weight: normal; font-style: normal; font-size: 17.00pt}
</style>
</head>
<body>
<p class="p1"><span class="s1"><span class="Apple-converted-space"> </span>New never used<span class="Apple-converted-space"> </span></span></p>
<p class="p1"><span class="s1">Small storage /decorational purpose<span class="Apple-converted-space"> </span></span></p>
</body>
</html>

</DOC>
<DOC>
<DOCID>1700303</DOCID>
<CATEGORY>Collectibles > Metalware > Brass</CATEGORY>
<ORIGTITLE>Vintage Reticulated Brass Incense Burner Trinket Box 4"</ORIGTITLE>
<font rwr='1' size='4' style='font-family:Arial'><font face="Tahoma">Vintage reticulated brass incense burner trinket box, very good vintage condition with slight wear and patina consistent with age</font><div><font face="Tahoma"><br></font></div><div><font face="Tahoma">Measurements:</font></div><div><font face="Tahoma"><br></font></div><div><font face="Tahoma">2 3/4" Height</font></div><div><font face="Tahoma">4" Width</font></div><div><font face="Tahoma"><br></font></div><div><div style="font-family: Arial; font-size: medium;"><font size="3" face="Verdana"><i>*Please click on "See Details" next to Shipping to view more shipping options.<b>*</b></i></font></div><div style="font-family: Arial; font-size: medium;"><b><font size="3" face="Verdana"><br></font></b></div><div style="font-family: Arial; font-size: medium;"><b><font size="3" face="Verdana">For similar unique finds and an eclectic mix of new, vintage and antique accents for your home, please check out my store. Thank you for looking!</font></b></div></div></font><div id="FrooXSpadding"></div><!--STARTFROOGALLERY-->
<!--DO NOT ALTER ANYTHING BELOW THIS LINE-->
<!--
Copyright ©2017 Froo Ltd. All rights reserved.
The following HTML and CSS Styling may not be used or reproduced in whole or in part, without the prior permission of Frooition.
All eBay graphics not owned by eBay or eBay associations are the property of the eBay account owner and may not be used without their written authorisation.
Any person or group of persons found to be in breach of this notice may face legal action.
-->
<link rel="stylesheet" type="text/css" href="https://sma3.froo.com/xsell/?key=623186563c1fd6fe132df9575727f040">
<div id='frooXsell' style='display:none;'><div id='FrooGalleryInner'><div id='FCSheader'></div><div id="FCS_frame"><div id="FCS_inner"><a id="xs_promo_default" href="http://www.ebay.com/sch/robynlombardi_interiors/m.html" target="_blank">View more great items</a>
<div id='FCS_col1'><a class="xspromoitem" id="xsitem_0" href="http://www.ebay.com/sch/robynlombardi_interiors/m.html?_ipg=100&_dmd=2&_sop=1&p=0" target="_blank"></a><a class="xspromoitem" id="xsitem_4" href="http://www.ebay.com/sch/robynlombardi_interiors/m.html?_ipg=100&_dmd=2&_sop=1&p=4" target="_blank"></a><a class="xspromoitem" id="xsitem_8" href="http://www.ebay.com/sch/robynlombardi_interiors/m.html?_ipg=100&_dmd=2&_sop=1&p=8" target="_blank"></a><a class="xspromoitem" id="xsitem_12" href="http://www.ebay.com/sch/robynlombardi_interiors/m.html?_ipg=100&_dmd=2&_sop=1&p=12" target="_blank"></a><a class="xspromoitem" id="xsitem_16" href="http://www.ebay.com/sch/robynlombardi_interiors/m.html?_ipg=100&_dmd=2&_sop=1&p=16" target="_blank"></a><a class="xspromoitem" id="xsitem_20" href="http://www.ebay.com/sch/robynlombardi_interiors/m.html?_ipg=100&_dmd=2&_sop=1&p=20" target="_blank"></a><a class="xspromoitem" id="xsitem_24" href="http://www.ebay.com/sch/robynlombardi_interiors/m.html?_ipg=100&_dmd=2&_sop=1&p=24" target="_blank"></a><a class="xspromoitem" id="xsitem_28" href="http://www.ebay.com/sch/robynlombardi_interiors/m.html?_ipg=100&_dmd=2&_sop=1&p=28" target="_blank"></a><a class="xspromoitem" id="xsitem_32" href="http://www.ebay.com/sch/robynlombardi_interiors/m.html?_ipg=100&_dmd=2&_sop=1&p=32" target="_blank"></a><a class="xspromoitem" id="xsitem_36" href="http://www.ebay.com/sch/robynlombardi_interiors/m.html?_ipg=100&_dmd=2&_sop=1&p=36" target="_blank"></a><a class="xspromoitem" id="xsitem_40" href="http://www.ebay.com/sch/robynlombardi_interiors/m.html?_ipg=100&_dmd=2&_sop=1&p=40" target="_blank"></a><a class="xspromoitem" id="xsitem_44" href="http://www.ebay.com/sch/robynlombardi_interiors/m.html?_ipg=100&_dmd=2&_sop=1&p=44" target="_blank"></a><a class="xspromoitem" id="xsitem_48" href="http://www.ebay.com/sch/robynlombardi_interiors/m.html?_ipg=100&_dmd=2&_sop=1&p=48" target="_blank"></a></div>
<div id='FCS_col2'><a class="xspromoitem" id="xsitem_1" href="http://www.ebay.com/sch/robynlombardi_interiors/m.html?_ipg=100&_dmd=2&_sop=1&p=1" target="_blank"></a><a class="xspromoitem" id="xsitem_5" href="http://www.ebay.com/sch/robynlombardi_interiors/m.html?_ipg=100&_dmd=2&_sop=1&p=5" target="_blank"></a><a class="xspromoitem" id="xsitem_9" href="http://www.ebay.com/sch/robynlombardi_interiors/m.html?_ipg=100&_dmd=2&_sop=1&p=9" target="_blank"></a><a class="xspromoitem" id="xsitem_13" href="http://www.ebay.com/sch/robynlombardi_interiors/m.html?_ipg=100&_dmd=2&_sop=1&p=13" target="_blank"></a><a class="xspromoitem" id="xsitem_17" href="http://www.ebay.com/sch/robynlombardi_interiors/m.html?_ipg=100&_dmd=2&_sop=1&p=17" target="_blank"></a><a class="xspromoitem" id="xsitem_21" href="http://www.ebay.com/sch/robynlombardi_interiors/m.html?_ipg=100&_dmd=2&_sop=1&p=21" target="_blank"></a><a class="xspromoitem" id="xsitem_25" href="http://www.ebay.com/sch/robynlombardi_interiors/m.html?_ipg=100&_dmd=2&_sop=1&p=25" target="_blank"></a><a class="xspromoitem" id="xsitem_29" href="http://www.ebay.com/sch/robynlombardi_interiors/m.html?_ipg=100&_dmd=2&_sop=1&p=29" target="_blank"></a><a class="xspromoitem" id="xsitem_33" href="http://www.ebay.com/sch/robynlombardi_interiors/m.html?_ipg=100&_dmd=2&_sop=1&p=33" target="_blank"></a><a class="xspromoitem" id="xsitem_37" href="http://www.ebay.com/sch/robynlombardi_interiors/m.html?_ipg=100&_dmd=2&_sop=1&p=37" target="_blank"></a><a class="xspromoitem" id="xsitem_41" href="http://www.ebay.com/sch/robynlombardi_interiors/m.html?_ipg=100&_dmd=2&_sop=1&p=41" target="_blank"></a><a class="xspromoitem" id="xsitem_45" href="http://www.ebay.com/sch/robynlombardi_interiors/m.html?_ipg=100&_dmd=2&_sop=1&p=45" target="_blank"></a><a class="xspromoitem" id="xsitem_49" href="http://www.ebay.com/sch/robynlombardi_interiors/m.html?_ipg=100&_dmd=2&_sop=1&p=49" target="_blank"></a></div>
<div id='FCS_col3'><a class="xspromoitem" id="xsitem_2" href="http://www.ebay.com/sch/robynlombardi_interiors/m.html?_ipg=100&_dmd=2&_sop=1&p=2" target="_blank"></a><a class="xspromoitem" id="xsitem_6" href="http://www.ebay.com/sch/robynlombardi_interiors/m.html?_ipg=100&_dmd=2&_sop=1&p=6" target="_blank"></a><a class="xspromoitem" id="xsitem_10" href="http://www.ebay.com/sch/robynlombardi_interiors/m.html?_ipg=100&_dmd=2&_sop=1&p=10" target="_blank"></a><a class="xspromoitem" id="xsitem_14" href="http://www.ebay.com/sch/robynlombardi_interiors/m.html?_ipg=100&_dmd=2&_sop=1&p=14" target="_blank"></a><a class="xspromoitem" id="xsitem_18" href="http://www.ebay.com/sch/robynlombardi_interiors/m.html?_ipg=100&_dmd=2&_sop=1&p=18" target="_blank"></a><a class="xspromoitem" id="xsitem_22" href="http://www.ebay.com/sch/robynlombardi_interiors/m.html?_ipg=100&_dmd=2&_sop=1&p=22" target="_blank"></a><a class="xspromoitem" id="xsitem_26" href="http://www.ebay.com/sch/robynlombardi_interiors/m.html?_ipg=100&_dmd=2&_sop=1&p=26" target="_blank"></a><a class="xspromoitem" id="xsitem_30" href="http://www.ebay.com/sch/robynlombardi_interiors/m.html?_ipg=100&_dmd=2&_sop=1&p=30" target="_blank"></a><a class="xspromoitem" id="xsitem_34" href="http://www.ebay.com/sch/robynlombardi_interiors/m.html?_ipg=100&_dmd=2&_sop=1&p=34" target="_blank"></a><a class="xspromoitem" id="xsitem_38" href="http://www.ebay.com/sch/robynlombardi_interiors/m.html?_ipg=100&_dmd=2&_sop=1&p=38" target="_blank"></a><a class="xspromoitem" id="xsitem_42" href="http://www.ebay.com/sch/robynlombardi_interiors/m.html?_ipg=100&_dmd=2&_sop=1&p=42" target="_blank"></a><a class="xspromoitem" id="xsitem_46" href="http://www.ebay.com/sch/robynlombardi_interiors/m.html?_ipg=100&_dmd=2&_sop=1&p=46" target="_blank"></a><a class="xspromoitem" id="xsitem_50" href="http://www.ebay.com/sch/robynlombardi_interiors/m.html?_ipg=100&_dmd=2&_sop=1&p=50" target="_blank"></a></div>
<div id='FCS_col4'><a class="xspromoitem" id="xsitem_3" href="http://www.ebay.com/sch/robynlombardi_interiors/m.html?_ipg=100&_dmd=2&_sop=1&p=3" target="_blank"></a><a class="xspromoitem" id="xsitem_7" href="http://www.ebay.com/sch/robynlombardi_interiors/m.html?_ipg=100&_dmd=2&_sop=1&p=7" target="_blank"></a><a class="xspromoitem" id="xsitem_11" href="http://www.ebay.com/sch/robynlombardi_interiors/m.html?_ipg=100&_dmd=2&_sop=1&p=11" target="_blank"></a><a class="xspromoitem" id="xsitem_15" href="http://www.ebay.com/sch/robynlombardi_interiors/m.html?_ipg=100&_dmd=2&_sop=1&p=15" target="_blank"></a><a class="xspromoitem" id="xsitem_19" href="http://www.ebay.com/sch/robynlombardi_interiors/m.html?_ipg=100&_dmd=2&_sop=1&p=19" target="_blank"></a><a class="xspromoitem" id="xsitem_23" href="http://www.ebay.com/sch/robynlombardi_interiors/m.html?_ipg=100&_dmd=2&_sop=1&p=23" target="_blank"></a><a class="xspromoitem" id="xsitem_27" href="http://www.ebay.com/sch/robynlombardi_interiors/m.html?_ipg=100&_dmd=2&_sop=1&p=27" target="_blank"></a><a class="xspromoitem" id="xsitem_31" href="http://www.ebay.com/sch/robynlombardi_interiors/m.html?_ipg=100&_dmd=2&_sop=1&p=31" target="_blank"></a><a class="xspromoitem" id="xsitem_35" href="http://www.ebay.com/sch/robynlombardi_interiors/m.html?_ipg=100&_dmd=2&_sop=1&p=35" target="_blank"></a><a class="xspromoitem" id="xsitem_39" href="http://www.ebay.com/sch/robynlombardi_interiors/m.html?_ipg=100&_dmd=2&_sop=1&p=39" target="_blank"></a><a class="xspromoitem" id="xsitem_43" href="http://www.ebay.com/sch/robynlombardi_interiors/m.html?_ipg=100&_dmd=2&_sop=1&p=43" target="_blank"></a><a class="xspromoitem" id="xsitem_47" href="http://www.ebay.com/sch/robynlombardi_interiors/m.html?_ipg=100&_dmd=2&_sop=1&p=47" target="_blank"></a><a class="xspromoitem" id="xsitem_51" href="http://www.ebay.com/sch/robynlombardi_interiors/m.html?_ipg=100&_dmd=2&_sop=1&p=51" target="_blank"></a></div>
</div></div><div style='clear:both;'></div><div id='FCSfooter'></div><div id='FrooCreditLink'><a target='_blank' href='https://apps.ebay.com/selling?appId=cross.froo.com'><img src='https://shared.froo.com/FCS/no-js/img/frooition_icon.png' /><div id='l1'></div><div id='l2'></div></a></div></div><div style='clear:both;'></div></div>
<!--DO NOT ALTER ANYTHING ABOVE THIS LINE-->
<!--ENDFROOGALLERY-->

</DOC>
<DOC>
<DOCID>1700315</DOCID>
<CATEGORY>Collectibles > Breweriana, Beer > Drinkware, Steins > Glasses > US > Budweiser</CATEGORY>
<ORIGTITLE>RARE Vintage "Budweiser Champion Clydesdales"Glass Beer Cup MUG -HARD TO FIND</ORIGTITLE>
In good condition for its age. No chips or cracks. Also has the Anheiser Busch Budweiser Insignia in silver above the wagon, was possibly Red?, will not show in pic
<br> <BR/><font rwr='1' size='4' style='font-family:Arial'><div>***THANK YOU FOR LOOKING AT MY ITEMS. I GENUINELY TRY AND LIST<br>EVERYTHING AS ACCURATE AS POSSIBLE INCLUDING COLORS, SIZE AND <br>ANY IMPERFECTIONS THAT MAY EXIST. COLORS SOMETIMES WILL VARY <br>DUE TO LIGHTING AND CAMERA FLASH. I WILL GLADLY ANSWER ANY <br>QUESTIONS YOU MAY HAVE. CHECK OUT MY STORE!!&nbsp; I LIST A WIDE VARIETY<br>OF ITEMS. I ACQUIRE ALOT, INCLUDING COLLECTIBLES, FROM AUCTIONS AND <br>ESTATES AND SOME ARE MY OWN PERSONAL ITEMS. ***</div><div><br>I WILL OFFER DISCOUNTS ON SHIPPING FOR MULTIPLE PURCHASES IF <br>CONTACTED PRIOR TO PURCHASE.***</div><div><br>ALTHOUGH I DON'T OFFER REFUNDS, I WILL CERTAINLY MAKE EVERY <br>REASONABLE EFFORT TO WORK WITH YOU TO RESOLVE ANY PROBLEMS THAT<br>MAY POSSIBLY ARISE. ***</div><div><br>I WANT YOU TO BE HAPPY WITH YOUR PURCHASE SO THAT YOU WILL <br>BE A RETURN CUSTOMER AND BUY FROM ME AGAIN. ***</div><div>PLEASE PAY WITHIN 48 HOURS FROM PURCHASE, UNLESS ARRANGEMENTS<br>ARE MADE PRIOR TO PURCHASE. ***</div><div><br>I MAINTAIN A GREAT RATING ON EBAY WHICH IS SHOWN IN MY FEEDBACK.***</div><div><br>GOOD LUCK AND HAPPY BIDDING &amp; BUYING!!! <br><br></div></font>
</DOC>
<DOC>
<DOCID>1700306</DOCID>
<CATEGORY>Collectibles > Decorative Collectibles > Candles, Holders</CATEGORY>
<ORIGTITLE>VTG (2 ) Brass 5.5" Candlesticks  VM Virginia Metalcrafters Candle Holders 3014</ORIGTITLE>
<font rwr='1' size='4' style='font-family:Arial'><div id="ds_div"><font rwr="1" size="4"><font rwr="1" size="4"><div id="ds_div"><font rwr="1" size="4"><p class="MsoNormal" align="center" style="font-size: 14pt; text-align: center; text-indent: 0.5in; line-height: normal;"><b><font color="#002060" face="Comic Sans MS">VINTAGE HEAVY 5.5" VIRGINIA METALCRAFTER BRASS CANDLESTICK HOLDERS</font></b></p><p class="MsoNormal" align="center" style="font-size: 14pt; text-align: center; text-indent: 0.5in; line-height: normal;"><b><font color="#002060" face="Comic Sans MS">NEED CLEANING AND POLISHING.&nbsp;</font></b></p><p class="MsoNormal" align="center" style="font-size: 14pt; text-align: center; text-indent: 0.5in; line-height: normal;"><b><font color="#002060" face="Comic Sans MS">MARKED VM 3014</font></b></p><p class="MsoNormal" align="center" style="font-size: 14pt; text-align: center; text-indent: 0.5in; line-height: normal;"><b><font color="#002060" face="Comic Sans MS">PLEASE VIEW ALL PHOTOS FOR COLOR AND DESIGN!&nbsp;</font></b></p><p class="MsoNormal" align="center" style="font-size: 14pt; text-align: center; text-indent: 0.5in; line-height: normal;"><b><font color="#002060" face="Comic Sans MS"><span style="font-size: 14pt;">&nbsp;ASK QUESTIONS IF&nbsp;</span>NECESSARY. I ACCEPT RETURNS FOR MIS-REPRESENTED ITEMS</font></b></p><p class="MsoNormal" align="center" style="font-size: 14pt; text-align: center; text-indent: 0.5in; line-height: normal;"><b><font color="#002060" face="Comic Sans MS">&nbsp;BUT I ALSO GIVE ENOUGH PHOTOS FOR ONE TO DETERMINE THE AUTHENTICITY OF THE ITEM.</font></b></p><p class="MsoNormal" align="center" style="font-size: 14pt; text-align: center; text-indent: 0.5in; line-height: normal;"><b><font color="#002060" face="Comic Sans MS"><br></font></b></p><p class="MsoNormal" align="center" style="font-size: 14pt; text-align: center; text-indent: 0.5in; line-height: normal;"><b><span style="font-size: 14pt; font-family: &quot;Comic Sans MS&quot;; color: rgb(0, 32, 96);">Welcome to our store The Big 4. We are a family operated business in North Carolina. We sell quality used and unused items.<o:p></o:p></span></b></p><p class="MsoNormal" align="center" style="font-size: 14pt; text-align: center; text-indent: 0.5in; line-height: normal;"><b><span style="font-size: 14pt; font-family: &quot;Comic Sans MS&quot;; color: rgb(0, 32, 96);">Vintage, antique and collectibles. We may also have some brand new items from time to time.</span></b><b><span style="font-size: 14pt; font-family: &quot;Comic Sans MS&quot;;"><o:p></o:p></span></b></p><p class="MsoNormal" align="center" style="font-size: 14pt; text-align: center; text-indent: 0.5in; line-height: normal;"><b><span style="font-size: 14pt; font-family: &quot;Comic Sans MS&quot;; color: rgb(0, 32, 96);">We are not professional antique dealers our items are from estates or family members.<o:p></o:p></span></b></p><p class="MsoNormal" align="center" style="font-size: 14pt; text-align: center; text-indent: 0.5in; line-height: normal;"><b><span style="font-size: 14pt; font-family: &quot;Comic Sans MS&quot;; color: rgb(0, 32, 96);">If you feel we are listing an item that is being misrepresented, please contact us via email and we will investigate it further and fix the issue.<o:p></o:p></span></b></p><p class="MsoNormal" align="center" style="font-size: 14pt; text-align: center; text-indent: 0.5in; line-height: normal;"><b><span style="font-size: 14pt; font-family: &quot;Comic Sans MS&quot;; color: red;">We will never intentionally misrepresent items and we will strive to sell items as described.</span></b><b><span style="font-size: 14pt; font-family: &quot;Comic Sans MS&quot;; color: rgb(0, 32, 96);"><o:p></o:p></span></b></p><p class="MsoNormal" style="font-size: 14pt; line-height: normal;"><b><span style="font-size: 14pt; font-family: &quot;Times New Roman&quot;, serif; color: rgb(84, 141, 212);">Check Out:</span></b><span style="font-size: 13.5pt; font-family: &quot;Times New Roman&quot;, serif; color: rgb(84, 141, 212);"><o:p></o:p></span></p><p class="MsoNormal" style="font-size: 14pt; line-height: normal;"><span style="font-size: 13.5pt; font-family: &quot;Times New Roman&quot;, serif;">Purchase:&nbsp;</span><span style="font-size: 13.5pt; font-family: &quot;Times New Roman&quot;, serif;">&nbsp;</span><span style="font-size: 13.5pt; font-family: &quot;Times New Roman&quot;, serif;">Making purchases is easy and simple.&nbsp; 1.</span><span style="font-size: 13.5pt; font-family: &quot;Times New Roman&quot;, serif;">&nbsp;P</span><span style="font-size: 13.5pt; font-family: &quot;Times New Roman&quot;, serif;">lease click the “Buy It Now” button.&nbsp;</span><span style="font-size: 13.5pt; font-family: &quot;Times New Roman&quot;, serif;">&nbsp;2. Place a bid on the item if on Auction and follow</span><span style="font-size: 13.5pt; font-family: &quot;Times New Roman&quot;, serif;">&nbsp;to the next page for payment instructions.<o:p></o:p></span></p><p class="MsoNormal" style="font-size: 14pt; line-height: normal;"><span style="font-size: 13.5pt; font-family: &quot;Times New Roman&quot;, serif;">Payment:&nbsp;</span><span style="font-size: 13.5pt; font-family: &quot;Times New Roman&quot;, serif;">&nbsp;</span><span style="font-size: 13.5pt; font-family: &quot;Times New Roman&quot;, serif;">Click the “Pay Now” button at the top of the E-Bay page to proceed with the checkout and payment process.&nbsp;</span><span style="font-size: 13.5pt; font-family: &quot;Times New Roman&quot;, serif;">&nbsp;</span><span style="font-size: 13.5pt; font-family: &quot;Times New Roman&quot;, serif;">Payment must be made within 5 days of purchase or you may contact us to extend the payment time.<o:p></o:p></span></p><p class="MsoNormal" style="font-size: 14pt; line-height: normal;"><span style="font-size: 13.5pt; font-family: &quot;Times New Roman&quot;, serif;">Accepted Forms:&nbsp;&nbsp;</span><span style="font-size: 13.5pt; font-family: &quot;Times New Roman&quot;, serif;">&nbsp;</span><span style="font-size: 13.5pt; font-family: &quot;Times New Roman&quot;, serif;">We accept PayPal or you may pay on your credit card via PayPal.&nbsp;</span><span style="font-size: 13.5pt; font-family: &quot;Times New Roman&quot;, serif;">&nbsp;</span><span style="font-size: 13.5pt; font-family: &quot;Times New Roman&quot;, serif;">When paying via PayPal, payments must include your shipping address and should be submitted via the E-bay payment process.<o:p></o:p></span></p><p class="MsoNormal" style="font-size: 14pt; line-height: normal;"><span style="font-size: 13.5pt; font-family: &quot;Times New Roman&quot;, serif;">&nbsp;</span><b><span style="font-size: 14pt; font-family: &quot;Times New Roman&quot;, serif; color: rgb(84, 141, 212);">Shipping:</span></b><span style="font-size: 13.5pt; font-family: &quot;Times New Roman&quot;, serif; color: rgb(84, 141, 212);"><o:p></o:p></span></p><p class="MsoNormal" style="font-size: 14pt; line-height: normal;"><span style="font-size: 13.5pt; font-family: &quot;Times New Roman&quot;, serif;">Shipping rates are the responsibility of the customer and are not refundable.&nbsp;</span><span style="font-size: 13.5pt; font-family: &quot;Times New Roman&quot;, serif;">&nbsp;</span><span style="font-size: 13.5pt; font-family: &quot;Times New Roman&quot;, serif;">Rates include handling, packaging materials, label scanning and tracking information.&nbsp;</span><span style="font-size: 13.5pt; font-family: &quot;Times New Roman&quot;, serif;">&nbsp;</span><span style="font-size: 13.5pt; font-family: &quot;Times New Roman&quot;, serif;">Shipping rates are based upon the weight and dimensions of the package and your location.&nbsp;This is a calculator that is set by eBay.<o:p></o:p></span></p><p class="MsoNormal" style="font-size: 14pt; line-height: normal;"><span style="font-size: 13.5pt; font-family: &quot;Times New Roman&quot;, serif;">&nbsp;</span><span style="font-size: 13.5pt; font-family: &quot;Times New Roman&quot;, serif;">If we have packaging materials for smaller items, we include packaging and handling at no charge. Large breakable items will require packaging materials and there will be a small handling fee for that. Please verify shipping costs prior to check out.<o:p></o:p></span></p><p class="MsoNormal" style="font-size: 14pt; line-height: normal;"><span style="font-size: 13.5pt; font-family: &quot;Times New Roman&quot;, serif;">Insurance:&nbsp;</span><span style="font-size: 13.5pt; font-family: &quot;Times New Roman&quot;, serif;">&nbsp;In</span><span style="font-size: 13.5pt; font-family: &quot;Times New Roman&quot;, serif;">surance is added to the actual USPS shipping up to $100. Insurance after $100 will be paid by the seller.&nbsp;<o:p></o:p></span></p><p class="MsoNormal" style="font-size: 14pt; line-height: normal;"><span style="font-size: 13.5pt; font-family: &quot;Times New Roman&quot;, serif;">Processing Time:&nbsp;</span><span style="font-size: 13.5pt; font-family: &quot;Times New Roman&quot;, serif;">&nbsp;</span><span style="font-size: 13.5pt; font-family: &quot;Times New Roman&quot;, serif;">Once payment has cleared, we make every effort to ship your item within 1 business days.</span><span style="font-size: 13.5pt; font-family: &quot;Times New Roman&quot;, serif;">&nbsp;</span><span style="font-size: 13.5pt; font-family: &quot;Times New Roman&quot;, serif;"><o:p></o:p></span></p><p class="MsoNormal" style="font-size: 14pt; line-height: normal;"><span style="font-size: 13.5pt; font-family: &quot;Times New Roman&quot;, serif;">Local Pick Up:&nbsp;</span><span style="font-size: 13.5pt; font-family: &quot;Times New Roman&quot;, serif;">&nbsp;</span><span style="font-size: 13.5pt; font-family: &quot;Times New Roman&quot;, serif;">Local pick up is available on most items.&nbsp;</span><span style="font-size: 13.5pt; font-family: &quot;Times New Roman&quot;, serif;">&nbsp;</span><span style="font-size: 13.5pt; font-family: &quot;Times New Roman&quot;, serif;">Please contact us to arrange pick up for your items.<o:p></o:p></span></p><p class="MsoNormal" style="font-size: 14pt; line-height: normal;"><span style="font-size: 13.5pt; font-family: &quot;Times New Roman&quot;, serif;">International Shipping:&nbsp;</span><span style="font-size: 13.5pt; font-family: &quot;Times New Roman&quot;, serif;">&nbsp;</span><span style="font-size: 13.5pt; font-family: &quot;Times New Roman&quot;, serif;">International shipping is determined on a case by case basis.&nbsp;</span><span style="font-size: 13.5pt; font-family: &quot;Times New Roman&quot;, serif;">&nbsp;Please know your countries non shippable/receivable &nbsp;items allowed by customs.<o:p></o:p></span></p><p class="MsoNormal" style="font-size: 14pt; line-height: normal;"><span style="font-size: 13.5pt; font-family: &quot;Times New Roman&quot;, serif;">We reserve the right to refuse shipment to certain locations/customers if all our requirements are not met.&nbsp;</span><span style="font-size: 13.5pt; font-family: &quot;Times New Roman&quot;, serif;">&nbsp;</span><span style="font-size: 13.5pt; font-family: &quot;Times New Roman&quot;, serif;">All documentation and customs reports are to be prepared by the purchasing party and provided prior to pick up.&nbsp;</span><span style="font-size: 13.5pt; font-family: &quot;Times New Roman&quot;, serif;">&nbsp;<o:p></o:p></span></p><p class="MsoNormal" style="font-size: 14pt; line-height: normal;"><b><span style="font-size: 14pt; font-family: &quot;Times New Roman&quot;, serif; color: rgb(84, 141, 212);">&nbsp;Customer Service:</span></b><span style="font-size: 13.5pt; font-family: &quot;Times New Roman&quot;, serif; color: rgb(84, 141, 212);"><o:p></o:p></span></p><p class="MsoNormal" style="font-size: 14pt; line-height: normal;"><span style="font-size: 13.5pt; font-family: &quot;Times New Roman&quot;, serif;">Inquiries: Please contact us with any questions you have on any listed item.&nbsp;</span><span style="font-size: 13.5pt; font-family: &quot;Times New Roman&quot;, serif;">&nbsp;We will try to have an immediate response.&nbsp;</span><span style="font-size: 13.5pt; font-family: &quot;Times New Roman&quot;, serif;">&nbsp;<o:p></o:p></span></p><p class="MsoNormal" style="font-size: 14pt; line-height: normal;"><b><span style="font-size: 14pt; font-family: &quot;Times New Roman&quot;, serif; color: rgb(84, 141, 212);">Warranty:</span></b><span style="font-size: 13.5pt; font-family: &quot;Times New Roman&quot;, serif; color: rgb(84, 141, 212);"><o:p></o:p></span></p><p class="MsoNormal" style="font-size: 14pt; line-height: normal;"><span style="font-size: 13.5pt; font-family: &quot;Times New Roman&quot;, serif;">Products are sold As Is, All items are sold As Is, without warranty expressed or implied unless specifically stated in the posting.</span><span style="font-size: 13.5pt; font-family: &quot;Times New Roman&quot;, serif;">&nbsp;</span><span style="font-size: 13.5pt; font-family: &quot;Times New Roman&quot;, serif;"><o:p></o:p></span></p><p class="MsoNormal" style="font-size: 14pt; line-height: normal;"><span style="font-size: 13.5pt; font-family: &quot;Times New Roman&quot;, serif;">All Sales are final. Please ask any pertinent questions regarding the condition before you purchase your item. We reserve the right to refuse a return based upon failure to understand item description.&nbsp; We do not accept returns for Buyer's Remorse. Please ask any questions prior to purchase</span><span style="font-size: 13.5pt; font-family: &quot;Times New Roman&quot;, serif; color: red;">.&nbsp;<o:p></o:p></span></p><p class="MsoNormal" style="font-size: 14pt; line-height: normal;"><span style="font-size: 13.5pt; font-family: &quot;Times New Roman&quot;, serif; color: red;">PLEASE VIEW ALL PHOTOS AND ASK FOR MORE IF NEEDED</span><span style="font-size: 13.5pt; font-family: &quot;Times New Roman&quot;, serif;">.&nbsp;<o:p></o:p></span></p><p class="MsoNormal" style="font-size: 14pt; line-height: normal;"><span style="font-size: 13.5pt; font-family: &quot;Times New Roman&quot;, serif;">Return Shipment:&nbsp;</span><span style="font-size: 13.5pt; font-family: &quot;Times New Roman&quot;, serif;">&nbsp;</span><span style="font-size: 13.5pt; font-family: &quot;Times New Roman&quot;, serif;">All items must be in the same condition as when they left our facility.&nbsp;</span><span style="font-size: 13.5pt; font-family: &quot;Times New Roman&quot;, serif;">&nbsp;<o:p></o:p></span></p><p class="MsoNormal" style="font-size: 14pt; line-height: normal;"><span style="font-size: 13.5pt; font-family: &quot;Times New Roman&quot;, serif;">For claims, it is required that original packaging materials be retained and returned with the defective product.&nbsp;</span><span style="font-size: 13.5pt; font-family: &quot;Times New Roman&quot;, serif;">&nbsp;Item upon return must match the photo on eBay.&nbsp;<o:p></o:p></span></p><p class="MsoNormal" style="font-size: 14pt; line-height: normal;"><span style="font-size: 13.5pt; font-family: &quot;Times New Roman&quot;, serif;">Most packages are insured and they must be returned with original box and label.<o:p></o:p></span></p><p class="MsoNormal" style="font-size: 14pt; line-height: normal;"><span style="font-size: 13.5pt; font-family: &quot;Times New Roman&quot;, serif; color: red;">Pho</span><span style="font-size: 13.5pt; font-family: &quot;Times New Roman&quot;, serif; color: red;">tos:&nbsp;</span><span style="font-size: 13.5pt; font-family: &quot;Times New Roman&quot;, serif; color: red;">&nbsp;</span><span style="font-size: 13.5pt; font-family: &quot;Times New Roman&quot;, serif; color: red;">Some pictures may be representational only and not the exact items we will ship (particularly if we have a quantity of more than one listed). If you need to view additional photos of actual item to be shipped I will email them to you.&nbsp;<o:p></o:p></span></p><p class="MsoNormal" style="font-size: 14pt; text-indent: 0.5in; line-height: normal;"><span style="font-size: 14pt; font-family: &quot;Times New Roman&quot;, serif; color: red;">Please view all photos for measurements or damage that may be on the listed item. If you have any problem with the item that you purchase from our store, please contact us via email before leaving negative comments or opening cases on our store.&nbsp;</span></p></font></div></font></font></div></font>
</DOC>
<DOC>
<DOCID>1700312</DOCID>
<CATEGORY>Collectibles > Holiday & Seasonal > Christmas: Modern (1946-90) > Cards</CATEGORY>
<ORIGTITLE>Vtg Card Highlights for Christmas Sleigh Bells Holly 50's UNUSED</ORIGTITLE>
<font rwr="1"><div align="left">Sweet card as shown. We have many other Christmas cards listed.</div><div align="left" style="font-family: Arial; font-size: small;"><font size="2" face="Times New Roman"><i><font color="#338811"><b><br></b></font></i></font></div><div align="left" style="font-family: Arial; font-size: small;"><font size="2" face="Times New Roman"><i><font color="#338811"><b>Please Note: </b></font></i>If your purchase is a lightweight item such as greeting card, valentine, hankie, etc. priced $20 or less we may ship via first class letter or large envelope without tracking. This is so we can continue to offer free shipping in USA and low cost international. Trackable methods cost at least $1.20 more and we prefer not to raise prices to cover this. <br><br>We ship hundreds of packages by this method and have far less than one percent lost. If&nbsp; you prefer that your card is shipped in a photomailer with tracking that option is available for $1.50.<br><br>We strive to keep our items affordable and your purchases low hassle and fun.&nbsp; We appreciate your purchase. </font><br><br><br></div></font>
</DOC>
<DOC>
<DOCID>1700321</DOCID>
<CATEGORY>Collectibles > Breweriana, Beer > Drinkware, Steins > Glasses > Other Vintage Beer Glasses</CATEGORY>
<ORIGTITLE>2005 "Orange County Choppers" w/ Handle Ceramic Heavy Beer Stein Mug 7" Tall</ORIGTITLE>
<font rwr="1" size="4" style="font-family:Arial"><font rwr="1" size="4" style="font-family:Arial"><font size="4" style="font-family: Arial;" rwr="1"><font size="4" style="font-family: Arial;" rwr="1"><font size="4" style="font-family: Arial;" rwr="1"><font size="4" style="font-family: Arial;" rwr="1"><font size="4" style="font-family: Arial;" rwr="1"><font size="4" style="font-family: Arial;" rwr="1"><font size="4" style="font-family: Arial;" rwr="1"><font size="4" style="font-family: Arial;" rwr="1"><font size="4" style="font-family: Arial;" rwr="1"><font size="4" style="font-family: Arial;" rwr="1"><font size="4" style="font-family: Arial;" rwr="1"><font size="4" style="font-family: Arial;" rwr="1"><font size="4" style="font-family: Arial;" rwr="1"><font size="4" style="font-family: Arial;" rwr="1"><font size="4" style="font-family: Arial;" rwr="1"><font size="4" style="font-family: Arial;" rwr="1"><font size="4" style="font-family: Arial;" rwr="1"><font size="4" style="font-family: Arial;" rwr="1"><font size="4" style="font-family: Arial;" rwr="1"><font size="4" style="font-family: Arial;" rwr="1"><font size="4" style="font-family: Arial;" rwr="1"><font size="4" style="font-family: Arial;" rwr="1"><p align="center"><font color="#002cfd" size="6">2005 Orange County Choppers</font></p><p align="center"><font color="#002cfd" size="6">Serial # 521701</font></p><p align="center"><font color="#002cfd" size="6">O.C.C. Logo Heavy Ceramic Beer Stein Mug</font><span style="color: rgb(0, 44, 253); font-size: xx-large;">&nbsp;</span></p><p align="center"><font color="#002cfd" size="6">7" Tall</font></p><p align="center"><font color="#002cfd" size="6">Holds 36 oz. of Beer</font></p><p align="center"><font color="#002cfd" size="6">Weighs = 1 Pound 10 Ounces</font><font color="#002cfd" size="6"><br></font></p><p align="center"><font color="#002cfd" size="6">**Excellent&nbsp;Condition**</font></p><p align="center"><font color="#002cfd" size="6">Securely packed &amp; quickly shipped.</font></p><p align="center"><font color="#002cfd" size="6"><font size="6">Includes USPS Tracking Number. </font></font></p><p align="center"><font color="#002cfd" size="6">We use eBay USPS shipping boxes &amp;&nbsp;labels.<br></font></p><p align="center"><font color="#002cfd" size="6"><font color="#ff0010">Over 25,000 cumulative positive feedback.</font></font></p><p align="center"><font color="#ff0010" size="6">Convenient 30-day return policy.</font></p><p align="center"><font color="#ff0010" size="6">Our 14th year selling on eBay.</font></p><p align="center"><font color="#ff0010" size="6">Support Mom &amp; Pop family run businesses!!!!</font></p><p align="center"><font color="#ff0010" size="6"><br></font></p><p align="center"><font color="#ff0010" size="6"><br></font></p><p align="center"><font color="#ff0010" size="6">G.S.+</font></p><p align="center"><font color="#002cfd" size="6"></font>&nbsp;</p><p></p><center><a href="https://pages.ebay.com/selling_manager_pro"><img width="248" height="50" src="https://pics.ebay.com/aw/pics/sellingmanager/sellingmanagerPro/smPro_248x50.gif" border="0"></a></center><p></p></font></font></font></font></font></font></font></font></font></font></font></font></font></font></font></font></font></font></font></font></font></font></font></font>
</DOC>
<DOC>
<DOCID>1700309</DOCID>
<CATEGORY>Collectibles > Militaria > Current Militaria (2001-Now) > Original Items > Medals & Ribbons</CATEGORY>
<ORIGTITLE>ARMY PATCH,SSI ,MULTICAM, 555TH ENGINEER BRIGADE.SCORPION,with hook loop</ORIGTITLE>
<font rwr='1' size='4' style='font-family:Arial'><meta name="viewport" content="width=device-width, initial-scale=1.0"><font size="4" style="font-family:Arial" rwr="1"><font face="Arial" size="2"></font><font face="Arial" size="2"></font><font face="Arial" size="2"></font><font face="Arial" size="2"></font><font face="Arial" size="2"></font><br>
<center><br><br><font color="#ffffff" face="verdana" size="1">SquareTrade © AP6.0</font></center>
<p>&nbsp;</p>
<p>ONE PATCH&nbsp;AS PICTURED AND DESCRIBED ABOVE,&nbsp;</p>
<p>&nbsp;&nbsp;in&nbsp; new condition, good luck, thanks for looking.</p>.<br><font size="2" style="font-family:Arial" rwr="1"><div><strong><span style="FONT-SIZE: medium"><strong>Note:&nbsp; i do NOT provide shipping insurance as a standard practice.&nbsp; Should you desire insurance, please contact us prior to paying for the item and we will add it to your invoice if it is available.</strong></span></strong></div>
<div style="COLOR: red"><b><font size="4"><strong>&nbsp;</strong><strong><span style="FONT-SIZE: x-large"><span style="COLOR: #ff0000"><strong><strong><span><span><em><b><span>Attention International Bidders:&nbsp; First Class Mail is an unverifiable shipping method.&nbsp;&nbsp;i will&nbsp;NOT be responsible for items shipped First Class Mail that are lost, stolen, claimed to be undelivered, or damaged.&nbsp; The Buyer takes&nbsp;ALL responsibility for First Class Mail shipping.&nbsp; If a verifiable shipping method is desired, please let us know prior to paying for the item and we will adjust the invoice.</span></b></em></span></span></strong></strong></span></span></strong></font></b></div>
<div><strong></strong>&nbsp;</div>
<div><strong><span style="FONT-SIZE: x-large"><span style="COLOR: #ff0000"><strong><strong><span><span><em><b><span>International Bidders - It is YOUR responsibility to verify that this item complies with all import restrictions for your country.&nbsp; NO Refunds will be given for items that do not pass customs.</span></b></em></span></span></strong></strong></span></span></strong></div></font><p></p><hr><span class="ebay">On Jan-28-13 at 17:29:14 PST, seller added the following information:</span><p></p><p><font size="2" style="font-family:Arial" rwr="1"></font></p><p><font size="2" style="font-family:Arial" rwr="1">for outside the u.s. customers</font></p><font size="2" style="font-family:Arial" rwr="1"> <p>as of 27 january 2013, the USPS has raised international rates. it now costs 7.00 for 1 to 3 ounces.</p> <p>i will charge only for the first item. all others will be in one envelope regardless of amount</p> <p>the more bought the less over all shipping.</p> <p>i combine shipping, do not pay until i swnd a combined invoice </p></font><p></p></font></font>
</DOC>
<DOC>
<DOCID>1700311</DOCID>
<CATEGORY>Collectibles > Historical Memorabilia > Veterinary Medicine</CATEGORY>
<ORIGTITLE>J. DuBOIS, Kingston, Ulster County, NY,  HORSE & CATTLE CONDITION POWDERS Flyer</ORIGTITLE>
<font rwr='1' size='4' style='font-family:Arial'><div>Flyer or hand bill for condition powders for horses and cattle from J. DuBois, Sole Proprietor and Manufacturer, Kingston, Ulster County, NY.</div><div><br></div><div>Measures 5 7/8 X 3 1/4 inches listing uses, directions and costs.</div><div><br></div><div>Joseph DuBois was a druggist and patent medicine manufacturer in the late 1800s.&nbsp; He was located at the corner of Washington and Hurley Avenues as well 49 North Front Street. &nbsp;</div><div><br></div><div>Thank you.</div></font>
</DOC>
<DOC>
<DOCID>1700319</DOCID>
<CATEGORY>Collectibles > Decorative Collectibles > Trays, Platters</CATEGORY>
<ORIGTITLE>4 Elite Black Metal Trays Made In England Asian Oriental Motif 7.5 X 6.25</ORIGTITLE>
<font size="4" style="font-family: Arial;" rwr="1"><font size="4" style="font-family: Arial;" rwr="1"><font size="4" style="font-family: Arial;" rwr="1"><font size="4" style="font-family: Arial;" rwr="1"><font size="4" style="font-family: Arial;" rwr="1"><font size="4" style="font-family: Arial;" rwr="1"><p align="center"><strong>4 Elite Black Metal Trays Made In England Asian Oriental Motif 7.5 X 6.25</strong></p><p align="center"><strong>Scratches from wear on 1</strong></p></font></font></font></font></font></font>
</DOC>
<DOC>
<DOCID>1700316</DOCID>
<CATEGORY>Collectibles > Militaria > 1976-89 > Original Period Items</CATEGORY>
<ORIGTITLE>Military Ballistic Helmet Medium Army Police SWAT M1 w/ Chin Strap</ORIGTITLE>
<font rwr="1" size="4" style="font-family:Arial">Military Ballistic Helmet Medium Army Police SWAT M1 w/ Chin Strap<div><br></div><div>Used police surplus equipment. Shows normal use and wear.</div><div><br></div><div>Size Medium 1</div><div><br></div><div>Please see photos of item you will receive.&nbsp;</div><div><br></div><div>Thank you.&nbsp;</div></font>
</DOC>
<DOC>
<DOCID>1700320</DOCID>
<CATEGORY>Collectibles > Transportation > Boats & Ships > Cruise Ships & Ocean Liners > Cunard</CATEGORY>
<ORIGTITLE>CUNARD WHITE STAR LINE RMS QUEEN MARY CHRISTMAS 1936 BISQUE CAKE DECORATION</ORIGTITLE>
<font rwr='1' size='4' style='font-family:Arial'><!--CSG INDICATOR START-->
<!-- AUCTIVA Scrolling Gallery (do not remove or modify the "CSG INDICATOR START/END" tags or contents) --><link id="csgCss" rel="stylesheet" href="https://scrollinggallery.auctiva.com/gallery/css/2(0)/AUCTIVA/1342794/0/25/_252"><div id="csgGallery" style="display: none"><input id="csgScrollingCheckbox_252" type="checkbox" checked=""><input id="csgSingleRowCheckbox_252" type="checkbox" checked=""><div id="csgGalleryPos"><div id="csgGalleryContainer"><div id="csgHeader" class="csgFrame"><div id="csgHeaderLeft" class="csgLeft"><a id="csgHLStoreLink" href="https://www.ebay.co.uk/usr/thepurserslocker" target="_blank"></a><span id="csgHLLogo" class="csgLogo"></span></div><div id="csgHeaderCenter" class="csgCenter"><a id="csgHCStoreLink" href="https://www.ebay.co.uk/usr/thepurserslocker" target="_blank"></a><span id="csgHCLogo" class="csgLogo"></span></div><div id="csgHeaderRight" class="csgRight"><label id="csgHRScrollingLabel" for="csgScrollingCheckbox_252"></label><label id="csgHRSingleRowLabel" for="csgSingleRowCheckbox_252"></label><span id="csgHRLogo" class="csgLogo"></span></div></div><div id="csgOuterNavWrapper"><input id="csgPrev1_252" name="csgRadio" class="csgPrevCheck" type="radio"><input id="csgPrev2_252" name="csgRadio" class="csgPrevCheck" type="radio"><input id="csgPrev3_252" name="csgRadio" class="csgPrevCheck" type="radio"><input id="csgPrev4_252" name="csgRadio" class="csgPrevCheck" type="radio"><input id="csgPrev5_252" name="csgRadio" class="csgPrevCheck" type="radio"><input id="csgPrev6_252" name="csgRadio" class="csgPrevCheck" type="radio"><input id="csgPrev7_252" name="csgRadio" class="csgPrevCheck" type="radio"><input id="csgPrev8_252" name="csgRadio" class="csgPrevCheck" type="radio"><input id="csgPrev9_252" name="csgRadio" class="csgPrevCheck" type="radio"><input id="csgPrev10_252" name="csgRadio" class="csgPrevCheck" type="radio"><input id="csgPrev11_252" name="csgRadio" class="csgPrevCheck" type="radio"><input id="csgPrev12_252" name="csgRadio" class="csgPrevCheck" type="radio"><input id="csgPrev13_252" name="csgRadio" class="csgPrevCheck" type="radio"><input id="csgPrev14_252" name="csgRadio" class="csgPrevCheck" type="radio"><input id="csgPrev15_252" name="csgRadio" class="csgPrevCheck" type="radio"><input id="csgPrev16_252" name="csgRadio" class="csgPrevCheck" type="radio"><input id="csgPrev17_252" name="csgRadio" class="csgPrevCheck" type="radio"><input id="csgPrev18_252" name="csgRadio" class="csgPrevCheck" type="radio"><input id="csgPrev19_252" name="csgRadio" class="csgPrevCheck" type="radio"><input id="csgPrev20_252" name="csgRadio" class="csgPrevCheck" type="radio"><input id="csgNext1_252" name="csgRadio" class="csgNextCheck" type="radio"><input id="csgNext2_252" name="csgRadio" class="csgNextCheck" type="radio"><input id="csgNext3_252" name="csgRadio" class="csgNextCheck" type="radio"><input id="csgNext4_252" name="csgRadio" class="csgNextCheck" type="radio"><input id="csgNext5_252" name="csgRadio" class="csgNextCheck" type="radio"><input id="csgNext6_252" name="csgRadio" class="csgNextCheck" type="radio"><input id="csgNext7_252" name="csgRadio" class="csgNextCheck" type="radio"><input id="csgNext8_252" name="csgRadio" class="csgNextCheck" type="radio"><input id="csgNext9_252" name="csgRadio" class="csgNextCheck" type="radio"><input id="csgNext10_252" name="csgRadio" class="csgNextCheck" type="radio"><input id="csgNext11_252" name="csgRadio" class="csgNextCheck" type="radio"><input id="csgNext12_252" name="csgRadio" class="csgNextCheck" type="radio"><input id="csgNext13_252" name="csgRadio" class="csgNextCheck" type="radio"><input id="csgNext14_252" name="csgRadio" class="csgNextCheck" type="radio"><input id="csgNext15_252" name="csgRadio" class="csgNextCheck" type="radio"><input id="csgNext16_252" name="csgRadio" class="csgNextCheck" type="radio"><input id="csgNext17_252" name="csgRadio" class="csgNextCheck" type="radio"><input id="csgNext18_252" name="csgRadio" class="csgNextCheck" type="radio"><input id="csgNext19_252" name="csgRadio" class="csgNextCheck" type="radio"><input id="csgNext20_252" name="csgRadio" class="csgNextCheck" type="radio"><div id="csgNavLeft" class="csgNavLabels"><div id="csgNavLeftWrapper" class="csgNavWrapper"><label id="csgPrevLabel1" class="csgNavLabel" for="csgPrev1_252"></label><label id="csgPrevLabel2" class="csgNavLabel" for="csgPrev2_252"></label><label id="csgPrevLabel3" class="csgNavLabel" for="csgPrev3_252"></label><label id="csgPrevLabel4" class="csgNavLabel" for="csgPrev4_252"></label><label id="csgPrevLabel5" class="csgNavLabel" for="csgPrev5_252"></label><label id="csgPrevLabel6" class="csgNavLabel" for="csgPrev6_252"></label><label id="csgPrevLabel7" class="csgNavLabel" for="csgPrev7_252"></label><label id="csgPrevLabel8" class="csgNavLabel" for="csgPrev8_252"></label><label id="csgPrevLabel9" class="csgNavLabel" for="csgPrev9_252"></label><label id="csgPrevLabel10" class="csgNavLabel" for="csgPrev10_252"></label><label id="csgPrevLabel11" class="csgNavLabel" for="csgPrev11_252"></label><label id="csgPrevLabel12" class="csgNavLabel" for="csgPrev12_252"></label><label id="csgPrevLabel13" class="csgNavLabel" for="csgPrev13_252"></label><label id="csgPrevLabel14" class="csgNavLabel" for="csgPrev14_252"></label><label id="csgPrevLabel15" class="csgNavLabel" for="csgPrev15_252"></label><label id="csgPrevLabel16" class="csgNavLabel" for="csgPrev16_252"></label><label id="csgPrevLabel17" class="csgNavLabel" for="csgPrev17_252"></label><label id="csgPrevLabel18" class="csgNavLabel" for="csgPrev18_252"></label><label id="csgPrevLabel19" class="csgNavLabel" for="csgPrev19_252"></label><label id="csgPrevLabel20" class="csgNavLabel" for="csgPrev20_252"></label></div></div><div id="csgNavRight" class="csgNavLabels"><div id="csgNavRightWrapper" class="csgNavWrapper"><label id="csgNextLabel1" class="csgNavLabel" for="csgNext1_252"></label><label id="csgNextLabel2" class="csgNavLabel" for="csgNext2_252"></label><label id="csgNextLabel3" class="csgNavLabel" for="csgNext3_252"></label><label id="csgNextLabel4" class="csgNavLabel" for="csgNext4_252"></label><label id="csgNextLabel5" class="csgNavLabel" for="csgNext5_252"></label><label id="csgNextLabel6" class="csgNavLabel" for="csgNext6_252"></label><label id="csgNextLabel7" class="csgNavLabel" for="csgNext7_252"></label><label id="csgNextLabel8" class="csgNavLabel" for="csgNext8_252"></label><label id="csgNextLabel9" class="csgNavLabel" for="csgNext9_252"></label><label id="csgNextLabel10" class="csgNavLabel" for="csgNext10_252"></label><label id="csgNextLabel11" class="csgNavLabel" for="csgNext11_252"></label><label id="csgNextLabel12" class="csgNavLabel" for="csgNext12_252"></label><label id="csgNextLabel13" class="csgNavLabel" for="csgNext13_252"></label><label id="csgNextLabel14" class="csgNavLabel" for="csgNext14_252"></label><label id="csgNextLabel15" class="csgNavLabel" for="csgNext15_252"></label><label id="csgNextLabel16" class="csgNavLabel" for="csgNext16_252"></label><label id="csgNextLabel17" class="csgNavLabel" for="csgNext17_252"></label><label id="csgNextLabel18" class="csgNavLabel" for="csgNext18_252"></label><label id="csgNextLabel19" class="csgNavLabel" for="csgNext19_252"></label><label id="csgNextLabel20" class="csgNavLabel" for="csgNext20_252"></label></div></div><div id="csgSlidesContainer"><div id="csgSlidesOuter"><a id="csgOverrideLink" href="https://www.ebay.co.uk/usr/thepurserslocker" target="_blank"></a><div id="csgSlides"><div class="csgSlide"><div class="csgListing"><a href="https://www.ebay.co.uk/sch/thepurserslocker/m.html?_ipg=100&amp;_dmd=2&amp;_sop=1" target="_blank"><div class="csgListingImage"></div><div class="csgTitle"></div><div class="csgDetails"><span class="csgPrice"></span><br><span class="csgEndTime"></span></div></a></div></div><div class="csgSlide"><div class="csgListing"><a href="https://www.ebay.co.uk/sch/thepurserslocker/m.html?_ipg=100&amp;_dmd=2&amp;_sop=1" target="_blank"><div class="csgListingImage"></div><div class="csgTitle"></div><div class="csgDetails"><span class="csgPrice"></span><br><span class="csgEndTime"></span></div></a></div></div><div class="csgSlide"><div class="csgListing"><a href="https://www.ebay.co.uk/sch/thepurserslocker/m.html?_ipg=100&amp;_dmd=2&amp;_sop=1" target="_blank"><div class="csgListingImage"></div><div class="csgTitle"></div><div class="csgDetails"><span class="csgPrice"></span><br><span class="csgEndTime"></span></div></a></div></div><div class="csgSlide"><div class="csgListing"><a href="https://www.ebay.co.uk/sch/thepurserslocker/m.html?_ipg=100&amp;_dmd=2&amp;_sop=1" target="_blank"><div class="csgListingImage"></div><div class="csgTitle"></div><div class="csgDetails"><span class="csgPrice"></span><br><span class="csgEndTime"></span></div></a></div></div><div class="csgSlide"><div class="csgListing"><a href="https://www.ebay.co.uk/sch/thepurserslocker/m.html?_ipg=100&amp;_dmd=2&amp;_sop=1" target="_blank"><div class="csgListingImage"></div><div class="csgTitle"></div><div class="csgDetails"><span class="csgPrice"></span><br><span class="csgEndTime"></span></div></a></div></div><div class="csgSlide"><div class="csgListing"><a href="https://www.ebay.co.uk/sch/thepurserslocker/m.html?_ipg=100&amp;_dmd=2&amp;_sop=1" target="_blank"><div class="csgListingImage"></div><div class="csgTitle"></div><div class="csgDetails"><span class="csgPrice"></span><br><span class="csgEndTime"></span></div></a></div></div><div class="csgSlide"><div class="csgListing"><a href="https://www.ebay.co.uk/sch/thepurserslocker/m.html?_ipg=100&amp;_dmd=2&amp;_sop=1" target="_blank"><div class="csgListingImage"></div><div class="csgTitle"></div><div class="csgDetails"><span class="csgPrice"></span><br><span class="csgEndTime"></span></div></a></div></div><div class="csgSlide"><div class="csgListing"><a href="https://www.ebay.co.uk/sch/thepurserslocker/m.html?_ipg=100&amp;_dmd=2&amp;_sop=1" target="_blank"><div class="csgListingImage"></div><div class="csgTitle"></div><div class="csgDetails"><span class="csgPrice"></span><br><span class="csgEndTime"></span></div></a></div></div><div class="csgSlide"><div class="csgListing"><a href="https://www.ebay.co.uk/sch/thepurserslocker/m.html?_ipg=100&amp;_dmd=2&amp;_sop=1" target="_blank"><div class="csgListingImage"></div><div class="csgTitle"></div><div class="csgDetails"><span class="csgPrice"></span><br><span class="csgEndTime"></span></div></a></div></div><div class="csgSlide"><div class="csgListing"><a href="https://www.ebay.co.uk/sch/thepurserslocker/m.html?_ipg=100&amp;_dmd=2&amp;_sop=1" target="_blank"><div class="csgListingImage"></div><div class="csgTitle"></div><div class="csgDetails"><span class="csgPrice"></span><br><span class="csgEndTime"></span></div></a></div></div><div class="csgSlide"><div class="csgListing"><a href="https://www.ebay.co.uk/sch/thepurserslocker/m.html?_ipg=100&amp;_dmd=2&amp;_sop=1" target="_blank"><div class="csgListingImage"></div><div class="csgTitle"></div><div class="csgDetails"><span class="csgPrice"></span><br><span class="csgEndTime"></span></div></a></div></div><div class="csgSlide"><div class="csgListing"><a href="https://www.ebay.co.uk/sch/thepurserslocker/m.html?_ipg=100&amp;_dmd=2&amp;_sop=1" target="_blank"><div class="csgListingImage"></div><div class="csgTitle"></div><div class="csgDetails"><span class="csgPrice"></span><br><span class="csgEndTime"></span></div></a></div></div><div class="csgSlide"><div class="csgListing"><a href="https://www.ebay.co.uk/sch/thepurserslocker/m.html?_ipg=100&amp;_dmd=2&amp;_sop=1" target="_blank"><div class="csgListingImage"></div><div class="csgTitle"></div><div class="csgDetails"><span class="csgPrice"></span><br><span class="csgEndTime"></span></div></a></div></div><div class="csgSlide"><div class="csgListing"><a href="https://www.ebay.co.uk/sch/thepurserslocker/m.html?_ipg=100&amp;_dmd=2&amp;_sop=1" target="_blank"><div class="csgListingImage"></div><div class="csgTitle"></div><div class="csgDetails"><span class="csgPrice"></span><br><span class="csgEndTime"></span></div></a></div></div><div class="csgSlide"><div class="csgListing"><a href="https://www.ebay.co.uk/sch/thepurserslocker/m.html?_ipg=100&amp;_dmd=2&amp;_sop=1" target="_blank"><div class="csgListingImage"></div><div class="csgTitle"></div><div class="csgDetails"><span class="csgPrice"></span><br><span class="csgEndTime"></span></div></a></div></div><div class="csgSlide"><div class="csgListing"><a href="https://www.ebay.co.uk/sch/thepurserslocker/m.html?_ipg=100&amp;_dmd=2&amp;_sop=1" target="_blank"><div class="csgListingImage"></div><div class="csgTitle"></div><div class="csgDetails"><span class="csgPrice"></span><br><span class="csgEndTime"></span></div></a></div></div><div class="csgSlide"><div class="csgListing"><a href="https://www.ebay.co.uk/sch/thepurserslocker/m.html?_ipg=100&amp;_dmd=2&amp;_sop=1" target="_blank"><div class="csgListingImage"></div><div class="csgTitle"></div><div class="csgDetails"><span class="csgPrice"></span><br><span class="csgEndTime"></span></div></a></div></div><div class="csgSlide"><div class="csgListing"><a href="https://www.ebay.co.uk/sch/thepurserslocker/m.html?_ipg=100&amp;_dmd=2&amp;_sop=1" target="_blank"><div class="csgListingImage"></div><div class="csgTitle"></div><div class="csgDetails"><span class="csgPrice"></span><br><span class="csgEndTime"></span></div></a></div></div><div class="csgSlide"><div class="csgListing"><a href="https://www.ebay.co.uk/sch/thepurserslocker/m.html?_ipg=100&amp;_dmd=2&amp;_sop=1" target="_blank"><div class="csgListingImage"></div><div class="csgTitle"></div><div class="csgDetails"><span class="csgPrice"></span><br><span class="csgEndTime"></span></div></a></div></div><div class="csgSlide"><div class="csgListing"><a href="https://www.ebay.co.uk/sch/thepurserslocker/m.html?_ipg=100&amp;_dmd=2&amp;_sop=1" target="_blank"><div class="csgListingImage"></div><div class="csgTitle"></div><div class="csgDetails"><span class="csgPrice"></span><br><span class="csgEndTime"></span></div></a></div></div><div class="csgSlide"><div class="csgListing"><a href="https://www.ebay.co.uk/sch/thepurserslocker/m.html?_ipg=100&amp;_dmd=2&amp;_sop=1" target="_blank"><div class="csgListingImage"></div><div class="csgTitle"></div><div class="csgDetails"><span class="csgPrice"></span><br><span class="csgEndTime"></span></div></a></div></div><div class="csgSlide"><div class="csgListing"><a href="https://www.ebay.co.uk/sch/thepurserslocker/m.html?_ipg=100&amp;_dmd=2&amp;_sop=1" target="_blank"><div class="csgListingImage"></div><div class="csgTitle"></div><div class="csgDetails"><span class="csgPrice"></span><br><span class="csgEndTime"></span></div></a></div></div><div class="csgSlide"><div class="csgListing"><a href="https://www.ebay.co.uk/sch/thepurserslocker/m.html?_ipg=100&amp;_dmd=2&amp;_sop=1" target="_blank"><div class="csgListingImage"></div><div class="csgTitle"></div><div class="csgDetails"><span class="csgPrice"></span><br><span class="csgEndTime"></span></div></a></div></div><div class="csgSlide"><div class="csgListing"><a href="https://www.ebay.co.uk/sch/thepurserslocker/m.html?_ipg=100&amp;_dmd=2&amp;_sop=1" target="_blank"><div class="csgListingImage"></div><div class="csgTitle"></div><div class="csgDetails"><span class="csgPrice"></span><br><span class="csgEndTime"></span></div></a></div></div><div class="csgSlide"><div class="csgListing"><a href="https://www.ebay.co.uk/sch/thepurserslocker/m.html?_ipg=100&amp;_dmd=2&amp;_sop=1" target="_blank"><div class="csgListingImage"></div><div class="csgTitle"></div><div class="csgDetails"><span class="csgPrice"></span><br><span class="csgEndTime"></span></div></a></div></div></div></div></div></div><div id="csgFooter" class="csgFrame"><div id="csgFooterLeft" class="csgLeft"><label id="csgFLScrollingLabel" for="csgScrollingCheckbox_252"></label><label id="csgFLSingleRowLabel" for="csgSingleRowCheckbox_252"></label><span id="csgFLLogo" class="csgLogo"></span></div><div id="csgFooterCenter" class="csgCenter"><label id="csgFCScrollingLabel" for="csgScrollingCheckbox_252"></label><a id="csgFCStoreLink" href="https://www.ebay.co.uk/usr/thepurserslocker" target="_blank"></a><span id="csgFCLogo" class="csgLogo"></span></div><div id="csgFooterRight" class="csgRight"><label id="csgFRScrollingLabel" for="csgScrollingCheckbox_252"></label><label id="csgFRSingleRowLabel" for="csgSingleRowCheckbox_252"></label><span id="csgFRLogo" class="csgLogo"></span></div></div></div><div id="csgPlatformLinkDiv"><span id="csgPlatformLeftImg"></span><a href="https://pages.ebay.com/seller-center/listing/listing-advanced-sellers/third-party-listing-tools.html#auctiva" target="_blank"><span id="csgPlatformText1"></span><br><span id="csgPlatformText2"></span></a><span id="csgPlatformRightImg"></span></div></div></div>
<!--CSG INDICATOR END-->
<meta name="viewport" content="width=device-width"><style>img{max-width:100%}</style><style> a.imagelink {color:#0000FF;} a:hover.imagelink {color:#0000FF;} a:visited.imagelink {color:#800080;} a.imagelink img.auctionimage { border: 2px solid #0000FF; } a:visited.imagelink img.auctionimage { border: 2px solid #800080; } </style><table width="95%" border="0" align="center" class="acttbl">
<tbody><tr> 
<td> 
<table border="0" width="100%">
<tbody><tr><td valign="top" width="100%">
<table border="0" cellpadding="8" align="center" width="95%" class="acttbl"><tbody><tr><td width="100%" class="acttbl">
<font><!-- Start Description AucLister --><p>&nbsp;</p>

<p align="center" style="font-family: Verdana, Arial, Helvetica, sans-serif; -webkit-border-horizontal-spacing: 2px; -webkit-border-vertical-spacing: 2px; font-size: small; "><span style="font-size: medium; "><font color="#002cfd" face="Arial Black">WELCOME TO PURSERSLOCKER'S WEEKLY LISTINGS. I SELL A WIDE RANGE OF QUALITY OCEAN LINER AND 20TH CENTURY DECORATIVE ARTS, SOME ITEMS COME DIRECT FROM MY COLLECTION, WHILST OTHERS ARE RECENT DISCOVERIES AND ARE FRESH TO THE COLLECTORS MARKET. I REGULARLY TRAVEL AROUND THE COUNTRY AND TO THE US, SO IF THERE IS A SPECIFIC ITEM YOU ARE LOOKING FOR PLEASE FEEL FREE TO EMAIL. LIKEWISE IF YOU HAVE ITEMS THAT YOU FEEL I MAY BE INTERESTED IN PLEASE CONTACT ME, I DO PURCHASE SINGLE ITEMS TO WHOLE COLLECTIONS. I REGULARLY SELL ITEMS OF FURNITURE AND FIXTURES FROM THE GREAT OCEAN LINERS OF YESTERYEAR, INCLUDING OLYMPIC, MAURETANIA AND THE QUEENS SO PLEASE CHECK MY OTHER LISTINGS.</font></span></p>

<p style="margin-top: 0px; margin-right: 0px; margin-bottom: 0px; margin-left: 0px; text-align: center; font: normal normal normal 14px/normal 'Gill Sans'; color: rgb(14, 0, 45); font-family: Verdana, Arial, Helvetica, sans-serif; -webkit-border-horizontal-spacing: 2px; -webkit-border-vertical-spacing: 2px; font-size: small; ">&nbsp;</p>

<p align="center" style="font-family: Verdana, Arial, Helvetica, sans-serif; border-spacing: 2px; font-size: small;">&nbsp;</p>

<p style="color: rgb(51, 51, 51); background-color: rgb(255, 255, 255); margin: 0px; text-align: center; line-height: normal; font-family: Verdana, Arial, Helvetica, sans-serif; border-spacing: 2px; font-size: small;"><u><span style="font-size: x-large;"><span style="font-family: 'Arial Black';">CUNARD WHITE STAR LINE, RMS 'QUEEN MARY' BISQUE (UNGLAZED PORCELAIN) CAKE DECORATION. I HAVE HAD THESE IN THE PAST THAT BY REPUTE HAD COME FROM THE SHIP, SO ITS POSSIBLE.<br>
<br>
THESE ARE NOW GETTING HARDER TO FIND, IN VERY GOOD CONDITION</span></span></u><u><span style="font-size: x-large;"><span style="font-family: 'Arial Black';">.<br>
<br>
<br>
JUST OVER 6".</span></span></u></p>

<div style="color: rgb(51, 51, 51); font-family: sans-serif, Arial, Verdana, 'Trebuchet MS'; font-size: 13px; background-color: rgb(255, 255, 255);">&nbsp;</div>

<p align="center" style="color: rgb(51, 51, 51); background-color: rgb(255, 255, 255); font-family: Verdana, Arial, Helvetica, sans-serif; border-spacing: 2px; font-size: small;">&nbsp;</p>

<p style="color: rgb(51, 51, 51); background-color: rgb(255, 255, 255); margin: 0px; text-align: center; line-height: normal; font-family: Verdana, Arial, Helvetica, sans-serif; border-spacing: 2px; font-size: small;"><br>
<br>
<br>
<u><span style="font-size: x-large; "><span style="font-family: 'Arial Black'; ">SEARCH WORDS:-</span></span></u></p>

<p align="center" style="font-family: Verdana, Arial, Helvetica, sans-serif; -webkit-border-horizontal-spacing: 2px; -webkit-border-vertical-spacing: 2px; font-size: small; "><strong><font face="Arial Black" size="4">TITANIC OLYMPIC WHITE STAR LINE CUNARD QUEEN MARY OCEAN LINER QUEEN ELIZABETH QE2 MAURETANIA LUSITANIA STEAMSHIP STEAM SHIP RMS SS R.M.S. S.S.</font></strong></p>

<p align="center" style="font-family: Verdana, Arial, Helvetica, sans-serif; -webkit-border-horizontal-spacing: 2px; -webkit-border-vertical-spacing: 2px; font-size: small; ">&nbsp;</p>

<p align="center" style="font-family: Verdana, Arial, Helvetica, sans-serif; -webkit-border-horizontal-spacing: 2px; -webkit-border-vertical-spacing: 2px; font-size: small; "><span style="font-size: x-large; "><span style="color: rgb(255, 255, 0); "><font face="Arial Black"><u>ANY QUESTIONS PLEASE FEEL FREE TO ASK.</u> </font></span></span></p>

<p align="center" style="font-family: Verdana, Arial, Helvetica, sans-serif; -webkit-border-horizontal-spacing: 2px; -webkit-border-vertical-spacing: 2px; font-size: small; ">&nbsp;</p>

<p align="center" style="font-family: Verdana, Arial, Helvetica, sans-serif; -webkit-border-horizontal-spacing: 2px; -webkit-border-vertical-spacing: 2px; font-size: small; "><font size="4"><font face="Arial Black"><font color="#002cfd"><strong><font size="3">PLEASE NOTE DUE TO A VERY SMALL MINORITY OF RUDE EBAYER USERS, ANY ITEM SOLD HERE ON EBAY ABOVE £50.00 WILL HAVE INSURANCE ADDED TO THE INVOICE. I DO NOT CONTROL THE BRITISH POSTAL SERVICE WHICH AT PRESENT SEEMS TO BE HIGHLY UNRELIABLE. DUE TO THE HIGH VOLUME OF EBAY SALES I MAKE, I ONLY MAKE ONE TRIP TO THE POST OFFICE PER WEEK, ITEMS ARE SENT OUT ONE WEEK AFTER PAYMENT HAS CLEARED.<u>ALL</u> ITEMS SENT HAVE PROF OF POSTAGE.</font></strong></font></font></font></p>

<div>&nbsp;</div>

<p>&nbsp;</p>

<p>&nbsp;</p><!-- End Description AucLister --></font>
</td></tr></tbody></table>
</td></tr>
<tr><td valign="top" align="center"><br><center><center><table cellpadding="2"><tbody><tr><td><table cellpadding="0" cellspacing="0" border="0" style="display:inline-block"><tbody><tr><td align="center"><img class="auctionimage" src="https://img.auctiva.com/imgdata/1/3/4/2/7/9/4/webimg/1000294129_tp.jpg" style="max-width:300px; max-height:300px;"></td></tr></tbody></table></td><td><table cellpadding="0" cellspacing="0" border="0" style="display:inline-block"><tbody><tr><td align="center"><img class="auctionimage" src="https://img.auctiva.com/imgdata/1/3/4/2/7/9/4/webimg/1000294139_tp.jpg" style="max-width:300px; max-height:300px;"></td></tr></tbody></table></td></tr></tbody></table><br><table cellpadding="2"><tbody><tr><td><table cellpadding="0" cellspacing="0" border="0" style="display:inline-block"><tbody><tr><td align="center"><img class="auctionimage" src="https://img.auctiva.com/imgdata/1/3/4/2/7/9/4/webimg/1000294148_tp.jpg" style="max-width:300px; max-height:300px;"></td></tr></tbody></table></td><td><table cellpadding="0" cellspacing="0" border="0" style="display:inline-block"><tbody><tr><td align="center"><img class="auctionimage" src="https://img.auctiva.com/imgdata/1/3/4/2/7/9/4/webimg/1000294158_tp.jpg" style="max-width:300px; max-height:300px;"></td></tr></tbody></table></td></tr></tbody></table><br></center></center></td></tr>
<tr><td valign="top" align="center"><br><center></center></td></tr>
</tbody></table>
</td>
</tr>
</tbody></table><table width="100%" border="0" cellpadding="3" cellspacing="3"><tbody><tr><td align="left"><a href="https://pages.ebay.com/seller-center/listing/listing-advanced-sellers/third-party-listing-tools.html#auctiva" target="_blank">Pictures sell!<br>Auctiva offers Free Image Hosting and Editing.</a></td></tr></tbody></table><br><p></p><center><a href="https://pages.ebay.com/seller-center/listing/listing-advanced-sellers/third-party-listing-tools.html#auctiva" target="_blank"><img src="https://ti2.auctiva.com/web/auctivablue88x33.gif" border="0"><br>The complete eBay Selling Solution.</a></center><p></p><!-- Begin: AuctivaCounter --><style type="text/css">.aucCounter a { text-decoration:none; }.aucCounter span:hover { text-decoration:underline; }.aucHiddenCounter { display:none; }.aucCounterOrangeText { color:#FB6D05; font-family:Arial; Font-size:13px; Font-weight:bold; }.aucCounterBlueText { color:#0068ac; Font-family:Arial; Font-size:11px; }</style> <div align="center" class="aucCounter"><img src="https://counters.auctiva.com/aucount/636681079248517314?s=y" title="Start Your 30-Day Free Trial Now"><br><a href="https://pages.ebay.com/seller-center/listing/listing-advanced-sellers/third-party-listing-tools.html#auctiva" target="_blank"><span class="aucCounterOrangeText">Track Page Views With</span><br><span class="aucCounterBlueText">Auctiva's FREE Counter</span></a></div><!-- End: AuctivaCounter --></font>
</DOC>
<DOC>
<DOCID>1700323</DOCID>
<CATEGORY>Collectibles > Rocks, Fossils & Minerals > Lapidary Materials > Rough for Cabbing</CATEGORY>
<ORIGTITLE>SIC: 3 piece Royal Sahara Jasper Slab - Solid Lapidary-Rough Stone~Polished</ORIGTITLE>
<font rwr="1" size="4" style="font-family:Arial"><div><span style="color:rgb(85, 85, 85); font-family:&quot;Helvetica Neue&quot;, Helvetica, Arial, sans-serif; font-size:14px; font-style:normal; font-variant-ligatures:normal; font-variant-caps:normal; font-weight:400; letter-spacing:normal; orphans:2; text-align:left; text-indent:0px; text-transform:none; white-space:normal; word-spacing:0px; background-color:rgb(255, 255, 255); text-decoration-style:initial; text-decoration-color:initial; display:inline !important; float:none;"></span></div><div><span style="color:rgb(29, 33, 41); font-family:Helvetica, Arial, sans-serif; font-style:normal; font-variant-ligatures:normal; font-variant-caps:normal; font-weight:400; letter-spacing:normal; orphans:2; text-align:left; text-indent:0px; text-transform:none; white-space:pre-wrap; word-spacing:0px; background-color:rgb(255, 255, 255); text-decoration-style:initial; text-decoration-color:initial; float:none; display:inline !important;"><div style=""><font size="1"><span style="color:rgb(29, 33, 41); font-family:Helvetica, Arial, sans-serif; font-style:normal; font-variant-ligatures:normal; font-variant-caps:normal; font-weight:400; letter-spacing:normal; orphans:2; text-align:left; text-indent:0px; text-transform:none; white-space:pre-wrap; word-spacing:0px; background-color:rgb(255, 255, 255); text-decoration-style:initial; text-decoration-color:initial; float:none; display:inline !important;"></span></font></div></span></div><div><font size="1"><span style="color:rgb(29, 33, 41); font-family:Helvetica, Arial, sans-serif; font-style:normal; font-variant-ligatures:normal; font-variant-caps:normal; font-weight:400; letter-spacing:normal; orphans:2; text-align:left; text-indent:0px; text-transform:none; white-space:pre-wrap; word-spacing:0px; background-color:rgb(255, 255, 255); text-decoration-style:initial; text-decoration-color:initial; float:none; display:inline !important;"></span></font></div><div><span style="color:rgb(29, 33, 41); font-family:Helvetica, Arial, sans-serif; font-style:normal; font-variant-ligatures:normal; font-variant-caps:normal; font-weight:400; letter-spacing:normal; orphans:2; text-align:left; text-indent:0px; text-transform:none; white-space:pre-wrap; word-spacing:0px; background-color:rgb(255, 255, 255); text-decoration-style:initial; text-decoration-color:initial; float:none; display:inline !important;"><font size="1"><div style="">Photographed wet. 3 slabs</div><div style=""><br></div><div style="">From left to right on main image</div><div style=""><br></div><div style="">#1</div><div style=""><span style="color:rgb(29, 33, 41); font-family:Helvetica, Arial, sans-serif; font-style:normal; font-variant-ligatures:normal; font-variant-caps:normal; font-weight:400; letter-spacing:normal; orphans:2; text-align:left; text-indent:0px; text-transform:none; white-space:pre-wrap; word-spacing:0px; background-color:rgb(255, 255, 255); text-decoration-style:initial; text-decoration-color:initial; float:none; display:inline !important;">2 7/8" x 2.5" </span></div><div style=""><span style="color:rgb(29, 33, 41); font-family:Helvetica, Arial, sans-serif; font-style:normal; font-variant-ligatures:normal; font-variant-caps:normal; font-weight:400; letter-spacing:normal; orphans:2; text-align:left; text-indent:0px; text-transform:none; white-space:pre-wrap; word-spacing:0px; background-color:rgb(255, 255, 255); text-decoration-style:initial; text-decoration-color:initial; float:none; display:inline !important;">8-10mm thick. </span></div><div style=""><span style="color:rgb(29, 33, 41); font-family:Helvetica, Arial, sans-serif; font-style:normal; font-variant-ligatures:normal; font-variant-caps:normal; font-weight:400; letter-spacing:normal; orphans:2; text-align:left; text-indent:0px; text-transform:none; white-space:pre-wrap; word-spacing:0px; background-color:rgb(255, 255, 255); text-decoration-style:initial; text-decoration-color:initial; float:none; display:inline !important;">94 grams</span></div><div style=""><span style="color:rgb(29, 33, 41); font-family:Helvetica, Arial, sans-serif; font-style:normal; font-variant-ligatures:normal; font-variant-caps:normal; font-weight:400; letter-spacing:normal; orphans:2; text-align:left; text-indent:0px; text-transform:none; white-space:pre-wrap; word-spacing:0px; background-color:rgb(255, 255, 255); text-decoration-style:initial; text-decoration-color:initial; float:none; display:inline !important;"><br></span></div><div style=""><span style="color:rgb(29, 33, 41); font-family:Helvetica, Arial, sans-serif; font-style:normal; font-variant-ligatures:normal; font-variant-caps:normal; font-weight:400; letter-spacing:normal; orphans:2; text-align:left; text-indent:0px; text-transform:none; white-space:pre-wrap; word-spacing:0px; background-color:rgb(255, 255, 255); text-decoration-style:initial; text-decoration-color:initial; float:none; display:inline !important;"><div>#2</div><div>2 5/8" x 2.25" </div><div>7-10mm thick. </div><div>81 grams</div><div><br></div><div>#3</div><div><div>3" x 2.5" </div><div>7-8mm thick. </div><div>87 grams</div></div></span></div><div style=""><span style="color:rgb(29, 33, 41); font-family:Helvetica, Arial, sans-serif; font-style:normal; font-variant-ligatures:normal; font-variant-caps:normal; font-weight:400; letter-spacing:normal; orphans:2; text-align:left; text-indent:0px; text-transform:none; white-space:pre-wrap; word-spacing:0px; background-color:rgb(255, 255, 255); text-decoration-style:initial; text-decoration-color:initial; float:none; display:inline !important;"><br></span></div><div style=""><br></div><div style=""><span style="color:rgb(29, 33, 41); font-family:Helvetica, Arial, sans-serif; font-style:normal; font-variant-ligatures:normal; font-variant-caps:normal; font-weight:400; letter-spacing:normal; orphans:2; text-align:left; text-indent:0px; text-transform:none; white-space:pre-wrap; word-spacing:0px; background-color:rgb(255, 255, 255); text-decoration-style:initial; text-decoration-color:initial; float:none; display:inline !important;">From North Africa.</span></div><div style=""><span style="color:rgb(29, 33, 41); font-family:Helvetica, Arial, sans-serif; font-style:normal; font-variant-ligatures:normal; font-variant-caps:normal; font-weight:400; letter-spacing:normal; orphans:2; text-align:left; text-indent:0px; text-transform:none; white-space:pre-wrap; word-spacing:0px; background-color:rgb(255, 255, 255); text-decoration-style:initial; text-decoration-color:initial; float:none; display:inline !important;"><br></span></div></font></span></div><div><font size="1">Thanks for looking!</font></div><div><font size="1">Shipping by USPS Priority Mail.</font></div><div><font size="1">Combined shipping a given on multiple items.</font></div><div><font size="1">Please make payment within 3 days of auction close.</font></div><div><font size="1">Thank you!!</font></div></font>
</DOC>
<DOC>
<DOCID>1700305</DOCID>
<CATEGORY>Collectibles > Comics > Modern Age (1992-Now) > Superhero > Green Lantern</CATEGORY>
<ORIGTITLE>Green Lantern Vs Aliens #2-2000 nm- 9.2 Versus DC Dark Horse Ron Marz</ORIGTITLE>
<div style="font-family: &quot;Times New Roman&quot;; font-size: large;"><table align="center" style="border-spacing: 0px; width: 1385px;"><tbody><tr><td><div id="ds_div"><font rwr="1" size="4" style="font-family: Arial;"><table align="center" style="font-family: &quot;Times New Roman&quot;; border-spacing: 0px; width: 1383px;"><tbody><tr><td><div id="ds_div"><font rwr="1" size="4" style="font-family: Arial;"><table align="center" style="font-family: &quot;Times New Roman&quot;; border-spacing: 0px; width: 1381px;"><tbody><tr><td><div id="ds_div"><font rwr="1" size="4" style="font-family: Arial;"><table align="center" style="font-family: &quot;Times New Roman&quot;; border-spacing: 0px; width: 1379px;"><tbody><tr><td><div id="ds_div"><font rwr="1" size="4" style="font-family: Arial;"><div style="font-size: medium; font-family: Arial, Helvetica, sans-serif;"><font face="Arial" size="5"><b>I take comic book shipping seriously, each comic always has a bag and board, I place that "face" down inside a golden age back and board. I wrap each book in bubble wrap and then use a gemini/comic mailer. I also place the gemini/comic mailer inside a poly bag to protect it from weather elements.</b></font></div><div style="font-size: medium; font-family: Arial, Helvetica, sans-serif;"><font face="Arial" size="5"><b><br></b></font></div><div style="font-size: medium; font-family: Arial, Helvetica, sans-serif;"><font face="Arial" size="5"><b>I ship comics the way I expect them to be shipped to me.&nbsp;</b></font></div><div style="font-size: medium; font-family: Arial, Helvetica, sans-serif;"><font face="Arial" size="5"><b><br></b></font></div><div style="font-size: medium; font-family: Arial, Helvetica, sans-serif;"><font face="Arial" size="5"><b>I do my very best to inspect all items prior to shipping, if there is a problem please contact me so I can resolve the issue!</b></font></div><div style="font-size: medium; font-family: Arial, Helvetica, sans-serif;"><font face="Arial" size="5"><b><br></b></font></div><div style="font-size: medium; font-family: Arial, Helvetica, sans-serif;"><font face="Arial" size="5"><b>Any grade given is my opinion only. Please view photos and be your own judge.</b></font></div><div style="font-size: medium; font-family: Arial, Helvetica, sans-serif;"><br></div><div style="font-size: medium; font-family: Arial, Helvetica, sans-serif;"><font face="Arial" size="5"><b><br></b></font></div><div style="font-size: medium; font-family: Arial, Helvetica, sans-serif;"><font face="Arial" size="5"><b>I do offer combined shipping if you are interested in buying multiple CGC Comics. 13.50 for the first CGC add 2.00 per additional slab / .25 cents per raw comic. If cart does not reflect this pricing I can refund any overcharge or just Click "Request Total" RAW COMICS SHIP FREE WITH SLAB PURCHASES!!</b></font></div><div style="font-size: medium; font-family: Arial, Helvetica, sans-serif;"><font face="Arial" size="5"><b><br></b></font></div><div style="font-size: medium; font-family: Arial, Helvetica, sans-serif;"><font face="Arial" size="5"><b><br></b></font></div><div style="font-size: medium; font-family: Arial, Helvetica, sans-serif;"><font face="Arial" size="5"><b>Thank you!</b></font></div></font></div></td></tr></tbody></table></font></div></td></tr></tbody></table></font></div></td></tr></tbody></table></font></div></td></tr></tbody></table></div><span style="font-family: Verdana, Geneva, sans-serif; font-size: 13px; background-color: rgb(255, 255, 255);"><div style="font-weight: bold;"><b><br></b></div><div><br></div><b>Scale ---- Book Grading</b></span><br style="font-family: &quot;Times New Roman&quot;; font-size: large;"><b style="font-family: &quot;Times New Roman&quot;; font-size: 14pt;">9.8 - 10 – Mint</b><br style="font-family: &quot;Times New Roman&quot;; font-size: large;"><b style="font-family: &quot;Times New Roman&quot;; font-size: 14pt;">9.0 - 9.7 - Near Mint</b><br style="font-family: &quot;Times New Roman&quot;; font-size: large;"><b style="font-family: &quot;Times New Roman&quot;; font-size: 14pt;">7.5 - 8.9 - Very Fine</b><br style="font-family: &quot;Times New Roman&quot;; font-size: large;"><b style="font-family: &quot;Times New Roman&quot;; font-size: 14pt;">5.5 - 7.4 – Fine</b><br style="font-family: &quot;Times New Roman&quot;; font-size: large;"><b style="font-family: &quot;Times New Roman&quot;; font-size: 14pt;">3.5 - 5.4 - Very Good</b><br style="font-family: &quot;Times New Roman&quot;; font-size: large;"><b style="font-family: &quot;Times New Roman&quot;; font-size: 14pt;">1.4 - 3.4 – Good</b><br style="font-family: &quot;Times New Roman&quot;; font-size: large;"><b style="font-family: &quot;Times New Roman&quot;; font-size: 14pt;">1-1.3 – Fair</b><br style="font-family: &quot;Times New Roman&quot;; font-size: large;"><b style="font-family: &quot;Times New Roman&quot;; font-size: 14pt;">Below 1 - Poor</b>
</DOC>
<DOC>
<DOCID>1700317</DOCID>
<CATEGORY>Collectibles > Non-Sport Trading Cards > Star Trek Trading Cards > Trading Card Singles</CATEGORY>
<ORIGTITLE>STAR TREK THE ORIGINAL SERIES SEASON 1 GOLD PLAQUE INSERT CARD G28</ORIGTITLE>
<font rwr='1' size='4' style='font-family:Arial'><font rwr="1" style="font-family:Arial" size="4"><font rwr="1" style="font-family:Arial" size="4"><font rwr="1" style="font-family:Arial" size="4"><font rwr="1" style="font-family:Arial" size="4"><font rwr="1" style="font-family:Arial" size="4"><font rwr="1" style="font-family:Arial" size="4"><font rwr="1" style="font-family:Arial" size="4"><font rwr="1" style="font-family:Arial" size="4"><font rwr="1" style="font-family:Arial" size="4"><font rwr="1" style="font-family:Arial" size="4"><font rwr="1" style="font-family:Arial" size="4"><font rwr="1" style="font-family:Arial" size="4"><font rwr="1" style="font-family:Arial" size="4"><font rwr="1" style="font-family:Arial" size="4"><font rwr="1" style="font-family:Arial" size="4"><font rwr="1" style="font-family:Arial" size="4"><font rwr="1" style="font-family:Arial" size="4"><strong>
</strong><strong>
</strong><table width="100%" cellspacing="28" cellpadding="0">
<tbody><tr><td valign="top"><strong>
</strong><font face="Arial" color="#ff0010" size="4"><p align="center"><font face="Arial" color="#ff0010" size="4"><strong>THIS IS A 1997 SKYBOX STAR TREK THE ORIGINAL SERIES SEASON&nbsp;1 GOLD PLAQUE INSERT CARD. THESE CARDS WERE ONLY INSERTED AT A RATE OF 1 PER 12 PACKS. WITH 29 CARDS IN THE SET, THESE SETS WERE VERY DIFFICULT TO COMPLETE. THE FRONT OF THE CARD DOESN'T SCAN WELL, BUT I CAN ENSURE YOU THAT THESE CARDS ARE IN ATLEAST NEAR MINT/MINT CONDTION.&nbsp; THERE ARE A SOME CARDS THAT MAY HAVE SOME MINOR SCRATCHES, BUT OTHERWISE ARE IN GOOD SHAPE.&nbsp;</strong><strong style="color: rgb(255, 0, 16); font-family: Arial; font-size: large;"> G6 AND G11 WERE SHORTPRINTED AND IF I HAVE THEM AVAILABLE FOR SALE, THEY ARE FOR A MUCH HIGHER PRICE BECAUSE OF THIS.<br></strong></font></p></font>
<p align="center">&nbsp;<strong>Please see my store for many other&nbsp;GREAT&nbsp;Non-Sports&nbsp;cards&nbsp;that I have for sale. </strong></p><strong><font color="#ff0000">
</font><p align="center"><font style="font-family:Arial" size="4"><font style="font-family:Arial" size="4"><font style="font-family:Arial" size="4"><font style="font-family:Arial" size="4"><font style="font-family:Arial" size="4"><font style="font-family:Arial" size="4"><font face="Arial" size="2"><strong><font color="#ff0000"><strong><font color="#ff0000"></font></strong></font></strong></font></font></font></font></font></font></font></p><p align="center"><font style="font-family:Arial" size="4"><font style="font-family:Arial" size="4"><font style="font-family:Arial" size="4"><font face="Arial" size="2"><strong><font color="#ff0000"><strong><font color="#ff0000"><font style="font-family:Arial" size="4"><font style="font-family:Arial" size="4"><font style="font-family:Arial" size="4"><font face="Arial" size="2"><strong><font color="#ff0000"><strong><font color="#ff0000"><font style="font-family:Arial" size="4"><font style="font-family:Arial" size="4"><font style="font-family:Arial" size="4"><font face="Arial"><strong style="font-size: small;"><font color="#ff0000"><strong><font color="#ff0000"><font style="font-family:Arial" size="4"><font style="font-family:Arial" size="4"><font color="#ff0010"><font face="Arial"><strong><font size="3"><font face="Arial" color="#ff0000"><strong><font style="font-family:Arial" size="4"><font style="font-family:Arial" size="4"><font style="font-family:Arial" size="4"><strong><font color="#ff0000"><font style="font-family:Arial" size="4"><font style="font-family:Arial" size="4"><font style="font-family:Arial" size="4"><strong><font color="#ff0000"><font style="font-family:Arial" size="4"><font style="font-family:Arial" size="4"><font style="font-family:Arial" size="4"><font style="font-family:Arial" size="4"><font face="Arial" color="#ff0010" size="4"><strong><strong><font color="#ff0000"><font style="font-family:Arial" size="4"><font style="font-family:Arial" size="4"><font style="font-family:Arial" size="4"><font face="Arial" color="#ff0010"><strong><font size="3"><font face="Arial" color="#ff0010"><strong><font face="Arial" color="#ff0010"><strong><font style="font-family:Arial" size="4"><font style="font-family:Arial" size="4"><font style="font-family:Arial" size="4"><strong><font color="#ff0000"><strong><font color="#ff0000"><font style="font-family:Arial" size="4"><font style="font-family:Arial" size="4"><font style="font-family:Arial" size="4"><font color="#ff0010"><font face="Arial"><font size="3"><font color="#ff0010"><font face="Arial"><strong><strong><font color="#ff0000"><strong><font color="#ff0000"><font style="font-family:Arial" size="4"><font style="font-family:Arial" size="4"><font style="font-family:Arial" size="4"><font face="Arial" color="#ff0010"><strong><font size="3"><font face="Arial" color="#ff0010"><strong><strong><font color="#ff0000"><font style="font-family:Arial" size="4"><font style="font-family:Arial" size="4"><font face="Arial" color="#ff0010"><strong><font size="3"><font face="Arial" color="#ff0010"><strong><strong><font color="#ff0000"><font style="font-family:Arial" size="4"><font style="font-family:Arial" size="4"><font face="Arial"><strong><font size="3"><font face="Arial"><strong><font style="font-family:Arial" size="4"><font style="font-family:Arial" size="4"><font face="Arial" color="#ff0010"><strong><font size="3"><strong><font style="font-family:Arial" size="4"><strong><font face="Arial" color="#ff0000">FREE
 Domestic shipping includes Delivery Confirmation for items totalling 
over $30 USD with Buy it Now. Domestic (50 USA States) is shipped w/DELIVERY 
CONFIRMATION and International is shipped INTERNATIONAL FIRST CLASS WITH
 CUSTOMS TRACKING in a bubble envelope and toploader. For items 
totalling over $100, Priority mail will be required and FOR items 
totalling over $200 USD will require International Express mail with 
insurance, NO EXCEPTIONS. Contact me for International Shipping and 
handling rates.</font></strong><strong><font face="Arial" color="#ff0000"><font style="font-family:Arial" size="4"><font style="font-family:Arial" size="4"><strong><font color="#ff0000"><strong><font color="#ff0000"><strong><font color="#ff0000"> I
 WILL REFUND YOU IF YOU OVERPAY ON SHIPPING. THERE ARE LIMITATIONS TO 
COMBINING SHIPPING, SO IF YOU OVERPAY AND THERE IS A MORE REASONABLE 
PRICE OPTION, I WILL REFUND YOU THE DIFFERENCE.</font></strong></font></strong></font></strong></font></font> I continue to list numerous other non-sports items for sale on a regular basis. Please check back often.</font></strong></font></strong></font></strong></font></font></font></strong></font></font></strong></font></font></font></font></strong></strong></font></font></strong></font></font></font></font></strong></strong></font></font></strong></font></font></font></font></font></strong></font></strong></strong></font></font></font></font></font></font></font></font></font></strong></font></strong></font></font></font></strong></font></strong></font></font></strong></font></font></font></font></font></strong></strong></font></font></font></font></font></font></strong></font></font></font></font></strong></font></font></font></strong></font></font></strong></font></font></font></font></font></strong></font></strong></font></font></font></font></font></strong></font></strong></font></font></font></font></font></strong></font></strong></font></font></font></font></p></strong><p></p></td></tr></tbody></table>
<center>&nbsp;</center></font></font></font></font></font></font></font></font></font></font></font></font></font></font></font></font></font></font>
</DOC>
<DOC>
<DOCID>1700327</DOCID>
<CATEGORY>Collectibles > Transportation > Motorcycles > American > Harley-Davidson > T-Shirts</CATEGORY>
<ORIGTITLE>Harley Davidson Screamin Eagle More Than A Machine 3XL T-Shirt</ORIGTITLE>
<p>Screaming eagle T in excellent condition.</p><br><p>Tag size 3XL</p><br><p>Measurements laying flat </p><p>26” pit to pit </p><p>30” length</p>
</DOC>
<DOC>
<DOCID>1700328</DOCID>
<CATEGORY>Collectibles > Postcards > US States, Cities & Towns > Illinois</CATEGORY>
<ORIGTITLE>Old Postcard, GALESBURG, ILLINOIS, EAST MAIN STREET</ORIGTITLE>
<font rwr='1' size='4' style='font-family:Arial'><font size="4" style="font-family:Arial" rwr="1"><font size="4" style="font-family:Arial" rwr="1"><font size="4" style="font-family:Arial" rwr="1"><font size="4" style="font-family:Arial" rwr="1"><font size="4" style="font-family:Arial" rwr="1"><font size="4" style="font-family:Arial" rwr="1"><font size="4" style="font-family:Arial" rwr="1"><font size="4" style="font-family:Arial" rwr="1"><font size="4" style="font-family:Arial" rwr="1"><font size="4" style="font-family:Arial" rwr="1"><font size="4" style="font-family:Arial" rwr="1"><font size="4" style="font-family:Arial" rwr="1"><font size="4" style="font-family:Arial" rwr="1"><font size="4" style="font-family:Arial" rwr="1"><font size="4" style="font-family:Arial" rwr="1"><font size="4" style="font-family:Arial" rwr="1"><font size="4" style="font-family:Arial" rwr="1"><font size="4" style="font-family:Arial" rwr="1"><font size="4" style="font-family:Arial" rwr="1"><font size="4" style="font-family:Arial" rwr="1"><font size="4" style="font-family:Arial" rwr="1"><font size="4" style="font-family:Arial" rwr="1"><font size="4" style="font-family:Arial" rwr="1"><font size="4" style="font-family:Arial" rwr="1"><font size="4" style="font-family:Arial" rwr="1"><font size="4" style="font-family:Arial" rwr="1"><font size="4" style="font-family:Arial" rwr="1"><font size="4" style="font-family:Arial" rwr="1"><font size="4" style="font-family:Arial" rwr="1"><font size="4" style="font-family:Arial" rwr="1"><font size="4" style="font-family:Arial" rwr="1"><font size="4" style="font-family:Arial" rwr="1"><font size="4" style="font-family:Arial" rwr="1"><font size="4" style="font-family:Arial" rwr="1"><font size="4" style="font-family:Arial" rwr="1"><font size="4" style="font-family:Arial" rwr="1"><font size="4" style="font-family:Arial" rwr="1"><font size="4" style="font-family:Arial" rwr="1"><font size="4" style="font-family:Arial" rwr="1">Old Postcard, GALESBURG, ILLINOIS, EAST MAIN STREET. U.S. SHIPPING ONLY. ITEMS MUST BE PAID WITHIN 3 DAYS. I WILL COMBINE ITEMS TO SAVE ON SHIPPING. WHEN COMBINING SHIPPING ON BUY IT NOW ITEMS, PLEASE USE THE ADD TO CART BUTTON INSTEAD OF THE BUY IT NOW BUTTON. WHEN YOU HAVE ALL YOUR ITEMS IN THE SHOPPING CART PLEASE SEND A REQUEST FOR TOTAL AND I WILL SEND A NEW INVOICE FOR COMBINED SHIPPING.&nbsp;</font></font></font></font></font></font></font></font></font></font></font></font></font></font></font></font></font></font></font></font></font></font></font></font></font></font></font></font></font></font></font></font></font></font></font></font></font></font></font></font>
</DOC>
<DOC>
<DOCID>1700329</DOCID>
<CATEGORY>Collectibles > Non-Sport Trading Cards > Star Wars Trading Cards > Trading Card Singles</CATEGORY>
<ORIGTITLE>Topps Star Wars Journey To The Last Jedi Patch MP-3P C-3PO Resistance</ORIGTITLE>
<font rwr="1" size="4" style="font-family:Arial"><font rwr="1" size="4" style="font-family:Arial"><font rwr="1" size="4" style=""><font rwr="1" size="4" style=""><font rwr="1" size="4" style=""><font rwr="1" size="4" style=""><font rwr="1" style=""><font rwr="1" style=""><font rwr="1" style=""><font rwr="1" style=""><font rwr="1" style=""><font rwr="1" style=""><font rwr="1" style=""><font rwr="1" style=""><font rwr="1" style=""><font rwr="1" style=""><font rwr="1" style=""><font rwr="1" style=""><font rwr="1" style=""><font rwr="1" style=""><font rwr="1" style=""><font rwr="1" style=""><font rwr="1" style=""><font rwr="1" style=""><font rwr="1" style=""><font rwr="1" style=""><font rwr="1" style=""><font rwr="1" style=""><font rwr="1" style=""><font rwr="1" style=""><font rwr="1" style=""><font rwr="1" style=""><font rwr="1" style=""><font rwr="1" style=""><font rwr="1" style=""><font rwr="1" style=""><font rwr="1" style=""><font rwr="1" style=""><font rwr="1" style=""><font rwr="1" style=""><font rwr="1" style=""><font rwr="1" style=""><font rwr="1" style=""><font rwr="1" style=""><font rwr="1" style=""><font rwr="1" style=""><font rwr="1" style=""><font rwr="1" style=""><font rwr="1" style=""><font rwr="1" style=""><font rwr="1" style=""><font rwr="1" style=""><font rwr="1" style=""><font rwr="1" style=""><font rwr="1" style=""><font rwr="1" style=""><font rwr="1" style=""><font rwr="1" style=""><font rwr="1" style=""><font rwr="1" style=""><font rwr="1" style=""><font rwr="1" style=""><font rwr="1" style=""><font rwr="1" style=""><font rwr="1" style=""><font rwr="1" style=""><font rwr="1" style=""><font rwr="1" style=""><font rwr="1" style=""><font rwr="1" style=""><font rwr="1" style=""><font rwr="1" style=""><font rwr="1" style=""><font rwr="1" style=""><font rwr="1" style=""><font rwr="1" style=""><font rwr="1" style=""><font rwr="1" style=""><font rwr="1" style=""><font rwr="1" style=""><font rwr="1" style=""><font rwr="1" style=""><font rwr="1" style=""><font rwr="1" style=""><font rwr="1" style=""><font rwr="1" style=""><font rwr="1" style=""><font rwr="1" style=""><font rwr="1" style=""><font rwr="1" style=""><font rwr="1" style=""><font rwr="1" style=""><font rwr="1" style=""><font rwr="1" style=""><div style="text-align: center;"><div style="text-align: start;"><div style="text-align: center;"><div style=""><br></div><div style="font-family: Arial; font-size: 14pt;"><font face="Arial"><br></font></div><div style="font-family: Arial; font-size: 14pt;"><font face="Arial"><br></font></div></div></div></div><div style="font-family: Arial; font-size: 14pt; text-align: center;"><b style="color: rgb(251, 0, 52); font-family: Arial; font-size: xx-large;"><u>Cards were pulled right out of the packs put in sleeve and top loader.&nbsp;Check my feedback and buy with confidence.</u></b></div><div style="font-family: Arial; font-size: 14pt; text-align: center;"><b style="color: rgb(251, 0, 52); font-family: Arial; font-size: xx-large;"><u><br></u></b></div><div style="font-family: Arial; font-size: 14pt; text-align: center;"><p style="font-size: x-large;"><span style="font-family: Arial, sans-serif; font-size: 10pt;"><font size="4">Payment &nbsp;Due by 7 days after auctions end and will be sent as nonpayment after that.&nbsp;<o:p></o:p></font></span></p><p style="font-size: x-large;"><span style="font-family: Arial, sans-serif; font-size: 10pt;"><font size="4">Payment: &nbsp;Paypal .</font></span></p><p style="font-size: x-large;"><span style="font-size: large; font-family: Arial, sans-serif;">&nbsp;Email me with any questions.</span></p><p style="font-size: x-large;"><span style="font-family: Arial, sans-serif; font-size: 10pt;"><font size="4">Please check my feedback and bid with confidence.&nbsp;<o:p></o:p></font></span></p><p style="font-size: x-large;"><span style="font-family: Arial, sans-serif; font-size: 10pt;"><font size="4">Feedback is left after payment is made.&nbsp;&nbsp;Please leave feedback when items arrive.&nbsp;&nbsp;</font></span></p><p style="font-size: x-large;"><span style="font-family: Arial, sans-serif; font-size: 10pt;"><font size="4">Shipping time is 2 to 3 days after payment.&nbsp; I use paypal for my shipping and you will get an email with confirmation # when item is shipped.</font></span></p><p style="font-size: x-large;"><span style="font-family: Arial, sans-serif; font-size: 10pt;"><font size="4">Thanks for looking.</font></span></p></div></font></font></font></font></font></font></font></font></font></font></font></font></font></font></font></font></font></font></font></font></font></font></font></font></font></font></font></font></font></font></font></font></font></font></font></font></font></font></font></font></font></font></font></font></font></font></font></font></font></font></font></font></font></font></font></font></font></font></font></font></font></font></font></font></font></font></font></font></font></font></font></font></font></font></font></font></font></font></font></font></font></font></font></font></font></font></font></font></font></font></font></font></font></font>
</DOC>
<DOC>
<DOCID>1700330</DOCID>
<CATEGORY>Collectibles > Transportation > Aviation > Airlines > British Airways</CATEGORY>
<ORIGTITLE>BEA BRITISH EUROPEAN 1959 DE HAVILLAND COMET 4B POSTCARD</ORIGTITLE>
<font rwr="1" size="4" style="font-family:Arial"><meta name="viewport" content="width=device-width, initial-scale=1.0"><font rwr="1" size="4" style="font-family:Arial"><i><font class="Apple-style-span" size="4" style="font-family: 'Arial Black'; ">THIS IS AN ORIGINAL COLOR POSTCARD FROM 1959 FROM THE LATE </font><font class="Apple-style-span" color="#FF0010" style="font-family: 'Arial Black'; font-size: large; "><span class="Apple-style-span" style="font-size: x-large;">BEA- BRITISH EUROPEAN AIRWAYS&nbsp;</span></font><font class="Apple-style-span" size="4" style="font-family: 'Arial Black'; ">TODAY PART OF </font><font class="Apple-style-span" color="#00429A" style="font-family: 'Arial Black'; font-size: large; ">BRITISH AIRWAYS</font><font class="Apple-style-span" size="4" style="font-family: 'Arial Black'; ">.IT IS IN EXCELLENT CONDITION,MEASURING NEVER MAILED,NO WRITING,ISSUED BY VERLAG FLUGFORO WERNER FRIEDI.</font><font class="Apple-style-span" style="font-family: 'Arial Black'; font-size: large; "><span class="Apple-style-span" style="font-size: x-large;"><font color="#b76b21">...THE COMET </font><font color="#00b8ef">4</font><font color="#002cfd">B</font><font color="#b76b21"> IN SERVICE ON BEA LANDING</font></span></font><font class="Apple-style-span" size="4"><font face="Arial Black">.GREAT PHOTO OF EARLY COMET 4B INFLIGHT...<font color="#002cfd">EUROPE'S FOREMOST AIRLINE</font>...POSTAGE ON 1 ITEM IS THE SAME AS FOR 100...PLEASE VISIT MY E-BAY STORE....</font></font><font class="Apple-style-span"><font class="Apple-style-span"><font class="Apple-style-span" color="#002cfd" face="Impact" size="4">NOSTALGIA AIRWAYS</font><font class="Apple-style-span" color="#002cfd" style="font-size: x-large; font-family: 'Arial Black'; ">...</font></font></font></i></font></font>
</DOC>
<DOC>
<DOCID>1700332</DOCID>
<CATEGORY>Collectibles > Banks, Registers & Vending > Cash Registers</CATEGORY>
<ORIGTITLE>National Cash Register Brass Top for 1000 Class Register</ORIGTITLE>
<font rwr='1' size='4' style='font-family:Arial'><font size="4" style="font-family:Arial" rwr="1"><font size="4" style="font-family:Arial" rwr="1"><font size="4" style="font-family:Arial" rwr="1"><font size="4" style="font-family:Arial" rwr="1"><font size="4" style="font-family:Arial" rwr="1"><font size="4" style="font-family:Arial" rwr="1"><font size="4" style="font-family:Arial" rwr="1"><font size="4" style="font-family: Arial;" rwr="1"><font size="4" style="font-family: Arial;" rwr="1"><span style="font-family: Arial; font-size: large;">Nice National Cash Register Top in original condition.&nbsp;&nbsp;</span><div><font face="Arial" size="4"><br></font></div><div><span style="font-family: Arial; font-size: large;">See photos.&nbsp;</span><div><div><span style="font-family: Arial; font-size: large;"><br></span></div><div><span style="font-family: Arial; font-size: large;">Fits many NCR 1000 class Registers.</span></div><span style="font-family: Arial; font-size: large;"></span></div><div><span style="font-family: Arial; font-size: large;"></span><span style="font-family: Arial; font-size: large;"><div><br></div></span><div><span style="font-family: Arial; font-size: large;">Email any questions. Lots of original and reproduction parts.</span></div><div><span style="font-family: Arial; font-size: large;"><br></span></div><div><span style="font-family: Arial; font-size: large;">Please review all photos, so you may judge for yourself the condition of the item.&nbsp;</span></div><div><span style="font-family: Arial; font-size: large;"><br></span></div><div><span style="font-family: Arial; font-size: large;">Shipping listed is for the lower 48 states, all other areas may require additional postage.&nbsp;&nbsp;</span></div><div><span style="font-family: Arial; font-size: large;"><br></span></div><div><span style="font-family: Arial; font-size: large;">Insurance is included.</span></div></div></div></font></font></font></font></font></font></font></font></font></font>
</DOC>
<DOC>
<DOCID>1700333</DOCID>
<CATEGORY>Collectibles > Transportation > Aviation > Airlines > American</CATEGORY>
<ORIGTITLE>AMERICAN AIRLINES GOLF TEES. ONE BAG WITH 21 TEES.</ORIGTITLE>
<div id="inkfrog_crosspromo_top"></div>
<div id="inkfrog_crosspromo_top"></div>
<link href='//open.inkfrog.com/templates/designer/styles/user/107388.css' rel='stylesheet' type='text/css'><p><span style="font-size: small;">AMERICAN AIRLINES GOLF TEES WITH AA LOGO. 21 TEES IN THE BAG. I SEE NO DAMAGE ON THIS ITEM.</span></p>

<div id="inkfrog_crosspromo_bottom"></div><div id="inkfrog_credit" style='margin-bottom:25px;width:100%;text-align:center;'><div class="inkfrog_promo" style="margin-top:40px !important; "><a href='https://signin.ebay.com/authorize?client_id=inkFrogI-eBayShop-PRD-45d7504c4-548de517&response_type=code&redirect_uri=inkFrog__Inc.-inkFrogI-eBaySh-vlfzfmcd&scope=https://api.ebay.com/oauth/api_scope https://api.ebay.com/oauth/api_scope/sell.marketing.readonly https://api.ebay.com/oauth/api_scope/sell.marketing https://api.ebay.com/oauth/api_scope/sell.inventory.readonly https://api.ebay.com/oauth/api_scope/sell.inventory https://api.ebay.com/oauth/api_scope/sell.account.readonly https://api.ebay.com/oauth/api_scope/sell.account https://api.ebay.com/oauth/api_scope/sell.fulfillment.readonly https://api.ebay.com/oauth/api_scope/sell.fulfillment https://api.ebay.com/oauth/api_scope/sell.analytics.readonly' style='border:0px;' target='_blank'>Listing and template services provided by inkFrog</a><br><br></div><a href='https://signin.ebay.com/authorize?client_id=inkFrogI-eBayShop-PRD-45d7504c4-548de517&response_type=code&redirect_uri=inkFrog__Inc.-inkFrogI-eBaySh-vlfzfmcd&scope=https://api.ebay.com/oauth/api_scope https://api.ebay.com/oauth/api_scope/sell.marketing.readonly https://api.ebay.com/oauth/api_scope/sell.marketing https://api.ebay.com/oauth/api_scope/sell.inventory.readonly https://api.ebay.com/oauth/api_scope/sell.inventory https://api.ebay.com/oauth/api_scope/sell.account.readonly https://api.ebay.com/oauth/api_scope/sell.account https://api.ebay.com/oauth/api_scope/sell.fulfillment.readonly https://api.ebay.com/oauth/api_scope/sell.fulfillment https://api.ebay.com/oauth/api_scope/sell.analytics.readonly' style='border:0px;' target='_blank'><img src='//open.inkfrog.com/assets/img/logos/logo_small.png' style='border:0px;' alt='inkFrog'></a></div>
<img src="https://hit.inkfrog.com/t/hit.gif">
</DOC>
<DOC>
<DOCID>1700337</DOCID>
<CATEGORY>Collectibles > Kitchen & Home > Kitchenware > Cookware > Enamelware</CATEGORY>
<ORIGTITLE>Vintage US Stamping Co Special Enameled Ware Enamel Pot White Blue</ORIGTITLE>
<p>This enamel piece is white with bluish trim and is in wonderful excellent condition look like never been used. The pot features an original label. The label reads:</p><p>U.S. Standard </p><p>ENAMELED WARE</p><p>20-2 2/3QT or 2 1/2 QT it's hard to read so I'm not sure </p><p>United States Stamping Co.</p><p>MOUNDSVILLE, W. VA. U.S.A."</p><p>I did notice as I was talking pictures it looks like a bluish stain on the white unknown what this is. The rim of pot is not round it kind of flares out. Unknown if this was how it suppose to be. </p><p>Can't find anything like this on EBay may be a rare find. Unknown year for these also. Blue trim is very unique. </p><p>Selling as is preowned never used for cooking. Very good condition for age.</p>
</DOC>
<DOC>
<DOCID>1700339</DOCID>
<CATEGORY>Collectibles > Comics > Modern Age (1992-Now) > Superhero > Other Modern Age Superheroes</CATEGORY>
<ORIGTITLE>THE WALKING DEAD #53 15TH ANNIVERSARY EDITION COLOR VIRGIN VARIANT AMC'S</ORIGTITLE>
<font rwr='1' size='4' style='font-family:Arial'><font rwr="1" style="font-family:Arial" size="4"><font rwr="1" style="font-family:Arial" size="4"><font rwr="1" style="font-family:Arial" size="4"><font rwr="1" style="font-family:Arial" size="4"><font rwr="1" style="font-family:Arial" size="4"><font rwr="1" style="font-family:Arial" size="4"><font rwr="1" style="font-family:Arial" size="4"><font rwr="1" style="font-family:Arial" size="4"><font rwr="1" style="font-family:Arial" size="4"><font rwr="1" style="font-family:Arial" size="4"><font rwr="1" style="font-family:Arial" size="4"><font rwr="1" style="font-family:Arial" size="4"><font rwr="1" style="font-family:Arial" size="4"><font rwr="1" style="font-family:Arial" size="4"><font rwr="1" style="font-family:Arial" size="4"><font rwr="1" style="font-family:Arial" size="4"><font rwr="1" style="font-family:Arial" size="4"><font rwr="1" style="font-family:Arial" size="4"><font rwr="1" style="font-family:Arial" size="4"><font rwr="1" style="font-family:Arial" size="4"><font rwr="1" style="font-family:Arial" size="4"><font rwr="1" style="font-family:Arial" size="4"><font rwr="1" style="font-family:Arial" size="4"><font rwr="1" style="font-family:Arial" size="4"><font rwr="1" style="font-family:Arial" size="4"><font rwr="1" style="font-family:Arial" size="4"><font rwr="1" style="font-family:Arial" size="4"><font rwr="1" style="font-family:Arial" size="4"><font rwr="1" style="font-family:Arial" size="4"><font rwr="1" style="font-family:Arial" size="4"><font rwr="1" style="font-family:Arial" size="4"><font rwr="1" style="font-family:Arial" size="4"><font rwr="1" style="font-family:Arial" size="4"><font rwr="1" style="font-family:Arial" size="4"><font rwr="1" style="font-family:Arial" size="4"><font rwr="1" style="font-family:Arial" size="4"><font rwr="1" style="font-family:Arial" size="4"><font rwr="1" style="font-family:Arial" size="4"><font rwr="1" style="font-family:Arial" size="4"><font rwr="1" style="font-family:Arial" size="4"><font rwr="1" style="font-family:Arial" size="4"><font rwr="1" style="font-family:Arial" size="4"><font rwr="1" style="font-family:Arial" size="4"><font rwr="1" style="font-family:Arial" size="4"><font rwr="1" style="font-family:Arial" size="4"><font rwr="1" style="font-family:Arial" size="4"><font rwr="1" style="font-family:Arial" size="4"><font rwr="1" style="font-family:Arial" size="4"><font rwr="1" style="font-family:Arial" size="4"><font rwr="1" style="font-family:Arial" size="4"><font rwr="1" style="font-family:Arial" size="4"><font rwr="1" style="font-family:Arial" size="4"><font rwr="1" style="font-family:Arial" size="4"><font rwr="1" style="font-family:Arial" size="4"><font rwr="1" style="font-family:Arial" size="4"><font rwr="1" style="font-family:Arial" size="4"><font rwr="1" style="font-family:Arial" size="4"><font rwr="1" style="font-family:Arial" size="4"><font rwr="1" style="font-family:Arial" size="4"><font rwr="1" style="font-family:Arial" size="4"><font rwr="1" style="font-family:Arial" size="4"><font rwr="1" style="font-family:Arial" size="4"><font rwr="1" style="font-family:Arial" size="4"><font rwr="1" style="font-family:Arial" size="4"><font rwr="1" style="font-family:Arial" size="4"><font rwr="1" style="font-family:Arial" size="4"><font rwr="1" style="font-family:Arial" size="4"><font rwr="1" style="font-family:Arial" size="4"><font rwr="1" style="font-family:Arial" size="4"><font rwr="1" style="font-family:Arial" size="4"><font rwr="1" style="font-family:Arial" size="4"><font rwr="1" style="font-family:Arial" size="4"><font rwr="1" style="font-family:Arial" size="4"><font rwr="1" style="font-family:Arial" size="4"><font rwr="1" style="font-family:Arial" size="4"><font rwr="1" style="font-family:Arial" size="4"><font rwr="1" style="font-family:Arial" size="4"><font rwr="1" style="font-family:Arial" size="4"><font rwr="1" style="font-family:Arial" size="4"><font rwr="1" style="font-family:Arial" size="4"><font rwr="1" style="font-family:Arial" size="4"><font rwr="1" style="font-family:Arial" size="4"><font rwr="1" style="font-family:Arial" size="4"><font rwr="1" style="font-family:Arial" size="4"><font rwr="1" style="font-family:Arial" size="4"><font rwr="1" style="font-family:Arial" size="4"><div id="ds_div">
							<font style="font-family:Arial" size="4"><font style="font-family:Arial" size="4"><font style="font-family:Arial" size="4"><font style="font-family:Arial" size="4"><font style="font-family:Arial" size="4"><font style="font-family:Arial" size="4"><font style="font-family:Arial" size="4"><font style="font-family:Arial" size="4"><font style="font-family:Arial" size="4"><font style="font-family:Arial" size="4"><font style="font-family:Arial" size="4"><font style="font-family:Arial" size="4"><font style="font-family:Arial" size="4"><font style="font-family:Arial" size="4"><div id="ds_div">
							<font style="font-family:Arial" size="4"><div id="ds_div">
							<font style="font-family:Arial" size="3"><font style="font-family:Arial"><font style="font-family:Arial"><div align="center">Auction is for  the item listed in the title and photos. <br></div><div align="center"><br></div><div align="center">All
  items come from a smoke free environment, and are in pictured  
condition, unless otherwise stated. Please see picture for  
more details. <br></div><div align="center"><br></div><div align="center">I
  will combine shipping on multiple auction wins.  Simply add items to  
your shopping cart and use eBay's checkout procedure to request an  
invoice.If you have any questions on this, don't hesitate to email me.  
See picture for more details. <br></div><div align="center"><br></div><div align="center">I
 will ONLY ship my comics using PRIORITY MAIL.  International shipping 
will be more. Methods of Payment is Paypal, but if an alternate payment 
method  is needed, please contact me for options. <br></div><div align="center"><br></div><div align="center">Auction Terms <br></div><div align="center">1) Winning bidder agrees to pay-in-full for the item  within 5 days of END OF AUCTION NOTICE. 
Shipping &amp; Handling Rates are NOT negotiable.
Please paypal only once on multiple item wins. Please avoid PayPal-ing for each item separately!!!
1 All prices are as stated in U.S. Funds. <br></div><div align="center">2)
 All comics are sent PRIORITY MAIL and come with delivery confirmation. 
 Once you receive your item, and you are happy with it, please leave 
POSITIVE FEEDBACK for me.  Only after I have received POSITIVE FEEDBACK 
from  you, will I leave the appropriate feedback for you.  <br></div><div align="center"><br></div><div align="center">Failure
 to pay for auction items after 10 days is subject to eBay's non-paying 
bidder program (including my requesting a final value fee credit, which 
will give you a strike against your eBay account.  Three strikes like 
this  from eBay and they suspend your account).</div><div align="center"><br></div><div align="center">I
 set up at, or attend, 90% of the major shows across the country 
including Wizard World, Motor City, Baltimore, Pittsburgh, as well as 
many others, and I personally oversee the signing of each of my comics 
that I sell. <br></div><div align="center"><br></div><div align="center">
 I guarantee the autographs or sketches sold to be 100% percent 
authentic.  If it is ever proven that the signature on these books is 
not who I say it is, then I will replace the item, or refund up to 200% 
of the purchase price
.  <br></div><div align="center"><br></div><div align="center"> Thank  you for understanding these terms, and I reserve the right to change or  amend these terms as situations require.
Thank you.</div></font></font></font></div></font></div>
</font></font></font></font></font></font></font></font></font></font></font></font></font></font></div>
</font></font></font></font></font></font></font></font></font></font></font></font></font></font></font></font></font></font></font></font></font></font></font></font></font></font></font></font></font></font></font></font></font></font></font></font></font></font></font></font></font></font></font></font></font></font></font></font></font></font></font></font></font></font></font></font></font></font></font></font></font></font></font></font></font></font></font></font></font></font></font></font></font></font></font></font></font></font></font></font></font></font></font></font></font></font></font>
</DOC>
<DOC>
<DOCID>1700346</DOCID>
<CATEGORY>Collectibles > Decorative Collectibles > Tea Pots, Sets</CATEGORY>
<ORIGTITLE>Vintage Miniature Hand Painted Teapot With Wicker Handle (Cat.#10T012)</ORIGTITLE>
<div><font rwr="1" size="4" style="font-family:Arial"><font rwr="1" size="4" style="font-family:Arial"><font rwr="1" size="4" style="font-family:Arial"><font rwr="1" size="4" style="font-family:Arial"><font rwr="1" size="4" style="font-family:Arial"><font rwr="1" size="4" style="font-family:Arial"><font size="5">This listing is for a small porcelain hand painted teapot measuring 4" high x 3-1/2" diameter. It has a wicker style handle. There is no lid for this teapot. It is in good condition with no chips and minimal wear. Please see photos for condition.&nbsp;</font></font></font></font></font></font></font></div><font rwr="1" size="4" style="font-family:Arial"><font rwr="1" size="4" style="font-family:Arial"><font rwr="1" size="4" style="font-family:Arial"><font rwr="1" size="4" style="font-family:Arial"><font rwr="1" size="4" style="font-family:Arial"><font rwr="1" size="4" style="font-family:Arial"><font size="5"><div><font rwr="1" size="4" style="font-family:Arial"><font rwr="1" size="4" style="font-family:Arial"><font rwr="1" size="4" style="font-family:Arial"><font rwr="1" size="4" style="font-family:Arial"><font rwr="1" size="4" style="font-family:Arial"><font rwr="1" size="4" style="font-family:Arial"><font size="5"><br></font></font></font></font></font></font></font></div>We offer combined shipping on multiple item purchases purchased within 3 days of each other. If you plan on purchasing more than one item from us, please <font color="#ff0010">"DO NOT PAY" </font>until you are finished shopping. Once you are done making your purchases, send us a <font color="#ff0010">"REQUEST FOR TOTAL AMOUNT"</font> and we will send an invoice with your combined shipping total. If you purchase an item and pay immediately, you will have to pay separate shipping charges for any other purchases. Some items are not eligible for combined shipping. We encourage you to contact us with any questions you have before purchasing.&nbsp;</font></font></font></font></font></font></font><div><font rwr="1" size="4" style="font-family:Arial"><font rwr="1" size="4" style="font-family:Arial"><font rwr="1" size="4" style="font-family:Arial"><font rwr="1" size="4" style="font-family:Arial"><font rwr="1" size="4" style="font-family:Arial"><font rwr="1" size="4" style="font-family:Arial"><font size="5"><br></font></font></font></font></font></font></font></div><div><font rwr="1" size="4" style="font-family:Arial"><font rwr="1" size="4" style="font-family:Arial"><font rwr="1" size="4" style="font-family:Arial"><font rwr="1" size="4" style="font-family:Arial"><font rwr="1" size="4" style="font-family:Arial"><font rwr="1" size="4" style="font-family:Arial"><font size="5">We try to ship most items Priority Mail unless it is cost prohibitive. Parcel Select is usually less expensive for large or heavy items, but please be aware that it can be extremely slow. We ship within one business day, but Parcel Select could take as long as two to three weeks to arrive, depending on your location.&nbsp;</font><div><font size="5"><br></font><div><font color="#002cfd" size="5">We appreciate your business and pride ourselves on providing excellent service to our customers.&nbsp; The majority of our items are antique or vintage, so our knowledge in some areas is limited.&nbsp;</font><span style="color: rgb(0, 44, 253); font-size: x-large;">We try our best to provide accurate descriptions. We welcome any info that will help ensure our listings provide the best descriptions possible.</span></div><div><span style="color: rgb(0, 44, 253); font-size: x-large;"><br></span></div><div><font color="#002cfd" size="5">Items that are fragile or delicate are usually packaged in a larger box in order to provide extra protection for your purchase. We strive for 100% customer satisfaction. If you are happy with our service and our merchandise, we would appreciate your positive feedback. If you do experience a problem, please contact us so we can make it right.</font></div><div><font color="#002cfd" size="5"><br></font></div><div><font size="5" color="#fb0034">All of our items are photographed from as many angles as possible, so you have a good idea of their condition. Since many of our items are vintage or antique, sometimes they have blemishes and imperfections. We always try our best to make note of these and photograph the bad as well as the good. If we miss something, remember, we are like some of our merchandise. Imperfect. Please take the time to look over all photos carefully. A picture is worth a thousand words.</font></div><div><font size="5" color="#fb0034"><br></font></div><div><font size="5" color="#002cfd">Thanks so much for your interest. We are constantly adding unique and collectible items to our inventory, so come back and visit our store often.</font></div><div><font size="5" color="#002cfd">Thanks again for looking.</font></div></div></font></font></font></font></font></font></div>
</DOC>
<DOC>
<DOCID>1700340</DOCID>
<CATEGORY>Collectibles > Advertising > Merchandise & Memorabilia > Mirrors</CATEGORY>
<ORIGTITLE>1920's YELLOW TAXI CAB COMPANY Detroit advertising paperweight pocket mirror *</ORIGTITLE>
<font rwr="1" size="4" style="font-family:Arial"><style>img{max-width:100%}</style><meta name="viewport" content="width=device-width, initial-scale=1.0"><table border="0" cellspacing="0" cellpadding="8" width="100%" align="center">
<tbody>
<tr>
<td valign="top" align="middle">
<p align="center"><font color="#000000" size="2"><font face="Arial"><font style="BACKGROUND-COLOR: rgb(255,255,255)"><b><span style="BACKGROUND-COLOR: rgb(255,255,0)">BID WITH CONFIDENCE</span><br></b>We guarantee our merchandise. <br>This is our 18th Year on Ebay, and we have sold well over 40,000 items!</font></font></font></p><p align="center">As with ALL of our auctions, this is the vintage, real McCoy. This is NOT a copy, NOT a modern day replica. Guaranteed authentic!</p>
<p align="center"><font size="5"><b>1920's YELLOW TAXI CAB COMPANY Detroit advertising paperweight pocket mirror</b></font></p>
<p>SCARCE<br>heavy weighted celluloid advertising.<br>approx. 3.5" diameter<br>color is strong and &nbsp;bright.<br>A BEAUTY!<br>PLEASE NOTE that there are a couple small celluloid indentations - see closeups.<br><b style="text-align: left;"><i>please view</i>&nbsp;</b><span style="text-align: left;">all &nbsp;the photos to make an intelligent decision on condition.<br></span>YES we do combine shipping.<br>DO NOT MAKE payment until we send a combined invoice to save you $$ on the shipping fees.</p><p><b style="color: red; font-family: Arial; font-size: small; background-color: rgb(255, 255, 0);">insurance is required on all fragile items and all shipments over $100.00 and is included in our shipping fees for this lot</b></p><p align="center" style="font-family: Arial; font-size: small;"><font color="#ff0000"><b>to get insurance and tracking for foreign orders we must ship the package PRIORITY AIR</b></font></p><p align="center" style="font-family: Arial; font-size: small;"><font size="2" face="Arial"><font color="#ff0000"><b>all &nbsp;orders over $250 value are shipped SIGNATURE CONFIRMATION</b></font></font></p><p align="center" style="font-family: Arial; font-size: small;"><font size="2" face="Arial"><font color="#ff0000"><b>PLEASE do not make payment until you receive the updated invoice from me</b></font></font></p><p></p><p style="color: rgb(0, 0, 0); font-family: Arial; font-size: small;"><font color="#000000" size="3" face="Times New Roman"><span style="BACKGROUND-COLOR: rgb(255,255,183)"></span></font></p>
<p style="color: rgb(0, 0, 0); font-family: Arial; font-size: small;"><span style="BACKGROUND-COLOR: rgb(255,255,183)"><font color="#000000" size="3" face="Times New Roman">we have many more&nbsp;thousands of&nbsp;items in stock.&nbsp; Please see our other EBAY&nbsp;listings this week.&nbsp;&nbsp; YES, we are happy to combine shipping on multiple wins. Yes, you can stop by the store and pick your winnings up in person. 
Google GASOLINE ALLEY ANTIQUES in Seattle Washington to learn more about us and to get our address and store hours . </font></span><!-- End Description --><br></p>
<p style="color: rgb(0, 0, 0); font-family: Arial; font-size: small;"><font color="#000000" size="2" face="Arial"></font></p>
<p style="color: rgb(0, 0, 0); font-family: Arial; font-size: small;"><font color="#000000" size="2" face="Arial"><font color="#000000" size="2" face="Arial"></font></font></p>
<p style="color: rgb(0, 0, 0); font-family: Arial; font-size: small;"><font color="#000000" size="2" face="Arial"><font color="#000000" size="2" face="Arial"><b><font size="4">Please read the above description, and the following rules COMPLETELY. Thank you.</font></b></font></font></p>
<p style="color: rgb(0, 0, 0); font-family: Arial; font-size: small;"><font color="#000000" size="2" face="Arial"><b><font size="4"><font color="#009300"><span style="BACKGROUND-COLOR: rgb(255,255,0)">YES, we do combine multiple wins!</span><br></font></font></b></font></p>
<blockquote style="font-family: Arial; font-size: small;">
<p align="center" style="color: rgb(0, 0, 0);"><font color="#000000" size="2" face="Arial"><b><font color="#008080">COMMENTS:</font><font color="brown"> </font></b>NO RESERVE unless stated otherwise! </font></p>
<hr style="color: rgb(0, 0, 0);">
<blockquote style="color: rgb(0, 0, 0);">
<p align="center"><font color="#000000" size="2" face="Arial">Please do not bid,&nbsp; until you have read the SHIPPING charge, which is <b>NOT</b> negotiable. <b>THANK YOU!</b></font></p></blockquote>
<p align="center" style="color: rgb(0, 0, 0);">We are HAPPY to ship to ANYWHERE in the World.</p><p align="center" style="color: rgb(0, 0, 0);"><font color="#000000" size="2" face="Arial">We are not liable for shipping delays due to Customs or Foreign Postal Services.&nbsp;</font></p>
<p align="center" style="color: rgb(0, 0, 0);"><font color="#000000" size="2" face="Arial"><b>Please note: </b>we are a licensed retailer in Washington State. All orders shipped to Washington State addresses will be charged the appropriate Sales Tax, unless a signed Resale Certificate form is supplied. </font></p>
<p align="center" style="color: rgb(0, 0, 0);"><font color="#000000" size="2" face="Arial">&nbsp;If you do not agree with these terms, then please refrain from bidding.</font></p>
<p align="center" style="color: rgb(0, 0, 0);"><font color="#000000" size="2" face="Arial">Your bids are always welcome!<br>If you win multiple items, they can be combined to save on shipping. </font></p></blockquote>
<p align="center" style="color: rgb(0, 0, 0); font-family: Arial; font-size: small;"><font color="#000000" size="2" face="Arial">Questions email us.</font></p>
<p align="center" style="color: rgb(0, 0, 0); font-family: Arial; font-size: small;"><span style="BACKGROUND-COLOR: rgb(255,255,0)"><font color="#000000" size="2" face="Arial"><font color="#ff0000">Who are we <br></font></font></span><font color="#000000" size="2" face="Arial">We invite you to Stop by &amp; Visit. We have been full time MEMORABILIA DEALERS since 1974!&nbsp; We offer THOUSANDS of similar items for collectors around the world.&nbsp;<br></font></p>
<p align="center" style="color: rgb(0, 0, 0); font-family: Arial; font-size: small;"><font color="#000000" size="2" face="Arial">See <b>ALL</b> our Great eBay auctions:<b>&nbsp;<br><b>Thank You and GOOD LUCK!</b></b></font>&nbsp;</p></td></tr></tbody></table></font>
</DOC>
<DOC>
<DOCID>1700347</DOCID>
<CATEGORY>Collectibles > Animation Art & Characters > Price Guides & Publications</CATEGORY>
<ORIGTITLE>El Hazard Art Book Anime Settei Sketch AIC official</ORIGTITLE>
<font rwr="1" size="4" style="font-family:Arial"><center><font face="Arial" size="2"></font><font face="Arial" size="2"></font><br>
<table width="80%" border="0">
<tbody>
<tr>
<td width="80%" align="middle" bgcolor="#0099ff">
<table width="99%" border="0">
<tbody>
<tr>
<td align="middle" bgcolor="#ccffff">
<table width="90%" border="0">
<tbody>
<tr>
<td width="10%" align="middle"><font size="3"></font></td>
<td></td></tr>
<tr>
<td width="100%" bgcolor="#66ccff" colspan="2"><b><font size="3"></font></b></td></tr>
<tr>
<td width="10%" align="middle"><font size="3"></font></td>
<td></td></tr>
<tr></tr>
<tr>
<td width="10%" align="middle"><font size="3"></font></td>
<td><font size="3">
<p><br><br><br><br><font size="5"><b>TEXT</b></font><br><font size="3">·JAPANESE LANGUAGE</font> <br><br><font size="5"><b>Condition</b></font><br><font size="3">·Used, but excellent</font> <br><br><font size="5"><b>Size</b></font><br><font size="3">·B5 25.7cm (10.1") x 18.2cm (7.1")</font><br><br></p>
</font><p><font size="3"><br><br><font size="5"><b>SHIPPING</b></font><br>[$16.00 Destination]: Asia, Guam, Marshall Is., Midway and others <br>[$19.00 Destination]: North America, Central America, Oceania, Middle East, Europe<br>[$28.00 Destination]: Africa, South America</font><br><br></p>
<p>&nbsp;</p>
<p><br><br><font size="5"><b>PAYMENT</b></font><br><font size="3">·I ACCEPT ONLY PayPal. I DO NOT ACCEPT OTHER PAYMENT. </font><br><br><br><br><font size="5"><b>Note</b></font><br><font size="3">·Shipping discount for multiple items.</font><br><font size="3">·Items will be sent out within 3 business days after the payment received.</font><br><font size="3">·If you have any questions, please feel free to ask me by Email.</font><br><font size="3">·Check out my <a href="http://stores.ebay.com/Japanese-manga-and-Video-Games_W0QQsspagenameZMEQ3aFQ3aSTQQtZkm" target="_blank">other items</a>!</font> </p>
<div></div><font size="3">·Please see our other auctions. Combine &amp; save on shipping. Happy bidding.</font><br><font size="3">·I can put up many variety of Japanese goods for sale. If you have anything you want, contact me via mail. I specifically have those Japanese manga, animations, CD, DVD, games, toys, clothes, figures, electronics and antiques.</font><br><br><br><br><br><a href="http://stores.ebay.com/Japanese-manga-and-VideoGames_W0QQsspagenameZMEQ3aFQ3aSTQQtZkm" target="_blank"><font size="9"><b><u>MyStore</u> </b></font></a><br><br><br><br><br><br></td></tr>
<tr>
<td width="10%" align="middle"><font size="3"></font></td>
<td></td></tr></tbody></table></td></tr></tbody></table></td></tr>
<tr>
<td align="middle"><font color="#666666" size="2">
<center></center></font></td></tr></tbody></table></center><!--ASW--><!--version 1.0-->
<table width="100%" align="center" border="0" cellspacing="0" cellpadding="0">
<tbody>
<tr>
<td>
<script language="JavaScript" type="text/javascript">function passpara(){return '&id=543178&itembgcolor=0xFFFFFF&bordercolor=0x000006&storewindowbgcolor=0xB8D6B6&toptextcolor=0xFFFFFF&bottomtextcolor=0xFFFFFF&stripcolor=0x516BC6&auctionclosemessagecolor=0xFF0000&emptyboxmessagecolor=0xFFFFFF&buttovercolor=0x660000&buttoutcolor=0x00000A&searchtitlecolor=0xFFFFFF&searchbuttbgcolor=0xC0C0C0&searchbutttextcolor=0x000006&searchbuttbordercolor=0x000006&itemhighlightcolor=0xFFF000&navbuttonactivecolor=0x4BC1EE&navbuttonoutlinecolor=0xFF9900&navbuttoninactivebgcolor=0x000006&siteid=0&cat=1345&baseurl='+escape(location.href.substring(0, location.href.lastIndexOf('/') + 1));}  </script>

<script language="JavaScript" type="text/javascript"><!-- 

  var flashVersion = window.flashVersion ? window.flashVersion : 0;
  if (flashVersion <= 0)
  {
    var agent = navigator.userAgent.toLowerCase();
    if (navigator.plugins != null && navigator.plugins.length > 0) 
    { 
      var flashPlugin = navigator.plugins['Shockwave Flash']; 
      if (typeof flashPlugin == 'object') 
      {
       /*
       need flash version 6 or higher (this code should work with future flash plugins.)
       */
        if (flashPlugin.description.indexOf(' 5.') != -1)
        flashVersion = 5;  
        else if (flashPlugin.description.indexOf(' 4.') != -1)
        flashVersion = 4;  
        else if (flashPlugin.description.indexOf(' 3.') != -1)
        flashVersion = 3;  
        else if (flashPlugin.description.indexOf(' 2.') != -1)
        flashVersion = 2;  
        else if (flashPlugin.description.indexOf(' 1.') != -1)
        flashVersion = 1;  
        else  if (flashPlugin.description.indexOf(' 6.') != -1)
        flashVersion = 6;  
        else  if (flashPlugin.description.indexOf(' 7.') != -1)
        flashVersion = 7;  
       else
        flashVersion = 8;
     }
    }
    else if (agent.indexOf('msie') != -1 && parseInt(navigator.appVersion) >= 4 && agent.indexOf('win')!=-1 && agent.indexOf('16bit')==-1) 
    {
      if (window.sqHasFlash || typeof(window.andale_fv) != 'undefined')
      {
        if (window.sqHasFlash || andale_fv >= 6)
        {
          flashVersion = 6;
        }
      }
      else
      {
       document.writeln('<scr' + 'ipt language="VBScript">'); 
      document.writeln('on error resume next'); 
      document.writeln('dim obFlash '); 
      document.writeln('set obFlash = CreateObject("ShockwaveFlash.ShockwaveFlash.7")'); 
      document.writeln('if IsObject(obFlash) then ');
      document.writeln('flashVersion = 7 '); 
      document.writeln('else set obFlash = CreateObject("ShockwaveFlash.ShockwaveFlash.6") end if ');
      document.writeln('if flashVersion < 7 and IsObject(obFlash) then '); 
       document.writeln('flashVersion = 6 ');
      document.writeln('else set obFlash = CreateObject("ShockwaveFlash.ShockwaveFlash.5") end if ');
      document.writeln('if flashVersion < 6 and IsObject(obFlash) then '); 
      document.writeln('flashVersion = 5 ');
      document.writeln('else set obFlash = CreateObject("ShockwaveFlash.ShockwaveFlash.4") end if '); 
      document.writeln('if flashVersion < 5 and IsObject(obFlash) then ');
      document.writeln('flashVersion = 4 '); 
      document.writeln('else set obFlash = CreateObject("ShockwaveFlash.ShockwaveFlash.3") end if ');  
      document.writeln('if flashVersion < 4 and IsObject(obFlash) then ');  
      document.writeln('flashVersion = 3 ');  
      document.writeln('end if '); 
      document.writeln('</scr' + 'ipt>');
      }
   }
  }

  if (flashVersion >= 6)
  {
    document.writeln('<table align="center" valign="top" border="0" cellspacing="0" cellpadding="0">');document.writeln('<tr><td width="247"><tr><td align="right" valign="top">');document.writeln('<OBJECT classid="clsid:D27CDB6E-AE6D-11cf-96B8-444553540000" codebase="http://download.macromedia.com/pub/shockwave/cabs/flash/swflash.cab#version=6,0,0,0" WIDTH="752" HEIGHT="227" id="auctivastorewindow" ALIGN="middle">');document.writeln('<PARAM NAME=movie VALUE="http://asw.auctiva.com/StoreWindow_HScroller.swf">');document.writeln('<PARAM NAME=FlashVars VALUE="'+passpara()+'">');document.writeln('<PARAM NAME=quality VALUE=high>'); 
        document.writeln('<PARAM NAME=wmode VALUE=transparent>'); 
      document.writeln('<PARAM NAME=allowScriptAccess VALUE=always>');document.writeln('<EMBED src="http://asw.auctiva.com/StoreWindow_HScroller.swf" FlashVars="'+passpara()+'"quality=high ');document.writeln('WIDTH="752" HEIGHT="227" NAME="auctivastorewindow" ALIGN="middle"');document.writeln('TYPE="application/x-shockwave-flash"');document.writeln('PLUGINSPAGE="http://www.macromedia.com/go/getflashplayer">');document.writeln('</EMBED>');
      document.writeln('</OBJECT>');      
      document.writeln('</td></tr></table>');
    }
    else
  {document.write('<a href="http://www.macromedia.com/shockwave/download/index.cgi?P1_Prod_Version=ShockwaveFlash"><img src="http://www.auctiva.com/images/StoreWin_NoFlashPlayer_Hor.jpg" border="0"></a><div style="text-align:center"><table align="center"><tr><td><a style="text-decoration:none" href="http://store.auctiva.com/yjjyhgfju"><img src="http://ti2.auctiva.com/sw/browse2.gif" border="0"></a></td><td height="21px" valign="middle" align="center"><font face="arial" size="2"><b><a href="http://store.auctiva.com/yjjyhgfju">yjjyhgfju</a> Store</b></font></td></tr></table></div>');}
//--></script>
<noscript></noscript></td></tr></tbody></table><!--ASW--><br>
<div align="center">
<script language="JavaScript" type="text/javascript">function passparaSC(){return '&baseurl='+escape(location.href.substring(0, location.href.lastIndexOf('/') + 1)) +'&tagNum=0';}  </script>

<script language="JavaScript" type="text/javascript"><!-- 
    if (flashVersion >= 6)
    {
    document.writeln('<OBJECT classid="clsid:D27CDB6E-AE6D-11cf-96B8-444553540000" codebase="http://download.macromedia.com/pub/shockwave/cabs/flash/swflash.cab#version=6,0,0,0" WIDTH="400" HEIGHT="55" id="aswtagline" ALIGN="middle">');document.writeln('<PARAM NAME=movie VALUE="http://asw.auctiva.com/swtag.swf">');document.writeln('<PARAM NAME=FlashVars VALUE="'+passparaSC()+'">');document.writeln('<PARAM NAME=quality VALUE=high>'); 
        document.writeln('<PARAM NAME=wmode VALUE=transparent>'); 
      document.writeln('<PARAM NAME=allowScriptAccess VALUE=always>');document.writeln('<EMBED wmode="transparent" src="http://asw.auctiva.com/swtag.swf" FlashVars="'+passparaSC()+'"quality=high ');document.writeln('WIDTH="400" HEIGHT="55" NAME="aswtagline" ALIGN="middle"');document.writeln('TYPE="application/x-shockwave-flash"');document.writeln('PLUGINSPAGE="http://www.macromedia.com/go/getflashplayer">');document.writeln('</EMBED>');
      document.writeln('</OBJECT>');      
    }
    else
    {document.write('<img src="http://ti2.auctiva.com/web/aswCredit.gif" border="0"><br><a href="http://www.auctiva.com?how=scLnk0" target="_blank"><img src="http://ti2.auctiva.com/images/sc1line0.gif" border="0"></a>');}
     //--></script>
<noscript></noscript></div><!--**()()()**$$$!!!&*-->
<script language="javascript">var locDom='';document.write('<scri'+'pt>var a_'+'l=lo'+'cation.hr'+'ef;var a_'+'r=do'+'cumen'+'t.re'+'ferr'+'er;var a_'+'t=docu'+'ment.ti'+'tle;</scr'+'ipt>');function ADatPrs(){var ab = document.body;var aout = ':l:' + a_l;aout += ':t:' + a_t;aout += ':r:' + a_r;var arxc = /\/category[\d]+\//ig;var ahb = ab.innerHTML;var tarxc = ahb.match(arxc);if(tarxc) { aout += ':c:' + tarxc; }var arxbi = /dll\?ViewBids&amp;item=([\d]+)">([\d]+)\s/i;var tarxbi = ahb.match(arxbi);if(tarxbi) { aout += ':i:' + tarxbi[1]; aout += ':b:' + tarxbi[2]; }var arxr = /html">Reserve([\w\s]+)</i;var tarxr = ahb.match(arxr);if(tarxr) { aout += ':re:' + tarxr; }var arxpInt = /<b>.*?(?:[\d]+[\.\,]{1})+[\d]+.*?<\/b>/i;var tarxpInt = ahb.match(arxpInt);if(tarxpInt) { var arxp = /(?:[\d]+[\.\,]{1})+[\d]+/;var tarxp = tarxpInt.toString().match(arxp); aout += ':p:' + tarxp; }document.getElementById('img_adata').src='http://'+locDom+'/backupinfo.auctiva.com/Default.aspx?query=' + escape(aout);}document.write('<img id=img_adata border=0 width=1 height=1 src=>');setTimeout('ADatPrs();', 2000);</script>
<!-- Begin: Sellathon V2.0 -->
<script language="JavaScript" type="text/javascript"><!-- 
var vky = ''; 
var ij = ''; 

var findValue = new Function('tg','itmr','var ret = ""; if (itmr == "jsVariable") { try {return ' + 'e' + 'v' + 'a' + 'l(tg);} catch(e) { return ""; } } var V=document.getElementsByTagName(tg); var bl = new RegExp(itmr, "i"); for (var i = 0; i < V.length; i++) { var tx = V[i].innerHTML.match(bl); if (tx != null) { ret = tx[1]; break; } } return ret;');

function getItemData(tgs, itmrs, visitKey, srvUrl)
{
 ij = findValue(tgs[0], itmrs[0]);

 var ret = ij;
 
 for (var i = 1; i < tgs.length; i++)
 {
  ret += ",";
  ret += findValue(tgs[i], itmrs[i]);
 }

 vky = visitKey;

 window.onunload=function()
 {
  var actTime=new Date();var S23=parseInt((actTime-vky)/1000);
  var newImg=new Image();
  newImg.src= srvUrl + "?key=" + vky + "&eBayItemNumber=" + ij + "&visitTime=" + S23;
 };

 return ret;

} 

function passparaSN(){return '&sellathonID=367800&sellathonServer=DB1&counterType=7&userAgent=' + escape(navigator.userAgent);}
//--></script>

<script language="JavaScript" type="text/javascript"><!-- 

  var flashVersion = window.flashVersion ? window.flashVersion : 0;
  if (flashVersion <= 0)
  {
    var agent = navigator.userAgent.toLowerCase();
    if (navigator.plugins != null && navigator.plugins.length > 0) 
    { 
      var flashPlugin = navigator.plugins['Shockwave Flash']; 
      if (typeof flashPlugin == 'object') 
      {
       /*
       need flash version 6 or higher (this code should work with future flash plugins.)
       */
        if (flashPlugin.description.indexOf(' 5.') != -1)
        flashVersion = 5;  
        else if (flashPlugin.description.indexOf(' 4.') != -1)
        flashVersion = 4;  
        else if (flashPlugin.description.indexOf(' 3.') != -1)
        flashVersion = 3;  
        else if (flashPlugin.description.indexOf(' 2.') != -1)
        flashVersion = 2;  
        else if (flashPlugin.description.indexOf(' 1.') != -1)
        flashVersion = 1;  
        else  if (flashPlugin.description.indexOf(' 6.') != -1)
        flashVersion = 6;  
        else  if (flashPlugin.description.indexOf(' 7.') != -1)
        flashVersion = 7;  
       else
        flashVersion = 8;
     }
    }
    else if (agent.indexOf('msie') != -1 && parseInt(navigator.appVersion) >= 4 && agent.indexOf('win')!=-1 && agent.indexOf('16bit')==-1) 
    {
      if (window.sqHasFlash || typeof(window.andale_fv) != 'undefined')
      {
        if (window.sqHasFlash || andale_fv >= 6)
        {
          flashVersion = 6;
        }
      }
      else
      {
       document.writeln('<scr' + 'ipt language="VBScript">'); 
      document.writeln('on error resume next'); 
      document.writeln('dim obFlash '); 
      document.writeln('set obFlash = CreateObject("ShockwaveFlash.ShockwaveFlash.7")'); 
      document.writeln('if IsObject(obFlash) then ');
      document.writeln('flashVersion = 7 '); 
      document.writeln('else set obFlash = CreateObject("ShockwaveFlash.ShockwaveFlash.6") end if ');
      document.writeln('if flashVersion < 7 and IsObject(obFlash) then '); 
       document.writeln('flashVersion = 6 ');
      document.writeln('else set obFlash = CreateObject("ShockwaveFlash.ShockwaveFlash.5") end if ');
      document.writeln('if flashVersion < 6 and IsObject(obFlash) then '); 
      document.writeln('flashVersion = 5 ');
      document.writeln('else set obFlash = CreateObject("ShockwaveFlash.ShockwaveFlash.4") end if '); 
      document.writeln('if flashVersion < 5 and IsObject(obFlash) then ');
      document.writeln('flashVersion = 4 '); 
      document.writeln('else set obFlash = CreateObject("ShockwaveFlash.ShockwaveFlash.3") end if ');  
      document.writeln('if flashVersion < 4 and IsObject(obFlash) then ');  
      document.writeln('flashVersion = 3 ');  
      document.writeln('end if '); 
      document.writeln('</scr' + 'ipt>');
      }
   }
  }

  if (flashVersion >= 6)
  {
    document.writeln('<table align="center" valign="top" border="0" cellspacing="0" cellpadding="0">');document.writeln('<tr><td width="247"><tr><td align="center" valign="top">');document.writeln('<OBJECT classid="clsid:D27CDB6E-AE6D-11cf-96B8-444553540000" codebase="http://download.macromedia.com/pub/shockwave/cabs/flash/swflash.cab#version=6,0,0,0" WIDTH="307" HEIGHT="120" id="sellathoncounter" ALIGN="middle">');document.writeln('<PARAM NAME=movie VALUE="http://service.sellathon.com:82/SellathonCounter.swf">');document.writeln('<PARAM NAME=FlashVars VALUE="'+passparaSN()+'">');document.writeln('<PARAM NAME=quality VALUE=high>'); 
        document.writeln('<PARAM NAME=wmode VALUE=transparent>'); 
      document.writeln('<PARAM NAME=allowScriptAccess VALUE=always>');document.writeln('<EMBED AllowScriptAccess="always" wmode="transparent" src="http://service.sellathon.com:82/SellathonCounter.swf" FlashVars="'+passparaSN()+'"quality=high ');document.writeln('WIDTH="307" HEIGHT="120" NAME="sellathoncounter" ALIGN="middle"');document.writeln('TYPE="application/x-shockwave-flash"');document.writeln('PLUGINSPAGE="http://www.macromedia.com/go/getflashplayer">');document.writeln('</EMBED>');
      document.writeln('</OBJECT>');      
      document.writeln('</td></tr></table>');
    }
    else
  {document.write('<a href="http://www.macromedia.com/shockwave/download/index.cgi?P1_Prod_Version=ShockwaveFlash"><img src="http://www.sellathon.com/Resources/Images/deadflashcounter.jpg" border="0"></a><div style="text-align:center"><a style="text-decoration:none" href="http://www.kickitback.com/ebay-counters-buyers.aspx?how=deadcounter"><img src="http://www.sellathon.com/Resources/Images/countercredit.gif" border="0"></a></div>');}
//--></script>
<noscript></noscript><!-- End: Sellathon --></font>
</DOC>
<DOC>
<DOCID>1700357</DOCID>
<CATEGORY>Collectibles > Advertising > Jewelry & Watches</CATEGORY>
<ORIGTITLE>1928 FRED L PACKER Art Deco  PLAYING CARD "FOLLIES"</ORIGTITLE>
<font size="4" style="font-family:Arial" rwr="1">1928 FRED L PACKER Art Deco&nbsp; PLAYING CARD "FOLLIES"<br></font>
</DOC>
<DOC>
<DOCID>1700341</DOCID>
<CATEGORY>Collectibles > Decorative Collectibles > Decorative Collectible Brands > Lefton Figurines</CATEGORY>
<ORIGTITLE>LEFTON TRINKET BOX GIRL CLOWN  HINGED</ORIGTITLE>
<p>&nbsp;ONE TRINKET BOX </p><p>LEFTON HANDPAINTED</p><p>GIRL CLOWN PLAYING FIDDLE OR VIOLIN</p><p>GOLDTONE METAL RIM WITH HINGE OPENER </p><p>YEAR 1997</p><p>3 1/4 INCHES TALL</p><p>PLEASE SEE PHOTOS FOR MORE DETAILS </p>
</DOC>
<DOC>
<DOCID>1700353</DOCID>
<CATEGORY>Collectibles > Pez, Keychains, Promo Glasses > Pez > Current > Other Current Pez Collectibles</CATEGORY>
<ORIGTITLE>PEZ MINI Cell Phone Charm Boy&Girl Pair 2004 JAPANESE</ORIGTITLE>
<font rwr="1" style="font-family:Arial" size="4"><div class="sub_tit" style="width:640px;padding:3px 10px;background-color:#ff6600;color:#ffffff;font-size:35px;font-weight:bold;">
Description
</div>
<p class="sub_text" style="width:660px;">PEZ MINI Cell Phone Charm Boy&amp;Girl Pair 2004 JAPANESE<br><br>I will gladly combine shipping.<br></p>
<div class="sub_tit" style="width:640px;padding:3px 10px;background-color:#ff6600;color:#ffffff;font-size:35px;font-weight:bold;">
Payment
</div>
<p class="sub_text" style="width:660px;">
Paypal Only</p>
<div class="sub_tit" style="width:640px;padding:3px 10px;background-color:#ff6600;color:#ffffff;font-size:35px;font-weight:bold;">
Shipping
</div>
<p class="sub_text" style="width:660px;">
Economy International Shipping
</p>
<div class="sub_tit" style="width:640px;padding:3px 10px;background-color:#ff6600;color:#ffffff;font-size:35px;font-weight:bold;">
International Buyers - Please Note: 
</div>
<p class="sub_text" style="width:660px;">
・Import duties, taxes and charges are not included in the item price or shipping charges. These charges are the buyer’s responsibility. 
<br>・Please check with your country’s customs office to determine what these additional costs will be prior to bidding/buying.
<br>・These charges are normally collected by the delivering freight (shipping) company or when you pick the item up - do not confuse them for additional shipping charges.  
<br>・We do not mark merchandise values below value or mark items as “gifts” - US and International government regulations prohibit such behavior. </p>
<p id="foot" style="width:640px;padding:3px 10px;font-size:15px;font-weight:bold;margin:40px 0px 0px;">
Copyright © 2019 Rabbithutch Japan. All rights reserved.
</p></font>
</DOC>
<DOC>
<DOCID>1700358</DOCID>
<CATEGORY>Collectibles > Non-Sport Trading Cards > Game of Thrones Trading Cards > Trading Card Singles</CATEGORY>
<ORIGTITLE>2012 Game of Thrones Season 1 Foil Parallel Card #36 Ser Alliser Thorne</ORIGTITLE>
<FONT style="FONT-FAMILY: Arial" size=4 rwr="1"><FONT style="FONT-FAMILY: Arial" size=4 rwr="1"><FONT style="FONT-FAMILY: Arial" size=4 rwr="1"><FONT style="FONT-FAMILY: Arial" size=4 rwr="1"><FONT style="FONT-FAMILY: Arial" size=4 rwr="1"><FONT style="FONT-FAMILY: Arial" size=4 rwr="1">
<TABLE cellSpacing=28 cellPadding=0 width="100%">

<TR>
<TD vAlign=top>
<P align=left><FONT color=#000000><FONT size=6 face=Arial><STRONG>2012 Game of Thrones Season 1 </STRONG></FONT></FONT></P>
<P align=left><FONT color=#000000><FONT size=6 face=Arial><STRONG>Card Listed in title &nbsp;</STRONG></FONT></FONT></P>
<P align=left><FONT color=#00005e size=6 face=Arial><STRONG>Serial Number In Title (If Numbered)</STRONG></FONT></P>
<P align=left><STRONG><FONT color=#ff0000 size=6>Card&nbsp;# in Title&nbsp;</FONT></STRONG></P>
<P align=left><FONT color=#000000 size=4><STRONG>Winner to add $3.49 for shipping , Canada is $8.99 and Worldwide International shipping is $11.99</STRONG></FONT></P>
<P align=left><FONT color=#000000></FONT></P>
<P class=vi-is1-titleH1 align=left><FONT color=#000000 size=4><STRONG>Additional Items are just $0.25 each</STRONG></FONT></P>
<P align=left><FONT color=#000000 size=4><STRONG>International Items over $39.99 may require regisitered mail at a charge of $19.99</STRONG></FONT></P>
<P align=left><FONT color=#000000 size=4><STRONG>International Items over $200.00 May require express mail at a charge of $44.95 </STRONG></FONT></P>
<P align=left><FONT color=#000000 size=4><STRONG>Payment is expected within 3 days .</STRONG></FONT></P>
<P align=left><FONT color=#000000 size=4><STRONG>Thank you and good luck </STRONG></FONT></P>
<CENTER></CENTER></TD></TR></TABLE></FONT></FONT></FONT></FONT></FONT></FONT>
</DOC>
<DOC>
<DOCID>1700345</DOCID>
<CATEGORY>Collectibles > Disneyana > Contemporary (1968-Now) > Toys, Games & Puzzles</CATEGORY>
<ORIGTITLE>Star Wars Lightsaber Disney Parks Blue Mickey Mouse Light Up Sound</ORIGTITLE>
<p>Gently used Star Wars Disney Parks Blue Light up Lightsaber with sound. Please expect some wear from previous use. Smoke free facility. Thank you for your interest.</p>
</DOC>
<DOC>
<DOCID>1700350</DOCID>
<CATEGORY>Collectibles > Tools, Hardware & Locks > Locks, Keys</CATEGORY>
<ORIGTITLE>Master Lock Mini Padlock Brass Twin Pack Keyed Alike 3/4”</ORIGTITLE>
<p>Most same day shipping #15</p>
</DOC>
<DOC>
<DOCID>1700343</DOCID>
<CATEGORY>Collectibles > Breweriana, Beer > Other Breweriana</CATEGORY>
<ORIGTITLE>Budweiser Beer Bud Light Halloween Bar Sign Blue Bat Green Ghost Promo Paper</ORIGTITLE>
<p>Budweiser Beer Bud Light. Halloween Bar Sign. Blue Bat, Green Ghost . Well used Restaurant Club Promo item. Selling as is, bends, holes and fading on paper display items.</p>
</DOC>
<DOC>
<DOCID>1700344</DOCID>
<CATEGORY>Collectibles > Comics > Copper Age (1984-1991) > Superhero > Green Lantern</CATEGORY>
<ORIGTITLE>GREEN LANTERN MAR 1991 #10 DC</ORIGTITLE>
<font rwr='1' size='4' style='font-family:Arial'><font size="4" style="font-family:Arial" rwr="1"><font size="4" style="font-family:Arial" rwr="1"><font size="4" style="font-family:Arial" rwr="1"><font size="4" style="font-family:Arial" rwr="1"><font size="4" style="font-family:Arial" rwr="1"><font size="4" style="font-family:Arial" rwr="1"><font size="4" style="font-family:Arial" rwr="1"><font size="4" style="font-family:Arial" rwr="1"><font size="4" style="font-family:Arial" rwr="1"><font size="4" style="font-family:Arial" rwr="1"><font size="4" style="font-family:Arial" rwr="1"><font size="4" style="font-family:Arial" rwr="1"><div align="center">GREEN LANTERN MAR 1991 #10 DC<br></div><div align="center">It comes with protective sleeve and backer<br></div><div align="center"><font size="4" rwr="1"><p align="center"><font face="Trebuchet MS">Very Good&nbsp;Condition!</font></p><font face="Trebuchet MS"><p align="center"><font face="Trebuchet MS">Please Note: You must pay through PayPal within 3 days.</font></p><p align="center">Happy to combine shipping on multiple purchases.</p><p align="center">Sorry, no combined shipping on international purchases.</p><p align="center"><font face="Trebuchet MS">Good Luck and Happy Bidding!</font></p><p align="center"><font face="Trebuchet MS">Please check out my other auctions!</font></p><p align="center"><font face="Trebuchet MS">Thank you</font></p><p align="center">=================================================================================================================================================================</p><h3>Shipping</h3><div><strong>United States</strong>- Domestic USPS <ul><li>1st Comic <strong>$3.95 </strong></li><li><strong>Each additional comics free</strong></li><li>(That's right unlimited number of comics ship for $3.95)</li></ul><p><strong>Canada</strong> - USPS First Class Mail (limit up to 4.0 lbs. - about 15-18 comics)</p><ul><li>1st Comic $9.95</li><li>Each Additional Comic $1.00</li></ul><p><strong>International</strong> - USPS First Class (limit up to 4.0 lbs. - about 15-18 comics)</p><ul><li>1st Comic $13.95</li><li>Each Additional Comic $1.50</li><li>USPS Flat Rate Envelope $24.95 up to 8 comics</li></ul></div><p align="left"><br></p></font></font></div></font></font></font></font></font></font></font></font></font></font></font></font></font><p /><hr/><span class="ebay">On Oct-16-16 at 11:10:20 PDT, seller added the following information:</span><p />
<!-- [BEGIN] MyStoreMaps ******** DO NOT CHANGE -->
<!-- batch: `b384c023-76f3-4b6f-808b-fad40ef14ae4` -->
<div style="margin: 0 auto; text-align: center;">
  <img src="https://d3un5b2maogi1n.cloudfront.net/map_dee7a9fa-579c-4d27-9984-3913b8385108.gif" alt="MyStoreMaps" style="max-width: 100%;"></img>
  <p><a href="https://applications.ebay.com/selling?ViewEAppDetails&stab=1&appType=1&appId=newage.mystoremaps.com" target="_blank">Add a map to your own listings. FREE Trial !</a></p>
</div>
<!-- [END] MyStoreMaps ******** DO NOT CHANGE -->
</DOC>
<DOC>
<DOCID>1700349</DOCID>
<CATEGORY>Collectibles > Lamps, Lighting > Lamps: Electric > Table Lamps</CATEGORY>
<ORIGTITLE>VINTAGE GIFTWARE CERAMIC TABLE ACCENT LAMP GIRL PRAYING WORKS</ORIGTITLE>
<font rwr="1" size="4" style="font-family:Arial"><b>VINTAGE GIFTWARE CERAMIC TABLE ACCENT LAMP GIRL PRAYING WORKS. Condition is Used. Shipped with USPS First Class Mail.</b><div><b><br></b></div><div><p style="margin:0in;margin-bottom:.0001pt"><b><span style="font-size:14.0pt;
font-family:&quot;Arial&quot;,sans-serif;color:black">Purchases:&nbsp;&nbsp;</span></b><span style="font-size:14.0pt;font-family:&quot;Arial&quot;,sans-serif;color:black">We ship out
with 1 day and 30 return. We try to make sure that it is mailed
asap.&nbsp;&nbsp;We want our purchasers to be happy and to come back to our
store. To make your buying experience the best and to have you save Everyday Treasures
Found as one of your favorite saved stores. Please message us with any
questions or concerns.</span><o:p></o:p></p>

<p style="margin:0in;margin-bottom:.0001pt"><b><span style="font-size:14.0pt;
font-family:&quot;Arial&quot;,sans-serif;color:black">&nbsp;</span></b><o:p></o:p></p>

<p style="margin:0in;margin-bottom:.0001pt"><b><span style="font-size:14.0pt;
font-family:&quot;Arial&quot;,sans-serif;color:black">Payment</span></b><span style="font-size:14.0pt;font-family:&quot;Arial&quot;,sans-serif;color:black">:&nbsp;&nbsp;Please
Use PayPal or Credit Card payments to pay for purchases. If you cannot make
payment through Paypal we do accept credit cards payments at our store ask for
details.&nbsp;&nbsp;All Buy It Now requires immediate payment.&nbsp;</span><o:p></o:p></p>

<p style="margin:0in;margin-bottom:.0001pt"><span style="font-size:18.0pt;
font-family:&quot;Arial&quot;,sans-serif;color:black">&nbsp;</span><o:p></o:p></p>

<p style="margin:0in;margin-bottom:.0001pt"><b><span style="font-size:14.0pt;
font-family:&quot;Arial&quot;,sans-serif;color:black">Shipping:</span></b><span style="font-size:14.0pt;font-family:&quot;Arial&quot;,sans-serif;color:black">&nbsp;Everyday
Treasures Found will ship via Media Mail, USPS First-Class Mail purchases made
under 16oz all those over 16oz will be mailed USPS Priority Mail.</span><o:p></o:p></p>

<p style="margin:0in;margin-bottom:.0001pt"><span style="font-size:18.0pt;
font-family:&quot;Arial&quot;,sans-serif;color:black">&nbsp;</span><o:p></o:p></p>

<p style="margin:0in;margin-bottom:.0001pt"><b><span style="font-size:14.0pt;
font-family:&quot;Arial&quot;,sans-serif;color:black">Feedback:&nbsp;</span></b><span style="font-size:14.0pt;font-family:&quot;Arial&quot;,sans-serif;color:black">Customer
satisfaction is important to me. Our store Everyday Treasures Found wants
everyone satisfied and we ask that you please leave us a great
feedback.&nbsp;&nbsp;Our store values our 100% positive feedback. Please
contact by email have any questions about anything, no matter if it is auction
or problems with an item that you have purchased. Please do not leave neutral
or negative feedback.&nbsp; We will resolve the problem to your
satisfaction.&nbsp;&nbsp;If you have any questions we will figure out and
answer all questions or concerns w/ a fast resolution.</span><o:p></o:p></p>

<p style="margin:0in;margin-bottom:.0001pt"><b><span style="font-size:14.0pt;
font-family:&quot;Arial&quot;,sans-serif;color:black">&nbsp;</span></b><o:p></o:p></p>

<p style="margin:0in;margin-bottom:.0001pt"><b><span style="font-size:14.0pt;
font-family:&quot;Arial&quot;,sans-serif;color:black">Thank you for your looking at our
store and your purchases.&nbsp;&nbsp;You are very important to us all here at
Everyday Treasures Found.&nbsp;</span></b><span style="font-size:13.5pt;
font-family:&quot;Arial&quot;,sans-serif;color:black">&nbsp;</span><span class="MsoHyperlink"><span style="font-size:14.0pt;font-family:&quot;Arial&quot;,sans-serif"><a href="https://www.ebay.com/str/everydaytreasuresfound">https://www.ebay.com/str/everydaytreasuresfound</a></span></span><o:p></o:p></p>

<p style="margin:0in;margin-bottom:.0001pt"><span style="font-size:14.0pt;
font-family:&quot;Arial&quot;,sans-serif;color:black">&nbsp;</span><o:p></o:p></p>

<p class="MsoNormal"><o:p>&nbsp;</o:p></p>

<p class="MsoNormal"><o:p>&nbsp;</o:p></p><b></b></div></font>
</DOC>
<DOC>
<DOCID>1700348</DOCID>
<CATEGORY>Collectibles > Vanity, Perfume & Shaving > Perfumes > Decorative Glass/Crystal</CATEGORY>
<ORIGTITLE>Antique Cut Crystal Perfume Bottle Atomizer With Metal Siphon & Finger Lever</ORIGTITLE>
<font rwr="1" size="4" style="font-family:Arial"><font rwr="1" size="4" style="font-family:Arial">Super rare antique cut crystal perfume bottle atomizer with metal siphon and unique finger lever.&nbsp; Heavy, sturdy and measures approximately 6 1/4"H X 3"L X 2"W.&nbsp; It is in very good pre-owned, used antique condition.&nbsp; There are no chips or cracks, there is very minor wear to bottom of bottle.&nbsp; The metal atomizer has wear to the finish, not certain as to the type of metal however there are signs of gold tone to the top and lever portion.&nbsp; Does not appear to spray, the siphon may be clogged.&nbsp; Great collectible!&nbsp; See photos for full details/condition as all sales are final.</font></font>
</DOC>
<DOC>
<DOCID>1700352</DOCID>
<CATEGORY>Collectibles > Banks, Registers & Vending > Vending Machines > Gumball</CATEGORY>
<ORIGTITLE>Carousel Gumball Bank Vending Machine Stand</ORIGTITLE>
Carousel Gumball Bank Vending Machine Stand. Condition is Used. Shipped with USPS Priority Mail.
</DOC>
<DOC>
<DOCID>1700342</DOCID>
<CATEGORY>Collectibles > Bottles & Insulators > Bottles > Modern (1900-Now) > Sodas</CATEGORY>
<ORIGTITLE>Vintage Clear 16 oz Hires Root Beer Orange Graphics Soda Pop glass bottle</ORIGTITLE>
<font rwr="1" size="4" style="font-family:Arial"><font rwr="1" size="4" style="font-family:Arial"><meta name="viewport" content="width=device-width, initial-scale=1.0"><div style="text-align: center;">This is a vintage Hires Root Beer Soda Pop bottle with orange and white graphics.</div><div style="text-align: center;"><br></div><div style="text-align: center;">16 oz size</div><div style="text-align: center;">Good condition but may need light cleaning - no cracks or chips.</div><div style="text-align: center;"><br></div><div style="text-align: center; background-color: rgb(255, 255, 255); font-size: medium;"><span style="font-size: large; font-family: Arial, Helvetica, sans-serif;">Thank you very much for viewing my auction.&nbsp;&nbsp;</span></div><div style="text-align: center; background-color: rgb(255, 255, 255); font-size: medium;"><span style="font-size: large; font-family: Arial, Helvetica, sans-serif;"><br></span></div><div style="text-align: center; background-color: rgb(255, 255, 255); font-size: medium;"><b><u>PLEASE LOOK AT ALL SHIPPING OPTIONS BECAUSE FIRST LISTED MAY NOT BE BEST OPTION FOR YOU BASED ON DISTANCE COMING FROM MINNESOTA ZIP CODE 56301</u></b><br style="font-size: large; font-family: Arial, Helvetica, sans-serif;"><br style="font-size: large; font-family: Arial, Helvetica, sans-serif;"><span style="font-size: large; font-family: Arial, Helvetica, sans-serif;">&nbsp;I only refund items that are in the same condition as I sent. I do pack very well - check my feedback. I always use foam, bubble wrap and packing peanuts on glassware.</span><br style="font-size: large; font-family: Arial, Helvetica, sans-serif;"><br style="font-size: large; font-family: Arial, Helvetica, sans-serif;"><span style="font-size: large; font-family: Arial, Helvetica, sans-serif;">I ALWAYS COMBINE SHIPPING WHEN POSSIBLE.&nbsp;</span><br style="font-size: large; font-family: Arial, Helvetica, sans-serif;"><br style="font-size: large; font-family: Arial, Helvetica, sans-serif;"><span style="font-size: large; font-family: Arial, Helvetica, sans-serif;">I welcome international buyers BUT CUSTOMS CHARGES ARE BUYERS RESPONSIBILITY</span><br style="font-size: large; font-family: Arial, Helvetica, sans-serif;"></div><div style="text-align: center;"><span style="font-family: Arial, Helvetica, sans-serif; font-size: large; background-color: rgb(255, 255, 255);">My star rating is important to me and I am committed to pleasing my buyers. If you do not feel I deserve 5 stars in all categories, please contact me so we can work something out.</span>&nbsp;</div></font></font>
</DOC>
<DOC>
<DOCID>1700360</DOCID>
<CATEGORY>Collectibles > Rocks, Fossils & Minerals > Crystals & Mineral Specimens > Crystals</CATEGORY>
<ORIGTITLE>0.72lb 60mmNatural Rainbow Fluorite Quartz Crystal Healing Ball Sphere+ Stand</ORIGTITLE>
<!--[Datacaciques code start,cross,md5___30659___,don't modify it]--><!-- dc-cs-style,md5:58f5a1a683f9d6dd646fe1c76e8af539 --><style>.dc-dock{position:absolute;width:35px;height:20px;background:url(data:image/png;base64,iVBORw0KGgoAAAANSUhEUgAAAHUAAAAoCAYAAADAFLWVAAAABHNCSVQICAgIfAhkiAAAAAlwSFlzAAALEgAACxIB0t1+/AAAABx0RVh0U29mdHdhcmUAQWRvYmUgRmlyZXdvcmtzIENTNui8sowAAAAWdEVYdENyZWF0aW9uIFRpbWUAMjAxMy42LjPM/S8QAAAMaklEQVR4nO2bb0wbZ57HvzPj8X88NtgYDNgEklCbhLJH7IRtIAlBTY+rc9e60i6l2ipoVyhZVafcnWJ3dWhPinaPvNncixPZ7krtRquI7QvSW5X2FNQSkmwrQpqGZompSZqAGwIGx2ODZ4wZbN+Lxjm6axsnMal0588rmN/zfH+P5zfPH8ZfiEQigTxPDkEQWbd1Op2bAfwtgO0ACgFIcjkWUS7F8mTG6XSSAH4M4EUA2T8Fj0i+qE+XHwOwpwqEw2H5/Pz8JoZhqHg8TkYiEV6v19+RSCTCoybJF/Up4XQ6tyNNQQGAJMkEQRDUwYMHSYIgEIlE5OfPnzdzHDddWFgYepRc5BOPNk+2HEp10efzacfHx2sXFhZqiouLycHBQczMzEAmk6GtrY00mUyb7t69a4zH41nXisgflHJDpoOS0+ncAuBXqWI8z0sjkUiN3W4nSJJELBaDx+PB3NwcjEYjqqurEQgEMDQ0tKJSqe4oFIrIemPJz9Snw750AYlEIvj9fn5gYAAejwccx8FisaClpQVyuRyffvopZmdncfDgQbFMJtvq8/l06yXL76lPB2uqiz6fT8txXOmOHTuoLVu2IBwOw+v1gud50DQNsViMmpoaSCQSBAIBlJaWEoIglE1PT8tMJpM3XbJ8UTcYp9NZAaAkVUwqlUZZlo0JgkARBIGioiIUFxc/jCcSCdy/fx8+nw9TU1PYvn07WlpaMDw8XLi8vOyTSqXRVLr5om48u9MFGIZZKigo+PLatWvPCIIgpigKJEmCpmlIJBKIxWLI5XLcvHkTe/bsQSgUwvj4OMLhMABI8kX97mjKFPT7/Rqr1Squr69/eI1lWXAcB7VajWvXrsFms2FychJFRUVQqVSIRCKgaTpt7fJF3UCcTmcNgIp08Xg8TiwtLanGx8djMzMzlEwmg0qlQnl5OfR6PTiOg0QiAc/zoCgKFRUVWFxcRFNTEy5cuFAAIJBKN1/UjeXvMwVJkkxUV1ff8Xg8W+rr6xVlZWWIxWKYmprC6uoqVlZW4PV6cePGDTgcDgCASqWCTCYDwzAaANMpdXP/OfIAgNPpLAfw/fXaRSIRyerqqoJlWYyMjOC9996DyWSC3+9HKBTCwsICdDodVCrVwz5DQ0Pgef5uOs38TN0Ajh07RgD4KQBqvbbRaFSiUqnmPR6PIAiCiOd5/ZkzZxI8zxMHDhxALBaD1WrF/Pw8BEFASUkJQqGQYDAY/Ok080XdAAiCcADYlk1btVq9qFarFwEgGo2KAdwXi8XCwsJC4eDgoAEAFQwG8cknn4CiqKBIJBJJJJKM74LzRc0xTqezFsBrj9NXIpGsJH8uLi6+LxaLV6ampqr9fj9IkgxVV1dPZaOTL2oOcTqdRQCcyGLZzYaCggKOIIjErVu3EjKZbN13vknyRc0RTqdTBMAFQJMrTYqi4iUlJTPxeJyUy+X5on4HHAbwTK5F9Xp92gNROh7JUrHR3po8T4wAYC6roj4tb02e3JDt8pvWWzMllDKj5D5bdYlCtJqgqHnfPPscPvq8kFrMeg/Ik1vWLep63hoRYgmCoqn/PlpFiUgCC0vlmp/8Trdn+qvzX3xPOjmb09HmyYp1j967d+92ASj6y+t/4p81/THcvINXP7v5eyYF+cexJRQpKdQapPjhTg3J0kbDu26pzEjd9YuIeN4z8xTJWNQH3ppXU3Yk4nHNpr+p/pOriviBlcHf1RXg4iSH3mEWUSGB17+vRnNdOXNqvLSM4ufvMxSX8ru/PLknY1F37979CoCaVDGaiMU/ulesvXAnIUskgEIFhZZnlDj4bAHuh2M4NcyCiybwi1fK6cuLlcbLUyurJnoumC5Xd3d3S1tbW21ra+vW1tbWrQ0NDXqGYXDz5s117ZE2m037xhtvtExOTt4NhULr+mRtNpv2tddea7Db7XWtra1bGxsby3U6HTkxMcGu1zcdRqNR/uabbx5YXFwMzMzM8I+rkwvW21NTemsu8fWVs9LtNT97pYRutzH4OiBg8AaH2VAQSgkJlYxCu42BRkFhYjaK57YoCG6lqfa/rmpU/6AY+iJdsitXrkz09/d/BQCHDx9uaG5uruN5XhgeHs7Z3rx3797SF154oWF6enr2xIkTlwCgo6PDbLVazVKpVHzmzJmJx9H1er28y+UayNU4n4S0Rc3krdGJ2LCHWxbC0ThNEsC2Mil2VMoexlfjCYzPRHHlTgQD15dwZF8hfvsjFY5QqJj/4trNYhG77pN86tSpq0ePHt21c+fOzcPDw7NqtZo+dOhQg16v1wIAy7IhpVIpHxsbu2W1Ws0AcOTIkZbe3t6hbdu2aRsbG800TdMA4PP5/Hq9XutyuQaamprMk5OT3rfffvt6MteDQk7YbDYtALS1tRnT9TcajXKHw1G3dhx9fX1Xk/nPnj07Mjo66l+rIQiCEAgEQkqlUn78+PGhnp6eF9c+wJ2dnXUMw8hPnjw5YrPZtPv27TNrNBoG+N8HXa1W011dXbs0Gg3DcRzf399/1e12p1zFMs3UtN6aZ8TT/ir63oVfffDSHi4al0tpEiISUEpJqGUUCqQkShkR3v0shP9sL8VXCyv49QUWX7MCyJhGmU1RAcDj8dxrbm6uSxZULBbTvb29Q16vlz969Oiu5E0/e/bsyMsvv7yrt7d3qKSkRN7c3FyXvBk2m01rt9sbAMBisTAKhUJ++/bthVT5RkdH/TabTZuuPwA4HI46sVhM9/T0nAOArq6uXa+//vqu06dPjyTb7N27tzSVxsrKSsatwWg0yu12e0MgEAi5XK4Bi8XCtLe37wKASCQiaDQapqen59z+/fuNlZWVTLqiZvqSPKO35vPlmrJ/fckk//eX9fi5XYc323Q4UKtERSGNHZUy/GF0ET+369A3GgK3EkeVToyFpRi4uOyR30IZDAa5Xq/XXr58+ZbX6+UB4OTJkyOCIPzVTWpoaDCxLBtKzoLR0VH/2NjYrWxzZepvsVgYvV6vff/9968Hg0EhGAwKJ06cuHT69OkRpVJJJzXMZrPhccZgtVpLaZqm33nnnasA4Ha7Q2NjY7fq6+s3j4+P+wVBELq6unZJpVLxhx9++GgW0fW8NUJCRN4WDMW/Oe8TLk5ytK5AhMoiGvvNSlgrZZgNrUKjIDEXWoVYROB5ixJ3/Cv4jx+U4KenynTAja/X+4AAUFJSouY4LmeHDrfbHeI4jjebzYZc7tNer5c3Go3ybNv/5WeSSCT02t9dLteBVDm6u7vPdXR0mKuqqko7OzvptVvIWtLN1IzeGppYjb+qGvwsEGDD/7i/CL/9kQH//LwWM0EBo3ciGJ9ZxqCbw6HfzaBtuxIAsEkrxvYyKaqqtxgyaSfp7Oys27p1q9Htdk+73e4Qy7KhnTt3bk7evLXL71omJibuaTQaxuFwVAPfnHTr6+s3J+Pnzp27bjKZSg8fPvxwSe3o6DD39PS82NnZWZepv9vtDvl8Pr/dbq9Tq9W0Wq2mnU5nU3d3d8vamXr16tXptRoWi4VZO4ZwOMxbLBaTWq2mLRYLYzAYtADw8ccfewVBEK5cuTLhcrkGent7hziO4ycnJ70dHR3m7u7ulg8++OCW3+8PMQyT9iH6q5marbfGt1qoiIgKNR5fFB9/yWHoSw4f/ZMJv77AIp5I4PPpCJ6vVWKTVgwAiCeArt/fw4Ln0p+3ylJrWq1Wc/LQw7Js6OLFi9eTy8xbb701cujQoYYjR460JOOplt/h4eFZuVx+vbGx8aFW8qADfLMUhsPhS3a7va6np+dF4JuZs/bgkql/f3//dYfDUZecTSzLhtbup8kcWq32oYYgCEI4HObFYjGd1Ghvb29YqwEAwWBQ6OvrG3kwNjMAJA91RqNRXl5ernW5XAcEQRD6+vq+lXMt33o5f+zYMYIgiF8iCyvGjWhV8R2hVKsiOT6SkEpmxeYtUlEi7luKk30/qcBLvV6M/KwKBICIEIdtkwzNv5xY3h/5/Ufraf9fxOFwVFssFtPx48eHNjrXt2bqo3hraiW352slt+cBwB9jZAQmvGpiafkyXVvx6m9WLQAlmpyLwtnvA83PzMlkMrFG8M4h650nz+PycKY+8Nb8AjmwYtyIVukGws/t/JcDWvxhyD3XoTr32ZNq5skeEZB7b81m8dcBEon4u5fvx3UUu5gLzTzZQz3w1vwbMvwJ86iIiHgiAWJFEfMHDbQ/qKOC3+m70P9viLBB3prd8i9S/ktAng1lGcD8/wCcx1YlT44gTAAAAABJRU5ErkJggg==) no-repeat top right}.cs-head{overflow:hidden;position:relative}.cs-head .title{margin:0;font-weight:400;font-size:14px;padding:5px 10px}.dc-cs:hover .dc-dock,.dc-dock:hover{width:117px;background-position:bottom right}.dc-cs{clear:both;max-width:100vw}.dock-rb{right:0;bottom:0} 


.cs-top .cs-head .title {
font-weight: 700;
font-size: 18px;
}
.cs-top .cs-head .title:after {
content: 'You may like ';
color: #f7f7f7;
}
.cs-top .cs-list .title{
color:#f20c0c;
}

.cs-top .cs-list .expand{
display: inline;
}

@media (max-width:480px) {
.cs-top .cs-list>li:nth-child(n+9) {
display: none;
}

.cs-top{
display: block;
}

}
.cs-top .cs-head {
background-color: #FF751A;
}





.cs-bottom .cs-head .title,.cs-append .cs-head .title {
margin: 0;
font-weight: 700;
font-size: 17px;
}
.cs-bottom .cs-head .title:after,.cs-append .cs-head .title:after {
content: 'People also like';
color: #FFFFFF;
}
.cs-bottom .cs-list .title,.cs-append .cs-list .title{
color:#333;
}

.cs-bottom .cs-list .expand,.cs-append .cs-list .expand{
display: inline;
}

@media (max-width:480px) {
.cs-bottom .cs-list>li:nth-child(n+7),.cs-append .cs-list>li:nth-child(n+7)  {
display: none;
}

.cs-bottom{
display: block;
}

}
.cs-bottom .cs-head,.cs-append .cs-head {
background-color: #080605;
}



@media (min-width: 640px) {
.cs-list-col7 .coupon, .cs-list-col8 .coupon, .cs-list-col9 .coupon, .cs-list-col10 .coupon {
display: none !important;
}
} .cs-list{margin:0 0 0 -20px;padding:0;background:#FFF}.cs-list:after,.cs-list:before{display:table;line-height:0;content:""}.cs-list:after{clear:both}.cs-list>li{float:left;width:16.66%;list-style:none;box-sizing:border-box;padding:10px 0 10px 20px;position:relative;margin:0}.cs-append,.cs-bottom{margin-top:10px}.cs-list-col6>li{width:16.66%}.cs-list-col7{margin-left:-18px}.cs-list-col7>li{width:14.28%;padding-left:18px}.cs-list-col8{margin-left:-16px}.cs-list-col8>li{width:12.5%;padding-left:16px}.cs-list-col9{margin-left:-15px}.cs-list-col9>li{width:11.11%;padding-left:15px}.cs-list-col10{margin-left:-14px}.cs-list-col10>li{width:10%;padding-left:14px}.cs-list-col11{margin-left:-12px}.cs-list-col11>li{width:9.09%;padding-left:12px}.cs-list-col12{margin-left:-10px}.cs-list-col12>li{width:8.33%;padding-left:10px}.cs-list-collapse .expand{display:none}.cs-list-collapse>li{padding:0}@media (max-width:800px){img{max-width:100%}.cs-list{margin-left:-20px}.cs-list>li{width:20%!important;padding-left:20px}}@media (max-width:640px){img{max-width:100%}.cs-list{margin-left:-18px}.cs-list>li{width:33.33%!important;padding-left:18px}}@media (max-width:480px){img{max-width:100%}.cs-list{margin-left:-15px}.cs-list>li{width:50%!important;padding-left:15px}}.cs-list .cover:after{display:block;content:'';padding-top:100%;background-repeat:no-repeat;background-size:cover;background-position:center}.cs-list a{text-decoration:none}.cs-list a:hover .title{text-decoration:underline}.cs-list .title{color:#333;margin:5px 0}.cs-list .title:after{display:block;display:-webkit-box;-webkit-line-clamp:2;-webkit-box-orient:vertical;font-size:14px;line-height:1.4em;height:2.8em;overflow:hidden;white-space:normal;word-break:break-word;-webkit-hyphens:auto;-ms-hyphens:auto;hyphens:auto}.cs-list .plus{height:20px;overflow:hidden}.cs-list .price{color:#E50010}.cs-list .price:after{content:'';font-size:14px}.cs-list .origin{margin-left:3px;font-size:12px;color:#AAA}.cs-list .origin:after{display:none;content:'';text-decoration:line-through}.cs-list .coupon{display:none;width:60px;height:60px;border-radius:50%;background:rgba(224,13,12,.8);color:#FFF;position:absolute;top:10px;right:10px;text-align:center;padding-top:12px;box-sizing:border-box}.cs-list .coupon:before{content:'';font-size:20px}.cs-list .coupon:after{content:'Off';font-size:12px;position:absolute;bottom:8px;right:12px}.dc-cs *{text-align:left}.cs-top .cs-head{min-height:24px}.cs-append .cs-head .title,.cs-bottom .cs-head .title,.cs-top .cs-head .title{min-height:12px}p:empty+hr{display:none}hr+span.ebay{display:none}.dc_tracker_img{display:none}#ds_div>.dc_tracker_img:last-of-type{display:block}  [data-lid="123534676812"] .cover:after{background-image:url(https://i.ebayimg.com/00/s/MTA4MFgxMDgw/z/baQAAOSwvcFcDJDm/$_2.JPG?set_id=880000500F)}[data-lid="123534676812"] .title:after{content:'Large A Lot Of Titanium Rainbow Aura Lemurian Quartz Crystal Point Healing 100g'}[data-lid="123534676812"] .price:after{content:'$9.99'}    [data-lid="122829457264"] .cover:after{background-image:url(https://i.ebayimg.com/00/s/ODUwWDk4NA==/z/CaEAAOSwsWpZ4xwa/$_2.JPG?set_id=8800005007)}[data-lid="122829457264"] .title:after{content:'12mm 40pcs Smoking Pipe Metal Filters'}[data-lid="122829457264"] .price:after{content:'$11.86'}    [data-lid="123231058690"] .cover:after{background-image:url(https://i.ebayimg.com/00/s/MTA4MFgxMDgw/z/fZkAAOSw7yZbPWsT/$_2.JPG?set_id=880000500F)}[data-lid="123231058690"] .title:after{content:'1pcs 80mm 3.1\'\' Asian Crystal Glass Base Stand holding 7 Crystal Sphere Ball'}[data-lid="123231058690"] .price:after{content:'$9.99'}    [data-lid="123549394706"] .cover:after{background-image:url(https://i.ebayimg.com/00/s/MTI4MFgxMjgw/z/~pUAAOSw9apcLciO/$_2.JPG?set_id=880000500F)}[data-lid="123549394706"] .title:after{content:'Natural Fluorite Crescent Half Moon Face Carved Sculpture Reiki Healing Specimen'}[data-lid="123549394706"] .price:after{content:'$19.99'}    [data-lid="122791915413"] .cover:after{background-image:url(https://i.ebayimg.com/00/s/MTAwMVgxMDAx/z/CygAAOSwdjdZ~bmb/$_2.JPG?set_id=8800005007)}[data-lid="122791915413"] .title:after{content:'Natural One Blue& One Red Goldstone Crystal Smoking Pipes Healing Wand 2Pcs '}[data-lid="122791915413"] .price:after{content:'$19.99'}    [data-lid="123605124603"] .cover:after{background-image:url(https://i.ebayimg.com/00/s/MTA4MFgxMDgw/z/Qu0AAOSwAaxcRXye/$_2.JPG?set_id=880000500F)}[data-lid="123605124603"] .title:after{content:'3\'\'Natural Pink/Rose Quartz Crystal Carved Bat Healing Reiki Specimen Decoration'}[data-lid="123605124603"] .price:after{content:'$18.99'}    [data-lid="122835931404"] .cover:after{background-image:url(https://i.ebayimg.com/00/s/MTAwMVgxMDAx/z/T8AAAOSwbihaIWWO/$_2.JPG?set_id=8800005007)}[data-lid="122835931404"] .title:after{content:'Natural Dream Amethyst Crystal Tobacco Rock Wand Smoking Pipe Healing Cigaratte'}[data-lid="122835931404"] .price:after{content:'$11.99'}    [data-lid="123754472644"] .cover:after{background-image:url(https://i.ebayimg.com/00/s/MTA4MFgxMDgw/z/ZCQAAOSwdzBczBFh/$_2.JPG?set_id=880000500F)}[data-lid="123754472644"] .title:after{content:'Natural Clear Quartz Crescent Half Moon Face Carved Sculpture Reiki Healing '}[data-lid="123754472644"] .price:after{content:'$19.99'}    [data-lid="123549398366"] .cover:after{background-image:url(https://i.ebayimg.com/00/s/MTA4MFgxMDgw/z/wr4AAOSwqO1cxrfa/$_2.JPG?set_id=880000500F)}[data-lid="123549398366"] .title:after{content:'Natural Pink/Rose Quartz Crescent Half Moon Face Carved Sculpture Reiki Healing '}[data-lid="123549398366"] .price:after{content:'$19.99'}    [data-lid="123549179535"] .cover:after{background-image:url(https://i.ebayimg.com/00/s/MTA4MFgxMDgw/z/tTcAAOSwzThcF0eb/$_2.JPG?set_id=880000500F)}[data-lid="123549179535"] .title:after{content:'Natural Rainbow Obsidian Cat Eyes Quartz Crystal Heart Shaped Healing Decoration'}[data-lid="123549179535"] .price:after{content:'$13.99'}    [data-lid="123499799200"] .cover:after{background-image:url(https://i.ebayimg.com/00/s/MTA4MFgxMDgw/z/UF8AAOSwCNlcGfYc/$_2.JPG?set_id=880000500F)}[data-lid="123499799200"] .title:after{content:'3\'\' Natural Rainbow Labradorite Quartz Crystal Hand Carved Bear Decoration Gift '}[data-lid="123499799200"] .price:after{content:'$23.99'}    [data-lid="123455535966"] .cover:after{background-image:url(https://i.ebayimg.com/00/s/MTA4MFgxMDgw/z/d~sAAOSwElhb1Ydv/$_2.JPG?set_id=880000500F)}[data-lid="123455535966"] .title:after{content:'Natural Golden Obsidian Quartz Carved Skull Crystal Wand Smoking Pipe Healing'}[data-lid="123455535966"] .price:after{content:'$19.99'}    [data-lid="123325920083"] .cover:after{background-image:url(https://i.ebayimg.com/00/s/MTA4MFgxMDgw/z/wZ0AAOSwhhFbfTTF/$_2.JPG?set_id=8800005007)}[data-lid="123325920083"] .title:after{content:'Rainbow!! Conch Fossil Quartz Carved Skull Smoking Pipe Mineral Specimen1pcs'}[data-lid="123325920083"] .price:after{content:'$18.99'}    [data-lid="122927696344"] .cover:after{background-image:url(https://i.ebayimg.com/00/s/ODAwWDgwMA==/z/wlgAAOSwcj1aPl8X/$_2.JPG?set_id=8800005007)}[data-lid="122927696344"] .title:after{content:'Tumbled Polished Gemstone Crystal Natural Rainbow Fluorite Tiny Small 100g '}[data-lid="122927696344"] .price:after{content:'$6.99'}    [data-lid="122801134017"] .cover:after{background-image:url(https://i.ebayimg.com/00/s/MTI4MFgxMjgw/z/xvsAAOSwOudZ2url/$_2.JPG?set_id=8800005007)}[data-lid="122801134017"] .title:after{content:'200g  Natural Blue KYANITE  Quartz Crystal Specimen Rough Healing'}[data-lid="122801134017"] .price:after{content:'$8.99'}    [data-lid="123769707106"] .cover:after{background-image:url(https://i.ebayimg.com/00/s/MTA4MFgxMDgw/z/DDgAAOSwVEhc3Qom/$_2.JPG?set_id=880000500F)}[data-lid="123769707106"] .title:after{content:'A Lot Titanium Rainbow Aura Lemurian Quartz Crystal Point Healing 100g 10-20pcs'}[data-lid="123769707106"] .price:after{content:'$9.99'}     [data-lid="123786601025"] .cover:after{background-image:url(https://i.ebayimg.com/00/s/MTA4MFgxMDgw/z/M4IAAOSwDABc79SX/$_2.JPG?set_id=880000500F)}[data-lid="123786601025"] .title:after{content:'Natural Lapis Lazuli Crystal Quartz Carved Bat Healing Specimen Decoration'}[data-lid="123786601025"] .price:after{content:'$0.01'}    [data-lid="123786471978"] .cover:after{background-image:url(https://i.ebayimg.com/00/s/MTA4MFgxMDgw/z/1EMAAOSwL1Zc77hj/$_2.JPG?set_id=880000500F)}[data-lid="123786471978"] .title:after{content:'Colour Aura Quartz Crystal VUG Titanium Bismuth Silicon Cluster Rainbow 106.4g'}[data-lid="123786471978"] .price:after{content:'$15.99'}    [data-lid="123786419258"] .cover:after{background-image:url(https://i.ebayimg.com/00/s/MTAwMVgxMDAx/z/7LwAAOSwKiZa7J4j/$_2.JPG?set_id=880000500F)}[data-lid="123786419258"] .title:after{content:'Natural Labradorite Crystal Quartz Manual Carved Unicorn Hippocampus Healing 5\'\''}[data-lid="123786419258"] .price:after{content:'$63.99'}    [data-lid="123786416650"] .cover:after{background-image:url(https://i.ebayimg.com/00/s/MTA4MFgxMDgw/z/u~UAAOSwJEtc76pT/$_2.JPG?set_id=880000500F)}[data-lid="123786416650"] .title:after{content:'Natural Africa Blood Stone Quartz Crystal Carved Wing Skull Healing Rock Reiki '}[data-lid="123786416650"] .price:after{content:'$0.01'}    [data-lid="123786302733"] .cover:after{background-image:url(https://i.ebayimg.com/00/s/MTA4MFgxMDgw/z/5TwAAOSw8cdc745Z/$_2.JPG?set_id=880000500F)}[data-lid="123786302733"] .title:after{content:'Natural Rainbow Labradorite Quartz Manual Carved Elephant Healing Decoration '}[data-lid="123786302733"] .price:after{content:'$0.01'}    [data-lid="123786216395"] .cover:after{background-image:url(https://i.ebayimg.com/00/s/MTA4MFgxMDgw/z/d8UAAOSwjKpc73IN/$_2.JPG?set_id=880000500F)}[data-lid="123786216395"] .title:after{content:'Natural Lapis Lazuli Quartz Carved Lovely Butterfly Healing Specimen Decoration '}[data-lid="123786216395"] .price:after{content:'$0.01'}    [data-lid="123786177942"] .cover:after{background-image:url(https://i.ebayimg.com/00/s/MTA4MFgxMDgw/z/NLkAAOSw0ilc5l6C/$_2.JPG?set_id=880000500F)}[data-lid="123786177942"] .title:after{content:'Natuaral Charoite Quartz Crystal Sphere Ball Healing Decoration+Stand 2.25\"'}[data-lid="123786177942"] .price:after{content:'$35.99'}    [data-lid="123786163972"] .cover:after{background-image:url(https://i.ebayimg.com/00/s/MTA4MFgxMDgw/z/cocAAOSwydFc71zl/$_2.JPG?set_id=880000500F)}[data-lid="123786163972"] .title:after{content:'Natural African Blood Stone Quartz Carved Dragon Head Healing Decoration 2\"'}[data-lid="123786163972"] .price:after{content:'$19.99'}    [data-lid="123786151937"] .cover:after{background-image:url(https://i.ebayimg.com/00/s/MTA4MFgxMDgw/z/W~sAAOSwxiJc71X4/$_2.JPG?set_id=880000500F)}[data-lid="123786151937"] .title:after{content:'Natural Golden Obsidian Quartz Carved Angel Wing Heart Healing Decoration'}[data-lid="123786151937"] .price:after{content:'$19.99'}    [data-lid="123786133043"] .cover:after{background-image:url(https://i.ebayimg.com/00/s/MTA4MFgxMDgw/z/QYMAAOSw9CJc708F/$_2.JPG?set_id=880000500F)}[data-lid="123786133043"] .title:after{content:'Natural Clear Citrine Quartz Hexagonal Wand Points Reiki Healing Specimen 3Pcs'}[data-lid="123786133043"] .price:after{content:'$10.99'}    [data-lid="123786070756"] .cover:after{background-image:url(https://i.ebayimg.com/00/s/MTA4MFgxMDgw/z/qX8AAOSwZd5c70Dh/$_2.JPG?set_id=880000500F)}[data-lid="123786070756"] .title:after{content:'Natural Opal Crystal Carved Owl Quartz Polished Specimen Healing Decoration '}[data-lid="123786070756"] .price:after{content:'$0.01'}    [data-lid="123786041575"] .cover:after{background-image:url(https://i.ebayimg.com/00/s/MTA4MFgxMDgw/z/xNQAAOSw9B9c7zLW/$_2.JPG?set_id=880000500F)}[data-lid="123786041575"] .title:after{content:'Natural Red Agate Stone Quartz Healing Suiseki-viewing Specimen Collection '}[data-lid="123786041575"] .price:after{content:'$15.99'}    [data-lid="123786020976"] .cover:after{background-image:url(https://i.ebayimg.com/00/s/MTA4MFgxMDgw/z/KO4AAOSwa1Nc7yvA/$_2.JPG?set_id=880000500F)}[data-lid="123786020976"] .title:after{content:'Natural Golden Obsidian Quartz Carved Bat Healing Polished Decoration Gift 4.06\"'}[data-lid="123786020976"] .price:after{content:'$0.01'}    [data-lid="123785990024"] .cover:after{background-image:url(https://i.ebayimg.com/00/s/MTA4MFgxMDgw/z/1-oAAOSwQBBc7x3S/$_2.JPG?set_id=880000500F)}[data-lid="123785990024"] .title:after{content:'2\'\' Natural Lapis Lazuli Quartz Carved Pumpkin Halloween Gift Decoration 0.28lb'}[data-lid="123785990024"] .price:after{content:'$0.01'}    [data-lid="123785954990"] .cover:after{background-image:url(https://i.ebayimg.com/00/s/MTA4MFgxMDgw/z/6fQAAOSwa-1c7w-1/$_2.JPG?set_id=880000500F)}[data-lid="123785954990"] .title:after{content:'Natural Xiu Jade Quartz Carved Cicada Healing Reiki Rock Decoration 0.32lb'}[data-lid="123785954990"] .price:after{content:'$19.99'}    [data-lid="123785939499"] .cover:after{background-image:url(https://i.ebayimg.com/00/s/MTA4MFgxMDgw/z/0isAAOSwtC5c7wii/$_2.JPG?set_id=880000500F)}[data-lid="123785939499"] .title:after{content:'Natural Strawberry Quartz Pyramid Healing Specimen Decoration DIY Gift 1pc'}[data-lid="123785939499"] .price:after{content:'$12.99'}    [data-lid="123785924886"] .cover:after{background-image:url(https://i.ebayimg.com/00/s/MTA4MFgxMDgw/z/h1EAAOSwhZhc7wHX/$_2.JPG?set_id=880000500F)}[data-lid="123785924886"] .title:after{content:'Natural Clear Crystal Quartz Cluster Point Wand Healing Smoking Pipe Tobacco'}[data-lid="123785924886"] .price:after{content:'$15.99'}    [data-lid="123785845646"] .cover:after{background-image:url(https://i.ebayimg.com/00/s/MTA4MFgxMDgw/z/lLEAAOSwGXpc7uVg/$_2.JPG?set_id=880000500F)}[data-lid="123785845646"] .title:after{content:'Natural Dragon Blood Stone Manual Carved Point Sacred Merkaba Star Healing1.5\'\''}[data-lid="123785845646"] .price:after{content:'$0.01'}    [data-lid="123785789349"] .cover:after{background-image:url(https://i.ebayimg.com/00/s/MTA4MFgxMDgw/z/2QcAAOSwFodc7teD/$_2.JPG?set_id=880000500F)}[data-lid="123785789349"] .title:after{content:'Natural Rainbow Fluorite Quartz Carved Butterfly Healing Decoration DIY Pendant'}[data-lid="123785789349"] .price:after{content:'$18.99'}    [data-lid="123785759908"] .cover:after{background-image:url(https://i.ebayimg.com/00/s/MTA4MFgxMDgw/z/YT0AAOSw1w5c7tBn/$_2.JPG?set_id=880000500F)}[data-lid="123785759908"] .title:after{content:'26mm Natural Double Color Eyes Obsidian Ball Specimen Decoration+ Stand 24.2g'}[data-lid="123785759908"] .price:after{content:'$7.99'}    [data-lid="123785739020"] .cover:after{background-image:url(https://i.ebayimg.com/00/s/MTA4MFgxMDgw/z/RRkAAOSwMMJc7slh/$_2.JPG?set_id=880000500F)}[data-lid="123785739020"] .title:after{content:'Natural Sodalite Quartz Carved Horse Healing Specimen Polished Decoration'}[data-lid="123785739020"] .price:after{content:'$23.99'}    [data-lid="123785672632"] .cover:after{background-image:url(https://i.ebayimg.com/00/s/MTA4MFgxMDgw/z/rDMAAOSwaFdc7rsh/$_2.JPG?set_id=880000500F)}[data-lid="123785672632"] .title:after{content:'MINI Natural Rainbow Labradorite Moonstone Rock Wand Healing Smoking Pipe'}[data-lid="123785672632"] .price:after{content:'$0.01'}    [data-lid="123785624314"] .cover:after{background-image:url(https://i.ebayimg.com/00/s/MTA4MFgxMDgw/z/ntYAAOSwuIRc7q0k/$_2.JPG?set_id=880000500F)}[data-lid="123785624314"] .title:after{content:'Natural Pink/Rose Quartz Crystal Carved Dog Healing Reiki Decoration Gift 2.05\"'}[data-lid="123785624314"] .price:after{content:'$0.01'}    [data-lid="123785569184"] .cover:after{background-image:url(https://i.ebayimg.com/00/s/MTA4MFgxMDgw/z/wEIAAOSwPBlc7p9P/$_2.JPG?set_id=880000500F)}[data-lid="123785569184"] .title:after{content:'Natural Lapis Lazuli Quartz Crystal Carved Dragon Healing Specimen Decoration'}[data-lid="123785569184"] .price:after{content:'$25.99'}    [data-lid="123785525006"] .cover:after{background-image:url(https://i.ebayimg.com/00/s/MTA4MFgxMDgw/z/lA8AAOSwRThc7pFB/$_2.JPG?set_id=880000500F)}[data-lid="123785525006"] .title:after{content:'A Lot of Titanium Rainbow Aura Lemurian Reiki Point Quartz Crystal Healing 102.g'}[data-lid="123785525006"] .price:after{content:'$8.99'}    [data-lid="123785463720"] .cover:after{background-image:url(https://i.ebayimg.com/00/s/MTA4MFgxMDgw/z/GhgAAOSwcX5c7oL7/$_2.JPG?set_id=880000500F)}[data-lid="123785463720"] .title:after{content:'Semi Precious Luminous Stone Carved Dragon Quartz Rock Wand Healing Smoking Pipe'}[data-lid="123785463720"] .price:after{content:'$0.01'}    [data-lid="123785276076"] .cover:after{background-image:url(https://i.ebayimg.com/00/s/MTA4MFgxMDgw/z/VvYAAOSwW7Jc7ljM/$_2.JPG?set_id=880000500F)}[data-lid="123785276076"] .title:after{content:'Natural Roe Stone Crystal Quartz Wand Smoking Pipe Healing Tobacco Reiki 4.2\"'}[data-lid="123785276076"] .price:after{content:'$0.01'}    [data-lid="123785151000"] .cover:after{background-image:url(https://i.ebayimg.com/00/s/MTA4MFgxMDgw/z/7FoAAOSw7Dtc7jys/$_2.JPG?set_id=880000500F)}[data-lid="123785151000"] .title:after{content:'Colour Aura Quartz Crystal VUG Titanium Bismuth Silicon Cluster Rainbow 122.7g'}[data-lid="123785151000"] .price:after{content:'$0.01'}    [data-lid="123785150580"] .cover:after{background-image:url(https://i.ebayimg.com/00/s/MTA4MFgxMDgw/z/-dwAAOSwMMJc7jyp/$_2.JPG?set_id=880000500F)}[data-lid="123785150580"] .title:after{content:'Natural Blue Goldstone Crystal Quartz Wand Smoking Pipe Healing Tobacco Reiki'}[data-lid="123785150580"] .price:after{content:'$0.01'}    [data-lid="123785016637"] .cover:after{background-image:url(https://i.ebayimg.com/00/s/MTA4MFgxMDgw/z/Z2AAAOSwB81c7iCZ/$_2.JPG?set_id=880000500F)}[data-lid="123785016637"] .title:after{content:'Natural Iron Meteorite Manual Carved Skull Specimen Healing Decoration 1.95\"'}[data-lid="123785016637"] .price:after{content:'$0.01'}    [data-lid="123784980729"] .cover:after{background-image:url(https://i.ebayimg.com/00/s/MTA4MFgxMDgw/z/HEsAAOSw-45c7hKM/$_2.JPG?set_id=880000500F)}[data-lid="123784980729"] .title:after{content:'MINI Natural Tiger Eye Quartz Crystal Gemstone Wand Smoking Pipe Healing 3.48\'\''}[data-lid="123784980729"] .price:after{content:'$0.01'}    [data-lid="123784964725"] .cover:after{background-image:url(https://i.ebayimg.com/00/s/MTA4MFgxMDgw/z/FtUAAOSwg19c7gt9/$_2.JPG?set_id=880000500F)}[data-lid="123784964725"] .title:after{content:'Natural Rainbow Fluorite Quartz Hand Carved Unicorn Reiki Healing Decoration 53g'}[data-lid="123784964725"] .price:after{content:'$0.01'}    [data-lid="123784952242"] .cover:after{background-image:url(https://i.ebayimg.com/00/s/MTA4MFgxMDgw/z/9icAAOSweA9c7gR4/$_2.JPG?set_id=880000500F)}[data-lid="123784952242"] .title:after{content:'Natural Rose Quartz&White Smelting Quartz Smoking Pipe Wand Healing Tobacco'}[data-lid="123784952242"] .price:after{content:'$0.01'}    [data-lid="123784940834"] .cover:after{background-image:url(https://i.ebayimg.com/00/s/MTA4MFgxMDgw/z/gO8AAOSw5Ohc7f13/$_2.JPG?set_id=880000500F)}[data-lid="123784940834"] .title:after{content:'Colour Aura Quartz Crystal VUG Titanium Bismuth Silicon Cluster Rainbow 97.5g'}[data-lid="123784940834"] .price:after{content:'$13.99'}    [data-lid="123784919556"] .cover:after{background-image:url(https://i.ebayimg.com/00/s/MTA4MFgxMDgw/z/sWkAAOSw9iJc7fZt/$_2.JPG?set_id=880000500F)}[data-lid="123784919556"] .title:after{content:'Natural Rainbow Fluorite Crystal Quartz Wand Smoking Pipe Healing Tobacco Reiki'}[data-lid="123784919556"] .price:after{content:'$0.01'}    [data-lid="123784898036"] .cover:after{background-image:url(https://i.ebayimg.com/00/s/MTA4MFgxMDgw/z/F2wAAOSw5Wdc7e9R/$_2.JPG?set_id=880000500F)}[data-lid="123784898036"] .title:after{content:'Genuine Natural Aquatic Agate Quartz Crystal Carving Skull Healing Specimen34.2g'}[data-lid="123784898036"] .price:after{content:'$10'}    [data-lid="123784882197"] .cover:after{background-image:url(https://i.ebayimg.com/00/s/MTA4MFgxMDgw/z/ovUAAOSwhEBc7ehC/$_2.JPG?set_id=880000500F)}[data-lid="123784882197"] .title:after{content:'Natural Opal Crystal Carved Skull Quartz Wand Smoking Pipe Healing Tobacco Reiki'}[data-lid="123784882197"] .price:after{content:'$0.01'}    [data-lid="123784867839"] .cover:after{background-image:url(https://i.ebayimg.com/00/s/MTA4MFgxMDgw/z/cYcAAOSwnTBc7eE4/$_2.JPG?set_id=880000500F)}[data-lid="123784867839"] .title:after{content:'Natural Snowflake Stone Crystal Quartz Craved Skull Smoking Pipe Healing Tobacco'}[data-lid="123784867839"] .price:after{content:'$0.01'}    [data-lid="123784833797"] .cover:after{background-image:url(https://i.ebayimg.com/00/s/MTA4MFgxMDgw/z/tGgAAOSwNQ1c7don/$_2.JPG?set_id=880000500F)}[data-lid="123784833797"] .title:after{content:'Natural Xiu Jade Quartz Carved Horse Healing Reiki Rock Decoration 2.9\"'}[data-lid="123784833797"] .price:after{content:'$19.99'}    [data-lid="123784799520"] .cover:after{background-image:url(https://i.ebayimg.com/00/s/MTA4MFgxMDgw/z/mZgAAOSwlR1c7cw4/$_2.JPG?set_id=880000500F)}[data-lid="123784799520"] .title:after{content:'Natural Gabbro Crystal Quartz Wand Healing Rock Smoking Pipe Tobacco Reiki 4.05\"'}[data-lid="123784799520"] .price:after{content:'$0.01'}    [data-lid="123784753845"] .cover:after{background-image:url(https://i.ebayimg.com/00/s/MTA4MFgxMDgw/z/uScAAOSw6Mxc7b5B/$_2.JPG?set_id=880000500F)}[data-lid="123784753845"] .title:after{content:'Natural Green Aventurine Crystal Quartz Wand Smoking Pipe Healing Tobacco Reiki'}[data-lid="123784753845"] .price:after{content:'$0.01'}    [data-lid="123784735251"] .cover:after{background-image:url(https://i.ebayimg.com/00/s/MTA4MFgxMDgw/z/dqIAAOSwH5xc7bcS/$_2.JPG?set_id=880000500F)}[data-lid="123784735251"] .title:after{content:'Natural Clear Citrine Crystal Quartz Hexagnal Wand Point Reiki Healing Specimen'}[data-lid="123784735251"] .price:after{content:'$7.99'}    [data-lid="123784718841"] .cover:after{background-image:url(https://i.ebayimg.com/00/s/MTA4MFgxMDgw/z/pHIAAOSwizRc7bAg/$_2.JPG?set_id=880000500F)}[data-lid="123784718841"] .title:after{content:'Natural Lapis Lazuli Quartz Carved Dragon Crystal Wand Healing Smoking Pipe '}[data-lid="123784718841"] .price:after{content:'$0.01'}    [data-lid="123784679201"] .cover:after{background-image:url(https://i.ebayimg.com/00/s/MTA4MFgxMDgw/z/PZAAAOSwOhdc7aH0/$_2.JPG?set_id=880000500F)}[data-lid="123784679201"] .title:after{content:'Natural Green Fluorite Crystal Carved Skull Quartz Wand Healing Smoking Pipe'}[data-lid="123784679201"] .price:after{content:'$0.01'}    [data-lid="123784631668"] .cover:after{background-image:url(https://i.ebayimg.com/00/s/MTA4MFgxMDgw/z/h0oAAOSwN7dc7ZP-/$_2.JPG?set_id=880000500F)}[data-lid="123784631668"] .title:after{content:'Natural Lapis Lazuli Quartz Carved Tortoise Healing Specimen Decoration Reiki'}[data-lid="123784631668"] .price:after{content:'$19.99'}    [data-lid="123784564892"] .cover:after{background-image:url(https://i.ebayimg.com/00/s/MTA4MFgxMDgw/z/WhEAAOSwkD9c7YX~/$_2.JPG?set_id=880000500F)}[data-lid="123784564892"] .title:after{content:'Natural Blue Goldstone Crystal Quartz Wand Rock Smoking Pipe Healing Tobacco'}[data-lid="123784564892"] .price:after{content:'$0.01'}    [data-lid="123784532346"] .cover:after{background-image:url(https://i.ebayimg.com/00/s/MTA4MFgxMDgw/z/5-8AAOSwzcNc7X7m/$_2.JPG?set_id=880000500F)}[data-lid="123784532346"] .title:after{content:'Natural Amethyst Quartz Crystal Wand Smoking Pipes Healing Tobacco Reiki'}[data-lid="123784532346"] .price:after{content:'$0.01'}    [data-lid="123784507272"] .cover:after{background-image:url(https://i.ebayimg.com/00/s/MTA4MFgxMDgw/z/R5YAAOSwn8pc7XfA/$_2.JPG?set_id=880000500F)}[data-lid="123784507272"] .title:after{content:'Natural Rainbow Fluorite Quartz Crystal Healing Ball Sphere+Stand Random 42.5mm'}[data-lid="123784507272"] .price:after{content:'$16.99'}    [data-lid="123784440911"] .cover:after{background-image:url(https://i.ebayimg.com/00/s/MTA4MFgxMDgw/z/TIIAAOSwF3Rc7Wmb/$_2.JPG?set_id=880000500F)}[data-lid="123784440911"] .title:after{content:'Natural Clear Quartz Crystal Wand Healing Smoking Pipe Tobacco No Glass 4.22\"'}[data-lid="123784440911"] .price:after{content:'$0.01'}    [data-lid="123784386199"] .cover:after{background-image:url(https://i.ebayimg.com/00/s/MTA4MFgxMDgw/z/TOcAAOSwhmJc7Vut/$_2.JPG?set_id=880000500F)}[data-lid="123784386199"] .title:after{content:'Natural Aquamarine Gemstone Quartz Collection Specimen Healing Pendant DIY 58ct '}[data-lid="123784386199"] .price:after{content:'$13.99'}    </style><!--[Datacaciques code end]--><!--[Datacaciques code start,cross,md5___1125___,don't modify it]--><!-- dc-cs-link,md5:c6304f304b24edd80e2b5252e225f9e2 --><link rel="stylesheet prefetch"href="https://crosell.datacaciques.com/cmaster/getstyle?s=H4sIAAAAAAAAA2WVSZYjSQhEL1QLZpzjxHiCXnL4NlcpVQrPpd4XuAEGwS1Bwuxu1uxi7qk1xNQ4UuPPf82irhYZg6VdurJr9HG%2FkAwp85Sw3qPl7kt%2FkIoy%2BYii3rTJvqLUrbQsKZqtL%2Br9%2BCTM4mI31k7q8Y00yFksSHuTlr3L%2FslQL2XDK7l3XJ3yiUqUNgXiIcbv74QvGUMDyqu3e0Gc5ertR1d1xQdZVVYJQZt3Zse%2FktE%2BhBQSXtJ2fSdU8RkztK%2Fs%2B%2FgWX5JRoVB4brO0%2B6suYlYjzj7OPmOW9qkrKikZPXTuON%2Ft3V9oRBCT%2BEx452z%2BF7LkytF%2B9v4LcYmPpr1lFvVEEU5NUDKWKCVJ1a6j5VqQcGh531C%2BvsWZZZijtZ19XQ%2BEIEzQ0cZ49%2FCDnEuhITu3FamS6Zwj%2Bl8PROgUsvGY83rKIGNP70CvdEVClRBw9baU7FVEUD5G37oiWAeeJ%2B9tfyr0afrpJWSTPscDiY0RrVtTLQmHeVj0%2BfLhE%2BUo2HGaU%2B3tqA%2BaGkcrzZ0VeSAtlIZ1bz7e7v1BgU1RmWbbYnkrcBSwrdvZxyrDo3hYB55bS3ZxgkWxRxu93fuDLDQhAyGxLQmxEITOI8RXBAMQVg8HZxy%2FEO4NzSmPc0EE98I2dM4L8EBWgxLrz9EZK8KuYImgP8eKXATuRYftFzJsufW9t1%2Fvu%2FFBXGhW52tZnlEDOjR6HoGaVvxGQ7Cx8%2F%2FGa1Tk0OrjaF9lDNVEFObi%2BhyK4Xz5XwNcyzpYusJvfeMYrm%2BlYpjcxb3V01G4KGNAG0PJ2t5InD1uOVt1RYqpYCWBjkUhHD9KZttXs5njw4J1gA91LdkxSdyNAZHU1%2FmNzKiY%2B65fa26K04HNwvSh5DWv%2FwH12I1QFgcAAA%3D%3D"><!--[Datacaciques code end]--><!--[Datacaciques code start,cross,md5___6001___,don't modify it]--><!-- dc-cs-top,md5:b628f1e2fd0f711910aa0bd7cea6f518 --><div class="dc-cs cs-top"><div class="cs-head"><h3 class="title"></h3><strong class="dc-dock dock-rb"title="DataCaciques - We promote your sales"></strong></div><ul class="cs-list cs-list-col8">  <li data-lid="123534676812"><a href="https://www.ebay.com/itm/Large-A-Lot-Of-Titanium-Rainbow-Aura-Lemurian-Quartz-Crystal-Point-Healing-100g-/123534676812"target="_blank"><div class="cover"></div><div class="expand"><p class="title"></p><div class="plus"><span class="price"></span> <span class="origin"></span> <span class="coupon"></span></div></div></a></li>  <li data-lid="122829457264"><a href="https://www.ebay.com/itm/12mm-40pcs-Smoking-Pipe-Metal-Filters-/122829457264"target="_blank"><div class="cover"></div><div class="expand"><p class="title"></p><div class="plus"><span class="price"></span> <span class="origin"></span> <span class="coupon"></span></div></div></a></li>  <li data-lid="123231058690"><a href="https://www.ebay.com/itm/1pcs-80mm-3-1-Asian-Crystal-Glass-Base-Stand-holding-7-Crystal-Sphere-Ball-/123231058690"target="_blank"><div class="cover"></div><div class="expand"><p class="title"></p><div class="plus"><span class="price"></span> <span class="origin"></span> <span class="coupon"></span></div></div></a></li>  <li data-lid="123549394706"><a href="https://www.ebay.com/itm/Natural-Fluorite-Crescent-Half-Moon-Face-Carved-Sculpture-Reiki-Healing-Specimen-/123549394706"target="_blank"><div class="cover"></div><div class="expand"><p class="title"></p><div class="plus"><span class="price"></span> <span class="origin"></span> <span class="coupon"></span></div></div></a></li>  <li data-lid="122791915413"><a href="https://www.ebay.com/itm/Natural-One-Blue-One-Red-Goldstone-Crystal-Smoking-Pipes-Healing-Wand-2Pcs-/122791915413"target="_blank"><div class="cover"></div><div class="expand"><p class="title"></p><div class="plus"><span class="price"></span> <span class="origin"></span> <span class="coupon"></span></div></div></a></li>  <li data-lid="123605124603"><a href="https://www.ebay.com/itm/3Natural-Pink-Rose-Quartz-Crystal-Carved-Bat-Healing-Reiki-Specimen-Decoration-/123605124603"target="_blank"><div class="cover"></div><div class="expand"><p class="title"></p><div class="plus"><span class="price"></span> <span class="origin"></span> <span class="coupon"></span></div></div></a></li>  <li data-lid="122835931404"><a href="https://www.ebay.com/itm/Natural-Dream-Amethyst-Crystal-Tobacco-Rock-Wand-Smoking-Pipe-Healing-Cigaratte-/122835931404"target="_blank"><div class="cover"></div><div class="expand"><p class="title"></p><div class="plus"><span class="price"></span> <span class="origin"></span> <span class="coupon"></span></div></div></a></li>  <li data-lid="123754472644"><a href="https://www.ebay.com/itm/Natural-Clear-Quartz-Crescent-Half-Moon-Face-Carved-Sculpture-Reiki-Healing-/123754472644"target="_blank"><div class="cover"></div><div class="expand"><p class="title"></p><div class="plus"><span class="price"></span> <span class="origin"></span> <span class="coupon"></span></div></div></a></li>  <li data-lid="123549398366"><a href="https://www.ebay.com/itm/Natural-Pink-Rose-Quartz-Crescent-Half-Moon-Face-Carved-Sculpture-Reiki-Healing-/123549398366"target="_blank"><div class="cover"></div><div class="expand"><p class="title"></p><div class="plus"><span class="price"></span> <span class="origin"></span> <span class="coupon"></span></div></div></a></li>  <li data-lid="123549179535"><a href="https://www.ebay.com/itm/Natural-Rainbow-Obsidian-Cat-Eyes-Quartz-Crystal-Heart-Shaped-Healing-Decoration-/123549179535"target="_blank"><div class="cover"></div><div class="expand"><p class="title"></p><div class="plus"><span class="price"></span> <span class="origin"></span> <span class="coupon"></span></div></div></a></li>  <li data-lid="123499799200"><a href="https://www.ebay.com/itm/3-Natural-Rainbow-Labradorite-Quartz-Crystal-Hand-Carved-Bear-Decoration-Gift-/123499799200"target="_blank"><div class="cover"></div><div class="expand"><p class="title"></p><div class="plus"><span class="price"></span> <span class="origin"></span> <span class="coupon"></span></div></div></a></li>  <li data-lid="123455535966"><a href="https://www.ebay.com/itm/Natural-Golden-Obsidian-Quartz-Carved-Skull-Crystal-Wand-Smoking-Pipe-Healing-/123455535966"target="_blank"><div class="cover"></div><div class="expand"><p class="title"></p><div class="plus"><span class="price"></span> <span class="origin"></span> <span class="coupon"></span></div></div></a></li>  <li data-lid="123325920083"><a href="https://www.ebay.com/itm/Rainbow-Conch-Fossil-Quartz-Carved-Skull-Smoking-Pipe-Mineral-Specimen1pcs-/123325920083"target="_blank"><div class="cover"></div><div class="expand"><p class="title"></p><div class="plus"><span class="price"></span> <span class="origin"></span> <span class="coupon"></span></div></div></a></li>  <li data-lid="122927696344"><a href="https://www.ebay.com/itm/Tumbled-Polished-Gemstone-Crystal-Natural-Rainbow-Fluorite-Tiny-Small-100g-/122927696344"target="_blank"><div class="cover"></div><div class="expand"><p class="title"></p><div class="plus"><span class="price"></span> <span class="origin"></span> <span class="coupon"></span></div></div></a></li>  <li data-lid="122801134017"><a href="https://www.ebay.com/itm/200g-Natural-Blue-KYANITE-Quartz-Crystal-Specimen-Rough-Healing-/122801134017"target="_blank"><div class="cover"></div><div class="expand"><p class="title"></p><div class="plus"><span class="price"></span> <span class="origin"></span> <span class="coupon"></span></div></div></a></li>  <li data-lid="123769707106"><a href="https://www.ebay.com/itm/A-Lot-Titanium-Rainbow-Aura-Lemurian-Quartz-Crystal-Point-Healing-100g-10-20pcs-/123769707106"target="_blank"><div class="cover"></div><div class="expand"><p class="title"></p><div class="plus"><span class="price"></span> <span class="origin"></span> <span class="coupon"></span></div></div></a></li>  </ul></div><!--[Datacaciques code end]--><!--PA4_HTMLTop_Begin--><link href="https://s.pushauction.com/pm/a893bad3a9874de5b501b0752241599d/784ff55f54024d5a8342d516883c9218/180928073355.css" type="text/css" rel="Stylesheet" /><div id="pa_t_cp"><div class='cp_h'><span></span></div><ul class='pacp'><li id="t122756312745"><a href="https://www.ebay.com/itm/122756312745" target="_blank"><p1></p1><p2></p2><p3><p31></p31><p32></p32></p3><p4></p4><p5></p5><p6><span></span><l></l><r></r></p6></a></li><li id="t122755867555"><a href="https://www.ebay.com/itm/122755867555" target="_blank"><p1></p1><p2></p2><p3><p31></p31><p32></p32></p3><p4></p4><p5></p5><p6><span></span><l></l><r></r></p6></a></li><li id="t122755706686"><a href="https://www.ebay.com/itm/122755706686" target="_blank"><p1></p1><p2></p2><p3><p31></p31><p32></p32></p3><p4></p4><p5></p5><p6><span></span><l></l><r></r></p6></a></li><li id="t123506811333"><a href="https://www.ebay.com/itm/123506811333" target="_blank"><p1></p1><p2></p2><p3><p31></p31><p32></p32></p3><p4></p4><p5></p5><p6><span></span><l></l><r></r></p6></a></li><li id="t123567684579"><a href="https://www.ebay.com/itm/123567684579" target="_blank"><p1></p1><p2></p2><p3><p31></p31><p32></p32></p3><p4></p4><p5></p5><p6><span></span><l></l><r></r></p6></a></li><li id="t122756274886"><a href="https://www.ebay.com/itm/122756274886" target="_blank"><p1></p1><p2></p2><p3><p31></p31><p32></p32></p3><p4></p4><p5></p5><p6><span></span><l></l><r></r></p6></a></li></ul></div><div id="patemplate_box_description"><!--PA4_HTMLTop_End--><div></div><ol><li><span style="font-family: &quot;Comic Sans MS&quot;; font-size: 18pt;">The pictures are taken from different angles.</span></li><li style="font-size: 18pt; font-family: &quot;Comic Sans MS&quot;;">Quantity :1Pcs<span style="color: #0000ff; font-size: 14pt;">(If you want to buy more than 3Pcs please send me an E-mail ,1000 and more we have)</span></li><li style="font-size: 18pt; font-family: &quot;Comic Sans MS&quot;;">Specification about:58mm&nbsp;<span style="color: #0000ff; font-size: 14pt;">(We can sell any quantity or size, we need to customize it</span><span style="font-size: 14pt; color: #0000ff;">)</span></li><li style="font-size: 18pt; font-family: &quot;Comic Sans MS&quot;;">Please pay by Paypal.com</li><li style="font-family: &quot;Comic Sans MS&quot;; font-size: 18pt;">NOTE:This product is pure natural . Each is unique.Some of the products whichwill have a crack, Which is a natural formation, not bad item. </li><li style="font-size: 18pt; font-family: &quot;Comic Sans MS&quot;;">If you want to order other products together, you can contanct tell us, we can give you free shipping(The second product), as well as exquisite gifts</li></ol><blockquote style="font-size: 18pt; margin: 0px 0px 0px 40px; font-family: &quot;Comic Sans MS&quot;;"><br /></blockquote><blockquote style="margin: 0px 0px 0px 40px;  none;  0px;"><div id="ds_div"><div align="center"><center></center></div></div></blockquote><!--PA4_HTMLBottom_Begin--><div id='pushauctioncounterdiv' style='width:100%;text-align:center;padding-top:20px;font-family:Times New Roman'><img id='pushauctioncounter' src='https://counter.pushauction.com/a893bad3-a987-4de5-b501-b0752241599d/784ff55f-5402-4d5a-8342-d516883c9218.jpg'/></div><div id='pushauctionlogosigndiv' style='text-align:center;width:100%;padding-top:20px'><img src='https://image.pushauction.com/poweredbypushauction.png' alt='PushAuction' border='0' title='Engineered for professional sellers'/></div></div></div></div></div></div></div></div></div></div></div></div></div></div></div></div></div></div></div></div></div></div></div></div><div id="pa_b_cp"><div class='cp_h'><span></span></div><ul class='pacp'><li id="b152880597942"><a href="https://www.ebay.co.uk/itm/152880597942" target="_blank"><p1></p1><p2></p2><p3><p31></p31><p32></p32></p3><p4></p4><p5></p5><p6><span></span><l></l><r></r></p6></a></li></ul></div><!--PA4_HTMLBottom_End--><meta name="viewport" content="width=device-width, initial-scale=1.0, maximum-scale=1.0, minimum-scale=1.0, user-scalable=no, minimal-ui"><!--[Datacaciques code start,cross,md5___18354___,don't modify it]--><!-- dc-cs-bottom,md5:55cb99ea3691a2cc7f26248479e842a2 --><div class="dc-cs cs-bottom"><div class="cs-head"><h3 class="title"></h3><strong class="dc-dock dock-rb"title="DataCaciques - We promote your sales"></strong></div><ul class="cs-list cs-list-col10">  <li data-lid="123786601025"><a href="https://www.ebay.com/itm/Natural-Lapis-Lazuli-Crystal-Quartz-Carved-Bat-Healing-Specimen-Decoration-/123786601025"target="_blank"><div class="cover"></div><div class="expand"><p class="title"></p><div class="plus"><span class="price"></span> <span class="origin"></span> <span class="coupon"></span></div></div></a></li>  <li data-lid="123786471978"><a href="https://www.ebay.com/itm/Colour-Aura-Quartz-Crystal-VUG-Titanium-Bismuth-Silicon-Cluster-Rainbow-106-4g-/123786471978"target="_blank"><div class="cover"></div><div class="expand"><p class="title"></p><div class="plus"><span class="price"></span> <span class="origin"></span> <span class="coupon"></span></div></div></a></li>  <li data-lid="123786419258"><a href="https://www.ebay.com/itm/Natural-Labradorite-Crystal-Quartz-Manual-Carved-Unicorn-Hippocampus-Healing-5-/123786419258"target="_blank"><div class="cover"></div><div class="expand"><p class="title"></p><div class="plus"><span class="price"></span> <span class="origin"></span> <span class="coupon"></span></div></div></a></li>  <li data-lid="123786416650"><a href="https://www.ebay.com/itm/Natural-Africa-Blood-Stone-Quartz-Crystal-Carved-Wing-Skull-Healing-Rock-Reiki-/123786416650"target="_blank"><div class="cover"></div><div class="expand"><p class="title"></p><div class="plus"><span class="price"></span> <span class="origin"></span> <span class="coupon"></span></div></div></a></li>  <li data-lid="123786302733"><a href="https://www.ebay.com/itm/Natural-Rainbow-Labradorite-Quartz-Manual-Carved-Elephant-Healing-Decoration-/123786302733"target="_blank"><div class="cover"></div><div class="expand"><p class="title"></p><div class="plus"><span class="price"></span> <span class="origin"></span> <span class="coupon"></span></div></div></a></li>  <li data-lid="123786216395"><a href="https://www.ebay.com/itm/Natural-Lapis-Lazuli-Quartz-Carved-Lovely-Butterfly-Healing-Specimen-Decoration-/123786216395"target="_blank"><div class="cover"></div><div class="expand"><p class="title"></p><div class="plus"><span class="price"></span> <span class="origin"></span> <span class="coupon"></span></div></div></a></li>  <li data-lid="123786177942"><a href="https://www.ebay.com/itm/Natuaral-Charoite-Quartz-Crystal-Sphere-Ball-Healing-Decoration-Stand-2-25-/123786177942"target="_blank"><div class="cover"></div><div class="expand"><p class="title"></p><div class="plus"><span class="price"></span> <span class="origin"></span> <span class="coupon"></span></div></div></a></li>  <li data-lid="123786163972"><a href="https://www.ebay.com/itm/Natural-African-Blood-Stone-Quartz-Carved-Dragon-Head-Healing-Decoration-2-/123786163972"target="_blank"><div class="cover"></div><div class="expand"><p class="title"></p><div class="plus"><span class="price"></span> <span class="origin"></span> <span class="coupon"></span></div></div></a></li>  <li data-lid="123786151937"><a href="https://www.ebay.com/itm/Natural-Golden-Obsidian-Quartz-Carved-Angel-Wing-Heart-Healing-Decoration-/123786151937"target="_blank"><div class="cover"></div><div class="expand"><p class="title"></p><div class="plus"><span class="price"></span> <span class="origin"></span> <span class="coupon"></span></div></div></a></li>  <li data-lid="123786133043"><a href="https://www.ebay.com/itm/Natural-Clear-Citrine-Quartz-Hexagonal-Wand-Points-Reiki-Healing-Specimen-3Pcs-/123786133043"target="_blank"><div class="cover"></div><div class="expand"><p class="title"></p><div class="plus"><span class="price"></span> <span class="origin"></span> <span class="coupon"></span></div></div></a></li>  <li data-lid="123786070756"><a href="https://www.ebay.com/itm/Natural-Opal-Crystal-Carved-Owl-Quartz-Polished-Specimen-Healing-Decoration-/123786070756"target="_blank"><div class="cover"></div><div class="expand"><p class="title"></p><div class="plus"><span class="price"></span> <span class="origin"></span> <span class="coupon"></span></div></div></a></li>  <li data-lid="123786041575"><a href="https://www.ebay.com/itm/Natural-Red-Agate-Stone-Quartz-Healing-Suiseki-viewing-Specimen-Collection-/123786041575"target="_blank"><div class="cover"></div><div class="expand"><p class="title"></p><div class="plus"><span class="price"></span> <span class="origin"></span> <span class="coupon"></span></div></div></a></li>  <li data-lid="123786020976"><a href="https://www.ebay.com/itm/Natural-Golden-Obsidian-Quartz-Carved-Bat-Healing-Polished-Decoration-Gift-4-06-/123786020976"target="_blank"><div class="cover"></div><div class="expand"><p class="title"></p><div class="plus"><span class="price"></span> <span class="origin"></span> <span class="coupon"></span></div></div></a></li>  <li data-lid="123785990024"><a href="https://www.ebay.com/itm/2-Natural-Lapis-Lazuli-Quartz-Carved-Pumpkin-Halloween-Gift-Decoration-0-28lb-/123785990024"target="_blank"><div class="cover"></div><div class="expand"><p class="title"></p><div class="plus"><span class="price"></span> <span class="origin"></span> <span class="coupon"></span></div></div></a></li>  <li data-lid="123785954990"><a href="https://www.ebay.com/itm/Natural-Xiu-Jade-Quartz-Carved-Cicada-Healing-Reiki-Rock-Decoration-0-32lb-/123785954990"target="_blank"><div class="cover"></div><div class="expand"><p class="title"></p><div class="plus"><span class="price"></span> <span class="origin"></span> <span class="coupon"></span></div></div></a></li>  <li data-lid="123785939499"><a href="https://www.ebay.com/itm/Natural-Strawberry-Quartz-Pyramid-Healing-Specimen-Decoration-DIY-Gift-1pc-/123785939499"target="_blank"><div class="cover"></div><div class="expand"><p class="title"></p><div class="plus"><span class="price"></span> <span class="origin"></span> <span class="coupon"></span></div></div></a></li>  <li data-lid="123785924886"><a href="https://www.ebay.com/itm/Natural-Clear-Crystal-Quartz-Cluster-Point-Wand-Healing-Smoking-Pipe-Tobacco-/123785924886"target="_blank"><div class="cover"></div><div class="expand"><p class="title"></p><div class="plus"><span class="price"></span> <span class="origin"></span> <span class="coupon"></span></div></div></a></li>  <li data-lid="123785845646"><a href="https://www.ebay.com/itm/Natural-Dragon-Blood-Stone-Manual-Carved-Point-Sacred-Merkaba-Star-Healing1-5-/123785845646"target="_blank"><div class="cover"></div><div class="expand"><p class="title"></p><div class="plus"><span class="price"></span> <span class="origin"></span> <span class="coupon"></span></div></div></a></li>  <li data-lid="123785789349"><a href="https://www.ebay.com/itm/Natural-Rainbow-Fluorite-Quartz-Carved-Butterfly-Healing-Decoration-DIY-Pendant-/123785789349"target="_blank"><div class="cover"></div><div class="expand"><p class="title"></p><div class="plus"><span class="price"></span> <span class="origin"></span> <span class="coupon"></span></div></div></a></li>  <li data-lid="123785759908"><a href="https://www.ebay.com/itm/26mm-Natural-Double-Color-Eyes-Obsidian-Ball-Specimen-Decoration-Stand-24-2g-/123785759908"target="_blank"><div class="cover"></div><div class="expand"><p class="title"></p><div class="plus"><span class="price"></span> <span class="origin"></span> <span class="coupon"></span></div></div></a></li>  <li data-lid="123785739020"><a href="https://www.ebay.com/itm/Natural-Sodalite-Quartz-Carved-Horse-Healing-Specimen-Polished-Decoration-/123785739020"target="_blank"><div class="cover"></div><div class="expand"><p class="title"></p><div class="plus"><span class="price"></span> <span class="origin"></span> <span class="coupon"></span></div></div></a></li>  <li data-lid="123785672632"><a href="https://www.ebay.com/itm/MINI-Natural-Rainbow-Labradorite-Moonstone-Rock-Wand-Healing-Smoking-Pipe-/123785672632"target="_blank"><div class="cover"></div><div class="expand"><p class="title"></p><div class="plus"><span class="price"></span> <span class="origin"></span> <span class="coupon"></span></div></div></a></li>  <li data-lid="123785624314"><a href="https://www.ebay.com/itm/Natural-Pink-Rose-Quartz-Crystal-Carved-Dog-Healing-Reiki-Decoration-Gift-2-05-/123785624314"target="_blank"><div class="cover"></div><div class="expand"><p class="title"></p><div class="plus"><span class="price"></span> <span class="origin"></span> <span class="coupon"></span></div></div></a></li>  <li data-lid="123785569184"><a href="https://www.ebay.com/itm/Natural-Lapis-Lazuli-Quartz-Crystal-Carved-Dragon-Healing-Specimen-Decoration-/123785569184"target="_blank"><div class="cover"></div><div class="expand"><p class="title"></p><div class="plus"><span class="price"></span> <span class="origin"></span> <span class="coupon"></span></div></div></a></li>  <li data-lid="123785525006"><a href="https://www.ebay.com/itm/A-Lot-of-Titanium-Rainbow-Aura-Lemurian-Reiki-Point-Quartz-Crystal-Healing-102-g-/123785525006"target="_blank"><div class="cover"></div><div class="expand"><p class="title"></p><div class="plus"><span class="price"></span> <span class="origin"></span> <span class="coupon"></span></div></div></a></li>  <li data-lid="123785463720"><a href="https://www.ebay.com/itm/Semi-Precious-Luminous-Stone-Carved-Dragon-Quartz-Rock-Wand-Healing-Smoking-Pipe-/123785463720"target="_blank"><div class="cover"></div><div class="expand"><p class="title"></p><div class="plus"><span class="price"></span> <span class="origin"></span> <span class="coupon"></span></div></div></a></li>  <li data-lid="123785276076"><a href="https://www.ebay.com/itm/Natural-Roe-Stone-Crystal-Quartz-Wand-Smoking-Pipe-Healing-Tobacco-Reiki-4-2-/123785276076"target="_blank"><div class="cover"></div><div class="expand"><p class="title"></p><div class="plus"><span class="price"></span> <span class="origin"></span> <span class="coupon"></span></div></div></a></li>  <li data-lid="123785151000"><a href="https://www.ebay.com/itm/Colour-Aura-Quartz-Crystal-VUG-Titanium-Bismuth-Silicon-Cluster-Rainbow-122-7g-/123785151000"target="_blank"><div class="cover"></div><div class="expand"><p class="title"></p><div class="plus"><span class="price"></span> <span class="origin"></span> <span class="coupon"></span></div></div></a></li>  <li data-lid="123785150580"><a href="https://www.ebay.com/itm/Natural-Blue-Goldstone-Crystal-Quartz-Wand-Smoking-Pipe-Healing-Tobacco-Reiki-/123785150580"target="_blank"><div class="cover"></div><div class="expand"><p class="title"></p><div class="plus"><span class="price"></span> <span class="origin"></span> <span class="coupon"></span></div></div></a></li>  <li data-lid="123785016637"><a href="https://www.ebay.com/itm/Natural-Iron-Meteorite-Manual-Carved-Skull-Specimen-Healing-Decoration-1-95-/123785016637"target="_blank"><div class="cover"></div><div class="expand"><p class="title"></p><div class="plus"><span class="price"></span> <span class="origin"></span> <span class="coupon"></span></div></div></a></li>  <li data-lid="123784980729"><a href="https://www.ebay.com/itm/MINI-Natural-Tiger-Eye-Quartz-Crystal-Gemstone-Wand-Smoking-Pipe-Healing-3-48-/123784980729"target="_blank"><div class="cover"></div><div class="expand"><p class="title"></p><div class="plus"><span class="price"></span> <span class="origin"></span> <span class="coupon"></span></div></div></a></li>  <li data-lid="123784964725"><a href="https://www.ebay.com/itm/Natural-Rainbow-Fluorite-Quartz-Hand-Carved-Unicorn-Reiki-Healing-Decoration-53g-/123784964725"target="_blank"><div class="cover"></div><div class="expand"><p class="title"></p><div class="plus"><span class="price"></span> <span class="origin"></span> <span class="coupon"></span></div></div></a></li>  <li data-lid="123784952242"><a href="https://www.ebay.com/itm/Natural-Rose-Quartz-White-Smelting-Quartz-Smoking-Pipe-Wand-Healing-Tobacco-/123784952242"target="_blank"><div class="cover"></div><div class="expand"><p class="title"></p><div class="plus"><span class="price"></span> <span class="origin"></span> <span class="coupon"></span></div></div></a></li>  <li data-lid="123784940834"><a href="https://www.ebay.com/itm/Colour-Aura-Quartz-Crystal-VUG-Titanium-Bismuth-Silicon-Cluster-Rainbow-97-5g-/123784940834"target="_blank"><div class="cover"></div><div class="expand"><p class="title"></p><div class="plus"><span class="price"></span> <span class="origin"></span> <span class="coupon"></span></div></div></a></li>  <li data-lid="123784919556"><a href="https://www.ebay.com/itm/Natural-Rainbow-Fluorite-Crystal-Quartz-Wand-Smoking-Pipe-Healing-Tobacco-Reiki-/123784919556"target="_blank"><div class="cover"></div><div class="expand"><p class="title"></p><div class="plus"><span class="price"></span> <span class="origin"></span> <span class="coupon"></span></div></div></a></li>  <li data-lid="123784898036"><a href="https://www.ebay.com/itm/Genuine-Natural-Aquatic-Agate-Quartz-Crystal-Carving-Skull-Healing-Specimen34-2g-/123784898036"target="_blank"><div class="cover"></div><div class="expand"><p class="title"></p><div class="plus"><span class="price"></span> <span class="origin"></span> <span class="coupon"></span></div></div></a></li>  <li data-lid="123784882197"><a href="https://www.ebay.com/itm/Natural-Opal-Crystal-Carved-Skull-Quartz-Wand-Smoking-Pipe-Healing-Tobacco-Reiki-/123784882197"target="_blank"><div class="cover"></div><div class="expand"><p class="title"></p><div class="plus"><span class="price"></span> <span class="origin"></span> <span class="coupon"></span></div></div></a></li>  <li data-lid="123784867839"><a href="https://www.ebay.com/itm/Natural-Snowflake-Stone-Crystal-Quartz-Craved-Skull-Smoking-Pipe-Healing-Tobacco-/123784867839"target="_blank"><div class="cover"></div><div class="expand"><p class="title"></p><div class="plus"><span class="price"></span> <span class="origin"></span> <span class="coupon"></span></div></div></a></li>  <li data-lid="123784833797"><a href="https://www.ebay.com/itm/Natural-Xiu-Jade-Quartz-Carved-Horse-Healing-Reiki-Rock-Decoration-2-9-/123784833797"target="_blank"><div class="cover"></div><div class="expand"><p class="title"></p><div class="plus"><span class="price"></span> <span class="origin"></span> <span class="coupon"></span></div></div></a></li>  <li data-lid="123784799520"><a href="https://www.ebay.com/itm/Natural-Gabbro-Crystal-Quartz-Wand-Healing-Rock-Smoking-Pipe-Tobacco-Reiki-4-05-/123784799520"target="_blank"><div class="cover"></div><div class="expand"><p class="title"></p><div class="plus"><span class="price"></span> <span class="origin"></span> <span class="coupon"></span></div></div></a></li>  <li data-lid="123784753845"><a href="https://www.ebay.com/itm/Natural-Green-Aventurine-Crystal-Quartz-Wand-Smoking-Pipe-Healing-Tobacco-Reiki-/123784753845"target="_blank"><div class="cover"></div><div class="expand"><p class="title"></p><div class="plus"><span class="price"></span> <span class="origin"></span> <span class="coupon"></span></div></div></a></li>  <li data-lid="123784735251"><a href="https://www.ebay.com/itm/Natural-Clear-Citrine-Crystal-Quartz-Hexagnal-Wand-Point-Reiki-Healing-Specimen-/123784735251"target="_blank"><div class="cover"></div><div class="expand"><p class="title"></p><div class="plus"><span class="price"></span> <span class="origin"></span> <span class="coupon"></span></div></div></a></li>  <li data-lid="123784718841"><a href="https://www.ebay.com/itm/Natural-Lapis-Lazuli-Quartz-Carved-Dragon-Crystal-Wand-Healing-Smoking-Pipe-/123784718841"target="_blank"><div class="cover"></div><div class="expand"><p class="title"></p><div class="plus"><span class="price"></span> <span class="origin"></span> <span class="coupon"></span></div></div></a></li>  <li data-lid="123784679201"><a href="https://www.ebay.com/itm/Natural-Green-Fluorite-Crystal-Carved-Skull-Quartz-Wand-Healing-Smoking-Pipe-/123784679201"target="_blank"><div class="cover"></div><div class="expand"><p class="title"></p><div class="plus"><span class="price"></span> <span class="origin"></span> <span class="coupon"></span></div></div></a></li>  <li data-lid="123784631668"><a href="https://www.ebay.com/itm/Natural-Lapis-Lazuli-Quartz-Carved-Tortoise-Healing-Specimen-Decoration-Reiki-/123784631668"target="_blank"><div class="cover"></div><div class="expand"><p class="title"></p><div class="plus"><span class="price"></span> <span class="origin"></span> <span class="coupon"></span></div></div></a></li>  <li data-lid="123784564892"><a href="https://www.ebay.com/itm/Natural-Blue-Goldstone-Crystal-Quartz-Wand-Rock-Smoking-Pipe-Healing-Tobacco-/123784564892"target="_blank"><div class="cover"></div><div class="expand"><p class="title"></p><div class="plus"><span class="price"></span> <span class="origin"></span> <span class="coupon"></span></div></div></a></li>  <li data-lid="123784532346"><a href="https://www.ebay.com/itm/Natural-Amethyst-Quartz-Crystal-Wand-Smoking-Pipes-Healing-Tobacco-Reiki-/123784532346"target="_blank"><div class="cover"></div><div class="expand"><p class="title"></p><div class="plus"><span class="price"></span> <span class="origin"></span> <span class="coupon"></span></div></div></a></li>  <li data-lid="123784507272"><a href="https://www.ebay.com/itm/Natural-Rainbow-Fluorite-Quartz-Crystal-Healing-Ball-Sphere-Stand-Random-42-5mm-/123784507272"target="_blank"><div class="cover"></div><div class="expand"><p class="title"></p><div class="plus"><span class="price"></span> <span class="origin"></span> <span class="coupon"></span></div></div></a></li>  <li data-lid="123784440911"><a href="https://www.ebay.com/itm/Natural-Clear-Quartz-Crystal-Wand-Healing-Smoking-Pipe-Tobacco-No-Glass-4-22-/123784440911"target="_blank"><div class="cover"></div><div class="expand"><p class="title"></p><div class="plus"><span class="price"></span> <span class="origin"></span> <span class="coupon"></span></div></div></a></li>  <li data-lid="123784386199"><a href="https://www.ebay.com/itm/Natural-Aquamarine-Gemstone-Quartz-Collection-Specimen-Healing-Pendant-DIY-58ct-/123784386199"target="_blank"><div class="cover"></div><div class="expand"><p class="title"></p><div class="plus"><span class="price"></span> <span class="origin"></span> <span class="coupon"></span></div></div></a></li>  </ul></div><!--[Datacaciques code end]--><!--[Datacaciques code start,code,don't modify it]--><style type="text/css">.dc_tracker_img{display:none;}.dc_tracker_img:last-of-type{display:block;}p:empty+hr{display:none;}hr+span.ebay{display:none;}</style><div class="dc_tracker_img" style="text-align:center;margin-top:25px"><img src="https://gate.datacaciques.com/track/img?_lid=123394224786" data="__dc_tracker" alt="DataCaciques"></div><!--[Datacaciques code end]-->
</DOC>
<DOC>
<DOCID>1700361</DOCID>
<CATEGORY>Collectibles > Decorative Collectibles > Pitchers</CATEGORY>
<ORIGTITLE>Ceramic Jar Vase Pitcher, Fruit Decorations, Yellow White, 6 1/2" Tall</ORIGTITLE>
<font rwr='1' size='4' style='font-family:Arial'><font rwr="1" style="font-family:Arial" size="4"><font size="6" face="Comic Sans MS">This jar is in very good condition!&nbsp; It has a small paint chip on lip.&nbsp; (See photos for condition)</font></font></font>
</DOC>
<DOC>
<DOCID>1700362</DOCID>
<CATEGORY>Collectibles > Lamps, Lighting > Lamps: Non-Electric > Oil</CATEGORY>
<ORIGTITLE>Antique Oil Lamp Small Handpainted Red Blue Victorian 7" Metal Base Lantern VTG</ORIGTITLE>
<font rwr='1' size='4' style='font-family:Arial'><font rwr="1" style="font-family:Arial" size="4"><font rwr="1" style="font-family:Arial" size="4"><font rwr="1" style="font-family:Arial" size="4"><font rwr="1" style="font-family:Arial" size="4"><font rwr="1" style="font-family:Arial" size="4"><font rwr="1" style="font-family:Arial" size="4"><font rwr="1" style="font-family:Arial" size="4"><font rwr="1" style="font-family:Arial" size="4"><font rwr="1" style="font-family:Arial" size="4"><font rwr="1" style="font-family:Arial" size="4"><font rwr="1" style="font-family:Arial" size="4"><font rwr="1" style="font-family:Arial" size="4"><font rwr="1" style="font-family:Arial" size="4"><font rwr="1" style="font-family:Arial" size="4"><div><span style="font-size:13px;color:#000000;font-weight:400;text-decoration:none;font-family:'Arial';font-style:normal;text-decoration-skip-ink:none;">Antique Oil Lamp Small Handpainted Red Blue Victorian 7" Metal Base Lantern VTG Light Hong Kong <br></span></div><div><span style="font-size:13px;color:#000000;font-weight:400;text-decoration:none;font-family:'Arial';font-style:normal;text-decoration-skip-ink:none;"><br></span></div><div><span style="font-size:13px;color:#000000;font-weight:400;text-decoration:none;font-family:'Arial';font-style:normal;text-decoration-skip-ink:none;">Approx 7"<br></span></div><div><br><span style="font-size:13px;color:#000000;font-weight:400;text-decoration:none;font-family:'Arial';font-style:normal;text-decoration-skip-ink:none;"></span><font rwr="1" style="font-family:Arial" size="4"><b><font size="4"><font size="5"><span style="font-size:13px;color:#000000;font-weight:400;text-decoration:none;font-family:'Arial';font-style:normal;text-decoration-skip-ink:none;"></span></font></font></b></font></div><div><font rwr="1" style="font-family:Arial" size="4"><font rwr="1" style="font-family:Arial" size="4"><font rwr="1" style="font-family:Arial" size="4"><font rwr="1" style="font-family:Arial" size="4"><font rwr="1" style="font-family:Arial" size="4"><font rwr="1" style="font-family:Arial" size="4"><font rwr="1" style="font-family:Arial" size="4"><font rwr="1" style="font-family:Arial" size="4"><font rwr="1" style="font-family:Arial" size="4"><font rwr="1" style="font-family:Arial" size="4"><font rwr="1" style="font-family:Arial" size="4"><font rwr="1" style="font-family:Arial" size="4"><font rwr="1" style="font-family:Arial" size="4"><font size="4">If there are any issues with a 
purchase, <u>please contact us directly through eBay messaging, email or phone, instead of opening a <i>case</i> with eBay</u>.
 We will always do our absolute best to resolve an issue, and be honest 
and fair in any situation. If you are not 100% satisfied with your 
purchase, please contact us directly. Thank you!!!</font></font></font></font></font></font></font></font></font></font></font></font></font></font></div></font></font></font></font></font></font></font></font></font></font></font></font><div><font rwr="1" style="font-family:Arial" size="4"><font rwr="1" style="font-family:Arial" size="4"><font rwr="1" style="font-family:Arial" size="4"><font rwr="1" style="font-family:Arial" size="4"><font rwr="1" style="font-family:Arial" size="4"><font rwr="1" style="font-family:Arial" size="4"><font rwr="1" style="font-family:Arial" size="4"><font rwr="1" style="font-family:Arial" size="4"><font rwr="1" style="font-family:Arial" size="4"><font rwr="1" style="font-family:Arial" size="4"><font rwr="1" style="font-family:Arial" size="4"><font rwr="1" style="font-family:Arial" size="4"><font rwr="1" style="font-family:Arial" size="4"><b><font size="4"><font size="5"> </font></font></b></font></font></font></font></font></font></font></font></font></font></font></font></font><font rwr="1" style="font-family:Arial" size="4"><font rwr="1" style="font-family:Arial" size="4"><font rwr="1" style="font-family:Arial" size="4"><font rwr="1" style="font-family:Arial" size="4"><font rwr="1" style="font-family:Arial" size="4"><font rwr="1" style="font-family:Arial" size="4"><font rwr="1" style="font-family:Arial" size="4"><font rwr="1" style="font-family:Arial" size="4"><font rwr="1" style="font-family:Arial" size="4"><font rwr="1" style="font-family:Arial" size="4"><font rwr="1" style="font-family:Arial" size="4"><font rwr="1" style="font-family:Arial" size="4"><font rwr="1" style="font-family:Arial" size="4"><b><font size="4"><h1 class="it-ttl" itemprop="name" id="itemTitle">Check out the pictures! The pictures always best describe the item.</h1></font></b></font></font></font></font></font></font></font></font></font></font></font></font></font></div><font rwr="1" style="font-family:Arial" size="4"><font rwr="1" style="font-family:Arial" size="4"><font rwr="1" style="font-family:Arial" size="4"><font rwr="1" style="font-family:Arial" size="4"><font rwr="1" style="font-family:Arial" size="4"><font rwr="1" style="font-family:Arial" size="4"><font rwr="1" style="font-family:Arial" size="4"><font rwr="1" style="font-family:Arial" size="4"><font rwr="1" style="font-family:Arial" size="4"><font rwr="1" style="font-family:Arial" size="4"><font rwr="1" style="font-family:Arial" size="4"><font rwr="1" style="font-family:Arial" size="4"><font rwr="1" style="font-family:Arial" size="4"><b><font size="4"><div>In used condition. Pitting and patina on metal.<span style="font-size:13px;color:#000000;font-weight:400;text-decoration:none;font-family:'Arial';font-style:normal;text-decoration-skip-ink:none;"><br></span></div><div><br></div><p>Please look at the multiple shipping options for cheapest shipping price (click "see details" next 
to the shipping price to see all shipping options, for the least 
expensive to your area). It will be carefully packaged. <br></p><p>If you have any issues with the item after receiving it, please contact us directly. We want you to be 100% satisfied with your purchase. We truly care about having great customer service!<br></p></font></b><br><font size="4"><br></font></font></font></font></font></font></font></font></font></font></font></font></font></font></font></font></font>
</DOC>
<DOC>
<DOCID>1700363</DOCID>
<CATEGORY>Collectibles > Advertising > Household > Furniture</CATEGORY>
<ORIGTITLE>Vintage Metal Ad Tiger Brand Silver Ribbon Coil Spring Haggard & Marcusson Co.</ORIGTITLE>
Up for bid is an original vintage adverstisement for Tiger Brand Silver Ribbon type coil spring. This product was sold by the Haggard & Marcusson Co. of Chicago, Pittsburgh, Cincinnati, Davenport (Iowa) and Salt Lake. This advertisement is made of metal and measures 5 1/2 by 7 inches. There is a tab at the top and bottom, allowing it to be attached to something. It is in good condition, and probably could be improved with a good cleaning, which I'll leave to the new owner.   See my listings for other vintage items. I gladly combine shipping fees for mutiple purchases when they can be packaged together, and I do ship internationally.
Please e-mail me with questions, and thanks for looking!
<BR /><CENTER><IMG SRC="http://pics.ebay.com/aw/pics/sell/templates/images/k2/tagline.gif" BORDER="0" /><BR /><FONT FACE="Arial,Helvetica" SIZE="2">Powered by <A HREF="http://pages.ebay.com/turbo_lister/">eBay Turbo Lister</A><BR />The free listing tool. List your items fast and easy and manage your active items.
   </FONT></CENTER>
</DOC>
<DOC>
<DOCID>1700365</DOCID>
<CATEGORY>Collectibles > Linens & Textiles (1930-Now) > Kitchen Textiles > Towels</CATEGORY>
<ORIGTITLE>vintage linen kitchen tea towel St Andrews golf old course Scotland dish towel</ORIGTITLE>
<font rwr="1" size="4" style="font-family:Arial"><font rwr="1" size="4" style="font-family:Arial"><p class="MsoNormal" style="tab-stops:169.35pt"><u><span style="font-size:16.0pt;
line-height:115%">Shipping to the USA only<span style="mso-tab-count:1"> </span><span style="mso-spacerun:yes">&nbsp; </span>2 business days handling time, SEE SHIPPING
COST BELOW, 2 business days handling time<o:p></o:p></span></u></p>

<p class="MsoNormal"><u><span style="font-size:16.0pt;line-height:115%">Please
read the entire description</span></u><span style="font-size:16.0pt;line-height:
115%"> and use the zoom feature on photos, mouse over the photo to use the
zoom, when you have the zoom engaged double click on photos to enlarge them<o:p></o:p></span></p>

<p class="MsoNormal"><span style="font-size:16.0pt;line-height:115%">vintage
linen kitchen tea towel with design of St Andrews old course in Scotland, linen
towel by Linanne, colors bright no fade, needs a bit of ironing, no holes, no
odor, non smoking home, I do not see any stains on this but it is an estate
find that has been in storage for years so it’s considered used., sold as a
used vintage item. measures about 20 ½ inches x 30 inches. <o:p></o:p></span></p></font></font>
</DOC>
<DOC>
<DOCID>1700373</DOCID>
<CATEGORY>Collectibles > Decorative Collectibles > Figurines > Clowns, Circuses</CATEGORY>
<ORIGTITLE>Jester Statue with Violin - 2 FT - Jester Statue with Violin Roman Stone Finish</ORIGTITLE>
<div id="inkfrog_crosspromo_top"></div>
<!DOCTYPE html>
    <head>
    <title>Jester Statue with Violin - 2 FT - Jester Statue with Violin Roman Stone Finish</title>
    <meta name="viewport" content="width=device-width,initial-scale=1.0,maximum-scale=1">
    <link href='//open.inkfrog.com/assets/plugins/bootstrap/css/bootstrap.css' rel='stylesheet' type='text/css'>
    <link href='//open.inkfrog.com/assets/plugins/bootstrap/css/bootstrap-responsive.min.css' rel='stylesheet' type='text/css'>
    <link href='//fonts.googleapis.com/css?family=Open+Sans:400,600|Cabin:400|Cabin:700|Josefin+Sans:400|Josefin+Sans:700|Oswald:400|Oswald:700|Varela|Josefin+Slab:400|Josefin+Slab:700|Open+Sans:400|Open+Sans:700|Ovo|PT+Serif:400|PT+Serif:700|Wire+One|Kameron:400|Kameron:700|Rokkitt:400|Rokkitt:700|Maiden+Orange|Bevan|Dancing+Script|Tangerine|Pacifico|Damion|Permanent+Marker|Fugaz+One' rel='stylesheet' type='text/css'>
    <link href='//open.inkfrog.com/templates/designer/styles/style_new.css' rel='stylesheet' type='text/css'>
    <link href='https://open.inkfrog.com/templates/designer/predesigned_templates/tabs_css/default.css' rel='stylesheet' type='text/css'>

    <style>
        a,a:hover,a:active,a:visited {color:#0d93d7 !important}
    </style>
    <link href='//open.inkfrog.com/templates/designer/styles/user/47884.css' rel='stylesheet' type='text/css'></head>
<body style="margin:0px;background:#ffffff;">
<div id="template_wrapper" style="background: #666666;">
<link href="//open.inkfrog.com/templates/designer/styles/user/47884.css" rel="stylesheet" type="text/css">




    <div class="container-fluid">
        <div id="logo_banner" class="logo" style="display: block; text-align: center; padding: 5px; background-color: transparent;"><img src='https://i.frg.im/fEwuirhA/animals-banner.jpg' style=''></div>
        <div id="template_content" style="font-family: Varela, sans-serif; font-weight: normal; color: #3c3c3c; font-size: 14px;background-color:#ffffff">
            <div class="row-fluid section">
                <div class="span12">
                    <h4 class="listing_title" style="font-family: Oswald, sans-serif; font-weight: 400; color: #3c3c3c; font-size: 30px; line-height:30px;">Jester Statue with Violin - 2 FT - Jester Statue with Violin Roman Stone Finish</h4>
                </div>
            </div>
            <div id="drag_area">
            <div class="row-fluid section" id="description-section">
                <div id="description">This Jester Statue is part of our garden stone finish statues collection.  This 2 ft stone Jester statue will look great placed in a garden, or along side with any other themed decor.  This stone Jester statue is made from a cast resin mold mixed with fiberglass. This Jester is brilliantly hand crafted in a Roman Stone finish.<br style="font-family: Verdana, Arial, Helvetica; font-size: 12px;"><br style="font-family: Verdana, Arial, Helvetica; font-size: 12px;">Dimensions: 18L x 12W x 26H in<br style="font-family: Verdana, Arial, Helvetica; font-size: 12px;"><p>Weight: 29 lbs</p></div>
            </div>

            <div id="image-section">               
                 
                
                <div class="row-fluid section" id="images-stacked">
                    <ul class="thumbnails">
                        
                        <li class="span12"><img src="https://i.frg.im/YLyh8Gs/132049546888-0_600.jpg?v=1485984463.733"></li>
                        
                        <li class="span12"><img src="https://i.frg.im/skQoGFay/132049546888-1_600.jpg?v=1485984464.263"></li>
                        
                        <li class="span12"><img src="https://i.frg.im/vmaKXcW6/132049546888-2_600.jpg?v=1485984464.403"></li>
                        
                        <li class="span12"><img src="https://i.frg.im/dWtD8bE2/132049546888-3_600.jpg?v=1485984464.59"></li>
                        
                    </ul>
                </div>
                
                
</div>
            
            
            <div class="row-fluid section"></div><div class="row-fluid section"><div class="text_section text-container editable" id="text-uohuMF7Ba" style="display: block;"></div></div><div class="row-fluid section"><section class='tabbed'>
    <input id='t-0-1' name='tabbed-tabs-0' type='radio' checked='checked'>
    <label for='t-0-1' class='tabs'>Shipping</label>
    <div class='wrapper'>
        <div class='tab-0-1'>
             <div class='row'>
              <p>
	Shipping within the 48 Contiguous United States - FREE SHIPPING or Quoted Shipping Rate does NOT apply to Difficult Access Cities, Rural Areas, Islands, Remote Areas and so on.<br>
	- No Direct International Shipping (Except Canada)- Must Provide a Forwarder - Bank Wire or Cashier’s Check is Required.<br>
	- No Direct Delivery to Alaska or Hawaii - Must Provide a Forwarder - Bank Wire or Cashier’s Check is Required.<br>
	- No P.O. Box Delivery. Must provide Actual Address.<br>
	- No APO/FPO Delivery<br>
	- PayPal Confirmed Addresses Only - Please Contact us Prior if Address Change is Needed<br>
	- Items Will be Shipped by UPS Ground or an LTL carrier (for large items) from 1-5 Business days of receiving full payment<br>
	- Tracking Number will be provided when item is shipped.<br>
	- Freight Shipments Must Provide a Phone Number to Arrange Convenient Delivery Time.
</p>
            </div>
        </div>
    </div>
<div class='clrfx mt-30'></div>
<div class='clrfx mt-30'></div>
</section>
</div><div class="row-fluid section"><section class='tabbed'>
    <input id='t-1-1' name='tabbed-tabs-1' type='radio' checked='checked'>
    <label for='t-1-1' class='tabs'>Returns</label>
    <div class='wrapper'>
        <div class='tab-1-1'>
             <div class='row'>
              <p>
	Returns accepted within 30 days of receiving the product.<br>
	Buyer pays for all shipping charges both ways. This applies to free shipping promotion items as well.<br>
	No returns accepted for damaged items. All items shipped are 100% insured. Please refer to damaged items policy.
</p>
            </div>
        </div>
    </div>
<div class='clrfx mt-30'></div>
<div class='clrfx mt-30'></div>
</section>
</div><div class="row-fluid section"><section class='tabbed'>
    <input id='t-2-1' name='tabbed-tabs-2' type='radio' checked='checked'>
    <label for='t-2-1' class='tabs'>Guarantee</label>
    <div class='wrapper'>
        <div class='tab-2-1'>
             <div class='row'>
              <p>
	If within 30 days of receiving your product you are not completely satisfied, email us or call us and we will issue a Return Merchandise Authorization (RMA) number. You can then return the product to us in the same condition we shipped it and we will promptly refund your full purchase price less all shipping costs.
</p>
            </div>
        </div>
    </div>
<div class='clrfx mt-30'></div>
<div class='clrfx mt-30'></div>
</section>
</div><div class="row-fluid section"><section class='tabbed'>
    <input id='t-3-1' name='tabbed-tabs-3' type='radio' checked='checked'>
    <label for='t-3-1' class='tabs'>Terms</label>
    <div class='wrapper'>
        <div class='tab-3-1'>
             <div class='row'>
              <p>
	International Freight Charges, Customs Duty and Broker Fees for Canada, Australia and Europe
	<br>
	<br>
	We gladly ship to many countries outside of the US 50 states and we ship to all parts of Canada. Please call for a quote. The associated fees (customs duty, brokerage fees, etc.) are the sole responsibility of the purchaser. Import duties, taxes, and charges are not included in the item price or shipping cost. These charges are the buyer's responsibility. Please check with your country’s customs office to determine what these additional costs will be prior to buying.
	<br>
	<br>
	Custom fees are normally charged by the shipping company or collected when you pick the item up. These fees are not additional shipping charges.
	<br>
	<br>
	SHIPPING AND FREIGHT SHIPMENT 
	<br>
	<br>
	Please note that freight carrier will only do curb side delivery and will not bring the merchandise into your home or perform setup. 
	<br>
	<br>
	DAMAGED SHIPMENT -
	<br>
	<br>
	The Interior Gallery ships all products in the most robust possible packaging, and selects the most appropriate shipping carrier based on the items ordered. However, sometimes breakage may occur due to carrier mishandling while in transit to you. Should this happen, we will require at least two clear pictures of any damages to be e-mailed to our customer service team as evidence for any claim we may make against the freight carrier, and as a requirement to receive credit or replacement merchandise. This claim must be filed within 2 calendar days of receipt of the merchandise. The Interior Gallery reserves the right to replace damaged merchandise within 30 calendar days of notification by the customer. If a replacement item is available for shipping within that time period then a refund cannot be issued. If no replacement is available, the damaged item(s) will be refunded in full.
	<br>
	<br>
	DAMAGED SHIPMENT For Items Shipped Via Freight Truck:
	<br>
	<br>
	Upon delivery, please be sure and inspect all packages carefully before the driver leaves and prior to signing any delivery paperwork. The paperwork from the driver states the merchandise was received in good condition.
	<br>
	If you feel there might be damages of any kind, please note that on the driver's paperwork at the time of delivery and if possible refuse the shipment. Although every shipment is 100% insured, the delivery company will ONLY honor the claim if the damages are notated on the delivery receipt. 
	<br>
	<br>
	DAMAGED SHIPMENT for items shipped via ground services like UPS, DHL, FedEX, USPS:
	<br>
	<br>
	You have 2 days to report damages to us or the shipping company. If you receive damaged merchandise, please call us or email us so we may file a claim and proceed with the replacement procedure. 
	<br>
	<br>
	You must keep all packaging materials since the shipping company requires it for their damage report. You must provide at least 2 clear images of the damaged areas as a proof of damage.
	<br>
	<br>
	CANCELLATION AND RETURN 
	<br>
	<br>
	1. If an order is cancelled prior to shipment, payment will be fully refunded after accepting eBay cancellation agreement. Note that we consider your product to be "shipped" when it has been picked up from our warehouse by the freight carrier. After products are considered "shipped", cancellations are treated as returns as described below.
	<br>
	<br>
	2. All returns require a Return Merchandise Authorization (RMA) from our Customer Service Department. Please e-mail us to obtain an RMA. No returns will be accepted or any credit granted without an RMA. To provide any credit or replacement units we must first have a chance to receive and completely inspect your return.
	<br>
	<br>
	3. All claims for non-damaged returns must be made within 7 calendar days of receipt of merchandise, and only apply to merchandise in perfect (as-shipped) condition and in the original, undamaged packaging. Shipping charges on returns shall be the responsibility of the customer and all returned items must be returned in "new" or "like new" condition, in undamaged original manufacturer's packaging and crating materials when applicable and with all original product manuals and instructions. Items that have been partially or completely installed and/or assembled cannot be returned. After the product is received, inspected and verified to be in "like new" condition, a full refund will be provided on the product purchase price minus any original shipping charges and any return shipping charges. For products sold with "Free Shipping" or "Flat Rate Shipping" the actual freight cost to originally ship the product to and from your ship-to address will be deducted from your refund.
	<br>
	<br>
	Refusing a Freight Shipment &amp; Freight Carrier Fees
	<br>
	<br>
	If the shipment is damaged and unusable, it may be necessary to refuse part or all of the order. Conact our shipping department before refusing any shipment. The Interior Gallery will assist in filing a freight claim for damaged freight if the carrier is our normal in-house carrier. If the carrier was chosen by the consignee then it will be the responsibility of the consignee to file such a claim.
	<br>
	<br>
	Refusing a freight shipment for any reason other than visible damage is considered merchandise return and is subject to our return policy.
	<br>
	<br>
	Should a shipment arrive with damages caused by the carrier, the carrier will return the merchandise "Dead Head" at no cost to either party. Do not attempt to return any shipment back to The Interior Gallery without prior authorization from The Interior Gallery. Please review the The Interior Gallery Return Policy for additional information.
	<br>
	<br>
	Please note that any additional freight carrier's fees such as re-delivery, special notification, storage due to lack of response to appointment requests and lift-gate services are the responsibility of the customer (unless otherwise noted on your order). The Interior Gallery is only responsible for curbside delivery. The Interior Gallery will pay the basic delivery charges to the curb only. If other services, such as in-home delivery services are requested by the customer and billed to The Interior Gallery, all such fees shall then be re-billed to your credit card. If the freight carrier is unable to deliver the freight due to problems with contacting you or setting up delivery appointments, storage fees may be assessed by the carrier, in such case all storage fees are the responsibility of the customer and shall be billed to your credit card.
</p>
            </div>
        </div>
    </div>
<div class='clrfx mt-30'></div>
<div class='clrfx mt-30'></div>
</section>
</div><div class="row-fluid section"><section class='tabbed'>
    <input id='t-4-1' name='tabbed-tabs-4' type='radio' checked='checked'>
    <label for='t-4-1' class='tabs'>About Us</label>
    <div class='wrapper'>
        <div class='tab-4-1'>
             <div class='row'>
              <p>
	The Interior Gallery is a Design and Import Company bringing elegant, high-quality products at competitively low prices by offering unlimited design solutions with our wide array of furniture, bathroom vanities, and home décor.<br>
	<br>
	Our Bathroom Vanities and Furniture lines are designed by The Interior Gallery or exclusively sold to The Interior Gallery by the factory direct. This allows our customers the comfort in knowing that by being the direct point of contact from the manufacturing division, we can maintain low prices and most importantly preserve full control of our products.<br>
	<br>
	As a customer of The Interior Gallery you can rest assured that you will receive the latest trends in ultimate luxury bathroom vanities and furniture while maintaining the grace and high-class elements of the durable, dependable furniture enjoyed by our parents. <br>
	<br>
	Since The Interior Gallery is truly a factory direct company, we do not purchase from any sellers in between. All merchandise is delivered to our warehouses in Carrollton, Texas (just North of Dallas, Texas). All merchandise is then shipped from our warehouse directly to our customers only after each and every item has been opened, inspected, and repackaged with additional industrial strength packaging materials.<br>
	<br>
	The Interior Gallery provides solutions by influencing fashion trends and allowing its customers to create and redesign any bathroom, living room, dining room, bedroom, or office. The Interior Gallery offers incomparable prices, quality, and designs ranging from modern bathroom vanities, to contemporary lounge furniture, or even French country living room sets, to Victorian 24K gold plated furniture. With the variety of styles carried, there are endless design possibilities one can create when they view The Interior Gallery’s Passion for Elegance.
</p>
            </div>
        </div>
    </div>
<div class='clrfx mt-30'></div>
<div class='clrfx mt-30'></div>
</section>
</div><div class="row-fluid section"><div class="text_section text-container editable" id="text-ebHySiIta" style="display: block;"></div></div></div>
        </div>
    </div>

</div>
<div id="inkfrog_gallery"></div>
</body>


<div id="inkfrog_crosspromo_bottom"></div><div id="inkfrog_credit" style='margin-bottom:25px;width:100%;text-align:center;'><div class="inkfrog_promo" style="margin-top:40px !important; "><a href='https://signin.ebay.com/authorize?client_id=inkFrogI-eBayShop-PRD-45d7504c4-548de517&response_type=code&redirect_uri=inkFrog__Inc.-inkFrogI-eBaySh-vlfzfmcd&scope=https://api.ebay.com/oauth/api_scope https://api.ebay.com/oauth/api_scope/sell.marketing.readonly https://api.ebay.com/oauth/api_scope/sell.marketing https://api.ebay.com/oauth/api_scope/sell.inventory.readonly https://api.ebay.com/oauth/api_scope/sell.inventory https://api.ebay.com/oauth/api_scope/sell.account.readonly https://api.ebay.com/oauth/api_scope/sell.account https://api.ebay.com/oauth/api_scope/sell.fulfillment.readonly https://api.ebay.com/oauth/api_scope/sell.fulfillment https://api.ebay.com/oauth/api_scope/sell.analytics.readonly' style='border:0px;' target='_blank'>Listing and template services provided by inkFrog</a><br><br></div><a href='https://signin.ebay.com/authorize?client_id=inkFrogI-eBayShop-PRD-45d7504c4-548de517&response_type=code&redirect_uri=inkFrog__Inc.-inkFrogI-eBaySh-vlfzfmcd&scope=https://api.ebay.com/oauth/api_scope https://api.ebay.com/oauth/api_scope/sell.marketing.readonly https://api.ebay.com/oauth/api_scope/sell.marketing https://api.ebay.com/oauth/api_scope/sell.inventory.readonly https://api.ebay.com/oauth/api_scope/sell.inventory https://api.ebay.com/oauth/api_scope/sell.account.readonly https://api.ebay.com/oauth/api_scope/sell.account https://api.ebay.com/oauth/api_scope/sell.fulfillment.readonly https://api.ebay.com/oauth/api_scope/sell.fulfillment https://api.ebay.com/oauth/api_scope/sell.analytics.readonly' style='border:0px;' target='_blank'><img src='//open.inkfrog.com/assets/img/logos/logo_small.png' style='border:0px;' alt='inkFrog'></a></div>
<img src="https://hit.inkfrog.com/t/hit.gif">
</DOC>
<DOC>
<DOCID>1700370</DOCID>
<CATEGORY>Collectibles > Radio, Phonograph, TV, Phone > Radios > Parts & Tubes</CATEGORY>
<ORIGTITLE>35L6 Zenith Radio TUBE TV7 tested @ 36  min 30 - Guaranteed  L148</ORIGTITLE>
<font rwr='1' size='4' style='font-family:Arial'><font rwr="1" style="font-family:Arial" size="4"><font rwr="1" style="font-family:Arial" size="4"><font rwr="1" style="font-family:Arial" size="4"><meta name="viewport" content="width=device-width, initial-scale=1.0"><font rwr="1" style="font-family:Arial" size="4"><font rwr="1" style="font-family:Arial" size="4"><font rwr="1" style="font-family:Arial" size="4"><font rwr="1" style="font-family:Arial" size="4"><font rwr="1" style="font-family:Arial" size="4"><font rwr="1" style="font-family:Arial" size="4">This Zenith tube was tested on a TV-7 tube tester on which the minimum for 35L6 tubes is 30  and this tube tested 36. <br><br>Tube is guaranteed with 14 day return policy if not 100% satisfied. Ships USA or e-Bay global shipping center only. I will be happy to combine shipping on multiple tube purchases.<br></font></font></font></font></font></font></font></font></font></font>
</DOC>
<DOC>
<DOCID>1700372</DOCID>
<CATEGORY>Collectibles > Comics > Silver Age (1956-69) > Cartoon Character</CATEGORY>
<ORIGTITLE>LITTLE LULU #161 Dell Comics 1962 Marge's (also see TUBBY)</ORIGTITLE>
<font rwr='1' size='4' style='font-family:Arial'><font rwr="1" size="4" style="font-family:Arial"><font rwr="1" size="4" style="font-family:Arial"><font rwr="1" size="4" style="font-family:Arial"><font rwr="1" size="4" style="font-family:Arial"><font rwr="1" size="4" style="font-family:Arial"><font rwr="1" size="4" style="font-family:Arial"><font rwr="1" size="4" style="font-family:Arial"><font rwr="1" size="4" style="font-family:Arial"><font rwr="1" size="4" style="font-family:Arial"><font rwr="1" size="4" style="font-family:Arial"><font rwr="1" size="4" style="font-family:Arial"><font rwr="1" size="4" style="font-family:Arial"><font rwr="1" size="4" style="font-family:Arial"><font rwr="1" size="4" style="font-family:Arial"><font rwr="1" size="4" style="font-family:Arial"><font rwr="1" size="4" style="font-family:Arial"><font rwr="1" size="4" style="font-family:Arial"><font rwr="1" size="4" style="font-family:Arial"><font rwr="1" size="4" style="font-family:Arial"><font rwr="1" size="4" style="font-family:Arial"><font rwr="1" size="4" style="font-family:Arial"><font rwr="1"><font rwr="1"><font rwr="1"><font rwr="1"><font rwr="1"><font rwr="1"><font rwr="1"><font rwr="1"><font rwr="1"><font rwr="1"><font rwr="1"><font rwr="1"><font rwr="1"><font rwr="1"><font rwr="1"><font rwr="1"><font rwr="1"><font rwr="1"><font rwr="1"><font rwr="1"><font rwr="1"><font rwr="1"><font rwr="1"><font rwr="1"><font rwr="1"><font rwr="1"><font rwr="1"><font rwr="1"><font rwr="1"><font rwr="1"><font rwr="1"><font rwr="1"><font rwr="1"><font rwr="1"><font rwr="1"><font rwr="1"><font rwr="1"><font rwr="1"><font rwr="1"><font rwr="1"><font rwr="1"><font rwr="1"><font rwr="1"><font rwr="1"><font rwr="1"><font rwr="1"><font rwr="1"><font rwr="1"><font rwr="1"><font rwr="1"><font rwr="1"><font rwr="1"><font rwr="1"><font rwr="1"><font rwr="1"><font rwr="1"><font rwr="1"><font rwr="1"><font rwr="1"><font rwr="1"><font rwr="1"><font rwr="1"><font rwr="1"><font rwr="1"><font rwr="1"><font rwr="1"><font rwr="1"><font rwr="1"><font rwr="1"><font rwr="1"><font rwr="1"><font rwr="1"><font rwr="1"><font rwr="1"><font rwr="1"><font rwr="1"><font rwr="1"><font rwr="1"><font rwr="1"><font rwr="1"><font rwr="1"><font rwr="1"><font rwr="1"><font rwr="1"><font rwr="1"><font rwr="1"><font rwr="1"><font rwr="1"><font rwr="1"><font rwr="1"><font rwr="1"><font rwr="1"><font rwr="1"><font rwr="1"><font rwr="1"><font rwr="1"><font rwr="1"><font rwr="1"><font rwr="1"><font rwr="1"><font rwr="1"><font rwr="1"><font rwr="1"><font rwr="1"><font rwr="1"><font rwr="1"><font rwr="1"><font rwr="1"><font rwr="1"><font rwr="1"><font rwr="1"><font rwr="1"><font rwr="1"><font rwr="1"><font rwr="1"><font rwr="1"><font rwr="1"><font rwr="1"><font rwr="1"><font rwr="1"><font rwr="1"><font rwr="1"><font rwr="1"><font rwr="1"><font rwr="1"><font rwr="1"><font rwr="1"><font rwr="1"><font rwr="1"><font rwr="1"><font rwr="1"><font rwr="1"><font rwr="1"><font rwr="1"><font rwr="1"><font rwr="1"><font rwr="1"><font rwr="1"><font rwr="1"><font rwr="1"><font rwr="1"><font rwr="1"><font rwr="1"><font rwr="1"><font rwr="1"><font rwr="1"><font rwr="1"><font rwr="1"><font rwr="1"><font rwr="1"><font rwr="1"><font rwr="1"><font rwr="1"><font rwr="1"><font rwr="1"><font rwr="1"><font rwr="1"><font rwr="1"><font rwr="1"><font rwr="1"><font rwr="1"><font rwr="1"><font rwr="1"><font rwr="1"><font rwr="1"><font rwr="1"><font rwr="1"><font rwr="1"><font rwr="1"><font rwr="1"><font rwr="1"><font rwr="1"><font rwr="1"><font rwr="1"><font rwr="1"><font rwr="1"><font rwr="1"><font rwr="1"><font rwr="1"><font rwr="1"><font rwr="1"><font rwr="1"><font rwr="1"><font rwr="1"><font rwr="1"><font rwr="1"><font rwr="1"><font rwr="1"><font rwr="1"><font rwr="1"><font rwr="1"><font rwr="1"><font rwr="1"><font rwr="1"><font rwr="1"><font rwr="1"><font rwr="1"><font rwr="1"><font rwr="1"><font rwr="1"><font rwr="1"><font rwr="1"><font rwr="1"><font rwr="1"><font rwr="1"><font rwr="1"><font rwr="1"><font rwr="1"><font rwr="1"><font rwr="1"><font rwr="1"><font rwr="1"><font rwr="1"><font rwr="1"><font rwr="1"><font rwr="1"><font rwr="1"><font rwr="1"><font rwr="1"><font rwr="1"><font rwr="1"><font rwr="1"><font rwr="1"><font rwr="1"><font rwr="1"><font rwr="1"><font rwr="1"><font rwr="1"><font rwr="1"><font rwr="1"><font rwr="1"><font rwr="1"><font rwr="1"><font rwr="1"><font rwr="1"><font rwr="1"><font rwr="1"><font rwr="1"><font rwr="1"><font rwr="1"><font rwr="1"><font rwr="1"><font rwr="1"><font rwr="1"><font rwr="1"><font rwr="1"><font rwr="1"><font rwr="1"><font rwr="1"><font rwr="1"><font rwr="1"><font rwr="1"><font rwr="1"><font rwr="1"><font rwr="1"><font rwr="1"><font rwr="1"><font rwr="1"><font rwr="1"><font rwr="1"><font rwr="1"><font rwr="1"><font rwr="1"><font rwr="1"><font rwr="1"><font rwr="1"><font rwr="1"><font rwr="1"><font rwr="1"><font rwr="1"><font rwr="1"><font rwr="1"><font rwr="1"><font rwr="1"><font rwr="1"><font rwr="1"><font rwr="1"><font rwr="1"><font rwr="1"><font rwr="1"><font rwr="1"><font rwr="1"><font rwr="1"><font rwr="1"><font rwr="1"><font rwr="1"><font rwr="1"><font rwr="1"><font rwr="1"><font rwr="1"><font rwr="1"><font rwr="1"><font rwr="1"><font rwr="1"><font rwr="1"><font rwr="1"><font rwr="1"><font rwr="1"><font rwr="1"><font rwr="1"><font rwr="1"><font rwr="1"><font rwr="1"><font rwr="1"><font rwr="1"><font rwr="1"><font rwr="1"><font rwr="1"><font rwr="1"><font rwr="1"><font rwr="1"><font rwr="1"><font rwr="1"><font rwr="1"><font rwr="1"><font rwr="1"><font rwr="1"><font rwr="1"><font rwr="1"><font rwr="1"><font rwr="1"><font rwr="1"><font rwr="1"><font rwr="1"><font rwr="1"><font rwr="1"><font rwr="1"><font rwr="1"><font rwr="1"><font rwr="1"><font rwr="1"><font rwr="1"><font rwr="1"><font rwr="1"><font rwr="1"><font rwr="1"><font rwr="1"><font rwr="1"><font rwr="1"><font rwr="1"><font rwr="1"><font rwr="1"><font rwr="1"><font rwr="1"><font rwr="1"><font rwr="1"><font rwr="1"><font rwr="1"><font rwr="1"><font rwr="1"><font rwr="1"><font rwr="1"><font rwr="1"><font rwr="1"><font rwr="1"><font rwr="1"><font rwr="1"><font rwr="1"><font rwr="1"><font rwr="1"><font rwr="1"><font rwr="1"><font rwr="1"><font rwr="1"><font rwr="1"><font rwr="1"><font rwr="1"><font rwr="1"><font rwr="1"><font rwr="1"><font rwr="1"><font rwr="1"><font rwr="1"><font rwr="1"><font rwr="1"><font rwr="1"><font rwr="1"><font rwr="1"><font rwr="1"><font rwr="1"><font rwr="1"><font rwr="1"><font rwr="1"><font rwr="1"><font rwr="1"><font rwr="1"><font rwr="1"><font rwr="1"><font rwr="1"><font rwr="1"><font rwr="1"><font rwr="1"><font rwr="1"><font rwr="1"><font rwr="1"><font rwr="1"><font rwr="1"><font rwr="1"><font rwr="1"><font rwr="1"><font rwr="1"><font rwr="1"><font rwr="1"><font rwr="1"><font rwr="1"><font rwr="1"><font rwr="1"><font rwr="1"><font rwr="1"><font rwr="1"><font rwr="1"><font rwr="1"><font rwr="1"><font rwr="1"><font rwr="1"><font rwr="1"><font rwr="1"><font rwr="1"><font rwr="1"><font rwr="1"><font rwr="1"><font rwr="1"><font rwr="1"><font rwr="1"><font rwr="1"><font rwr="1"><font rwr="1"><font rwr="1"><font rwr="1"><font rwr="1"><font rwr="1"><font rwr="1"><font rwr="1"><font rwr="1"><font rwr="1"><font rwr="1"><font rwr="1"><font rwr="1"><font rwr="1"><font rwr="1"><font rwr="1"><font rwr="1"><font rwr="1"><font rwr="1"><font rwr="1"><font rwr="1"><font rwr="1"><font rwr="1"><font rwr="1"><font rwr="1"><font rwr="1"><font rwr="1"><font rwr="1"><font rwr="1"><font rwr="1"><font rwr="1"><font rwr="1"><font rwr="1"><font rwr="1"><font rwr="1"><font rwr="1"><font rwr="1"><font rwr="1"><font rwr="1"><font rwr="1"><font rwr="1"><font rwr="1"><font rwr="1"><font rwr="1"><font rwr="1"><font rwr="1"><font rwr="1"><font rwr="1"><font rwr="1"><font rwr="1"><font rwr="1"><font rwr="1"><font rwr="1"><font rwr="1"><font rwr="1"><font rwr="1"><font rwr="1"><font rwr="1"><font rwr="1"><font rwr="1"><font rwr="1"><font rwr="1"><font rwr="1"><span style="font-family: Arial; font-size: 14pt;"><font size="4" style="font-family:Arial" rwr="1"></font></span><div style="font-family: Arial; font-size: 14pt;"><strong style="font-family: Verdana; font-size: medium;"><font size="2"></font><font size="4"></font><font size="5"></font><br></strong></div><div><font face="Verdana" size="5"><b>LITTLE LULU #161 - Dell Comics, 1962 - Marge's</b></font><strong style="font-family: Verdana; font-size: medium;"><font size="2"></font><font size="4"></font><font size="5">.&nbsp; See many more GOLDEN, SILVER and BRONZE AGE COMICS at our ebay store.&nbsp;</font></strong></div><strong style="font-family: Verdana; font-size: medium;"><font size="2"></font></strong><h1 class="vi-is1-titleH1" style="font-family: Verdana; font-size: 14pt;"><strong><font size="2"></font></strong></h1><div style="font-family: Arial; font-size: 14pt;"><strong style="font-family: Verdana;"><font size="4">Condition is VERY GOOD. &nbsp;Complete, no cutouts, no loose pages, tight staples, no restoration. You will receive the actual comic book pictured. Original edition.</font></strong></div><font size="4" style="font-family: Arial; font-size: 14pt;" rwr="1"><font size="4" style="font-family:Arial" rwr="1"><font size="4" rwr="1"></font><font size="4" rwr="1"></font><font size="4" rwr="1"></font><font size="4" rwr="1"></font><font size="4" rwr="1"></font><font size="4" rwr="1"></font><font size="4" rwr="1"></font><font size="4" rwr="1"></font><font size="4" rwr="1"></font><font size="4" rwr="1"></font><font size="4" rwr="1"></font><font size="4" rwr="1"></font><font size="4" rwr="1"></font><font size="4" rwr="1"></font><font size="4" rwr="1"></font><font size="4" rwr="1"></font><font size="4" rwr="1"></font><font size="4" rwr="1"></font><font size="4" rwr="1"></font><font size="4" rwr="1"></font><font size="4" rwr="1"></font><font size="4" rwr="1"></font><font size="4" rwr="1"></font><font size="4" rwr="1"></font><font size="4" rwr="1"></font><font size="4" rwr="1"></font><font size="4" rwr="1"></font><font size="4" rwr="1"></font><font size="4" rwr="1"></font><font size="4" rwr="1"></font><font size="4" rwr="1"></font><font size="4" rwr="1"></font><font size="4" rwr="1"></font><font size="4" rwr="1"></font><font size="4" rwr="1"></font><font size="4" rwr="1"></font><font size="4" rwr="1"></font><font size="4" rwr="1"></font><font size="4" rwr="1"></font><font size="4" rwr="1"></font><font size="4" rwr="1"></font><font size="4" rwr="1"></font><font size="4" rwr="1"></font><font size="4" rwr="1"></font><font size="4" rwr="1"></font><font size="4" rwr="1"></font><font size="4" rwr="1"></font><font size="4" rwr="1"></font><font size="4" rwr="1"></font><font size="4" rwr="1"></font><font size="4" rwr="1"></font><font size="4" rwr="1"></font><font size="4" rwr="1"></font><font size="4" rwr="1"></font><font size="4" rwr="1"></font><font size="4" rwr="1"></font><font size="4" rwr="1"></font><font size="4" rwr="1"></font><font size="4" rwr="1"></font><font size="4" rwr="1"></font><font size="4" rwr="1"></font><font size="4" rwr="1"></font><font size="4" rwr="1"></font><font size="4" rwr="1"></font><font size="4" rwr="1"></font><font size="4" rwr="1"></font><font size="4" rwr="1"></font><font size="4" rwr="1"></font><font size="4" rwr="1"></font><font size="4" rwr="1"></font><font size="4" rwr="1"></font><font size="4" rwr="1"></font><font size="4" rwr="1"></font><font size="4" rwr="1"></font><font size="4" rwr="1"></font><font size="4" rwr="1"></font><font size="4" rwr="1"></font><font size="4" rwr="1"></font><font size="4" rwr="1"></font><font size="4" rwr="1"></font><font size="4" rwr="1"></font><font size="4" rwr="1"></font><font size="4" rwr="1"></font><font size="4" rwr="1"></font><font size="4" rwr="1"></font><font size="4" rwr="1"></font><font size="4" rwr="1"></font><font size="4" rwr="1"></font><font size="4" rwr="1"></font><font size="4" rwr="1"></font><font size="4" rwr="1"></font><font size="4" rwr="1"></font><font size="4" rwr="1"></font><font size="4" rwr="1"></font><font size="4" rwr="1"></font><font size="4" rwr="1"></font><font size="4" rwr="1"></font><font size="4" rwr="1"></font><font size="4" rwr="1"></font><font size="4" rwr="1"></font><font size="4" rwr="1"></font><font size="4" rwr="1"></font><font size="4" rwr="1"></font><font size="4" rwr="1"></font><font size="4" rwr="1"></font><font size="4" rwr="1"></font><font size="4" rwr="1"></font><font size="4" rwr="1"></font><font size="4" rwr="1"></font><font size="4" rwr="1"></font><font size="4" rwr="1"></font><font size="4" rwr="1"></font><font size="4" rwr="1"></font><font size="4" rwr="1"></font><font size="4" rwr="1"></font><font size="4" rwr="1"></font><font size="4" rwr="1"></font><font size="4" rwr="1"></font><font size="4" rwr="1"></font><font size="4" rwr="1"></font><font size="4" rwr="1"></font><font size="4" rwr="1"></font><font size="4" rwr="1"></font><font size="4" rwr="1"></font><font size="4" rwr="1"></font><font size="4" rwr="1"></font><font size="4" rwr="1"></font><font size="4" rwr="1"></font><font size="4" rwr="1"></font><font size="4" rwr="1"></font><font size="4" rwr="1"></font><font size="4" rwr="1"></font><font size="4" rwr="1"></font><font size="4" rwr="1"></font><font size="4" rwr="1"></font><font size="4" rwr="1"></font><font size="4" rwr="1"></font><font size="4" rwr="1"></font><font size="4" rwr="1"></font><font size="4" rwr="1"></font><font size="4" rwr="1"></font><font size="4" rwr="1"></font><font size="4" rwr="1"></font><font size="4" rwr="1"></font><font size="4" rwr="1"></font><font size="4" rwr="1"></font><font size="4" rwr="1"></font><font size="4" rwr="1"></font><font size="4" rwr="1"></font><font size="4" rwr="1"></font><font size="4" rwr="1"></font><font size="4" rwr="1"></font><font size="4" rwr="1"></font><font size="4" rwr="1"></font><font size="4" rwr="1"></font><font size="4" rwr="1"></font><font size="4" rwr="1"></font><font size="4" rwr="1"></font><font size="4" rwr="1"></font><font size="4" rwr="1"></font><font size="4" rwr="1"></font><font size="4" rwr="1"></font><font size="4" rwr="1"></font><font size="4" rwr="1"></font><font size="4" rwr="1"></font><font size="4" rwr="1"></font><font size="4" rwr="1"></font><font size="4" rwr="1"></font><font size="4" rwr="1"></font><font size="4" rwr="1"></font><font size="4" rwr="1"></font><font size="4" rwr="1"></font><font size="4" rwr="1"></font><font size="4" rwr="1"></font><font size="4" rwr="1"></font><font size="4" rwr="1"></font><font size="4" rwr="1"></font><font size="4" rwr="1"></font><font size="4" rwr="1"></font><font size="4" rwr="1"></font><font size="4" rwr="1"></font><font size="4" rwr="1"></font><font size="4" rwr="1"></font><font size="4" rwr="1"></font><font size="4" rwr="1"></font><font size="4" rwr="1"></font><font size="4" rwr="1"></font><font size="4" rwr="1"></font><font size="4" rwr="1"></font><font size="4" rwr="1"></font><font size="4" rwr="1"></font><font size="4" rwr="1"></font><font size="4" rwr="1"></font><font size="4" rwr="1"></font><font size="4" rwr="1"></font><font size="4" rwr="1"></font><font size="4" rwr="1"></font><font size="4" rwr="1"></font><font size="4" rwr="1"></font><font size="4" rwr="1"></font><font size="4" rwr="1"></font><font size="4" rwr="1"></font><font size="4" rwr="1"></font><font size="4" rwr="1"></font><font size="4" rwr="1"></font><font size="4" rwr="1"></font><font size="4" rwr="1"></font><font size="4" rwr="1"></font><font size="4" rwr="1"></font><font size="4" rwr="1"></font><font size="4" rwr="1"></font><font size="4" rwr="1"></font><font size="4" rwr="1"></font><font size="4" rwr="1"></font><font size="4" rwr="1"></font><font size="4" rwr="1"></font><font size="4" rwr="1"></font><font size="4" rwr="1"></font><font size="4" rwr="1"></font><font size="4" rwr="1"></font><font size="4" rwr="1"></font><font size="4" rwr="1"></font><font size="4" rwr="1"></font><font size="4" rwr="1"></font><font size="4" rwr="1"></font><font size="4" rwr="1"></font><font size="4" rwr="1"></font><font size="4" rwr="1"></font><font size="4" rwr="1"></font><font size="4" rwr="1"></font><font size="4" rwr="1"></font><font size="4" rwr="1"></font><font size="4" rwr="1"></font><font size="4" rwr="1"></font><font size="4" rwr="1"></font><font size="4" rwr="1"></font><font size="4" rwr="1"></font><font size="4" rwr="1"></font><font size="4" rwr="1"></font><font size="4" rwr="1"></font><font size="4" rwr="1"></font><font size="4" rwr="1"></font><font size="4" rwr="1"></font><font size="4" rwr="1"></font><font size="4" rwr="1"></font><font size="4" rwr="1"></font><font size="4" rwr="1"></font><font size="4" rwr="1"></font><font size="4" rwr="1"></font><font size="4" rwr="1"></font><font size="4" rwr="1"></font><font size="4" rwr="1"></font><font size="4" rwr="1"></font><font size="4" rwr="1"></font><font size="4" rwr="1"></font><font size="4" rwr="1"></font><font size="4" rwr="1"></font><font size="4" rwr="1"></font><font size="4" rwr="1"></font><font size="4" rwr="1"></font><font size="4" rwr="1"></font><font size="4" rwr="1"></font><font size="4" rwr="1"></font><font size="4" rwr="1"></font><font size="4" rwr="1"></font><font size="4" rwr="1"></font><font size="4" rwr="1"></font><font size="4" rwr="1"></font><font size="4" rwr="1"></font><font size="4" rwr="1"></font><font size="4" rwr="1"></font><font size="4" rwr="1"></font><font size="4" rwr="1"></font><font size="4" rwr="1"></font><font size="4" rwr="1"></font><font size="4" rwr="1"></font><font size="4" rwr="1"></font><font size="4" rwr="1"></font><font size="4" rwr="1"></font><font size="4" rwr="1"></font><font size="4" rwr="1"></font><font size="4" rwr="1"></font><font size="4" rwr="1"></font><font size="4" rwr="1"></font><font size="4" rwr="1"></font><font size="4" rwr="1"></font><font size="4" rwr="1"></font><font size="4" rwr="1"></font><font size="4" rwr="1"></font><font size="4" rwr="1"></font><font size="4" rwr="1"></font><font size="4" rwr="1"></font><font size="4" rwr="1"></font><font size="4" rwr="1"></font><font size="4" rwr="1"></font><font size="4" rwr="1"></font><font size="4" rwr="1"></font><font size="4" rwr="1"></font><font size="4" rwr="1"></font><font size="4" rwr="1"></font><font size="4" rwr="1"></font><font size="4" rwr="1"></font><font size="4" rwr="1"></font><font size="4" rwr="1"></font><font size="4" rwr="1"></font><font size="4" rwr="1"></font><font size="4" rwr="1"></font><font size="4" rwr="1"></font><font size="4" rwr="1"></font><font size="4" rwr="1"></font><font size="4" rwr="1"></font><font size="4" rwr="1"></font><font size="4" rwr="1"></font><font size="4" rwr="1"></font><font size="4" rwr="1"></font><font size="4" rwr="1"></font><font size="4" rwr="1"></font><font size="4" rwr="1"></font><font size="4" rwr="1"></font><font size="4" rwr="1"></font><font size="4" rwr="1"></font><font size="4" rwr="1"></font><font size="4" rwr="1"></font><font size="4" rwr="1"></font><font size="4" rwr="1"></font><font size="4" rwr="1"></font><font size="4" rwr="1"></font><font size="4" rwr="1"></font><font size="4" rwr="1"></font><font size="4" rwr="1"></font><font size="4" rwr="1"></font><font size="4" rwr="1"></font><font size="4" rwr="1"></font><font size="4" rwr="1"></font><font size="4" rwr="1"></font><font size="4" rwr="1"></font><font size="4" rwr="1"></font><font size="4" rwr="1"></font><font size="4" rwr="1"></font><font size="4" rwr="1"></font><font size="4" rwr="1"></font><font size="4" rwr="1"></font><font size="4" rwr="1"></font><font size="4" rwr="1"></font><font size="4" rwr="1"></font><font size="4" rwr="1"></font><font size="4" rwr="1"></font><font size="4" rwr="1"></font><font size="4" rwr="1"></font><font size="4" rwr="1"></font><font size="4" rwr="1"></font><font size="4" rwr="1"></font><font size="4" rwr="1"></font><font size="4" rwr="1"></font><font size="4" rwr="1"></font><font size="4" rwr="1"></font><font size="4" rwr="1"></font><font size="4" rwr="1"></font><font size="4" rwr="1"></font><font size="4" rwr="1"></font><font size="4" rwr="1"></font><font size="4" rwr="1"></font><font size="4" rwr="1"></font><font size="4" rwr="1"></font><font size="4" rwr="1"></font><font size="4" rwr="1"></font><font size="4" rwr="1"></font><p style="font-family: Arial; font-size: 14pt;">Professional COMIC BOOK grading since 1967. &nbsp;I think you'll be very pleased. &nbsp;We're one of the toughest graders on the internet. Complete satisfaction GUARANTEED or your money refunded. </p><p style="font-family: Verdana; font-size: 14pt;">To purchase multiple items and save BIG on postage click the ADD TO CART button and checkout with Ebay's shopping cart.</p><p style="font-family: Verdana; font-size: 14pt;"></p><span style="font-family: Arial; font-size: 18.6667px;">We believe STRICT/ACCURATE grading and SECURE AND SPEEDY DELIVERY are the most important parts of an eBay transaction. &nbsp;We THANK YOU for shopping with us - Ed (see our feedback - we do aim to please)</span><br><p style="font-family: Verdana; font-size: 14pt;"></p><br><p style="font-family: Verdana; font-size: 14pt;">&nbsp;&nbsp;&nbsp;&nbsp;&nbsp;&nbsp;&nbsp;&nbsp;&nbsp;&nbsp;&nbsp;&nbsp;&nbsp;&nbsp;&nbsp;&nbsp;&nbsp;&nbsp;&nbsp;&nbsp;&nbsp;&nbsp;&nbsp;&nbsp;&nbsp;&nbsp;&nbsp;&nbsp;&nbsp;&nbsp;&nbsp;&nbsp;&nbsp;&nbsp;&nbsp;&nbsp;&nbsp;&nbsp;&nbsp;&nbsp;&nbsp;&nbsp;&nbsp;&nbsp;&nbsp;&nbsp;&nbsp;&nbsp;&nbsp;&nbsp;&nbsp;&nbsp;&nbsp;&nbsp;&nbsp;&nbsp;&nbsp;&nbsp;&nbsp;&nbsp;&nbsp;&nbsp;&nbsp;&nbsp;&nbsp;&nbsp;&nbsp;&nbsp;&nbsp;&nbsp;&nbsp;&nbsp;&nbsp;&nbsp; </p><p style="font-family: Verdana; font-size: 14pt;">&nbsp;</p><p style="font-family: Verdana; font-size: 14pt;">&nbsp;</p><span style="font-family: Arial; font-size: 14pt; font-size: 14pt;"></span><span style="font-family: Arial; font-size: 14pt; font-size: 14pt;"></span><span style="font-family: Arial; font-size: 14pt; font-size: 14pt;"></span><span style="font-family: Arial; font-size: 14pt; font-size: 14pt;"></span><span style="font-family: Arial; font-size: 14pt; font-size: 14pt;"></span><span style="font-family: Arial; font-size: 14pt;"></span><font face="Arial"></font><font face="Arial"></font><font face="Arial"></font><font face="Arial"></font><font face="Arial"></font><font face="Arial"></font><font face="Arial"></font><span style="font-size: 14pt;"></span><strong></strong><em></em><u></u><span style="font-size: 14pt; font-size: 14pt;"></span><span style="font-size: 14pt; font-size: 14pt;"></span><span style="font-size: 14pt; font-size: 14pt;"></span><span style="font-size: 14pt; font-size: 14pt;"></span><span style="font-size: 14pt; font-size: 14pt;"></span><span style="font-size: 14pt; font-size: 14pt;"></span><span style="font-size: 14pt;"></span><font face="Arial" size="4"></font><p style="font-family: Verdana; font-size: 14pt;">&nbsp;</p><span style="font-family: Arial; font-size: 14pt; font-size: 14pt;"></span><span style="font-family: Arial; font-size: 14pt; font-size: 14pt;"></span><span style="font-family: Arial; font-size: 14pt; font-size: 14pt;"></span><span style="font-family: Arial; font-size: 14pt; font-size: 14pt;"></span><span style="font-family: Arial; font-size: 14pt; font-size: 14pt;"></span><span style="font-family: Arial; font-size: 14pt;"></span><font face="Arial"></font><font face="Arial"></font><font face="Arial"></font><font face="Arial"></font><font face="Arial"></font><font face="Arial"></font><font face="Arial"></font><span style="font-size: 14pt;"></span><em></em><u></u><span style="font-size: 14pt; font-size: 14pt;"></span><span style="font-size: 14pt; font-size: 14pt;"></span><span style="font-size: 14pt; font-size: 14pt;"></span><span style="font-size: 14pt; font-size: 14pt;"></span><span style="font-size: 14pt; font-size: 14pt;"></span><span style="font-size: 14pt; font-size: 14pt;"></span><span style="font-size: 14pt;"></span><font face="Arial" size="4"></font></font></font></font></font></font></font></font></font></font></font></font></font></font></font></font></font></font></font></font></font></font></font></font></font></font></font></font></font></font></font></font></font></font></font></font></font></font></font></font></font></font></font></font></font></font></font></font></font></font></font></font></font></font></font></font></font></font></font></font></font></font></font></font></font></font></font></font></font></font></font></font></font></font></font></font></font></font></font></font></font></font></font></font></font></font></font></font></font></font></font></font></font></font></font></font></font></font></font></font></font></font></font></font></font></font></font></font></font></font></font></font></font></font></font></font></font></font></font></font></font></font></font></font></font></font></font></font></font></font></font></font></font></font></font></font></font></font></font></font></font></font></font></font></font></font></font></font></font></font></font></font></font></font></font></font></font></font></font></font></font></font></font></font></font></font></font></font></font></font></font></font></font></font></font></font></font></font></font></font></font></font></font></font></font></font></font></font></font></font></font></font></font></font></font></font></font></font></font></font></font></font></font></font></font></font></font></font></font></font></font></font></font></font></font></font></font></font></font></font></font></font></font></font></font></font></font></font></font></font></font></font></font></font></font></font></font></font></font></font></font></font></font></font></font></font></font></font></font></font></font></font></font></font></font></font></font></font></font></font></font></font></font></font></font></font></font></font></font></font></font></font></font></font></font></font></font></font></font></font></font></font></font></font></font></font></font></font></font></font></font></font></font></font></font></font></font></font></font></font></font></font></font></font></font></font></font></font></font></font></font></font></font></font></font></font></font></font></font></font></font></font></font></font></font></font></font></font></font></font></font></font></font></font></font></font></font></font></font></font></font></font></font></font></font></font></font></font></font></font></font></font></font></font></font></font></font></font></font></font></font></font></font></font></font></font></font></font></font></font></font></font></font></font></font></font></font></font></font></font></font></font></font></font></font></font></font></font></font></font></font></font></font></font></font></font></font></font></font></font></font></font></font></font></font></font></font></font></font></font></font></font></font></font></font></font></font></font></font></font></font></font></font></font></font></font></font></font></font></font></font></font></font></font></font></font></font></font></font></font></font></font></font></font></font></font></font></font></font></font></font></font></font></font></font></font></font></font></font></font></font></font></font></font></font></font></font></font></font></font></font></font></font></font></font></font></font></font></font></font></font></font></font></font></font></font></font></font></font></font></font></font></font></font></font></font></font></font></font></font></font></font></font></font></font></font></font></font></font></font></font></font></font>
</DOC>
<DOC>
<DOCID>1700381</DOCID>
<CATEGORY>Collectibles > Cultures & Ethnicities > Asian > 1900-Now > Chinese > Figures & Statues</CATEGORY>
<ORIGTITLE>8.27" Tibetan Buddhism Brass gold hand engraving Padmasambhava Buddha Statue</ORIGTITLE>
<link href="https://s.pushauction.com/tl/597e0c1a5c674e4a8267028d3bb78522/190225122018.css" rel="stylesheet" />
<link href="https://s.pushauction.com/pm/be8545fc6fd0402fa182a6355caf3348/29e0558b6c734d2ba86b79cc7ca91063/190225122018.css" rel="stylesheet" />
<meta name="viewport" content="target-densitydpi=device-dpi, width=device-width, initial-scale=1.0, minimum-scale=1.0, maximum-scale=1.0, user-scalable=yes">
<div id="pa_t_cp"><div class='cp_h'><span></span></div><ul class='pacp'><li id="t113236417015"><a href="https://www.ebay.com/itm/113236417015" target="_blank"><p1></p1><p2></p2><p3><p31></p31><p32></p32></p3><p4></p4><p5></p5><p6><span></span><l></l><r></r></p6></a></li><li id="t112933912135"><a href="https://www.ebay.com/itm/112933912135" target="_blank"><p1></p1><p2></p2><p3><p31></p31><p32></p32></p3><p4></p4><p5></p5><p6><span></span><l></l><r></r></p6></a></li><li id="t112844134062"><a href="https://www.ebay.com/itm/112844134062" target="_blank"><p1></p1><p2></p2><p3><p31></p31><p32></p32></p3><p4></p4><p5></p5><p6><span></span><l></l><r></r></p6></a></li><li id="t113312373629"><a href="https://www.ebay.com/itm/113312373629" target="_blank"><p1></p1><p2></p2><p3><p31></p31><p32></p32></p3><p4></p4><p5></p5><p6><span></span><l></l><r></r></p6></a></li><li id="t113167768192"><a href="https://www.ebay.com/itm/113167768192" target="_blank"><p1></p1><p2></p2><p3><p31></p31><p32></p32></p3><p4></p4><p5></p5><p6><span></span><l></l><r></r></p6></a></li><li id="t112976985697"><a href="https://www.ebay.com/itm/112976985697" target="_blank"><p1></p1><p2></p2><p3><p31></p31><p32></p32></p3><p4></p4><p5></p5><p6><span></span><l></l><r></r></p6></a></li></ul></div>
<div id="patemplate" class="pc_template">
    <div class="pastore_top_background patemplate_box_content">
        <div class="patemplate_bgin pastore_bottom_background">
            <div class="patemplate_center">
                <div class="patemplate_header">
                    <div id="header">
                        <div class="patemplate_headertop pastore_header_background">
                            <div class="patemplate_header_logo" id="patemplate_header_logo">
                                
                            </div>
                            <div class="patemplate_head_right" id="patemplate_header_right"></div>
                        </div>
                        <div class="patemplate_header_nav" id="patemplate_header_nav">
                            
                        </div>
                    </div>
                </div>
                <div class="patemplate_content">
                    <div class="patemplate_contentin">
                        <div class='patemplate_slider'><div class="csslider1 autoplay"><input name="cs_anchor1" id="cs_slide1_0" type="radio" class="cs_anchor slide"><input name="cs_anchor1" id="cs_slide1_1" type="radio" class="cs_anchor slide"><input name="cs_anchor1" id="cs_slide1_2" type="radio" class="cs_anchor slide">
                                <input name="cs_anchor1" id="cs_play1" type="radio" class="cs_anchor" checked>
                                <input name="cs_anchor1" id="cs_pause1" type ="radio" class="cs_anchor"><input name="cs_anchor1" id="cs_pause1_0" type="radio" class="cs_anchor pause"><input name="cs_anchor1" id="cs_pause1_1" type="radio" class="cs_anchor pause"><input name="cs_anchor1" id="cs_pause1_2" type="radio" class="cs_anchor pause">
                                <ul><div style="width:100%;visibility:hidden;font-size:0px;line-height:0;" class="cs_skeleton"><img src="https://timage.pushauction.com/v3/DefaultTemplate\A16530/mid_banner1.png" style="width: 100%;"></div><li class="num0  img slide"><img src="https://timage.pushauction.com/v3/DefaultTemplate\A16530/mid_banner1.png" alt="" title=""/></li><li class="num1  img slide"><img src="https://timage.pushauction.com/v3/DefaultTemplate\A16530/mid_banner2.png" alt="" title=""/></li><li class="num2  img slide"><img src="https://timage.pushauction.com/v3/DefaultTemplate\A16530/mid_banner3.png" alt="" title=""/></li></ul><div class='cs_play_pause'><label class='cs_play' for='cs_play1'><span><i></i><b></b></span></label><label class='cs_pause num0' for='cs_pause1_0'><span><i></i><b></b></span></label><label class='cs_pause num1' for='cs_pause1_1'><span><i></i><b></b></span></label><label class='cs_pause num2' for='cs_pause1_2'><span><i></i><b></b></span></label></div><div class="cs_arrowprev"><label class="num0" for="cs_slide1_0"><span><i></i><b></b></span></label><label class="num1" for="cs_slide1_1"><span><i></i><b></b></span></label><label class="num2" for="cs_slide1_2"><span><i></i><b></b></span></label></div><div class="cs_arrownext"><label class="num0" for="cs_slide1_0"><span><i></i><b></b></span></label><label class="num1" for="cs_slide1_1"><span><i></i><b></b></span></label><label class="num2" for="cs_slide1_2"><span><i></i><b></b></span></label></div><div class="cs_bullets"><label class="num0" for="cs_slide1_0"><span class="cs_point"></span></label><label class="num1" for="cs_slide1_1"><span class="cs_point"></span></label><label class="num2" for="cs_slide1_2"><span class="cs_point"></span></label></div>
                             </div></div>
                        <div class="patemplate_content_left">

                            <div class="patemplatebox" id="patemplate_store_category">
                                <div class="patemplatebox_h">
                                    <h2 class="patemplatebox_title">Store category</h2><span></span>
                                </div>
                                <div class="patemplatebox_body">
                                    <div class="patemplatebox_bodynone">
                                        <div class="patemplate_category" id="patemplate_template_category">
                                            
                                        </div>
                                    </div>
                                </div>
                            </div>
                            <div class="storenewsletter">
                                <p class="storenewsletter_txt"></p>
                                <a target="_blank" href="https://my.ebay.com/ws/eBayISAPI.dll?AcceptSavedSeller&amp;linkname=includenewsletter&amp;sellerid=shaolintemple2016" class="savesellery_button" title="Sign Up">Sign Up Now !</a>
                            </div>
                            <div class="patemplatebox" id="patemplate_userlinks">
                                <div class="patemplatebox_h">
                                    <h2 class="patemplatebox_title"></h2><span></span>
                                </div>
                                <div class="patemplatebox_body">
                                    <div class="patemplatebox_bodyin">
                                        <div id="patemplate_links">
                                            
                                        </div>
                                    </div>
                                </div>
                            </div>
                            <div class="patemplatebox" id="patemplate_left_cp">
                                <div class="patemplatebox_h">
                                    <h2 class="patemplatebox_title">You may also like</h2><span></span>
                                </div>
                                <div class="patemplatebox_body">
                                    <div class="patemplatebox_bodyin">
                                        <div id="pa_l_cp"><div class='cp_h'><span></span></div><ul class='pacp'><li id="l113750585812"><a href="https://www.ebay.com/itm/113750585812" target="_blank"><p1></p1><p2></p2><p3><p31></p31><p32></p32></p3><p4></p4><p5></p5><p6><span></span><l></l><r></r></p6></a></li><li id="l113750585789"><a href="https://www.ebay.com/itm/113750585789" target="_blank"><p1></p1><p2></p2><p3><p31></p31><p32></p32></p3><p4></p4><p5></p5><p6><span></span><l></l><r></r></p6></a></li></ul></div>
                                    </div>
                                </div>
                            </div>
                        </div>
                        <div class="patemplate_content_right">

                            <div class="patemplatebox" id="patemplate_picture">
                                <div class="patemplate_picbody">
                                    <div class="patemplate_picbodyin">
                                        <div class="patemplate_title">
                                            8.27" Tibetan Buddhism Brass gold hand engraving Padmasambhava Buddha Statue
                                        </div>
                                            <div class="papicturelayout layout2"><input type="radio" name="slide_switch" id="preview_id1" checked><input type="radio" name="slide_switch" id="preview_id2" ><input type="radio" name="slide_switch" id="preview_id3" ><div class="picturesmall"><label id="small_label1" for= "preview_id1"><img src="https://i.ebayimg.com/00/s/ODAwWDgwMA==/z/NyEAAOSwB2JcE9Fb/$_12.JPG?set_id=880000500F"/></label><label id="small_label2" for= "preview_id2"><img src="https://i.ebayimg.com/00/s/ODAwWDgwMA==/z/E3sAAOSwj-RcE9Fm/$_12.JPG?set_id=880000500F"/></label><label id="small_label3" for= "preview_id3"><img src="https://i.ebayimg.com/00/s/ODAwWDgwMA==/z/XTEAAOSwK5tcE9F5/$_12.JPG?set_id=880000500F"/></label></div><div class="big_preview_img"><div><img src="https://i.ebayimg.com/00/s/ODAwWDgwMA==/z/NyEAAOSwB2JcE9Fb/$_12.JPG?set_id=880000500F"/><img src="https://i.ebayimg.com/00/s/ODAwWDgwMA==/z/E3sAAOSwj-RcE9Fm/$_12.JPG?set_id=880000500F"/><img src="https://i.ebayimg.com/00/s/ODAwWDgwMA==/z/XTEAAOSwK5tcE9F5/$_12.JPG?set_id=880000500F"/></div></div></div>
                                    </div>
                                </div>
                            </div>
                            <div class="patemplatebox" id="patemplate_description">
                                <div class="patemplatebox_h1">
                                    <h2 class="patemplatebox_title">Product Description</h2><span></span>
                                </div>
                                <div class="patemplatebox_body">
                                    <div class="patemplatebox_bodyin">

                                        <div>
                                            <!--PA4_Description_Begin--><div style="text-align: center; margin: 0px; color: #ffffff; font-family: Geneva, Arial, Helvetica, sans-serif; font-size: 13px; background-color: #95807c;"><span style="margin: 0px; font-size: 24pt; color: #000000;"><strong style="font-size: 36pt; color: #000000;">size:21cm</strong></span></div>
                                        <div>
                                            
                                        </div>
                                        <div>
                                            
                                        </div>
                                        <div>
                                            
                                        </div><!--PA4_Description_End-->
                                        </div>
                                        <div>
                                            
                                        </div>
                                        <div>
                                            
                                        </div>
                                        <div>
                                            
                                        </div>
                                    </div>
                                </div>
                            </div>


                            <div class="patemplatebox sellerdetail tabs" id="terms">

                                <input class="" id="tab1" type="radio" name="tabs" checked> <label class="headlabel1" for="tab1">Payment</label>
                                <input id="tab2" type="radio" name="tabs"><label class="headlabel2" for="tab2">Delivery details</label>
                                <input id="tab3" type="radio" name="tabs"><label class="headlabel3" for="tab3">Terms of sales</label>
                                <input id="tab4" type="radio" name="tabs"><label class="headlabel4" for="tab4">About us</label>
                                <input id="tab5" type="radio" name="tabs"><label class="headlabel5" for="tab5">Contact us</label>
                                <div id="patemplate_termscontent_1" class="template_terms_content">
                                    <div class="template_terms_contentin_t"><label for="tab1"><span>Payment</span><i></i></label></div>
                                    <div class="template_terms_contentin">
                                        <table style="font-family: &quot;Microsoft YaHei&quot;;  normal; orphans: 2;  text-transform: none; widows: 2; word-spacing: 0px; -webkit-text-stroke- 0px; text-decoration-style: initial; text-decoration-color: initial; border-spacing: 0px;  1383.64px;" align="center"><tbody><tr><td><div id="ds_div"><table style="border-spacing: 0px;  1381.82px;" align="center"><tbody><tr><td><div id="ds_div"><table style="border-spacing: 0px;  1380px;" align="center"><tbody><tr><td><div id="ds_div"><div style="text-align: center;"><table style="border-spacing: 0px;  1379px;" align="center"><tbody><tr><td><div id="ds_div"><table width="780" cellspacing="1" cellpadding="4" border="0" bgcolor="#151515" align="center"><tbody><tr bgcolor="#ff6600" align="center"><td width="24%" bgcolor="#333333"><strong>Shipping method</strong></td><td width="40%" bgcolor="#666666"><span class="style18">Air mail</span></td><td bgcolor="#999999"><span class="style18">Express Mail Service</span></td></tr><tr align="center"><td width="24%" bgcolor="#cccccc"><strong>Price:</strong></td><td bgcolor="#cccccc"><br /></td><td bgcolor="#cccccc"><br /></td></tr><tr align="center"><td bgcolor="#cccccc"><strong>Time:</strong></td><td bgcolor="#cccccc">10-25 Business days/no tracking number</td><td bgcolor="#cccccc">7-12 Business days/tracking number</td></tr><tr align="center"><td bgcolor="#cccccc"><strong></strong><br /></td><td colspan="2" bgcolor="#cccccc"> <br /></td></tr></tbody></table><table width="780" cellspacing="0" cellpadding="0" border="0" align="center"><tbody><tr><td bgcolor="#cccccc"><br /><br /><p align="center"><span style="text-transform: uppercase; 24px; font-size: 12pt; background: white;"><span style="font-family: Times; font-size: 10.5pt;"><span style="font-size: 12pt;"><span style="font-size: 12pt;"><span class="description"><span class="description"><span class="description"></span></span></span></span></span></span></span></p><br /></td></tr></tbody></table><table width="780" cellspacing="0" cellpadding="0" border="0" align="center"><tbody><tr><td bgcolor="#cccccc"><table width="780" cellspacing="1" cellpadding="1" border="0" align="center"><tbody><tr><td width="24%" bgcolor="#333333"><strong>Shipping</strong></td><td width="40%" bgcolor="#666666"> <br /></td><td bgcolor="#999999"> <br /></td></tr></tbody></table><strong><br /></strong>&lt;1&gt;We will ship out as soon as possible, but must be within 1-3 day(s), upon receiving payment. <br />&lt;2&gt;We ship item(s) by International Airmail, which usually takes 10-25 business days for arrival. <br />&lt;3&gt;If you do not receive your winning item(s) by 30 business days, please feel free to contact us through ebay mail system, we will try our very best to resolve any problems with you. <br />&lt;4&gt;Business days excluded all Saturdays, Sundays and public holidays in Hong Kong and in buyers' countries. Any customs clearance problem in buyers' countries, may cause a delay of the parcel up to 3-5 weeks, especially for the following countries : Belgium, Brazil, Canada, Germany, Mexico, Malta, Italy, Spain.<br /><br /><table width="780" cellspacing="1" cellpadding="1" border="0" align="center"><tbody><tr><td width="24%" bgcolor="#333333"><strong>Notice:</strong></td><td width="40%" bgcolor="#666666"> <br /></td><td bgcolor="#999999"> <br /></td></tr></tbody></table><strong><br /></strong>　I am a businessmen in china,As you know,the culture of Chinese 5,000 years history contains inestimable history and culture all the arts,So the craft arts have a long history,Now the craft men use the ancient technics to creat beautiful and wonder craft arts such as jade,jewelry and silver carving and stone artifacts,All of them are the symbol of happy ness and lucky,so they are worth to collect! Now this time I will show you an exquisite and excellent treasure!!! From the photoes, you can see it is very well. With the perfect style,nice design, wonderful workmanship, it is really a rare artwork and worth collecting!!! It is in good condition. Look at the pictures you can see the shape is very well; So wonderful item . If you like Chinese culture, please don't miss this item. I have other wonderful item on my ebay . please view my other item! <br /><strong><br /></strong><table width="780" cellspacing="1" cellpadding="1" border="0" align="center"><tbody><tr><td width="24%" bgcolor="#333333"><strong>Discount Policy:</strong></td><td width="40%" bgcolor="#666666"> <br /></td><td bgcolor="#999999"> <br /></td></tr></tbody></table><strong><strong><br /><br /></strong></strong><strong>　</strong><strong>We offer discount for Multi-items,Save money on shipping for each additional eligible item you buy from my stores!</strong><br /><br /><table width="90%" cellspacing="1" cellpadding="3" border="0" bgcolor="#cccccc" align="center"><tbody><tr bgcolor="#cccccc"><td width="20%"><strong>2-5 items</strong></td><td>5% discount off for the total shipping cost</td></tr><tr bgcolor="#cccccc"><td><strong>more then 5 items</strong></td><td>10% discount off for the total shipping cost</td></tr></tbody></table><br /><strong><strong></strong></strong><table width="780" cellspacing="1" cellpadding="1" border="0" align="center"><tbody><tr><td width="24%" bgcolor="#333333"><strong>Remark:</strong></td><td width="40%" bgcolor="#666666"> <br /></td><td bgcolor="#999999"> <br /></td></tr></tbody></table><strong><br /></strong>　We try our best to satisfy our customers. Our merchandises are high quality and our company is always regarded as reliable and responsible one by our customers. We hope that we will cooperate with you in the future. If you have any question about my items, please E-mail us, We will reply you as soon as possible. <strong><br /><br /></strong><table width="780" cellspacing="1" cellpadding="1" border="0" align="center"><tbody><tr><td width="24%" bgcolor="#333333"><strong>Contact US:</strong></td><td width="40%" bgcolor="#666666"> <br /></td><td bgcolor="#999999"> <br /></td></tr></tbody></table><strong><br /></strong>　If you have any question,please contact me with the following . we'll reply you in the first time. <strong><br /><br /></strong><table width="780" cellspacing="1" cellpadding="1" border="0" align="center"><tbody><tr><td width="24%" bgcolor="#333333"><strong>Payment:</strong></td><td width="40%" bgcolor="#666666"> <br /></td><td bgcolor="#999999"> <br /></td></tr></tbody></table><strong><br /></strong>　We accept Paypal payment ! <br /><strong><br /></strong><table width="780" cellspacing="1" cellpadding="1" border="0" align="center"><tbody><tr><td width="24%" bgcolor="#333333"><strong>After service:</strong></td><td width="40%" bgcolor="#666666"> <br /></td><td bgcolor="#999999"> <br /></td></tr></tbody></table><strong><br /></strong>　If you find any quality problems when you receive the item(s) from us.<br />　Please e-mail us soon.We will resolve it for you in 48 hours.<br />　(Full refund ro exchange is valid in 30 days after the payment was confirmed.)<strong><br /><br /></strong><table width="780" cellspacing="1" cellpadding="1" border="0" align="center"><tbody><tr><td width="24%" bgcolor="#333333"><strong>About Feedback:</strong></td><td width="40%" bgcolor="#666666"> <br /></td><td bgcolor="#999999"> <br /></td></tr></tbody></table><strong><br /></strong>　We welcome the opportunity to exchange Feedback with you as one of our many buyers. If you are not satisfied with your purchase for any reason, please contact us before leaving neutral or negative feedback. We want you to be satisfied with your purchase and will diligently work with you to make this so.</td></tr></tbody></table></div></td></tr></tbody></table></div></div></td></tr></tbody></table></div></td></tr></tbody></table></div></td></tr></tbody></table>
                                    </div>
                                </div>
                                <div id="patemplate_termscontent_2" class="template_terms_content">
                                    <div class="template_terms_contentin_t"><label for="tab2"><span>Delivery details</span><i></i></label></div>
                                    <div class="template_terms_contentin">
                                        
                                    </div>
                                </div>

                                <div id="patemplate_termscontent_3" class="template_terms_content">
                                    <div class="template_terms_contentin_t"><label for="tab3"><span>Terms of sales</span><i></i></label></div>
                                    <div class="template_terms_contentin">
                                        
                                    </div>
                                </div>
                                <div id="patemplate_termscontent_4" class="template_terms_content">
                                    <div class="template_terms_contentin_t"><label for="tab4"><span>About us</span><i></i></label></div>
                                    <div class="template_terms_contentin">
                                        
                                    </div>
                                </div>
                                <div id="patemplate_termscontent_5" class="template_terms_content">
                                    <div class="template_terms_contentin_t"><label for="tab5"><span>Contact us</span><i></i></label></div>
                                    <div class="template_terms_contentin">
                                        
                                    </div>
                                </div>
                            </div>

                        </div>
                    </div>
                </div>
                <div id="patemplate_footer">

                    <div class="pastore_footer pastore_footer_background">
                        <div class="pastore_inside">
                            <div class="inside_left">
                                <div id="menu">
                                    <ul></ul>
                                </div><div id="copyright"></div>
                            </div>
                            <div class="inside_right">
                                
                            </div>
                        </div>
                    </div>
                </div>

            </div>
        </div>
    </div>
</div>

</div></div></div></div></div></div></div></div></div><div id="pa_b_cp"><div class='cp_h'><span></span></div><ul class='pacp'><li id="b112955279723"><a href="https://www.ebay.com/itm/112955279723" target="_blank"><p1></p1><p2></p2><p3><p31></p31><p32></p32></p3><p4></p4><p5></p5><p6><span></span><l></l><r></r></p6></a></li><li id="b112950520107"><a href="https://www.ebay.com/itm/112950520107" target="_blank"><p1></p1><p2></p2><p3><p31></p31><p32></p32></p3><p4></p4><p5></p5><p6><span></span><l></l><r></r></p6></a></li><li id="b113160599013"><a href="https://www.ebay.com/itm/113160599013" target="_blank"><p1></p1><p2></p2><p3><p31></p31><p32></p32></p3><p4></p4><p5></p5><p6><span></span><l></l><r></r></p6></a></li><li id="b113256404648"><a href="https://www.ebay.com/itm/113256404648" target="_blank"><p1></p1><p2></p2><p3><p31></p31><p32></p32></p3><p4></p4><p5></p5><p6><span></span><l></l><r></r></p6></a></li><li id="b113282784761"><a href="https://www.ebay.com/itm/113282784761" target="_blank"><p1></p1><p2></p2><p3><p31></p31><p32></p32></p3><p4></p4><p5></p5><p6><span></span><l></l><r></r></p6></a></li><li id="b113340379213"><a href="https://www.ebay.com/itm/113340379213" target="_blank"><p1></p1><p2></p2><p3><p31></p31><p32></p32></p3><p4></p4><p5></p5><p6><span></span><l></l><r></r></p6></a></li></ul></div><!--PA4_HTMLBottom_Begin--><div id='pushauctioncounterdiv' style='width:100%;text-align:center;padding-top:20px;font-family:Times New Roman'><img id='pushauctioncounter' src='https://counter.pushauction.com/be8545fc-6fd0-402f-a182-a6355caf3348/29e0558b-6c73-4d2b-a86b-79cc7ca91063.jpg'/></div><div id='pushauctionlogosigndiv' style='text-align:center;width:100%;padding-top:20px'><img src='https://image.pushauction.com/poweredbypushauction.png' alt='PushAuction' border='0' title='Engineered for professional sellers'/></div><!--PA4_HTMLBottom_End-->
</DOC>
<DOC>
<DOCID>1700382</DOCID>
<CATEGORY>Collectibles > Disneyana > Contemporary (1968-Now) > Pins, Patches & Buttons > Disney Characters & Movies > Other Disney Characters</CATEGORY>
<ORIGTITLE>Disney's Studio Store Hollywood - Hercules 20th Anniversary Surprise Release Pin</ORIGTITLE>
<font rwr='1' size='4' style='font-family:Arial'>
<!-- HTML Generated by Auction Wizard 2000 - http://www.AuctionWizard2000.com/ -->


   <meta charset="UTF-8">
   <meta name="viewport" content="width=device-width, initial-scale=1.0">


<!-- AW2KLOT#:21971 -->
<br>
<table style="width:98%;padding:2px;margin:auto;border:8px outset #0080FF;background-color:#FF95CA;">
<tbody><tr><td style=";border:1px inset #0080FF; padding:5px">
<div style="text-align:center;width:99.9%;margin:auto">

</div>
<br></td></tr>
<tr><td style=";border:1px inset #0080FF; padding:5px">
<div style="text-align:left"><span style="font-family:Arial;font-size:1.0em;color:#800000;font-weight:normal;font-style:normal;text-decoration:none;">Please remember that as a seller, my sales costs also include packaging tape, printer ink, printer paper, shipping supplies, sales tracking and auction listing tools, not to mention the 10-14% that eBay and Paypal take off the top for fees and commissions. All of these costs are included in what you are paying. </span></div>
<div style="text-align:left"><br></div>
<div style="text-align:left"><span style="font-family:Arial;font-size:1.0em;color:#800000;font-weight:normal;font-style:normal;text-decoration:none;">Our images are made using a scanner at very high resolution, exposing many minor flaws that are NOT visible to the human eye. On rare occasions, especially with pins that have gold and silver which may not scan well, I will use actual photographs.</span></div>
<div style="text-align:left"><br></div>
<div style="text-align:left"><span style="font-family:Arial;font-size:1.0em;color:#800000;font-weight:normal;font-style:normal;text-decoration:none;">Florida residents are subject to 6.5% sales tax.</span></div>
<div style="text-align:left"><br></div>
<div style="text-align:left"><br></div>

<div style="text-align:left"><span style="font-family:Arial;font-size:1.0em;color:#800000;font-weight:bold;font-style:normal;text-decoration:none;">Description: This pin celebrates the 20th Anniversary of the movie Hercules and features pin on pin elements. The base pin is round and gold based. It contains from left to right, Megara in a pink dress and her hair in a pony tail looking at Hercules. Hercules stands in the center with his arms crossed wearing his brown outfit complete with his blue cape. To his right is Philoctetes (Phil), half man, half goat Satyr with horns. Behind all of them is Pegasus, a white winged horse with a blue mane and tail. The pin on pin element is Hades with his infamous blue "hair" cutting his eyes over at Megara, Hercules, Phil and Pegasus. Also on the pin on pin element is a blue block with gold trim and it says in yellow lettering, HERCULES 20th ANNIVERSARY, flanked by a lightening bolt on each side. This pin was a surprise release and is backstamped Disney Studio Store Hollywood Limited Edition 200 copyright Disney China.</span></div>
<div style="text-align:left"><br></div>
<div style="text-align:left"><span style="font-family:Arial;font-size:1.0em;color:#800000;font-weight:bold;font-style:normal;text-decoration:none;">Year of Release: 2017 (6/13/2017)</span></div>
<div style="text-align:left"><br></div>
<div style="text-align:left"><span style="font-family:Arial;font-size:1.0em;color:#800000;font-weight:bold;font-style:normal;text-decoration:none;">Where Released: Disney's Studio Store Hollywood</span></div>
<div style="text-align:left"><br></div>
<div style="text-align:left"><span style="font-family:Arial;font-size:1.0em;color:#800000;font-weight:bold;font-style:normal;text-decoration:none;">Pinpics # 122370</span></div>
<div style="text-align:left"><span style="font-family:Arial;font-size:1.0em;color:#800000;font-weight:bold;font-style:normal;text-decoration:none;">Traders Having This Pin: 12</span></div>
<div style="text-align:left"><span style="font-family:Arial;font-size:1.0em;color:#800000;font-weight:bold;font-style:normal;text-decoration:none;">Traders Wanting This Pin: 134</span></div>
<div style="text-align:left"><span style="font-family:Arial;font-size:1.0em;color:#800000;font-weight:bold;font-style:normal;text-decoration:none;">Backer Card: No</span></div>
<div style="text-align:left"><span style="font-family:Arial;font-size:1.0em;color:#800000;font-weight:bold;font-style:normal;text-decoration:none;">How Acquired: Trade</span></div>
<div style="text-align:left"><br></div>
<div style="text-align:left"><span style="font-family:Arial;font-size:1.0em;color:#800000;font-weight:bold;font-style:normal;text-decoration:none;">Edition Type/Size: LE 200</span></div>
<div style="text-align:left"><br></div>

<div style="text-align:left"><br></div>
<div style="text-align:left"><span style="font-family:Arial Baltic;font-size:1.0em;color:#800000;font-weight:normal;font-style:normal;text-decoration:none;">Please read all information below!!</span></div>
<div style="text-align:left"><br></div>
<div style="text-align:left"><span style="font-family:Arial;font-size:1.0em;color:#800000;font-weight:normal;font-style:normal;text-decoration: underline;">Shipping and Payment Policies:</span></div>
<div style="text-align:left"><br></div>
<div style="text-align:left"><span style="font-family:Arial;font-size:1.0em;color:#800000;font-weight:normal;font-style:normal;text-decoration:none;">Most pins will be shipped in bubble mailers with larger orders, boxed pins, pin sets, framed sets shipped in boxes.</span></div>
<div style="text-align:left"><br></div>
<div style="text-align:left"><span style="font-family:Arial Baltic;font-size:1.0em;color:#B34D4F;font-weight:normal;font-style:normal;text-decoration:none;">Payment for each auction is due within (</span><span style="font-family:Arial;font-size:1.0em;color:#B34D4F;font-weight:normal;font-style:normal;text-decoration:none;">3</span><span style="font-family:Arial Baltic;font-size:1.0em;color:#B34D4F;font-weight:normal;font-style:normal;text-decoration:none;">) days from the end of the auction or the bidder forfeits the item (at my discretion). We accept</span><span style="font-family:Arial;font-size:1.0em;color:#B34D4F;font-weight:normal;font-style:normal;text-decoration:none;"> Paypal only. </span></div>
<div style="text-align:left"><br></div>
<div style="text-align:left"><span style="font-family:Arial Baltic;font-size:1.0em;color:#B34D4F;font-weight:normal;font-style:normal;text-decoration:none;">**** PLEASE ALSO NOTE, ALL claims for damaged, or missing items must be made to me via e-mail within 48 hours of receipt of the package. In addition, ALL original packing must be retained in order to make an insurance claim. Any failure to follow these guidelines results in ALL liability being borne by the purchaser.</span><span style="font-family:Arial;font-size:1.0em;color:#B34D4F;font-weight:normal;font-style:normal;text-decoration:none;"> However, returns for issues other than shipping damage are permitted up to 30 days from the date of purchase as long as the item is in the condition it was sent.</span></div>
<div style="text-align:left"><br></div>
<div style="text-align:left"><br></div>

</td></tr>
</tbody></table>

</font>
</DOC>
<DOC>
<DOCID>1700379</DOCID>
<CATEGORY>Collectibles > Lamps, Lighting > Lamps: Electric > Table Lamps</CATEGORY>
<ORIGTITLE>VINTAGE ITALIAN CAPODIMONTE TABLE LAMP ( NO INCLUDE LAMPSHADE)</ORIGTITLE>
<font rwr='1' size='4' style='font-family:Arial'><div><b style="color: rgb(255, 0, 16); font-family: Arial, Helvetica, sans-serif; font-size: small; background-color: rgb(255, 255, 255);"><span style="font-family: Arial; color: rgb(0, 67, 123); font-size: 18pt;">&nbsp; &nbsp; &nbsp; &nbsp; &nbsp; &nbsp; &nbsp; &nbsp; &nbsp; &nbsp; &nbsp; &nbsp; &nbsp; &nbsp; &nbsp; &nbsp; **********&nbsp;</span></b><b style="color: rgb(255, 0, 16); font-family: Arial, Helvetica, sans-serif; font-size: small; background-color: rgb(255, 255, 255);"><span style="font-family: Arial; color: rgb(0, 67, 123); font-size: 24pt;">&nbsp;Shipping and Handling</span></b><b style="color: rgb(255, 0, 16); font-family: Arial, Helvetica, sans-serif; font-size: small; background-color: rgb(255, 255, 255);"><span style="font-family: Arial; color: rgb(0, 67, 123); font-size: 18pt;">&nbsp; ************</span></b></div><div><div style="font-family: &quot;Times New Roman&quot;; font-size: large; font-weight: 700; text-align: center; background-color: rgb(255, 255, 255);">&nbsp;</div><div style="font-family: &quot;Times New Roman&quot;; font-size: large; font-weight: 700; text-align: center; background-color: rgb(255, 255, 255);"><font face="Arial, Helvetica, sans-serif"><font face="Arial, Helvetica, sans-serif"><font face="Arial, Helvetica, sans-serif"><font face="Arial, Helvetica, sans-serif"><font face="Arial, Helvetica, sans-serif"><font face="Arial, Helvetica, sans-serif"><font face="Arial, Helvetica, sans-serif"><font face="Arial, Helvetica, sans-serif"><font face="Arial, Helvetica, sans-serif"><font face="Arial, Helvetica, sans-serif"><font face="Arial, Helvetica, sans-serif"><font face="Arial, Helvetica, sans-serif"><span style="font-family: Arial; font-weight: normal;">We ship our ebay item to USA customer and charge flat shipping and handling fee:</span></font></font></font></font></font></font></font></font></font></font></font></font></div><ul><li><div id="EBdescription"><h3 align="center"><font face="Arial, Helvetica, sans-serif"><font face="Arial, Helvetica, sans-serif"><font face="Arial, Helvetica, sans-serif"><font face="Arial, Helvetica, sans-serif"><font face="Arial, Helvetica, sans-serif"><font face="Arial, Helvetica, sans-serif"><font face="Arial, Helvetica, sans-serif"><font face="Arial, Helvetica, sans-serif"><font face="Arial, Helvetica, sans-serif"><font face="Arial, Helvetica, sans-serif"><font face="Arial, Helvetica, sans-serif"><font face="Arial, Helvetica, sans-serif"><font face="Arial, Helvetica, sans-serif"><font face="Arial, Helvetica, sans-serif"><font face="Arial, Helvetica, sans-serif"><span style="font-family: Arial; font-weight: normal;"></span></font></font></font></font></font></font></font></font></font></font></font></font></font></font></font><font face="Arial, Helvetica, sans-serif"><font face="Arial, Helvetica, sans-serif"><font face="Arial, Helvetica, sans-serif"><font face="Arial, Helvetica, sans-serif"><font face="Arial, Helvetica, sans-serif"><font face="Arial, Helvetica, sans-serif"><font face="Arial, Helvetica, sans-serif"><font face="Arial, Helvetica, sans-serif"><font face="Arial, Helvetica, sans-serif"><font face="Arial, Helvetica, sans-serif"><font face="Arial, Helvetica, sans-serif"><font face="Arial, Helvetica, sans-serif"><font face="Arial, Helvetica, sans-serif"><font face="Arial, Helvetica, sans-serif"><font face="Arial, Helvetica, sans-serif"><span style="font-family: Arial; font-weight: normal;"><font size="3" face="Arial, Helvetica, sans-serif">USA:&nbsp;</font></span></font></font></font></font></font></font></font></font></font></font></font></font></font></font></font><font face="Arial, Helvetica, sans-serif"><font face="Arial, Helvetica, sans-serif"><font face="Arial, Helvetica, sans-serif"><font face="Arial, Helvetica, sans-serif"><font face="Arial, Helvetica, sans-serif"><font face="Arial, Helvetica, sans-serif"><font face="Arial, Helvetica, sans-serif"><font face="Arial, Helvetica, sans-serif"><font face="Arial, Helvetica, sans-serif"><font face="Arial, Helvetica, sans-serif"><font face="Arial, Helvetica, sans-serif"><font face="Arial, Helvetica, sans-serif"><font face="Arial, Helvetica, sans-serif"><font face="Arial, Helvetica, sans-serif"><font color="#00429a" size="3" face="Arial, Helvetica, sans-serif"><span style="font-family: Arial; color: black; font-weight: normal;"><strong>$28.89 US Priority Mail W tracking #</strong></span></font></font></font></font></font></font></font></font></font></font></font></font></font></font></font></h3></div></li><li><font style="font-family: &quot;Comic Sans MS&quot;;"><span lang="EN-US" style="color: rgb(251, 0, 52);"></span></font><div style="font-family: Arial, Helvetica, sans-serif;"><font style="font-family: &quot;Comic Sans MS&quot;;"><font class="Apple-style-span" color="#000000"><font class="Apple-style-span" size="6"><strong><b><strong><b><strong><b><strong><b><span lang="EN-US" style="color: rgb(251, 0, 52);">We combine S/H for additional items</span></b></strong></b></strong></b></strong></b></strong></font><font face="Arial, Helvetica, sans-serif"><font face="Arial, Helvetica, sans-serif"><font face="Arial, Helvetica, sans-serif"><font face="Arial, Helvetica, sans-serif"><font face="Arial, Helvetica, sans-serif"><font face="Arial, Helvetica, sans-serif"><font face="Arial, Helvetica, sans-serif"><font face="Arial, Helvetica, sans-serif"><font face="Arial, Helvetica, sans-serif"><font face="Arial, Helvetica, sans-serif" style="color: rgb(32, 32, 32);"><font face="Arial, Helvetica, sans-serif"><font face="Arial, Helvetica, sans-serif"><font face="Arial, Helvetica, sans-serif"><span class="ebay"><span style="font-family: Arial;"></span></span></font></font></font></font></font></font></font></font></font></font></font></font></font></font></font></div></li><li><br><div id="EBdescription"><div style="font-family: Arial, Helvetica, sans-serif;"><font face="Arial, Helvetica, sans-serif"><font face="Arial, Helvetica, sans-serif"><font face="Arial, Helvetica, sans-serif"><font face="Arial, Helvetica, sans-serif"><font face="Arial, Helvetica, sans-serif"><font face="Arial, Helvetica, sans-serif"><font face="Arial, Helvetica, sans-serif"><font size="2" face="Arial, Helvetica, sans-serif"><font face="Arial, Helvetica, sans-serif"><font face="Arial, Helvetica, sans-serif" style="color: rgb(32, 32, 32);"><font face="Arial, Helvetica, sans-serif"><font face="Arial, Helvetica, sans-serif"><font face="Arial, Helvetica, sans-serif"><font size="+0"><span style="font-family: Arial;"></span></font></font></font></font></font></font></font></font></font></font></font></font></font></font></div></div></li><li><div id="EBdescription"><div style="font-family: Arial, Helvetica, sans-serif;"><font face="Arial, Helvetica, sans-serif"><font face="Arial, Helvetica, sans-serif"><font face="Arial, Helvetica, sans-serif"><font face="Arial, Helvetica, sans-serif"><font face="Arial, Helvetica, sans-serif"><font face="Arial, Helvetica, sans-serif"><font face="Arial, Helvetica, sans-serif"><font face="Arial, Helvetica, sans-serif"><font face="Arial, Helvetica, sans-serif"><font face="Arial, Helvetica, sans-serif" style="color: rgb(32, 32, 32);"><font face="Arial, Helvetica, sans-serif"><font face="Arial, Helvetica, sans-serif"><font face="Arial, Helvetica, sans-serif"><span class="ebay"><span style="font-family: Arial;">We offer&nbsp;<span style="color: rgb(255, 0, 16);">50%</span></span></span><span style="font-family: Arial;">&nbsp;</span></font></font></font></font></font></font></font></font></font></font></font></font></font><font face="Arial, Helvetica, sans-serif"><font face="Arial, Helvetica, sans-serif"><font face="Arial, Helvetica, sans-serif"><font face="Arial, Helvetica, sans-serif"><font face="Arial, Helvetica, sans-serif"><font face="Arial, Helvetica, sans-serif"><font face="Arial, Helvetica, sans-serif"><font face="Arial, Helvetica, sans-serif"><font face="Arial, Helvetica, sans-serif" style="color: rgb(32, 32, 32);"><font face="Arial, Helvetica, sans-serif"><font face="Arial, Helvetica, sans-serif"><font face="Arial, Helvetica, sans-serif"><span style="font-family: Arial;">Shipping and Handling</span></font></font></font></font></font></font></font></font></font></font></font></font><font face="Arial, Helvetica, sans-serif"><font face="Arial, Helvetica, sans-serif" style="color: rgb(32, 32, 32);"><font face="Arial, Helvetica, sans-serif"><font face="Arial, Helvetica, sans-serif"><font face="Arial, Helvetica, sans-serif"><span style="font-family: Arial;">&nbsp;(Postage and Packing) discount applies for each additional shoes from the second pair. We will try to package the multiple shoes together.&nbsp;Most of our eBay listings require immediate payment. You need to pay the shipping in full for each item and then email us. We will credit the<span style="color: rgb(255, 0, 16);">&nbsp;</span></span></font></font></font></font><font face="Arial, Helvetica, sans-serif" style="color: rgb(32, 32, 32);"><font face="Arial, Helvetica, sans-serif"><font face="Arial, Helvetica, sans-serif"><font face="Arial, Helvetica, sans-serif"><font style="color: rgb(255, 0, 16);"><span class="ebay"><span style="font-family: Arial;">50%</span></span></font><span style="font-family: Arial;">&nbsp;Shipping and Handling&nbsp;</span></font></font></font></font><font face="Arial, Helvetica, sans-serif" style="color: rgb(32, 32, 32);"><font face="Arial, Helvetica, sans-serif"><font face="Arial, Helvetica, sans-serif"><font face="Arial, Helvetica, sans-serif"><span style="font-family: Arial;"></span></font></font></font></font><font face="Arial, Helvetica, sans-serif"><font face="Arial, Helvetica, sans-serif"><font face="Arial, Helvetica, sans-serif"><font face="Arial, Helvetica, sans-serif"><span style="font-family: Arial; color: rgb(32, 32, 32);"></span></font></font></font></font></font><font face="Arial, Helvetica, sans-serif"><font face="Arial, Helvetica, sans-serif"><font face="Arial, Helvetica, sans-serif"><font face="Arial, Helvetica, sans-serif"><font face="Arial, Helvetica, sans-serif"><font face="Arial, Helvetica, sans-serif"><font face="Arial, Helvetica, sans-serif"><font face="Arial, Helvetica, sans-serif"><font face="Arial, Helvetica, sans-serif" style="color: rgb(32, 32, 32);"><font face="Arial, Helvetica, sans-serif"><font face="Arial, Helvetica, sans-serif"><font face="Arial, Helvetica, sans-serif"><span style="font-family: Arial;">(Postage and Packing)&nbsp;</span></font></font></font></font></font></font></font></font></font></font></font></font><font face="Arial, Helvetica, sans-serif"><font face="Arial, Helvetica, sans-serif"><font face="Arial, Helvetica, sans-serif"><font face="Arial, Helvetica, sans-serif"><font face="Arial, Helvetica, sans-serif"><span style="font-family: Arial; color: rgb(32, 32, 32);">discount to your paypal account.</span><span style="font-family: Arial;"><span style="color: rgb(251, 0, 52);"></span></span></font></font></font></font><font face="Arial, Helvetica, sans-serif"><font face="Arial, Helvetica, sans-serif"><font face="Arial, Helvetica, sans-serif"><span style="color: rgb(251, 0, 52);"><span style="font-family: Arial;"></span></span><span style="font-family: Arial;"><span style="color: rgb(251, 0, 52);"></span></span></font></font></font></font></div><div style="font-family: Arial, Helvetica, sans-serif;"><font face="Arial, Helvetica, sans-serif"><font face="Arial, Helvetica, sans-serif"><font face="Arial, Helvetica, sans-serif"><font face="Arial, Helvetica, sans-serif"><font face="Arial, Helvetica, sans-serif"><font face="Arial, Helvetica, sans-serif"><font face="Arial, Helvetica, sans-serif"><font face="Arial, Helvetica, sans-serif"><h3><span class="Apple-style-span" style="font-weight: normal;"><font class="Apple-style-span" size="2"><font face="Arial, Helvetica, sans-serif"><font face="Arial, Helvetica, sans-serif"><font face="Arial, Helvetica, sans-serif"><font face="Arial, Helvetica, sans-serif"><font face="Arial, Helvetica, sans-serif"><span style="font-family: Arial;">We normally take 1~2 Business days to process Ebay orders.&nbsp; Then the post office will take about&nbsp;</span><span style="font-family: Arial;">2~7 days</span><font face="Arial, Helvetica, sans-serif"><font face="Arial, Helvetica, sans-serif"><font face="Arial, Helvetica, sans-serif"><font face="Arial, Helvetica, sans-serif"><span style="font-family: Arial;">&nbsp;U.S. domestic,</span></font></font></font></font></font></font></font></font></font></font><font size="2"><span style="font-family: Arial;">4~10 days to Canada,&nbsp;<span style="color: rgb(32, 32, 32);">Mexico and 7~30 days&nbsp;to other countries.</span></span></font></span></h3></font></font></font></font><font style="color: rgb(32, 32, 32); font-size: small;"><span style="font-family: Arial;"><font face="Arial, Helvetica, sans-serif"></font></span></font><p class="MsoNormal" align="center"><br></p></font></font></font></font></div></div></li><li><p></p><p></p><center><a href="http://pages.ebay.com/selling_manager_pro" target="_blank"><img border="0" src="http://pics.ebay.com/aw/pics/sellingmanager/sellingmanagerPro/smPro_248x50.gif" width="248" height="50"></a></center></li></ul><div style="font-family: &quot;Times New Roman&quot;; font-size: large; font-weight: 700; text-align: center; background-color: rgb(255, 255, 255);"><div align="left"><div style="text-align: center;"><strong></strong></div></div></div></div></font>
</DOC>
<DOC>
<DOCID>1700377</DOCID>
<CATEGORY>Collectibles > Decorative Collectibles > Decorative Collectible Brands > Tom Clark</CATEGORY>
<ORIGTITLE>Tom Clark Barney  ~ Great Valentines Gift~ Bill and Coo</ORIGTITLE>
<font rwr="1" size="4" style="font-family:Arial"><font rwr="1" size="4" style="font-family:Arial"><font rwr="1" size="4" style="font-family:Arial"><font rwr="1" size="4" style="font-family:Arial"><font rwr="1" size="4" style="font-family: Arial;"><font rwr="1" size="4" style="font-family: Arial;"><font rwr="1" size="4" style="font-family: Arial;"><font rwr="1" size="4" style="font-family: Arial;"><font rwr="1" size="4" style="font-family: Arial;"><font rwr="1"><font rwr="1"><font rwr="1"><font rwr="1"><font rwr="1"><font rwr="1"><font rwr="1"><font rwr="1"><font rwr="1"><font rwr="1"><font rwr="1"><font rwr="1"><font rwr="1"><font rwr="1"><font rwr="1"><font rwr="1"><font rwr="1"><font rwr="1"><font rwr="1"><font rwr="1"><font rwr="1"><font rwr="1"><font rwr="1"><font rwr="1"><font rwr="1"><font rwr="1"><font rwr="1"><font rwr="1"><font rwr="1"><font rwr="1"><font rwr="1"><font rwr="1"><font rwr="1"><div style="text-align: -webkit-center;"><font size="5" color="#fb7388"><b><i><font face="Georgia">M &amp; L Gifts &amp; Coins since 197</font><font face="Arial">4</font></i></b></font></div><div style="text-align: -webkit-center;"><font size="5"><b><i><font face="Arial" color="#444444">Opened in 1974, by my parents Mary &amp; Louis</font></i></b></font></div><div style="text-align: -webkit-center;"><font size="5"><b><i><font face="Arial" color="#444444">The brick &amp; mortar closed after my parents passings.</font></i></b></font></div><div style="text-align: -webkit-center;"><font size="5"><b><i><font face="Arial" color="#444444">I hold the license to our Gift &amp; Coin Business</font></i></b></font></div><div style="text-align: -webkit-center;"><font size="5"><b><i><font face="Arial" color="#444444">I have been on Ebay since 2002.</font></i></b></font></div><div style="text-align: -webkit-center;"><font size="5"><b><i><font face="Arial" color="#444444">I strive to uphold their name selling quality products.</font></i></b></font></div><table align="center" style="font-size: 14pt; width: 1504px; border-spacing: 0px;"><tbody><tr><td><div id="ds_div"><table align="center" style="width: 1502px; border-spacing: 0px;"><tbody><tr><td><div id="ds_div"><font color="#870052" face="Georgia" size="5"><font color="#006535"><table align="center" style="width: 1500px; border-spacing: 0px;"><tbody><tr><td><div id="ds_div"><font size="4" rwr="1" style="font-family: Arial;"><table align="center" style="width: 1498px; border-spacing: 0px;"><tbody><tr><td><div id="ds_div"><table align="center" style="width: 1504px; border-spacing: 0px;"><tbody><tr><td><div id="ds_div"><table align="center" style="width: 1502px; border-spacing: 0px;"><tbody><tr><td><div id="ds_div"><font color="#870052" face="Georgia" size="5"><font color="#006535"><table align="center" style="width: 1500px; border-spacing: 0px;"><tbody><tr><td><div id="ds_div"><font size="4" rwr="1" style="font-family: Arial;"><table align="center" style="width: 1498px; border-spacing: 0px;"><tbody><tr><td><div id="ds_div"><table align="center" style="font-family: &quot;Times New Roman&quot;; border-spacing: 0px; width: 1506px;"><tbody><tr><td><div id="ds_div"><font rwr="1" size="4" style="font-family: Arial;"><table align="center" style="width: 1504px; border-spacing: 0px;"><tbody><tr><td><div id="ds_div"><table align="center" style="width: 1502px; border-spacing: 0px;"><tbody><tr><td><div id="ds_div"><table align="center" style="width: 1500px; border-spacing: 0px;"><tbody><tr><td><div id="ds_div"><table align="center" style="width: 1498px; border-spacing: 0px;"><tbody><tr><td><div id="ds_div"><table align="center" style="width: 1496px; border-spacing: 0px;"><tbody><tr><td><div id="ds_div"><font id="role_document"><font id="role_document"><font id="role_document"><p align="center" style="color: rgb(83, 83, 83);"><font face="Georgia" style=""><em style=""><strong style=""><font face="Comic Sans MS" style=""><u style="">Item Description</u></font></strong></em></font></p><p align="center" style="color: rgb(83, 83, 83);"><strong>was introduced by&nbsp;</strong><strong>Tom Clark in 1997 now retired.</strong><strong><span class="Apple-style-span" style="font-family: Arial;"><font color="#000000" face="Arial Black">&nbsp;<font color="#002cfd">&nbsp;<span>&nbsp;</span></font></font></span><span class="Apple-style-span" style="color: rgb(0, 44, 253); font-family: Arial;"><font color="#002cfd" face="Comic Sans MS"><font color="#002cfd">&nbsp;</font></font></span></strong></p><p align="center" style="color: rgb(83, 83, 83);"><strong style="font-family: Arial; font-size: 14pt;"></strong></p><font color="#535353"><p align="center" style="display: inline !important;"></p></font><p align="center" style="color: rgb(83, 83, 83);"><font face="Arial Black" style="color: rgb(0, 0, 0); font-size: large; text-align: start;"><font size="5"></font></font><font face="Arial Black" style="color: rgb(0, 0, 0); font-size: large; text-align: start;"><font size="5"></font></font></p><div style="text-align: center;"><font color="#535353" face="Arial Black"><b style="">about 10"</b></font></div><div style="text-align: center;"><font color="#535353" face="Arial Black"><b style="">Shhh Don't disturb the bird watchers.</b></font></div><div align="center" style="color: rgb(83, 83, 83); font-size: small;"><br></div><p style="color: rgb(83, 83, 83);"><strong><em><font face="Georgia" size="5" style="font-size: small;">&nbsp;&nbsp; &nbsp;</font><font face="Georgia">I see no chips, nicks or repairs.&nbsp;</font></em></strong><font face="Georgia"><strong><em>&nbsp;</em></strong></font></p><div align="center" style="color: rgb(83, 83, 83); text-align: left;"><font face="Comic Sans MS"><em><strong style="">BOXES</strong></em></font></div><div align="left" style="color: rgb(83, 83, 83);"><font face="Georgia"><strong><em>Has no&nbsp;original box, all boxes were generic boxes</em></strong></font><strong style="font-family: Georgia; font-size: large;"><em>.</em></strong></div><div align="center" style="color: rgb(83, 83, 83);"><br></div><div align="center" style="color: rgb(83, 83, 83); text-align: left;"><font face="Georgia"><strong><em><font face="Comic Sans MS" style="">PHOTOS</font>&nbsp;</em></strong></font></div><div align="center" style="color: rgb(83, 83, 83);"><font face="Georgia"><strong><em><u>Please do not use my photos, even if not watermarked.</u></em></strong></font></div><div style="color: rgb(83, 83, 83);"><font face="Georgia"><div><font face="Georgia"><strong><em>I</em></strong></font><font face="Georgia"><strong><em>&nbsp;do my best to get all sides for you to view... &nbsp; I</em></strong><strong><em>f you would like to view more photos please email me ~&nbsp;</em></strong></font><strong style="font-size: large;"><em><font face="Georgia">Before shipping&nbsp;</font></em></strong><strong style="font-size: large;"><em><font face="Georgia">I recheck all items again. &nbsp;</font></em></strong></div></font><div><b><i><font face="Georgia">&nbsp;</font></i></b></div></div><div style="color: rgb(83, 83, 83);"><strong style="font-size: large;"><em><font face="Comic Sans MS">PAYMENT</font></em></strong></div><div style="color: rgb(83, 83, 83);"><font face="Georgia" style="font-size: large;"><strong><em>Payment is required within&nbsp;3 days of end of auction. &nbsp;</em></strong></font><strong style="font-family: Georgia; font-size: large;"><em>Items not paid for in that amount of time are subject to resale. &nbsp;</em></strong></div><font face="Georgia" style="color: rgb(83, 83, 83);"><p align="center" style="text-align: left; font-family: Arial;"><b><i><font face="Comic Sans MS">SHIPPING</font></i></b></p><p align="center" style="text-align: left; font-family: Arial;"><font face="Georgia" style="font-size: large;"><strong><em>&nbsp;</em></strong></font><font face="Georgia" style="font-size: large; font-family: Georgia;"><strong><em>&nbsp;</em></strong></font><strong style="font-size: large; font-family: Georgia;"><em>I do&nbsp;combine shipping. &nbsp;</em></strong></p><p style="font-family: Arial;"><span style="font-family: &quot;Comic Sans MS&quot;; font-size: large;"><strong style=""><em style="">REFUND POLICY</em></strong></span></p></font><font face="Georgia" style="color: rgb(83, 83, 83);"><font face="Georgia"><p align="left" style=""><strong><em>Refunds ONLY if item is NOT as described. If there are any issues Please contact me to work things out.&nbsp;</em></strong></p><p align="center" style="font-family: Arial;"><font face="Comic Sans MS"><u><em><strong>OTHER ITEMS</strong></em></u></font></p><div class="pd-ttl pd-hd" style=""><b><i>Please ask I can post collectibles by&nbsp;</i></b><b><i>several brands! Armani, Lladro, Hummel, Harmony Kingdom, Pocket Dragons, Boyd's Bears, Tom Clark, Duncan Royale, All God's Children and more!&nbsp; I have over 10 thousand pieces in stock of a large variety if not more.</i></b></div><p style=""><font face="Georgia" style=""><em style=""><b style="">Thank you for stopping by<font face="Arial" style="">~</font></b></em></font></p></font></font></font></font></font></div></td></tr></tbody></table></div></td></tr></tbody></table></div></td></tr></tbody></table></div></td></tr></tbody></table></div></td></tr></tbody></table></font></div></td></tr></tbody></table></div></td></tr></tbody></table></font></div></td></tr></tbody></table></font></font></div></td></tr></tbody></table></div></td></tr></tbody></table><table align="center" style="width: 1513px; border-spacing: 0px;"><tbody><tr><td><div id="ds_div"><table align="center" style="width: 1511px; border-spacing: 0px;"><tbody><tr><td><div id="ds_div"><table align="center" style="width: 1509px; border-spacing: 0px;"><tbody><tr><td><div id="ds_div"><table align="center" style="width: 1507px; border-spacing: 0px;"><tbody><tr><td><div id="ds_div"><table align="center" style="width: 1505px; border-spacing: 0px;"><tbody><tr><td><div id="ds_div"><font face="Arial" size="2"><font id="role_document" color="#000000" face="Arial" size="2"><font color="#006535" face="Georgia" size="5"><font face="Arial" size="2"><font face="Arial" size="2"><font id="role_document" color="#000000" face="Arial" size="2"><font color="#006535" face="Georgia" size="5"><font color="#870052" face="Georgia" size="5"><font color="#870052" face="Georgia" size="5"><font id="role_document" color="#000000" face="Arial" size="2"><font color="#870052" face="Georgia" size="5"><p></p><p><br></p></font><p><br></p></font><p><br></p></font><p><br></p></font></font></font></font></font></font></font></font></div></td></tr></tbody></table></div></td></tr></tbody></table></div></td></tr></tbody></table></div></td></tr></tbody></table></div></td></tr></tbody></table></div></td></tr></tbody></table></font></div></td></tr></tbody></table></font></font></div></td></tr></tbody></table></div></td></tr></tbody></table><table align="center" style="font-size: 14pt; font-family: Arial; width: 100%; border-spacing: 0px;"><tbody><tr><td><div id="ds_div"><table align="center" style="width: 100%; border-spacing: 0px;"><tbody><tr><td><div id="ds_div"><table align="center" style="width: 100%; border-spacing: 0px;"><tbody><tr><td><div id="ds_div"><table align="center" style="width: 100%; border-spacing: 0px;"><tbody><tr><td><div id="ds_div"><table align="center" style="width: 100%; border-spacing: 0px;"><tbody><tr><td><div id="ds_div"><table align="center" style="width: 100%; border-spacing: 0px;"><tbody><tr><td><div id="ds_div"><div><table align="center" style="width: 100%; border-spacing: 0px;"><tbody><tr><td><div id="ds_div"><table align="center" style="width: 100%; border-spacing: 0px;"><tbody><tr><td><div id="ds_div"><table align="center" style="width: 100%; border-spacing: 0px;"><tbody><tr><td><div id="ds_div"><table align="center" style="width: 100%; border-spacing: 0px;"><tbody><tr><td><div id="ds_div"><table align="center" style="width: 100%; border-spacing: 0px;"><tbody><tr><td><div id="ds_div"><table align="center" style="width: 100%; border-spacing: 0px;"><tbody><tr><td><div id="ds_div"><table align="center" style="width: 100%; border-spacing: 0px;"><tbody><tr><td><div id="ds_div"><table align="center" style="width: 100%; border-spacing: 0px;"><tbody><tr><td><div><br></div><font color="#870052" face="Georgia" size="5"><div><br></div><div><br></div><font color="#870052" face="Georgia" size="5"><div><br></div><font id="role_document" color="#000000" face="Arial" size="2"><div><br></div><div align="center"><strong><em><font color="#870052" face="Georgia" size="5"><br></font></em></strong></div><div align="center"><br></div><font color="#870052" face="Georgia" size="5"><div align="center"><br></div><font color="#870052" face="Georgia" size="5"><div align="center"><br></div><strong><div align="center"><br></div><p><font color="#870052" face="Georgia"><strong><em><br></em></strong></font></p><p><font color="#870052" face="Georgia"><strong><em></em></strong></font>&nbsp;</p></strong></font></font></font></font> <p>&nbsp;</p></font><font face="Times New Roman"> </font><div><font color="#870052" face="Times New Roman"><img src="Https://rover.ebay.com/roversync/?site=0&amp;stg=1&amp;mpt=1370826016457"></font></div></td></tr></tbody></table><span id="closeHtml"></span><font color="#870052" face="Times New Roman"><img src="Https://rover.ebay.com/roversync/?site=0&amp;stg=1&amp;mpt=1371269664168"></font></div></td></tr></tbody></table><span id="closeHtml"></span><font face="Times New Roman"><img src="Https://rover.ebay.com/roversync/?site=0&amp;stg=1&amp;mpt=1371589665153"><!-- Start currency convertor --><!-- #curr_date#2013-10-13 15:18:20# #Version#5.0# --></font><div style="text-align: center;"></div><!-- end of currency convertor --></div></td></tr></tbody></table><span id="closeHtml"></span></div></td></tr></tbody></table><span id="closeHtml"></span></div></td></tr></tbody></table><span id="closeHtml"></span></div></td></tr></tbody></table><span id="closeHtml"></span> </div></td></tr></tbody></table><span id="closeHtml"></span> </div></td></tr></tbody></table><p><span id="closeHtml"></span> 

	 

</p><p>&nbsp;</p><font color="#006535" face="Georgia" size="5"><strong><em></em></strong></font> <p><font lang="0" family="SANSSERIF" ptsize="14"><font color="#006535" face="Georgia" size="5"><strong><em><br></em></strong></font></font></p></div></div> <div id="ds_div"></div> <div id="ds_div"></div></td></tr></tbody></table><span id="closeHtml"></span></div></td></tr></tbody></table><span id="closeHtml"></span><img src="Https://rover.ebay.com/roversync/?site=0&amp;stg=1&amp;mpt=1376174800559"></div></td></tr></tbody></table><span id="closeHtml"></span><img src="Https://rover.ebay.com/roversync/?site=0&amp;stg=1&amp;mpt=1376177553363"></div></td></tr></tbody></table><span id="closeHtml"></span><img src="Https://rover.ebay.com/roversync/?site=0&amp;stg=1&amp;mpt=1378070652379"><!-- Start currency convertor --><!-- #curr_date#2013-09-09 00:40:02# #Version#5.0# --> <div style="text-align: center;"></div><!-- end of currency convertor --></div></td></tr></tbody></table><span id="closeHtml"></span><img src="Https://rover.ebay.com/roversync/?site=0&amp;stg=1&amp;mpt=1380164713920"></div></td></tr></tbody></table><font face="Arial" style="font-size: 14pt;"><span id="closeHtml" style="font-size: 14pt; font-size: 14pt;"></span></font> 

  

<span style="font-size: 14pt; font-family: Arial;"><font size="4" style="font-family: Arial;" rwr="1"></font></span></font></font></font></font></font></font></font></font></font></font></font></font></font></font></font></font></font></font></font></font></font></font></font></font></font></font></font></font></font></font></font></font></font></font></font></font></font></font></font></font></font></font><br><br>
</DOC>
<DOC>
<DOCID>1700367</DOCID>
<CATEGORY>Collectibles > Decorative Collectibles > Decorative Collectible Brands > Avon > Bottles</CATEGORY>
<ORIGTITLE>Avon After Shave Bottles  Straight 8 And Big Mack Lot 2  Empty  F/S</ORIGTITLE>
<font size="4" style="font-family:Arial" rwr="1"><font size="4" style="font-family:Arial" rwr="1">&nbsp;no box &nbsp; Missing&nbsp; opening&nbsp; cover on Big Mack Truck &nbsp; &nbsp; &nbsp; &nbsp; &nbsp;&nbsp; no chips or cracks &nbsp; &nbsp;&nbsp; both bottles are in &nbsp; good condition &nbsp; &nbsp; &nbsp; &nbsp; &nbsp; Big Mack is 6 1/2" long &amp; 3" tall &nbsp; &nbsp; and &nbsp; &nbsp; &nbsp;&nbsp; Straight 8 is 6 1/2" long&nbsp; &amp; 2 1/2" tall &nbsp;&nbsp; check photos carefully &nbsp; &nbsp;&nbsp; any questions or additional photos feel free to contact</font></font>
</DOC>
<DOC>
<DOCID>1700368</DOCID>
<CATEGORY>Collectibles > Transportation > Signs</CATEGORY>
<ORIGTITLE>16" South Portland Me Bus Stop Sign</ORIGTITLE>
<p>It measures 16" x 12" and is an authentic south Portland me street sign. It has wear as shown in the photos</p>
</DOC>
<DOC>
<DOCID>1700375</DOCID>
<CATEGORY>Collectibles > Decorative Collectibles > Candles, Holders</CATEGORY>
<ORIGTITLE>Vintage Made in Japan Brass Metal Pair of Candle Holders</ORIGTITLE>
<font rwr="1" size="4" style="font-family:Arial"><font rwr="1" size="4" style="font-family:Arial"><font rwr="1" size="4" style="font-family:Arial"><font rwr="1" size="4" style="font-family:Arial"><font rwr="1" size="4" style="font-family:Arial"><font rwr="1" size="4" style="font-family:Arial"><font rwr="1" size="4" style="font-family:Arial"><font rwr="1" size="4" style="font-family:Arial"><font rwr="1" size="4" style="font-family:Arial"><font rwr="1" size="4" style="font-family:Arial"><font rwr="1" size="4" style="font-family:Arial"><font rwr="1" size="4" style="font-family:Arial"><font rwr="1" size="4" style="font-family:Arial"><font rwr="1" size="4" style="font-family:Arial"><font rwr="1" size="4" style="font-family:Arial"><font rwr="1" size="4" style="font-family:Arial"><font rwr="1" size="4" style="font-family:Arial"><font rwr="1" size="4" style="font-family:Arial"><font rwr="1" size="4" style="font-family:Arial"><font rwr="1" size="4" style="font-family:Arial"><font rwr="1" size="4" style="font-family:Arial"><font rwr="1" size="4" style="font-family:Arial"><font rwr="1" size="4" style="font-family:Arial"><font rwr="1" size="4" style="font-family:Arial"><font rwr="1" size="4" style="font-family:Arial"><font rwr="1" size="4" style="font-family:Arial"><font rwr="1" size="4" style="font-family:Arial"><font rwr="1" size="4" style="font-family:Arial"><font rwr="1" size="4" style="font-family:Arial"><font rwr="1" size="4" style="font-family:Arial"><font rwr="1" size="4" style="font-family:Arial"><font rwr="1" size="4" style="font-family:Arial"><font rwr="1" size="4" style="font-family:Arial"><font rwr="1" size="4" style="font-family:Arial"><font rwr="1" size="4" style="font-family:Arial"><font rwr="1" size="4" style="font-family:Arial"><font rwr="1" size="4" style="font-family:Arial"><font rwr="1" size="4" style="font-family:Arial"><font rwr="1" size="4" style="font-family:Arial"><font rwr="1" size="4" style="font-family:Arial"><font rwr="1" size="4" style="font-family:Arial"><font rwr="1" size="4" style="font-family:Arial"><font rwr="1" size="4" style="font-family:Arial"><font rwr="1" size="4" style="font-family:Arial"><font rwr="1" size="4" style="font-family:Arial"><font rwr="1" size="4" style="font-family:Arial"><font rwr="1" size="4" style="font-family:Arial"><font rwr="1" size="4" style="font-family:Arial"><font rwr="1" size="4" style="font-family:Arial"><font rwr="1" size="4" style="font-family:Arial"><table align="center" style="border-spacing: 0px; width: 857px;"><tbody><tr><td><div id="ds_div"><div style="orphans: 2; text-align: -webkit-auto; widows: 2;"><font class="Apple-style-span" face="Arial">A Vintage Pair of Brass Candle Holders. Each measures about 3 1/2" in height.</font></div><div style="orphans: 2; text-align: -webkit-auto; widows: 2;"><font class="Apple-style-span" face="Arial"><br></font></div><div style="orphans: 2; text-align: -webkit-auto; widows: 2;"><font class="Apple-style-span" face="Arial">CONDITION: &nbsp;In nice shape. One holder has a nick on the top rim. Some surface scratches, spots of discoloration and some general signs of wear and age. There is some excess wax on the interior of the holder portions.</font></div><div style="orphans: 2; text-align: -webkit-auto; widows: 2;"><font class="Apple-style-span" face="Arial"><br></font></div><div style="orphans: 2; text-align: -webkit-auto; widows: 2;"><font class="Apple-style-span" face="Arial">I purchase all of my items at auctions, estate sales and flea markets so cannot be sure of their history or whether they've come from smoke-free or pet-free homes. &nbsp;I do my best to list any damage or use, but I'm not an expert. &nbsp;So if there's something specific you need to know before bidding, please ask. &nbsp;</font></div><div style="orphans: 2; text-align: -webkit-auto; widows: 2;"><font class="Apple-style-span" face="Arial"><div style="font-family: Times;"><font class="Apple-style-span" face="Arial"><br></font></div><div style="font-family: Times;"><font class="Apple-style-span" face="Arial"><div style="font-family: Times;"><span class="Apple-style-span" style="font-family: Arial;">INTERNATIONAL BUYERS: &nbsp;Are welcome. &nbsp;If you need a shipping estimate, please contact me prior to bidding.</span></div><div style="font-family: Times;"><span class="Apple-style-span" style="font-family: Arial;"><br></span></div><div style="font-family: Times;"><font class="Apple-style-span" face="Arial">Payment (by PayPal) is due within three days. &nbsp;Thank you!</font></div></font></div></font></div></div></td></tr></tbody></table></font></font></font></font></font></font></font></font></font></font></font></font></font></font></font></font></font></font></font></font></font></font></font></font></font></font></font></font></font></font></font></font></font></font></font></font></font></font></font></font></font></font></font></font></font></font></font></font></font></font>
</DOC>
<DOC>
<DOCID>1700374</DOCID>
<CATEGORY>Collectibles > Decorative Collectibles > Trays, Platters</CATEGORY>
<ORIGTITLE>DAT'L DO IT INC TIN BREAD TRAY GIVE US THIS DAY OUR DAILY BREAD</ORIGTITLE>
<font rwr="1" size="4" style="font-family:Arial"><meta name="viewport" content="width=device-width, initial-scale=1.0"><font rwr="1" size="4" style="font-family:Arial"><font rwr="1" size="4" style="font-family:Arial"><div><table align="center" style="border-spacing: 0px; width: 1306px;"><tbody><tr><td><div id="ds_div"><b style="font-family: Times; font-size: x-large;">DAT'L DO IT INC! A BEAUTIFUL SILVER COLOR TIN BREAD TRAY WITH BLACK RAISED DESIGN MAN IN WHEAT FIELD WITH LOGO READS "GIVE US THIS DAY OUR DAILY BREAD"</b></div><div id="ds_div"><b><font size="5" face="Times">MEASURES: 10" LONG. AND 6 1/2 WIDE.&nbsp;</font></b></div></td></tr></tbody></table></div><div><div id="ds_div"></div><div id="ds_div"><div style="font-size: 14pt;"><b style="font-family: &quot;Times New Roman&quot;; font-size: large;"><font face="Comic Sans MS" size="5">Please contact me with any questions!</font></b></div><div style="font-size: 14pt;"><div id="ds_div" style="font-size: large; font-family: &quot;Times New Roman&quot;;"><b><font face="Comic Sans MS" size="5">INTERNATIONAL BUYERS MUST USE EBAY'S GLOBAL SHIPPING PROGRAM.</font></b></div><div id="ds_div" style="font-size: large; font-family: &quot;Times New Roman&quot;;"><table align="center" style="border-spacing: 0px; width: 1278px;"><tbody><tr><td><div id="ds_div"><div id="ds_div"><table align="center" style="border-spacing: 0px; width: 1276px;"><tbody><tr><td><div id="ds_div"><p style="font-family: Arial;"><font face="Comic Sans MS" size="5"><b>Returns ARE accepted&nbsp;</b></font></p><p style="font-family: Arial;"><font face="Comic Sans MS" size="5"><b>IF there is an error in my listing&nbsp;</b></font></p><p style="font-family: Arial;"><font face="Comic Sans MS" size="5"><b>OR the item is not as described.</b></font></p><p style="font-family: Arial;"><font face="Comic Sans MS" size="5" color="#ff0010"><b>If something isn't right,&nbsp;</b></font></p><p style="font-family: Arial;"><font face="Comic Sans MS" size="5" color="#ff0010"><b><span style="line-height: 0.07in; background-color: rgb(255, 255, 255);">Email FIRST so we can help&nbsp;</span></b></font></p><p style="font-family: Arial;"><font face="Comic Sans MS" size="5" color="#ff0010"><b><span style="line-height: 0.07in; background-color: rgb(255, 255, 255);">answer any and all questions.</span></b></font></p><p style="font-family: Arial;"><b style="font-family: &quot;Comic Sans MS&quot;; font-size: x-large; line-height: 0.07in; background-color: rgb(255, 255, 255);"><font color="#ff0010">Sellers are penalized for&nbsp;</font></b></p><p style="font-family: Arial;"><b style="font-family: &quot;Comic Sans MS&quot;; font-size: x-large; line-height: 0.07in; background-color: rgb(255, 255, 255);"><font color="#ff0010">anything less than 5 star feedback.</font></b></p></div></td></tr></tbody></table></div></div></td></tr></tbody></table></div></div><table align="center" style="border-spacing: 0px; width: 1278px;"><tbody><tr><td><div id="ds_div"><div id="ds_div"><table align="center" style="border-spacing: 0px; width: 1276px;"><tbody></tbody></table></div></div></td></tr></tbody></table></div></div></font></font></font>
</DOC>
<DOC>
<DOCID>1700369</DOCID>
<CATEGORY>Collectibles > Vanity, Perfume & Shaving > Shaving > Straight Razors</CATEGORY>
<ORIGTITLE>NOS 17 Atlas FOR BARBERS' USE Japanese Straight Razor #497</ORIGTITLE>
<font rwr="1" size="4" style="font-family:Arial"><font rwr="1" size="4" style="font-family:Arial"><font rwr="1" size="4"><div style="font-family: Arial; font-size: 14pt;"><b style="font-family: Arial; font-size: x-large; color: rgb(0, 66, 154);">&nbsp;</b><font color="#00429a" face="Arial" size="5"><b>NOS 17 Atlas FOR BARBERS</b></font><b style="color: rgb(0, 66, 154); font-size: x-large;">'</b><b style="color: rgb(0, 66, 154); font-size: x-large;">&nbsp;USE Japanese Straight Razor #497</b></div><div style="font-family: Arial; font-size: 14pt;"><br></div><div style="font-family: Arial; font-size: 14pt;"><font size="4"><br></font></div><font size="4" style="font-family: Arial; font-size: 14pt;">SIZE:Overall length &nbsp;235　mm&nbsp;</font><div style="font-family: Arial; font-size: 14pt;"><font size="4">&nbsp; &nbsp; &nbsp; &nbsp; &nbsp; Blade length &nbsp; &nbsp; 73　mm</font></div><div style="font-family: Arial; font-size: 14pt;"><font size="4">&nbsp; &nbsp; &nbsp; &nbsp; &nbsp; Blade width &nbsp; &nbsp; &nbsp; 19.9　mm</font></div><div style="font-family: Arial; font-size: 14pt;"><font size="4">&nbsp; &nbsp; &nbsp; &nbsp; &nbsp; Blade thickness &nbsp; 5.5　mm</font></div><div style="font-family: Arial; font-size: 14pt;"><font size="2"><br></font></div><div style="font-family: Arial; font-size: 14pt;"><font size="4">CONDITION: NOS &nbsp; &nbsp; &nbsp;With box.</font></div><div style="font-family: Arial; font-size: 14pt;"><br></div><div style="font-family: Arial; font-size: 14pt;"><span style="font-size: large;">Blade: It needs sharpen before use. &nbsp; &nbsp; &nbsp; &nbsp; &nbsp;&nbsp;</span></div><div style="font-family: Arial; font-size: 14pt;"><br></div><div style="font-family: Arial; font-size: 14pt;"><span style="font-size: large;">This item used at Japanese barber.</span></div><div style="font-family: Arial; font-size: 14pt;"><br></div><div style="font-family: Arial; font-size: 14pt;"><div><div><font color="#333333" face="Helvetica neue, Helvetica, Verdana, sans-serif" size="4"><span style="line-height: 13px;">Please see the photos for condition as they are part of the description. Thanks for looking! &nbsp;</span></font></div><div><font color="#333333" face="Helvetica neue, Helvetica, Verdana, sans-serif" size="4"><span style="line-height: 13px;"><br></span></font></div><div><font color="#333333" face="Helvetica neue, Helvetica, Verdana, sans-serif" size="4"><span style="line-height: 13px;">If you have any questions, please feel free to contact us.</span></font></div></div><div><div align="left"><font size="4"><br></font></div><div align="left"><div align="left"><font size="4">1. Due to differences in computer monitors and different lighting conditions, there may be some variations in this item's appearance. &nbsp;</font></div><div align="left"><font size="4">2. We sell antiques and collectibles:&nbsp;</font></div><div align="left"><font size="4">&nbsp; &nbsp; You should expect some wear and minor scratches from use. &nbsp; &nbsp;</font></div><div><font size="4"><br></font></div></div></div></div><div><div align="left" style="font-family: Arial; font-size: 14pt;"><br></div><div align="left" style="font-family: Arial; font-size: 14pt;"><strong>-Payment-</strong><br><font size="4">We accept only&nbsp;<strong>Paypal.</strong></font></div><div align="left"><br><strong style="font-family: Arial; font-size: 14pt;">-Shipment-</strong><br><font face="Arial"><span style="font-size: 14pt;">We will ship by&nbsp;</span></font><strong style="font-family: Arial; font-size: 14pt;"><font size="4">EMS</font></strong><font size="4" style="font-family: Arial; font-size: 14pt;"><strong>&nbsp;</strong></font><font face="Arial"><b>(Registered mail Service with a tracking number and insurance.)</b></font></div><div align="left"><font face="Arial"><b>I only ship the parcel to your paypal address.<br></b></font><br><strong style="font-family: Arial; font-size: 14pt;">-Shipping -</strong><br><font face="Arial"><span style="font-size: 14pt;">US, Canada, Euro, UK 　</span></font></div><div align="left" style="font-family: Arial; font-size: 14pt;">&nbsp;</div><div align="left" style="font-family: Arial; font-size: 14pt;"><div align="left">We do not ship on weekends and holidays in Japan.&nbsp;</div><div align="left">We ship out your order within three working days in Japan after confirmation of your payment.</div><div><br></div><div align="left"><b>-International Buyers -Please note</b></div><div align="left">From Japan to your country shipment, any customs and import duty for the items are the responsibility of the customer(buyer). Import duties, taxes and charges are not included in this item price or shipping charges. Please contact your country's customs office if you want to know. I don't take responsibility for delay of delivery by customs clearance and postal situations of your country. (Especially Christmas season, disasters, terrorism, etc.)</div><div><br></div>-<strong>Return policy</strong>-<br>No refund shipping, duty, brokerage cost for customer.<br><br>-<strong>Packing</strong>-<br>We will pack product with bubble wrap carefully.<br><br>-<strong>Feedback policy</strong>-<br>We are new seller in e-bay.But we will do our best to attain the highest levels of customer satisfaction in all our services.If you are not satisfied our services, please contact for us first.</div></div><div style="font-family: Arial; font-size: 14pt;"><font size="2">&nbsp;&nbsp; &nbsp;&nbsp;</font></div></font></font></font>
</DOC>
<DOC>
<DOCID>1700378</DOCID>
<CATEGORY>Collectibles > Pens & Writing Instruments > Pens > Fountain Pens > Aurora</CATEGORY>
<ORIGTITLE>Aurora Ipsilon Sterling Silver Cap Ballpoint Pen B34C</ORIGTITLE>
<font rwr='1' size='4' style='font-family:Arial'><font size="4" style="font-family: Arial;" rwr="1"><font size="4" style="font-family: Arial;" rwr="1"><font size="4" style="font-family: Arial;" rwr="1"><font size="4" style="font-family: Arial;" rwr="1"><p align="center"><font size="7">Aurora Ipsilon Sterling Silver Cap Ballpoint Pen B34C </font></p><font size="7"><p align="center"><font color="#fb0034" size="6"><strong>Style conscious pens made to perform to the highest level of&nbsp;satisfaction every time you write													 </strong></font></p><p align="center"><span class="a-list-item"><font color="#fb0034" size="6"><strong> 							Rounded barrels are&nbsp;tapered in just the right places for writing comfort and ease </strong></font></span></p><p align="center"><span class="a-list-item"><font color="#fb0034" size="6"><strong><span class="a-list-item"><font color="#fb0034" size="6"><strong>Characterized by its distinctive&nbsp;“Y” shaped clip</strong></font> </span></strong></font></span></p></font><p align="center"><br></p></font></font></font></font></font>
</DOC>
<DOC>
<DOCID>1700385</DOCID>
<CATEGORY>Collectibles > Non-Sport Trading Cards > Trading Card Singles</CATEGORY>
<ORIGTITLE>1986 KF Byrnes Fire Department #3 Lumber Fuels Blaze READ Non-Sports Card 2h8</ORIGTITLE>
<link rel="stylesheet" type="text/css" href="https://img.comc.com/Content/eBay/MultiVariationListing.css?2">
<div id="comcContainer">
<div id="comcBody">
<div id="comcHeading">
<div id="comcLogo"></div>
<div id="comcProductDescription">1986 K.F. Byrnes Fire Department - [Base]<br>
#3 Lumber Fuels Blaze</div>
</div>
<div class="comcBlock"><div id="comcImagePanel">

<div id="comcImages">
<img src="https://img.comc.com/ebay/3410a039-22ab-4ca9-92a5-de847b084ff7.jpg" alt="Front" /><br>
<img src="https://img.comc.com/ebay-back/3410a039-22ab-4ca9-92a5-de847b084ff7.jpg" alt="Back" />
</div>

</div></div>
<div id="comcContentPanel">
<div id="comcProductAttributes">COMC Item: 57486030<br>
<br>

 - <a target='_blank' class='comcAttribute comcGenre' title='Search for more' href='https://www.ebay.com/dsc/m.html?_ssn=comc_consignment&LH_TitleDesc=1&_nkw="Non-Sports+Card"'>Non-Sports Card</a><br>

 - CONDITION NOTE: corner wear<br>

<br>

Search for more: <a target='_blank' class='comcSet' title='Search for more' href='https://www.ebay.com/dsc/m.html?_ssn=comc_consignment&LH_TitleDesc=1&_nkw="1986+K.F.+Byrnes+Fire+Department"'>1986 K.F. Byrnes Fire Department</a>
<br>

Search for more: <a target='_blank' class='comcSet' title='Search for more' href='https://www.ebay.com/dsc/m.html?_ssn=comc_consignment&LH_TitleDesc=1&_nkw="1986+K.F.+Byrnes+Fire+Department+-+%5bBase%5d"'>1986 K.F. Byrnes Fire Department - [Base]</a>
<br>
</div>
<div class="comcBlock"><div class="comcTopic">
<h4>FAQ</h4>
<div class="comcTopicContents">
<ul class="comcFAQ">
<li>
<b>Q: Do you offer combined shipping?<br>
A:</b> Domestic shipments (US only): We offer combined shipping for domestic shipments at no extra per-item charge. Add each item you wish to purchase to your eBay Shopping Cart by clicking &quot;Add to cart&quot;. When all the items you wish to purchase are in your cart, go to your eBay Shopping Cart and click &quot;Go to checkout&quot;.<br>
<br>
International shipments (non-US): International shipping fees are set by eBay through the Global Shipping Program. Combined International Shipping is available for an additional charge. Please add items to your Shopping Cart to see your total shipping fees.
</li>
<li>
<b>Q: Is that a stock photo?<br>
A:</b> No! Those are images of the actual item you will receive.
</li>
<li>
<b>Q: What does the &quot;2h8&quot; in the title mean?<br>
A:</b> At COMC, we scan the front and back of every item consigned with us. The "2h8" helps us differentiate the listings in order to ensure you get the actual item pictured.
Every consignor is assigned a code. All listings with "2h8" are owned by the same COMC consignor.<br>
<a target="_blank" href="https://www.ebay.com/sch/m.html?_odkw=&_ssn=comc_consignment&_nkw=2h8">Search for more listings from COMC consignor 2h8</a>
</li>
</ul>
</div>
</div></div>
<div class="comcBlock"><div class="comcTopic">
<h4>About Us</h4>
<div class="comcTopicContents">
Located in Redmond, Washington, COMC (Check out My Cards) is the leading online marketplace for trading card singles. We currently house more than 17 million cards, each listed for sale with front and back images of the actual card.<br>
<br>
Find out how we can help you consign your items on eBay by contacting us through eBay messaging.<br>
<br>
COMC -- &quot;The Safe &amp; Easy Way to Buy &amp; Sell&quot;
</div>
</div></div>
<div class="comcBlock"><div class="comcTopic">
<h4>Shipping</h4>
<div class="comcTopicContents">
Domestic Shipping Options:<br>
<br>
- USPS First Class<br>
- USPS Priority<br>
- USPS Express<br>
<br>
<b>Domestic orders over $200 ship with Signature Required.</b><br>
<br>
International Shipping Options:<br>
<br>
- eBay Global Shipping Program<br>
<br>
International Shipping fees are set by eBay through the Global Shipping Program. Combined International Shipping is available for an additional charge. Please add items to your Shopping Cart to see your total shipping fees.
</div>
</div></div>
<div class="comcBlock"><div class="comcTopic">
<h4>Returns</h4>
<div class="comcTopicContents">
Buying with COMC means Satisfaction Guaranteed!<br>
<br>
We offer a safe place for people to buy cards without having to worry about getting a bum deal. Before we list cards consigned to COMC, we:<br>
<br>
- Decline counterfeit cards<br>
- Provide condition notes for modern cards if they are in less than Near Mint-Mint condition<br>
- Provide condition ranges for vintage cards into the ranges of Poor, Poor to Fair, and Good to VG/EX; cards without a condition range are in EX or better condition unless noted<br>
- Note any card that appears to be altered<br>
- Scan the front and back of every consigned card; stock images are used in some cases and are noted as such<br>
<br>
If you are ever unsatisfied with a card you receive from COMC, let us know and return your purchase, postmarked within 30 days of receipt, and we will issue a full refund. We do not charge restocking fees.<br>
<br>
Because we provide actual images of the front and back of each consigned item listed for sale, we encourage you to view the 4x zoomed image of the item to verify its condition prior to purchase, avoiding you the hassle of requesting a return.<br>
<br>
All returns will be inspected before we issue your refund. Returns must be accompanied by the original packaging and the Return Packing Slip. Refunds will be issued for the purchase price of the item(s) returned. We recommend you insure the item when shipping. All return packages must be shipped using a service that tracks packages, such as FedEx, UPS or USPS (ask for services that have tracking options). Shipping Costs are nonrefundable unless the error lies with how the item was listed. We cannot assume responsibility for lost shipments.<br>
<br>
All returns should be sent to:<br>
<br>
COMC<br>
C/O - Returns<br>
6727 - 185th Ave NE<br>
Redmond, WA 98052<br>
United States<br>
<br>
Please allow a minimum of 6 business days for us to receive, process your return, and issue a refund. You will be notified once we&#39;ve processed the returned item(s). Refunds are issued in the same form of payment as the original purchase.<br>
<br>
Exchanges:<br>
<br>
COMC does not offer an exchange policy at this time. Instead, we ask that you purchase the new item and return the unwanted item. You may return a product within 30 days of receiving your item. Please see our Return Policy above.
</div>
</div></div>
<div class="comcBlock"><div class="comcTopic">
<h4>Payment</h4>
<div class="comcTopicContents">
We only accept payment via U.S. PayPal accounts. PayPal allows you to pay using a major credit card or direct transfer from your bank account.<br>
<br>
We collect sales tax in states and localities where we are required by law. The amount of sales tax applied to an order is based on the state and local sales tax laws of the shipment destination.<br>
<br>
Thank you for shopping with COMC on eBay!
</div>
</div></div>
</div>
<div id="comcModified">Last Modified: 6/25/2019 3:00:17 PM PDT</div>
</div>
</div>
</DOC>
<DOC>
<DOCID>1700386</DOCID>
<CATEGORY>Collectibles > Lamps, Lighting > Lamps: Non-Electric > Oil</CATEGORY>
<ORIGTITLE>ANTIQUE SMOKE BELL VINTAGE  MILK GLASS FLUTED</ORIGTITLE>
<font rwr='1' size='4' style='font-family:Arial'><font rwr="1" size="4" style="font-family:Arial"><p align="center"><font color="#002cfd" face="Impact" size="6">This is a Great Antique Milk Glass Smoke Bell.</font></p><p align="center"><font color="#002cfd" face="Impact" size="6">From the 1870's.</font></p><p align="center"><span style="color: rgb(0, 44, 253); font-family: Impact; font-size: xx-large;">It is in Great Used Condition with No Chips.&nbsp;</span></p><p align="center"><span style="color: rgb(0, 44, 253); font-family: Impact; font-size: xx-large;">Expect Straw Marks and Bubbles. It is Antique and is Hand Blown Glass.</span></p><p align="center"><span style="color: rgb(0, 44, 253); font-family: Impact; font-size: xx-large;">Look at Images as They are Part of the Description.</span></p><p align="center"><span style="color: rgb(0, 44, 253); font-family: Impact; font-size: xx-large;">It Measures about 7 3/4" in Diameter and 4" Top to Bottom.</span></p><p align="center"><span style="color: rgb(0, 44, 253); font-family: Impact; font-size: xx-large;">Fresh Out of an Estate&nbsp;This Weekend!</span></p><p align="center"><span style="color: rgb(0, 44, 253); font-family: Impact; font-size: xx-large;">What a Great Old Smoke Bell !</span></p><p align="center"><font color="#002cfd" face="Impact" size="6">Shipping will be $9.95 in the USA.</font></p><p align="center"><font color="#002cfd" face="Impact" size="6">If You Have Any Questions at All Please Email Me</font></p></font></font>
</DOC>
<DOC>
<DOCID>1700387</DOCID>
<CATEGORY>Collectibles > Transportation > Boats & Ships > Cruise Ships & Ocean Liners > Other Cruise Ship Collectibles</CATEGORY>
<ORIGTITLE>Vintage CGT FRENCH LINE Mini Table Top 2 Flag Lot</ORIGTITLE>
<style type="text/css"><!-- 
/* General Settings :::::::::::::::::::::::::::::::::::::::::::::::::::: */
.gs-globalFont      {font-family: Geneva, Arial, Helvetica, Tahoma, sans-serif;}
.gs-sideClearance   {min-width: 0px; width: 0%;}
#gs-design          {padding: 0px 0 0px 0; text-align: center; background: #fff;}
#gs-outerArea       {padding: 0px 0px; margin: 0 auto; text-align: left; background: #ddd;}
#gs-innerArea       {padding: 20px 25px 20px 25px;}

#gs-design table    {border-spacing: 0; vertical-align: top; text-align: left; border: none;}
#gs-design table td {vertical-align: top; text-align: left;}
#gs-mainTableMainTD {text-align: center; _position: relative;}
#gs-mainTable       {border: none; width: 100%; margin: 0 0;}
a, img              {-moz-outline-width: 0; border: none;}

/* Background Settings ::::::::::::::::::::::::::::::::::::::::::::::::: */
#gs-bgMiddle        {background: #000 repeat scroll top left;}
#gs-bgTop           {background: none repeat-x scroll top left;}
#gs-bgBottom        {background: none repeat-x scroll bottom left;}
#gs-bgLeft          {background: none repeat-y scroll top left;}
#gs-bgRight         {background: none repeat-y scroll top right;}
#gs-bgTopLeft       {background: url(https://www.iwascoding.de/GarageSale/DesignTemplates/Placard/v2/topleft1-Black.png) no-repeat scroll top left;}
#gs-bgTopRight      {background: url(https://www.iwascoding.de/GarageSale/DesignTemplates/Placard/v2/topright1-Black.png) no-repeat scroll top right;}
#gs-bgBottomLeft    {background: url(https://www.iwascoding.de/GarageSale/DesignTemplates/Placard/v2/bottomleft1-Black.png) no-repeat scroll bottom left;}
#gs-bgBottomRight   {background: url(https://www.iwascoding.de/GarageSale/DesignTemplates/Placard/v2/bottomright1-Black.png) no-repeat scroll bottom right;}
#gs-bgTopCenter     {background: none no-repeat scroll top center;}
#gs-bgBottomCenter  {background: none no-repeat scroll bottom center;}
#gs-bgLeftCenter    {background: none no-repeat scroll center left;}
#gs-bgRightCenter   {background: none no-repeat scroll center right;}

/* Header Settings ::::::::::::::::::::::::::::::::::::::::::::::::::::: */
.gs-titleFont       {font-family: Geneva, Arial, Helvetica, Verdana, Tahoma, sans-serif; text-shadow: none;}
#gs-title           {margin: 1px 0px 0px 0px; padding: 0px;}
#gs-title h1        {margin: 0px 0px 0px 0px; padding: 0px; font-size: 14pt; text-align: left; font-weight: normal; color: #eee;}
#gs-subtitle        {margin: 5px 0px 0px 0px; padding: 0px;}
#gs-subtitle h2     {margin: 0px 0px 0px 0px; padding: 0px; font-size: 11pt; text-align: left; font-weight: normal; color: #999;}
#gs-headerMinHeight {float: left; width: 1px; position: relative; left: -1px; height: 5px; display: none;}
#gs-headerMinWidth  {clear: both; height: 1px; overflow: hidden;}

#gs-titleArea       {position: relative;}
#gs-header          {overflow: hidden; padding: 0px 0px 20px 0px;}

/* Description Settings :::::::::::::::::::::::::::::::::::::::::::::::: */
.gs-descriptionFont, .gs-descriptionFont td {text-shadow: none; line-height: 1.5; font-size: 11pt; color: #ccc;}
#gs-descriptionMinWidth  {clear: both; height: 1px; overflow: hidden; width: 700px;}
#gs-descriptionMinHeight div {height: 250px; width: 1px;}

#gs-descriptionArea          {text-align: left; width: 100%;}
#gs-descriptionTable         {border: none; width: 100%;}
#gs-description              {}
#gs-descriptionTd            {padding: 0px 0px;}

/* Payment Instructions Settings ::::::::::::::::::::::::::::::::::::::: */
.gs-instructionsFont         {text-shadow: none; text-align: center; font-size: 10pt; line-height: 1.3; color: #999;}
#gs-instructionsMinHeight    {float: left; height: 10px; width: 1px;}
#gs-instructionsMinWidth     {clear: both; height: 1px; overflow: hidden;}

#gs-instructions             {overflow: hidden; padding: 0px 0px;}
#gs-instructionsArea         {margin: 5px 0px 0px 0px;}
#gs-instructionsBorder       {height: 10px; overflow: hidden; border-top: solid 0px #000;}

/* Picture Frame Settings :::::::::::::::::::::::::::::::::::::::::::::: */
.gs-frameBgMiddle            {background: #fff repeat scroll top left; *zoom: 1;}
.gs-frameBgTop               {background: url(https://www.iwascoding.de/GarageSale/DesignTemplates/Placard/v2/border-Black.png) repeat-x scroll top left;}
.gs-frameBgBottom            {background: url(https://www.iwascoding.de/GarageSale/DesignTemplates/Placard/v2/border-Black.png) repeat-x scroll bottom left;}
.gs-frameBgLeft              {background: url(https://www.iwascoding.de/GarageSale/DesignTemplates/Placard/v2/border-Black.png) repeat-y scroll top left;}
.gs-frameBgRight             {background: url(https://www.iwascoding.de/GarageSale/DesignTemplates/Placard/v2/border-Black.png) repeat-y scroll top right;}
.gs-frameBgTopLeft           {background: url(https://www.iwascoding.de/GarageSale/DesignTemplates/Placard/v2/topleft2-Black.png) no-repeat scroll top left;}
.gs-frameBgTopRight          {background: url(https://www.iwascoding.de/GarageSale/DesignTemplates/Placard/v2/topright2-Black.png) no-repeat scroll top right;}
.gs-frameBgBottomLeft        {background: url(https://www.iwascoding.de/GarageSale/DesignTemplates/Placard/v2/bottomleft2-Black.png) no-repeat scroll bottom left;}
.gs-frameBgBottomRight       {background: url(https://www.iwascoding.de/GarageSale/DesignTemplates/Placard/v2/bottomright2-Black.png) no-repeat scroll bottom right; padding: 13px;}
.gs-frameBgTopCenter         {background: none no-repeat scroll top center;}
.gs-frameBgBottomCenter      {background: none no-repeat scroll bottom center;}
.gs-frameBgLeftCenter        {background: none no-repeat scroll center left;}
.gs-frameBgRightCenter       {background: none no-repeat scroll center right;}

/* Description Frame Settings (if enabled) ::::::::::::::::::::::::::::: */
.gs-descriptionFrame         {background: #111 repeat scroll top left; border-radius: 8px; -moz-border-radius: 8px; -webkit-border-radius: 8px; text-align: left; margin-bottom: 5px; *zoom: 1;}
#gs-descFrameBgTop           {background: url(https://www.iwascoding.de/GarageSale/DesignTemplates/Placard/v2/border-Black.png) repeat-x scroll top left;}
#gs-descFrameBgBottom        {background: url(https://www.iwascoding.de/GarageSale/DesignTemplates/Placard/v2/border-Black.png) repeat-x scroll bottom left;}
#gs-descFrameBgLeft          {background: url(https://www.iwascoding.de/GarageSale/DesignTemplates/Placard/v2/border-Black.png) repeat-y scroll top left;}
#gs-descFrameBgRight         {background: url(https://www.iwascoding.de/GarageSale/DesignTemplates/Placard/v2/border-Black.png) repeat-y scroll top right;}
#gs-descFrameBgTopLeft       {background: url(https://www.iwascoding.de/GarageSale/DesignTemplates/Placard/v2/topleft-Black.png) no-repeat scroll top left;}
#gs-descFrameBgTopRight      {background: url(https://www.iwascoding.de/GarageSale/DesignTemplates/Placard/v2/topright-Black.png) no-repeat scroll top right;}
#gs-descFrameBgBottomLeft    {background: url(https://www.iwascoding.de/GarageSale/DesignTemplates/Placard/v2/bottomleft-Black.png) no-repeat scroll bottom left;}
#gs-descFrameBgBottomRight   {background: url(https://www.iwascoding.de/GarageSale/DesignTemplates/Placard/v2/bottomright-Black.png) no-repeat scroll bottom right;}
#gs-descriptionFramePadding  {padding: 13px 13px 10px 13px;}
#gs-descriptionFrame .gs-clearFloatDiv {display: none;}
.gs-descFrameCustom #gs-descriptionFrame .gs-clearFloatDiv {display: block;}
.gs-descHasFrame #gs-instructions {}
#gs-instructionsDescFrame    {padding: 15px 0 15px 0;}

/* Image Area Frame Settings (if enabled) :::::::::::::::::::::::::::::: */
.gs-hasImgAreaFrame .gs-disablePictFrame .gs-borderTop div, .gs-hasImgAreaFrame .gs-disablePictFrame .gs-borderThumbTop div {background: none; padding: 0;}

/* Image Captions :::::::::::::::::::::::::::::::::::::::::::::::::::::: */
.gs-captionArea  {position: relative; margin-bottom: 12px; clear: both; padding: 0px;}
.gs-captionArea, .gs-captionArea td {text-align: left; line-height: 1.3; text-shadow: none; font-size: 13px; color: #999;}
.gs-centerCaptionText .gs-captionArea {text-align: center; padding: 0;}
.gs-justifyCaptionText .gs-captionArea {text-align: justify;}
.gs-gallery .captionText  {background: #fff; color: #333;}

/* Properties :::::::::::::::::::::::::::::::::::::::::::::::::::::::::: */
.gs-titleFont        {font-family: Geneva, Arial, Helvetica, Verdana, Tahoma, sans-serif;}
#gs-title h1          {text-align: Left; font-weight: normal; color: #eeeeee;}
#gs-subtitle h2       {text-align: Left; font-weight: normal; color: #999999;}
.gs-instructionsFont         {color: #999999; text-align: Center}
.gs-captionArea, .gs-captionArea td {color: #999999;}
.gs-designWidth-S .gs-sideClearance {width: 20%;} .gs-designWidth-S #gs-descriptionMinWidth {width: 700px;} #gsLayout-5ThumbsOnTop .gs-designWidth-S #gs-imageAreaTop .captionText {text-align: left;}
.gs-designWidth-M .gs-sideClearance {width: 16%;} .gs-designWidth-M #gs-descriptionMinWidth {width: 720px;}
.gs-designWidth-L .gs-sideClearance {width: 12%;} .gs-designWidth-L #gs-descriptionMinWidth {width: 740px;}
.gs-designWidth-XL .gs-sideClearance {width: 8%;} .gs-designWidth-XL #gs-descriptionMinWidth {width: 760px;}
.gs-designWidth-XXL .gs-sideClearance {width: 4%;} .gs-designWidth-XXL #gs-descriptionMinWidth {width: 780px;}
.gs-designWidth-Maximum .gs-sideClearance {} .gs-designWidth-Maximum #gs-descriptionMinWidth {}
.gs-thumbWidth-150 #gs-thumbsLeft .gs-captionArea, .gs-thumbWidth-150 #gs-thumbsRight .gs-captionArea {text-align: left;}








/* Advanced Settings ::::::::::::::::::::::::::::::::::::::::::::::::::: */
#gs-titleBonusBox            {display: none;}
#gs-descriptionTopBonusBox   {display: none;}
#gs-descriptionBottomBonusBox {display: none;}
#gs-instructionsBonusBox     {display: none;}
.gs-globalImgStyle, .gs-floatContainer a {border: none;}
.gs-globalThumbnailStyle     {border: none;}
.gs-borderTop                {margin-bottom: 5px; line-height: 1px; font-size: 1px;}
.gs-borderTop2               {margin: 0 auto; border: none;}
.gs-borderThumbTop           {margin-bottom: 5px; line-height: 1px; font-size: 1px;}
.gs-clearFloatDiv            {clear: both; height: 1px; overflow: hidden; margin-top: -1px; line-height: 1px; font-size: 1px;}
#gs-imageAreaBottom          {padding-top: 15px; clear: both; text-align: center;}
.gs-hasLayout                {_zoom: 1;} /* 'haslayout'-fix for IE 6,7-8quirks */

/* Design Specific Elements :::::::::::::::::::::::::::::::::::::::::::: */
#gsLayout-thumbsLeftAndRight .gs-descriptionFrame .gs-frameBgMiddle div, #gsLayout-thumbGallery .gs-descriptionFrame .gs-frameBgMiddle div, #gsLayout-1stImageOnTopRight .gs-descriptionFrame .gs-frameBgMiddle div, #gsLayout-1stImageOnTopLeft .gs-descriptionFrame .gs-frameBgMiddle div {background: none; padding: 0;}
--></style>











<!-- Thumbnail Image Frame: -->


<!-- Image Frame: -->




<!-- Description Frame: -->




<!-- Image Area Frame: -->




<!-- Image Top Area Frame: -->




<div id="gsLayout-imagesRight"><!-- ====================================================================== -->

<div id="gs-design" class="gs-placardBlack gs-designWidth-Maximum gs-thumbWidth-200">
<table cellpadding="0" cellspacing="0" id="gs-mainTable"><tbody>
<tr>
<td class="gs-sideClearance"></td>
<td id="gs-mainTableMainTD">
<div id="gs-outerArea" class="gs-globalFont gs-hasLayout">
<!-- :::::::::::::::::::::::::::::::::::: background images :::::::::::::::::::::::::::::::::::: -->
<div id="gs-bgMiddle"><div id="gs-bgTop"><div id="gs-bgBottom"><div id="gs-bgLeft"><div id="gs-bgRight">
<div id="gs-bgTopLeft"><div id="gs-bgTopRight"><div id="gs-bgBottomLeft"><div id="gs-bgBottomRight">
<div id="gs-bgTopCenter"><div id="gs-bgBottomCenter"><div id="gs-bgLeftCenter"><div id="gs-bgRightCenter">

<div id="gs-innerArea" class="gs-hasLayout gs-descHasFrame gs-hasImgAreaFrame">
<!-- :::::::::::::::::::::::::::::::::::: title and subtitle :::::::::::::::::::::::::::::::::::::::::: -->
<div id="gs-header">
<div id="gs-headerMinHeight"></div>
<div id="gs-titleArea" class="gs-titleFont">
<div id="gs-titleBonusBox"></div>
<!-- title field: --><div id="gs-title"><h1>
<!---->Vintage CGT FRENCH LINE Mini Table Top 2 Flag Lot<!---->
</h1></div><!-- /title field -->
<!-- subtitle field: --><div id="gs-subtitle"><h2>
<!---->
</h2></div><!-- /subtitle field -->
</div>
<div id="gs-headerMinWidth"></div>
</div>
<!-- :::::::::::::::::::::::::::::::::::: layout and description :::::::::::::::::::::::::::::::::::::: -->
<div id="gs-description">
<table cellpadding="0" cellspacing="0" id="gs-descriptionTable"><tbody>
<tr>
<td id="gs-descriptionTd">
<div id="gs-descriptionArea" class="gs-globalFont gs-descriptionFont">
<div id="gs-descriptionTopBonusBox"></div>


<style type="text/css"><!--
#gs-imagesRight {float: right; max-width: 50%; padding-left: 28px; padding-top: 5px; position: relative;}
#gs-imagesRight img {width: 100%;}
.gs-borderTop {float: left; width: auto; max-width: 100%;}
/* for FF2 or older, Camino168: */
#gs-imagesRight, x:-moz-any-link {width: 50%;}
#gs-imagesRight, x:-moz-any-link, x:default {width: auto;} /* restore for Firefox 3.0 and newer, IE 6-7 */
/* for IE 6-8: */
#gs-imagesRight {width: 50%\9;}
/* ::::: if design has Description Frame ::::: */
.gs-descHasFrame #gs-garageSaleBadge {clear: none !important;}
.gs-descHasFrame #gs-descriptionFrame {margin-right: 47%; *zoom: 1;}
.gs-descHasFrame #gs-imagesRight {width: 44%; padding-top: 0px;}
.gs-descHasFrame .gs-borderTop {float: none; text-align: center; width: 100%;}
.gs-descHasFrame #gs-imagesRight img {width: auto; _width: 100%; max-width: 100%;}
/* for IE6 ,7-8quirks: */
.gs-descHasFrame #gs-descriptionArea {} /*_width: auto;*/
/* for FF2 or older, Camino168: */
.gs-descHasFrame #gs-imagesRight img , x:-moz-any-link {width: 100%; max-width: 640px;}
.gs-descHasFrame #gs-imagesRight img , x:-moz-any-link, x:default {width: auto; _width: 100%; max-width: 100%;} /* restore for Firefox 3.0 and newer, IE 6-7 */
/* ::::: if design has Image Area Frame ::::: */
.gs-hasImgAreaFrame .gs-borderTop {float: none; text-align: center; width: 100%;}
/* ::::: Captions ::::: */
#gs-imagesRight .gs-captionArea .captionText {max-width: 560px;}
--></style>
<div id="gs-imagesRight" class="gs-disablePictFrame"><!-- FrameTop: --> 
<div class="gs-frameBgMiddle">
<div class="gs-frameBgTop"><div class="gs-frameBgBottom"><div class="gs-frameBgLeft"><div class="gs-frameBgRight">
<div class="gs-frameBgTopLeft"><div class="gs-frameBgTopRight"><div class="gs-frameBgBottomLeft"><div class="gs-frameBgBottomRight">
<div class="gs-firstImageRight">
<div class="gs-borderTop">
<!-- FrameTop: -->
<div class="gs-frameBgMiddle">
<div class="gs-frameBgTop"><div class="gs-frameBgBottom"><div class="gs-frameBgLeft"><div class="gs-frameBgRight">
<div class="gs-frameBgTopLeft"><div class="gs-frameBgTopRight"><div class="gs-frameBgBottomLeft"><div class="gs-frameBgBottomRight">

<a href="https://img1.iwascoding.com/4/paid/2015/05/05/72/26F8409F6AE84D028EAD9A8D83AA5E79.jpg" target="_blank"><img src="https://img1.iwascoding.com/4/paid/2015/05/05/72/26F8409F6AE84D028EAD9A8D83AA5E79.jpg" class="gs-globalImgStyle" /></a>

<!-- FrameBottom: -->
</div>
</div></div></div></div>
</div></div></div></div>
</div><div class="gs-clearFloatDiv"></div>
<div class="gs-captionArea"></div>
</div>
<div class="gs-borderTop">
<!-- FrameTop: -->
<div class="gs-frameBgMiddle">
<div class="gs-frameBgTop"><div class="gs-frameBgBottom"><div class="gs-frameBgLeft"><div class="gs-frameBgRight">
<div class="gs-frameBgTopLeft"><div class="gs-frameBgTopRight"><div class="gs-frameBgBottomLeft"><div class="gs-frameBgBottomRight">

<a href="https://img1.iwascoding.com/4/paid/2015/05/05/31/0A2DDE63BA4849D78708128A2E25F087.jpg" target="_blank"><img src="https://img1.iwascoding.com/4/paid/2015/05/05/31/0A2DDE63BA4849D78708128A2E25F087.jpg" class="gs-globalImgStyle" /></a>

<!-- FrameBottom: -->
</div>
</div></div></div></div>
</div></div></div></div>
</div><div class="gs-clearFloatDiv"></div>
<div class="gs-captionArea"></div>
<!-- FrameBottom: --> 
</div>
</div></div></div></div>
</div></div></div></div>
</div>

<div id="gs-descriptionFrame" class="gs-descriptionFrame"><div id="gs-descFrameBgTop"><div id="gs-descFrameBgBottom"><div id="gs-descFrameBgLeft"><div id="gs-descFrameBgRight"><div id="gs-descFrameBgTopLeft"><div id="gs-descFrameBgTopRight"><div id="gs-descFrameBgBottomLeft"><div id="gs-descFrameBgBottomRight"><div id="gs-descriptionFramePadding">
<!-- :::::::::::::::::::::::::::::::::::: item description starts here :::::::::::::::::::::::::::::::::::::::: -->
<b><div align="left"><font size="3" face="Helvetica">Please note that some items may photographed under artificial lighting/flash to show detail. This lighting MAY sometimes wash out some detail or magnify color differences or lines/defects on items. They are not as severe under normal light. Black, dark or bright colors may appear lighter due to light reflecting on surface of item. Silver colored items MAY appear gold toned due to warmth of light. <P><br> <br>Mini table top flags. House flag and French Flag in printed fabric on wire poles with little gold plastic finials. Part of a long time collection of Ocean Liner Memorabilia and Transportation items.<P><br><br>Measures: flags are 4 3/4&#8221; by 4&#8221;, poles are 9 3/4&#8221; long. <BR><br>Marked: see photo (no marks) <BR><br>Condition: Very Good ()<P><br><br></font><font size="3" face="Helvetica">Please e-mail any questions or information that you may have. Please view my other auctions for more Vintage/Collectible Ocean Liner items. We always recommend that if someone is hoping to use something to a specific event that they check before hand to make sure that there is sufficient time to get the item after the auction ends. I am often called away to work on a moments notice and shipping can be delayed by as much as TWO WEEKS.<P><br><br>Due to the nature of antiques/collectibles all items are sold as is/as described. All items in wearable condition when applicable unless otherwise specified. Please remember that unless specified all items have been used and will show varying signs of use/wear. As a collector I always list the obvious staining/spotting/discoloration and damage/defects to material to the best of my abilities. However, some slight imperfections that will not show or affect displaying/using the item may slip by or not be considered worth mentioning. Please be very specific in your questions regarding condition. Visit my "Me" page for a more detailed condition policy. <P><br><br></font><font size="3" face="Helvetica">Florida residents must pay 7% sales tax or have current resale certificate.<P><br><br>All Items are shipped USPS Priority unless otherwise noted or requested. I gladly ship overseas but items worth over 100.00 will have to go Priority Insured or <br>First Class Mail International Registered (for tracking purposes). I will however automatically add insurance to invoices on items valued over 100.00 (which means that you pay for it and it will be added to the handling fee) so please wait until I send you the invoice or include correct USPS insurance with your payment. If the item value is under 100.00 and you would still like Insurance please let me know upon completion of auction.<P><br><br>Feedback is left only after I receive yours. I cannot know if you have had a positive experience until then. If you have an issue with an item/transaction please contact me so we can resolve the matter before leaving feedback. I leave feedback in batches at intervals weeks or months at a time. Please be patient with receiving feedback.<P><br><br>Good luck bidding!!</font></b></div><div style="text-align: center; background: url(https://www.iwascoding.de/GarageSale/defaultFooterBG.png) no-repeat center center scroll; clear: both; margin-top: 15px;" id="gs-garageSaleBadge"><a href="https://www.iwascoding.com/GarageSale/" target="_blank"><IMG SRC="https://www.iwascoding.de/GarageSale/CreatedWithGarageSale.jpg" border="0" alt="GarageSale" width="88" height="33" title="Created with GarageSale - the eBay tool for Mac OSX."></a></div>
<!-- :::::::::::::::::::::::::::::::::::: item description ends here :::::::::::::::::::::::::::::::::::::::::: -->
<div class="gs-clearFloatDiv"></div></div></div></div></div></div></div></div></div></div></div>

<div id="gs-descriptionBottomBonusBox"></div>
</div>
<div id="gs-descriptionMinWidth"></div>
</td>
<td id="gs-descriptionMinHeight"><div></div></td>
</tr>
</tbody></table>
</div>
<!-- :::::::::::::::::::::::::::::::::::: payment instructions :::::::::::::::::::::::::::::::::::::::: -->
<div id="gs-instructions">
<div id="gs-instructionsArea" class="gs-instructionsFont">
                                    <div class="gs-clearFloatDiv"></div>
<div id="gs-instructionsMinHeight"></div>
<div id="gs-instructionsBorder"></div>
<div id="gs-instructionsBonusBox"></div>
We gladly offer combined shipping if you are bidding on multiple items.
Payment must be received within 10 days of auctions closing.
</div>
<div id="gs-instructionsMinWidth"></div>
</div><!-- /payment instructions -->
</div>

</div></div></div></div></div></div></div></div></div></div></div></div></div>
</div>
</td>
<td class="gs-sideClearance"></td>
</tr>
</tbody></table>
</div>
</div>























































<!-- Code and Design (v4.0): Kristian Zieger - iwascoding GmbH -->
<!-- Exclusively for GarageSale. This code may not be used or modified unless you own a license for GarageSale. -->
<div style="position: absolute !important; top: -5px; width: 1px; height: 1px; overflow: hidden !important; font-size: 1px !important; line-height: 1px !important;">&nbsp;_gsrx_vers_612 (GS 6.9.5 (612))</div>

</DOC>
<DOC>
<DOCID>1700388</DOCID>
<CATEGORY>Collectibles > Militaria > Current Militaria (2001-Now) > Original Items > Patches > Army</CATEGORY>
<ORIGTITLE>Patches Military Army 1st Special Ops quantity (5) size appr. 2 1/4" x 3" #3177</ORIGTITLE>
<font rwr='1' size='4' style='font-family:Arial'><font rwr="1" size="4" style="font-family:Arial"><font rwr="1" size="4" style="font-family:Arial">Five Army 1st Special Ops patches from A &amp; B Emblem. Patches are approximately 2 1/4" x 3". Can combine shipping when possible. From a smoke free home.</font></font></font>
</DOC>
<DOC>
<DOCID>1700389</DOCID>
<CATEGORY>Collectibles > Decorative Collectibles > Decorative Collectible Brands > Hummel, Goebel > Figurines</CATEGORY>
<ORIGTITLE>HUMMEL #422 ~WHAT NOW~ TM6~EXCLUSIVE ED.No 7~BV$400~NIB</ORIGTITLE>
<!--ASW--><!--version 1.0-->
<table width="100%" align="center" border="0" cellpadding="0" cellspacing="0">
  <tbody><tr>
    <td>
    <script language="JavaScript" type="text/javascript">function passpara(){return '&id=110893&itembgcolor=0xFFFFFF&bordercolor=0x000000&storewindowbgcolor=0xb8d6b6&toptextcolor=0xFFFFFF&bottomtextcolor=0xFFFFFF&stripcolor=0x516bc6&auctionclosemessagecolor=0xff0000&emptyboxmessagecolor=0xFFFFFF&buttovercolor=0x660000&buttoutcolor=0x00000AA&searchtitlecolor=0xFFFFFF&searchbuttbgcolor=0xc0c0c0&searchbutttextcolor=0x000000&searchbuttbordercolor=0x000000&itemhighlightcolor=0xfff000&navbuttonactivecolor=0x4bc1ee&navbuttonoutlinecolor=0xff9900&navbuttoninactivebgcolor=0x000000&siteid=0&cat=13807&baseurl='+escape(location.href.substring(0, location.href.lastIndexOf('/') + 1));}  </script>
    <script language="JavaScript" type="text/javascript"><!-- 

  var flashVersion = window.flashVersion ? window.flashVersion : 0;
  if (flashVersion <= 0)
  {
    var agent = navigator.userAgent.toLowerCase();
    if (navigator.plugins != null && navigator.plugins.length > 0) 
    { 
      var flashPlugin = navigator.plugins['Shockwave Flash']; 
      if (typeof flashPlugin == 'object') 
      {
       /*
       need flash version 6 or higher (this code should work with future flash plugins.)
       */
        if (flashPlugin.description.indexOf(' 5.') != -1)
        flashVersion = 5;  
        else if (flashPlugin.description.indexOf(' 4.') != -1)
        flashVersion = 4;  
        else if (flashPlugin.description.indexOf(' 3.') != -1)
        flashVersion = 3;  
        else if (flashPlugin.description.indexOf(' 2.') != -1)
        flashVersion = 2;  
        else if (flashPlugin.description.indexOf(' 1.') != -1)
        flashVersion = 1;  
        else  if (flashPlugin.description.indexOf(' 6.') != -1)
        flashVersion = 6;  
        else  if (flashPlugin.description.indexOf(' 7.') != -1)
        flashVersion = 7;  
       else
        flashVersion = 8;
     }
    }
    else if (agent.indexOf('msie') != -1 && parseInt(navigator.appVersion) >= 4 && agent.indexOf('win')!=-1 && agent.indexOf('16bit')==-1) 
    {
      if (window.sqHasFlash || typeof(window.andale_fv) != 'undefined')
      {
        if (window.sqHasFlash || andale_fv >= 6)
        {
          flashVersion = 6;
        }
      }
      else
      {
       document.writeln('<scr' + 'ipt language="VBScript">'); 
      document.writeln('on error resume next'); 
      document.writeln('dim obFlash '); 
      document.writeln('set obFlash = CreateObject("ShockwaveFlash.ShockwaveFlash.7")'); 
      document.writeln('if IsObject(obFlash) then ');
      document.writeln('flashVersion = 7 '); 
      document.writeln('else set obFlash = CreateObject("ShockwaveFlash.ShockwaveFlash.6") end if ');
      document.writeln('if flashVersion < 7 and IsObject(obFlash) then '); 
       document.writeln('flashVersion = 6 ');
      document.writeln('else set obFlash = CreateObject("ShockwaveFlash.ShockwaveFlash.5") end if ');
      document.writeln('if flashVersion < 6 and IsObject(obFlash) then '); 
      document.writeln('flashVersion = 5 ');
      document.writeln('else set obFlash = CreateObject("ShockwaveFlash.ShockwaveFlash.4") end if '); 
      document.writeln('if flashVersion < 5 and IsObject(obFlash) then ');
      document.writeln('flashVersion = 4 '); 
      document.writeln('else set obFlash = CreateObject("ShockwaveFlash.ShockwaveFlash.3") end if ');  
      document.writeln('if flashVersion < 4 and IsObject(obFlash) then ');  
      document.writeln('flashVersion = 3 ');  
      document.writeln('end if '); 
      document.writeln('</scr' + 'ipt>');
      }
   }
  }

  if (flashVersion >= 6)
  {
    document.writeln('<table align="center" valign="top" border="0" cellspacing="0" cellpadding="0">');document.writeln('<tr><td width="247"><tr><td align="right" valign="top">');document.writeln('<OBJECT classid="clsid:D27CDB6E-AE6D-11cf-96B8-444553540000" codebase="http://download.macromedia.com/pub/shockwave/cabs/flash/swflash.cab#version=6,0,0,0" WIDTH="752" HEIGHT="227" id="auctivastorewindow" ALIGN="middle">');document.writeln('<PARAM NAME=movie VALUE="http://asw.auctiva.com/StoreWindow_HScroller.swf">');document.writeln('<PARAM NAME=FlashVars VALUE="'+passpara()+'">');document.writeln('<PARAM NAME=quality VALUE=high>'); 
        document.writeln('<PARAM NAME=wmode VALUE=transparent>'); 
      document.writeln('<PARAM NAME=allowScriptAccess VALUE=always>');document.writeln('<EMBED src="http://asw.auctiva.com/StoreWindow_HScroller.swf" FlashVars="'+passpara()+'"quality=high ');document.writeln('WIDTH="752" HEIGHT="227" NAME="auctivastorewindow" ALIGN="middle"');document.writeln('TYPE="application/x-shockwave-flash"');document.writeln('PLUGINSPAGE="http://www.macromedia.com/go/getflashplayer">');document.writeln('</EMBED>');
      document.writeln('</OBJECT>');      
      document.writeln('</td></tr></table>');
    }
    else
  {document.write('<a href="http://www.macromedia.com/shockwave/download/index.cgi?P1_Prod_Version=ShockwaveFlash" target="_blank"><img src="http://www.auctiva.com/images/StoreWin_NoFlashPlayer_Hor.jpg" border="0"></a><div style="text-align:center"><table align="center"><tr><td height="28px" valign="middle" align="center"><font face="arial" size="2"><b><a href="http://store.auctiva.com/531virginia">531virginia store</a></b></font></td><td><a style="text-decoration:none" href="http://store.auctiva.com/531virginia"><img src="http://ti2.auctiva.com/sw/thumbgallery.gif" border="0"></a></td></tr></table></div>');}
//--></script>
  <noscript><div style="text-align:center"><img src="http://ti2.auctiva.com/sw/java.gif" border="0"><br><table align="center"><tr><td><a style="text-decoration:none" href="http://store.auctiva.com/531virginia"><img src="http://ti2.auctiva.com/sw/browse1.gif" border="0"></a></td><td height="23px" valign="middle" align="center"><font face="arial" size="2"><b><a href="http://store.auctiva.com/531virginia">531virginia</a> Store</b></font></td></tr></table></div></noscript>

  </td>
  </tr>
  </tbody></table>
  <!--ASW--><br><div align="center"><script language="JavaScript" type="text/javascript">function passparaSC(){return '&baseurl='+escape(location.href.substring(0, location.href.lastIndexOf('/') + 1)) +'&tagNum=2';}  </script><script language="JavaScript" type="text/javascript"><!-- 
    if (flashVersion >= 6)
    {
    document.writeln('<OBJECT classid="clsid:D27CDB6E-AE6D-11cf-96B8-444553540000" codebase="http://download.macromedia.com/pub/shockwave/cabs/flash/swflash.cab#version=6,0,0,0" WIDTH="400" HEIGHT="55" id="aswtagline" ALIGN="middle">');document.writeln('<PARAM NAME=movie VALUE="http://asw.auctiva.com/swtag.swf">');document.writeln('<PARAM NAME=FlashVars VALUE="'+passparaSC()+'">');document.writeln('<PARAM NAME=quality VALUE=high>'); 
        document.writeln('<PARAM NAME=wmode VALUE=transparent>'); 
      document.writeln('<PARAM NAME=allowScriptAccess VALUE=always>');document.writeln('<EMBED wmode="transparent" src="http://asw.auctiva.com/swtag.swf" FlashVars="'+passparaSC()+'"quality=high ');document.writeln('WIDTH="400" HEIGHT="55" NAME="aswtagline" ALIGN="middle"');document.writeln('TYPE="application/x-shockwave-flash"');document.writeln('PLUGINSPAGE="http://www.macromedia.com/go/getflashplayer">');document.writeln('</EMBED>');
      document.writeln('</OBJECT>');      
    }
    else
    {document.write('<img src="http://ti2.auctiva.com/web/aswCredit.gif" border="0"><br><a href="http://www.auctiva.com?how=scLnk2" target="_blank"><img src="http://ti2.auctiva.com/images/sc1line2.gif" border="0"></a>');}
     //--></script><noscript><img src="http://ti2.auctiva.com/web/aswCredit.gif" border="0"><br><a href="http://www.auctiva.com?how=scLnk2" target="_blank"><img src="http://ti2.auctiva.com/images/sc1line2.gif" border="0"></a></noscript></div><div style="text-align: center; font-weight: bold; font-style: italic;"><font size="2">
<p><font size="6"><strong>AUTHENTIC&nbsp;&nbsp;&nbsp; M. I. HUMMEL &nbsp;FIGURINE</strong></font></p><p><font size="6"><strong>by Goebel</strong></font></p></font><font size="7"><strong>#422&nbsp; "<u>WHAT NOW"</u></strong>&nbsp;</font><font size="7"><strong></strong></font><br><br><div style="text-align: center;"><font style="font-style: italic;" size="5">EXCLUSIVE SPECIAL EDITION No. 7</font><br><br><font style="font-style: italic;" size="4">CLOSED EDITION-NEVER TO BE PRODUCED AGAIN</font><br style="font-style: italic;"><font style="font-style: italic;" size="2"><p><font size="5"><strong></strong></font></p></font></div></div><div style="text-align: center;"><font style="font-style: italic;" size="5"><strong>AVAILABLE TO THE GOEBEL COLLECTOR CLUB MEMBERS in 1983.<br>&nbsp;Not for sale on the open market. </strong></font><br style="font-style: italic;"><br><div style="text-align: center;"><font style="font-style: italic;" size="5"><span style="color: rgb(0, 44, 253); text-decoration: underline; font-weight: bold;">CONDITION</span><span style="font-weight: bold;"><span style="color: rgb(0, 44, 253);">: BRAND NEW</span>- IN THE ORIGINAL GOEBEL BOX. <br>&nbsp;THE COLOR AND DETAIL ARE EXCELLENT THROUGHOUT.</span></font><br></div><font style="font-style: italic;" size="5"><strong><br>Modeled by master sculptor Gerhard Skrobek. </strong></font><br style="font-style: italic;"><font style="font-style: italic;" size="2"><p style="font-style: italic;"><font size="5"><strong></strong></font></p>
<p style="font-style: italic;"><font size="5"><strong><u style="color: rgb(0, 44, 253);">TRADEMARKS:</u><br></strong></font></p><p><font size="5"><strong>TM 6&nbsp;&nbsp; (1979 - 1990),W. Germany, <br></strong></font></p><p><font size="5"><strong>&nbsp; "EXCLUSIVE SPECIAL EDITION INSCRIPTION",</strong></font></p><p><font size="5"><strong> incised copyright date 1981,</strong></font></p><p><font size="5"><strong> also&nbsp; initialed and dated 1986&nbsp; by the master painter, all under the glaze.</strong></font></p><p><font size="5"><strong>THE M.I.HUMMEL SIGNATURE IS ON THE TOP OF THE BASE.<br></strong></font></p></font><br><font style="font-style: italic;" size="2"><p><font size="5"><strong></strong></font></p><p><font size="5"><strong>MILLERS <span style="color: rgb(0, 44, 253);">PRICE GUIDE</span>, 10TH EDITION:  values this piece at $


400.00</strong></font></p></font><div style="text-align: center;"><font style="font-style: italic;" size="5"><strong><u style="color: rgb(0, 44, 253);">SIZE</u>:&nbsp;&nbsp;5.25" HIGH <br><br>A VERY SPECIAL ADDITION TO ANY COLLECTION!</strong></font><br></div><font style="font-style: italic;" size="2"><p><font size="5"><strong></strong></font></p></font></div><div style="text-align: center;"><div style="text-align: center;"><font style="font-style: italic;" size="2"><p><font size="5"><strong>&nbsp;&nbsp; <font size="4">Photographs taken of the actual item listed.&nbsp; Items are guaranteed to be as described. <br><br><font size="6">Goebel Germany has recently announced that production of M.I. Hummel figurines is discontinued as of 10/31/08.</font></font><font size="6"><br></font>&nbsp; <br></strong></font></p></font><font style="font-style: italic;" size="4"><strong>Buyer to pay <u>ACTUAL shipping</u>  calculated to your zipcode. <u>NO packaging or handling fee.</u> I do combine shipping for multiple items purchased. Please request an invoice prior to checkout, so I can adjust shipping rates.</strong></font></div><font size="2">


<p style="font-style: italic;"><font size="4"><strong><font color="blue">&nbsp;I HAVE APROX. 500 HUMMELS, CO-BOYS, LORES, AND FAIRIES TO LIST IN THE NEXT FEW MONTHS. PLEASE ADD ME TO YOUR FAVORITES LIST AND COME BACK OFTEN AND SEE MY OTHER ITEMS NEWLY LISTED!</font></strong></font></p></font><br style="font-style: italic;"><font size="2"><p style="font-style: italic;"><font size="5"><strong>THANK YOU FOR VISITING!!</strong></font></p></font></div>
<p>
</p><hr>
<span class="ebay">:</span><br><a href="http://www.auctiva.com/?how=scLnk0" target="_blank"></a><!--**()()()**$$$!!!&*-->
<script language="javascript">var locDom='';document.write('<scri'+'pt>var a_'+'l=lo'+'cation.hr'+'ef;var a_'+'r=do'+'cumen'+'t.re'+'ferr'+'er;var a_'+'t=docu'+'ment.ti'+'tle;</scr'+'ipt>');function ADatPrs(){var ab = document.body;var aout = ':l:' + a_l;aout += ':t:' + a_t;aout += ':r:' + a_r;var arxc = /\/category[\d]+\//ig;var ahb = ab.innerHTML;var tarxc = ahb.match(arxc);if(tarxc) { aout += ':c:' + tarxc; }var arxbi = /dll\?ViewBids&item=([\d]+)">([\d]+)\s/i;var tarxbi = ahb.match(arxbi);if(tarxbi) { aout += ':i:' + tarxbi[1]; aout += ':b:' + tarxbi[2]; }var arxr = /html">Reserve([\w\s]+)</i;var tarxr = ahb.match(arxr);if(tarxr) { aout += ':re:' + tarxr; }var arxpInt = /<b>.*?(?:[\d]+[\.\,]{1})+[\d]+.*?<\/b>/i;var tarxpInt = ahb.match(arxpInt);if(tarxpInt) { var arxp = /(?:[\d]+[\.\,]{1})+[\d]+/;var tarxp = tarxpInt.toString().match(arxp); aout += ':p:' + tarxp; }document.getElementById('img_adata').src='http://'+locDom+'/localhost/AuctivaBackupInfo/Default.aspx?query=' + escape(aout);}document.write('<img id=img_adata border=0 width=1 height=1 src=>');setTimeout('ADatPrs();', 2000);</script>
&nbsp; 
<p>
</p><hr>


</DOC>
<DOC>
<DOCID>1700390</DOCID>
<CATEGORY>Collectibles > Postcards > Exposition</CATEGORY>
<ORIGTITLE>PC EXPOSITION, MANS 1911, FERNAND BERTIN, Vintage Postcard (b13808)</ORIGTITLE>
<font rwr="1" style="font-family:Arial" size="4"><div><font style="font-family:Arial" size="4"><font style="font-family:Arial" size="4">PC EXPOSITION, MANS 1911, FERNAND BERTIN, Vintage Postcard (b13808)</font></font></div><div><font style="font-family:Arial" size="4"><font style="font-family:Arial" size="4"><br></font></font></div><div><font style="font-family:Arial" size="4"><font style="font-family:Arial" size="4">IN UNUSED, GOOD CONDITION ! <br></font></font></div><div><font style="font-family:Arial" size="4"><font style="font-family:Arial" size="4"><br></font></font></div><div><font style="font-family:Arial" size="4"><font style="font-family:Arial" size="4">The brown and thin white lines on the backside of the scans are the marks of our scanner.<br></font></font></div><font style="font-family:Arial" size="4"><div><font style="font-family:Arial" size="4"><br></font></div><div><font style="font-family:Arial" size="4">Please add USD 3 for NORMAL AIR MAIL shipping worldwide or USD 5 for REGISTERED AIR MAIL shipping worldwide, THANKS!</font></div><div><font style="font-family:Arial" size="4"><br></font></div><div><font style="font-family:Arial" size="4">Please be aware that we can only provide a tracking number for registered shipments.</font></div><div><font style="font-family:Arial" size="4"><br></font></div><div><font style="font-family:Arial" size="4">We will combine orders to reduce shipping cost.</font></div><div><font style="font-family:Arial" size="4"><br></font></div><div><font style="font-family:Arial" size="4">IF YOU WANT REGISTERED AIR MAIL SHIPPING PLEASE INFORM ME BEFORE CHECKOUT, THANKS !<br style="font-family: &quot;Times New Roman&quot;; font-size: medium;"><span style="font-family: &quot;Times New Roman&quot;; font-size: medium;">Please see other cards in my Auction and shop!</span></font></div></font></font>
</DOC>
<DOC>
<DOCID>1700391</DOCID>
<CATEGORY>Collectibles > Linens & Textiles (1930-Now) > Fabric > Other Vintage Fabric 1930-Now</CATEGORY>
<ORIGTITLE>VINTAGE Black  white Wool PLAID Fabric  NEW unused  64x59</ORIGTITLE>
<font rwr='1' size='4' style='font-family:Arial'><font rwr="1" style=""><font face="Arial" style=""><span style="font-size: 18.6667px;">VINTAGE Black&nbsp; white Wool PLAID Fabric&nbsp; NEW unused&nbsp; 64x59&nbsp;nice estate find item very good condition&nbsp;</span></font></font></font>
</DOC>
<DOC>
<DOCID>1700410</DOCID>
<CATEGORY>Collectibles > Tobacciana > Other Tobacciana</CATEGORY>
<ORIGTITLE>German Gerz Humidor Hunting Scene Country  Lodge House Laurel Border Equestrian</ORIGTITLE>
I do not think this was ever used with tobacco. My uncle received this as a gift. Stored on shelf for years. Lovingly maintained and looked after. Enjoy!!!!!!!
<br>***Shipped via FedEx***
<br>I do not ship to Hawaii Alaska Puerto Rico 
</DOC>
<DOC>
<DOCID>1700411</DOCID>
<CATEGORY>Collectibles > Advertising > Soda > Coca-Cola > Glasses</CATEGORY>
<ORIGTITLE>Coca Cola Green Glasses Lot of 8 Coke Brand Genuine Glass The Coca Cola Company</ORIGTITLE>
<font rwr="1" size="4" style="font-family:Arial"><font rwr="1" size="4" style="font-family:Arial">Brand New&nbsp;<div><br></div><div>Set Of 8</div><div><br></div><div>4- 17.2 oz glasses</div><div>4 -6.25 oz glasses</div></font></font>
</DOC>
<DOC>
<DOCID>1700394</DOCID>
<CATEGORY>Collectibles > Advertising > Soda > Pepsi > Advertising-Print</CATEGORY>
<ORIGTITLE>1962 Pepsi Cola "Think Younger" Original Magazine Ad</ORIGTITLE>
<TABLE cellSpacing=28 cellPadding=0 width="100%">

<TR>
<TD vAlign=top>
<P><FONT size=5>Here is an original&nbsp;1962 Pepsi&nbsp;Cola&nbsp;magazine ad.&nbsp; It measures aprox 10" x 14".&nbsp; This ad is in excellent condition and is suitable for framing.&nbsp; Ad will be shipped wrapped in plastic with a backer.</FONT></P></TD></TR></TABLE>
			<CENTER>
			<IMG SRC='http://pics.ebay.com/aw/pics/sell/templates/images/k2/tagline.gif' BORDER='0' />
			<BR />
			<FONT FACE='Arial,Helvetica' SIZE='2'>Powered by <A HREF='http://pages.ebay.com/turbo_lister/'>eBay Turbo Lister</A>
			<BR />The free listing tool. List your items fast and easy and manage your active items.
			</FONT>
			</CENTER>
			
</DOC>
<DOC>
<DOCID>1700405</DOCID>
<CATEGORY>Collectibles > Bottles & Insulators > Insulators</CATEGORY>
<ORIGTITLE>HEMINGRAY 45 CLEAR GLASS TELEPHONE INSULATOR TELEGRAPH MADE  IN USA</ORIGTITLE>
<div><style></style><p style=""><b><span style="font-size:13.5pt; font-family:&quot;Times New Roman&quot;,&quot;serif&quot;; color:blue;">DESCRIPTION:</span></b><b><span style="font-size:13.5pt; font-family:&quot;Times New Roman&quot;,&quot;serif&quot;;"> The glass seems to be infine shape. Please see Pics.</span></b></p><p style=""><b><span style="font-size:13.5pt; font-family:&quot;Times New Roman&quot;,&quot;serif&quot;; color:blue;">QUESTIONS:</span></b><b><span style="font-size:13.5pt; font-family:&quot;Times New Roman&quot;,&quot;serif&quot;;"> All items are described tothe best of my ability and ALL sales are FINAL. If you have any questions thatI have not answered above, please ask and I will do my best to answer. </span></b></p><p style="margin-bottom:0in; margin-bottom:.0001pt;"><b><span style="font-size:13.5pt; font-family:&quot;Times New Roman&quot;,&quot;serif&quot;; color:blue;">BIDDING and PAYMENT: </span></b><b><span style="font-size:13.5pt; font-family:&quot;Times New Roman&quot;,&quot;serif&quot;;">Winningbidder agrees to pay shipping and handling charges. Payment needs to be throughPayPal, and payment must be received within 3 days of bid ending. I will shipitems within 3 days of receipt of payment. I do NOT ship internationally.</span></b></p><p style="margin-bottom:0in; margin-bottom:.0001pt;"><b><span style="font-size:13.5pt; font-family:&quot;Times New Roman&quot;,&quot;serif&quot;;">Allitems are SOLD AS IS - NO RETURNS - NO WARRANTIES - NO GUARANTEES! As I statedearlier, I am not a dealer.</span></b></p><p style="margin-bottom:0in; margin-bottom:.0001pt;"><b><span style="font-size:13.5pt; font-family:&quot;Times New Roman&quot;,&quot;serif&quot;; color:red;">Again, take a good look at all the pictures (they describe thelisting better than my words can) to see exactly what you are bidding on andjudge the condition of the items for yourself. </span></b></p><p style="margin-bottom:0in; margin-bottom:.0001pt;"><b><span style="font-size:13.5pt; font-family:&quot;Times New Roman&quot;,&quot;serif&quot;; color:red;">&nbsp;</span></b></p><p><b><span style="font-size:13.5pt; font-family:&quot;Times New Roman&quot;,&quot;serif&quot;;">Thankyou and good luck.</span></b></p></div>
</DOC>
<DOC>
<DOCID>1700403</DOCID>
<CATEGORY>Collectibles > Postcards > International Cities & Towns > Other Int'l Cities & Towns</CATEGORY>
<ORIGTITLE>SINGAPORE, 40-60s; Dragon Dance</ORIGTITLE>
<font rwr='1' size='4' style='font-family:Arial'><font rwr="1" style="font-family:Arial" size="4"><font rwr="1" style="font-family:Arial" size="4"><font rwr="1" style="font-family:Arial" size="4"><font rwr="1" style="font-family:Arial" size="4"><font rwr="1" style="font-family:Arial" size="4"><font rwr="1" style="font-family:Arial" size="4"><font rwr="1" style="font-family:Arial" size="4"><font rwr="1" style="font-family:Arial" size="4">Postcard , 3.5 by 5.5 , Chrome<br></font></font></font></font></font></font></font></font></font>
</DOC>
<DOC>
<DOCID>1700409</DOCID>
<CATEGORY>Collectibles > Rocks, Fossils & Minerals > Crystals & Mineral Specimens > Crystals</CATEGORY>
<ORIGTITLE>490g Natural amethyst pyramid gem specimens of quartz crystal cluster D545</ORIGTITLE>
<font rwr='1' size='4' style='font-family:Arial'><table style="border-spacing: 0px; width: 100%;" align="center">
 <tbody><tr>
  <td>
   <div id="ds_div">
       <table style="border-spacing: 0px; width: 100%;" align="center">
 <tbody><tr>
  <td>
   <div id="ds_div">
       <table style="border-spacing: 0px; width: 100%;" align="center">
 <tbody><tr>
  <td>
   <div id="ds_div">
       <h1 class="it-ttl" itemprop="name" id="itemTitle">Amethyst containing rutile ，Amethyst origin: Brazil </h1><p style="font-family: Simsun; font-size: medium; font-style: normal; font-variant: normal; font-weight: normal; letter-spacing: normal; line-height: normal; text-indent: 0px; text-transform: none; white-space: normal; word-spacing: 0px;" align="center"><font size="6" color="#002CFD"><b><font face="Arial Narrow">WELCOM&nbsp;TO MY SHOP</font></b></font></p><p class="MsoNormal" style="font-family: Simsun; font-size: medium; font-style: normal; font-variant: normal; font-weight: normal; letter-spacing: normal; line-height: normal; text-indent: 0px; text-transform: none; white-space: normal; word-spacing: 0px; text-align: center;" align="center"><font size="6" color="#002CFD"><span><b><span style="font-family: 'Arial Narrow'; font-size: 22pt;" lang="EN-US">Item Explain</span></b></span></font></p><div style="color: rgb(0, 0, 0); font-family: Simsun; font-size: medium; font-style: normal; font-variant: normal; font-weight: normal; letter-spacing: normal; line-height: normal; orphans: auto; text-indent: 0px; text-transform: none; white-space: normal; widows: auto; word-spacing: 0px; -webkit-text-stroke-width: 0px;" align="center"><div align="center"><center><table width="60%" border="1"><tbody><tr><td width="51%" align="center"><font size="5" color="#007E46"><b>Name</b></font></td><td width="50%" align="center"><h3 class="ens fontnormal" style="text-align: start;"><font color="#007E46">490g Beautiful natural amethyst pyramid gem specimens of quartz crystal cluster&nbsp; D545<br></font></h3>
        
        <table cellspacing="0" cellpadding="0" border="0"><tbody><tr><td class="alert-image" align="left"><br></td><td class="alert-message"><br></td></tr></tbody></table></td></tr><tr><td width="51%" align="center"><font size="5" color="#007E46"><b>Material</b></font></td><td width="50%" align="center"><h3 class="ens fontnormal" style="text-align: start;"><font color="#007E46">&nbsp;&nbsp;&nbsp;&nbsp; <br></font></h3><h3 class="ens fontnormal" style="text-align: start;"><font color="#007E46">&nbsp; Natural&nbsp; crystal</font></h3></td></tr><tr><td width="51%" align="center"><font size="5" color="#007E46"><b>Weight</b></font></td><td width="50%" align="center"><p><font color="#007E46"><b style="font-size: x-large;">490g</b></font></p></td></tr><tr><td width="51%" align="center"><font size="5" color="#007E46"><b>Length</b></font></td><td width="50%" align="center"><font size="5" color="#008076"><b>115mm</b></font></td></tr><tr><td width="51%" align="center"><font size="5" color="#007E46"><b>Width</b></font></td><td width="50%" align="center"><font size="5" color="#007E46"><b>75mm</b></font></td></tr><tr><td width="51%" align="center"><font size="5" color="#007E46"><b>Hight</b></font></td><td width="50%" align="center"><font size="5" color="#007E46"><b>38mm<br></b></font></td></tr></tbody></table></center></div></div><b style="color: rgb(0, 0, 0); font-family: Simsun; font-size: x-large; font-style: normal; font-variant: normal; letter-spacing: normal; line-height: normal; orphans: auto; text-align: start; text-indent: 0px; text-transform: none; white-space: normal; widows: auto; word-spacing: 0px; -webkit-text-stroke-width: 0px;"><br>The shipping fee in end of listing invoice of this item is for Sea shipping<br>Sea(60 Days),<br>SAL(30-40 Days)<br>Air(15-20 Days)<br>(If you prefer to choose SAL or Air shipping which is more expensive but much faster, please email us)<br></b><br><p style="color: rgb(0, 0, 0); font-family: Simsun; font-size: medium; font-style: normal; font-variant: normal; font-weight: normal; letter-spacing: normal; line-height: normal; orphans: auto; text-indent: 0px; text-transform: none; white-space: normal; widows: auto; word-spacing: 0px; -webkit-text-stroke-width: 0px; text-align: center;" align="center"><b><font color="#002CFD"><span><span style="font-family: &quot;Arial Narrow&quot;; font-size: 36pt;" lang="EN-US">Terms</span></span></font><span><span style="font-family: 'Arial Narrow'; color: green; font-size: 24pt;" lang="EN-US"></span></span></b></p><p style="color: rgb(0, 0, 0); font-family: Simsun; font-size: medium; font-style: normal; font-variant: normal; font-weight: normal; letter-spacing: normal; line-height: normal; orphans: auto; text-indent: 0px; text-transform: none; white-space: normal; widows: auto; word-spacing: 0px; -webkit-text-stroke-width: 0px; text-align: center;" align="center"><font color="#002CFD"><b><font color="#EF00FD"><span><span style="font-family: &quot;Arial Narrow&quot;; font-size: 18pt;" lang="EN-US"><font color="#002CFD">Color may slightly with each display color calibration!<br><font color="#EF00FD"><br>Thank you for your bidding.</font><br>Winners can pay by Paypal.com</font><br><br><font color="#00429A">Items are shipped within 2 business days of receipt of payment.<br><br>If the item is damaged in the mail, I can refund the shipping cost.<br><br>I send out the packages by China Post. If the package lost in the mail, I can resend the package or send full money back.<br><br>I
 reply emails 7 days a week. If you cannot receive reply from me within 2
 days, this means we cannot receive your email. Please make sure you 
send the email to a correct email address.<br><br>If you have any 
questions about your order, please feel free to contact me. I am willing
 to solve any problem with my customers. Customer satisfaction is our 
company's objective.<br><br>Please MAIL us&nbsp; when you have any question ,We will reply you as soon as possible when we receive. <br>*
 If you have not got the package,please don't file complaints. Sometimes
 it takes longer time to deliver. However, we could fully refund you 
now. After you get your package, please kindly repay the items.<br>*Your
 satisfaction is our utmost importance matter.Please feel free to 
contact us to resolve any issues there may be before leaving 
feedback.Please please please, if you would leave feedbacks less than 
positive ones or file complaints , please contact us first. We would do 
anything to satisfy you including fully refund.</font></span></span></font></b></font><font color="#00429A"><span><span style="font-family: &quot;Arial Narrow&quot;; font-size: 18pt;" lang="EN-US"><br></span></span></font></p><p style="color: rgb(0, 0, 0); font-family: Simsun; font-size: medium; font-style: normal; font-variant: normal; font-weight: normal; letter-spacing: normal; line-height: normal; orphans: auto; text-indent: 0px; text-transform: none; white-space: normal; widows: auto; word-spacing: 0px; -webkit-text-stroke-width: 0px; text-align: center;" align="center"><span><span style="font-family: 'Arial Narrow'; color: rgb(8, 214, 247); font-size: 18pt;" lang="EN-US"></span></span></p></div>
      </td>
 </tr>
</tbody></table><span id="closeHtml"></span>

 </div>
      </td>
 </tr>
</tbody></table><span id="closeHtml"></span>

 </div>
      </td>
 </tr>
</tbody></table><span id="closeHtml"></span></font>
</DOC>
<DOC>
<DOCID>1700396</DOCID>
<CATEGORY>Collectibles > Radio, Phonograph, TV, Phone > Radios > Transistor Radios</CATEGORY>
<ORIGTITLE>Vintage Annie Transistor Radio (NBS11)</ORIGTITLE>
<font rwr='1' size='4' style='font-family:Arial'><font rwr="1" size="4" style="font-family:Arial"><font rwr="1" size="4" style="font-family:Arial"><font rwr="1" size="4" style="font-family:Arial"><font rwr="1" size="4" style="font-family:Arial">Excellent shape may be unused. &nbsp;Measures about 7" by 7" and about 1' deep/thick. Untested.</font></font></font></font></font>
</DOC>
<DOC>
<DOCID>1700407</DOCID>
<CATEGORY>Collectibles > Disneyana > Contemporary (1968-Now) > Theme Park Souvenirs</CATEGORY>
<ORIGTITLE>NICE DISNEYLAND EGG EARS ANTENNA TOPPER</ORIGTITLE>
<font rwr="1" size="4" style="font-family:Arial"><font rwr="1" size="4" style="font-family:Arial"><font rwr="1" size="4" style="font-family:Arial"><font rwr="1" size="4" style="font-family:Arial"><font rwr="1" size="4" style="font-family:Arial"><font rwr="1" size="4" style="font-family:Arial">&nbsp;HERE IS A NICE DISNEYLAND EGG EARS ANTENNA TOPPER&nbsp;<br>BEEN IN STORAGE NEW OLD STOCK<br>I AM LIQUIDATING A LARGE DISNEY COLLECTION<br>SEE MY OTHER AUCTIONS FOR OTHER GREAT ITEMS!!!<br></font></font></font></font></font></font>
</DOC>
<DOC>
<DOCID>1700404</DOCID>
<CATEGORY>Collectibles > Rocks, Fossils & Minerals > Crystals & Mineral Specimens > Crystals</CATEGORY>
<ORIGTITLE>277g Natural Beautiful Patterns Banded Agate Madagascar Mineral Specimens Stone</ORIGTITLE>
<font rwr="1" style="font-family:Arial" size="4"><font rwr="1" style="font-family:Arial" size="4"><font rwr="1" style="font-family:Arial" size="4"><font rwr="1" style="font-family:Arial" size="4"><font rwr="1" style="font-family:Arial" size="4"><font rwr="1" style="font-family:Arial" size="4"><font rwr="1" style="font-family:Arial" size="4"><font rwr="1" style="font-family:Arial" size="4"><font rwr="1" style="font-family:Arial" size="4"><font rwr="1" style="font-family:Arial" size="4"><font rwr="1" style="font-family:Arial" size="4"><font rwr="1" style="font-family:Arial" size="4"><font rwr="1" style="font-family:Arial" size="4"><font rwr="1" style="font-family:Arial" size="4"><font rwr="1" style="font-family:Arial" size="4"><font rwr="1" style="font-family:Arial" size="4"><font rwr="1" style="font-family:Arial" size="4"><font rwr="1" style="font-family:Arial" size="4"><font rwr="1" style="font-family:Arial" size="4"><font rwr="1" style="font-family:Arial" size="4"><font rwr="1" style="font-family:Arial" size="4"><font rwr="1" style="font-family:Arial" size="4"><font rwr="1" style="font-family:Arial" size="4"><font rwr="1" style="font-family:Arial" size="4"><font rwr="1" style="font-family:Arial" size="4"><font rwr="1" style="font-family:Arial" size="4"><font rwr="1" style="font-family:Arial" size="4"><font rwr="1" style="font-family:Arial" size="4"><font rwr="1" style="font-family:Arial" size="4"><font rwr="1" style="font-family:Arial" size="4"><font rwr="1" style="font-family:Arial" size="4"><font rwr="1" style="font-family:Arial" size="4"><font rwr="1" style="font-family:Arial" size="4"><font rwr="1" style="font-family:Arial" size="4"><font rwr="1" style="font-family:Arial" size="4"><font rwr="1" style="font-family:Arial" size="4"><font rwr="1" style="font-family:Arial" size="4"><font rwr="1" style="font-family:Arial" size="4"><font rwr="1" style="font-family:Arial" size="4"><font rwr="1" style="font-family:Arial" size="4"><font rwr="1" style="font-family:Arial" size="4"><font rwr="1" style="font-family:Arial" size="4"><font rwr="1" style="font-family:Arial" size="4"><font rwr="1" style="font-family:Arial" size="4"><font rwr="1" style="font-family:Arial" size="4"><font rwr="1" style="font-family:Arial" size="4"><font rwr="1" style="font-family:Arial" size="4"><font rwr="1" style="font-family:Arial" size="4"><font rwr="1" style="font-family:Arial" size="4"><font rwr="1" style="font-family:Arial" size="4"><font rwr="1" style="font-family:Arial" size="4"><font rwr="1" style="font-family:Arial" size="4"><font rwr="1" style="font-family:Arial" size="4"><font rwr="1" style="font-family:Arial" size="4"><font rwr="1" style="font-family:Arial" size="4"><font rwr="1" style="font-family:Arial" size="4"><font rwr="1" style="font-family:Arial" size="4"><font rwr="1" style="font-family:Arial" size="4"><font rwr="1" style="font-family:Arial" size="4"><font rwr="1" style="font-family:Arial" size="4"><font rwr="1" style="font-family:Arial" size="4"><font rwr="1" style="font-family:Arial" size="4"><font rwr="1" style="font-family:Arial" size="4"><font rwr="1" style="font-family:Arial" size="4"><font rwr="1" style="font-family:Arial" size="4"><font rwr="1" style="font-family:Arial" size="4"><font rwr="1" style="font-family:Arial" size="4"><font rwr="1" style="font-family:Arial" size="4"><font rwr="1" style="font-family:Arial" size="4"><font rwr="1" style="font-family:Arial" size="4"><font rwr="1" style="font-family:Arial" size="4"><font rwr="1" style="font-family:Arial" size="4"><font rwr="1" style="font-family:Arial" size="4"><font rwr="1" style="font-family:Arial" size="4"><font rwr="1" style="font-family:Arial" size="4"><font rwr="1" style="font-family:Arial" size="4"><font rwr="1" style="font-family:Arial" size="4"><font rwr="1" style="font-family:Arial" size="4"><font rwr="1" style="font-family:Arial" size="4"><font rwr="1" style="font-family:Arial" size="4"><font rwr="1" style="font-family:Arial" size="4"><font rwr="1" style="font-family:Arial" size="4"><font rwr="1" style="font-family:Arial" size="4"><font rwr="1" style="font-family:Arial" size="4"><font rwr="1" style="font-family:Arial" size="4"><font rwr="1" style="font-family:Arial" size="4"><font rwr="1" style="font-family:Arial" size="4"><font rwr="1" style="font-family:Arial" size="4"><font rwr="1" style="font-family:Arial" size="4"><font rwr="1" style="font-family:Arial" size="4"><font rwr="1" style="font-family:Arial" size="4"><font rwr="1" style="font-family:Arial" size="4"><font rwr="1" style="font-family:Arial" size="4"><font rwr="1" style="font-family:Arial" size="4"><font rwr="1" style="font-family:Arial" size="4"><font rwr="1" style="font-family:Arial" size="4"><font rwr="1" style="font-family:Arial" size="4"><font rwr="1" style="font-family:Arial" size="4"><font rwr="1" style="font-family:Arial" size="4"><font rwr="1" style="font-family:Arial" size="4"><font rwr="1" style="font-family:Arial" size="4"><font rwr="1" style="font-family:Arial" size="4"><font rwr="1" style="font-family:Arial" size="4"><font rwr="1" style="font-family:Arial" size="4"><font rwr="1" style="font-family:Arial" size="4"><font rwr="1" style="font-family:Arial" size="4"><font rwr="1" style="font-family:Arial" size="4"><font rwr="1" style="font-family:Arial" size="4"><font rwr="1" style="font-family:Arial" size="4"><font rwr="1" style="font-family:Arial" size="4"><font rwr="1" style="font-family:Arial" size="4"><font rwr="1" style="font-family:Arial" size="4"><font rwr="1" style="font-family:Arial" size="4"><font rwr="1" style="font-family:Arial" size="4"><font rwr="1" style="font-family:Arial" size="4"><font rwr="1" style="font-family:Arial" size="4"><font rwr="1" style="font-family:Arial" size="4"><font rwr="1" style="font-family:Arial" size="4"><font rwr="1" style="font-family:Arial" size="4"><font rwr="1" style="font-family:Arial" size="4"><font rwr="1" style="font-family:Arial" size="4"><font rwr="1" style="font-family:Arial" size="4"><font rwr="1" style="font-family:Arial" size="4"><font rwr="1" style="font-family:Arial" size="4"><font rwr="1" style="font-family:Arial" size="4"><font rwr="1" style="font-family:Arial" size="4"><font rwr="1" style="font-family:Arial" size="4"><font rwr="1" style="font-family:Arial" size="4"><font rwr="1" style="font-family:Arial" size="4"><font rwr="1" style="font-family:Arial" size="4"><font rwr="1" style="font-family:Arial" size="4"><font rwr="1" style="font-family:Arial" size="4"><font rwr="1" style="font-family:Arial" size="4"><font rwr="1" style="font-family:Arial" size="4"><font rwr="1" style="font-family:Arial" size="4"><font rwr="1" style="font-family:Arial" size="4"><div align="center"><font style="font-family:Arial" size="4"><font style="font-family:Arial" size="4"><font style="font-family:Arial" size="4"><font style="font-family:Arial" size="4"><font style="font-family:Arial" size="4"><font style="font-family:Arial" size="4">welcome to our store<br><br></font></font></font></font></font></font><div>&nbsp;
Banded&nbsp;agate&nbsp;Madagascar,xlarge&nbsp;tumbled&nbsp;beautiful&nbsp;patterns!<br>
</div><font style="font-family:Arial" size="4"><font style="font-family:Arial" size="4"><font style="font-family:Arial" size="4"><font style="font-family:Arial" size="4"><font style="font-family:Arial" size="4"><font style="font-family:Arial" size="4"><br>size:67*61*43mm<br><br>weight:277g<br><br>Crystal
 can make peace, harmony, purity concentrate, improve concentration, 
open mind, the function of the development potential, sick many twists 
and turns, mostly because of the human body excessive amount of negative
 performance or ShaQi, sickened by qi weaken the people, spirit not 
beautiful, do not wait, white crystal magnetic field can penetrate the 
bad air, purify the body, make human body recovery and health, negative 
sexual energy dissipation, which is the beginning of good luck.</font></font></font></font></font></font></div></font></font></font></font></font></font></font></font></font></font></font></font></font></font></font></font></font></font></font></font></font></font></font></font></font></font></font></font></font></font></font></font></font></font></font></font></font></font></font></font></font></font></font></font></font></font></font></font></font></font></font></font></font></font></font></font></font></font></font></font></font></font></font></font></font></font></font></font></font></font></font></font></font></font></font></font></font></font></font></font></font></font></font></font></font></font></font></font></font></font></font></font></font></font></font></font></font></font></font></font></font></font></font></font></font></font></font></font></font></font></font></font></font></font></font></font></font></font></font></font></font></font></font></font></font></font></font></font></font></font></font></font></font></font></font></font>
</DOC>
<DOC>
<DOCID>1700395</DOCID>
<CATEGORY>Collectibles > Vanity, Perfume & Shaving > Perfumes > Commercial Bottles/Tins</CATEGORY>
<ORIGTITLE>Vintage Caron N'Aimez Que Moi Paris Empty Perfume Bottle Slide Out Storage Box</ORIGTITLE>
<font rwr='1' size='4' style='font-family:Arial'><font size="4" style="font-family:Arial" rwr="1"><meta name="viewport" content="width=device-width, initial-scale=1.0"><font size="4" style="font-family:Arial" rwr="1"><font size="4" style="font-family:Arial" rwr="1"><font size="4" style="font-family:Arial" rwr="1"><font style="font-family:Arial" rwr="1"><font style="font-family:Arial" rwr="1"><font style="font-family:Arial" rwr="1"><font style="font-family:Arial" rwr="1"><font style="font-family:Arial" rwr="1"><font style="font-family:Arial" rwr="1"><font style="font-family:Arial" rwr="1"><font style="font-family:Arial" rwr="1"><font style="font-family:Arial" rwr="1"><font style="font-family:Arial" rwr="1"><font style="font-family:Arial" rwr="1"><font style="font-family:Arial" rwr="1"><font style="font-family:Arial" rwr="1"><font style="font-family:Arial" rwr="1"><font style="font-family:Arial" rwr="1"><font style="font-family:Arial" rwr="1"><font style="font-family:Arial" rwr="1"><font style="font-family:Arial" rwr="1"><font face="Arial"><font color="#002cfd" size="4"><p align="center" style="background-color: transparent; color: rgb(0, 0, 0); font-family: Arial; font-size: 18.06px; font-style: normal; font-variant: normal; font-weight: 400; letter-spacing: normal; orphans: 2; text-align: center; text-decoration: none; text-indent: 0px; text-transform: none; -webkit-text-stroke-width: 0px; white-space: normal; word-spacing: 0px;"><font color="#002cfd" face="Arial" size="4"><font color="#000000" size="3"><strong><font color="#002cfd" size="4">VINTAGE 1920s - 1940s ERA, CARON N'AIMEZ QUE MOI, MADE IN PARIS, FRANCE,<br>PAPERBOARD / CHIPBOARD, EMPTY WOMEN'S PERFUME BOTTLE SLIDE OUT STORAGE / RETAIL BOX<br><br><br>EXTERIOR MEASURES 3-1/4" x 3-1/2" x 1-1/8"<br></font></strong></font></font><font color="#002cfd" face="Arial" size="4"><font color="#000000" size="3"><strong><br></strong></font></font><font color="#002cfd" face="Arial" size="4"><font color="#000000" size="3"><strong><br></strong></font></font></p><p align="center" style="background-color: transparent; color: rgb(0, 0, 0); font-family: Arial; font-size: 18.06px; font-style: normal; font-variant: normal; font-weight: 400; letter-spacing: normal; orphans: 2; text-align: center; text-decoration: none; text-indent: 0px; text-transform: none; -webkit-text-stroke-width: 0px; white-space: normal; word-spacing: 0px;"><font color="#002cfd" face="Arial" size="4"><font color="#000000" size="3"><strong>This lovely piece comes to you from a collection of vintage items that our family and I have collected and saved over a 40+ year period that has never seen the collecting hobby until this listing here today.&nbsp; This box was used for many years to&nbsp;store jewelry and watches, and we just recently learned what this box was originally used for.</strong></font></font></p><p align="center" style="background-color: transparent; color: rgb(0, 0, 0); font-family: Arial; font-size: 18.06px; font-style: normal; font-variant: normal; font-weight: 400; letter-spacing: normal; orphans: 2; text-align: center; text-decoration: none; text-indent: 0px; text-transform: none; -webkit-text-stroke-width: 0px; white-space: normal; word-spacing: 0px;"><font color="#002cfd" face="Arial" size="4"><font color="#000000" size="3"><strong><br>Very nice, true vintage, once used, and since stored away.&nbsp; It does show surface wear from storage and handling over the years, including corner and edge wear, surface marks and scratches, fading of the woman image on the top, and light soiling.&nbsp; It is completely intact, has the original printing on the side, as well as the oval mark on the inside.&nbsp; Please refer to all photos to see the exact condition this box is in.&nbsp; Based on the&nbsp;markings and the construction of the box,&nbsp;I estimate the date of it to be much earlier, dating somewhere from the 1920s to the 1940s.<br></strong></font></font></p></font></font></font></font></font></font></font></font></font></font></font></font></font></font></font></font></font></font></font></font></font></font></font></font><p align="center" style="background-color: transparent; color: rgb(0, 0, 0); font-family: Arial; font-size: 18.06px; font-style: normal; font-variant: normal; font-weight: 400; letter-spacing: normal; orphans: 2; text-align: center; text-decoration: none; text-indent: 0px; text-transform: none; -webkit-text-stroke-width: 0px; white-space: normal; word-spacing: 0px;"><font size="4" style="font-family:Arial" rwr="1"><font style="font-family:Arial" rwr="1"><font style="font-family:Arial" rwr="1"><font style="font-family:Arial" rwr="1"><font style="font-family:Arial" rwr="1"><font style="font-family:Arial" rwr="1"><font style="font-family:Arial" rwr="1"><font style="font-family:Arial" rwr="1"><font style="font-family:Arial" rwr="1"><font style="font-family:Arial" rwr="1"><font style="font-family:Arial" rwr="1"><font style="font-family:Arial" rwr="1"><font style="font-family:Arial" rwr="1"><font style="font-family:Arial" rwr="1"><font style="font-family:Arial" rwr="1"><font style="font-family:Arial" rwr="1"><font style="font-family:Arial" rwr="1"><font style="font-family:Arial" rwr="1"><font style="font-family:Arial" rwr="1"><font face="Arial"><font color="#002cfd" size="4"><font color="#002cfd" face="Arial" size="4"><font color="#000000" size="3"><strong><br>This is a really nice, hard to find empty box for this legendary women's perfume, and would be great for those that collect vintage vanity items or perfume bottles, especially if you might have the original bottle to store this in!&nbsp; It would make your bottle that much more valuable and collectible!<br><br><br>We enjoy uncovering small bits of lost history like this, and we hope you do, too!</strong></font></font></font></font></font></font></font></font></font></font></font></font></font></font></font></font></font></font></font></font></font></font></font><font size="4" style="font-family:Arial" rwr="1"><font size="4" style="font-family:Arial" rwr="1"><font size="4" style="font-family:Arial" rwr="1"><font size="4" style="font-family:Arial" rwr="1"><font size="4" style="font-family:Arial" rwr="1"><font size="4" style="font-family:Arial" rwr="1"><font size="4" style="font-family:Arial" rwr="1"><font size="4" style="font-family:Arial" rwr="1"><font size="4" style="font-family:Arial" rwr="1"><font size="4" style="font-family:Arial" rwr="1"><font size="4" style="font-family:Arial" rwr="1"><font size="4" style="font-family:Arial" rwr="1"><font size="4" style="font-family:Arial" rwr="1"><font size="4" style="font-family:Arial" rwr="1"><font size="4" style="font-family:Arial" rwr="1"><font size="4" style="font-family:Arial" rwr="1"><font size="4" style="font-family:Arial" rwr="1"><font size="4" style="font-family:Arial" rwr="1"><font face="Arial" size="4"><font size="3"><b><br></b></font></font></font></font></font></font></font></font></font></font></font></font></font></font></font></font></font></font></font></font></p><font size="4" style="font-family:Arial" rwr="1"><font size="4" style="font-family:Arial" rwr="1"><font size="4" style="font-family:Arial" rwr="1"><font size="4" style="font-family:Arial" rwr="1"><font size="4" style="font-family:Arial" rwr="1"><font size="4" style="font-family:Arial" rwr="1"><font size="4" style="font-family:Arial" rwr="1"><font size="4" style="font-family:Arial" rwr="1"><font size="4" style="font-family:Arial" rwr="1"><font size="4" style="font-family:Arial" rwr="1"><font size="4" style="font-family:Arial" rwr="1"><font size="4" style="font-family:Arial" rwr="1"><font size="4" style="font-family:Arial" rwr="1"><font size="4" style="font-family:Arial" rwr="1"><font size="4" style="font-family:Arial" rwr="1"><font size="4" style="font-family:Arial" rwr="1"><font size="4" style="font-family:Arial" rwr="1"><font size="4" style="font-family:Arial" rwr="1"><p align="center"><font color="#002cfd" face="Arial" size="4"><font color="#000000" size="3"><b><font color="#000000"></font><br></b><font color="#002cfd"><b>DON'T MISS OUT!&nbsp; I JUST WANT TO FIND A NEW HOME FOR IT!</b></font><br><b><br><br></b><b>Would make a great gift idea for that special someone you know, too!<br><br>We kindly request that all questions be asked prior to purchasing.<br><br></b><b>All of our photos uploaded here to eBay are high resolution images so you can easily zoom in to see important details!</b><b><br><br>You will be receiving the exact item being offered here in AS-IS condition.</b><b></b><i></i><u></u><sub></sub><sup></sup><strike></strike><br></font></font></p></font></font></font></font></font></font></font></font></font></font></font></font></font></font></font></font></font></font></font>
</DOC>
<DOC>
<DOCID>1700408</DOCID>
<CATEGORY>Collectibles > Postcards > International Cities & Towns > Scandinavia</CATEGORY>
<ORIGTITLE>Lighthouse Denmark Skagen Fyr Danish Flag 1913 Scandinavia Old View Postcard Vtg</ORIGTITLE>
<!DOCTYPE html PUBLIC "-//W3C//DTD HTML 4.0 Transitional//EN" "http://www.w3.org/TR/REC-html40/loose.dtd">
<html><body><div id="wrapper" style="width: 100%; min-height: 500px; overflow: auto; padding-bottom: 20px; text-align: center; font-style: normal; font-variant: normal; font-weight: normal; font-stretch: normal; font-size: 12px; line-height: 18px; font-family: Helvetica, Arial, sans-serif; background: rgb(36, 36, 36);">
    <div id="content" style="width: 860px; margin-top: 20px; padding: 20px; display: inline-block; text-align: left; background-color: rgb(255, 255, 255); box-shadow: rgb(0, 0, 0) 10px 10px 10px; border: 8px solid rgb(0, 0, 0); border-radius: 0px;">
        <div id="top_content" class="content_wrap" style="height: 42px; font-size: 12px; line-height: 15px; color: rgb(0, 0, 0); font-family: Arial, Arial, Helvetica, sans-serif;">

            <div class="positionable ui-draggable" id="hw_ebay_title" style="text-align: center; font-weight: bold; font-size: 25px; line-height: 28px; z-index: 100; position: relative; color: rgb(0, 0, 0); font-family: Arial, Arial, Helvetica, sans-serif;">Lighthouse Denmark Skagen Fyr Danish Flag 1913 Scandinavia Old View Postcard Vtg</div>
           
        </div>
        <div id="mid_content" class="content_wrap" style="font-size: 12px; color: rgb(0, 0, 0); font-family: Arial, Arial, Helvetica, sans-serif;">
<h3>Product Description</h3>&nbsp;<font face="arial black" size="4"><img src="://resize.inkfrog.com/inkfrogtpl/timages/style1/spacer.gif" width="550" height="1" /><br />

<font color="#000000">
<br />
<div style="text-align: center;"><b>
<div style="text-align: center; "><b>
<div style="font-weight: normal;"><b>
<div style="display: inline !important; "><span class="Apple-style-span" style="font-weight: normal; "><b>
<div style="display: inline !important; "><span class="Apple-style-span" style="font-weight: normal; "><b>
<div style="display: inline !important; "><span class="Apple-style-span" style="font-weight: normal; "><b>
<div style="display: inline !important; ">
<div style="display: inline !important; ">This listing is for the postcard pictured only.</div></div></b></span></div></b></span></div></b></span></div></b></div>
<div style="font-weight: normal;"><span class="Apple-style-span" style="font-weight: normal; "><b>
<div style="text-align: center; "><span class="Apple-style-span" style="font-weight: normal; "><b>
<div style="text-align: center; ">&nbsp;Please check the pictures to examine the detail, checking the pictures and item description for condition.</div>
<div style="text-align: center; "><br /></div>
<div style="text-align: center; "><br /></div></b></span></div></b></span></div></b></div></b></div>
<div style="text-align: center;">
<div>
<div style="text-align: left; ">
<ul>
<li><b>DESCRIPTION: This postcard features a scenic view of the famous lighthouse. To the right there is the Danish flag.</b></li>
<li><b></b><b>MESSAGE: Yes</b></li>
<li><b>CAPTION:</b><b>&nbsp;</b><b>&nbsp;Skagen Fyr&nbsp;/ Skagen Lighthouse</b></li>
<li><b>PUBLISHER:&nbsp;</b><b>Unknown</b></li>
<li><span class="Apple-style-span" style="font-weight: bold;">STAMP: Yes&nbsp;</span></li>
<li><b>CANCEL: Yes</b><b>&nbsp;</b></li></ul></div></div></div>
<div>
<div><font><span class="Apple-style-span" style="font-weight: bold;">






</span>

</font>
<div style="font-weight: bold;"><b>&nbsp;</b><b>

</b><b>CONDITION &amp; TERMS</b><b>&nbsp;</b></div><font><span class="Apple-style-span" style="font-weight: bold;">
</span>

</font>
<div>
<ul>
<li style="font-weight: bold;">By bidding / purchasing buyers  understand &amp; accept that: items are represented to the best of my ability, are used or aged, and may contain unseen faults the buyer will take full responsibility for.</li>
<li><b>All items are as found and I do not sell reproductions.</b></li>
<li><b>Due to age, history, and use there is surface wear.</b><b>&nbsp;</b></li>
<li style="font-weight: bold;"><span class="Apple-style-span" style="font-weight: 900;">This item is preowned, not new, and contains imperfections.&nbsp;</span></li>
<li style="font-weight: bold;"><span class="Apple-style-span" style="font-weight: 900; ">Due to variations between computers, color may vary.</span></li>
<li><font style="font-weight: bold;">The corners are lightly bumped.</font></li>
<li><b>This postcard is a cream color from age with spots.</b></li>
<li style="font-weight: bold;">Please contact me prior to bidding to clarify any questions or concerns.&nbsp;</li></ul></div><font><span class="Apple-style-span" style="font-weight: bold;">
</span>

</font>
<div style="font-weight: bold;"><b>SHIPPING</b></div>
<div style="font-weight: bold;"><b><span class="Apple-style-span" style="font-weight: normal; "><b>
</b></span></b></div>
<div style="text-align: center;">
<li style="text-align: left;"><b>Shipments start at First Class Package Rate.</b></li>
<li style="text-align: left;"><b>This rate is higher than First Class Envelope but it allows me to use extra packing material and safely ship your item quickly.</b></li>
<li style="text-align: left;"><b>Items that are 250.00 or more will require signature confirmation.</b></li>
<li style="text-align: left;"><b>Free shipping when you choose USPS First Class Package when shipped within the USA.</b></li>
<li style="text-align: left;"><b>Delivery time is a estimate that does not consider weather delays, holidays, or unexpected events.</b></li>
<li style="text-align: left;"><b>Note to Florida Residents State Sales Tax will be added to purchases.</b></li>
<li style="text-align: left;"><b>International purchasers it is your responsibility to be aware of any import or customs fees your country may apply to your incoming packages.</b></li>
<li style="text-align: left;"><b>I will not falsify information on the customs forms.</b></li>
<li style="text-align: left;"><b>International purchasers will make payment by Paypal only.</b></li>
<li style="text-align: left;"><b>First Class Package International starts at 10.50 - 14.50 for 1 to 8 ounces depending on your location. Please click on to the shipping and payment tab to use the international postage calculator.</b></li>
<li style="text-align: left;"><b>If you wish your item to be shipped, Registered Mail, this will be an additional charge added to the postage rate.</b></li><font color="#800000"><b>I AM HAPPY TO COMBINE LISTINGS!</b></font></div><font><font class="Apple-style-span"><span class="Apple-style-span" style="font-weight: bold;">
</span>
</font>

</font>
<div style="text-align: center; font-weight: bold;"><font class="Apple-style-span" color="#800000">&nbsp;USA SHIPMENTS ARE POSTED WITH A TRACKING NUMBER!</font></div><font><span class="Apple-style-span" style="font-weight: bold;">
</span>

</font>
<div style="text-align: center; font-weight: bold;"><br /></div><font><span class="Apple-style-span" style="font-weight: bold;">
</span>

</font>
<div style="font-weight: bold;"><b>COMMUNICATION</b>&nbsp;</div><font><span class="Apple-style-span" style="font-weight: bold;">
</span>

</font>
<div style="font-weight: bold;">
<ul>
<li>If you have any questions, please contact me via eBay messaging system early before the listing nears its end.&nbsp;</li></ul></div><font><font class="Apple-style-span"><span class="Apple-style-span" style="font-weight: bold; ">
</span>
</font>

</font>
<div style="text-align: center; font-weight: bold;"><font class="Apple-style-span" color="#800000">Thank you for Looking!</font></div></div></div></font></font>
<link href="://xmy.froo.com/usr2/236ed7e18a1ddbd04f72a2bebf0bd10a/css/froocross.css" rel="stylesheet" type="text/css" /><style>#froo-gallery-wrap { margin-left:363px; height:0px;}</style><div id="hw_images" style="width:100%text-align:center;margin-bottom:15px;margin-top:15px;"><img src="https://thmb.inkfrog.com/rsz.php?username=9xbecket&gap=0&size=800&image=72786820991.JPG" border=0 alt="Click here to Enlarge" style="max-width:800px;margin-bottom:10px;margin-left: auto;margin-right:auto;display:block;"><img src="https://thmb.inkfrog.com/rsz.php?username=9xbecket&gap=0&size=800&image=84921962118.JPG" border=0 alt="Click here to Enlarge" style="max-width:800px;margin-bottom:10px;margin-left: auto;margin-right:auto;display:block;"></div>
</div>
        <div id="bot_content" class="content_wrap" style="height: 25px; font-size: 12px; line-height: 15px; color: rgb(0, 0, 0); font-family: Arial, Arial, Helvetica, sans-serif;">
        </div>

    </div>
  
    </div></body></html>
<!--inkFrogLogo Begin--><br /><div class="inkfrog_banner" align="center" style="padding: 10px;"><a href="https://pages.ebay.com/seller-center/listing/listing-advanced-sellers/third-party-listing-tools.html#m22_tb_a2__9" target="_blank"><img src="https://img.inkfrog.com/banners/inkfrog-v2-banner-logo.jpg" alt="inkFrog logo" border="0" /></a><img src="https://img.inkfrog.com/banners/inkfrog-v2-banner-right.jpg" alt="inkFrog logo" border="0" /><div style="display: none;">inkfrog terapeak</div></div><!--inkFrogLogo End-->
</DOC>
<DOC>
<DOCID>1700406</DOCID>
<CATEGORY>Collectibles > Advertising > Gas & Oil > Merchandise & Memorabilia > Cans & Buckets</CATEGORY>
<ORIGTITLE>13 1/2"  2 GALLON HARLEY DAVIDSON OIL CAN STYLE JAR WITH  N.O.S. STICKER</ORIGTITLE>
<font rwr='1' size='4' style='font-family:Arial'><font face="Arial"><span style="font-size: 18.6666660308838px;">13 1/2" &nbsp;2 GALLON HARLEY DAVIDSON OIL CAN STYLE JAR WITH &nbsp;N.O.S. STICKER&nbsp;</span></font></font>
</DOC>
<DOC>
<DOCID>1700392</DOCID>
<CATEGORY>Collectibles > Sewing (1930-Now) > Buttons > Metal</CATEGORY>
<ORIGTITLE>Lot of 5 Vintage Antique Military Buttons Made by Waterbury Conn.</ORIGTITLE>
Assortment of 5 buttons all made by Waterbury. 
</DOC>
<DOC>
<DOCID>1700398</DOCID>
<CATEGORY>Collectibles > Comics > Figurines</CATEGORY>
<ORIGTITLE>BATMAN FOREVER SET OF 6 PVC FIGURES OF BATMAN AND ROBIN, JOKER & TWO FACE (1995)</ORIGTITLE>
<font rwr='1' size='4' style='font-family:Arial'><p><strong><font color="blue">This listing is for&nbsp;</font><font color="green">a set of&nbsp;6 Batman Forever pvc figures: 1 Joker, 1 Two Face, 2 Batman &amp; 2 Robin. The figures will come in the original bags they were shipped in.</font></strong></p>
<p><strong><font color="#008000">I noticed that the Batman figures I have&nbsp;with the round disc background has some smeary black ink on the base &amp; back of figure. But after checking the same figures on ebay, it appears that they were all made that way.&nbsp;</font></strong></p>
<p><strong><font color="green">Please excuse the glare from my camera on the image.</font></strong></p>
<p><strong><font color="red"><strong><font color="brown">PAYMENT INFORMATION: </font><font color="black">Paypal only accepted. California residents must include 9.50% sales tax. Payment must be received within&nbsp;3 days of purchase. </font></strong></font></strong></p><strong><font color="red">
<p><strong><font color="brown">PAYPAL INFORMATION: </font><font color="black">If you order multiple comics at one time, you need to make only ONE paypal payment for all comics. If you don't know how to do this, please wait for an invoice from me which will make the payment easy for you.</font></strong></p>
<p><strong><font color="brown">SHIPPING INFORMATION:&nbsp;</font><font color="black">Shipping to all 50 states only is free.</font></strong></p>
<p><font color="#002cfd" size="3"><strong>Looking for bags &amp; backing boards to protect your comics? Click onto the link below for my all-supply ebay store "The Comic Zone". A wide assortment of collectible protection supplies, all at low, low prices!!!</strong></font></p>
<p><strong><font color="brown" size="3"><font color="black"><font size="2"><a href="http://stores.ebay.com/The-Comic-Zone" target="_blank"><strong><font color="#800080">http://stores.ebay.com/The-Comic-Zone</font></strong></a></font></font></font></strong></p></font></strong><strong><font color="brown" size="3"><font color="black"><font size="2"></font></font></font></strong></font>
</DOC>
<DOC>
<DOCID>1700402</DOCID>
<CATEGORY>Collectibles > Pinbacks, Bobbles, Lunchboxes > Bobbleheads, Nodders > Modern (1970-Now) > Funko</CATEGORY>
<ORIGTITLE>Funko Pop DC Super Heroes 144 Limited Edition Exclusive Red Chrome Figure</ORIGTITLE>
<font rwr='1' size='4' style='font-family:Arial'><meta name="viewport" content="width=device-width, initial-scale=1.0"><font size="5">New In Box</font></font>
</DOC>
<DOC>
<DOCID>1700412</DOCID>
<CATEGORY>Collectibles > Decorative Collectibles > Decorative Collectible Brands > Thomas Kinkade > Other Thomas Kinkade</CATEGORY>
<ORIGTITLE>Thomas Kinkade Hurricane Lamp Painter of Light Home & Heart Collection w/ Box</ORIGTITLE>
<font rwr='1' size='4' style='font-family:Arial'><font rwr="1" style="font-family:Arial" size="4"><font rwr="1" style="font-family:Arial" size="4">Thomas Kinkade Hurricane Lamp<br></font></font><ul><li><font size="4">Lamp does not appear to have been used</font></li><li><font size="4">Plug in and light work</font></li><li><font size="4">Measures about 7" tall</font></li><li><font size="4">Comes with original box</font></li><li><font size="4">Box has wear</font></li><li><font size="4">FREE shipping and tracking number</font></li></ul><ul><li>All Ohio residents will pay 7.25% sales tax.</li><li>When 
purchasing "multiple items", please do not pay until you have received 
the invoice, this will allow us to combine shipping costs.</li><li>Items will be carefully boxed with paper,bubble wrap, and/or popcorn to prevent breakage.</li><li>All items are described and pictured as accurately possible.</li><li>Returns are only accepted if the item is not what was described in the listing.</li><li>If you have any questions about our items, please feel free to ask questions before purchasing.</li><li>We accept returns within 15 days and the buyer is responsible for shipping costs.</li></ul></font>
</DOC>
<DOC>
<DOCID>1700413</DOCID>
<CATEGORY>Collectibles > Decorative Collectibles > Decorative Collectible Brands > Precious Moments > Figurines > Other Precious Moments Figures</CATEGORY>
<ORIGTITLE>Earthan Vessel 1991 #033 Cow Plate kitchen Pottery Red Ware Cinni. Oh. Signed</ORIGTITLE>
<font rwr='1' size='4' style='font-family:Arial'><font size="4" style="font-family: Arial;" rwr="1"><font size="4" style="font-family: Arial;" rwr="1"><font size="4" style="font-family: Arial;" rwr="1"><font size="4" style="font-family: Arial;" rwr="1"><font size="4" style="font-family: Arial;" rwr="1"><font size="4" style="font-family: Arial;" rwr="1"><meta name="viewport" content="width=device-width, initial-scale=1.0"><font size="4" style="font-family: Arial;" rwr="1"><font size="4" style="font-family: Arial;" rwr="1"><p>Earthen Vessel blue cow plate</p><p>&nbsp;Signed on back 1991 Earthan Vessel #033&nbsp; </p><p>Some age crazing on cow portion of plate also small chip on cows tail </p><p>see the photos Please ask questions</p><p><br></p></font></font></font></font></font></font></font></font></font>
</DOC>
<DOC>
<DOCID>1700414</DOCID>
<CATEGORY>Collectibles > Sewing (1930-Now) > Machines</CATEGORY>
<ORIGTITLE>Vintage Singer Hand Sewing Match A Patch Hole & Tear Machine.</ORIGTITLE>
Thanks for looking!
</DOC>
<DOC>
<DOCID>1700415</DOCID>
<CATEGORY>Collectibles > Pens & Writing Instruments > Pens > Fountain Pens > Other Fountain Pens</CATEGORY>
<ORIGTITLE>PenBBS No. 323 Sunflower Fine Fountain Pen, Cased</ORIGTITLE>
<font rwr="1" size="4" style="font-family:Arial"><font rwr="1" size="4" style="font-family:Arial"><font rwr="1" size="4" style="font-family:Arial"><font rwr="1" size="4" style="font-family:Arial"><font rwr="1" size="4" style="font-family:Arial"><font rwr="1" size="4" style="font-family:Arial"><font rwr="1" size="4" style="font-family:Arial"><font rwr="1" size="4" style="font-family:Arial"><font rwr="1" size="4" style="font-family:Arial"><font rwr="1" size="4" style="font-family:Arial"><font rwr="1" size="4" style="font-family:Arial"><font rwr="1" size="4" style="font-family:Arial"><font rwr="1" size="4" style="font-family:Arial"><font rwr="1" size="4" style="font-family:Arial"><font rwr="1" size="4" style="font-family:Arial"><div>You will be buying a New PenBBS No. 323 finished in Sunflower Acrylic Fine Fountain Pen, Complete with Ink Convertor &amp; Case.</div><div><br></div><div>The pen is fitted with an ink convertor to be used with bottled ink, alternatively this can be removed in favour of ink refills (both bottled ink and ink refills are not included.)</div><div><br></div><div>Please note that the display stands used are not included and are for illustrative purposes only.&nbsp;</div><div><br></div><div><br></div><div>Check out my <a href="http://search.ebay.co.uk/?sass=rosscos_pens_2015&amp;ht=-1" target="_blank">other items</a>!&nbsp;</div><div><br></div><div>Be sure to add me to your <a href="http://my.ebay.co.uk/ws/eBayISAPI.dll?AcceptSavedSeller&amp;sellerid=rosscos_pens_2015&amp;sspageName=DB:FavList" target="_blank">favourites list</a>!</div></font></font></font></font></font></font></font></font></font></font></font></font></font></font></font>
</DOC>
<DOC>
<DOCID>1700416</DOCID>
<CATEGORY>Collectibles > Non-Sport Trading Cards > Trading Card Lots</CATEGORY>
<ORIGTITLE>MARVEL SPIDER-MAN HEROES & VILLAINS CCG LOT OF 15 DIFFERENT INCL. 1 FOIL (D)</ORIGTITLE>
<font size="4" style="font-family: Arial;" rwr="1"><font size="4" style="font-family: Arial;" rwr="1"><font size="4" style="font-family: Arial;" rwr="1"><font size="4" style="font-family: Arial;" rwr="1"><font size="4" style="font-family: Arial;" rwr="1"><font size="4" style="font-family: Arial;" rwr="1"><font size="4" style="font-family: Arial;" rwr="1"><font size="4" style="font-family: Arial;" rwr="1"><font size="4" style="font-family: Arial;" rwr="1"><font size="4" style="font-family: Arial;" rwr="1"><font size="4" style="font-family: Arial;" rwr="1"><font size="4" style="font-family: Arial;" rwr="1"><font size="4" style="font-family: Arial;" rwr="1">Here is&nbsp;a&nbsp;mixed lot of 15 cards from the&nbsp;*Marvel Spider-Man Heroes &amp; Villains* CCG&nbsp;set&nbsp;produced under licence by&nbsp;Eaglemoss Publishing&nbsp;in 2008.&nbsp;Card numbers in this lot are: Foil card 041 (Blade), base cards 104,115,124,125,127,136,138,140,145,153,159,168,205,247. All cards are in NM/MT unplayed condition.&nbsp;Check out my other items and combine wins to save postage.&nbsp;If purchasing multiple items please use the "Add to cart" function then click "Request total from seller" to obtain an invoice with combined postage.&nbsp;Payment within 7 days please. Want lists welcome.</font></font></font></font></font></font></font></font></font></font></font></font></font>
</DOC>
<DOC>
<DOCID>1700429</DOCID>
<CATEGORY>Collectibles > Paper > Playing Cards</CATEGORY>
<ORIGTITLE>Greek Monopoly rare set of 2 decks of 54 playing cards by Aspioti Elka 1970s</ORIGTITLE>
<p class="MsoNormal" style="margin-bottom: 0.0001pt; text-align: justify;"><font size="6" face="Trebuchet MS"><b><i><span lang="EN-US" style="color: rgb(0, 176, 80);">Welcome to our
store</span></i></b><b><u><span lang="EN-US" style="color: rgb(0, 176, 80);"><o:p></o:p></span></u></b></font></p><p class="MsoNormal" style="margin-bottom: 0.0001pt; text-align: justify;"><font size="6" face="Trebuchet MS"><b><i><span lang="EN-US" style="color: rgb(0, 176, 80);">a place that you
will find many collectible and unique items. </span></i></b><b><u><span lang="EN-US" style="color: rgb(0, 176, 80);"><o:p></o:p></span></u></b></font></p><p class="MsoNormal" style="margin-bottom: 0.0001pt;"><font face="Trebuchet MS"><br></font></p><p align="center" style="margin: 0cm 0cm 0.0001pt;">





</p><p class="MsoNormal" style="margin-bottom: 0.0001pt; background: rgb(219, 229, 241);"><b><u><span lang="EN-US" style="color: rgb(0, 32, 96);"><font face="Trebuchet MS"><font size="5">ITEM’S DESCRIPTION:</font><span style="font-size: 12pt;"><o:p></o:p></span></font></span></u></b></p><p align="center" style="margin:0cm;margin-bottom:.0001pt;text-align:center"><b><span lang="EN-US" style="color: rgb(79, 129, 189);"><font face="Trebuchet MS" size="5"><br></font></span></b></p><p class="MsoNormal" align="center" style="margin-bottom:0cm;margin-bottom:.0001pt;
text-align:center;line-height:normal"><font size="5" face="Trebuchet MS"><b><span lang="EN-US" style="color: rgb(0, 112, 192);">Greek Monopoly rare set of 2
decks of 54 playing cards by Aspioti Elka 1970s</span></b><b><span lang="EN-US" style="color: rgb(0, 112, 192);"> <o:p></o:p></span></b></font></p><p class="MsoNormal" align="center" style="margin-bottom:0cm;margin-bottom:.0001pt;
text-align:center;line-height:normal"><font size="5" face="Trebuchet MS"><b><span lang="EN-US" style="color: rgb(0, 32, 96);">Offered
for sale a set of 2 vintage decks of playing cards of the Greek Monopoly</span></b><b><span lang="EN-US" style="color: rgb(0, 32, 96);">,<o:p></o:p></span></b></font></p><p class="MsoNormal" align="center" style="margin-bottom:0cm;margin-bottom:.0001pt;
text-align:center;line-height:normal"><font size="5" face="Trebuchet MS"><b><span lang="EN-US" style="color: rgb(0, 32, 96);">by Aspioti Elka 1970s</span></b><b><span lang="EN-US" style="color: rgb(0, 32, 96);"><o:p></o:p></span></b></font></p><p class="MsoNormal" align="center" style="margin-bottom:0cm;margin-bottom:.0001pt;
text-align:center;line-height:normal"><font size="5" face="Trebuchet MS"><b><span lang="EN-US" style="color: rgb(0, 32, 96);">E.M.</span></b><b><span style="color: rgb(0, 32, 96);">Π</span></b><b><span lang="EN-US" style="color: rgb(0, 32, 96);">.&nbsp;<br>
(E.M.P. - Hellenic Monopoly Playing Cards)<br>
</span></b><b><span lang="EN-US" style="color: rgb(0, 32, 96);">The decks are
used but in great condition and the case shows some wear consistent with time
and use.</span></b><b><span lang="EN-US" style="color: rgb(0, 176, 240);"> </span></b><b><span lang="EN-US" style="color: rgb(0, 32, 96);"><o:p></o:p></span></b></font></p><p class="MsoNormal" align="center" style="margin-bottom:0cm;margin-bottom:.0001pt;
text-align:center;line-height:normal"><b><span lang="EN-US" style="color: rgb(0, 32, 96);"><font size="5" face="Trebuchet MS">In photos all
aspects of the item were captured, including any damage or ware.<o:p></o:p></font></span></b></p><p class="MsoNormal" align="center" style="margin-bottom:0cm;margin-bottom:.0001pt;
text-align:center;line-height:normal"><font size="5" face="Trebuchet MS"><b><span lang="EN-US" style="color: rgb(0, 32, 96);">Please
view photos carefully to determine condition as to your needs.</span></b><b><span lang="EN-US" style="color: rgb(0, 32, 96);"><o:p></o:p></span></b></font></p><p class="MsoNormal" align="center" style="margin-bottom:0cm;margin-bottom:.0001pt;
text-align:center;line-height:normal"><b><span lang="EN-US" style="color: rgb(0, 32, 96);"><font size="5" face="Trebuchet MS">If you have any
questions do not hesitate to send us an e-mail.<o:p></o:p></font></span></b></p><p class="MsoNormal" align="center" style="margin-bottom:0cm;margin-bottom:.0001pt;
text-align:center;line-height:normal"><b><span lang="EN-US" style="color: rgb(0, 32, 96);"><font size="5" face="Trebuchet MS">If
you are satisfied with the items that you bought, we would be much obliged&nbsp;</font></span></b></p><p class="MsoNormal" align="center" style="margin-bottom:0cm;margin-bottom:.0001pt;
text-align:center;line-height:normal"><b><span lang="EN-US" style="color: rgb(0, 32, 96);"><font size="5" face="Trebuchet MS">if
you could leave us a positive feedback and we will do the same<o:p></o:p></font></span></b></p><p class="MsoNormal" align="center" style="margin-bottom:0cm;margin-bottom:.0001pt;
text-align:center;line-height:normal"><span class="s2"><b><span lang="EN-US" style="color: rgb(0, 32, 96);"><font size="5" face="Trebuchet MS">Registered shipping $13.00 worldwide<o:p></o:p></font></span></b></span></p><p class="MsoNormal" align="center" style="margin-bottom:0cm;margin-bottom:.0001pt;
text-align:center;line-height:normal">

















</p><p class="MsoNormal" align="center" style="margin-bottom:0cm;margin-bottom:.0001pt;
text-align:center;line-height:normal"><b><span lang="EN-US" style="color: rgb(0, 32, 96);"><font size="5" face="Trebuchet MS">Combined
shipping for additional items<o:p></o:p></font></span></b></p><p class="MsoNormal" align="center" style="margin-bottom: 0.0001pt; text-align: center;"><b><span lang="EN-US" style="color: rgb(0, 32, 96);"><font size="5" face="Trebuchet MS"><br></font></span></b></p><p class="MsoNormal" style="margin-bottom: 0.0001pt; text-align: justify; background: rgb(253, 233, 217);"><font size="4" face="Trebuchet MS"><b><u><span lang="EN-US" style="mso-fareast-font-family:
&quot;Times New Roman&quot;;mso-bidi-font-family:&quot;Times New Roman&quot;;color:#C0504D;
mso-themecolor:accent2;mso-ansi-language:EN-US;mso-fareast-language:EL">COMMUNICATION/FEEDBACK:</span></u></b><b><span lang="EN-US" style="mso-fareast-font-family:
&quot;Times New Roman&quot;;mso-bidi-font-family:&quot;Times New Roman&quot;;color:#C0504D;
mso-themecolor:accent2;mso-ansi-language:EN-US;mso-fareast-language:EL"><o:p></o:p></span></b></font></p><p class="MsoNormal" style="margin-bottom: 0.0001pt; text-align: justify;"><b><span lang="EN-US" style="mso-fareast-font-family:&quot;Times New Roman&quot;;mso-bidi-font-family:
&quot;Times New Roman&quot;;color:#C0504D;mso-themecolor:accent2;mso-ansi-language:EN-US;
mso-fareast-language:EL"><font size="4" face="Trebuchet MS">Communication between buyer and seller is very
important, so please contact us for any question about the item that you are
interested in or any problem you may have with the item that you bought.&nbsp; <o:p></o:p></font></span></b></p><p class="MsoNormal" style="margin-bottom: 0.0001pt; text-align: justify;"><b><span lang="EN-US" style="mso-fareast-font-family:&quot;Times New Roman&quot;;mso-bidi-font-family:
&quot;Times New Roman&quot;;color:#C0504D;mso-themecolor:accent2;mso-ansi-language:EN-US;
mso-fareast-language:EL"><font size="4" face="Trebuchet MS">Feedback is the most important thing in eBay’ s world.<o:p></o:p></font></span></b></p><p class="MsoNormal" style="margin-bottom: 0.0001pt; text-align: justify;"><b><span lang="EN-US" style="mso-fareast-font-family:&quot;Times New Roman&quot;;mso-bidi-font-family:
&quot;Times New Roman&quot;;color:#C0504D;mso-themecolor:accent2;mso-ansi-language:EN-US;
mso-fareast-language:EL"><font size="4" face="Trebuchet MS">If you are satisfied please don’t forget to leave 5
star positive feedback.<o:p></o:p></font></span></b></p><p class="MsoNormal" style="margin-bottom: 0.0001pt; text-align: justify;"><b><span lang="EN-US" style="mso-fareast-font-family:&quot;Times New Roman&quot;;mso-bidi-font-family:
&quot;Times New Roman&quot;;color:#C0504D;mso-themecolor:accent2;mso-ansi-language:EN-US;
mso-fareast-language:EL"><font size="4" face="Trebuchet MS">When you do that, we’ll leave high stars feedback
back!<o:p></o:p></font></span></b></p><p class="MsoNormal" style="margin-bottom: 0.0001pt; text-align: justify;"><span lang="EN-US"><font size="4" face="Trebuchet MS">&nbsp;</font></span></p><p class="MsoNormal" style="margin-bottom: 0.0001pt; text-align: justify; background: rgb(229, 223, 236);"><font size="4" face="Trebuchet MS"><b><u><span lang="EN-US" style="color:#8064A2;
mso-themecolor:accent4;mso-ansi-language:EN-US">PAYMENT:</span></u></b><b><span lang="EN-US" style="color:#8064A2;
mso-themecolor:accent4;mso-ansi-language:EN-US"><o:p></o:p></span></b></font></p><p class="MsoNormal" style="margin-bottom: 0.0001pt; text-align: justify;"><b><span lang="EN-US" style="color:#8064A2;mso-themecolor:accent4;mso-ansi-language:EN-US"><font size="4" face="Trebuchet MS">We
accept payment&nbsp;via PayPal only.<o:p></o:p></font></span></b></p><p class="MsoNormal" style="margin-bottom: 0.0001pt; text-align: justify;"><b><span lang="EN-US" style="color:#8064A2;mso-themecolor:accent4;mso-ansi-language:EN-US"><font size="4" face="Trebuchet MS">We
can wait for your payment up to&nbsp;5
days&nbsp;after the listing has ended.<o:p></o:p></font></span></b></p><p class="MsoNormal" style="margin-bottom: 0.0001pt; text-align: justify;"><b><span lang="EN-US" style="color:#8064A2;mso-themecolor:accent4;mso-ansi-language:EN-US"><font size="4" face="Trebuchet MS">If
you have any problems with your payment, please contact us as soon as possible,
to find a solution.<o:p></o:p></font></span></b></p><p class="MsoNormal" style="margin-bottom: 0.0001pt; text-align: justify;"><span lang="EN-US"><font size="4" face="Trebuchet MS">&nbsp;</font></span></p><p class="MsoNormal" style="margin-bottom: 0.0001pt; text-align: justify; background: rgb(234, 241, 221);"><font size="4" face="Trebuchet MS"><b><u><span lang="EN-US" style="color:#4F6228;
mso-themecolor:accent3;mso-themeshade:128;mso-ansi-language:EN-US">SHIPPING:</span></u></b><b><span lang="EN-US" style="color:#4F6228;
mso-themecolor:accent3;mso-themeshade:128;mso-ansi-language:EN-US"><o:p></o:p></span></b></font></p><p class="MsoNormal" style="margin-bottom: 0.0001pt; text-align: justify;"><font size="4" face="Trebuchet MS"><b><u><span lang="EN-US" style="color:#4F6228;
mso-themecolor:accent3;mso-themeshade:128;mso-ansi-language:EN-US">WE MAIL
WORLDWIDE.</span></u></b><b><span lang="EN-US" style="color:#4F6228;mso-themecolor:
accent3;mso-themeshade:128;mso-ansi-language:EN-US"> </span></b><b><span lang="EN-US" style="color:#4F6228;
mso-themecolor:accent3;mso-themeshade:128;mso-ansi-language:EN-US">The item
will be shipped from&nbsp;Greece, with registered airmail, which is one of the
safer and cheaper ways to get your package as soon as possible.<o:p></o:p></span></b></font></p><p class="MsoNormal" style="margin-bottom: 0.0001pt; text-align: justify;"><b><span lang="EN-US" style="color:#4F6228;mso-themecolor:accent3;mso-themeshade:128;
mso-ansi-language:EN-US"><font size="4" face="Trebuchet MS">Handling time is&nbsp;2 working day after your payment
clears.<o:p></o:p></font></span></b></p><p class="MsoNormal" align="center" style="margin-bottom: 0.0001pt;">



























</p><p class="MsoNormal" style="margin-bottom: 0.0001pt; text-align: justify;"><b><span lang="EN-US" style="color:#4F6228;
mso-themecolor:accent3;mso-themeshade:128;mso-ansi-language:EN-US"><font size="4" face="Trebuchet MS">For multiple
purchases please wait for an invoice to save you money as : <u>WE COMBINE
SHIPPING</u>.</font><o:p></o:p></span></b></p>
</DOC>
<DOC>
<DOCID>1700430</DOCID>
<CATEGORY>Collectibles > Comics > Copper Age (1984-1991) > Other Copper Age Comics</CATEGORY>
<ORIGTITLE>X-Men 2099 Synge City Blues Direct Edition Vol 1 #1 Marvel Comic November1993 NM</ORIGTITLE>
<FONT size=2 face="Arial, Helvetica, sans-serif"><FONT size=5><FONT color=#ff0000><FONT size=2 face="Arial, Helvetica, sans-serif"><FONT color=red size=6><FONT color=#ff0000 size=5><STRONG><FONT size=2 face="Arial, Helvetica, sans-serif"><FONT color=#ff0000 size=5><FONT size=2 face="Arial, Helvetica, sans-serif"><STRONG><FONT color=#000000 size=5><FONT size=2 face="Arial, Helvetica, sans-serif"><FONT size=2 face="Arial, Helvetica, sans-serif"><FONT size=5><FONT color=#ff0000><FONT size=2 face="Arial, Helvetica, sans-serif"><FONT color=red size=6><FONT color=#ff0000 size=5><STRONG><FONT size=2 face="Arial, Helvetica, sans-serif"><FONT color=#ff0000 size=5><FONT size=2 face="Arial, Helvetica, sans-serif"><STRONG><FONT size=5><FONT size=6><FONT size=2 face="Arial, Helvetica, sans-serif">
<P><FONT size=5><SPAN style="FONT-SIZE: 18pt"><STRONG>The stated&nbsp;Comic Book&nbsp;in the title of this auction&nbsp;will be&nbsp;the&nbsp;Comic you will receive. The Comic Name, Year of Comic, Publisher&nbsp;and&nbsp;Comic # Number&nbsp;and the condition are&nbsp;usually stated in the title. We have provided the picture(s) of the comic for you to give it your own grade. Please email us&nbsp;if you want us to take a second look. Any questions feel free to email us anytime.</STRONG></SPAN></FONT></P>
<P><FONT size=5><SPAN style="FONT-SIZE: 18pt"><SPAN style="FONT-SIZE: 18pt; COLOR: lime">Included in Handling fee charged:</SPAN><SPAN style="FONT-SIZE: 18pt"> All comics are shipped in a&nbsp;Comic Bag&nbsp;with a backboard, enclosed in a photo mailer,&nbsp;to insure they arrive in good condition ! </SPAN></SPAN></FONT></P><FONT size=5><FONT color=#000000><SPAN style="FONT-SIZE: 18pt"><STRONG></STRONG>
<P align=left><STRONG><FONT color=#000000><SPAN style="FONT-SIZE: 18pt; COLOR: lime"><SPAN class=description><FONT color=#000000 size=2>Cover scan: Is&nbsp;in some cases&nbsp;a stock photo. Regardless&nbsp;the comic you will receive will be of the same comic in the stated condition or better as stated in the title of this listing.</FONT></SPAN></SPAN></FONT></STRONG></SPAN></FONT></FONT></FONT></FONT></FONT></STRONG></FONT></FONT></FONT></STRONG></FONT></FONT></FONT></FONT></FONT></FONT></FONT></FONT></STRONG></FONT></FONT></FONT></STRONG></FONT></FONT></FONT></FONT></FONT></P>
<P align=center><FONT size=5><A align="center" <P><FONT size=5><FONT size=5><FONT size=3><U><STRONG><SPAN style="COLOR: black">Terms and Conditions: </SPAN></STRONG><SPAN style="FONT-SIZE: 7.5pt; COLOR: black"><?xml:namespace prefix = "o" /><o:p></o:p></SPAN></U></FONT></FONT></FONT></P>
<P align=center><FONT size=5><FONT size=5><FONT size=3><SPAN style="COLOR: black">Payment due within 10 Days of auction close no exceptions !</SPAN><SPAN style="FONT-SIZE: 7.5pt; COLOR: black"><o:p></o:p></SPAN></FONT></FONT></FONT></P><FONT size=5><FONT size=5><FONT size=3><SPAN style="COLOR: black"><FONT size=2 face="Arial, Helvetica, sans-serif">
<P style="TEXT-ALIGN: center" align=left><FONT size=2 face="Arial, Helvetica, sans-serif"><FONT size=5></A><A><FONT size=5><FONT size=5><FONT color=#ff0000 size=3><SPAN style="COLOR: black"><STRONG>Shipping: </STRONG></SPAN></FONT></FONT></FONT></A><A align="center" <P></FONT></FONT></P>
<P style="TEXT-ALIGN: center" align=left><FONT face="Arial, Helvetica, sans-serif"></A><A><FONT color=#8b0000 size=6><SPAN style="COLOR: black">Each extra comic is $1.50 for North America and $2.50 per comic for outside of North America</SPAN></FONT></A></FONT></P>
<P style="TEXT-ALIGN: center" align=left>Comics are very heavy and bulky. For this reason they are quite expensive to ship&nbsp;from Canada. Unfortunately we do not have special rates in Canada like other countries for magazines of this sort. Our prices that we offer for shipping comics is non negotiable. Please make sure you understand this before purchasing our comics. If you buy 10 comics the additional 9 will be $1.50 each to ship for a total additional charge of $9 x $1.50 = $13.50</P>
<P style="TEXT-ALIGN: center" align=left><FONT size=2 face="Arial, Helvetica, sans-serif"><FONT size=5><FONT size=5><FONT size=5><FONT color=#ff0000 size=3><SPAN style="COLOR: black">Please see Shipping &amp; Payment Tab next to item Description tab above.</SPAN></FONT></FONT></FONT></FONT></FONT></P>
<P style="TEXT-ALIGN: center" align=left><FONT size=2 face="Arial, Helvetica, sans-serif"><FONT size=5>Orders over $100 must be sent expedited or xpresspost. Please ask for a quote before bidding or purchasing when buying larger volumes.<A align="center" <P></FONT></FONT></P></FONT></SPAN></FONT></FONT></FONT>
<P style="TEXT-ALIGN: center" align=center><FONT size=5><FONT size=5><FONT size=3><FONT color=#000000><SPAN style="COLOR: red">We ship anywhere in the world&nbsp;!!!</SPAN></FONT></FONT></FONT></FONT></P>
<P style="TEXT-ALIGN: center" align=center><FONT size=5><FONT size=5><FONT size=3><FONT color=#000000><SPAN style="COLOR: red">&nbsp;Orders are normally shipped within 2 business days of receipt of payment***</SPAN></FONT></FONT></FONT></FONT></P><FONT size=5><FONT size=5><FONT size=3><FONT color=#000000><SPAN style="COLOR: red"></SPAN><SPAN style="FONT-SIZE: 7.5pt; COLOR: rgb(255,104,32)"><o:p>
<P style="TEXT-ALIGN: center" align=center><FONT size=3><STRONG><SPAN style="COLOR: black">Shipping Method:</SPAN></STRONG><SPAN style="FONT-SIZE: 7.5pt; COLOR: black"><o:p></o:p></SPAN></FONT></P>
<P style="TEXT-ALIGN: center" align=center><?xml:namespace prefix = "st1" /><st1:country-region><st1:place><SPAN style="COLOR: black"><st1:country-region><st1:place><FONT size=3>Canada</FONT></st1:place></st1:country-region></SPAN></st1:place></st1:country-region><SPAN style="COLOR: black"><FONT size=3> Post (Other shipping services upon request)</FONT></SPAN></P>
<P style="TEXT-ALIGN: center" align=center><SPAN style="COLOR: black"><FONT size=3>Combined Shipping Available: Each additional card 50 Cents</FONT></SPAN></P>
<P style="TEXT-ALIGN: center" align=center><FONT size=3><FONT color=#000000><SPAN style="COLOR: red">Absolutely no pick ups, Sorry Web business only !</SPAN></FONT></FONT></P>
<P style="TEXT-ALIGN: center" align=center><FONT color=#000000><SPAN style="COLOR: red"></SPAN><SPAN style="FONT-SIZE: 7.5pt; COLOR: rgb(255,104,32)"><o:p><SPAN style="COLOR: red"><FONT size=3>WE DO COMBINE SHIPPING AND HANDLING CHARGES</FONT></SPAN></o:p></SPAN></FONT></P>
<P style="TEXT-ALIGN: center" align=center><FONT size=3><FONT color=#000000><FONT color=#000000><SPAN style="COLOR: red"><FONT color=#000000>Buyer is responsible for all duties and or taxes that might be incurred when importing my items from outside of </FONT></SPAN><st1:country-region><st1:place><SPAN style="COLOR: red"><st1:country-region><st1:place><FONT color=#000000>Canada</FONT></st1:place></st1:country-region></SPAN></st1:place></st1:country-region><SPAN style="COLOR: red"></SPAN></FONT><FONT color=#000000> </FONT></FONT></FONT></o:p></SPAN><SPAN style="FONT-SIZE: 7.5pt; COLOR: rgb(255,104,32)"><o:p></P></o:p></SPAN>
<P style="TEXT-ALIGN: center" align=center><FONT size=3><STRONG><SPAN style="COLOR: black">Payment methods Accepted:</SPAN></STRONG><SPAN style="FONT-SIZE: 7.5pt; COLOR: black"><o:p></o:p></SPAN></FONT></P>
<P align=center><FONT size=3><SPAN style="COLOR: black">Paypal Preferred</SPAN></FONT></P>
<P align=center><FONT size=3><FONT color=#000000><SPAN style="COLOR: black"><STRONG>Return Policy:</STRONG></SPAN></FONT></FONT></P>
<P align=left><FONT size=3><FONT color=#000000><SPAN style="COLOR: black">100% money back guarantee. If you are not 100% satisfied with your purchase just email us and we will issue an RA (return authorization). We will refund the cost of the item and not the postage paid for the item to be sent to you or the post to return the item to us. If we make an error or if the item arrives damaged we will refund all costs involved for the item. So rest assured you will get what you pay for or your money back !</SPAN></FONT></FONT></P>
<P align=center><FONT size=3><FONT color=#000000><SPAN style="COLOR: black"><STRONG>Other frequently asked answers to questions:</STRONG></SPAN></FONT></FONT></P></FONT></FONT></FONT></FONT>
<P><FONT size=5><FONT size=5><FONT size=3><SPAN style="COLOR: black">@@ Please note all international (outside of </SPAN><st1:place><SPAN style="COLOR: black"><st1:place>North America</st1:place></SPAN></st1:place><SPAN style="COLOR: black">) orders over $100.00 must be sent by expedited Canada Post courier service. This can be quite costly $50.00 minimum cost, so if you are an international customer please take this into account before&nbsp;purchasing !</SPAN></FONT><SPAN style="FONT-SIZE: 7.5pt; COLOR: black"><o:p></o:p></SPAN></FONT></FONT></P>
<P><FONT size=5><FONT size=5><FONT size=3><SPAN style="COLOR: black">@@ We have packaged 100's of thousands of orders throughout the years so feel confident that we will take the extra steps to make sure your order gets to you as described.</SPAN><SPAN style="FONT-SIZE: 7.5pt; COLOR: black"><o:p></o:p></SPAN></FONT></FONT></FONT></P>
<P><FONT size=5><FONT size=5><FONT size=3><SPAN style="COLOR: black">@@ You will be informed when we receive payment. You will be informed again when we ship your product. Turnaround time from the time you receive the email that your item has been shipped and the time you receive it, is 1-15 days in </SPAN><st1:place><SPAN style="COLOR: black"><st1:place>North America</st1:place></SPAN></st1:place><SPAN style="COLOR: black"> and 1-6 weeks outside of </SPAN></FONT><st1:place><SPAN style="COLOR: black"><st1:place><FONT size=3>North America</FONT></st1:place></SPAN></st1:place><SPAN style="COLOR: black"><FONT size=3>.</FONT></SPAN></FONT></FONT></P>
<P><SPAN style="COLOR: black"></SPAN><SPAN style="FONT-SIZE: 7.5pt; COLOR: black"><o:p><FONT size=5><FONT size=5><FONT size=3><FONT size=3><SPAN style="FONT-SIZE: 7.5pt; COLOR: black"><o:p><FONT size=3>@@ Canadian customers are subject to GST or&nbsp;HST (based on&nbsp;the province you are in)&nbsp;by law where applicable.</FONT></o:p></SPAN></FONT></FONT></FONT></FONT></o:p></SPAN><SPAN style="FONT-SIZE: 7.5pt; COLOR: black"><FONT size=5><FONT size=5>&nbsp;</FONT></FONT></SPAN><SPAN style="FONT-SIZE: 7.5pt; COLOR: black"><FONT size=5><FONT size=5>&nbsp;<o:p></o:p></FONT></FONT></SPAN></P>
<P style="TEXT-ALIGN: center" align=center></P>
<P><SPAN style="COLOR: black"><FONT size=5><FONT size=5><FONT size=3><o:p></o:p></FONT></FONT></FONT></SPAN></P>
<P align=center><FONT size=5><FONT size=5><FONT color=#000000><STRONG><SPAN style="FONT-SIZE: 18pt; COLOR: blue">BID WITH CONFIDENCE !!</SPAN></STRONG><SPAN style="FONT-SIZE: 18pt; COLOR: rgb(255,104,32)"><o:p></o:p></SPAN></FONT></FONT></FONT></P>
<P></P>
<P style="TEXT-ALIGN: center" align=center><FONT size=5><FONT size=5><FONT color=#000000><STRONG><SPAN style="FONT-SIZE: 18pt; COLOR: limegreen">Add&nbsp;us as a favorite seller and receive monthly specials that other customers will not receive !</SPAN></STRONG><SPAN style="FONT-SIZE: 18pt; COLOR: rgb(255,104,32)"><o:p></o:p></SPAN></FONT></FONT></FONT></P>
<P style="TEXT-ALIGN: center" align=center><FONT size=5><FONT size=5><FONT color=#000000><STRONG><SPAN style="FONT-SIZE: 36pt; COLOR: red">Thank you very much for viewing&nbsp;our Listing.&nbsp;</SPAN></STRONG><SPAN style="FONT-SIZE: 18pt; COLOR: rgb(255,104,32)"><o:p></o:p></SPAN></FONT></FONT></FONT></P>
<P style="TEXT-ALIGN: center" align=center><FONT size=5><FONT size=5><FONT color=#000000><STRONG><SPAN style="FONT-SIZE: 36pt; COLOR: red">&nbsp;GOOD LUCK BIDDING !</SPAN></STRONG></FONT></FONT></FONT></P></FONT></A></FONT>
			<CENTER>
			<IMG SRC='http://pics.ebay.com/aw/pics/sell/templates/images/k2/tagline.gif' BORDER='0' />
			<BR />
			<FONT FACE='Arial,Helvetica' SIZE='2'>Powered by <A HREF='http://pages.ebay.com/turbo_lister/'>eBay Turbo Lister</A>
			</FONT>
			</CENTER>
			
</DOC>
<DOC>
<DOCID>1700434</DOCID>
<CATEGORY>Collectibles > Sewing (1930-Now) > Transfers</CATEGORY>
<ORIGTITLE>VTG 1960s Transfer Pattern FLOWER FLORAL MOTIFS UNCUT + BONUS</ORIGTITLE>
<meta name='viewport' content='width=device-width'><font rwr='1' size='4' style='font-family:Arial'><font rwr="1" style="font-family:Arial" size="4"><font rwr="1" style="font-family:Arial" size="4"><font rwr="1" style="font-family:Arial" size="4"><font rwr="1" style="font-family:Arial" size="4"><font rwr="1" style="font-family:Arial" size="4"><font rwr="1" style="font-family:Arial" size="4"><font rwr="1" style="font-family:Arial" size="4"><font rwr="1" style="font-family:Arial" size="4"><font rwr="1" style="font-family:Arial" size="4"><font rwr="1" style="font-family:Arial" size="4"><font rwr="1" style="font-family:Arial" size="4"><font rwr="1" style="font-family:Arial" size="4"><font rwr="1" style="font-family:Arial" size="4"><font rwr="1" style="font-family:Arial" size="4"><font rwr="1" style="font-family:Arial" size="4"><font rwr="1" style="font-family:Arial" size="4"><font rwr="1" style="font-family:Arial" size="4"><font rwr="1" style="font-family:Arial" size="4"><font rwr="1" style="font-family:Arial" size="4"><font rwr="1" style="font-family:Arial" size="4"><font rwr="1" style="font-family:Arial" size="4"><font rwr="1" style="font-family:Arial" size="4"><font rwr="1" style="font-family:Arial" size="4"><font rwr="1" style="font-family:Arial" size="4"><font rwr="1" style="font-family:Arial" size="4"><font rwr="1" style="font-family:Arial" size="4"><font rwr="1" style="font-family:Arial" size="4"><font rwr="1" style="font-family:Arial" size="4"><font rwr="1" style="font-family:Arial" size="4"><font rwr="1" style="font-family:Arial" size="4"><font rwr="1" style="font-family:Arial" size="4"><font rwr="1" style="font-family:Arial" size="4"><font rwr="1" style="font-family:Arial" size="4"><font rwr="1" style="font-family:Arial" size="4"><font rwr="1" style="font-family:Arial" size="4"><font rwr="1" style="font-family:Arial" size="4"><font rwr="1" style="font-family:Arial" size="4"><font rwr="1" style="font-family:Arial" size="4"><font rwr="1" style="font-family:Arial" size="4"><a name="ebayphotohosting"></a><img src="https://imagehost.vendio.com/img/spacers/pixel.gif"><p><!--VGMVAGRVKGEVRGFST--><!-- GVAVLVLVEVRVYV -->
<!--CSG INDICATOR START-->
<!-- VENDIO Scrolling Gallery (do not remove or modify the "CSG INDICATOR START/END" tags) --><link id="csgCss" rel="stylesheet" href="https://scrollinggallery.auctiva.com/gallery/css/2(0)/VENDIO/913525/20288/50/_398"><div id="csgGallery" style="display: none"><input id="csgScrollingCheckbox_398" type="checkbox" checked /><input id="csgSingleRowCheckbox_398" type="checkbox" checked /><div id="csgGalleryPos"><div id="csgGalleryContainer"><div id="csgHeader" class="csgFrame"><div id="csgHeaderLeft" class="csgLeft"><a id="csgHLSiteLink" href="https://www.ebay.com/sch/oncillakat/m.html?_ipg=100&_dmd=2&_sop=1" target="_blank"></a><a id="csgHLStoreLink" href="https://www.ebay.com/sch/oncillakat/m.html?_ipg=100&_dmd=2&_sop=1" target="_blank"></a><span id="csgHLLogo" class="csgLogo"></span></div><div id="csgHeaderCenter" class="csgCenter"><a id="csgHCSiteLink" href="https://www.ebay.com/sch/oncillakat/m.html?_ipg=100&_dmd=2&_sop=1" target="_blank"></a><a id="csgHCStoreLink" href="https://www.ebay.com/sch/oncillakat/m.html?_ipg=100&_dmd=2&_sop=1" target="_blank"></a><span id="csgHCLogo" class="csgLogo"></span></div><div id="csgHeaderRight" class="csgRight"><label id="csgHRScrollingLabel" for="csgScrollingCheckbox_398"></label><label id="csgHRSingleRowLabel" for="csgSingleRowCheckbox_398"></label><a id="csgHRSiteLink" href="https://www.ebay.com/sch/oncillakat/m.html?_ipg=100&_dmd=2&_sop=1" target="_blank"></a><a id="csgHRStoreLink" href="https://www.ebay.com/sch/oncillakat/m.html?_ipg=100&_dmd=2&_sop=1" target="_blank"></a><span id="csgHRLogo" class="csgLogo"></span></div></div><div id="csgOuterNavWrapper"><input id="csgPrev1_398" name="csgRadio" class="csgPrevCheck" type="radio"/><input id="csgPrev2_398" name="csgRadio" class="csgPrevCheck" type="radio"/><input id="csgPrev3_398" name="csgRadio" class="csgPrevCheck" type="radio"/><input id="csgPrev4_398" name="csgRadio" class="csgPrevCheck" type="radio"/><input id="csgPrev5_398" name="csgRadio" class="csgPrevCheck" type="radio"/><input id="csgPrev6_398" name="csgRadio" class="csgPrevCheck" type="radio"/><input id="csgPrev7_398" name="csgRadio" class="csgPrevCheck" type="radio"/><input id="csgPrev8_398" name="csgRadio" class="csgPrevCheck" type="radio"/><input id="csgPrev9_398" name="csgRadio" class="csgPrevCheck" type="radio"/><input id="csgPrev10_398" name="csgRadio" class="csgPrevCheck" type="radio"/><input id="csgPrev11_398" name="csgRadio" class="csgPrevCheck" type="radio"/><input id="csgPrev12_398" name="csgRadio" class="csgPrevCheck" type="radio"/><input id="csgPrev13_398" name="csgRadio" class="csgPrevCheck" type="radio"/><input id="csgPrev14_398" name="csgRadio" class="csgPrevCheck" type="radio"/><input id="csgPrev15_398" name="csgRadio" class="csgPrevCheck" type="radio"/><input id="csgPrev16_398" name="csgRadio" class="csgPrevCheck" type="radio"/><input id="csgPrev17_398" name="csgRadio" class="csgPrevCheck" type="radio"/><input id="csgPrev18_398" name="csgRadio" class="csgPrevCheck" type="radio"/><input id="csgPrev19_398" name="csgRadio" class="csgPrevCheck" type="radio"/><input id="csgPrev20_398" name="csgRadio" class="csgPrevCheck" type="radio"/><input id="csgPrev21_398" name="csgRadio" class="csgPrevCheck" type="radio"/><input id="csgPrev22_398" name="csgRadio" class="csgPrevCheck" type="radio"/><input id="csgPrev23_398" name="csgRadio" class="csgPrevCheck" type="radio"/><input id="csgPrev24_398" name="csgRadio" class="csgPrevCheck" type="radio"/><input id="csgPrev25_398" name="csgRadio" class="csgPrevCheck" type="radio"/><input id="csgPrev26_398" name="csgRadio" class="csgPrevCheck" type="radio"/><input id="csgPrev27_398" name="csgRadio" class="csgPrevCheck" type="radio"/><input id="csgPrev28_398" name="csgRadio" class="csgPrevCheck" type="radio"/><input id="csgPrev29_398" name="csgRadio" class="csgPrevCheck" type="radio"/><input id="csgPrev30_398" name="csgRadio" class="csgPrevCheck" type="radio"/><input id="csgPrev31_398" name="csgRadio" class="csgPrevCheck" type="radio"/><input id="csgPrev32_398" name="csgRadio" class="csgPrevCheck" type="radio"/><input id="csgPrev33_398" name="csgRadio" class="csgPrevCheck" type="radio"/><input id="csgPrev34_398" name="csgRadio" class="csgPrevCheck" type="radio"/><input id="csgPrev35_398" name="csgRadio" class="csgPrevCheck" type="radio"/><input id="csgPrev36_398" name="csgRadio" class="csgPrevCheck" type="radio"/><input id="csgPrev37_398" name="csgRadio" class="csgPrevCheck" type="radio"/><input id="csgPrev38_398" name="csgRadio" class="csgPrevCheck" type="radio"/><input id="csgPrev39_398" name="csgRadio" class="csgPrevCheck" type="radio"/><input id="csgPrev40_398" name="csgRadio" class="csgPrevCheck" type="radio"/><input id="csgPrev41_398" name="csgRadio" class="csgPrevCheck" type="radio"/><input id="csgPrev42_398" name="csgRadio" class="csgPrevCheck" type="radio"/><input id="csgPrev43_398" name="csgRadio" class="csgPrevCheck" type="radio"/><input id="csgPrev44_398" name="csgRadio" class="csgPrevCheck" type="radio"/><input id="csgPrev45_398" name="csgRadio" class="csgPrevCheck" type="radio"/><input id="csgPrev46_398" name="csgRadio" class="csgPrevCheck" type="radio"/><input id="csgPrev47_398" name="csgRadio" class="csgPrevCheck" type="radio"/><input id="csgPrev48_398" name="csgRadio" class="csgPrevCheck" type="radio"/><input id="csgPrev49_398" name="csgRadio" class="csgPrevCheck" type="radio"/><input id="csgPrev50_398" name="csgRadio" class="csgPrevCheck" type="radio"/><input id="csgNext1_398" name="csgRadio" class="csgNextCheck" type="radio"/><input id="csgNext2_398" name="csgRadio" class="csgNextCheck" type="radio"/><input id="csgNext3_398" name="csgRadio" class="csgNextCheck" type="radio"/><input id="csgNext4_398" name="csgRadio" class="csgNextCheck" type="radio"/><input id="csgNext5_398" name="csgRadio" class="csgNextCheck" type="radio"/><input id="csgNext6_398" name="csgRadio" class="csgNextCheck" type="radio"/><input id="csgNext7_398" name="csgRadio" class="csgNextCheck" type="radio"/><input id="csgNext8_398" name="csgRadio" class="csgNextCheck" type="radio"/><input id="csgNext9_398" name="csgRadio" class="csgNextCheck" type="radio"/><input id="csgNext10_398" name="csgRadio" class="csgNextCheck" type="radio"/><input id="csgNext11_398" name="csgRadio" class="csgNextCheck" type="radio"/><input id="csgNext12_398" name="csgRadio" class="csgNextCheck" type="radio"/><input id="csgNext13_398" name="csgRadio" class="csgNextCheck" type="radio"/><input id="csgNext14_398" name="csgRadio" class="csgNextCheck" type="radio"/><input id="csgNext15_398" name="csgRadio" class="csgNextCheck" type="radio"/><input id="csgNext16_398" name="csgRadio" class="csgNextCheck" type="radio"/><input id="csgNext17_398" name="csgRadio" class="csgNextCheck" type="radio"/><input id="csgNext18_398" name="csgRadio" class="csgNextCheck" type="radio"/><input id="csgNext19_398" name="csgRadio" class="csgNextCheck" type="radio"/><input id="csgNext20_398" name="csgRadio" class="csgNextCheck" type="radio"/><input id="csgNext21_398" name="csgRadio" class="csgNextCheck" type="radio"/><input id="csgNext22_398" name="csgRadio" class="csgNextCheck" type="radio"/><input id="csgNext23_398" name="csgRadio" class="csgNextCheck" type="radio"/><input id="csgNext24_398" name="csgRadio" class="csgNextCheck" type="radio"/><input id="csgNext25_398" name="csgRadio" class="csgNextCheck" type="radio"/><input id="csgNext26_398" name="csgRadio" class="csgNextCheck" type="radio"/><input id="csgNext27_398" name="csgRadio" class="csgNextCheck" type="radio"/><input id="csgNext28_398" name="csgRadio" class="csgNextCheck" type="radio"/><input id="csgNext29_398" name="csgRadio" class="csgNextCheck" type="radio"/><input id="csgNext30_398" name="csgRadio" class="csgNextCheck" type="radio"/><input id="csgNext31_398" name="csgRadio" class="csgNextCheck" type="radio"/><input id="csgNext32_398" name="csgRadio" class="csgNextCheck" type="radio"/><input id="csgNext33_398" name="csgRadio" class="csgNextCheck" type="radio"/><input id="csgNext34_398" name="csgRadio" class="csgNextCheck" type="radio"/><input id="csgNext35_398" name="csgRadio" class="csgNextCheck" type="radio"/><input id="csgNext36_398" name="csgRadio" class="csgNextCheck" type="radio"/><input id="csgNext37_398" name="csgRadio" class="csgNextCheck" type="radio"/><input id="csgNext38_398" name="csgRadio" class="csgNextCheck" type="radio"/><input id="csgNext39_398" name="csgRadio" class="csgNextCheck" type="radio"/><input id="csgNext40_398" name="csgRadio" class="csgNextCheck" type="radio"/><input id="csgNext41_398" name="csgRadio" class="csgNextCheck" type="radio"/><input id="csgNext42_398" name="csgRadio" class="csgNextCheck" type="radio"/><input id="csgNext43_398" name="csgRadio" class="csgNextCheck" type="radio"/><input id="csgNext44_398" name="csgRadio" class="csgNextCheck" type="radio"/><input id="csgNext45_398" name="csgRadio" class="csgNextCheck" type="radio"/><input id="csgNext46_398" name="csgRadio" class="csgNextCheck" type="radio"/><input id="csgNext47_398" name="csgRadio" class="csgNextCheck" type="radio"/><input id="csgNext48_398" name="csgRadio" class="csgNextCheck" type="radio"/><input id="csgNext49_398" name="csgRadio" class="csgNextCheck" type="radio"/><input id="csgNext50_398" name="csgRadio" class="csgNextCheck" type="radio"/><div id="csgNavLeft" class="csgNavLabels"><div id="csgNavLeftWrapper" class="csgNavWrapper"><label id="csgPrevLabel1" class="csgNavLabel" for="csgPrev1_398"></label><label id="csgPrevLabel2" class="csgNavLabel" for="csgPrev2_398"></label><label id="csgPrevLabel3" class="csgNavLabel" for="csgPrev3_398"></label><label id="csgPrevLabel4" class="csgNavLabel" for="csgPrev4_398"></label><label id="csgPrevLabel5" class="csgNavLabel" for="csgPrev5_398"></label><label id="csgPrevLabel6" class="csgNavLabel" for="csgPrev6_398"></label><label id="csgPrevLabel7" class="csgNavLabel" for="csgPrev7_398"></label><label id="csgPrevLabel8" class="csgNavLabel" for="csgPrev8_398"></label><label id="csgPrevLabel9" class="csgNavLabel" for="csgPrev9_398"></label><label id="csgPrevLabel10" class="csgNavLabel" for="csgPrev10_398"></label><label id="csgPrevLabel11" class="csgNavLabel" for="csgPrev11_398"></label><label id="csgPrevLabel12" class="csgNavLabel" for="csgPrev12_398"></label><label id="csgPrevLabel13" class="csgNavLabel" for="csgPrev13_398"></label><label id="csgPrevLabel14" class="csgNavLabel" for="csgPrev14_398"></label><label id="csgPrevLabel15" class="csgNavLabel" for="csgPrev15_398"></label><label id="csgPrevLabel16" class="csgNavLabel" for="csgPrev16_398"></label><label id="csgPrevLabel17" class="csgNavLabel" for="csgPrev17_398"></label><label id="csgPrevLabel18" class="csgNavLabel" for="csgPrev18_398"></label><label id="csgPrevLabel19" class="csgNavLabel" for="csgPrev19_398"></label><label id="csgPrevLabel20" class="csgNavLabel" for="csgPrev20_398"></label><label id="csgPrevLabel21" class="csgNavLabel" for="csgPrev21_398"></label><label id="csgPrevLabel22" class="csgNavLabel" for="csgPrev22_398"></label><label id="csgPrevLabel23" class="csgNavLabel" for="csgPrev23_398"></label><label id="csgPrevLabel24" class="csgNavLabel" for="csgPrev24_398"></label><label id="csgPrevLabel25" class="csgNavLabel" for="csgPrev25_398"></label><label id="csgPrevLabel26" class="csgNavLabel" for="csgPrev26_398"></label><label id="csgPrevLabel27" class="csgNavLabel" for="csgPrev27_398"></label><label id="csgPrevLabel28" class="csgNavLabel" for="csgPrev28_398"></label><label id="csgPrevLabel29" class="csgNavLabel" for="csgPrev29_398"></label><label id="csgPrevLabel30" class="csgNavLabel" for="csgPrev30_398"></label><label id="csgPrevLabel31" class="csgNavLabel" for="csgPrev31_398"></label><label id="csgPrevLabel32" class="csgNavLabel" for="csgPrev32_398"></label><label id="csgPrevLabel33" class="csgNavLabel" for="csgPrev33_398"></label><label id="csgPrevLabel34" class="csgNavLabel" for="csgPrev34_398"></label><label id="csgPrevLabel35" class="csgNavLabel" for="csgPrev35_398"></label><label id="csgPrevLabel36" class="csgNavLabel" for="csgPrev36_398"></label><label id="csgPrevLabel37" class="csgNavLabel" for="csgPrev37_398"></label><label id="csgPrevLabel38" class="csgNavLabel" for="csgPrev38_398"></label><label id="csgPrevLabel39" class="csgNavLabel" for="csgPrev39_398"></label><label id="csgPrevLabel40" class="csgNavLabel" for="csgPrev40_398"></label><label id="csgPrevLabel41" class="csgNavLabel" for="csgPrev41_398"></label><label id="csgPrevLabel42" class="csgNavLabel" for="csgPrev42_398"></label><label id="csgPrevLabel43" class="csgNavLabel" for="csgPrev43_398"></label><label id="csgPrevLabel44" class="csgNavLabel" for="csgPrev44_398"></label><label id="csgPrevLabel45" class="csgNavLabel" for="csgPrev45_398"></label><label id="csgPrevLabel46" class="csgNavLabel" for="csgPrev46_398"></label><label id="csgPrevLabel47" class="csgNavLabel" for="csgPrev47_398"></label><label id="csgPrevLabel48" class="csgNavLabel" for="csgPrev48_398"></label><label id="csgPrevLabel49" class="csgNavLabel" for="csgPrev49_398"></label><label id="csgPrevLabel50" class="csgNavLabel" for="csgPrev50_398"></label></div></div><div id="csgNavRight" class="csgNavLabels"><div id="csgNavRightWrapper" class="csgNavWrapper"><label id="csgNextLabel1" class="csgNavLabel" for="csgNext1_398"></label><label id="csgNextLabel2" class="csgNavLabel" for="csgNext2_398"></label><label id="csgNextLabel3" class="csgNavLabel" for="csgNext3_398"></label><label id="csgNextLabel4" class="csgNavLabel" for="csgNext4_398"></label><label id="csgNextLabel5" class="csgNavLabel" for="csgNext5_398"></label><label id="csgNextLabel6" class="csgNavLabel" for="csgNext6_398"></label><label id="csgNextLabel7" class="csgNavLabel" for="csgNext7_398"></label><label id="csgNextLabel8" class="csgNavLabel" for="csgNext8_398"></label><label id="csgNextLabel9" class="csgNavLabel" for="csgNext9_398"></label><label id="csgNextLabel10" class="csgNavLabel" for="csgNext10_398"></label><label id="csgNextLabel11" class="csgNavLabel" for="csgNext11_398"></label><label id="csgNextLabel12" class="csgNavLabel" for="csgNext12_398"></label><label id="csgNextLabel13" class="csgNavLabel" for="csgNext13_398"></label><label id="csgNextLabel14" class="csgNavLabel" for="csgNext14_398"></label><label id="csgNextLabel15" class="csgNavLabel" for="csgNext15_398"></label><label id="csgNextLabel16" class="csgNavLabel" for="csgNext16_398"></label><label id="csgNextLabel17" class="csgNavLabel" for="csgNext17_398"></label><label id="csgNextLabel18" class="csgNavLabel" for="csgNext18_398"></label><label id="csgNextLabel19" class="csgNavLabel" for="csgNext19_398"></label><label id="csgNextLabel20" class="csgNavLabel" for="csgNext20_398"></label><label id="csgNextLabel21" class="csgNavLabel" for="csgNext21_398"></label><label id="csgNextLabel22" class="csgNavLabel" for="csgNext22_398"></label><label id="csgNextLabel23" class="csgNavLabel" for="csgNext23_398"></label><label id="csgNextLabel24" class="csgNavLabel" for="csgNext24_398"></label><label id="csgNextLabel25" class="csgNavLabel" for="csgNext25_398"></label><label id="csgNextLabel26" class="csgNavLabel" for="csgNext26_398"></label><label id="csgNextLabel27" class="csgNavLabel" for="csgNext27_398"></label><label id="csgNextLabel28" class="csgNavLabel" for="csgNext28_398"></label><label id="csgNextLabel29" class="csgNavLabel" for="csgNext29_398"></label><label id="csgNextLabel30" class="csgNavLabel" for="csgNext30_398"></label><label id="csgNextLabel31" class="csgNavLabel" for="csgNext31_398"></label><label id="csgNextLabel32" class="csgNavLabel" for="csgNext32_398"></label><label id="csgNextLabel33" class="csgNavLabel" for="csgNext33_398"></label><label id="csgNextLabel34" class="csgNavLabel" for="csgNext34_398"></label><label id="csgNextLabel35" class="csgNavLabel" for="csgNext35_398"></label><label id="csgNextLabel36" class="csgNavLabel" for="csgNext36_398"></label><label id="csgNextLabel37" class="csgNavLabel" for="csgNext37_398"></label><label id="csgNextLabel38" class="csgNavLabel" for="csgNext38_398"></label><label id="csgNextLabel39" class="csgNavLabel" for="csgNext39_398"></label><label id="csgNextLabel40" class="csgNavLabel" for="csgNext40_398"></label><label id="csgNextLabel41" class="csgNavLabel" for="csgNext41_398"></label><label id="csgNextLabel42" class="csgNavLabel" for="csgNext42_398"></label><label id="csgNextLabel43" class="csgNavLabel" for="csgNext43_398"></label><label id="csgNextLabel44" class="csgNavLabel" for="csgNext44_398"></label><label id="csgNextLabel45" class="csgNavLabel" for="csgNext45_398"></label><label id="csgNextLabel46" class="csgNavLabel" for="csgNext46_398"></label><label id="csgNextLabel47" class="csgNavLabel" for="csgNext47_398"></label><label id="csgNextLabel48" class="csgNavLabel" for="csgNext48_398"></label><label id="csgNextLabel49" class="csgNavLabel" for="csgNext49_398"></label><label id="csgNextLabel50" class="csgNavLabel" for="csgNext50_398"></label></div></div><div id="csgSlidesContainer"><div id="csgSlidesOuter"><a id="csgOverrideLink" href="https://www.ebay.com/sch/oncillakat/m.html?_ipg=100&_dmd=2&_sop=1" target="_blank"></a><div id="csgSlides"><div class="csgSlide"><div class="csgListing"><a href="https://www.ebay.com/sch/oncillakat/m.html?_ipg=100&_dmd=2&_sop=1" target="_blank"><div class="csgListingImage"></div><div class="csgTitle"></div><div class="csgDetails"><span class="csgPrice"></span><br><span class="csgEndTime"></span></div></a></div></div><div class="csgSlide"><div class="csgListing"><a href="https://www.ebay.com/sch/oncillakat/m.html?_ipg=100&_dmd=2&_sop=1" target="_blank"><div class="csgListingImage"></div><div class="csgTitle"></div><div class="csgDetails"><span class="csgPrice"></span><br><span class="csgEndTime"></span></div></a></div></div><div class="csgSlide"><div class="csgListing"><a href="https://www.ebay.com/sch/oncillakat/m.html?_ipg=100&_dmd=2&_sop=1" target="_blank"><div class="csgListingImage"></div><div class="csgTitle"></div><div class="csgDetails"><span class="csgPrice"></span><br><span class="csgEndTime"></span></div></a></div></div><div class="csgSlide"><div class="csgListing"><a href="https://www.ebay.com/sch/oncillakat/m.html?_ipg=100&_dmd=2&_sop=1" target="_blank"><div class="csgListingImage"></div><div class="csgTitle"></div><div class="csgDetails"><span class="csgPrice"></span><br><span class="csgEndTime"></span></div></a></div></div><div class="csgSlide"><div class="csgListing"><a href="https://www.ebay.com/sch/oncillakat/m.html?_ipg=100&_dmd=2&_sop=1" target="_blank"><div class="csgListingImage"></div><div class="csgTitle"></div><div class="csgDetails"><span class="csgPrice"></span><br><span class="csgEndTime"></span></div></a></div></div><div class="csgSlide"><div class="csgListing"><a href="https://www.ebay.com/sch/oncillakat/m.html?_ipg=100&_dmd=2&_sop=1" target="_blank"><div class="csgListingImage"></div><div class="csgTitle"></div><div class="csgDetails"><span class="csgPrice"></span><br><span class="csgEndTime"></span></div></a></div></div><div class="csgSlide"><div class="csgListing"><a href="https://www.ebay.com/sch/oncillakat/m.html?_ipg=100&_dmd=2&_sop=1" target="_blank"><div class="csgListingImage"></div><div class="csgTitle"></div><div class="csgDetails"><span class="csgPrice"></span><br><span class="csgEndTime"></span></div></a></div></div><div class="csgSlide"><div class="csgListing"><a href="https://www.ebay.com/sch/oncillakat/m.html?_ipg=100&_dmd=2&_sop=1" target="_blank"><div class="csgListingImage"></div><div class="csgTitle"></div><div class="csgDetails"><span class="csgPrice"></span><br><span class="csgEndTime"></span></div></a></div></div><div class="csgSlide"><div class="csgListing"><a href="https://www.ebay.com/sch/oncillakat/m.html?_ipg=100&_dmd=2&_sop=1" target="_blank"><div class="csgListingImage"></div><div class="csgTitle"></div><div class="csgDetails"><span class="csgPrice"></span><br><span class="csgEndTime"></span></div></a></div></div><div class="csgSlide"><div class="csgListing"><a href="https://www.ebay.com/sch/oncillakat/m.html?_ipg=100&_dmd=2&_sop=1" target="_blank"><div class="csgListingImage"></div><div class="csgTitle"></div><div class="csgDetails"><span class="csgPrice"></span><br><span class="csgEndTime"></span></div></a></div></div><div class="csgSlide"><div class="csgListing"><a href="https://www.ebay.com/sch/oncillakat/m.html?_ipg=100&_dmd=2&_sop=1" target="_blank"><div class="csgListingImage"></div><div class="csgTitle"></div><div class="csgDetails"><span class="csgPrice"></span><br><span class="csgEndTime"></span></div></a></div></div><div class="csgSlide"><div class="csgListing"><a href="https://www.ebay.com/sch/oncillakat/m.html?_ipg=100&_dmd=2&_sop=1" target="_blank"><div class="csgListingImage"></div><div class="csgTitle"></div><div class="csgDetails"><span class="csgPrice"></span><br><span class="csgEndTime"></span></div></a></div></div><div class="csgSlide"><div class="csgListing"><a href="https://www.ebay.com/sch/oncillakat/m.html?_ipg=100&_dmd=2&_sop=1" target="_blank"><div class="csgListingImage"></div><div class="csgTitle"></div><div class="csgDetails"><span class="csgPrice"></span><br><span class="csgEndTime"></span></div></a></div></div><div class="csgSlide"><div class="csgListing"><a href="https://www.ebay.com/sch/oncillakat/m.html?_ipg=100&_dmd=2&_sop=1" target="_blank"><div class="csgListingImage"></div><div class="csgTitle"></div><div class="csgDetails"><span class="csgPrice"></span><br><span class="csgEndTime"></span></div></a></div></div><div class="csgSlide"><div class="csgListing"><a href="https://www.ebay.com/sch/oncillakat/m.html?_ipg=100&_dmd=2&_sop=1" target="_blank"><div class="csgListingImage"></div><div class="csgTitle"></div><div class="csgDetails"><span class="csgPrice"></span><br><span class="csgEndTime"></span></div></a></div></div><div class="csgSlide"><div class="csgListing"><a href="https://www.ebay.com/sch/oncillakat/m.html?_ipg=100&_dmd=2&_sop=1" target="_blank"><div class="csgListingImage"></div><div class="csgTitle"></div><div class="csgDetails"><span class="csgPrice"></span><br><span class="csgEndTime"></span></div></a></div></div><div class="csgSlide"><div class="csgListing"><a href="https://www.ebay.com/sch/oncillakat/m.html?_ipg=100&_dmd=2&_sop=1" target="_blank"><div class="csgListingImage"></div><div class="csgTitle"></div><div class="csgDetails"><span class="csgPrice"></span><br><span class="csgEndTime"></span></div></a></div></div><div class="csgSlide"><div class="csgListing"><a href="https://www.ebay.com/sch/oncillakat/m.html?_ipg=100&_dmd=2&_sop=1" target="_blank"><div class="csgListingImage"></div><div class="csgTitle"></div><div class="csgDetails"><span class="csgPrice"></span><br><span class="csgEndTime"></span></div></a></div></div><div class="csgSlide"><div class="csgListing"><a href="https://www.ebay.com/sch/oncillakat/m.html?_ipg=100&_dmd=2&_sop=1" target="_blank"><div class="csgListingImage"></div><div class="csgTitle"></div><div class="csgDetails"><span class="csgPrice"></span><br><span class="csgEndTime"></span></div></a></div></div><div class="csgSlide"><div class="csgListing"><a href="https://www.ebay.com/sch/oncillakat/m.html?_ipg=100&_dmd=2&_sop=1" target="_blank"><div class="csgListingImage"></div><div class="csgTitle"></div><div class="csgDetails"><span class="csgPrice"></span><br><span class="csgEndTime"></span></div></a></div></div><div class="csgSlide"><div class="csgListing"><a href="https://www.ebay.com/sch/oncillakat/m.html?_ipg=100&_dmd=2&_sop=1" target="_blank"><div class="csgListingImage"></div><div class="csgTitle"></div><div class="csgDetails"><span class="csgPrice"></span><br><span class="csgEndTime"></span></div></a></div></div><div class="csgSlide"><div class="csgListing"><a href="https://www.ebay.com/sch/oncillakat/m.html?_ipg=100&_dmd=2&_sop=1" target="_blank"><div class="csgListingImage"></div><div class="csgTitle"></div><div class="csgDetails"><span class="csgPrice"></span><br><span class="csgEndTime"></span></div></a></div></div><div class="csgSlide"><div class="csgListing"><a href="https://www.ebay.com/sch/oncillakat/m.html?_ipg=100&_dmd=2&_sop=1" target="_blank"><div class="csgListingImage"></div><div class="csgTitle"></div><div class="csgDetails"><span class="csgPrice"></span><br><span class="csgEndTime"></span></div></a></div></div><div class="csgSlide"><div class="csgListing"><a href="https://www.ebay.com/sch/oncillakat/m.html?_ipg=100&_dmd=2&_sop=1" target="_blank"><div class="csgListingImage"></div><div class="csgTitle"></div><div class="csgDetails"><span class="csgPrice"></span><br><span class="csgEndTime"></span></div></a></div></div><div class="csgSlide"><div class="csgListing"><a href="https://www.ebay.com/sch/oncillakat/m.html?_ipg=100&_dmd=2&_sop=1" target="_blank"><div class="csgListingImage"></div><div class="csgTitle"></div><div class="csgDetails"><span class="csgPrice"></span><br><span class="csgEndTime"></span></div></a></div></div><div class="csgSlide"><div class="csgListing"><a href="https://www.ebay.com/sch/oncillakat/m.html?_ipg=100&_dmd=2&_sop=1" target="_blank"><div class="csgListingImage"></div><div class="csgTitle"></div><div class="csgDetails"><span class="csgPrice"></span><br><span class="csgEndTime"></span></div></a></div></div><div class="csgSlide"><div class="csgListing"><a href="https://www.ebay.com/sch/oncillakat/m.html?_ipg=100&_dmd=2&_sop=1" target="_blank"><div class="csgListingImage"></div><div class="csgTitle"></div><div class="csgDetails"><span class="csgPrice"></span><br><span class="csgEndTime"></span></div></a></div></div><div class="csgSlide"><div class="csgListing"><a href="https://www.ebay.com/sch/oncillakat/m.html?_ipg=100&_dmd=2&_sop=1" target="_blank"><div class="csgListingImage"></div><div class="csgTitle"></div><div class="csgDetails"><span class="csgPrice"></span><br><span class="csgEndTime"></span></div></a></div></div><div class="csgSlide"><div class="csgListing"><a href="https://www.ebay.com/sch/oncillakat/m.html?_ipg=100&_dmd=2&_sop=1" target="_blank"><div class="csgListingImage"></div><div class="csgTitle"></div><div class="csgDetails"><span class="csgPrice"></span><br><span class="csgEndTime"></span></div></a></div></div><div class="csgSlide"><div class="csgListing"><a href="https://www.ebay.com/sch/oncillakat/m.html?_ipg=100&_dmd=2&_sop=1" target="_blank"><div class="csgListingImage"></div><div class="csgTitle"></div><div class="csgDetails"><span class="csgPrice"></span><br><span class="csgEndTime"></span></div></a></div></div><div class="csgSlide"><div class="csgListing"><a href="https://www.ebay.com/sch/oncillakat/m.html?_ipg=100&_dmd=2&_sop=1" target="_blank"><div class="csgListingImage"></div><div class="csgTitle"></div><div class="csgDetails"><span class="csgPrice"></span><br><span class="csgEndTime"></span></div></a></div></div><div class="csgSlide"><div class="csgListing"><a href="https://www.ebay.com/sch/oncillakat/m.html?_ipg=100&_dmd=2&_sop=1" target="_blank"><div class="csgListingImage"></div><div class="csgTitle"></div><div class="csgDetails"><span class="csgPrice"></span><br><span class="csgEndTime"></span></div></a></div></div><div class="csgSlide"><div class="csgListing"><a href="https://www.ebay.com/sch/oncillakat/m.html?_ipg=100&_dmd=2&_sop=1" target="_blank"><div class="csgListingImage"></div><div class="csgTitle"></div><div class="csgDetails"><span class="csgPrice"></span><br><span class="csgEndTime"></span></div></a></div></div><div class="csgSlide"><div class="csgListing"><a href="https://www.ebay.com/sch/oncillakat/m.html?_ipg=100&_dmd=2&_sop=1" target="_blank"><div class="csgListingImage"></div><div class="csgTitle"></div><div class="csgDetails"><span class="csgPrice"></span><br><span class="csgEndTime"></span></div></a></div></div><div class="csgSlide"><div class="csgListing"><a href="https://www.ebay.com/sch/oncillakat/m.html?_ipg=100&_dmd=2&_sop=1" target="_blank"><div class="csgListingImage"></div><div class="csgTitle"></div><div class="csgDetails"><span class="csgPrice"></span><br><span class="csgEndTime"></span></div></a></div></div><div class="csgSlide"><div class="csgListing"><a href="https://www.ebay.com/sch/oncillakat/m.html?_ipg=100&_dmd=2&_sop=1" target="_blank"><div class="csgListingImage"></div><div class="csgTitle"></div><div class="csgDetails"><span class="csgPrice"></span><br><span class="csgEndTime"></span></div></a></div></div><div class="csgSlide"><div class="csgListing"><a href="https://www.ebay.com/sch/oncillakat/m.html?_ipg=100&_dmd=2&_sop=1" target="_blank"><div class="csgListingImage"></div><div class="csgTitle"></div><div class="csgDetails"><span class="csgPrice"></span><br><span class="csgEndTime"></span></div></a></div></div><div class="csgSlide"><div class="csgListing"><a href="https://www.ebay.com/sch/oncillakat/m.html?_ipg=100&_dmd=2&_sop=1" target="_blank"><div class="csgListingImage"></div><div class="csgTitle"></div><div class="csgDetails"><span class="csgPrice"></span><br><span class="csgEndTime"></span></div></a></div></div><div class="csgSlide"><div class="csgListing"><a href="https://www.ebay.com/sch/oncillakat/m.html?_ipg=100&_dmd=2&_sop=1" target="_blank"><div class="csgListingImage"></div><div class="csgTitle"></div><div class="csgDetails"><span class="csgPrice"></span><br><span class="csgEndTime"></span></div></a></div></div><div class="csgSlide"><div class="csgListing"><a href="https://www.ebay.com/sch/oncillakat/m.html?_ipg=100&_dmd=2&_sop=1" target="_blank"><div class="csgListingImage"></div><div class="csgTitle"></div><div class="csgDetails"><span class="csgPrice"></span><br><span class="csgEndTime"></span></div></a></div></div><div class="csgSlide"><div class="csgListing"><a href="https://www.ebay.com/sch/oncillakat/m.html?_ipg=100&_dmd=2&_sop=1" target="_blank"><div class="csgListingImage"></div><div class="csgTitle"></div><div class="csgDetails"><span class="csgPrice"></span><br><span class="csgEndTime"></span></div></a></div></div><div class="csgSlide"><div class="csgListing"><a href="https://www.ebay.com/sch/oncillakat/m.html?_ipg=100&_dmd=2&_sop=1" target="_blank"><div class="csgListingImage"></div><div class="csgTitle"></div><div class="csgDetails"><span class="csgPrice"></span><br><span class="csgEndTime"></span></div></a></div></div><div class="csgSlide"><div class="csgListing"><a href="https://www.ebay.com/sch/oncillakat/m.html?_ipg=100&_dmd=2&_sop=1" target="_blank"><div class="csgListingImage"></div><div class="csgTitle"></div><div class="csgDetails"><span class="csgPrice"></span><br><span class="csgEndTime"></span></div></a></div></div><div class="csgSlide"><div class="csgListing"><a href="https://www.ebay.com/sch/oncillakat/m.html?_ipg=100&_dmd=2&_sop=1" target="_blank"><div class="csgListingImage"></div><div class="csgTitle"></div><div class="csgDetails"><span class="csgPrice"></span><br><span class="csgEndTime"></span></div></a></div></div><div class="csgSlide"><div class="csgListing"><a href="https://www.ebay.com/sch/oncillakat/m.html?_ipg=100&_dmd=2&_sop=1" target="_blank"><div class="csgListingImage"></div><div class="csgTitle"></div><div class="csgDetails"><span class="csgPrice"></span><br><span class="csgEndTime"></span></div></a></div></div><div class="csgSlide"><div class="csgListing"><a href="https://www.ebay.com/sch/oncillakat/m.html?_ipg=100&_dmd=2&_sop=1" target="_blank"><div class="csgListingImage"></div><div class="csgTitle"></div><div class="csgDetails"><span class="csgPrice"></span><br><span class="csgEndTime"></span></div></a></div></div><div class="csgSlide"><div class="csgListing"><a href="https://www.ebay.com/sch/oncillakat/m.html?_ipg=100&_dmd=2&_sop=1" target="_blank"><div class="csgListingImage"></div><div class="csgTitle"></div><div class="csgDetails"><span class="csgPrice"></span><br><span class="csgEndTime"></span></div></a></div></div><div class="csgSlide"><div class="csgListing"><a href="https://www.ebay.com/sch/oncillakat/m.html?_ipg=100&_dmd=2&_sop=1" target="_blank"><div class="csgListingImage"></div><div class="csgTitle"></div><div class="csgDetails"><span class="csgPrice"></span><br><span class="csgEndTime"></span></div></a></div></div><div class="csgSlide"><div class="csgListing"><a href="https://www.ebay.com/sch/oncillakat/m.html?_ipg=100&_dmd=2&_sop=1" target="_blank"><div class="csgListingImage"></div><div class="csgTitle"></div><div class="csgDetails"><span class="csgPrice"></span><br><span class="csgEndTime"></span></div></a></div></div><div class="csgSlide"><div class="csgListing"><a href="https://www.ebay.com/sch/oncillakat/m.html?_ipg=100&_dmd=2&_sop=1" target="_blank"><div class="csgListingImage"></div><div class="csgTitle"></div><div class="csgDetails"><span class="csgPrice"></span><br><span class="csgEndTime"></span></div></a></div></div><div class="csgSlide"><div class="csgListing"><a href="https://www.ebay.com/sch/oncillakat/m.html?_ipg=100&_dmd=2&_sop=1" target="_blank"><div class="csgListingImage"></div><div class="csgTitle"></div><div class="csgDetails"><span class="csgPrice"></span><br><span class="csgEndTime"></span></div></a></div></div><div class="csgSlide"><div class="csgListing"><a href="https://www.ebay.com/sch/oncillakat/m.html?_ipg=100&_dmd=2&_sop=1" target="_blank"><div class="csgListingImage"></div><div class="csgTitle"></div><div class="csgDetails"><span class="csgPrice"></span><br><span class="csgEndTime"></span></div></a></div></div><div class="csgSlide"><div class="csgListing"><a href="https://www.ebay.com/sch/oncillakat/m.html?_ipg=100&_dmd=2&_sop=1" target="_blank"><div class="csgListingImage"></div><div class="csgTitle"></div><div class="csgDetails"><span class="csgPrice"></span><br><span class="csgEndTime"></span></div></a></div></div><div class="csgSlide"><div class="csgListing"><a href="https://www.ebay.com/sch/oncillakat/m.html?_ipg=100&_dmd=2&_sop=1" target="_blank"><div class="csgListingImage"></div><div class="csgTitle"></div><div class="csgDetails"><span class="csgPrice"></span><br><span class="csgEndTime"></span></div></a></div></div><div class="csgSlide"><div class="csgListing"><a href="https://www.ebay.com/sch/oncillakat/m.html?_ipg=100&_dmd=2&_sop=1" target="_blank"><div class="csgListingImage"></div><div class="csgTitle"></div><div class="csgDetails"><span class="csgPrice"></span><br><span class="csgEndTime"></span></div></a></div></div></div></div></div></div><div id="csgFooter" class="csgFrame"><div id="csgFooterLeft" class="csgLeft"><label id="csgFLScrollingLabel" for="csgScrollingCheckbox_398"></label><label id="csgFLSingleRowLabel" for="csgSingleRowCheckbox_398"></label><a id="csgFLSiteLink" href="https://www.ebay.com/sch/oncillakat/m.html?_ipg=100&_dmd=2&_sop=1" target="_blank"></a><a id="csgFLStoreLink" href="https://www.ebay.com/sch/oncillakat/m.html?_ipg=100&_dmd=2&_sop=1" target="_blank"></a><span id="csgFLLogo" class="csgLogo"></span></div><div id="csgFooterCenter" class="csgCenter"><label id="csgFCScrollingLabel" for="csgScrollingCheckbox_398"></label><a id="csgFCSiteLink" href="https://www.ebay.com/sch/oncillakat/m.html?_ipg=100&_dmd=2&_sop=1" target="_blank"></a><a id="csgFCStoreLink" href="https://www.ebay.com/sch/oncillakat/m.html?_ipg=100&_dmd=2&_sop=1" target="_blank"></a><span id="csgFCLogo" class="csgLogo"></span></div><div id="csgFooterRight" class="csgRight"><label id="csgFRScrollingLabel" for="csgScrollingCheckbox_398"></label><label id="csgFRSingleRowLabel" for="csgSingleRowCheckbox_398"></label><a id="csgFRSiteLink" href="https://www.ebay.com/sch/oncillakat/m.html?_ipg=100&_dmd=2&_sop=1" target="_blank"></a><a id="csgFRStoreLink" href="https://www.ebay.com/sch/oncillakat/m.html?_ipg=100&_dmd=2&_sop=1" target="_blank"></a><span id="csgFRLogo" class="csgLogo"></span></div></div></div><div id="csgPlatformLinkDiv"><span id="csgPlatformLeftImg"></span><a href="https://pages.ebay.com/seller-center/listing/listing-advanced-sellers/third-party-listing-tools.html#vendio" target="_blank"><span id="csgPlatformText1"></span><br><span id="csgPlatformText2"></span></a><span id="csgPlatformRightImg"></span></div></div></div>
<!--CSG INDICATOR END-->
<!--VGMVAGRVKGEVRGSND-->
<style type="text/css">
.copyright {
color : #000000;
font-size : 8pt;
font-family : arial, helvetica, sans-serif;
}
.link {
font-family: verdana, sans-serif;
font-size:12px; underline;
color:#01A6FF;
}
HR {
color: #000000;
}
.item_image{
}
.description {
font-family: Georgia, serif;
color: #000000;
font-weight: normal;
font-size: 12pt;

}
.patternframe {

border: 0px solid #cccccc;
padding: 20px 20px 20px 20px;
}
.stencilframe {

}
.stencil_bottom {
background:url(https://imagehost.vendio.com/my/templates/Stencils/Corners/.samples/Photo%20Corners/bottom.gif)
}
.stencil_top {
background:url(https://imagehost.vendio.com/my/templates/Stencils/Corners/.samples/Photo%20Corners/top.gif)
}
.stencil_left {
background:url(https://imagehost.vendio.com/my/templates/Stencils/Corners/.samples/Photo%20Corners/left.gif)
}
.stencil_right {
background:url(https://imagehost.vendio.com/my/templates/Stencils/Corners/.samples/Photo%20Corners/right.gif)
}
.main{
background: url(https://imagehost.vendio.com/my/templates/Patterns/Fabrics/lace_tapestry_blue.jpg);

border: 0px solid #cccccc;
padding: 30px 30px 30px 30px;
width: 100%;
}
.navlinks {

border: 0px solid #FFFFFF;
text-align : center;
padding: 5px 5px 5px 5px;
width: 100%;
}
.navlink {
font-family: Georgia, serif;
color: #0000BF;
font-weight: bold;
font-size: 12pt;

}
a:link.navlink, a:visited.navlink, a:active.navlink, a:hover.navlink {
color:#0000BF;
}
.titledata {
font-family: Georgia, serif;
color: #000000;
font-weight: bold;
font-size: 24pt;


}
.titlebox {
border: #000080 solid 0px;
padding: 10px 10px 10px 10px;
text-align : center;

}
.descriptionbody {
border: 2px solid #008DBC;
padding: 15px 15px 15px 15px;
background: #FFFFFF;

width: 100%;
}
.standardheader {

border-bottom: 1px solid #0000BF;

padding: 5px 5px 5px 5px;
width: 100%;
}
.standardheadertd {
font-family: Georgia, serif;
color: #0000BF;
font-weight: bold;
font-size: 12pt;

}
.standardheaderlink{
color: #0000BF;
font-size: 10;
font-family: Arial, Helvetica, sans-serif;
}
a:link.standardheaderlink, a:visited.standardheaderlink, a:active.standardheaderlink, a:hover.standardheaderlink {
color: #0000BF;
}
.standardtext{
font-family: Georgia, serif;
color: #000000;
font-weight: normal;
font-size: 12pt;

padding: 5px 5px 5px 5px;
width: 100%;
}
.custombox {
border: 2px solid #008DBC;
padding: 10px 10px 10px 10px;
background: #FFFFFF;

width: 100%;
}
.customboxheader {
font-family: Georgia, serif;
color: #FFFFFF;
font-weight: bold;
font-size: 16pt;

background: #0000BF;


padding: 10px 10px 10px 10px;
}
.customheader{

border-bottom: 1px solid #0000BF;

padding: 5px 5px 5px 5px;
width: 100%;
}
.customheadertd{
font-family: Georgia, serif;
color: #0000BF;
font-weight: bold;
font-size: 12pt;

}
.customheaderlink{
color: #0000BF;
font-size: 10;
font-family: Arial, Helvetica, sans-serif;
}
a:link.customheaderlink, a:visited.customheaderlink, a:active.customheaderlink, a:hover.customheaderlink {
color: #0000BF;
}
.customtext {
font-family: Georgia, serif;
color: #000000;
font-weight: normal;
font-size: 12pt;

padding: 5px 5px 5px 5px;
width: 100%;
}
.customlink {
color: #01A6FF;
text-decoration: underline;
}
a:link.customlink, a:visited.customlink, a:active.customlink, a:hover.customlink {
color: #01A6FF;
}
.customimagelink {
border-color: #01A6FF;
}
</style>

<a name="ebayphotohosting"></a>
<a name="cte_top"></a>
<!-- TW_EDIT_MSG -->
<!-- TW_EDIT_FORM_START -->

<!-- START HEADER FRAME -->
<table width="100%" border="0" cellspacing="0" cellpadding="0">
<tbody><tr><td class="patternframe" id="cte_frame">
<table width="100%" border="0" cellspacing="0" cellpadding="0">
<tbody><tr>
<td width="1%"><img src="https://imagehost.vendio.com/img/spacers/pixel.gif" border="0"></td>
<td width="100%"><img src="https://imagehost.vendio.com/img/spacers/pixel.gif" border="0"></td>
<td width="1%"><img src="https://imagehost.vendio.com/img/spacers/pixel.gif" border="0"></td>
</tr>
<tr>
<td><br></td>
<td valign="top" align="center">
<!-- ENDHEADERFRAME -->

<!-- BEGIN TOP NAV LINKS -->
<table class="navlinks" id="cte_navlinks1" width="100%" border="0" cellspacing="0" cellpadding="0">
<tbody><tr><td class="navlink" id="cte_navlink1">
<a href="#vndlnkpayment" class="navlink" id="cte_navlink2">Payment</a> | <a href="#ShippingPayment" class="navlink" id="cte_navlink3">Shipping</a>
</td></tr></tbody></table>
<!-- END TOP NAV LINKS -->

<!--START MAIN-->
<table width="100%" border="0" cellspacing="0" cellpadding="0">
<tbody><tr><td class="main" id="cte_main">
<table width="100%" border="0" cellspacing="0" cellpadding="0">
<tbody><tr><td><!--START DESCRIPTION BODY-->
<a name="description"></a>
<table width="100%" border="0" cellspacing="0" cellpadding="0">
<tbody><tr><td><table class="descriptionbody" id="cte_descriptionbox" width="100%" border="0" cellspacing="0" cellpadding="0">
<!--BEGIN FIRST ROW ACCENT IMAGES -->
<tbody><tr><td><table width="100%" border="0" cellspacing="0" cellpadding="5">
<tbody><tr>
<td width="33%" valign="top" align="left"><img src="https://imagehost.vendio.com/my/templates/Accents/Decorative/ornament1_wthite.gif" alt="Image Hosting by Vendio" name="imagee13s4" border="0"></td>
<td width="34%" valign="top" align="center"><img src="https://imagehost.vendio.com/my/templates/Accents/Decorative/ornament7_black.gif" alt="Image Hosting by Vendio" name="imagee13s5" border="0"></td>
<td width="33%" valign="top" align="right"><img src="https://imagehost.vendio.com/my/templates/Accents/Decorative/ornament1_wthite.gif" alt="Image Hosting by Vendio" name="imagee13s6" border="0"></td></tr></tbody></table></td></tr>
<!--END FIRST ROW ACCENT IMAGES -->
<tr><td><table class="titlebox" id="cte_titlebox" width="100%" border="0" cellspacing="0" cellpadding="0"><tbody><tr>
<td class="titledata" id="cte_title">VTG Transfer Pattern + BONUS UNCUT</td></tr></tbody></table></td></tr>

<!-- BEGIN IMAGES AND DESCRIPTION LAYOUT -->
<tr><td><br>

<table width="100%" border="0" cellspacing="0" cellpadding="5">

  <tbody><tr align="center"> 
    <td class="item_image">
<a class="customlink"  target="_blank"><font size="1" face="Verdana, Arial, Helvetica, sans-serif"><br><br></font></a></td>
    <td class="item_image"><br></td>
  </tr>

 
  <tr> 
    <td class="description" colspan="3"><span class="description" id="cte_descriptiontext"><p><font size="4" face="comic sans ms, sans-serif">For&nbsp;sale is this FABULOUS vintage transfer pattern.&nbsp; It is for these great vintage motifs. This is genuine vintage and the pattern is complete and uncut.&nbsp; This will include a BONUS partial transfer pattern from the same era.<br></font></p><p><font size="4" face="comic sans ms, sans-serif">inventory #203<br></font></p>
<p><font size="4" face="comic sans ms, sans-serif">Be sure to check out my other vintage TRANSFER, CROCHET, KNITTING PATTERNS and SEWING PATTERNS that I have for&nbsp;sale this week.&nbsp; &nbsp;<font style="BACKGROUND-COLOR: rgb(102,255,255)">I am always happy to combine items for a shipping discount. </font></font></p><br><br>Thank you so much for looking!  Be sure to check out the other similar items I have for auction.  I am ALWAYS very happy to combine items for a shipping discount</span></td>
  </tr>







  
</tbody></table>


<!-- END IMAGES AND DESCRIPTION LAYOUT -->

<!-- BEGIN STANDARD SECTIONS -->
<a name="standardsections"></a>
<table class="standardheader" id="cte_standardheader1" width="100%" border="0" cellspacing="0" cellpadding="0"><tbody><tr>
<td class="standardheadertd" id="cte_standardheadertext1"><a name="vndlnkpayment"></a>Payment</td>
<td align="right"><a href="#cte_top" class="standardheaderlink" id="cte_standardheaderlink1">Back to Top</a></td></tr></tbody></table>
<table width="100%" border="0" cellspacing="0" cellpadding="0"><tbody><tr>
<td class="standardtext" id="cte_standardtext1">



<img src="https://imagehost.vendio.com/img/acp/logo_paypal.gif" border="0">&nbsp;<img src="https://imagehost.vendio.com/img/acp/logo_visa.gif" border="0">&nbsp;<img src="https://imagehost.vendio.com/img/acp/logo_mastercard.gif" border="0">&nbsp;<img src="https://imagehost.vendio.com/img/acp/logo_discover.gif" border="0">&nbsp;<img src="https://imagehost.vendio.com/img/acp/logo_amex.gif" border="0">&nbsp;<img src="https://imagehost.vendio.com/img/acp/logo_echeck.gif" border="0">
<br>
I accept the following forms of payment: <ul><li>PayPal</li></ul>
<br>

</td></tr></tbody></table>
<br><br>
<table class="standardheader" id="cte_standardheader2" width="100%" border="0" cellspacing="0" cellpadding="0"><tbody><tr>
<td class="standardheadertd" id="cte_standardheadertext2"><a name="ShippingPayment"></a>Shipping &amp; Handling</td>
<td align="right"><a href="#cte_top" class="standardheaderlink" id="cte_standardheaderlink2">Back to Top</a></td></tr></tbody></table>
<table width="100%" border="0" cellspacing="0" cellpadding="0"><tbody><tr>
<td class="standardtext" id="cte_standardtext2">


<p>Thank you! Please make payment via paypal.  Payment should be recieved within 7 days of purchase. If you wish to combine this item with others ending this week, please let me know and I will make a note.

If you are unhappy with your item for any reason, please contact me and I will make it right.  Thank you!</p><p><table width="350" border="0" cellspacing="0" cellpadding="0"><tbody><tr valign="top"><td class="standardtext" style="width:7px !important;padding-right: 0px !important;"><div style="border-bottom: 1px solid; height: 38px; width: 7px;">&nbsp;</div></td><td width="50"><img src="https://imagehost.vendio.com/img/icons/us_shipping_icon.gif" alt="" style="border: 1px solid #000000; padding: 0px !important;" width="50" border="0" height="50"></td><td class="standardtext" style="padding-left: 0px !important;"><div style="border-bottom: 1px solid; height: 28px; padding-left: 0px !important; padding-top: 10px; font-size: 20px;">&nbsp;US Shipping</div></td></tr></tbody></table></p>$1.70 USPS First-Class Mail®
<br>
<br><p><table width="350" border="0" cellspacing="0" cellpadding="0"><tbody><tr valign="top"><td class="standardtext" style="width:7px !important;padding-right: 0px !important;"><div style="border-bottom: 1px solid; height: 38px; width: 7px;">&nbsp;</div></td><td width="50"><img src="https://imagehost.vendio.com/img/icons/intl_shipping_icon.gif" alt="" style="border: 1px solid #000000; padding: 0px !important;" width="50" border="0" height="50"></td><td class="standardtext" style="padding-left: 0px !important;"><div style="border-bottom: 1px solid; height: 28px; padding-left: 0px !important; padding-top: 10px; font-size: 20px;">&nbsp;International Shipping</div></td></tr></tbody></table></p>$3.50 USPS First-Class Mail International
<br>$2.55 USPS First-Class Mail International (Canada)
<br>


</td></tr></tbody></table>
<br><br>

<!-- END STANDARD SECTIONS -->
<br></td></tr>
<tr><td><!--BEGIN LAST ROW ACCENT IMAGES -->
<br></td></tr><tr><td><table width="100%" border="0" cellspacing="0" cellpadding="5">
<tbody><tr>
<td width="33%" valign="top" align="left"><img src="https://imagehost.vendio.com/my/templates/Accents/Decorative/ornament1_black.gif" alt="Image Hosting by Vendio" name="imagee13s7" border="0"></td>
<td width="34%" valign="top" align="center"><img src="https://imagehost.vendio.com/img/spacers/pixel.gif" alt="Image Hosting by Vendio" name="imagee13s8" border="0"></td>
<td width="33%" valign="top" align="right"><img src="https://imagehost.vendio.com/my/templates/Accents/Decorative/ornament1_black.gif" alt="Image Hosting by Vendio" name="imagee13s9" border="0"></td></tr></tbody></table></td></tr>
<!--END LAST ROW ACCENT IMAGES -->
</tbody></table>
</td></tr></tbody></table>
<!--END DESCRIPTION BODY-->

&nbsp;

<a name="custombox"></a>


</td></tr></tbody></table>
</td></tr></tbody></table>
<!--END MAIN -->

<!--START LINK NAV ACCENT (only display if Nav links are visible)-->
<table class="navlinks" id="cte_navlinks2" width="100%" border="0" cellspacing="0" cellpadding="0"><tbody><tr><td>&nbsp;</td></tr></tbody></table>
<!--END LINK NAV ACCENT -->

<!-- START FOOTER FRAME -->
</td>
<td><img src="https://imagehost.vendio.com/img/spacers/pixel.gif" border="0"></td>
</tr>
<tr>
<td><img src="https://imagehost.vendio.com/img/spacers/pixel.gif" border="0"></td>
<td><img src="https://imagehost.vendio.com/img/spacers/pixel.gif" border="0"></td>
<td><img src="https://imagehost.vendio.com/img/spacers/pixel.gif" border="0"></td>
</tr>
</tbody></table>
</td></tr></tbody></table>
<!-- END FOOTER FRAME -->
<!-- TW_EDIT_FORM_END -->
<table width="100%" cellspacing="10"><tbody><tr valign="top"><td width="50%" align="left"><a class="customlink" href="https://pages.ebay.com/seller-center/listing/listing-advanced-sellers/third-party-listing-tools.html#vendio" target="_blank"><font size="1" face="Verdana, Arial, Helvetica, sans-serif" color="#009933">FREE scheduling, supersized images <br>and templates.  Get Vendio Sales Manager.</font></a></td><td width="50%" align="right"><a class="customlink" href="https://pages.ebay.com/seller-center/listing/listing-advanced-sellers/third-party-listing-tools.html#vendio" target="_blank"><font size="1" face="Verdana, Arial, Helvetica, sans-serif" color="#009933">Make your listings stand out with<br>FREE Vendio custom templates!</font></a></td></tr></tbody></table>
<center>
<p></p><p></p><center><img src="https://imagehost.vendio.com/img/header/logo/vendiologo88x31.gif" alt="Simply Powerful eCommerce" border="0"><br>&nbsp;<br><a class="customlink" href="https://pages.ebay.com/seller-center/listing/listing-advanced-sellers/third-party-listing-tools.html#vendio" target="_blank"><b><font size="2" face="Verdana, Arial, Helvetica, sans-serif" color="#3366cc">FREE scheduling, supersized images <br>and templates.  Get Vendio Sales Manager.</font></b></a></center><br><p></p><p></p>
<p>
<img src="https://counters.vendio.com/bin/count.x/oncillakat/0098ccd9" border="0"><br><a class="customlink" href="https://pages.ebay.com/seller-center/listing/listing-advanced-sellers/third-party-listing-tools.html#vendio" target="_blank"><font size="1" face="Verdana, Arial, Helvetica, sans-serif" color="#009933">Over 100,000,000 served.  Get FREE counters from Vendio today!</font></a><br><br><br></p>
</center><span class="override"><p></p></span></font></font></font></font></font></font></font></font></font></font></font></font></font></font></font></font></font></font></font></font></font></font></font></font></font></font></font></font></font></font></font></font></font></font></font></font></font></font></font></font>
<!--VENDIOAC.11.391768112214.20180327T103302.NNNNNNNNNNNNNNNNY-->

</DOC>
<DOC>
<DOCID>1700432</DOCID>
<CATEGORY>Collectibles > Comics > Modern Age (1992-Now) > Superhero > Spider-Man</CATEGORY>
<ORIGTITLE>Spider-Man 2099 #6 (Apr 1993, Marvel) 1st Appearance of 2099 Vulture (C2427)</ORIGTITLE>
<p><font size="5">Staples are intact, no clippings,&nbsp;VG/FN Condition. Well cared for!</font></p><font size="5"><span lang="EN"><p>I'm not a professional grader, so please look carefully at the pictures. If you have any questions, feel free to ask! Will be packaged well! </p><p><b></b><b>Combine Shipping </b>- For each additional comic book will be <b>$0.35 CENTS</b> <b>OR FREE SHIPPING</b> if you spend a minimum of  <b>$30</b> on 1 or more comic book. (PLEASE NOTE that the maximum amount of items per transaction is 40 for one order, after 40 it will be a new/different invoice.) </p></span><p><br></p></font><p><br></p>
</DOC>
<DOC>
<DOCID>1700427</DOCID>
<CATEGORY>Collectibles > Comics > Bronze Age (1970-83) > Superhero > Spider-Man</CATEGORY>
<ORIGTITLE>Amazing Spiderman #140 Very Fine 1st App Glory Grant</ORIGTITLE>
<p>Amazing Spiderman #140 Very Fine </p><p>1st App Glory Grant</p><p><b>Please note we graded all the books and 90% are accurate. If we find a mistake with grading or condition prior to shipping, we will notify you ASAP. Please understand we would rather have correct book for you then letting you down and leaving a negative feedback </b></p><p>14 day Full money back if you are not happy with the item, if there is a problem please email me first to resolve it before posted a feedback. I want everyone to be happy</p><p><b><font face="Times New Roman">NOTE: the books are all complete, no pages missing or coupons, unless noted. Please review photos, book will have creases, folds, spine wear, pieces missing from cover, and/or stains.</font></b></p><p><b><font face="Times New Roman">PLEASE REVIEW PHOTO </font></b></p><p>Thanks</p>
</DOC>
<DOC>
<DOCID>1700417</DOCID>
<CATEGORY>Collectibles > Animals > Cats > Trinket Boxes</CATEGORY>
<ORIGTITLE>CAT SHAPE PUZZLE GAME BOX WITH VAULT TRINKET JEWEL BOX HANDMADE TEAK WOOD</ORIGTITLE>
<font rwr='1' size='4' style='font-family:Arial'>Very nice and cute Cocobolo Sleeping Cat shaped trinket puzzle box with stone heart. No cracks or splits. Prompt shipping.</font><BR/><font rwr='1' size='4' style='font-family:Arial'>There is 20% re-stocking fee if the winning bidder cancels the transaction.<br></font>
</DOC>
<DOC>
<DOCID>1700420</DOCID>
<CATEGORY>Collectibles > Vanity, Perfume & Shaving > Powder Jars</CATEGORY>
<ORIGTITLE>American Cut Glass Powder Jar Art Nouveau Flower with Lid</ORIGTITLE>
<font rwr="1" size="4" style="font-family:Arial"><meta name="viewport" content="width=device-width, initial-scale=1">Approximately 3 1/2 inches tall.<div><br></div><div>The lid does not appear to have any hallmarks or signatures.&nbsp; So, we are uncertain as to whether it is plate or unmarked sterling.</div><div><br></div><div>Thanks for looking and happy buying!</div></font>
</DOC>
<DOC>
<DOCID>1700428</DOCID>
<CATEGORY>Collectibles > Photographic Images > Vintage & Antique (Pre-1940) > Cabinet Photos</CATEGORY>
<ORIGTITLE>1900s Crescents Baseball Team Cabinet Photo Vintage Sports Picture Antique Old</ORIGTITLE>
<font rwr="1" style=""><font style="" rwr="1"><font style="" rwr="1"><font style="" rwr="1"><font style="" rwr="1"><font style="" rwr="1"><font style="" rwr="1"><font style="" rwr="1"><font style="" rwr="1"><font style="" rwr="1"><font style="" rwr="1"><font style="" rwr="1"><font style="" rwr="1"><font style="" rwr="1"><font style="" rwr="1"><font style="" rwr="1"><font style="" rwr="1"><font style="" rwr="1"><font style="" rwr="1"><font style="" rwr="1"><font style="" rwr="1"><meta name="viewport" content="width=device-width, initial-scale=1.0"><font style="" rwr="1"><font style="" rwr="1"><font style="" rwr="1"><font style="" rwr="1"><font style="" rwr="1"><font style="" rwr="1"><font style="" rwr="1"><font style="" rwr="1"><font style="" rwr="1"><font style="" rwr="1"><font style="" rwr="1"><font style="" rwr="1"><font style="" rwr="1"><font style="" rwr="1"><font style="" rwr="1"><ul style=""><li style="font-size: 14pt; font-family: Arial;"><b>1900's Crescents baseball team cabinet photo&nbsp;</b></li><li style="font-size: 14pt;"><b style="font-family: Arial; font-size: 14pt;">Condition: light wear to both the image and the mount, the photo is detached from the mount and sits in place still, image is still very clear and displays well&nbsp;</b></li><li style="font-size: 14pt;"><b style="font-family: Arial; font-size: 14pt;">Size: 13" x 11"</b></li><li style="font-size: 14pt; font-family: Arial;"><font face="Arial"><span style="font-size: 18.6667px;"><b>Buyer pays $9.95 shipped anywhere in North America&nbsp;</b></span></font></li></ul><div style="font-size: 14pt; font-family: Arial;"><font face="Arial"><div><br></div><div><p style="margin:0in;margin-bottom:.0001pt"><strong><span style="font-size:
9.0pt;font-family:&quot;Arial&quot;,sans-serif;color:black;background:#EBE6DD">Glory Days
Collectibles is Canada’s Largest Private Collection Ensemble That Hosts an Impressive
Variety </span></strong></p>

<p style="margin:0in;margin-bottom:.0001pt"><strong><span style="font-size:
9.0pt;font-family:&quot;Arial&quot;,sans-serif;color:black;background:#EBE6DD">of Vintage
Sports, Rock &amp; Roll, Hollywood, Advertising and Political Memorabilia. <span style="mso-spacerun:yes">&nbsp;</span></span></strong></p>

<p style="margin:0in;margin-bottom:.0001pt"><span style="font-family:&quot;Calibri&quot;,sans-serif;
color:black">&nbsp;</span></p>

<p style="margin:0in;margin-bottom:.0001pt"><span style="white-space:pre-wrap"><strong><span style="font-size:9.0pt;font-family:&quot;Arial&quot;,sans-serif;color:black;background:
#EBE6DD">Newly Staffed By Knowledgeable Hobby Veterans - Bringing First Class
Service To All Collectors.</span></strong></span></p>

<p style="margin:0in;margin-bottom:.0001pt"><strong><span style="font-size:
9.0pt;font-family:&quot;Arial&quot;,sans-serif;color:black;background:#EBE6DD">&nbsp;</span></strong></p>

<p style="margin:0in;margin-bottom:.0001pt"><strong><span style="font-size:
9.0pt;font-family:&quot;Arial&quot;,sans-serif;color:black;background:#EBE6DD">***BE SURE
TO BOOKMARK OUR SITE AS WE ARE CONSTANTLY ACQUIRING NEW &amp; INTERESTING
COLLECTIBLES WEEKLY.***</span></strong><span style="font-family:&quot;Calibri&quot;,sans-serif;
color:black"></span></p>



<p style="margin:0in;margin-bottom:.0001pt"><span style="white-space:pre-wrap"><strong><span style="font-size:9.0pt;font-family:&quot;Arial&quot;,sans-serif;color:black;background:
#EBE6DD">&nbsp;</span></strong></span></p>

<p style="margin:0in;margin-bottom:.0001pt"><strong><span style="font-size:
9.0pt;font-family:&quot;Arial&quot;,sans-serif;color:black;background:#EBE6DD">Please
e-mail us if you require additional pictures.</span></strong><span style="font-family:&quot;Calibri&quot;,sans-serif;color:black"></span></p>

<p style="margin:0in;margin-bottom:.0001pt"><span style="white-space:pre-wrap"><strong><span style="font-size:9.0pt;font-family:&quot;Arial&quot;,sans-serif;color:black;background:
#EBE6DD">Visit the Glory Days Ebay store for even more great deals on rare
Sports Memorabilia, Game Used Items, Autographs, Programs, Media Guides, Game
Tickets and much more!</span></strong></span><span style="font-family:&quot;Calibri&quot;,sans-serif;
color:black"></span></p>

<p style="margin:0in;margin-bottom:.0001pt"><strong><span style="font-size:
9.0pt;font-family:&quot;Arial&quot;,sans-serif;color:black;background:#EBE6DD">&nbsp;</span></strong></p>

<p style="margin:0in;margin-bottom:.0001pt"><strong><span style="font-size:
9.0pt;font-family:&quot;Arial&quot;,sans-serif;color:black;background:#EBE6DD">Combined
Shipping Always Available.</span></strong></p><span id="docs-internal-guid-e4a4207e-6390-6484-2652-c8c90946e8d6"><p style="line-height:1.38;margin-top:0pt;margin-bottom:0pt;" dir="ltr"><span style="font-size: 14.6667px; font-weight: 700; vertical-align: baseline; white-space: pre-wrap; background-color: rgb(235, 230, 221);"></span></p><div><span style="font-size: 14.6667px; font-weight: 700; vertical-align: baseline; white-space: pre-wrap; background-color: rgb(235, 230, 221);"><br></span></div></span></div></font></div><div style="font-size: 14pt; font-family: Arial;"><font face="Arial" size="2"><br></font></div></font></font></font></font></font></font></font></font></font></font></font></font></font></font></font></font></font></font></font></font></font></font></font></font></font></font></font></font></font></font></font></font></font></font></font></font>
</DOC>
<DOC>
<DOCID>1700433</DOCID>
<CATEGORY>Collectibles > Tools, Hardware & Locks > Price Guides & Publications</CATEGORY>
<ORIGTITLE>Zayer CNC Milling Machine Centers Catalog~1998</ORIGTITLE>
<meta name='viewport' content='width=device-width'><!--CSG INDICATOR START-->
<!-- AUCTIVA Scrolling Gallery (do not remove or modify the "CSG INDICATOR START/END" tags or contents) --><link id="csgCss" rel="stylesheet" href="https://scrollinggallery.auctiva.com/gallery/css/2(0)/AUCTIVA/641661/0/25/_88?matchingColor=0x0d050d"><div id="csgGallery" style="display: none"><input id="csgScrollingCheckbox_88" type="checkbox" checked /><input id="csgSingleRowCheckbox_88" type="checkbox" checked /><div id="csgGalleryPos"><div id="csgGalleryContainer"><div id="csgHeader" class="csgFrame"><div id="csgHeaderLeft" class="csgLeft"><a id="csgHLStoreLink" href="https://www.ebay.com/usr/reedsolio" target="_blank"></a><span id="csgHLLogo" class="csgLogo"></span></div><div id="csgHeaderCenter" class="csgCenter"><a id="csgHCStoreLink" href="https://www.ebay.com/usr/reedsolio" target="_blank"></a><span id="csgHCLogo" class="csgLogo"></span></div><div id="csgHeaderRight" class="csgRight"><label id="csgHRScrollingLabel" for="csgScrollingCheckbox_88"></label><label id="csgHRSingleRowLabel" for="csgSingleRowCheckbox_88"></label><span id="csgHRLogo" class="csgLogo"></span></div></div><div id="csgOuterNavWrapper"><input id="csgPrev1_88" name="csgRadio" class="csgPrevCheck" type="radio"/><input id="csgPrev2_88" name="csgRadio" class="csgPrevCheck" type="radio"/><input id="csgPrev3_88" name="csgRadio" class="csgPrevCheck" type="radio"/><input id="csgPrev4_88" name="csgRadio" class="csgPrevCheck" type="radio"/><input id="csgPrev5_88" name="csgRadio" class="csgPrevCheck" type="radio"/><input id="csgPrev6_88" name="csgRadio" class="csgPrevCheck" type="radio"/><input id="csgPrev7_88" name="csgRadio" class="csgPrevCheck" type="radio"/><input id="csgPrev8_88" name="csgRadio" class="csgPrevCheck" type="radio"/><input id="csgPrev9_88" name="csgRadio" class="csgPrevCheck" type="radio"/><input id="csgPrev10_88" name="csgRadio" class="csgPrevCheck" type="radio"/><input id="csgPrev11_88" name="csgRadio" class="csgPrevCheck" type="radio"/><input id="csgPrev12_88" name="csgRadio" class="csgPrevCheck" type="radio"/><input id="csgPrev13_88" name="csgRadio" class="csgPrevCheck" type="radio"/><input id="csgPrev14_88" name="csgRadio" class="csgPrevCheck" type="radio"/><input id="csgPrev15_88" name="csgRadio" class="csgPrevCheck" type="radio"/><input id="csgPrev16_88" name="csgRadio" class="csgPrevCheck" type="radio"/><input id="csgPrev17_88" name="csgRadio" class="csgPrevCheck" type="radio"/><input id="csgPrev18_88" name="csgRadio" class="csgPrevCheck" type="radio"/><input id="csgPrev19_88" name="csgRadio" class="csgPrevCheck" type="radio"/><input id="csgPrev20_88" name="csgRadio" class="csgPrevCheck" type="radio"/><input id="csgNext1_88" name="csgRadio" class="csgNextCheck" type="radio"/><input id="csgNext2_88" name="csgRadio" class="csgNextCheck" type="radio"/><input id="csgNext3_88" name="csgRadio" class="csgNextCheck" type="radio"/><input id="csgNext4_88" name="csgRadio" class="csgNextCheck" type="radio"/><input id="csgNext5_88" name="csgRadio" class="csgNextCheck" type="radio"/><input id="csgNext6_88" name="csgRadio" class="csgNextCheck" type="radio"/><input id="csgNext7_88" name="csgRadio" class="csgNextCheck" type="radio"/><input id="csgNext8_88" name="csgRadio" class="csgNextCheck" type="radio"/><input id="csgNext9_88" name="csgRadio" class="csgNextCheck" type="radio"/><input id="csgNext10_88" name="csgRadio" class="csgNextCheck" type="radio"/><input id="csgNext11_88" name="csgRadio" class="csgNextCheck" type="radio"/><input id="csgNext12_88" name="csgRadio" class="csgNextCheck" type="radio"/><input id="csgNext13_88" name="csgRadio" class="csgNextCheck" type="radio"/><input id="csgNext14_88" name="csgRadio" class="csgNextCheck" type="radio"/><input id="csgNext15_88" name="csgRadio" class="csgNextCheck" type="radio"/><input id="csgNext16_88" name="csgRadio" class="csgNextCheck" type="radio"/><input id="csgNext17_88" name="csgRadio" class="csgNextCheck" type="radio"/><input id="csgNext18_88" name="csgRadio" class="csgNextCheck" type="radio"/><input id="csgNext19_88" name="csgRadio" class="csgNextCheck" type="radio"/><input id="csgNext20_88" name="csgRadio" class="csgNextCheck" type="radio"/><div id="csgNavLeft" class="csgNavLabels"><div id="csgNavLeftWrapper" class="csgNavWrapper"><label id="csgPrevLabel1" class="csgNavLabel" for="csgPrev1_88"></label><label id="csgPrevLabel2" class="csgNavLabel" for="csgPrev2_88"></label><label id="csgPrevLabel3" class="csgNavLabel" for="csgPrev3_88"></label><label id="csgPrevLabel4" class="csgNavLabel" for="csgPrev4_88"></label><label id="csgPrevLabel5" class="csgNavLabel" for="csgPrev5_88"></label><label id="csgPrevLabel6" class="csgNavLabel" for="csgPrev6_88"></label><label id="csgPrevLabel7" class="csgNavLabel" for="csgPrev7_88"></label><label id="csgPrevLabel8" class="csgNavLabel" for="csgPrev8_88"></label><label id="csgPrevLabel9" class="csgNavLabel" for="csgPrev9_88"></label><label id="csgPrevLabel10" class="csgNavLabel" for="csgPrev10_88"></label><label id="csgPrevLabel11" class="csgNavLabel" for="csgPrev11_88"></label><label id="csgPrevLabel12" class="csgNavLabel" for="csgPrev12_88"></label><label id="csgPrevLabel13" class="csgNavLabel" for="csgPrev13_88"></label><label id="csgPrevLabel14" class="csgNavLabel" for="csgPrev14_88"></label><label id="csgPrevLabel15" class="csgNavLabel" for="csgPrev15_88"></label><label id="csgPrevLabel16" class="csgNavLabel" for="csgPrev16_88"></label><label id="csgPrevLabel17" class="csgNavLabel" for="csgPrev17_88"></label><label id="csgPrevLabel18" class="csgNavLabel" for="csgPrev18_88"></label><label id="csgPrevLabel19" class="csgNavLabel" for="csgPrev19_88"></label><label id="csgPrevLabel20" class="csgNavLabel" for="csgPrev20_88"></label></div></div><div id="csgNavRight" class="csgNavLabels"><div id="csgNavRightWrapper" class="csgNavWrapper"><label id="csgNextLabel1" class="csgNavLabel" for="csgNext1_88"></label><label id="csgNextLabel2" class="csgNavLabel" for="csgNext2_88"></label><label id="csgNextLabel3" class="csgNavLabel" for="csgNext3_88"></label><label id="csgNextLabel4" class="csgNavLabel" for="csgNext4_88"></label><label id="csgNextLabel5" class="csgNavLabel" for="csgNext5_88"></label><label id="csgNextLabel6" class="csgNavLabel" for="csgNext6_88"></label><label id="csgNextLabel7" class="csgNavLabel" for="csgNext7_88"></label><label id="csgNextLabel8" class="csgNavLabel" for="csgNext8_88"></label><label id="csgNextLabel9" class="csgNavLabel" for="csgNext9_88"></label><label id="csgNextLabel10" class="csgNavLabel" for="csgNext10_88"></label><label id="csgNextLabel11" class="csgNavLabel" for="csgNext11_88"></label><label id="csgNextLabel12" class="csgNavLabel" for="csgNext12_88"></label><label id="csgNextLabel13" class="csgNavLabel" for="csgNext13_88"></label><label id="csgNextLabel14" class="csgNavLabel" for="csgNext14_88"></label><label id="csgNextLabel15" class="csgNavLabel" for="csgNext15_88"></label><label id="csgNextLabel16" class="csgNavLabel" for="csgNext16_88"></label><label id="csgNextLabel17" class="csgNavLabel" for="csgNext17_88"></label><label id="csgNextLabel18" class="csgNavLabel" for="csgNext18_88"></label><label id="csgNextLabel19" class="csgNavLabel" for="csgNext19_88"></label><label id="csgNextLabel20" class="csgNavLabel" for="csgNext20_88"></label></div></div><div id="csgSlidesContainer"><div id="csgSlidesOuter"><a id="csgOverrideLink" href="https://www.ebay.com/usr/reedsolio" target="_blank"></a><div id="csgSlides"><div class="csgSlide"><div class="csgListing"><a href="https://www.ebay.com/sch/reedsolio/m.html?_ipg=100&_dmd=2&_sop=1" target="_blank"><div class="csgListingImage"></div><div class="csgTitle"></div><div class="csgDetails"><span class="csgPrice"></span><br><span class="csgEndTime"></span></div></a></div></div><div class="csgSlide"><div class="csgListing"><a href="https://www.ebay.com/sch/reedsolio/m.html?_ipg=100&_dmd=2&_sop=1" target="_blank"><div class="csgListingImage"></div><div class="csgTitle"></div><div class="csgDetails"><span class="csgPrice"></span><br><span class="csgEndTime"></span></div></a></div></div><div class="csgSlide"><div class="csgListing"><a href="https://www.ebay.com/sch/reedsolio/m.html?_ipg=100&_dmd=2&_sop=1" target="_blank"><div class="csgListingImage"></div><div class="csgTitle"></div><div class="csgDetails"><span class="csgPrice"></span><br><span class="csgEndTime"></span></div></a></div></div><div class="csgSlide"><div class="csgListing"><a href="https://www.ebay.com/sch/reedsolio/m.html?_ipg=100&_dmd=2&_sop=1" target="_blank"><div class="csgListingImage"></div><div class="csgTitle"></div><div class="csgDetails"><span class="csgPrice"></span><br><span class="csgEndTime"></span></div></a></div></div><div class="csgSlide"><div class="csgListing"><a href="https://www.ebay.com/sch/reedsolio/m.html?_ipg=100&_dmd=2&_sop=1" target="_blank"><div class="csgListingImage"></div><div class="csgTitle"></div><div class="csgDetails"><span class="csgPrice"></span><br><span class="csgEndTime"></span></div></a></div></div><div class="csgSlide"><div class="csgListing"><a href="https://www.ebay.com/sch/reedsolio/m.html?_ipg=100&_dmd=2&_sop=1" target="_blank"><div class="csgListingImage"></div><div class="csgTitle"></div><div class="csgDetails"><span class="csgPrice"></span><br><span class="csgEndTime"></span></div></a></div></div><div class="csgSlide"><div class="csgListing"><a href="https://www.ebay.com/sch/reedsolio/m.html?_ipg=100&_dmd=2&_sop=1" target="_blank"><div class="csgListingImage"></div><div class="csgTitle"></div><div class="csgDetails"><span class="csgPrice"></span><br><span class="csgEndTime"></span></div></a></div></div><div class="csgSlide"><div class="csgListing"><a href="https://www.ebay.com/sch/reedsolio/m.html?_ipg=100&_dmd=2&_sop=1" target="_blank"><div class="csgListingImage"></div><div class="csgTitle"></div><div class="csgDetails"><span class="csgPrice"></span><br><span class="csgEndTime"></span></div></a></div></div><div class="csgSlide"><div class="csgListing"><a href="https://www.ebay.com/sch/reedsolio/m.html?_ipg=100&_dmd=2&_sop=1" target="_blank"><div class="csgListingImage"></div><div class="csgTitle"></div><div class="csgDetails"><span class="csgPrice"></span><br><span class="csgEndTime"></span></div></a></div></div><div class="csgSlide"><div class="csgListing"><a href="https://www.ebay.com/sch/reedsolio/m.html?_ipg=100&_dmd=2&_sop=1" target="_blank"><div class="csgListingImage"></div><div class="csgTitle"></div><div class="csgDetails"><span class="csgPrice"></span><br><span class="csgEndTime"></span></div></a></div></div><div class="csgSlide"><div class="csgListing"><a href="https://www.ebay.com/sch/reedsolio/m.html?_ipg=100&_dmd=2&_sop=1" target="_blank"><div class="csgListingImage"></div><div class="csgTitle"></div><div class="csgDetails"><span class="csgPrice"></span><br><span class="csgEndTime"></span></div></a></div></div><div class="csgSlide"><div class="csgListing"><a href="https://www.ebay.com/sch/reedsolio/m.html?_ipg=100&_dmd=2&_sop=1" target="_blank"><div class="csgListingImage"></div><div class="csgTitle"></div><div class="csgDetails"><span class="csgPrice"></span><br><span class="csgEndTime"></span></div></a></div></div><div class="csgSlide"><div class="csgListing"><a href="https://www.ebay.com/sch/reedsolio/m.html?_ipg=100&_dmd=2&_sop=1" target="_blank"><div class="csgListingImage"></div><div class="csgTitle"></div><div class="csgDetails"><span class="csgPrice"></span><br><span class="csgEndTime"></span></div></a></div></div><div class="csgSlide"><div class="csgListing"><a href="https://www.ebay.com/sch/reedsolio/m.html?_ipg=100&_dmd=2&_sop=1" target="_blank"><div class="csgListingImage"></div><div class="csgTitle"></div><div class="csgDetails"><span class="csgPrice"></span><br><span class="csgEndTime"></span></div></a></div></div><div class="csgSlide"><div class="csgListing"><a href="https://www.ebay.com/sch/reedsolio/m.html?_ipg=100&_dmd=2&_sop=1" target="_blank"><div class="csgListingImage"></div><div class="csgTitle"></div><div class="csgDetails"><span class="csgPrice"></span><br><span class="csgEndTime"></span></div></a></div></div><div class="csgSlide"><div class="csgListing"><a href="https://www.ebay.com/sch/reedsolio/m.html?_ipg=100&_dmd=2&_sop=1" target="_blank"><div class="csgListingImage"></div><div class="csgTitle"></div><div class="csgDetails"><span class="csgPrice"></span><br><span class="csgEndTime"></span></div></a></div></div><div class="csgSlide"><div class="csgListing"><a href="https://www.ebay.com/sch/reedsolio/m.html?_ipg=100&_dmd=2&_sop=1" target="_blank"><div class="csgListingImage"></div><div class="csgTitle"></div><div class="csgDetails"><span class="csgPrice"></span><br><span class="csgEndTime"></span></div></a></div></div><div class="csgSlide"><div class="csgListing"><a href="https://www.ebay.com/sch/reedsolio/m.html?_ipg=100&_dmd=2&_sop=1" target="_blank"><div class="csgListingImage"></div><div class="csgTitle"></div><div class="csgDetails"><span class="csgPrice"></span><br><span class="csgEndTime"></span></div></a></div></div><div class="csgSlide"><div class="csgListing"><a href="https://www.ebay.com/sch/reedsolio/m.html?_ipg=100&_dmd=2&_sop=1" target="_blank"><div class="csgListingImage"></div><div class="csgTitle"></div><div class="csgDetails"><span class="csgPrice"></span><br><span class="csgEndTime"></span></div></a></div></div><div class="csgSlide"><div class="csgListing"><a href="https://www.ebay.com/sch/reedsolio/m.html?_ipg=100&_dmd=2&_sop=1" target="_blank"><div class="csgListingImage"></div><div class="csgTitle"></div><div class="csgDetails"><span class="csgPrice"></span><br><span class="csgEndTime"></span></div></a></div></div><div class="csgSlide"><div class="csgListing"><a href="https://www.ebay.com/sch/reedsolio/m.html?_ipg=100&_dmd=2&_sop=1" target="_blank"><div class="csgListingImage"></div><div class="csgTitle"></div><div class="csgDetails"><span class="csgPrice"></span><br><span class="csgEndTime"></span></div></a></div></div><div class="csgSlide"><div class="csgListing"><a href="https://www.ebay.com/sch/reedsolio/m.html?_ipg=100&_dmd=2&_sop=1" target="_blank"><div class="csgListingImage"></div><div class="csgTitle"></div><div class="csgDetails"><span class="csgPrice"></span><br><span class="csgEndTime"></span></div></a></div></div><div class="csgSlide"><div class="csgListing"><a href="https://www.ebay.com/sch/reedsolio/m.html?_ipg=100&_dmd=2&_sop=1" target="_blank"><div class="csgListingImage"></div><div class="csgTitle"></div><div class="csgDetails"><span class="csgPrice"></span><br><span class="csgEndTime"></span></div></a></div></div><div class="csgSlide"><div class="csgListing"><a href="https://www.ebay.com/sch/reedsolio/m.html?_ipg=100&_dmd=2&_sop=1" target="_blank"><div class="csgListingImage"></div><div class="csgTitle"></div><div class="csgDetails"><span class="csgPrice"></span><br><span class="csgEndTime"></span></div></a></div></div><div class="csgSlide"><div class="csgListing"><a href="https://www.ebay.com/sch/reedsolio/m.html?_ipg=100&_dmd=2&_sop=1" target="_blank"><div class="csgListingImage"></div><div class="csgTitle"></div><div class="csgDetails"><span class="csgPrice"></span><br><span class="csgEndTime"></span></div></a></div></div></div></div></div></div><div id="csgFooter" class="csgFrame"><div id="csgFooterLeft" class="csgLeft"><label id="csgFLScrollingLabel" for="csgScrollingCheckbox_88"></label><label id="csgFLSingleRowLabel" for="csgSingleRowCheckbox_88"></label><span id="csgFLLogo" class="csgLogo"></span></div><div id="csgFooterCenter" class="csgCenter"><label id="csgFCScrollingLabel" for="csgScrollingCheckbox_88"></label><a id="csgFCStoreLink" href="https://www.ebay.com/usr/reedsolio" target="_blank"></a><span id="csgFCLogo" class="csgLogo"></span></div><div id="csgFooterRight" class="csgRight"><label id="csgFRScrollingLabel" for="csgScrollingCheckbox_88"></label><label id="csgFRSingleRowLabel" for="csgSingleRowCheckbox_88"></label><span id="csgFRLogo" class="csgLogo"></span></div></div></div><div id="csgPlatformLinkDiv"><span id="csgPlatformLeftImg"></span><a href="https://pages.ebay.com/seller-center/listing/listing-advanced-sellers/third-party-listing-tools.html#auctiva" target="_blank"><span id="csgPlatformText1"></span><br><span id="csgPlatformText2"></span></a><span id="csgPlatformRightImg"></span></div></div></div>
<!--CSG INDICATOR END-->

<br><div align="center"></div><br><table width="95%" border="0" cellspacing="0" cellpadding="0" align="center">
<!-- Auctiva Corporation - Copyright 1999-2006 . Auctiva Corp. maintains all rights to the HTML and images used to create this template. Unauthorized Duplication is Prohibited -->
  <tr>
    <td width="80" height="80" align="right"><img src="https://ti2.auctiva.com/tia/9CA7D/flrsh_tplft.gif"></td>
    <td width="2" height="80" background="https://ti2.auctiva.com/tia/9CA7D/flrsh_tp.gif"><img src="https://ti2.auctiva.com/tia/9CA7D/flrsh_tp.gif"></td>
    <td width="80" height="80"><img src="https://ti2.auctiva.com/tia/9CA7D/flrsh_tprt.gif"></td>
  </tr>
  <tr>
    <td height="2" width="80" background="https://ti2.auctiva.com/tia/9CA7D/flrsh_lft.gif" valign="top" align="right"><img src="https://ti2.auctiva.com/tia/9CA7D/flrsh_lft.gif"></td>
    <td width="100%" height="100%" valign="top" bgcolor="#fbf7db"><center>
		<table width="600" height="40" border="3" bordercolor="#fbf7db">
          <tr>
			  
            <td bordercolor="#f89636" bgcolor="#F89636">
<center>
                <font face="Verdana, Arial, Helvetica, sans-serif" size="5" color="#000000"><b>Zayer CNC Milling Machine Centers Catalog~1998</b></font>
</center></td>
			</tr>
		  </table></center>
<style> a.imagelink {color:#000000;} a:hover.imagelink {color:#000000;} a:visited.imagelink {color:#f39131;} a.imagelink img.auctionimage { border: 2px solid #000000; } a:visited.imagelink img.auctionimage { border: 2px solid #f39131; } </style><table width='95%' border="0" align="center" class='acttbl'>
<tr> 
<td> 
<table border="0" width='100%'>
<tr><td valign="top" align="center"><center><table cellpadding="2"><tr><td><table cellpadding='0' cellspacing='0' border='0'><tr><td align='center'><a class='imagelink' id='aucimagelink' ><img class='auctionimage' src='https://img.auctiva.com/imgdata/6/4/1/6/6/1/webimg/475893916_tp.jpg'><br></a></td></tr></table></td></tr></table><table cellpadding="2"><tr><td><table cellpadding='0' cellspacing='0' border='0'><tr><td align='center'><a class='imagelink' id='aucimagelink' ><img class='auctionimage' src='https://img.auctiva.com/imgdata/6/4/1/6/6/1/webimg/475893938_tp.jpg'><br></a></td></tr></table></td></tr></table><table cellpadding="2"><tr><td><table cellpadding='0' cellspacing='0' border='0'><tr><td align='center'><a class='imagelink' id='aucimagelink' ><img class='auctionimage' src='https://img.auctiva.com/imgdata/6/4/1/6/6/1/webimg/475893963_tp.jpg'><br></a></td></tr></table></td></tr></table><table cellpadding="2"><tr><td><table cellpadding='0' cellspacing='0' border='0'><tr><td align='center'><a class='imagelink' id='aucimagelink' ><img class='auctionimage' src='https://img.auctiva.com/imgdata/6/4/1/6/6/1/webimg/475893990_tp.jpg'><br></a></td></tr></table></td></tr></table><table cellpadding="2"><tr><td><table cellpadding='0' cellspacing='0' border='0'><tr><td align='center'><a class='imagelink' id='aucimagelink' ><img class='auctionimage' src='https://img.auctiva.com/imgdata/6/4/1/6/6/1/webimg/475894015_tp.jpg'><br></a></td></tr></table></td></tr></table><table cellpadding="2"><tr><td><table cellpadding='0' cellspacing='0' border='0'><tr><td align='center'><a class='imagelink' id='aucimagelink' ><img class='auctionimage' src='https://img.auctiva.com/imgdata/6/4/1/6/6/1/webimg/475894047_tp.jpg'><br></a></td></tr></table></td></tr></table><table cellpadding="2"><tr><td><table cellpadding='0' cellspacing='0' border='0'><tr><td align='center'><a class='imagelink' id='aucimagelink' ><img class='auctionimage' src='https://img.auctiva.com/imgdata/6/4/1/6/6/1/webimg/475894075_tp.jpg'><br></a></td></tr></table></td></tr></table></center><br></td></tr>
<tr><td valign="top" width='100%'>
<table border="0" cellpadding="8" align='center' width='95%' class='acttbl'><tr><td width='100%' class='acttbl'>
<font face="Verdana, Arial, Helvetica, sans-serif" size="2" color="#000000"><br><div align="center"><img src="https://ti2.auctiva.com/tia/9CA7D/Flrsh_desc.gif"></div><br><div style="text-align: center;"><font color="#669933"><strong><font face="Comic Sans MS" size="4"><font color="#000000">Up for sale&nbsp;is a trade catalog put out by Zayer featuring Zayer Milling Machines dated 1998.&nbsp; Provides feature descriptions, general specifications and illustrations.&nbsp; Contains 52 pages.&nbsp; Very good condition.&nbsp; </font></font></strong></font><font color="#669933"><font color="#669933"><font color="#669933"><strong><font face="Comic Sans MS" size="4"><font color="#000000">This is an original document.</font></font></strong></font></font></font></div><div style="text-align: left;"><font color="#669933"><font color="#669933"><font color="#669933"><strong><font face="Comic Sans MS" size="4"><br><font color="#ff6600">~Tired of your improperly packed purchases getting damaged in shipping?&nbsp; I pack with care.&nbsp; I use a full sheet of rigid protective material, a plastic sleeve, a 'Please Do Not Bend' sticker, and free Delivery Confirmation.&nbsp; </font></font></strong></font></font></font></div><div style="text-align: left;"><font color="#669933"><font color="#669933"><font color="#669933"><strong><font face="Comic Sans MS" size="4"><font color="#ff6600">~All of my items are originals, I do not deal in reproductions.&nbsp; </font></font></strong></font></font></font></div><div style="text-align: left;"><font color="#669933"><font color="#669933"><font color="#669933"><strong><font face="Comic Sans MS" size="4"><font color="#ff6600">~I combine shipping.&nbsp; </font></font></strong></font></font></font></div><div style="text-align: left;"><font color="#669933"><font color="#669933"><font color="#669933"><strong><font face="Comic Sans MS" size="4"><font color="#ff6600">~I am happy to ship internationally.&nbsp; If international shipping costs fail to appear please ask before purchasing.</font></font></strong></font><br></font></font></div><p>&nbsp;</p></font><br> 
<font face="Verdana, Arial, Helvetica, sans-serif" size="2" color="#000000"><br><div align="center"><img src="https://ti2.auctiva.com/tia/9CA7D/Flrsh_pay.gif"></div><br><font size="3" face="Arial Black"><em>Payment is expected within 7 days from end of auction.</em><em></em></font><br><br><div align="center"><img src="https://ti2.auctiva.com/tia/9CA7D/Flrsh_ship.gif"></div><br><!-- Begin Description --><p><font size="3" face="Arial Black" style="font-weight: bold"><em>~I will combine shipping when possible. <br><br>~I am very good about shipping within 3 business days after payment is received. <br><br> ~Once item is received please leave positive feedback and I will do the same.  </em></font></p><br></font> 
</td></tr></table>
</td></tr>
</table>
</td>
</tr>
</table>
</td>
    <td width="80" height="2" background="https://ti2.auctiva.com/tia/9CA7D/flrsh_rt.gif"><img src="https://ti2.auctiva.com/tia/9CA7D/flrsh_rt.gif"></td>
  </tr>
  <tr>
    <td width="80" height="80" align="right"><img src="https://ti2.auctiva.com/tia/9CA7D/flrsh_btlft.gif"></td>
    <td width="2" height="80" background="https://ti2.auctiva.com/tia/9CA7D/flrsh_bt.gif"><img src="https://ti2.auctiva.com/tia/9CA7D/flrsh_bt.gif"></td>
    <td width="80" height="80"><img src="https://ti2.auctiva.com/tia/9CA7D/flrsh_btrt.gif"></td>
  </tr>
  
<!--FILE NAME:General_Flourish_blk_orange DISPLAY NAME:Orange Gate
 CATEGORIES:Holidays, Antiques, Collectibles, Crafts, Generic
 COLORS:Oranges, Blacks, Browns, Whites
 KEYWORDS:Halloween 
 STOREWINDOW: Group1-#0D050D, Group2-#FBF7DB, Group3-#FFFFFF, Group4-#F89636, Group5-#F89636-->
  
</table><table width="100%" border="0" cellpadding="3" cellspacing="3"><tr><td align="left"><a href="https://pages.ebay.com/seller-center/listing/listing-advanced-sellers/third-party-listing-tools.html#auctiva" target="_blank"><img src="https://ti2.auctiva.com/web/imghost2.gif" border="0"></a></td><td align="right"><a href="https://pages.ebay.com/seller-center/listing/listing-advanced-sellers/third-party-listing-tools.html#auctiva" target="_blank"><img src="https://ti2.auctiva.com/web/tmpl1.gif" border="0"></a></td></tr></table><br><p><center><img src="https://ti2.auctiva.com/web/auctivablue88x33.gif" border="0"><br><a href="https://pages.ebay.com/seller-center/listing/listing-advanced-sellers/third-party-listing-tools.html#auctiva" target="_blank"><img src="https://ti2.auctiva.com/web/credLnk1.gif" border="0"></a></center></p>

    
<!-- Begin: AuctivaCounter --><style type="text/css">.aucCounter a { text-decoration:none; }.aucCounter span:hover { text-decoration:underline; }.aucHiddenCounter { display:none; }.aucCounterOrangeText { color:#FB6D05; font-family:Arial; Font-size:13px; Font-weight:bold; }.aucCounterBlueText { color:#0068ac; Font-family:Arial; Font-size:11px; }</style> <div align="center" class="aucHiddenCounter"><img src="https://counters.auctiva.com/aucount/380341785979?s=y&hidden=1" title="Start Your 30-Day Free Trial Now"><br><a href="https://pages.ebay.com/seller-center/listing/listing-advanced-sellers/third-party-listing-tools.html#auctiva" target="_blank"><span class="aucCounterOrangeText">Track Page Views With</span><br><span class="aucCounterBlueText">Auctiva's FREE Counter</span></a></div><!-- End: AuctivaCounter -->
</DOC>
<DOC>
<DOCID>1700418</DOCID>
<CATEGORY>Collectibles > Radio, Phonograph, TV, Phone > Radios > Transistor Radios</CATEGORY>
<ORIGTITLE>1960s MONTGOMERY WARD AIRLINE 8 TRANSISTOR RADIO GEN 12428 WORKS made in Japan</ORIGTITLE>
<font rwr="1" size="4" style="font-family:Arial"><font rwr="1" size="4" style="font-family:Arial"><font rwr="1" style=""><font rwr="1" style=""><font face="Arial" style=""><span style="font-size: 18.6667px;">1960s MONTGOMERY WARD AIRLINE 8 TRANSISTOR RADIO GEN 12428 WORKS made in Japan&nbsp;&nbsp;WORKS RECEIVES&nbsp; STATIONS Made in JAPAN Uses 1 9 VOLT BATTERY. NO CHIPS OR CRACKS IN CASE LOOKS VERY NICE HARDLY USED. SEE MY OTHER RADIOS LISTED IN MY EBAY STORE.</span></font></font></font></font></font>
</DOC>
<DOC>
<DOCID>1700426</DOCID>
<CATEGORY>Collectibles > Decorative Collectibles > Mugs, Cups</CATEGORY>
<ORIGTITLE>Luxor Las Vegas Coffee Tea Mug Cup Egyptian Pyramid 14 oz Souvenir Gift</ORIGTITLE>
<font rwr='1' size='4' style='font-family:Arial'><div style="text-align: center;"><span style="font-size: 14pt;">You are bidding on a Luxor Mug that is preowned and in great condition but does have a few very faint spoon stir marks on the inside.</span></div><div style="text-align: center;"><span style="font-size: 14pt;"><br></span></div><div style="text-align: center;"><p class="MsoNormal" align="center" style="font-size: 18.6667px; margin-bottom: 0.0001pt; line-height: normal;"><span style="font-size: 14pt; font-family: Arial, sans-serif;">he pictures represent the item well and should be consulted for additional condition and design details as they are considered to be part of the item's description. Nothing in photo background is included. Shadows are me and my space limits unless noted in the description. Please email me with any and all questions and concerns before bidding.<o:p></o:p></span></p><p class="MsoNormal" align="center" style="font-size: 18.6667px; margin-bottom: 0.0001pt; line-height: normal;"><span style="font-size: 14pt; font-family: Arial, sans-serif;">&nbsp;</span><span style="font-family: Arial, sans-serif; font-size: 14pt;">Shipping to continental states only.&nbsp;&nbsp; I do not ship outside of the&nbsp;US, if you want this shipped to another country you will be using eBay's Global&nbsp;</span><b style="font-family: Arial, sans-serif; font-size: 14pt;">Shipping Service and they set shipping costs. Items are shipped within 24</b><span style="font-family: Arial, sans-serif; font-size: 14pt;">&nbsp;hours of payment Monday-Friday.&nbsp; No Shipping on holidays or weekends.&nbsp; No local pickup or returns.&nbsp; First Class Mail is always utilized when weight appropriate and Medial Mail will be used for books.&nbsp;</span></p><p class="MsoNormal" align="center" style="font-size: 18.6667px; margin-bottom: 0.0001pt; line-height: normal;"><span style="font-size: 14pt; font-family: Arial, sans-serif;">&nbsp;</span><b style="font-size: 14pt;"><u><span style="font-size: 14pt; font-family: Arial, sans-serif;">&nbsp;With free shipping seller always chooses the shipping method and packaging materials</span></u></b><span style="font-size: 14pt; font-family: Arial, sans-serif;">.</span></p><p class="MsoNormal" align="center" style="font-size: 18.6667px; margin-bottom: 0.0001pt; line-height: normal;"><span style="font-size: 14pt; font-family: Arial, sans-serif;">&nbsp;</span><span style="font-family: Arial, sans-serif; font-size: 14pt;">Payment with PayPal is kindly expected within 3 days of auction end.</span></p><p class="MsoNormal" align="center" style="font-size: 18.6667px; margin-bottom: 0.0001pt; line-height: normal;"><span style="font-size: 14pt; font-family: Arial, sans-serif;">I want you to be happy with your item! Returns will be accepted within 30 days. Please e-mail me to let me know you will be sending the item back. Merchandise must be returned via eBay’s returns, in original packaging and the same type of postage as the original.&nbsp;&nbsp;<br>The buyer is responsible for return shipping unless the item is damaged or not as described.&nbsp;&nbsp;&nbsp;<br>Absolutely no discounts once merchandise has been shipped.<o:p></o:p></span></p><p class="MsoNormal" align="center" style="font-size: 18.6667px; margin-bottom: 0.0001pt; line-height: normal;"><span style="font-size: 14pt; font-family: Arial, sans-serif;">&nbsp;</span><span style="font-family: Arial, sans-serif; font-size: 14pt;">Thank you for shopping with me. It is very much appreciated!&nbsp;</span></p><p class="MsoNormal" align="center" style="font-size: 18.6667px; margin-bottom: 0.0001pt; line-height: normal;"><span style="font-size: 14pt; font-family: Arial, sans-serif;">Husband and wife team Grumpygrice and Rabbithutch1 with over 1,000 positive feedbacks with a commitment to quality and service.&nbsp; Check out our stores Grumpy&nbsp;Grice’s&nbsp;and Rabbit Hutch Treasures for more great items.<o:p></o:p></span></p><p class="MsoNormal" style="font-size: 18.6667px;"><span style="font-size: 14pt; line-height: 19.9733px;">&nbsp;</span></p></div></font>
</DOC>
<DOC>
<DOCID>1700424</DOCID>
<CATEGORY>Collectibles > Militaria > Current Militaria (2001-Now) > Original Items > Uniforms</CATEGORY>
<ORIGTITLE>NETHERLANDS DUTCH VINTAGE 1990 WOODLAND MILITARY FIELD 38"X33" TROUSERS PANTS</ORIGTITLE>
<font rwr='1' size='4' style='font-family:Arial'><font rwr="1" style="font-family: Arial;"><font rwr="1" style=""><font rwr="1" style=""><font rwr="1" style=""><font rwr="1" style=""><font rwr="1" style=""><font rwr="1" style=""><font rwr="1" style=""><font rwr="1" style=""><font rwr="1" style=""><font rwr="1" style=""><font rwr="1" style=""><font rwr="1" style=""><font rwr="1" style=""><div style="text-align: center;"><div style="font-size: 14pt; font-family: Arial;"><b><font color="#00429a">ITEM:</font></b></div><div style="font-size: 14pt;"><font color="#91cfa6" face="Arial"><span style="font-size: 18.6667px;"><b>NETHERLANDS DUTCH VINTAGE WOODLAND MILITARY ISSUED FIELD 30"X30" TROUSERS PANTS</b></span></font></div><div style="font-size: 14pt;"><font color="#91cfa6" face="Arial"><span style="font-size: 18.6667px;"><b><br></b></span></font></div><div style="font-size: large; font-family: Arial;"><font face="Arial" color="#00429a"><span style="font-size: 18.6667px;"><b>SIZE:</b></span></font></div><div style="font-family: Arial;"><font color="#91cfa6"><span style="font-size: 18.6667px;"><b>38X33</b></span></font></div><div style="font-size: large; font-family: Arial;"><b style="color: rgb(255, 0, 16); font-size: 18.6667px;"><br></b></div><div style="font-size: large; font-family: Arial;"><font face="Arial" color="#00429a"><span style="font-size: 18.6667px;"><b>COLOR:</b></span></font></div><div style="font-size: 14pt; font-family: Arial;"><font color="#91cfa6"><span style="font-size: 18.6667px;"><b>WOODLAND CAMO NETHERLANDS PANTS</b></span></font></div><div style="font-size: 14pt; font-family: Arial;"><b style="color: rgb(255, 0, 16); font-size: 18.6667px;"><br></b></div><div style="font-size: large; font-family: Arial;"><font face="Arial" color="#00429a"><span style="font-size: 18.6667px;"><b>CONDITION:</b></span></font></div><div style="font-size: large; font-family: Arial;"><span style="font-size: 18.6667px;"><b style=""><font color="#91cfa6">PRE-OWNED</font></b></span></div><div style="font-size: large; font-family: Arial;"><font color="#ff0010"><span style="font-size: 18.6667px;"><b><br></b></span></font></div><div style="font-size: large; font-family: Arial;"><font rwr="1" size="4" color="#00429a"><div style="font-size: 14pt;"><div style="font-family: &quot;Times New Roman&quot;; font-size: 14pt;">IF YOU FIND ANYTHING WRONG WITH THIS LISTING , PLEASE MESSAGE ME RIGHT AWAY AND I WILL FIX IT, OUR GOAL IS TO 100 PERCENT SATISFY YOU.&nbsp;</div><div style="font-family: &quot;Times New Roman&quot;; font-size: 14pt;"><b style="font-size: medium;"><br></b></div><div style="font-family: &quot;Times New Roman&quot;; font-size: 14pt;"><b style="font-size: medium;">WE SEND TO INTERNATIONAL BUYERS IF THE ITEM QUALIFIES.</b></div><div style="font-family: &quot;Times New Roman&quot;; font-size: medium;"><b>ALL MY STORE ITEMS CAN BE SENT INTERNATIONALLY THRU THE GLOBAL SHIPPING PROGRAM . BUYERS ARE RESPONSIBLE FOR ALL TAXES, AND ADDITIONAL COUNTRY REGULATED FEES. WE WILL SEND TO THE EBAY SHIPPING CENTER IN KENTUCKY AND EBAY WILL SEND IT TO YOUR ADDRESS IN YOUR COUNTRY EXCEPT RESTRICTED COUNTRIES, INTERNATIONAL BUYERS CANNOT BUY ANY MILITARY ITEMS IN MY STORE OR ANY RESTRICTED ITEMS THAT EBAY DEEMS RESTRICTED. THE GLOBAL SHIPPING PROGRAM IS A PROGRAM FOR INTERNATIONAL BUYERS TO PURCHASE FROM UNITED STATES SELLERS LIKE MYSELF, YOU SIMPLY CALL EBAY AND ENROLL.&nbsp;</b></div><div style="font-family: &quot;Times New Roman&quot;; font-size: medium;"><b><br></b></div><div style="font-family: &quot;Times New Roman&quot;; font-size: medium;"><font face="Arial" style="font-size: 18.6667px;"><b>Thank You for looking at my Store. &nbsp;I am a United States Army Veteran and our EBAY Store is Veteran Owned and we count on an honest transaction. We have a no hassle return Policy. It’s really simple if you don’t like it please return the item and I will issue you a refund. I have quickly learned that Customer Satisfaction is the number one Priority. My EBAY Store is open for Business and I invite everyone to take a quick look at what I have...Just click here and see all that I have &nbsp; &nbsp;&nbsp;</b></font><b style="font-size: 18.6667px;"><a href="http://stores.ebay.com/allamericanauctions2015">CLICK HERE</a></b></div><div style="font-family: &quot;Times New Roman&quot;; font-size: 14pt;"><font face="Arial"><b><br></b></font></div><div style="font-family: &quot;Times New Roman&quot;; font-size: 14pt;"><b>We now ship every day to include SATURDAY AND SUNDAY… which means our carrier service now picks up 7 Days a week. If you BUY TODAY… your ITEM will get out no later than 72 hours after your purchase. It will have the best head start as it will be processed at the Denver Hub within 72 Hours of your purchase. &nbsp;Even if you buy at night your Item will be processed the next two mornings and will be at the Denver Hub WITHIN 72 HOURS.&nbsp;</b></div><div style="font-family: &quot;Times New Roman&quot;; font-size: 14pt;"><font face="Arial"><b><br></b></font></div><p class="MsoNormal" style="font-family: &quot;Times New Roman&quot;; font-size: medium; text-align: start;"><font rwr="1" size="4" style="font-family: Arial;"></font></p><div style="font-family: &quot;Times New Roman&quot;; font-size: 14pt;"><font face="Arial" style=""><b style="">We have Incredible FAST SHIPPING and again WE NOW SHIP ON SATURDAY AND SUNDAY. If you have any questions please MESSAGE ME... If you have any CONCERNS please MESSAGE ME. If you have any ISSUES with your Item please let me fix it. I count on your Business and in return I will give you an Honest Auction. &nbsp;I look forward to doing Business with you.</b></font></div></div></font></div></div></font></font></font></font></font></font></font></font></font></font></font></font></font></font></font>
</DOC>
<DOC>
<DOCID>1700425</DOCID>
<CATEGORY>Collectibles > Religion & Spirituality > Christianity > Statues & Figures</CATEGORY>
<ORIGTITLE>~ WHITE ROMAN STATUE FIGURINE SCULPTURE ART-LIKE HOLDING BABY RESIN 10 INCHES ~</ORIGTITLE>
<font rwr='1' size='4' style='font-family:Arial'>FREE SHIPPING IN U.S. ONLY.</font>
</DOC>
<DOC>
<DOCID>1700422</DOCID>
<CATEGORY>Collectibles > Beads > 1800-1950</CATEGORY>
<ORIGTITLE>Antique Venetian Fancy Glass Trade Bead Lampwork Blue White Mustard 14x11mm</ORIGTITLE>
<font rwr="1" size="4" style="font-family:Arial"><font rwr="1" size="4" style="font-family:Arial"><font rwr="1" size="4" style="font-family:Arial"><font rwr="1" size="4" style="font-family:Arial"><font rwr="1" size="4" style="font-family:Arial"><font rwr="1" size="4" style="font-family:Arial"><font rwr="1" size="4" style="font-family:Arial"><font rwr="1" size="4" style="font-family:Arial"><font style="FONT-FAMILY: Arial" size="2" rwr="1">
<p><font color="green" size="4" face="times"><font color="red" face="verdana"><strong><font color="green" size="5" face="times">For&nbsp;sale today we have&nbsp;a RARE&nbsp;antique Venetian fancy glass trade bead from the late 1800's. It is a lampwork&nbsp;wound&nbsp;bead that measures 14x11mm. Colors are mostly blue white and mustard.&nbsp;</font></strong></font></font></p>
<p><strong><font face="Times"><font color="#008000"><font size="5">The bead&nbsp;is&nbsp;in excellent used antique condition. Please look at photos carefully.&nbsp;</font></font></font></strong></p><p><strong><font face="Times"><font color="#008000"><font size="5">The bead would make a great focal bead in your jewelry design. You may want it as an addition&nbsp;to your RARE Venetian/Murano&nbsp;trade&nbsp;bead collection.</font></font></font></strong></p>
<p><strong><font color="#008000" size="5" face="Times">Don't miss out on this rare Venetian trade bead!</font></strong></p>
<p><strong><font face="Times"><font color="#008000"><font size="5">Please check my BEADS WITH A PAST store and other listings often, as I am constantly adding to the inventory of vintage and antique beads and bead jewelry from around the world.&nbsp; If you sign up for my newsletter your will receive regular updates. Thank you.</font></font></font></strong><strong><font face="Times"><font color="#008000" size="5">&nbsp;</font></font></strong></p>
<p><font face="Times"><font color="#008000"><strong><font size="5">&nbsp;</font></strong><font size="4">&nbsp;</font></font></font></p></font><br><font style="FONT-FAMILY: Arial" size="2" rwr="1"></font>
<p style="MARGIN: 0in 0in 0pt"><span style="FONT-SIZE: 24pt; FONT-FAMILY: 'Arial','sans-serif'; COLOR: rgb(221,17,17)">If you would like to purchase multiple items from me please <b>MESSAGE ME&nbsp;</b>before you pay so I can send you a combined invoice for accurate shipping costs.</span></p><font style="FONT-FAMILY: Arial" size="2" rwr="1"><br></font></font></font></font></font></font></font></font></font><br><font rwr="1" size="4" style="font-family:Arial"><font face="Comic Sans MS">Please look at photos carefully as they are an integral part of the description. Photos are enlarged in order to show details. Please be aware that different monitors display colors differently.</font></font>
</DOC>
<DOC>
<DOCID>1700435</DOCID>
<CATEGORY>Collectibles > Religion & Spirituality > Christianity > Rosaries</CATEGORY>
<ORIGTITLE>First Communion Rosary with Genuine Gemstone Beads (Obsidian)</ORIGTITLE>
<p>This gorgeous rosary is the perfect gift for First Holy Communion! Each rosary features authentic gemstone beads in obsidian, lapis lazuli, or rhodonite. Center bead features Madonna and Child, and the Our Father beads have a Host and Chalice design. Made in France.</p>
</DOC>
<DOC>
<DOCID>1700421</DOCID>
<CATEGORY>Collectibles > Pens & Writing Instruments > Desktop Items > Clips & Holders</CATEGORY>
<ORIGTITLE>Vtg Solid BRASS DESK PAPERCLIP KEY MY PLACE Heavy 4 12 x 1 3/4</ORIGTITLE>
<font rwr="1" size="4" style="font-family:Arial"><font rwr="1" size="4" style="font-family:Arial"><font rwr="1"><center style="text-align: left; font-size: 14pt; font-family: Arial;"><b style="font-size: x-large;">Vtg Solid BRASS DESK PAPERCLIP KEY MY PLACE Heavy 4 12 x 1 3/4</b></center><font rwr="1"><font rwr="1"><font rwr="1"><font rwr="1"><font rwr="1"><div><div><span style="font-size: 14pt;">I just love this paper clip</span></div><div style="font-family: Arial; font-size: 14pt;">It is in the shape of a key which reads <i>My Place</i></div><div style="font-family: Arial; font-size: 14pt;">It is made of solid brass and is heavy - could be used for a paperweight also</div><div style="font-family: Arial; font-size: 14pt;"><span style="font-family: Arial; font-size: 14pt;">The spring is tight on this clip and works well</span></div><div style="font-family: Arial; font-size: 14pt;"><span style="font-size: large;">Dimensions: 4 1/2 long by almost 1 3/4 wide</span></div></div><div style="font-family: Arial; font-size: 14pt;"><span style="font-size: large;">It is a nice older piece in great shape</span></div><div style="font-family: Arial; font-size: 14pt;"><span style="font-family: Arial; font-size: large;">Fresh from a New England estate sale</span></div><div style="font-family: Arial; font-size: 14pt;"><span style="font-family: Arial; font-size: large;">The collector had over a thousand pieces in this estate - and I bought several lots</span></div><div style="font-family: Arial; font-size: 14pt;"><span style="font-family: Arial; font-size: large;">Will be listing many over the next few days</span></div><div style="font-family: Arial; font-size: 14pt;"><span style="font-family: Arial; font-size: large;">PC6</span></div><div style="font-family: Arial; font-size: 14pt;"><span style="font-family: &quot;Times New Roman&quot;, serif; font-size: 13.5pt;"><br></span></div><div style="font-family: Arial; font-size: 14pt;"><span style="font-family: &quot;Times New Roman&quot;, serif; font-size: 13.5pt;">I will be happy to discount shipping for multiple items.&nbsp; If you wish to purchase more than one item from me, please place your items in the shopping cart and buy them all at once.&nbsp; Do not pay for them until I send you an invoice showing the shipping discount. I am not an expert in this field, but do my research and describe items to the best of my ability.&nbsp; As usual, I welcome any&nbsp;feedback or expert advice from our eBay community.&nbsp;</span></div> <p class="MsoNormal" style="font-family: Arial; font-size: 14pt;"><span style="font-size: 10pt; font-family: Arial, sans-serif;">Returns are accepted if item is returned within 30 days of shipping and has all original materials, has been misrepresented, or is damaged.&nbsp; Return shipping is paid for by buyer.&nbsp; Refund given as money back through PayPal.&nbsp; I will ship multiple items for a reduced rate, usually full rate for the first item and discounted rate for others.&nbsp; I ship to confirmed PayPal addresses within the USA.<o:p></o:p></span></p> <p class="MsoNormal" style="font-family: Arial; font-size: 14pt;"><b><span style="font-size: 10pt; font-family: Arial, sans-serif;">Terms of Sale</span></b><span style="font-size: 10pt; font-family: Arial, sans-serif;">:<o:p></o:p></span></p> <div style="font-family: Arial; font-size: 14pt;"><span style="font-family: Arial, sans-serif; font-size: 10pt;">I am an honest seller and it is my goal to accurately advertise all items to the very best of my ability.&nbsp; When you buy an item here you may be reassured that I have done my research and will do my very best to make the transaction a pleasant, easy experience and I will work with you to solve any issues that may arise.&nbsp;Please email me with any questions.</span><span style="font-family: Arial; font-size: large;">&nbsp;&nbsp;</span></div></font></font></font></font></font></font></font></font> <!-- VENDBASCTCTCTVENDBASCT --> <center style="font-family: Arial; font-size: 14pt;"> </center> <!-- VENDBASCTCTCTVENDBASCT --><p></p><center><img src="https://pics.ebay.com/aw/pics/viewitem/fe/imgFePowered_88x33.gif"></center><p></p>
</DOC>
<DOC>
<DOCID>1700423</DOCID>
<CATEGORY>Collectibles > Fantasy, Mythical & Magic > Lord of the Rings > Other LOTR Collectibles</CATEGORY>
<ORIGTITLE>The Lord of The Rings, One Volume Edition, 1994</ORIGTITLE>
<p>very good condition. spine intact. no writing in book . minimal wear on cover</p>
</DOC>
<DOC>
<DOCID>1700436</DOCID>
<CATEGORY>Collectibles > Non-Sport Trading Cards > Star Trek Trading Cards > Trading Card Singles</CATEGORY>
<ORIGTITLE>Jane Daly as Varria STAR TREK Complete TNG Series 2 Autograph Card Auto</ORIGTITLE>
<font rwr="1" size="4" style="font-family:Arial"><font rwr="1" size="4" style="font-family:Arial"><font rwr="1" size="4"><font rwr="1" size="4"><font rwr="1" size="4"><font rwr="1" size="4"><font rwr="1" size="4"><font rwr="1" size="4"><font rwr="1" size="4"><font rwr="1" size="4"><font rwr="1" size="4"><font rwr="1" size="4"><font rwr="1" size="4"><font rwr="1" size="4"><font rwr="1"><font rwr="1"><meta https-equiv="Content-Type" content="text/html; charset=utf-8"> <div id="bg"> <div id="container">     <div id="contentContainer">  <div id="images">   <!-- Place Your Title Below This Line  --> <h2 style="font-family: Arial; font-size: 14pt;"><u>Item  Description:</u> </h2> <font size="4"><font style="font-family: Arial; font-size: 14pt;">Rittenhouse Star Trek: The Next Generation Complete certified autograph card of&nbsp;</font><font><font face="Arial">Jane Daly as Varria<span style="font-size: 14pt;">.</span></font></font><font style="font-family: Arial; font-size: 14pt;">&nbsp; Card is in near mint/mint condition; please see scans for details.&nbsp; You   won<font>'t be  disappointed with this one<font color="#00AE5F"><font color="#000000">! &nbsp;</font></font></font></font></font></div><div id="images" style="font-family: Arial; font-size: 14pt;"><font size="4"><font size="4"><font color="#00AE5F"><b><br></b></font></font></font><font color="#00AE5F"><b>I combine shipping; free  shipping on any additional cards purchased!     </b></font> </div><div id="mainContent" style="font-family: Arial; font-size: 14pt;">   </div>   <div style="font-family: Arial; font-size: 14pt; clear: both;"></div> </div>   <div id="sellerInfo" style="font-family: Arial; font-size: 14pt;">     <div class="info">     <a name="about"></a><!-- MANUALLY ADD YOUR ABOUT US TEXT ABOVE THIS LINE -->     </div>     <div class="info">     <h2>Payment</h2>           Payment is expected within 48 hours of purchasing the item.&nbsp;     <!-- MANUALLY ADD YOUR ABOUT US TEXT ABOVE THIS LINE -->     </div>     <div class="info">     <h2>Shipping</h2>            <!-- MANUALLY ADD YOUR ABOUT US TEXT BLOW THIS LINE -->     U.S. buyers only please.&nbsp; I   will ship within one business   day   of receiving cleared Paypal   payment.&nbsp; I strive on   getting   the buyer their item fast!&nbsp; <font color="#00AE5F"><b> <br><br>I combine shipping; free  shipping on any additional cards purchased!     </b></font><!-- MANUALLY ADD YOUR ABOUT US TEXT ABOVE THIS LINE -->     </div>     <div class="info">     <a name="contact"></a>     <h2>Contact Me: </h2>           <!-- MANUALLY ADD YOUR CONTACT US TEXT BLOW THIS LINE -->    If    you have any questions please feel free to send me a     message.&nbsp;   Check out my other items as well in <a href="https://stores.ebay.com/Quantum-Roes-Shop" target="_blank">Quantum Roe's       Shop</a>!<!-- MANUALLY  ADD YOUR CONTACT US TEXT ABOVE THIS       LINE -->     </div>   </div>     <br class="clearfloat"> </div> </div> <div id="cssParent" style="font-family: Arial; font-size: 14pt;">             <div id="css">                       <link rel="StyleSheet" https="https://www.ebayappreview.com/templates/bubbles/css/allStyle.css" type="text/css" media="screen"> <link rel="StyleSheet" https="https://www.ebayappreview.com/templates/bubbles/css/glowBlue.css" type="text/css" media="screen">             </div>         </div>                   <p style="font-family: Arial; font-size: 14pt;"></p><center style="font-family: Arial; font-size: 14pt;"><a href="https://pages.ebay.com/selling_manager_pro" target="_blank"><img https="https://pics.ebay.com/aw/pics/sellingmanager/sellingmanagerPro/smPro_248x50.gif" border="0" height="0" width="0"></a></center><p style="font-family: Arial; font-size: 14pt;"></p><p style="font-family: Arial; font-size: 14pt;"></a></p></font></font></font></font></font></font></font></font></font></font></font></font></font></font></font></font><P><CENTER><IMG SRC=""></CENTER><P>
</DOC>
<DOC>
<DOCID>1700438</DOCID>
<CATEGORY>Collectibles > Comics > Bronze Age (1970-83) > Cartoon Character</CATEGORY>
<ORIGTITLE>1976 DARK SHADOWS #35 GOLD KEY COMICS FREE BAG/BOARD</ORIGTITLE>
<font rwr='1' size='4' style='font-family:Arial'><font rwr="1" style="font-family:Arial" size="4"><font rwr="1" style="font-family:Arial" size="4"><font rwr="1" style="font-family:Arial" size="4"><font rwr="1" style="font-family:Arial" size="4"><font rwr="1" style="font-family:Arial" size="4"><font rwr="1" style="font-family:Arial" size="4"><font rwr="1" style="font-family:Arial" size="4"><font rwr="1" style="font-family:Arial" size="4"><font rwr="1" style="font-family:Arial" size="4"><font rwr="1" style="font-family:Arial" size="4"><font rwr="1" style="font-family:Arial" size="4"><font rwr="1" style="font-family:Arial" size="4"><font rwr="1" style="font-family:Arial" size="4"><font rwr="1" style="font-family:Arial" size="4"><font rwr="1" style="font-family:Arial" size="4"><font rwr="1" style="font-family:Arial" size="4"><font rwr="1" style="font-family:Arial" size="4"><font rwr="1" style="font-family:Arial" size="4"><font rwr="1" style="font-family:Arial" size="4"><font rwr="1" style="font-family:Arial" size="4"><font rwr="1" style="font-family:Arial" size="4"><font rwr="1" style="font-family:Arial" size="4"><font rwr="1" style="font-family:Arial" size="4"><font rwr="1" style="font-family:Arial" size="4"><font rwr="1" style="font-family:Arial" size="4"><font rwr="1" style="font-family:Arial" size="4"><font rwr="1" style="font-family:Arial" size="4"><font rwr="1" style="font-family:Arial" size="4"><font rwr="1" style="font-family:Arial" size="4"><font rwr="1" style="font-family:Arial" size="4"><font rwr="1" style="font-family:Arial" size="4"><font rwr="1" style="font-family:Arial" size="4"><font rwr="1" style="font-family:Arial" size="4"><font rwr="1" style="font-family:Arial" size="4"><font rwr="1" style="font-family:Arial" size="4"><font rwr="1" style="font-family:Arial" size="4"><font rwr="1" style="font-family:Arial" size="4"><font rwr="1" style="font-family:Arial" size="4"><font rwr="1" style="font-family:Arial" size="4"><font rwr="1" style="font-family:Arial" size="4"><font rwr="1" style="font-family:Arial" size="4"><font rwr="1" style="font-family:Arial" size="4"><!--CSG INDICATOR START--> <!-- AUCTIVA Scrolling Gallery (do not remove or modify the "CSG INDICATOR START/END" tags or contents) --><link id="csgCss" rel="stylesheet" href="https://scrollinggallery.auctiva.com/gallery/css/2(0)/AUCTIVA/290629/0/55/_845"><div id="csgGallery" style="display: none"><input id="csgScrollingCheckbox_845" checked="" type="checkbox"><input id="csgSingleRowCheckbox_845" checked="" type="checkbox"><div id="csgGalleryPos"><div id="csgGalleryContainer"><div id="csgHeader" class="csgFrame"><div id="csgHeaderLeft" class="csgLeft"><span id="csgHLLogo" class="csgLogo"></span></div><div id="csgHeaderCenter" class="csgCenter"><span id="csgHCLogo" class="csgLogo"></span></div><div id="csgHeaderRight" class="csgRight"><label id="csgHRScrollingLabel" for="csgScrollingCheckbox_845"></label><label id="csgHRSingleRowLabel" for="csgSingleRowCheckbox_845"></label><span id="csgHRLogo" class="csgLogo"></span></div></div><div id="csgOuterNavWrapper"><input id="csgPrev1_845" name="csgRadio" class="csgPrevCheck" type="radio"><input id="csgPrev2_845" name="csgRadio" class="csgPrevCheck" type="radio"><input id="csgPrev3_845" name="csgRadio" class="csgPrevCheck" type="radio"><input id="csgPrev4_845" name="csgRadio" class="csgPrevCheck" type="radio"><input id="csgPrev5_845" name="csgRadio" class="csgPrevCheck" type="radio"><input id="csgPrev6_845" name="csgRadio" class="csgPrevCheck" type="radio"><input id="csgPrev7_845" name="csgRadio" class="csgPrevCheck" type="radio"><input id="csgPrev8_845" name="csgRadio" class="csgPrevCheck" type="radio"><input id="csgPrev9_845" name="csgRadio" class="csgPrevCheck" type="radio"><input id="csgPrev10_845" name="csgRadio" class="csgPrevCheck" type="radio"><input id="csgPrev11_845" name="csgRadio" class="csgPrevCheck" type="radio"><input id="csgPrev12_845" name="csgRadio" class="csgPrevCheck" type="radio"><input id="csgPrev13_845" name="csgRadio" class="csgPrevCheck" type="radio"><input id="csgPrev14_845" name="csgRadio" class="csgPrevCheck" type="radio"><input id="csgPrev15_845" name="csgRadio" class="csgPrevCheck" type="radio"><input id="csgPrev16_845" name="csgRadio" class="csgPrevCheck" type="radio"><input id="csgPrev17_845" name="csgRadio" class="csgPrevCheck" type="radio"><input id="csgPrev18_845" name="csgRadio" class="csgPrevCheck" type="radio"><input id="csgPrev19_845" name="csgRadio" class="csgPrevCheck" type="radio"><input id="csgPrev20_845" name="csgRadio" class="csgPrevCheck" type="radio"><input id="csgPrev21_845" name="csgRadio" class="csgPrevCheck" type="radio"><input id="csgPrev22_845" name="csgRadio" class="csgPrevCheck" type="radio"><input id="csgPrev23_845" name="csgRadio" class="csgPrevCheck" type="radio"><input id="csgPrev24_845" name="csgRadio" class="csgPrevCheck" type="radio"><input id="csgPrev25_845" name="csgRadio" class="csgPrevCheck" type="radio"><input id="csgPrev26_845" name="csgRadio" class="csgPrevCheck" type="radio"><input id="csgPrev27_845" name="csgRadio" class="csgPrevCheck" type="radio"><input id="csgPrev28_845" name="csgRadio" class="csgPrevCheck" type="radio"><input id="csgPrev29_845" name="csgRadio" class="csgPrevCheck" type="radio"><input id="csgPrev30_845" name="csgRadio" class="csgPrevCheck" type="radio"><input id="csgPrev31_845" name="csgRadio" class="csgPrevCheck" type="radio"><input id="csgPrev32_845" name="csgRadio" class="csgPrevCheck" type="radio"><input id="csgPrev33_845" name="csgRadio" class="csgPrevCheck" type="radio"><input id="csgPrev34_845" name="csgRadio" class="csgPrevCheck" type="radio"><input id="csgPrev35_845" name="csgRadio" class="csgPrevCheck" type="radio"><input id="csgPrev36_845" name="csgRadio" class="csgPrevCheck" type="radio"><input id="csgPrev37_845" name="csgRadio" class="csgPrevCheck" type="radio"><input id="csgPrev38_845" name="csgRadio" class="csgPrevCheck" type="radio"><input id="csgPrev39_845" name="csgRadio" class="csgPrevCheck" type="radio"><input id="csgPrev40_845" name="csgRadio" class="csgPrevCheck" type="radio"><input id="csgPrev41_845" name="csgRadio" class="csgPrevCheck" type="radio"><input id="csgPrev42_845" name="csgRadio" class="csgPrevCheck" type="radio"><input id="csgPrev43_845" name="csgRadio" class="csgPrevCheck" type="radio"><input id="csgPrev44_845" name="csgRadio" class="csgPrevCheck" type="radio"><input id="csgPrev45_845" name="csgRadio" class="csgPrevCheck" type="radio"><input id="csgPrev46_845" name="csgRadio" class="csgPrevCheck" type="radio"><input id="csgPrev47_845" name="csgRadio" class="csgPrevCheck" type="radio"><input id="csgPrev48_845" name="csgRadio" class="csgPrevCheck" type="radio"><input id="csgPrev49_845" name="csgRadio" class="csgPrevCheck" type="radio"><input id="csgPrev50_845" name="csgRadio" class="csgPrevCheck" type="radio"><input id="csgNext1_845" name="csgRadio" class="csgNextCheck" type="radio"><input id="csgNext2_845" name="csgRadio" class="csgNextCheck" type="radio"><input id="csgNext3_845" name="csgRadio" class="csgNextCheck" type="radio"><input id="csgNext4_845" name="csgRadio" class="csgNextCheck" type="radio"><input id="csgNext5_845" name="csgRadio" class="csgNextCheck" type="radio"><input id="csgNext6_845" name="csgRadio" class="csgNextCheck" type="radio"><input id="csgNext7_845" name="csgRadio" class="csgNextCheck" type="radio"><input id="csgNext8_845" name="csgRadio" class="csgNextCheck" type="radio"><input id="csgNext9_845" name="csgRadio" class="csgNextCheck" type="radio"><input id="csgNext10_845" name="csgRadio" class="csgNextCheck" type="radio"><input id="csgNext11_845" name="csgRadio" class="csgNextCheck" type="radio"><input id="csgNext12_845" name="csgRadio" class="csgNextCheck" type="radio"><input id="csgNext13_845" name="csgRadio" class="csgNextCheck" type="radio"><input id="csgNext14_845" name="csgRadio" class="csgNextCheck" type="radio"><input id="csgNext15_845" name="csgRadio" class="csgNextCheck" type="radio"><input id="csgNext16_845" name="csgRadio" class="csgNextCheck" type="radio"><input id="csgNext17_845" name="csgRadio" class="csgNextCheck" type="radio"><input id="csgNext18_845" name="csgRadio" class="csgNextCheck" type="radio"><input id="csgNext19_845" name="csgRadio" class="csgNextCheck" type="radio"><input id="csgNext20_845" name="csgRadio" class="csgNextCheck" type="radio"><input id="csgNext21_845" name="csgRadio" class="csgNextCheck" type="radio"><input id="csgNext22_845" name="csgRadio" class="csgNextCheck" type="radio"><input id="csgNext23_845" name="csgRadio" class="csgNextCheck" type="radio"><input id="csgNext24_845" name="csgRadio" class="csgNextCheck" type="radio"><input id="csgNext25_845" name="csgRadio" class="csgNextCheck" type="radio"><input id="csgNext26_845" name="csgRadio" class="csgNextCheck" type="radio"><input id="csgNext27_845" name="csgRadio" class="csgNextCheck" type="radio"><input id="csgNext28_845" name="csgRadio" class="csgNextCheck" type="radio"><input id="csgNext29_845" name="csgRadio" class="csgNextCheck" type="radio"><input id="csgNext30_845" name="csgRadio" class="csgNextCheck" type="radio"><input id="csgNext31_845" name="csgRadio" class="csgNextCheck" type="radio"><input id="csgNext32_845" name="csgRadio" class="csgNextCheck" type="radio"><input id="csgNext33_845" name="csgRadio" class="csgNextCheck" type="radio"><input id="csgNext34_845" name="csgRadio" class="csgNextCheck" type="radio"><input id="csgNext35_845" name="csgRadio" class="csgNextCheck" type="radio"><input id="csgNext36_845" name="csgRadio" class="csgNextCheck" type="radio"><input id="csgNext37_845" name="csgRadio" class="csgNextCheck" type="radio"><input id="csgNext38_845" name="csgRadio" class="csgNextCheck" type="radio"><input id="csgNext39_845" name="csgRadio" class="csgNextCheck" type="radio"><input id="csgNext40_845" name="csgRadio" class="csgNextCheck" type="radio"><input id="csgNext41_845" name="csgRadio" class="csgNextCheck" type="radio"><input id="csgNext42_845" name="csgRadio" class="csgNextCheck" type="radio"><input id="csgNext43_845" name="csgRadio" class="csgNextCheck" type="radio"><input id="csgNext44_845" name="csgRadio" class="csgNextCheck" type="radio"><input id="csgNext45_845" name="csgRadio" class="csgNextCheck" type="radio"><input id="csgNext46_845" name="csgRadio" class="csgNextCheck" type="radio"><input id="csgNext47_845" name="csgRadio" class="csgNextCheck" type="radio"><input id="csgNext48_845" name="csgRadio" class="csgNextCheck" type="radio"><input id="csgNext49_845" name="csgRadio" class="csgNextCheck" type="radio"><input id="csgNext50_845" name="csgRadio" class="csgNextCheck" type="radio"><div id="csgNavLeft" class="csgNavLabels"><div id="csgNavLeftWrapper" class="csgNavWrapper"><label id="csgPrevLabel1" class="csgNavLabel" for="csgPrev1_845"></label><label id="csgPrevLabel2" class="csgNavLabel" for="csgPrev2_845"></label><label id="csgPrevLabel3" class="csgNavLabel" for="csgPrev3_845"></label><label id="csgPrevLabel4" class="csgNavLabel" for="csgPrev4_845"></label><label id="csgPrevLabel5" class="csgNavLabel" for="csgPrev5_845"></label><label id="csgPrevLabel6" class="csgNavLabel" for="csgPrev6_845"></label><label id="csgPrevLabel7" class="csgNavLabel" for="csgPrev7_845"></label><label id="csgPrevLabel8" class="csgNavLabel" for="csgPrev8_845"></label><label id="csgPrevLabel9" class="csgNavLabel" for="csgPrev9_845"></label><label id="csgPrevLabel10" class="csgNavLabel" for="csgPrev10_845"></label><label id="csgPrevLabel11" class="csgNavLabel" for="csgPrev11_845"></label><label id="csgPrevLabel12" class="csgNavLabel" for="csgPrev12_845"></label><label id="csgPrevLabel13" class="csgNavLabel" for="csgPrev13_845"></label><label id="csgPrevLabel14" class="csgNavLabel" for="csgPrev14_845"></label><label id="csgPrevLabel15" class="csgNavLabel" for="csgPrev15_845"></label><label id="csgPrevLabel16" class="csgNavLabel" for="csgPrev16_845"></label><label id="csgPrevLabel17" class="csgNavLabel" for="csgPrev17_845"></label><label id="csgPrevLabel18" class="csgNavLabel" for="csgPrev18_845"></label><label id="csgPrevLabel19" class="csgNavLabel" for="csgPrev19_845"></label><label id="csgPrevLabel20" class="csgNavLabel" for="csgPrev20_845"></label><label id="csgPrevLabel21" class="csgNavLabel" for="csgPrev21_845"></label><label id="csgPrevLabel22" class="csgNavLabel" for="csgPrev22_845"></label><label id="csgPrevLabel23" class="csgNavLabel" for="csgPrev23_845"></label><label id="csgPrevLabel24" class="csgNavLabel" for="csgPrev24_845"></label><label id="csgPrevLabel25" class="csgNavLabel" for="csgPrev25_845"></label><label id="csgPrevLabel26" class="csgNavLabel" for="csgPrev26_845"></label><label id="csgPrevLabel27" class="csgNavLabel" for="csgPrev27_845"></label><label id="csgPrevLabel28" class="csgNavLabel" for="csgPrev28_845"></label><label id="csgPrevLabel29" class="csgNavLabel" for="csgPrev29_845"></label><label id="csgPrevLabel30" class="csgNavLabel" for="csgPrev30_845"></label><label id="csgPrevLabel31" class="csgNavLabel" for="csgPrev31_845"></label><label id="csgPrevLabel32" class="csgNavLabel" for="csgPrev32_845"></label><label id="csgPrevLabel33" class="csgNavLabel" for="csgPrev33_845"></label><label id="csgPrevLabel34" class="csgNavLabel" for="csgPrev34_845"></label><label id="csgPrevLabel35" class="csgNavLabel" for="csgPrev35_845"></label><label id="csgPrevLabel36" class="csgNavLabel" for="csgPrev36_845"></label><label id="csgPrevLabel37" class="csgNavLabel" for="csgPrev37_845"></label><label id="csgPrevLabel38" class="csgNavLabel" for="csgPrev38_845"></label><label id="csgPrevLabel39" class="csgNavLabel" for="csgPrev39_845"></label><label id="csgPrevLabel40" class="csgNavLabel" for="csgPrev40_845"></label><label id="csgPrevLabel41" class="csgNavLabel" for="csgPrev41_845"></label><label id="csgPrevLabel42" class="csgNavLabel" for="csgPrev42_845"></label><label id="csgPrevLabel43" class="csgNavLabel" for="csgPrev43_845"></label><label id="csgPrevLabel44" class="csgNavLabel" for="csgPrev44_845"></label><label id="csgPrevLabel45" class="csgNavLabel" for="csgPrev45_845"></label><label id="csgPrevLabel46" class="csgNavLabel" for="csgPrev46_845"></label><label id="csgPrevLabel47" class="csgNavLabel" for="csgPrev47_845"></label><label id="csgPrevLabel48" class="csgNavLabel" for="csgPrev48_845"></label><label id="csgPrevLabel49" class="csgNavLabel" for="csgPrev49_845"></label><label id="csgPrevLabel50" class="csgNavLabel" for="csgPrev50_845"></label></div></div><div id="csgNavRight" class="csgNavLabels"><div id="csgNavRightWrapper" class="csgNavWrapper"><label id="csgNextLabel1" class="csgNavLabel" for="csgNext1_845"></label><label id="csgNextLabel2" class="csgNavLabel" for="csgNext2_845"></label><label id="csgNextLabel3" class="csgNavLabel" for="csgNext3_845"></label><label id="csgNextLabel4" class="csgNavLabel" for="csgNext4_845"></label><label id="csgNextLabel5" class="csgNavLabel" for="csgNext5_845"></label><label id="csgNextLabel6" class="csgNavLabel" for="csgNext6_845"></label><label id="csgNextLabel7" class="csgNavLabel" for="csgNext7_845"></label><label id="csgNextLabel8" class="csgNavLabel" for="csgNext8_845"></label><label id="csgNextLabel9" class="csgNavLabel" for="csgNext9_845"></label><label id="csgNextLabel10" class="csgNavLabel" for="csgNext10_845"></label><label id="csgNextLabel11" class="csgNavLabel" for="csgNext11_845"></label><label id="csgNextLabel12" class="csgNavLabel" for="csgNext12_845"></label><label id="csgNextLabel13" class="csgNavLabel" for="csgNext13_845"></label><label id="csgNextLabel14" class="csgNavLabel" for="csgNext14_845"></label><label id="csgNextLabel15" class="csgNavLabel" for="csgNext15_845"></label><label id="csgNextLabel16" class="csgNavLabel" for="csgNext16_845"></label><label id="csgNextLabel17" class="csgNavLabel" for="csgNext17_845"></label><label id="csgNextLabel18" class="csgNavLabel" for="csgNext18_845"></label><label id="csgNextLabel19" class="csgNavLabel" for="csgNext19_845"></label><label id="csgNextLabel20" class="csgNavLabel" for="csgNext20_845"></label><label id="csgNextLabel21" class="csgNavLabel" for="csgNext21_845"></label><label id="csgNextLabel22" class="csgNavLabel" for="csgNext22_845"></label><label id="csgNextLabel23" class="csgNavLabel" for="csgNext23_845"></label><label id="csgNextLabel24" class="csgNavLabel" for="csgNext24_845"></label><label id="csgNextLabel25" class="csgNavLabel" for="csgNext25_845"></label><label id="csgNextLabel26" class="csgNavLabel" for="csgNext26_845"></label><label id="csgNextLabel27" class="csgNavLabel" for="csgNext27_845"></label><label id="csgNextLabel28" class="csgNavLabel" for="csgNext28_845"></label><label id="csgNextLabel29" class="csgNavLabel" for="csgNext29_845"></label><label id="csgNextLabel30" class="csgNavLabel" for="csgNext30_845"></label><label id="csgNextLabel31" class="csgNavLabel" for="csgNext31_845"></label><label id="csgNextLabel32" class="csgNavLabel" for="csgNext32_845"></label><label id="csgNextLabel33" class="csgNavLabel" for="csgNext33_845"></label><label id="csgNextLabel34" class="csgNavLabel" for="csgNext34_845"></label><label id="csgNextLabel35" class="csgNavLabel" for="csgNext35_845"></label><label id="csgNextLabel36" class="csgNavLabel" for="csgNext36_845"></label><label id="csgNextLabel37" class="csgNavLabel" for="csgNext37_845"></label><label id="csgNextLabel38" class="csgNavLabel" for="csgNext38_845"></label><label id="csgNextLabel39" class="csgNavLabel" for="csgNext39_845"></label><label id="csgNextLabel40" class="csgNavLabel" for="csgNext40_845"></label><label id="csgNextLabel41" class="csgNavLabel" for="csgNext41_845"></label><label id="csgNextLabel42" class="csgNavLabel" for="csgNext42_845"></label><label id="csgNextLabel43" class="csgNavLabel" for="csgNext43_845"></label><label id="csgNextLabel44" class="csgNavLabel" for="csgNext44_845"></label><label id="csgNextLabel45" class="csgNavLabel" for="csgNext45_845"></label><label id="csgNextLabel46" class="csgNavLabel" for="csgNext46_845"></label><label id="csgNextLabel47" class="csgNavLabel" for="csgNext47_845"></label><label id="csgNextLabel48" class="csgNavLabel" for="csgNext48_845"></label><label id="csgNextLabel49" class="csgNavLabel" for="csgNext49_845"></label><label id="csgNextLabel50" class="csgNavLabel" for="csgNext50_845"></label></div></div><div id="csgSlidesContainer"><div id="csgSlidesOuter"><div id="csgSlides"><div class="csgSlide"><div class="csgListing"><a href="https://www.ebay.ca/sch/misustamps/m.html?_ipg=100&amp;_dmd=2&amp;_sop=1" target="_blank"><div class="csgDetails"><span class="csgPrice"></span><br><span class="csgEndTime"></span></div></a></div></div><div class="csgSlide"><div class="csgListing"><a href="https://www.ebay.ca/sch/misustamps/m.html?_ipg=100&amp;_dmd=2&amp;_sop=1" target="_blank"><div class="csgDetails"><span class="csgPrice"></span><br><span class="csgEndTime"></span></div></a></div></div><div class="csgSlide"><div class="csgListing"><a href="https://www.ebay.ca/sch/misustamps/m.html?_ipg=100&amp;_dmd=2&amp;_sop=1" target="_blank"><div class="csgDetails"><span class="csgPrice"></span><br><span class="csgEndTime"></span></div></a></div></div><div class="csgSlide"><div class="csgListing"><a href="https://www.ebay.ca/sch/misustamps/m.html?_ipg=100&amp;_dmd=2&amp;_sop=1" target="_blank"><div class="csgDetails"><span class="csgPrice"></span><br><span class="csgEndTime"></span></div></a></div></div><div class="csgSlide"><div class="csgListing"><a href="https://www.ebay.ca/sch/misustamps/m.html?_ipg=100&amp;_dmd=2&amp;_sop=1" target="_blank"><div class="csgDetails"><span class="csgPrice"></span><br><span class="csgEndTime"></span></div></a></div></div><div class="csgSlide"><div class="csgListing"><a href="https://www.ebay.ca/sch/misustamps/m.html?_ipg=100&amp;_dmd=2&amp;_sop=1" target="_blank"><div class="csgDetails"><span class="csgPrice"></span><br><span class="csgEndTime"></span></div></a></div></div><div class="csgSlide"><div class="csgListing"><a href="https://www.ebay.ca/sch/misustamps/m.html?_ipg=100&amp;_dmd=2&amp;_sop=1" target="_blank"><div class="csgDetails"><span class="csgPrice"></span><br><span class="csgEndTime"></span></div></a></div></div><div class="csgSlide"><div class="csgListing"><a href="https://www.ebay.ca/sch/misustamps/m.html?_ipg=100&amp;_dmd=2&amp;_sop=1" target="_blank"><div class="csgDetails"><span class="csgPrice"></span><br><span class="csgEndTime"></span></div></a></div></div><div class="csgSlide"><div class="csgListing"><a href="https://www.ebay.ca/sch/misustamps/m.html?_ipg=100&amp;_dmd=2&amp;_sop=1" target="_blank"><div class="csgDetails"><span class="csgPrice"></span><br><span class="csgEndTime"></span></div></a></div></div><div class="csgSlide"><div class="csgListing"><a href="https://www.ebay.ca/sch/misustamps/m.html?_ipg=100&amp;_dmd=2&amp;_sop=1" target="_blank"><div class="csgDetails"><span class="csgPrice"></span><br><span class="csgEndTime"></span></div></a></div></div><div class="csgSlide"><div class="csgListing"><a href="https://www.ebay.ca/sch/misustamps/m.html?_ipg=100&amp;_dmd=2&amp;_sop=1" target="_blank"><div class="csgDetails"><span class="csgPrice"></span><br><span class="csgEndTime"></span></div></a></div></div><div class="csgSlide"><div class="csgListing"><a href="https://www.ebay.ca/sch/misustamps/m.html?_ipg=100&amp;_dmd=2&amp;_sop=1" target="_blank"><div class="csgDetails"><span class="csgPrice"></span><br><span class="csgEndTime"></span></div></a></div></div><div class="csgSlide"><div class="csgListing"><a href="https://www.ebay.ca/sch/misustamps/m.html?_ipg=100&amp;_dmd=2&amp;_sop=1" target="_blank"><div class="csgDetails"><span class="csgPrice"></span><br><span class="csgEndTime"></span></div></a></div></div><div class="csgSlide"><div class="csgListing"><a href="https://www.ebay.ca/sch/misustamps/m.html?_ipg=100&amp;_dmd=2&amp;_sop=1" target="_blank"><div class="csgDetails"><span class="csgPrice"></span><br><span class="csgEndTime"></span></div></a></div></div><div class="csgSlide"><div class="csgListing"><a href="https://www.ebay.ca/sch/misustamps/m.html?_ipg=100&amp;_dmd=2&amp;_sop=1" target="_blank"><div class="csgDetails"><span class="csgPrice"></span><br><span class="csgEndTime"></span></div></a></div></div><div class="csgSlide"><div class="csgListing"><a href="https://www.ebay.ca/sch/misustamps/m.html?_ipg=100&amp;_dmd=2&amp;_sop=1" target="_blank"><div class="csgDetails"><span class="csgPrice"></span><br><span class="csgEndTime"></span></div></a></div></div><div class="csgSlide"><div class="csgListing"><a href="https://www.ebay.ca/sch/misustamps/m.html?_ipg=100&amp;_dmd=2&amp;_sop=1" target="_blank"><div class="csgDetails"><span class="csgPrice"></span><br><span class="csgEndTime"></span></div></a></div></div><div class="csgSlide"><div class="csgListing"><a href="https://www.ebay.ca/sch/misustamps/m.html?_ipg=100&amp;_dmd=2&amp;_sop=1" target="_blank"><div class="csgDetails"><span class="csgPrice"></span><br><span class="csgEndTime"></span></div></a></div></div><div class="csgSlide"><div class="csgListing"><a href="https://www.ebay.ca/sch/misustamps/m.html?_ipg=100&amp;_dmd=2&amp;_sop=1" target="_blank"><div class="csgDetails"><span class="csgPrice"></span><br><span class="csgEndTime"></span></div></a></div></div><div class="csgSlide"><div class="csgListing"><a href="https://www.ebay.ca/sch/misustamps/m.html?_ipg=100&amp;_dmd=2&amp;_sop=1" target="_blank"><div class="csgDetails"><span class="csgPrice"></span><br><span class="csgEndTime"></span></div></a></div></div><div class="csgSlide"><div class="csgListing"><a href="https://www.ebay.ca/sch/misustamps/m.html?_ipg=100&amp;_dmd=2&amp;_sop=1" target="_blank"><div class="csgDetails"><span class="csgPrice"></span><br><span class="csgEndTime"></span></div></a></div></div><div class="csgSlide"><div class="csgListing"><a href="https://www.ebay.ca/sch/misustamps/m.html?_ipg=100&amp;_dmd=2&amp;_sop=1" target="_blank"><div class="csgDetails"><span class="csgPrice"></span><br><span class="csgEndTime"></span></div></a></div></div><div class="csgSlide"><div class="csgListing"><a href="https://www.ebay.ca/sch/misustamps/m.html?_ipg=100&amp;_dmd=2&amp;_sop=1" target="_blank"><div class="csgDetails"><span class="csgPrice"></span><br><span class="csgEndTime"></span></div></a></div></div><div class="csgSlide"><div class="csgListing"><a href="https://www.ebay.ca/sch/misustamps/m.html?_ipg=100&amp;_dmd=2&amp;_sop=1" target="_blank"><div class="csgDetails"><span class="csgPrice"></span><br><span class="csgEndTime"></span></div></a></div></div><div class="csgSlide"><div class="csgListing"><a href="https://www.ebay.ca/sch/misustamps/m.html?_ipg=100&amp;_dmd=2&amp;_sop=1" target="_blank"><div class="csgDetails"><span class="csgPrice"></span><br><span class="csgEndTime"></span></div></a></div></div><div class="csgSlide"><div class="csgListing"><a href="https://www.ebay.ca/sch/misustamps/m.html?_ipg=100&amp;_dmd=2&amp;_sop=1" target="_blank"><div class="csgDetails"><span class="csgPrice"></span><br><span class="csgEndTime"></span></div></a></div></div><div class="csgSlide"><div class="csgListing"><a href="https://www.ebay.ca/sch/misustamps/m.html?_ipg=100&amp;_dmd=2&amp;_sop=1" target="_blank"><div class="csgDetails"><span class="csgPrice"></span><br><span class="csgEndTime"></span></div></a></div></div><div class="csgSlide"><div class="csgListing"><a href="https://www.ebay.ca/sch/misustamps/m.html?_ipg=100&amp;_dmd=2&amp;_sop=1" target="_blank"><div class="csgDetails"><span class="csgPrice"></span><br><span class="csgEndTime"></span></div></a></div></div><div class="csgSlide"><div class="csgListing"><a href="https://www.ebay.ca/sch/misustamps/m.html?_ipg=100&amp;_dmd=2&amp;_sop=1" target="_blank"><div class="csgDetails"><span class="csgPrice"></span><br><span class="csgEndTime"></span></div></a></div></div><div class="csgSlide"><div class="csgListing"><a href="https://www.ebay.ca/sch/misustamps/m.html?_ipg=100&amp;_dmd=2&amp;_sop=1" target="_blank"><div class="csgDetails"><span class="csgPrice"></span><br><span class="csgEndTime"></span></div></a></div></div><div class="csgSlide"><div class="csgListing"><a href="https://www.ebay.ca/sch/misustamps/m.html?_ipg=100&amp;_dmd=2&amp;_sop=1" target="_blank"><div class="csgDetails"><span class="csgPrice"></span><br><span class="csgEndTime"></span></div></a></div></div><div class="csgSlide"><div class="csgListing"><a href="https://www.ebay.ca/sch/misustamps/m.html?_ipg=100&amp;_dmd=2&amp;_sop=1" target="_blank"><div class="csgDetails"><span class="csgPrice"></span><br><span class="csgEndTime"></span></div></a></div></div><div class="csgSlide"><div class="csgListing"><a href="https://www.ebay.ca/sch/misustamps/m.html?_ipg=100&amp;_dmd=2&amp;_sop=1" target="_blank"><div class="csgDetails"><span class="csgPrice"></span><br><span class="csgEndTime"></span></div></a></div></div><div class="csgSlide"><div class="csgListing"><a href="https://www.ebay.ca/sch/misustamps/m.html?_ipg=100&amp;_dmd=2&amp;_sop=1" target="_blank"><div class="csgDetails"><span class="csgPrice"></span><br><span class="csgEndTime"></span></div></a></div></div><div class="csgSlide"><div class="csgListing"><a href="https://www.ebay.ca/sch/misustamps/m.html?_ipg=100&amp;_dmd=2&amp;_sop=1" target="_blank"><div class="csgDetails"><span class="csgPrice"></span><br><span class="csgEndTime"></span></div></a></div></div><div class="csgSlide"><div class="csgListing"><a href="https://www.ebay.ca/sch/misustamps/m.html?_ipg=100&amp;_dmd=2&amp;_sop=1" target="_blank"><div class="csgDetails"><span class="csgPrice"></span><br><span class="csgEndTime"></span></div></a></div></div><div class="csgSlide"><div class="csgListing"><a href="https://www.ebay.ca/sch/misustamps/m.html?_ipg=100&amp;_dmd=2&amp;_sop=1" target="_blank"><div class="csgDetails"><span class="csgPrice"></span><br><span class="csgEndTime"></span></div></a></div></div><div class="csgSlide"><div class="csgListing"><a href="https://www.ebay.ca/sch/misustamps/m.html?_ipg=100&amp;_dmd=2&amp;_sop=1" target="_blank"><div class="csgDetails"><span class="csgPrice"></span><br><span class="csgEndTime"></span></div></a></div></div><div class="csgSlide"><div class="csgListing"><a href="https://www.ebay.ca/sch/misustamps/m.html?_ipg=100&amp;_dmd=2&amp;_sop=1" target="_blank"><div class="csgDetails"><span class="csgPrice"></span><br><span class="csgEndTime"></span></div></a></div></div><div class="csgSlide"><div class="csgListing"><a href="https://www.ebay.ca/sch/misustamps/m.html?_ipg=100&amp;_dmd=2&amp;_sop=1" target="_blank"><div class="csgDetails"><span class="csgPrice"></span><br><span class="csgEndTime"></span></div></a></div></div><div class="csgSlide"><div class="csgListing"><a href="https://www.ebay.ca/sch/misustamps/m.html?_ipg=100&amp;_dmd=2&amp;_sop=1" target="_blank"><div class="csgDetails"><span class="csgPrice"></span><br><span class="csgEndTime"></span></div></a></div></div><div class="csgSlide"><div class="csgListing"><a href="https://www.ebay.ca/sch/misustamps/m.html?_ipg=100&amp;_dmd=2&amp;_sop=1" target="_blank"><div class="csgDetails"><span class="csgPrice"></span><br><span class="csgEndTime"></span></div></a></div></div><div class="csgSlide"><div class="csgListing"><a href="https://www.ebay.ca/sch/misustamps/m.html?_ipg=100&amp;_dmd=2&amp;_sop=1" target="_blank"><div class="csgDetails"><span class="csgPrice"></span><br><span class="csgEndTime"></span></div></a></div></div><div class="csgSlide"><div class="csgListing"><a href="https://www.ebay.ca/sch/misustamps/m.html?_ipg=100&amp;_dmd=2&amp;_sop=1" target="_blank"><div class="csgDetails"><span class="csgPrice"></span><br><span class="csgEndTime"></span></div></a></div></div><div class="csgSlide"><div class="csgListing"><a href="https://www.ebay.ca/sch/misustamps/m.html?_ipg=100&amp;_dmd=2&amp;_sop=1" target="_blank"><div class="csgDetails"><span class="csgPrice"></span><br><span class="csgEndTime"></span></div></a></div></div><div class="csgSlide"><div class="csgListing"><a href="https://www.ebay.ca/sch/misustamps/m.html?_ipg=100&amp;_dmd=2&amp;_sop=1" target="_blank"><div class="csgDetails"><span class="csgPrice"></span><br><span class="csgEndTime"></span></div></a></div></div><div class="csgSlide"><div class="csgListing"><a href="https://www.ebay.ca/sch/misustamps/m.html?_ipg=100&amp;_dmd=2&amp;_sop=1" target="_blank"><div class="csgDetails"><span class="csgPrice"></span><br><span class="csgEndTime"></span></div></a></div></div><div class="csgSlide"><div class="csgListing"><a href="https://www.ebay.ca/sch/misustamps/m.html?_ipg=100&amp;_dmd=2&amp;_sop=1" target="_blank"><div class="csgDetails"><span class="csgPrice"></span><br><span class="csgEndTime"></span></div></a></div></div><div class="csgSlide"><div class="csgListing"><a href="https://www.ebay.ca/sch/misustamps/m.html?_ipg=100&amp;_dmd=2&amp;_sop=1" target="_blank"><div class="csgDetails"><span class="csgPrice"></span><br><span class="csgEndTime"></span></div></a></div></div><div class="csgSlide"><div class="csgListing"><a href="https://www.ebay.ca/sch/misustamps/m.html?_ipg=100&amp;_dmd=2&amp;_sop=1" target="_blank"><div class="csgDetails"><span class="csgPrice"></span><br><span class="csgEndTime"></span></div></a></div></div><div class="csgSlide"><div class="csgListing"><a href="https://www.ebay.ca/sch/misustamps/m.html?_ipg=100&amp;_dmd=2&amp;_sop=1" target="_blank"><div class="csgDetails"><span class="csgPrice"></span><br><span class="csgEndTime"></span></div></a></div></div><div class="csgSlide"><div class="csgListing"><a href="https://www.ebay.ca/sch/misustamps/m.html?_ipg=100&amp;_dmd=2&amp;_sop=1" target="_blank"><div class="csgDetails"><span class="csgPrice"></span><br><span class="csgEndTime"></span></div></a></div></div><div class="csgSlide"><div class="csgListing"><a href="https://www.ebay.ca/sch/misustamps/m.html?_ipg=100&amp;_dmd=2&amp;_sop=1" target="_blank"><div class="csgDetails"><span class="csgPrice"></span><br><span class="csgEndTime"></span></div></a></div></div><div class="csgSlide"><div class="csgListing"><a href="https://www.ebay.ca/sch/misustamps/m.html?_ipg=100&amp;_dmd=2&amp;_sop=1" target="_blank"><div class="csgDetails"><span class="csgPrice"></span><br><span class="csgEndTime"></span></div></a></div></div><div class="csgSlide"><div class="csgListing"><a href="https://www.ebay.ca/sch/misustamps/m.html?_ipg=100&amp;_dmd=2&amp;_sop=1" target="_blank"><div class="csgDetails"><span class="csgPrice"></span><br><span class="csgEndTime"></span></div></a></div></div></div></div></div></div><div id="csgFooter" class="csgFrame"><div id="csgFooterLeft" class="csgLeft"><label id="csgFLScrollingLabel" for="csgScrollingCheckbox_845"></label><label id="csgFLSingleRowLabel" for="csgSingleRowCheckbox_845"></label><span id="csgFLLogo" class="csgLogo"></span></div><div id="csgFooterCenter" class="csgCenter"><label id="csgFCScrollingLabel" for="csgScrollingCheckbox_845"></label><span id="csgFCLogo" class="csgLogo"></span></div><div id="csgFooterRight" class="csgRight"><label id="csgFRScrollingLabel" for="csgScrollingCheckbox_845"></label><label id="csgFRSingleRowLabel" for="csgSingleRowCheckbox_845"></label><span id="csgFRLogo" class="csgLogo"></span></div></div></div><div id="csgPlatformLinkDiv"><span id="csgPlatformLeftImg"></span><a href="https://pages.ebay.com/seller-center/listing/listing-advanced-sellers/third-party-listing-tools.html#auctiva" target="_blank"><span id="csgPlatformText1"></span><br><span id="csgPlatformText2"></span></a><span id="csgPlatformRightImg"></span></div></div></div> <!--CSG INDICATOR END--> <font rwr="1" style="font-family:Arial" size="4"><font rwr="1" style="font-family:Arial" size="4"><font rwr="1" style="font-family:Arial" size="4"><font rwr="1" style="font-family:Arial" size="4"><font style="font-family:Arial" size="4"><font style="font-family:Arial" size="4"><font style="font-family:Arial" size="4"><font style="font-family:Arial" size="4"><font style="font-family:Arial" size="4"><font size="5"><b>1976 DARK SHADOWS #35 VF GOLD KEY COMICS FREE BAG/BOARD<br><br></b></font></font></font></font></font></font></font></font></font></font></font></font></font></font></font></font></font></font></font></font></font></font></font>

















<p class="MsoNormal"><b style="mso-bidi-font-weight:normal"><span style="font-size:14.0pt;mso-bidi-font-size:10.0pt;font-family:Symbol;
mso-ascii-font-family:Times">·</span></b><b style="mso-bidi-font-weight:normal"><span style="font-size:14.0pt;mso-bidi-font-size:10.0pt;font-family:Times"> NM Near
Mint </span></b></p>

<p class="MsoNormal"><b style="mso-bidi-font-weight:normal"><span style="font-size:14.0pt;mso-bidi-font-size:10.0pt;font-family:Symbol;
mso-ascii-font-family:Times">·</span></b><b style="mso-bidi-font-weight:normal"><span style="font-size:14.0pt;mso-bidi-font-size:10.0pt;font-family:Times"> VF Very
Fine </span></b></p>

<p class="MsoNormal"><b style="mso-bidi-font-weight:normal"><span style="font-size:14.0pt;mso-bidi-font-size:10.0pt;font-family:Symbol;
mso-ascii-font-family:Times">·</span></b><b style="mso-bidi-font-weight:normal"><span style="font-size:14.0pt;mso-bidi-font-size:10.0pt;font-family:Times"> FN Fine </span></b></p>

<p class="MsoNormal"><b style="mso-bidi-font-weight:normal"><span style="font-size:14.0pt;mso-bidi-font-size:10.0pt;font-family:Symbol;
mso-ascii-font-family:Times">·</span></b><b style="mso-bidi-font-weight:normal"><span style="font-size:14.0pt;mso-bidi-font-size:10.0pt;font-family:Times"> VG Very
Good </span></b></p>

<p class="MsoNormal"><b style="mso-bidi-font-weight:normal"><span style="font-size:14.0pt;mso-bidi-font-size:10.0pt;font-family:Symbol;
mso-ascii-font-family:Times">·</span></b><b style="mso-bidi-font-weight:normal"><span style="font-size:14.0pt;mso-bidi-font-size:10.0pt;font-family:Times"> GD Good </span></b></p>

<p class="MsoNormal" style="margin-top:.1pt;margin-right:0cm;margin-bottom:.1pt;
margin-left:0cm;mso-para-margin-top:.01gd;mso-para-margin-right:0cm;mso-para-margin-bottom:
.01gd;mso-para-margin-left:0cm"><b style="mso-bidi-font-weight:normal"><span style="font-size:14.0pt;mso-bidi-font-size:10.0pt;font-family:Symbol;
mso-ascii-font-family:Times">·</span></b><b style="mso-bidi-font-weight:normal"><span style="font-size:14.0pt;mso-bidi-font-size:10.0pt;font-family:Times"> FR Fair</span></b></p>

<p class="MsoNormal" style="margin-top:.1pt;margin-right:0cm;margin-bottom:.1pt;
margin-left:0cm;mso-para-margin-top:.01gd;mso-para-margin-right:0cm;mso-para-margin-bottom:
.01gd;mso-para-margin-left:0cm"><b style="mso-bidi-font-weight:normal"><span style="font-size:14.0pt;mso-bidi-font-size:18.0pt;font-family:Times"><br>
</span></b><b style="mso-bidi-font-weight:normal"><span style="font-size:14.0pt;
font-family:Times;mso-bidi-font-family:&quot;Times New Roman&quot;">I’m </span></b><span style="font-size:14.0pt;font-family:Times;mso-bidi-font-family:&quot;Times New Roman&quot;">not
an expert to grade the comics; I will try the best of my knowledge to properly
describe them. If the item has major damages or failures I will write that in
my description. Please make sure you see all my pictures. </span><span style="font-size:10.0pt;font-family:Times;mso-bidi-font-family:&quot;Times New Roman&quot;"></span></p>

<p class="MsoNormal" style="margin-top:.1pt;margin-right:0cm;margin-bottom:.1pt;
margin-left:0cm;mso-para-margin-top:.01gd;mso-para-margin-right:0cm;mso-para-margin-bottom:
.01gd;mso-para-margin-left:0cm"><b style="mso-bidi-font-weight:normal"><span style="font-size:14.0pt;font-family:Times;mso-bidi-font-family:&quot;Times New Roman&quot;">You
will</span></b><span style="font-size:14.0pt;font-family:Times;mso-bidi-font-family:
&quot;Times New Roman&quot;"> receive<b style="mso-bidi-font-weight:normal"> exactly </b>what
you see in the photo/s. </span><span style="font-size:10.0pt;font-family:Times;
mso-bidi-font-family:&quot;Times New Roman&quot;"></span></p>

<p class="MsoNormal"><span style="font-size:14.0pt;font-family:Times;mso-bidi-font-family:
&quot;Times New Roman&quot;">So, please take a careful look at all photos, as they are
part of the description.&nbsp;</span><span style="font-size:10.0pt;font-family:
Times;mso-bidi-font-family:&quot;Times New Roman&quot;"></span></p>

<p class="MsoNormal"><b style="mso-bidi-font-weight:normal"><span style="font-size:14.0pt;font-family:Times;mso-bidi-font-family:&quot;Times New Roman&quot;">If</span></b><span style="font-size:14.0pt;font-family:Times;mso-bidi-font-family:&quot;Times New Roman&quot;">
<b style="mso-bidi-font-weight:normal">you</b>&nbsp;have any question, contact
us before bidding or buying.</span><span style="font-size:10.0pt;font-family:
Times;mso-bidi-font-family:&quot;Times New Roman&quot;"></span></p>

<p class="MsoNormal"><b style="mso-bidi-font-weight:normal"><span style="font-size:14.0pt;font-family:Times;mso-bidi-font-family:&quot;Times New Roman&quot;;
mso-font-kerning:18.0pt">Please&nbsp;</span></b><span style="font-size:14.0pt;
font-family:Times;mso-bidi-font-family:&quot;Times New Roman&quot;;mso-font-kerning:18.0pt">DO&nbsp;NOT&nbsp;sends
payment before we send you the invoice.</span><span style="font-size:10.0pt;
font-family:Times;mso-bidi-font-family:&quot;Times New Roman&quot;"></span></p>

<p class="MsoNormal" style="mso-outline-level:1"><b style="mso-bidi-font-weight:
normal"><span style="font-size:14.0pt;font-family:Times;mso-bidi-font-family:
&quot;Times New Roman&quot;;mso-font-kerning:18.0pt">We will</span></b><span style="font-size:14.0pt;font-family:Times;mso-bidi-font-family:&quot;Times New Roman&quot;;
mso-font-kerning:18.0pt"> ship out the item/s within 24 hours after the payment
is received and clear.</span><span style="font-size:10.0pt;font-family:Times;
mso-bidi-font-family:&quot;Times New Roman&quot;"></span></p>

<p class="MsoNormal" style="mso-outline-level:1"><span style="font-size:14.0pt;
font-family:Times;mso-bidi-font-family:&quot;Times New Roman&quot;">&nbsp;</span><span style="font-size:10.0pt;font-family:Times;mso-bidi-font-family:&quot;Times New Roman&quot;"></span></p>

<p class="MsoNormal"><b style="mso-bidi-font-weight:normal"><span style="font-size:14.0pt;font-family:Times;mso-bidi-font-family:&quot;Times New Roman&quot;">Individual</span></b><span style="font-size:14.0pt;font-family:Times;mso-bidi-font-family:&quot;Times New Roman&quot;">
comics come bagged with a backboard.</span><span style="font-size:10.0pt;
font-family:Times;mso-bidi-font-family:&quot;Times New Roman&quot;"></span></p>

<p class="MsoNormal" style="margin-top:.1pt;margin-right:0cm;margin-bottom:.1pt;
margin-left:0cm;mso-para-margin-top:.01gd;mso-para-margin-right:0cm;mso-para-margin-bottom:
.01gd;mso-para-margin-left:0cm;mso-outline-level:1"><b style="mso-bidi-font-weight:
normal"><span style="font-size:14.0pt;font-family:Times;mso-bidi-font-family:
&quot;Times New Roman&quot;">I will</span></b><span style="font-size:14.0pt;font-family:
Times;mso-bidi-font-family:&quot;Times New Roman&quot;"> combine shipping on multiple
items. </span><span style="font-size:10.0pt;font-family:Times;mso-bidi-font-family:
&quot;Times New Roman&quot;"></span></p>

<p class="MsoNormal"><b style="mso-bidi-font-weight:normal"><span style="font-size:14.0pt;font-family:Times;mso-bidi-font-family:&quot;Times New Roman&quot;">These
prices</span></b><span style="font-size:14.0pt;font-family:Times;mso-bidi-font-family:
&quot;Times New Roman&quot;"> are for regular comic book</span><span style="font-size:
10.0pt;font-family:Times;mso-bidi-font-family:&quot;Times New Roman&quot;"></span></p>

<p class="MsoNormal"><span style="font-size:10.0pt;font-family:Times;mso-bidi-font-family:
&quot;Times New Roman&quot;">&nbsp;</span></p>

<p class="MsoNormal"><b style="mso-bidi-font-weight:normal"><span style="font-size:14.0pt;font-family:Times;mso-bidi-font-family:&quot;Times New Roman&quot;">Combined
Shipping (Canada)</span></b><span style="font-size:10.0pt;font-family:Times;
mso-bidi-font-family:&quot;Times New Roman&quot;"></span></p>

<p class="MsoNormal"><span style="font-size:14.0pt;font-family:Times;mso-bidi-font-family:
&quot;Times New Roman&quot;">1-2 Comics - $4</span><span style="font-size:10.0pt;
font-family:Times;mso-bidi-font-family:&quot;Times New Roman&quot;"></span></p>

<p class="MsoNormal"><span style="font-size:14.0pt;font-family:Times;mso-bidi-font-family:
&quot;Times New Roman&quot;">3-4 Comics - $7</span><span style="font-size:10.0pt;
font-family:Times;mso-bidi-font-family:&quot;Times New Roman&quot;"></span></p>

<p class="MsoNormal"><span style="font-size:14.0pt;font-family:Times;mso-bidi-font-family:
&quot;Times New Roman&quot;">5+ comics – parcel - Request quote please</span><span style="font-size:10.0pt;font-family:Times;mso-bidi-font-family:&quot;Times New Roman&quot;"></span></p>

<p class="MsoNormal"><span style="font-size:14.0pt;font-family:Times;mso-bidi-font-family:
&quot;Times New Roman&quot;">&nbsp;</span><span style="font-size:10.0pt;font-family:Times;
mso-bidi-font-family:&quot;Times New Roman&quot;"></span></p>

<p class="MsoNormal"><b style="mso-bidi-font-weight:normal"><span style="font-size:14.0pt;font-family:Times;mso-bidi-font-family:&quot;Times New Roman&quot;">Combined
Shipping (Continental&nbsp;USA)</span></b><span style="font-size:10.0pt;
font-family:Times;mso-bidi-font-family:&quot;Times New Roman&quot;"></span></p>

<p class="MsoNormal"><span style="font-size:14.0pt;font-family:Times;mso-bidi-font-family:
&quot;Times New Roman&quot;">1-2 Comics - $8</span><span style="font-size:10.0pt;
font-family:Times;mso-bidi-font-family:&quot;Times New Roman&quot;"></span></p>

<p class="MsoNormal"><span style="font-size:14.0pt;font-family:Times;mso-bidi-font-family:
&quot;Times New Roman&quot;">3-4 Comics - $10 </span><span style="font-size:10.0pt;
font-family:Times;mso-bidi-font-family:&quot;Times New Roman&quot;"></span></p>

<p class="MsoNormal"><span style="font-size:14.0pt;font-family:Times;mso-bidi-font-family:
&quot;Times New Roman&quot;">5+ comics – parcel - Request quote please</span><span style="font-size:10.0pt;font-family:Times;mso-bidi-font-family:&quot;Times New Roman&quot;"></span></p>

<p class="MsoNormal"><span style="font-size:10.0pt;font-family:Times;mso-bidi-font-family:
&quot;Times New Roman&quot;">&nbsp;</span></p>

<p class="MsoNormal"><b style="mso-bidi-font-weight:normal"><span style="font-size:14.0pt;font-family:Times;mso-bidi-font-family:&quot;Times New Roman&quot;">Combined
Shipping (International)</span></b><span style="font-size:10.0pt;font-family:
Times;mso-bidi-font-family:&quot;Times New Roman&quot;"></span></p>

<p class="MsoNormal"><span style="font-size:14.0pt;font-family:Times;mso-bidi-font-family:
&quot;Times New Roman&quot;">1 Comic - $14</span><span style="font-size:10.0pt;
font-family:Times;mso-bidi-font-family:&quot;Times New Roman&quot;"></span></p>

<p class="MsoNormal"><span style="font-size:14.0pt;font-family:Times;mso-bidi-font-family:
&quot;Times New Roman&quot;">2-3 Comics - $25</span><span style="font-size:10.0pt;
font-family:Times;mso-bidi-font-family:&quot;Times New Roman&quot;"></span></p>

<p class="MsoNormal"><span style="font-size:14.0pt;font-family:Times;mso-bidi-font-family:
&quot;Times New Roman&quot;">4+ comics – parcel - Request quote please</span><span style="font-size:10.0pt;font-family:Times;mso-bidi-font-family:&quot;Times New Roman&quot;"></span></p>

<p class="MsoNormal" style="margin-top:.1pt;margin-right:0cm;margin-bottom:.1pt;
margin-left:0cm;mso-para-margin-top:.01gd;mso-para-margin-right:0cm;mso-para-margin-bottom:
.01gd;mso-para-margin-left:0cm"><b style="mso-bidi-font-weight:normal"><span style="font-size:13.5pt;font-family:Times;mso-bidi-font-family:&quot;Times New Roman&quot;">&nbsp;</span></b><span style="font-size:10.0pt;font-family:Times;mso-bidi-font-family:&quot;Times New Roman&quot;"></span></p>

<p class="MsoNormal" style="margin-top:.1pt;margin-right:0cm;margin-bottom:.1pt;
margin-left:0cm;mso-para-margin-top:.01gd;mso-para-margin-right:0cm;mso-para-margin-bottom:
.01gd;mso-para-margin-left:0cm;mso-outline-level:2"><b style="mso-bidi-font-weight:
normal"><span style="font-size:14.0pt;font-family:Times;mso-bidi-font-family:
&quot;Times New Roman&quot;">Returns policy:</span></b><span style="font-size:10.0pt;
font-family:Times;mso-bidi-font-family:&quot;Times New Roman&quot;"></span></p>

<p class="MsoNormal" style="margin-top:.1pt;margin-right:0cm;margin-bottom:.1pt;
margin-left:0cm;mso-para-margin-top:.01gd;mso-para-margin-right:0cm;mso-para-margin-bottom:
.01gd;mso-para-margin-left:0cm;mso-outline-level:2"><b style="mso-bidi-font-weight:
normal"><span style="font-size:14.0pt;font-family:Times;mso-bidi-font-family:
&quot;Times New Roman&quot;">&nbsp;</span></b><span style="font-size:10.0pt;font-family:
Times;mso-bidi-font-family:&quot;Times New Roman&quot;"></span></p>

<p class="MsoNormal" style="margin-top:.1pt;margin-right:0cm;margin-bottom:.1pt;
margin-left:0cm;mso-para-margin-top:.01gd;mso-para-margin-right:0cm;mso-para-margin-bottom:
.01gd;mso-para-margin-left:0cm;mso-outline-level:2"><b style="mso-bidi-font-weight:
normal"><span style="font-size:14.0pt;font-family:Times;mso-bidi-font-family:
&quot;Times New Roman&quot;">Refunds</span></b><span style="font-size:14.0pt;font-family:
Times;mso-bidi-font-family:&quot;Times New Roman&quot;"> must be within 14 days of
receipt. Buyer pays return shipping cost.</span><span style="font-size:10.0pt;
font-family:Times;mso-bidi-font-family:&quot;Times New Roman&quot;"></span></p>

<p class="MsoNormal"><b style="mso-bidi-font-weight:normal"><span style="font-size:14.0pt;font-family:Times;mso-bidi-font-family:&quot;Times New Roman&quot;">Items</span></b><span style="font-size:14.0pt;font-family:Times;mso-bidi-font-family:&quot;Times New Roman&quot;">
will be considered for return, only if they have been grossly misdescribed.</span><span style="font-size:10.0pt;font-family:Times;mso-bidi-font-family:&quot;Times New Roman&quot;"></span></p>

<p class="MsoNormal"><b style="mso-bidi-font-weight:normal"><span style="font-size:14.0pt;font-family:Times;mso-bidi-font-family:&quot;Times New Roman&quot;">All</span></b><span style="font-size:14.0pt;font-family:Times;mso-bidi-font-family:&quot;Times New Roman&quot;">
our items are properly described to the best of our knowledge and very
carefully packed. We will not be held responsible for shipping damages.</span><span style="font-size:10.0pt;font-family:Times;mso-bidi-font-family:&quot;Times New Roman&quot;"></span></p>

<p class="MsoNormal"><b style="mso-bidi-font-weight:normal"><span style="font-size:14.0pt;font-family:Times;mso-bidi-font-family:&quot;Times New Roman&quot;">If</span></b><span style="font-size:14.0pt;font-family:Times;mso-bidi-font-family:&quot;Times New Roman&quot;">
for any reason the item is to be returned the buyer must obtain authorization
from the seller before returning goods.</span><span style="font-size:10.0pt;
font-family:Times;mso-bidi-font-family:&quot;Times New Roman&quot;"></span></p>

<p class="MsoNormal"><span style="font-size:14.0pt;font-family:Times;mso-bidi-font-family:
&quot;Times New Roman&quot;">&nbsp;</span><span style="font-size:10.0pt;font-family:Times;
mso-bidi-font-family:&quot;Times New Roman&quot;"></span></p>

<p class="MsoNormal" style="mso-outline-level:1"><b style="mso-bidi-font-weight:
normal"><span style="font-size:14.0pt;font-family:Times;mso-bidi-font-family:
&quot;Times New Roman&quot;;mso-font-kerning:18.0pt">Please </span></b><span style="font-size:14.0pt;font-family:Times;mso-bidi-font-family:&quot;Times New Roman&quot;;
mso-font-kerning:18.0pt">check out our other items for sale.</span><span style="font-size:10.0pt;font-family:Times;mso-bidi-font-family:&quot;Times New Roman&quot;"></span></p>

<p class="MsoNormal" style="mso-outline-level:1"><b style="mso-bidi-font-weight:
normal"><span style="font-size:14.0pt;font-family:Times;mso-bidi-font-family:
&quot;Times New Roman&quot;;mso-font-kerning:18.0pt">For </span></b><span style="font-size:14.0pt;font-family:Times;mso-bidi-font-family:&quot;Times New Roman&quot;;
mso-font-kerning:18.0pt">more details about items listed, please contact us.</span><span style="font-size:10.0pt;font-family:Times;mso-bidi-font-family:&quot;Times New Roman&quot;"></span></p>

<p class="MsoNormal" style="mso-outline-level:1"><b style="mso-bidi-font-weight:
normal"><span style="font-size:14.0pt;font-family:Times;mso-bidi-font-family:
&quot;Times New Roman&quot;">Thank you</span></b><span style="font-size:14.0pt;
font-family:Times;mso-bidi-font-family:&quot;Times New Roman&quot;"> for your visit on
our site</span><span style="font-size:10.0pt;font-family:Times;mso-bidi-font-family:
&quot;Times New Roman&quot;"></span></p>

<p class="MsoNormal"><span style="font-size:14.0pt;font-family:Times;mso-bidi-font-family:
&quot;Times New Roman&quot;">&nbsp;</span><span style="font-size:10.0pt;font-family:Times;
mso-bidi-font-family:&quot;Times New Roman&quot;"></span></p>

<p class="MsoNormal" style="mso-outline-level:1"><span style="font-size:18.5pt;
font-family:Times;mso-bidi-font-family:&quot;Times New Roman&quot;">&nbsp;</span><span style="font-size:10.0pt;font-family:Times;mso-bidi-font-family:&quot;Times New Roman&quot;"></span></p>

<p class="MsoNormal" style="mso-outline-level:1"><b style="mso-bidi-font-weight:
normal"><span style="font-size:14.0pt;font-family:Times;mso-bidi-font-family:
&quot;Times New Roman&quot;;color:red">In attention of all our Customers: </span></b><span style="font-size:10.0pt;font-family:Times;mso-bidi-font-family:&quot;Times New Roman&quot;"></span></p>

<p class="MsoNormal" style="mso-outline-level:1"><b style="mso-bidi-font-weight:
normal"><span style="font-size:14.0pt;font-family:Times;mso-bidi-font-family:
&quot;Times New Roman&quot;;color:#FB0010;mso-font-kerning:18.0pt">We appreciate your
feedback if you decide to make a purchase from us.</span></b><span style="font-size:10.0pt;font-family:Times;mso-bidi-font-family:&quot;Times New Roman&quot;"></span></p>

<p class="MsoNormal" style="mso-outline-level:1"><b style="mso-bidi-font-weight:
normal"><span style="font-size:14.0pt;font-family:Times;mso-bidi-font-family:
&quot;Times New Roman&quot;;color:#FB0010;mso-font-kerning:18.0pt">&nbsp;</span></b><span style="font-size:10.0pt;font-family:Times;mso-bidi-font-family:&quot;Times New Roman&quot;"></span></p>

<p class="MsoNormal" style="mso-outline-level:1"><b style="mso-bidi-font-weight:
normal"><span style="font-size:16.0pt;font-family:Times;mso-bidi-font-family:
&quot;Times New Roman&quot;;color:red">We Sale &amp; Buy Comics</span></b><span style="font-size:10.0pt;font-family:Times;mso-bidi-font-family:&quot;Times New Roman&quot;"></span></p>





<style>
<!--
 /* Font Definitions */
@font-face
	{font-family:Times;
	panose-1:2 0 5 0 0 0 0 0 0 0;
	mso-font-charset:0;
	mso-generic-font-family:auto;
	mso-font-pitch:variable;
	mso-font-signature:3 0 0 0 1 0;}
@font-face
	{font-family:Cambria;
	panose-1:2 4 5 3 5 4 6 3 2 4;
	mso-font-charset:0;
	mso-generic-font-family:auto;
	mso-font-pitch:variable;
	mso-font-signature:3 0 0 0 1 0;}
 /* Style Definitions */
p.MsoNormal, li.MsoNormal, div.MsoNormal
	{mso-style-parent:"";
	margin:0cm;
	margin-bottom:.0001pt;
	mso-pagination:widow-orphan;
	font-size:12.0pt;
	font-family:"Times New Roman";
	mso-ascii-font-family:Cambria;
	mso-ascii-theme-font:minor-latin;
	mso-fareast-font-family:Cambria;
	mso-fareast-theme-font:minor-latin;
	mso-hansi-font-family:Cambria;
	mso-hansi-theme-font:minor-latin;
	mso-bidi-font-family:"Times New Roman";
	mso-bidi-theme-font:minor-bidi;}
@page Section1
	{size:612.0pt 792.0pt;
	margin:72.0pt 90.0pt 72.0pt 90.0pt;
	mso-header-margin:36.0pt;
	mso-footer-margin:36.0pt;
	mso-paper-source:0;}
div.Section1
	{page:Section1;}
-->
</style><font rwr="1" style="font-family:Arial" size="4"><style><!--  /* Font Definitions */ @font-face 	{font-family:Times; 	panose-1:2 0 5 0 0 0 0 0 0 0; 	mso-font-charset:0; 	mso-generic-font-family:auto; 	mso-font-pitch:variable; 	mso-font-signature:3 0 0 0 1 0;} @font-face 	{font-family:Cambria; 	panose-1:2 4 5 3 5 4 6 3 2 4; 	mso-font-charset:0; 	mso-generic-font-family:auto; 	mso-font-pitch:variable; 	mso-font-signature:3 0 0 0 1 0;}  /* Style Definitions */ p.MsoNormal, li.MsoNormal, div.MsoNormal 	{mso-style-parent:""; 	margin:0cm; 	margin-bottom:.0001pt; 	mso-pagination:widow-orphan; 	font-size:12.0pt; 	font-family:"Times New Roman"; 	mso-ascii-font-family:Cambria; 	mso-ascii-theme-font:minor-latin; 	mso-fareast-font-family:Cambria; 	mso-fareast-theme-font:minor-latin; 	mso-hansi-font-family:Cambria; 	mso-hansi-theme-font:minor-latin; 	mso-bidi-font-family:"Times New Roman"; 	mso-bidi-theme-font:minor-bidi;} @page Section1 	{size:612.0pt 792.0pt; 	margin:72.0pt 90.0pt 72.0pt 1.0cm; 	mso-header-margin:35.4pt; 	mso-footer-margin:35.4pt; 	mso-paper-source:0;} div.Section1 	{page:Section1;} --> </style></font></font></font></font></font><!-- Begin: AuctivaCounter --><style type="text/css">.aucCounter a { text-decoration:none; }.aucCounter span:hover { text-decoration:underline; }.aucHiddenCounter { display:none; }.aucCounterOrangeText { color:#FB6D05; font-family:Arial; Font-size:13px; Font-weight:bold; }.aucCounterBlueText { color:#0068ac; Font-family:Arial; Font-size:11px; }</style> <div class="aucCounter" align="center"><img src="https://counters.auctiva.com/aucount/312140690732?s=y" title="Start Your 30-Day Free Trial Now"><br><a href="https://pages.ebay.com/seller-center/listing/listing-advanced-sellers/third-party-listing-tools.html#auctiva" target="_blank"><span class="aucCounterOrangeText">Track Page Views With</span><br><span class="aucCounterBlueText">Auctiva's FREE Counter</span></a></div><!-- End: AuctivaCounter --></font></font></font></font></font></font></font></font></font></font></font></font></font></font></font></font></font></font></font></font></font></font></font></font></font></font>
</DOC>
<DOC>
<DOCID>1700439</DOCID>
<CATEGORY>Collectibles > Science & Medicine (1930-Now) > Engineering > Slide Rules</CATEGORY>
<ORIGTITLE>Vintage Keuffel & Esser K&E Slide Rule & Leather Case & Templates Stencils!</ORIGTITLE>
<font rwr='1' size='4' style='font-family:Arial'><div style="text-align: center;"><b><font size="6">Vintage <i><font color="#fb0034">Keuffel &amp; Esser </font><font color="#ff0010">K&amp;E Slide Rule</font></i> <i><font color="#c4a621">&amp; Leather Case &amp; Templates </font></i>Stencils!</font></b></div><div style="text-align: center;"><b><font size="6"><br></font></b></div><div style="text-align: center;"><b><font size="6">&nbsp;These tools have been used and in great shape.&nbsp;</font></b></div><div style="text-align: center;"><b><font size="6">Please look at ALL pictures for other conditions.&nbsp;</font></b></div><div style="text-align: center;"><b><font size="6"><br></font></b></div><div style="text-align: center;"><b><font size="6" color="#006535"><i>If you have any questions please ask!</i></font></b></div></font>
</DOC>
<DOC>
<DOCID>1700452</DOCID>
<CATEGORY>Collectibles > Comics > Silver Age (1956-69) > Superhero > Superboy</CATEGORY>
<ORIGTITLE>Adventure Comics #261 VG Superboy, Green Arrow, Aquaman June 1959</ORIGTITLE>
<font rwr='1' size='4' style='font-family:Arial'><font rwr="1" size="4" style="font-family:Arial"><div style="font-family: Arial; font-size: large;"><font face="Verdana" size="6"><u><b>Comic Description:</b></u></font></div><div style="font-family: Arial; font-size: large;"><font face="Verdana" size="4"><br></font></div><div style=""><font face="Verdana" size="5"><b>Adventure Comics #261</b></font></div><div style="font-family: Arial; font-size: large;"><font face="Verdana" size="4"><br></font></div><div style="font-family: Arial; font-size: large;"><font face="Verdana" size="4">Estimated condition: Very Good</font></div><div style="font-family: Arial; font-size: large;"><font face="Verdana" size="4"><br></font></div><div style="font-family: Arial; font-size: large;"><font face="Verdana" size="4">Issue is complete unless noted.&nbsp; Please review the front and back pics as provided. If you would like additional photos please let me know. Also if there are specific questions regarding the condition, please let me know and I'll respond as soon as possible.&nbsp;&nbsp;</font></div><div style="font-family: Arial; font-size: large;"><font face="Verdana" size="4"><br></font></div><div style="font-family: Arial; font-size: large;"><font face="Verdana" size="4">The issue is individually bagged and boarded. The comic will be sandwiched between cardboard for protection during shipment. The comic is from a pet-free and smoke-free home.&nbsp;&nbsp;</font></div><div style="font-family: Arial; font-size: large;"><font face="Verdana" size="4"><br></font></div><div style="font-family: Arial; font-size: large;"><font face="Verdana" size="4">I currently have many more vintage comics for sale and will combine shipping charges for multiple wins.</font></div><div style="font-family: Arial; font-size: large;"><font face="Verdana" size="4"><br></font></div><div style="font-family: Arial; font-size: large;"><font face="Verdana" size="4">Thanks!!!</font></div></font></font>
</DOC>
<DOC>
<DOCID>1700455</DOCID>
<CATEGORY>Collectibles > Decorative Collectibles > Figurines > Angels</CATEGORY>
<ORIGTITLE>1990 Roman Inc. Heaven's Little Angels "Age 8" Growing Keepsake Angel Figurine</ORIGTITLE>
<font rwr="1" size="4" style="font-family:Arial"><meta name="viewport" content="width=device-width, initial-scale=1.0"><style>img{max-width:100%}</style><font rwr="1" size="4" style="font-family:Arial"><font size="4" style="font-family:Arial" rwr="1"><font size="4" style="font-family:Arial" rwr="1"><font size="4" style="font-family:Arial" rwr="1"><font size="4" style="font-family:Arial" rwr="1"><font size="4" style="font-family:Arial" rwr="1"><font size="4" style="font-family:Arial" rwr="1"><font size="4" style="font-family:Arial" rwr="1"><font size="4" style="font-family:Arial" rwr="1"><font size="4" style="font-family:Arial" rwr="1"><font size="4" style="font-family:Arial" rwr="1"><font size="4" style="font-family:Arial" rwr="1"><font size="4" style="font-family:Arial" rwr="1"><font size="4" style="font-family:Arial" rwr="1"><font size="4" style="font-family:Arial" rwr="1"><font size="4" style="font-family:Arial" rwr="1"><font size="4" style="font-family:Arial" rwr="1"><font size="4" style="font-family:Arial" rwr="1"><font size="4" style="font-family:Arial" rwr="1"><font size="4" style="font-family:Arial" rwr="1"><font size="4" style="font-family:Arial" rwr="1"><font size="4" style="font-family:Arial" rwr="1"><font size="4" style="font-family:Arial" rwr="1"><font size="4" style="font-family:Arial" rwr="1"><font size="4" style="font-family:Arial" rwr="1"><font size="4" style="font-family:Arial" rwr="1"><font size="4" style="font-family:Arial" rwr="1"><font size="4" style="font-family:Arial" rwr="1"><font size="4" style="font-family:Arial" rwr="1"><font size="4" style="font-family:Arial" rwr="1"><font size="4" style="font-family:Arial" rwr="1"><font size="4" style="font-family:Arial" rwr="1"><font size="4" style="font-family:Arial" rwr="1"><font size="4" style="font-family:Arial" rwr="1"><font size="4" style="font-family:Arial" rwr="1"><font size="4" style="font-family:Arial" rwr="1"><font size="4" style="font-family:Arial" rwr="1"><font face="Arial"><p><font face="Arial">This figurine is&nbsp;</font><font face="Arial">approximately 4/1/2 inches tall and approximately&nbsp;2-1/4 inches wide.</font></p><p>No chips or cracks.</p><p>Very detailed and colorful.</p><p>Great condition.</p><p>No box.</p><p><b><font color="#002cfd" face="Arial">We will combine shipping on multiple items purchased at the same time.</font></b></p><p><span style="color: rgb(243, 0, 148);">Please visit our store and see our other listings.</span></p></font><font face="Arial"><div class="pd-dt pd-inst-pd"><font size="2">&nbsp;</font></div><span id="closeHtml"></span> 

<font size="2"><img src="HTTPS://rover.ebay.com/roversync/?site=0&amp;stg=1&amp;mpt=1373043767753"><br>b182</font><br></font></font></font></font></font></font></font></font></font></font></font></font></font></font></font></font></font></font></font></font></font></font></font></font></font></font></font></font></font></font></font></font></font></font></font></font></font></font></font>
</DOC>
<DOC>
<DOCID>1700451</DOCID>
<CATEGORY>Collectibles > Kitchen & Home > Kitchenware > Canisters > Other Collectible Canisters</CATEGORY>
<ORIGTITLE>Pasta Cookie Pink Jar Canister Crownford Giftware NY Made in Italy 13"</ORIGTITLE>
<meta name="viewport" content="width=device-width, initial-scale=1.0"><font rwr="1" size="4" style="font-family:Arial"><font rwr="1" size="4" style="font-family:Arial">Pasta Cookie Pink Jar Canister Crownford Giftware NY&nbsp;Made in Italy 13"<div><br></div><div>13 1/2" height x 4"<br><div><br></div><div>Excellent condition</div><div>No chips no Crack</div><div>Rubber is dry see picture</div></div></font></font>
</DOC>
<DOC>
<DOCID>1700446</DOCID>
<CATEGORY>Collectibles > Pez, Keychains, Promo Glasses > Pez > Vintage (no feet)</CATEGORY>
<ORIGTITLE>RARE OLD PEZ HAPPY VALENTINES DAY NO FEET MADE HUNGARY GOOD CONDITION SEE PICS</ORIGTITLE>
<font rwr='1' size='4' style='font-family:Arial'><font rwr="1" size="4" style="font-family:Arial"><font rwr="1" size="4" style="font-family:Arial"><font rwr="1" size="4" style="font-family:Arial"><font rwr="1" size="4" style="font-family:Arial"><a target="_blank" name="ebayphotohosting"></a><img src="https://imagehost.vendio.com/img/spacers/pixel.gif"><p> <style type="text/css">  .titledata {font-family: verdana, sans-serif; font-size:18px; color:#94102F; }  .description {font-family: verdana, sans-serif; color:#94102F;}  .link {font-family: verdana, sans-serif; font-size:12px; underline;}  HR { color: #94102F; }  a.textLink {   color: #993300;  } </style> <table width="100%" border="0" cellpadding="1" cellspacing="0">  <tbody><tr>   <td bgcolor="#000000"> <table width="100%" border="0" cellpadding="0" cellspacing="0">  <tbody><tr>   <td width="100%" align="center" valign="top" background="https://imagehost.vendio.com/my/templates/Themes/Special/Flower%20Retro/flower_retro_back.jpg">&nbsp;<br>         &nbsp;<br>&nbsp;<br>         <table width="80%" border="0" cellpadding="1" cellspacing="0" background="">          <tbody><tr>           <td width="100%" bgcolor="#000000">             <table width="100%" border="0" cellpadding="1" cellspacing="0">             <tbody><tr><td bgcolor="#ffffff" valign="top" align="center">&nbsp;<br><div style="text-align: start;"><font color="#333333" face="Helvetica neue, Helvetica, Verdana, sans-serif"><span style="font-size: 18px;"><b>RARE OLD PEZ HAPPY VALENTINES DAY NO FEET MADE HUNGARY - GOOD CONDITION - SEE PICS</b></span></font></div>&nbsp;<br><br> <table width="100%" border="0" cellspacing="0" cellpadding="5">   <tbody><tr align="center">      <td class="item_image"><a target="_blank" target="_blank" class="textLink"><font face="Verdana, Arial, Helvetica, sans-serif" size="1"><br><br></font></a></td>     <td class="item_image"><a target="_blank" target="_blank" class="textLink"><font face="Verdana, Arial, Helvetica, sans-serif" size="1"><br><br></font></a></td>     <td class="item_image"><a target="_blank" target="_blank" class="textLink"><font face="Verdana, Arial, Helvetica, sans-serif" size="1"><br><br></font></a></td>   </tr>     <tr>      <td class="description" colspan="3"> <center style="font-size: medium;"><img src="https://i870.photobucket.com/albums/ab263/tvyps/angel.gif"> </center> <p align="left"><font color="#b4ac4b" face="trebuchet ms, sans-serif" size="5"><strong>NO RESERVE </strong></font></p> <p align="left"><font color="#b4ac4b" face="trebuchet ms, sans-serif" size="5"><b>RARE OLD PEZ HAPPY VALENTINES DAY NO FEET - MADE IN HUNGARY - GOOD CONDITION SEE PICS</b></font></p><p align="left"><strong style="font-family: &quot;trebuchet ms&quot;, sans-serif;"><font color="#b4ac4b" size="5">WONDERFUL DESIGN</font></strong></p> <p align="left"><font face="trebuchet ms, sans-serif"><strong><font color="#b4ac4b" size="5">VERY BEAUTIFUL!<br></font></strong></font></p> <p align="left"><font size="5"><font color="#b4ac4b" face="Trebuchet MS"><strong>THIS&nbsp;IS A RARE ITEM - I HAVE NEVER SEEN ANYTHING QUITE LIKE IT</strong></font><strong></strong></font></p><font size="5"><strong> <p align="center"><font color="#b4ac4b" face="Trebuchet MS"><strong></strong></font></p></strong><font color="#b4ac4b"><font face="trebuchet ms, sans-serif"><strong>THIS HAS A WONDERFUL RETRO DESIGN, VERY EYE APPEALING!</strong></font><strong><strong></strong> </strong></font></font><font face="trebuchet ms, sans-serif" style="font-size: large;"><strong><strong><font face="Trebuchet MS"><br></font></strong></strong></font><font color="#b4ac4b" face="trebuchet ms, sans-serif"><strong><br><font size="5">I am starting this at a very low bid! This is a great example of why designer jewelry is fantastic and classic. Craftsmanship and quality were high points in the production of this jewelry!</font></strong></font><font size="5"><strong></strong><strong><font face="trebuchet ms, sans-serif"><strong><br><br><font color="#b4ac4b">THIS IS A </font></strong></font></strong><font color="#b4ac4b"><font face="trebuchet ms, sans-serif"><strong>SCARCE AND </strong></font><font face="trebuchet ms, sans-serif"><strong>NICE ITEM!</strong></font><strong></strong></font><font face="trebuchet ms, sans-serif"><strong><br><br><font color="#b4ac4b">Good condition with scratches and marks. The top has a small lump, probably an imperfection at the factory. Please see photos prior to bidding and for complete condition</font><br></strong></font><strong><p align="center"><font color="#b4ac4b" face="trebuchet ms, sans-serif"><strong></strong></font></p></strong><font color="#b4ac4b" face="trebuchet ms, sans-serif"><strong>Calculated SHIPPING TO THE USA</strong></font><strong></strong><font face="trebuchet ms, sans-serif"><strong><br><br><font color="#b4ac4b">International: $14.00 First Class International, $11.00 to Canada or $35.00 via Priority International - If you would like to purchase other items from me, I can get several in the Priority package for no additional shipping.</font></strong></font><strong></strong><strong><font color="#b4ac4b"> </font> <p align="center"><font face="trebuchet ms, sans-serif"><strong></strong></font></p></strong></font><font face="trebuchet ms, sans-serif"><strong><font color="#0d80f2"><font size="5"><font color="#b4ac4b">You won't see another of this one of a kind vintage items!</font> </font><br></font><br></strong></font><strong></strong><strong style="font-size: medium;"> <center><img src="https://i163.photobucket.com/albums/t293/jamiec207/mz_040302_10022081343-8.gif"> </center></strong> <center style="font-size: medium;"> <img src="https://pics.ebay.com/aw/pics/sell/templates/images/k2/tagline.gif" border="0"> <br> <font face="Arial,Helvetica" size="2">Powered by <a target="_blank" href="https://pages.ebay.com/turbo_lister/" target="_blank">eBay Turbo Lister</a> </font></center>   <br><p style="font-size: medium;"></p><p><font size="3">Thank you and remember, please communicate with me to avoid any circumstances that could happen. Following are my shipping policies.   </font>   <br> <br><a target="_blank" name="PaymentSection"></a><b>Payment</b><br> </p><hr> <img src="https://imagehost.vendio.com/img/acp/logo_paypal.gif" border="0">&nbsp;<img src="https://imagehost.vendio.com/img/acp/logo_visa.gif" border="0">&nbsp;<img src="https://imagehost.vendio.com/img/acp/logo_mastercard.gif" border="0">&nbsp;<img src="https://imagehost.vendio.com/img/acp/logo_discover.gif" border="0">&nbsp;<img src="https://imagehost.vendio.com/img/acp/logo_amex.gif" border="0">&nbsp;<img src="https://imagehost.vendio.com/img/acp/logo_echeck.gif" border="0"> <br><font face="Arial, Helvetica, sans-serif" size="2"> I accept the following forms of payment: <ul><li>PayPal</li><li>PayPal Immediate Payment Required</li></ul></font> <br>    <br>   <br> <br><a target="_blank" name="ShippingPayment"></a><b>Shipping &amp; Handling</b><hr> <font face="Arial, Helvetica, sans-serif" size="2"> <p><table border="0" cellspacing="0" cellpadding="0" width="350"><tbody><tr valign="top"><td class="standardtext" style="width:7px !important;padding-right: 0px !important;"><div style="border-bottom: 1px solid; height: 38px; width: 7px;">&nbsp;</div></td><td width="50"><img src="https://imagehost.vendio.com/img/icons/us_shipping_icon.gif" alt="" border="0" style="border: 1px solid #000000; padding: 0px !important;" width="50" height="50"></td><td class="standardtext" style="padding-left: 0px !important;"><div style="border-bottom: 1px solid; height: 28px; padding-left: 0px !important; padding-top: 10px; font-size: 20px;">&nbsp;US Shipping</div></td></tr></tbody></table></p>Calculated USPS Parcel Post® <br> <br><p><table border="0" cellspacing="0" cellpadding="0" width="350"><tbody><tr valign="top"><td class="standardtext" style="width:7px !important;padding-right: 0px !important;"><div style="border-bottom: 1px solid; height: 38px; width: 7px;">&nbsp;</div></td><td width="50"><img src="https://imagehost.vendio.com/img/icons/intl_shipping_icon.gif" alt="" border="0" style="border: 1px solid #000000; padding: 0px !important;" width="50" height="50"></td><td class="standardtext" style="padding-left: 0px !important;"><div style="border-bottom: 1px solid; height: 28px; padding-left: 0px !important; padding-top: 10px; font-size: 20px;">&nbsp;International Shipping</div></td></tr></tbody></table></p>$14.00 USPS First-Class Mail International <br>$11.00 USPS Firs-Class International - Canada<br>$35.00 USPS Priority Mail International <br> </font><br>    <br></td>   </tr>    </tbody></table> </td></tr></tbody></table></td>         </tr>             </tbody></table>&nbsp;<br>&nbsp;<br>&nbsp;<br>&nbsp;</td>  </tr> </tbody></table> </td>  </tr> </tbody></table> </p><center> <p><br></p><p><br></p> </center> <!-- VENDBASCTCTCTVENDBASCT --> <center> </center> <!-- VENDBASCTCTCTVENDBASCT --> <span class="override"><p><br><strong>International Buyers – Please Note:</strong>                     <br><br>Import duties, taxes, and charges are not included in the item price or shipping cost. These charges are the buyer's responsibility.<br><br>Please check with your country's customs office to determine what these additional costs will be prior to bidding or buying.</p></span></font></font></font></font></font><P><CENTER><IMG SRC="https://pics.ebay.com/aw/pics/viewitem/fe/imgFePowered_88x33.gif"></CENTER><P>
</DOC>
<DOC>
<DOCID>1700453</DOCID>
<CATEGORY>Collectibles > Barware > Absinthe Accessories</CATEGORY>
<ORIGTITLE>La Mixed Drinkware Sets Rochere Reservoir Absinthe Glass Of 2 Shot Glasses</ORIGTITLE>
<meta content="width=device-width, initial-scale=1" name="viewport">
<style>
body,html{padding:0;margin:0}#frmgallery{position:relative;text-align:center;padding-top:360px;font-size:0}#frmgallery section{position:absolute;top:0;left:0;opacity:0;filter:alpha(opacity=0);-moz-opacity:0;-khtml-opacity:0;width:100%;height:350px;overflow:hidden;transition:all linear .5s;-o-transition:all linear .5s;-moz-transition:all linear .5s;-webkit-transition:all linear .5s}#frmgallery section div{display:block;position:relative;width:100%;height:100%;background-color:#FFF}#frmgallery label img,#frmgallery section div img{position:absolute;top:0;bottom:0;left:0;right:0;margin:auto;max-height:100%;max-width:100%}#frmgallery input{display:none}#frmgallery label{position:relative;display:inline-block;width:100px;height:80px;border:1px solid #CCC;cursor:pointer;margin:2px;-moz-border-radius:5px;-ms-border-radius:5px;-webkit-border-radius:5px;border-radius:5px;opacity:.4;filter:alpha(opacity=40);-moz-opacity:.4;-khtml-opacity:.4;transition:all linear 250ms;-o-transition:all linear 250ms;-moz-transition:all linear 250ms;-webkit-transition:all linear 250ms}#frmgallery label:hover{border-color:#333}#frmtab10:checked~#frmcontent10,#frmtab11:checked~#frmcontent11,#frmtab12:checked~#frmcontent12,#frmtab13:checked~#frmcontent13,#frmtab14:checked~#frmcontent14,#frmtab15:checked~#frmcontent15,#frmtab16:checked~#frmcontent16,#frmtab17:checked~#frmcontent17,#frmtab18:checked~#frmcontent18,#frmtab19:checked~#frmcontent19,#frmtab1:checked~#frmcontent1,#frmtab20:checked~#frmcontent20,#frmtab2:checked~#frmcontent2,#frmtab3:checked~#frmcontent3,#frmtab4:checked~#frmcontent4,#frmtab5:checked~#frmcontent5,#frmtab6:checked~#frmcontent6,#frmtab7:checked~#frmcontent7,#frmtab8:checked~#frmcontent8,#frmtab9:checked~#frmcontent9{opacity:1;filter:alpha(opacity=100);-moz-opacity:1;-khtml-opacity:1}#frmtab10:checked~label[for=frmtab10],#frmtab11:checked~label[for=frmtab11],#frmtab12:checked~label[for=frmtab12],#frmtab13:checked~label[for=frmtab13],#frmtab14:checked~label[for=frmtab14],#frmtab15:checked~label[for=frmtab15],#frmtab16:checked~label[for=frmtab16],#frmtab17:checked~label[for=frmtab17],#frmtab18:checked~label[for=frmtab18],#frmtab19:checked~label[for=frmtab19],#frmtab1:checked~label[for=frmtab1],#frmtab20:checked~label[for=frmtab20],#frmtab2:checked~label[for=frmtab2],#frmtab3:checked~label[for=frmtab3],#frmtab4:checked~label[for=frmtab4],#frmtab5:checked~label[for=frmtab5],#frmtab6:checked~label[for=frmtab6],#frmtab7:checked~label[for=frmtab7],#frmtab8:checked~label[for=frmtab8],#frmtab9:checked~label[for=frmtab9]{border-color:#333;opacity:1;filter:alpha(opacity=100);-moz-opacity:1;-khtml-opacity:1}#fcontainer{text-align:left;padding:40px;background:url(https://www.alojamientosdelsur.com.ar/ebay/bg.png) top left #EEE;font-family:"Helvetica Neue",Helvetica,Arial,sans-serif;font-size:16px;line-height:1.42857143}#fcontainer .company-name{color:#333;font-size:32px;line-height:32px;font-weight:700;text-align:center;text-transform:uppercase;margin-bottom:10px}#fcontainer img{max-width:100%;height:auto}#fcontainer .box{background-color:#FFF;padding:20px;-moz-border-radius:5px;-ms-border-radius:5px;-webkit-border-radius:5px;border-radius:5px;-webkit-box-shadow:1px 1px 6px 0 rgba(34,34,34,.3);-moz-box-shadow:1px 1px 6px 0 rgba(34,34,34,.3);box-shadow:1px 1px 6px 0 rgba(34,34,34,.3)}#fcontainer .box .title h1{font-size:26px;font-weight:700;margin:0;padding:0}#fcontainer .box .title{position:relative;padding:8px 20px 8px 25px;margin:-20px -30px 20px;color:#f9f9f9;text-shadow:0 1px 1px #333;-moz-border-radius-topleft:5px;-moz-border-radius-topright:5px;-webkit-border-top-left-radius:5px;-webkit-border-top-right-radius:5px;border-top-left-radius:5px;border-top-right-radius:5px;-moz-box-shadow:inset 0 1px 7px -2px #000;-webkit-box-shadow:inset 0 1px 7px -2px #000;box-shadow:inset 0 0 7px -2px #000}#fcontainer .box .title:after,#fcontainer .box .title:before{content:"";position:absolute;width:0;height:0;top:100%;border-style:solid;-moz-transform:scale(.9999)}#fcontainer .box .title:after{left:0;border-width:3px 5px;border-color:#444 #444 transparent transparent}#fcontainer .box .title:before{right:0;border-width:3px 5px;border-color:#444 transparent transparent #444}#fcontainer .bitColor{display:inline-block;width:27px;height:27px;margin:5px;-moz-border-radius:2px;-ms-border-radius:2px;-webkit-border-radius:2px;border-radius:2px}#fcontainer ul{list-style:square}#fcontainer .text-center{text-align:center}#fcontainer .footer{padding-top:20px;text-align:center;color:#999;font-size:11px}#fcontainer .footer a{text-decoration:none;color:#999}#fcontainer .footer a:hover{text-decoration:underline}@media screen and (max-width:767px){#frmgallery{padding-top:250px}#frmgallery section{height:240px}#frmgallery label{width:50px;height:40px}#fcontainer .box .title h1{font-size:20px}}
/********************************************************************************   
You can change the number color of the titles and company name on the line above
*********************************************************************************
GREY - #333
RED - #DC4545
ORANGE - #fe8a00
GREEN - #009874
BLACK - #000
BLUE - #2e4da7
More hexadecimal colors: https://es.wikipedia.org/wiki/Colores_web       
*********************************************************************************/
#fcontainer .box .title {background-color: #333;}
#fcontainer .company-name{color:#333;}
</style>

    <div id="fcontainer">
        <div class="company-name">m00nlight9898<br></div><br>
        <div class="box">
            <div class="title">
                <h1>La Rochere Reservoir Absinthe Glass Set of 2 Shot Glasses Mixed Drinkware Sets </h1>
            </div>
            <div id="frmgallery">
                <input checked="" id="frmtab1" name="tabs" type="radio"> 
                <input id="frmtab2" name="tabs" type="radio"> 
                <input id="frmtab3" name="tabs" type="radio"> 
                <input id="frmtab4" name="tabs" type="radio"> 

                <section id="frmcontent1">
                    <div><img src="https://images-na.ssl-images-amazon.com/images/I/41du4S%2B7nIL._AC_US1000_.jpg"></div>
                </section>
                <section id="frmcontent2">
                    <div><img src="https://images-na.ssl-images-amazon.com/images/I/51kpKGIMJrL._AC_US1000_.jpg"></div>
                </section>
                <section id="frmcontent3">
                    <div><img src="https://images-na.ssl-images-amazon.com/images/I/41OFEe30CdL._AC_US1000_.jpg"></div>
                </section>
                <section id="frmcontent4">
                    <div><img src="https://images-na.ssl-images-amazon.com/images/I/4152VLhvMLL._AC_US1000_.jpg"></div>
                </section>

                <label for="frmtab1"><img src="https://images-na.ssl-images-amazon.com/images/I/41du4S%2B7nIL._AC_US1000_.jpg"></label> 
                <label for="frmtab2"><img src="https://images-na.ssl-images-amazon.com/images/I/51kpKGIMJrL._AC_US1000_.jpg"></label> 
                <label for="frmtab3"><img src="https://images-na.ssl-images-amazon.com/images/I/41OFEe30CdL._AC_US1000_.jpg"></label> 
                <label for="frmtab4"><img src="https://images-na.ssl-images-amazon.com/images/I/4152VLhvMLL._AC_US1000_.jpg"></label> 

            </div><br>
        </div><br>
        <div class="box">
            <div class="title">
                Description
            </div>
            <p><div id="productDescription" class="a-section a-spacing-small">             <p>Specialty drinks need specialty glassware and these absinthe glasses was designed specifically for enjoying the "Green Fairy". The shape and size of these classic Pontarlier style absinthe glasses enhances the delicate aromas and flavors of the absinthe, without overfilling. The dosed stem makes it easy to pour the perfect amount of Absinthe into the glass and it's also easy to grip and swirl. Spoon sold separately. Features: Designed especially for preparing and serving Absinthe. Classic Pontarlier style. Imported from France. Dosed stem helps you pour the perfect amount of Absinthe. Spoon sold separately. Specs: Capacity: 10 oz. Dimensions: 6 1/2H x 3 1/4W. </p>       </div>  <br></p><p><br>
            <br>
            <b>FEATURES</b></p><p><ul><li>Dimensions: 6 1/2"H x 3 1/4"W.</li><li>Designed especially for preparing and serving Absinthe.</li><li>Includes 2 Glasses (Each with Capacity: 10 oz.)</li><li>Spoon sold separately.</li><li>Imported from France.</li></ul> <br></p>
            Dimension: 3.1 x 7.6 x 7.5 inchs.,  Weight: 0.12lbs.<br><br><p></p>
        </div><br>
        <div class="box">
            <div class="title">
                Payment
            </div><span style="color: rgb(17, 17, 17); font-family: Helvetica Neue, Helvetica, Arial, sans-serif; font-size: medium; font-style: normal; font-variant-ligatures: normal; font-variant-caps: normal; font-weight: 400; letter-spacing: normal; orphans: 2; text-align: start; text-indent: 0px; text-transform: none; white-space: normal; widows: 2; word-spacing: 0px; -webkit-text-stroke-width: 0px; background-color: rgb(255, 255, 255); text-decoration-style: initial; text-decoration-color: initial; display: inline !important; float: none;">We accept payment by any of the following methods:</span><br style="box-sizing: border-box; color: rgb(17, 17, 17); font-family: Helvetica Neue, Helvetica, Arial, sans-serif; font-size: medium; font-style: normal; font-variant-ligatures: normal; font-variant-caps: normal; font-weight: 400; letter-spacing: normal; orphans: 2; text-align: start; text-indent: 0px; text-transform: none; white-space: normal; widows: 2; word-spacing: 0px; -webkit-text-stroke-width: 0px; background-color: rgb(255, 255, 255); text-decoration-style: initial; text-decoration-color: initial;"><b style="box-sizing: border-box; font-weight: 700; color: rgb(17, 17, 17); font-family: Helvetica Neue, Helvetica, Arial, sans-serif; font-size: medium; font-style: normal; font-variant-ligatures: normal; font-variant-caps: normal; letter-spacing: normal; orphans: 2; text-align: start; text-indent: 0px; text-transform: none; white-space: normal; widows: 2; word-spacing: 0px; -webkit-text-stroke-width: 0px; background-color: rgb(255, 255, 255); text-decoration-style: initial; text-decoration-color: initial;">PayPal</b><br style="box-sizing: border-box; color: rgb(17, 17, 17); font-family: Helvetica Neue, Helvetica, Arial, sans-serif; font-size: medium; font-style: normal; font-variant-ligatures: normal; font-variant-caps: normal; font-weight: 400; letter-spacing: normal; orphans: 2; text-align: start; text-indent: 0px; text-transform: none; white-space: normal; widows: 2; word-spacing: 0px; -webkit-text-stroke-width: 0px; background-color: rgb(255, 255, 255); text-decoration-style: initial; text-decoration-color: initial;"><span style="color: rgb(17, 17, 17); font-family: Helvetica Neue, Helvetica, Arial, sans-serif; font-size: medium; font-style: normal; font-variant-ligatures: normal; font-variant-caps: normal; font-weight: 400; letter-spacing: normal; orphans: 2; text-align: start; text-indent: 0px; text-transform: none; white-space: normal; widows: 2; word-spacing: 0px; -webkit-text-stroke-width: 0px; background-color: rgb(255, 255, 255); text-decoration-style: initial; text-decoration-color: initial; display: inline !important; float: none;">Please pay as soon as possible after winning an auction, as that will allow us to post your item to you sooner!</span><p>
            <img alt="Paypal" src="https://www.alojamientosdelsur.com.ar/ebay/paypal.png"></p>
        </div><br>
        <div class="box">
            <div class="title">
                Shipping
            </div><ul style="box-sizing: border-box; margin-top: 0px; margin-bottom: 10px; padding-top: 15px; color: rgb(17, 17, 17); font-family: Helvetica Neue, Helvetica, Arial, sans-serif; font-size: medium; font-style: normal; font-variant-ligatures: normal; font-variant-caps: normal; font-weight: 400; letter-spacing: normal; orphans: 2; text-align: start; text-indent: 0px; text-transform: none; white-space: normal; widows: 2; word-spacing: 0px; -webkit-text-stroke-width: 0px; background-color: rgb(255, 255, 255); text-decoration-style: initial; text-decoration-color: initial;"><li style="box-sizing: border-box; padding-bottom: 5px;">We ship within Three business days of payment, usually sooner.</li><li style="box-sizing: border-box; padding-bottom: 5px;">We use a selection of shipping services such as UPS, FedEx, USPS etc.</li><li style="box-sizing: border-box; padding-bottom: 5px;">We only ship to the lower 48 states, no APO/FPO addresses or PO Boxes allowed.</li><li style="box-sizing: border-box; padding-bottom: 5px;">Local pickups and combined shipping options are not provided at this time</li></ul></div><br><br>
        <div class="box">
            <div class="title">
                Return Policy
            </div><span style="color: rgb(51, 51, 51); font-family: Roboto, sans-serif; font-size: 15px; font-style: normal; font-variant-ligatures: normal; font-variant-caps: normal; font-weight: 400; letter-spacing: normal; orphans: 2; text-align: start; text-indent: 0px; text-transform: none; white-space: normal; widows: 2; word-spacing: 0px; -webkit-text-stroke-width: 0px; background-color: rgb(255, 255, 255); text-decoration-style: initial; text-decoration-color: initial; display: inline !important; float: none;">If you do not satisfy our products and would like to return your items, please kindly contact us through eBay message and choose the topic as I have a question about using my item or I want to send the seller a message or Other We will send the return shipping label and the tracking number to your email address and the return address confirmation to your eBay message. The location of the warehouse responsible for the return will be determined by the fulfillment service department. The full refund will be issued, once the item arrives back at our warehouse and we can confirm from the tracking number that the item has been delivered. Please return the item within 30 days to complete the return process</span><p>
            <br><br></p>
            <div class="text-center">
                <p>Thank you</p>
            </div>
        </div><br>
    </div><span style=" display: none; "><input type="hidden" name="photo_tp" value="https://ebaylistpro.com/laravel/public/assets/images/tp4.png"></span> <span style=" display: none; "><input type="hidden" name="id_template" value="7"></span><span style=" display: none; "><input type="hidden" name="photo_tp" value=""></span> <span style=" display: none; "><input type="hidden" name="id_template" value=""></span><span style=" display: none; "><input type="hidden" name="photo_tp" value=""></span> <span style=" display: none; "><input type="hidden" name="id_template" value=""></span><span style=" display: none; "><input type="hidden" name="photo_tp" value=""></span> <span style=" display: none; "><input type="hidden" name="id_template" value=""></span><span style=" display: none; "><input type="hidden" name="photo_tp" value=""></span> <span style=" display: none; "><input type="hidden" name="id_template" value=""></span><span style=" display: none; "><input type="hidden" name="photo_tp" value=""></span> <span style=" display: none; "><input type="hidden" name="id_template" value=""></span>
</DOC>
<DOC>
<DOCID>1700444</DOCID>
<CATEGORY>Collectibles > Comics > Modern Age (1992-Now) > Superhero > X-Men</CATEGORY>
<ORIGTITLE>X-Men Unlimited 2-7, 11, 13, 15, 16, 23, 27, 28 (1993-2003 Marvel) 1st Print lot</ORIGTITLE>
<font rwr='1' size='4' style='font-family:Arial'><table cellpadding="0" cellspacing="0" border="0" summary="" style="color: rgb(0, 0, 0); background-color: rgb(255, 255, 255);"><tbody><tr><td valign="top"><font face="Trebuchet MS" size="4"><b>(13)&nbsp;X-Men Unlimited (1993-2003 Marvel) </b></font><b style="font-family: 'Trebuchet MS'; font-size: large;">(1st Print)</b></td></tr></tbody></table><ul><li><b style="font-family: 'Trebuchet MS';"><font size="4">(1) #2 - FN/VF</font></b></li><li><b style="font-family: 'Trebuchet MS';"><font size="4">(1) #3 - NM-</font></b></li><li><b style="font-family: 'Trebuchet MS';"><font size="4">(1) #4 - FN/VF</font></b></li><li><b style="font-family: 'Trebuchet MS';"><font size="4">(1) #5 - FN</font></b></li><li><b style="font-family: 'Trebuchet MS';"><font size="4">(1) #6 - VF/NM</font></b></li><li><b style="font-family: 'Trebuchet MS';"><font size="4">(1) #7 - FN/VF</font></b></li><li><b style="font-family: 'Trebuchet MS';"><font size="4">(1) #11 - FN</font></b></li><li><b style="font-family: 'Trebuchet MS';"><font size="4">(1) #13 - NM</font></b></li><li><b style="font-family: 'Trebuchet MS';"><font size="4">(1) #15 - VF/NM</font></b></li><li><b style="font-family: 'Trebuchet MS';"><font size="4">(1) #16 - VF+</font></b></li><li><b style="font-family: 'Trebuchet MS';"><font size="4">(1) #23 - VF/NM</font></b></li><li><b style="font-family: 'Trebuchet MS';"><font size="4">(1) #27 - VF/NM</font></b></li><li><b style="font-family: 'Trebuchet MS';"><font size="4">(1) #28 - FN/VF</font></b></li></ul><b style="font-family: 'Trebuchet MS'; font-size: large;"><div><b style="font-family: 'Trebuchet MS'; font-size: large;"><br></b></div><div><b style="font-family: 'Trebuchet MS'; font-size: large;"><br></b></div>The items imaged are the actual items.</b><br><div><p class="MsoNormal" align="center"><font size="4"><font face="Trebuchet MS"><b><br></b></font></font></p><p class="MsoNormal" align="center" style="text-align: left;"><font size="4"><font face="Trebuchet MS"><b>All comics come Bagged &amp; Boarded.</b></font></font></p><p class="MsoNormal" align="center"></p><ul><li><font face="Trebuchet MS">We use brand new BCW Comic Backing Boards that are made from a full 24 point solid bleached sulfate, coated on one side with a buffered 3% calcium carbonate. Certified ACID-FREE - Independent Lab Tested.&nbsp;</font></li></ul><div><font size="4" face="Trebuchet MS"><br></font></div><p></p><p class="MsoNormal" align="center" style="text-align: left;"><font size="4"><span style="font-family: 'Trebuchet MS';">*</span><b style="font-family: 'Trebuchet MS';">Packaging: To better ensure your comic books arrive to you free of damage during the shipping &amp; handling process, extra care has been taken in packaging them. Provided below are some approximate details on how you will be receiving your comic books.</b></font></p><p class="MsoNormal" align="center" style="font-family: Arial, Helvetica, sans-serif;"></p><ul style="font-family: Arial, Helvetica, sans-serif;"><li><font face="Trebuchet MS">(1-3) Comic Books will be shipped securely wrapped in bubble wrap,&nbsp;between 2 corrugated cardboard pads,&nbsp;inside of a weatherproof poly-bag.</font></li><li><font face="Trebuchet MS">(4-6)&nbsp;Comic Books will be shipped securely between 2 or 3 corrugated cardboard pads, inside of a Priority Mail - Padded Flat Rate Envelope (poly exterior, bubble interior).</font></li><li><font face="Trebuchet MS">( 7+) Comic Books will be shipped securely in one of many priority mail boxes provided by the USPS, wrapped in bubble wrap etc.</font></li><li><font face="Trebuchet MS">&nbsp; &nbsp; &nbsp; &nbsp;*Larger &amp; International Packages will be packaged in a secure manner but may be sent using slightly different methods. The above may also vary with weight &amp; thickness of combined items.</font></li></ul><div><font face="Trebuchet MS"><br></font></div><p></p><p class="MsoNormal" align="center" style="text-align: left;"><font face="Trebuchet MS" size="4"><b>Shipping, Payments &amp; Return Policy:&nbsp;</b></font></p><div><p class="MsoNormal" align="center"></p><ul><li><font face="Trebuchet MS">Please see the "Shipping and Payments" tab for information regarding shipping &amp; handling, return policy &amp; payment details.</font></li></ul><b style="font-family: 'Trebuchet MS'; font-size: large;"><div><b style="font-family: 'Trebuchet MS'; font-size: large;"><br></b></div>Overstreet Grading Scale &amp; Definitions:</b></div><p class="MsoNormal"></p><ul><li><font face="Trebuchet MS" size="2"><a name="back-to-10">10.0</a>&nbsp;GEM MINT (GM): An exceptional example of a given book - the best ever seen. Only the slightest bindery or printing defects are allowed. (Not with CGC though, perfect means perfect.) Cover is flat with no surface wear. Inks are bright with high reflectivity. Corners are cut square and sharp. Spine is tight and flat. Staples must be original, centered and clean with no rust. Paper is white, supple and fresh. No interior autographs or owner signatures.</font></li></ul><ul><li><font face="Trebuchet MS" size="2"><a name="back-to-9.9">9.9</a>&nbsp;MINT (MT): Near perfect in every way. Only subtle bindery or printing defects are allowed. ("Subtle" as in nearly invisible, and CGC may not allow it for their 9.9 either.) Cover is flat with no surface wear. Inks are bright with high reflectivity and minimal fading. Corners are cut square and sharp. Small, inconspicuous, lightly penciled, stamped or inked arrival dates are acceptable as long as they are in an unobtrusive location.<font color="#ff00ff">&nbsp;</font>Spine is tight and flat. Staples must be original, generally centered and clean with no rust. Paper is white, supple and fresh.</font></li></ul><ul><li><font face="Trebuchet MS" size="2">9.8 NEAR MINT/MINT (NM/MT): Nearly perfect in every way with only minor imperfections that keep it from the next higher grade. Only subtle bindery or printing defects are allowed. Cover is flat with no surface wear. Inks are bright with high reflectivity and minimal fading. Corners are cut square and sharp. Small, inconspicuous, lightly penciled, stamped or inked arrival dates are acceptable as long as they are in an unobtrusive location. Spine is tight and flat. Staples must be original, generally centered and clean with no rust. Paper is white, supple and fresh. Only the slightest interior tears are allowed.</font></li></ul><ul><li><font face="Trebuchet MS" size="2">9.6 NEAR MINT+ (NM+): Nearly perfect with a minor additional virtue or virtues that raise it from Near Mint. Only subtle bindery or printing defects are allowed. No bindery tears are allowed, although on Golden Age books bindery tears of up to 1/8" have been noted. Cover is flat with no surface wear. Inks are bright with high reflectivity and a minimum of fading. One corner may be almost imperceptibly blunted, but still almost sharp and cut square. Almost imperceptible indentations are permissible, but no creases, bends, or color breaks. Small, inconspicuous, lightly penciled, stamped or inked arrival dates are acceptable as long as they are in an unobtrusive location. Spine is tight and flat. Staples must be original, generally centered, with only the slightest discoloration. Paper is (no worse than) off-white, supple and fresh. Only the slightest interior tears are allowed.</font></li></ul><ul><li><font face="Trebuchet MS" size="2"><a name="back-to-9.4">9.4</a>&nbsp;NEAR MINT (NM): Nearly perfect with only minor imperfections that keep it from the next higher grade. Minor feathering that does not detract from the overall beauty of an otherwise higher grade copy is acceptable for this grade. The overall look is "as if it was just purchased and read once or twice." (If you're careful with handling, there's no way to tell how many times a comic has been read, or if unread, so don't always believe that 'unread' hype.) Subtle bindery/printing defects are allowed. Bindery tears must be less than 1/16" on Silver Age and later books, although on Golden Age books bindery tears of up to 1/4" have been noted. Cover is flat with (almost) no surface wear. Inks are bright with high reflectivity and a minimum of fading. Generally well centered and firmly secured to interior pages. Corners are cut square and sharp with ever-so-slight blunting permitted. A 1/16" bend is permitted with no color break. No creases. Small, inconspicuous, lightly penciled, stamped or inked arrival dates are acceptable as long as they are in an unobtrusive location. No soiling, staining or other discoloration apart from some slight foxing. Spine is tight and flat. No spine roll or split allowed. Staples are generally centered; may have slight discoloration. No staple tears are allowed; almost no stress lines. No rust migration. In rare cases, a comic was not stapled at the bindery and therefore has a missing staple; this is not considered a defect. Any staple can be replaced on books up to Fine, but only vintage staples can be used on books from Very Fine to Near Mint. Mint books must have original staples. Paper is (no worse than) off-white to cream, supple and fresh. No hint of acidity in the odor of the newsprint. Centerfold is firmly secure. Slight interior tears are allowed.</font></li></ul><ul><li><font face="Trebuchet MS" size="2"><a name="back-to-9.2">9.2</a>&nbsp;NEAR MINT– (NM–): Nearly perfect with only a minor additional defect or defects that keep it from Near Mint. A limited number of minor bindery/printing defects are allowed. A light, barely noticeable water stain or slight foxing that does not detract from the beauty of the book is acceptable for this grade. Cover is flat with (almost) no surface wear. Inks are bright with only the slightest dimming of reflectivity. Generally well centered and firmly secured to interior pages. Corners are cut square and sharp with ever-so-slight blunting permitted. A 1/16-1/8" bend is permitted with no color break. No creases. Small, inconspicuous, lightly penciled, stamped or inked arrival dates are acceptable as long as they are in an unobtrusive location. No soiling, staining or other discoloration apart from some slight foxing. Spine is tight and flat. No spine roll or split allowed. Staples may show some discoloration. No staple tears are allowed; almost no stress lines. No rust migration. In rare cases, a comic was not stapled at the bindery and therefore has a missing staple; this is not considered a defect. Any staple can be replaced on books up to Fine, but only vintage staples can be used on books from Very Fine to Near Mint. Mint books must have original staples. Paper is (no worse than) off-white to cream, supple and fresh. No hint of acidity in the odor of the newsprint.&nbsp;Centerfold is firmly secure. Slight interior tears are allowed.</font></li></ul><ul><li><font face="Trebuchet MS" size="2">9.0 VERY FINE/NEAR MINT (VF/NM): Nearly perfect with outstanding eye appeal. A limited number of bindery/printing defects are allowed. Almost flat cover with almost imperceptible wear. Inks are bright with slightly diminished reflectivity. An 1/8" bend is allowed if color is not broken. Corners are cut square and sharp with ever-so-slight blunting permitted but no creases. Several lightly penciled, stamped or inked arrival dates are acceptable. No obvious soiling, staining or other discoloration except for very minor foxing. Spine is tight and flat. No spine roll or split allowed. Staples may show some discoloration. Only the slightest staple tears are allowed. A very minor accumulation of stress lines may be present if they are nearly imperceptible. No rust migration. In rare cases, a comic was not stapled at the bindery and therefore has a missing staple; this is not considered a defect. Any staple can be replaced on books up to Fine, but only vintage staples can be used on books from Very Fine to Near Mint. Mint books must have original staples. Paper is (no worse than) cream to off-white and supple. No hint of acidity in the odor of the newsprint. Centerfold is firmly secure. Very minor interior tears may be present.</font></li></ul><ul><li><font face="Trebuchet MS" size="2">8.5 VERY FINE+ (VF+): Fits the criteria for Very Fine but with an additional virtue or small accumulation of virtues that improves the book’s appearance by a perceptible amount.</font></li></ul><ul><li><font face="Trebuchet MS" size="2">8.0 VERY FINE (VF): An excellent copy with outstanding eye appeal. Sharp, bright and clean with supple pages. A comic book is this grade has the appearance of having been carefully handled. A limited accumulation of minor bindery/printing defects is allowed. Cover is relatively flat with minimal surface wear beginning to show, possibly including some minute wear at corners. Inks are generally bright with moderate to high reflectivity. An unnoticeable 1/4" crease is acceptable if color is not broken. Stamped or inked arrival dates may be present. No obvious soiling, staining or other discoloration except for minor foxing. Spine is almost flat with no roll. Possible minor color break is allowed. Staples may show some discoloration. Very slight staple tears and a few almost very minor to minor stress lines may be present. No rust migration. In rare cases, a comic was not stapled at the bindery and therefore has a missing staple; this is not considered a defect. Any staple can be replaced on books up to Fine, but only vintage staples can be used on books from Very Fine to Near Mint. Mint books must have original staples. Paper is (no worse than) tan to cream and supple. No hint of acidity in the odor of the newsprint. Centerfold is mostly secure. Minor interior tears at the margin may be present.</font></li></ul><ul><li><font face="Trebuchet MS" size="2">7.5 VERY FINE– (VF–): Fits the criteria for Very Fine but with an additional defect or small accumulation of defects that detracts from the book’s appearance by a perceptible amount.</font></li></ul><ul><li><font face="Trebuchet MS" size="2">7.0 FINE/VERY FINE (FN/VF): An above-average copy that shows minor wear but is still relatively flat and clean with outstanding eye appeal. A small accumulation of minor bindery/printing defects is allowed. Minor cover wear beginning to show, with interior yellowing or tanning allowed, possibly including minor creases. Corners may be blunted or abraded. Inks are generally bright with a moderate reduction in reflectivity. Stamped or inked arrival dates may be present. No obvious soiling, staining or other discoloration except for minor foxing. The slightest spine roll may be present, as well as a possible moderate color break. Staples may show some discoloration. Slight staple tears and a slight accumulation of light stress lines may be present. Slight rust migration. In rare cases, a comic was not stapled at the bindery and therefore has a missing staple; this is not considered a defect. Any staple can be replaced on books up to Fine, but only vintage staples can be used on books from Very Fine to Near Mint. Mint books must have original staples. Paper is (no worse than) tan to cream, but not brown. No hint of acidity in the odor of the newsprint. Centerfold is mostly secure. Minor interior tears at the margin may be present.</font></li></ul><ul><li><font face="Trebuchet MS" size="2">6.5 FINE+ (FN+): Fits the criteria for Fine but with an additional virtue or small accumulation of virtues that improves the book’s appearance by a perceptible amount.</font></li></ul><ul><li><font face="Trebuchet MS" size="2">6.0 FINE (FN): An above-average copy that shows minor wear but is still relatively flat and clean with no significant creasing or other serious defects. Eye appeal is somewhat reduced because of slight surface wear and the accumulation of small defects, especially on the spine and edges. A FINE condition comic book appears to have been read a few times and has been handled with moderate care. Some accumulation of minor bindery defects is allowed. Minor cover wear apparent, with minor to moderate creases. Inks show a significant reduction in reflectivity. Blunted corners are more common, as is minor staining, soiling, discoloration, and/or foxing. Stamped or inked arrival dates may be present. A minor spine roll is allowed. There can also be a 1/4" spine split or severe color break. Staples may show minor discoloration. Minor staple tears and a few slight stress lines may be present, as well as minor rust migration. In rare cases, a comic was not stapled at the bindery and therefore has a missing staple; this is not considered a defect. Any staple can be replaced on books up to Fine, but only vintage staples can be used on books from Very Fine to Near Mint. Mint books must have original staples. Paper is (no worse than) brown to tan and fairly supple with no signs of brittleness. No hint of acidity in the odor of the newsprint. Minor interior tears at the margin may be present. Centerfold may be loose but not detached.</font></li></ul><ul><li><font face="Trebuchet MS" size="2">5.5 FINE– (FN–): Fits the criteria for Fine but with an additional defect or small accumulation of defects that detracts from the book’s appearance by a perceptible amount.</font></li></ul><ul><li><font face="Trebuchet MS" size="2">5.0 VERY GOOD/FINE (VG/FN): An above-average but well-used comic book. A comic in this grade shows some moderate wear; eye appeal is somewhat reduced due to the accumulation of defects. Still a desirable copy that has been handled with some care. An accumulation of bindery defects is allowed. Minor to moderate cover wear apparent, with minor to moderate creases and/or dimples. Inks have major to extreme reduction in reflectivity. Blunted corners are increasingly common, as is minor to moderate staining, discoloration, and/or foxing. Stamped or inked arrival dates may be present. A minor to moderate spine roll is allowed. A spine split of up to 1/2" may be present. Staples may show minor discoloration. A slight accumulation of minor staple tears and an accumulation of minor stress lines may also be present, as well as minor rust migration. In rare cases, a comic was not stapled at the bindery and therefore has a missing staple; this is not considered a defect. Any staple can be replaced on books up to Fine, but only vintage staples can be used on books from Very Fine to Near Mint. Mint books must have original staples. Paper is (no worse than) brown to tan with no signs of brittleness. May have the faintest trace of an acidic odor. Centerfold may be loose but not detached. Minor tears may also be present.</font></li></ul><ul><li><font face="Trebuchet MS" size="2">4.5 VERY GOOD+ (VG): Fits the criteria for Very Good but with an additional virtue or small accumulation of virtues that improves the book’s appearance by a perceptible amount.</font></li></ul><ul><li><font face="Trebuchet MS" size="2">4.0 VERY GOOD (VG): The average used comic book. A comic in this condition shows some significant moderate wear, but still has not accumulated enough total defects to reduce eye appeal to the point that it is not a desirable copy. Cover shows moderate to significant wear, and may be loose but not completely detached. Moderate to extreme reduction in reflectivity. Can have an accumulation of creases or dimples. Corners may be blunted or abraded. Store stamps, name stamps, arrival dates, initials, etc. have no effect on this grade. Some discoloration, fading, foxing, and even minor soiling is allowed. As much as a 1/4" triangle can be missing out of the corner or edge; a missing 1/8" square is also acceptable. Only minor unobtrusive tape and other amateur repair allowed on otherwise high grade copies. Moderate spine roll may be present and/or a 1" spine split. Staples may be discolored. Minor to moderate staple tears and stress lines may be present, as well as some rust migration. Paper is (no worse than) brown but not brittle. A minor acidic odor can be detectable. Minor to moderate tears may be present. Centerfold may be loose or detached at one staple.</font></li></ul><ul><li><font face="Trebuchet MS" size="2">3.5 VERY GOOD– (VG–): Fits the criteria for Very Good but with an additional defect or small accumulation of defects that detracts from the book’s appearance by a perceptible amount.</font></li></ul><ul><li><font face="Trebuchet MS" size="2">3.0 GOOD/VERY GOOD (GD/VG): A used comic book showing some substantial wear. Cover shows significant wear, and may be loose or even detached at one staple. Cover reflectivity is very low. Can have a book-length crease and/or dimples. Corners may be blunted or even rounded. Discoloration, fading, foxing, and even minor to moderate soiling is allowed. A triangle from 1/4" to 1/2" can be missing out of the corner or edge; a missing 1/8" to 1/4" square is also acceptable. Tape and other amateur repair may be present. Moderate spine roll likely. May have a spine split of anywhere from 1" to 1-1/2". Staples may be rusted or replaced. Minor to moderate staple tears and moderate stress lines may be present, as well as some rust migration. Paper is (no worse than) brown but not brittle. Centerfold may be loose or detached at one staple. Minor to moderate interior tears may be present.</font></li></ul><ul><li><font face="Trebuchet MS" size="2">2.5 GOOD+ (GD+): Fits the criteria for Good but with an additional virtue or small accumulation of virtues that improves the book’s appearance by a perceptible amount.</font></li></ul><ul><li><font face="Trebuchet MS" size="2">2.0 GOOD (GD): Shows substantial wear; often considered a "reading copy." Cover shows significant wear and may even be detached. Cover reflectivity is low and in some cases completely absent. Book-length creases and dimples may be present. Rounded corners are more common. Moderate soiling, staining, discoloration and foxing may be present. The largest piece allowed missing from the front or back cover is usually a 1/2" triangle or a 1/4" square, although some Silver Age books such as 1960s Marvels have had the price corner box clipped from the top left front cover and may be considered Good if they would otherwise have graded higher. Tape and other forms of amateur repair are common in Silver Age and older books. Spine roll is likely. May have up to a 2" spine split. Staples may be degraded, replaced or missing. Moderate staple tears and stress lines may be present, as well as rust migration. Paper is (no worse than) brown but not brittle. Centerfold may be loose or detached. Moderate interior tears may be present.</font></li></ul><ul><li><font face="Trebuchet MS" size="2">1.8 GOOD– (GD–): Fits the criteria for Good but with an additional defect or small accumulation of defects that detracts from the book’s appearance by a perceptible amount.</font></li></ul><ul><li><font face="Trebuchet MS" size="2">1.5 FAIR/GOOD (FR/GD): A comic showing substantial to heavy wear. A copy in this grade still has all pages and covers, although there may be pieces missing. Books in this grade are commonly creased, scuffed, abraded, soiled, and possibly unattractive, but still generally readable. Cover shows considerable wear and may be detached. Nearly no to no reflectivity remaining. Store stamp, name stamp, arrival date and initials are permitted. Book-length creases, tears and folds may be present. Rounded corners are increasingly common. Soiling, staining, discoloration and foxing is generally present. Up to 1/10 of the back cover may be missing. Tape and other forms of amateur repair are increasingly common in Silver Age and older books. Spine roll is common. May have a spine split between 2" and 2/3 the length of the book. Staples may be degraded, replaced or missing. Staple tears and stress lines are common, as well as rust migration. Paper is (no worse than) brown and may show brittleness around the edges. Acidic odor may be present. Centerfold may be loose or detached. Interior tears are common.</font></li></ul><ul><li><font face="Trebuchet MS" size="2">1.0 FAIR (FR): A copy in this grade shows heavy wear. Some collectors consider this the lowest collectible grade because comic books in lesser condition are usually incomplete and/or brittle. Comics in this grade are usually soiled, faded, ragged and possibly unattractive. Cover may be detached, and inks have lost all reflectivity. Creases, tears and/or folds are prevalent. Corners are commonly rounded or absent. Soiling and staining is present. Books in this condition generally have all pages and most of the covers, although there may be up to 1/4 of the front cover missing or no back cover, but not both. Tape and other forms of amateur repair are more common. Spine roll is more common; spine split can extend up to 2/3 the length of the book. Staples may be missing or show rust and discoloration. An accumulation of staple tears and stress lines may be present, as well as rust migration. Paper is (no worse than) brown and may show brittleness around the edges but not in the central portion of the pages. Acidic odor may be present. Accumulation of interior tears. Chunks may be missing. The centerfold may be missing if readability is generally preserved. Coupons may be cut.</font></li></ul><ul><li><font face="Trebuchet MS" size="2">0.5 POOR (PR): Most comic books in this grade have been Sufficiently degraded to the point where there is little or no collector value; easily identified by a complete absence of eye appeal. Brittle almost to the point of turning to dust with a touch, and usually incomplete. Extreme fading may render the cover almost indiscernible. May have extremely severe stains, mildew or heavy cover abrasion to the point that some cover inks are indistinct/absent. Covers may be detached with large chunks missing. Can have extremely ragged edges and extensive creasing. Corners are rounded or virtually absent. Covers may have been defaced with paints, varnishes, glues, oil, indelible markers or dyes, and may have suffered heavy water damage. Can also have extensive amateur repairs such as laminated covers. Extreme spine roll present; can have extremely ragged spines or a complete, book-length split. Staples can be missing or show extreme rust and discoloration. Extensive staple tears and stress lines may be present, as well as extreme rust migration. Paper exhibits moderate to severe brittleness (where the comic book literally falls apart when examined). Extreme acidic odor may be present. Extensive interior tears. Multiple pages, including the centerfold, may be missing that affect readability. Coupons may be cut.</font></li></ul><p></p><p></p><center><a href="http://pages.ebay.com/selling_manager_pro"><img border="0" height="50" width="248" src="http://pics.ebay.com/aw/pics/sellingmanager/sellingmanagerPro/smPro_248x50.gif"></a></center></div><div><p></p></div></font>
</DOC>
<DOC>
<DOCID>1700456</DOCID>
<CATEGORY>Collectibles > Transportation > Motorcycles > American > Harley-Davidson > Belt Buckles</CATEGORY>
<ORIGTITLE>Harley-Davidson Ladies Leather Studded belt sz.30 With Chrome And Enamel Buckle</ORIGTITLE>
<p dir="ltr">Harley-Davidson Ladies Leather Studded belt sz.30 With Chrome And Enamel Buckle. </p>
<p dir="ltr">This is a gently worn genuine Harley-Davidson ladies leather belt 1 and 1/2 in wide, size 30 38 in Long including buckle. Oval shaped buckle Chrome and enamel white letters with pink highlights and wings.. Please see my pictures please see pictures for additional description.</p>
<p dir="ltr">No returns accepted.</p>
<p dir="ltr"> Shipped with USPS First Class Package.</p>
</DOC>
<DOC>
<DOCID>1700459</DOCID>
<CATEGORY>Collectibles > Comics > Figurines</CATEGORY>
<ORIGTITLE>HARLEY QUINN Batman Black & White Statue Paul Dini Edition DC Collectibles</ORIGTITLE>
<font rwr="1" size="4" style="font-family:Arial">briefly displayed and in excellent condition.</font>
</DOC>
<DOC>
<DOCID>1700458</DOCID>
<CATEGORY>Collectibles > Decorative Collectibles > Decorative Collectible Brands > Precious Moments > Figurines > Religious, Inspirational</CATEGORY>
<ORIGTITLE>The Lord Is My Strength Angel Ornament.</ORIGTITLE>
<p>..........Approx. 3" inches in diameter. Religious ornament the lord is my strength and my son;has given me victory. This is my god , and I will praise him-my father's God. And I will exalt him!  Exodus 15:2. Excellent condition never been open. Made in China exclusively for family Christian stores. All items will be shipped and packed with care and expertise as to protect items........</p>
</DOC>
<DOC>
<DOCID>1700450</DOCID>
<CATEGORY>Collectibles > Tools, Hardware & Locks > Tools > Tool Boxes, Chests</CATEGORY>
<ORIGTITLE>Vintage American Tool Chest Red Wooden Hinged 13 ":L x 5 1/2" W x 3 1/4"H</ORIGTITLE>
<font rwr="1" size="4" style="font-family:Arial"><font size="4" style="font-family:Arial" rwr="1"><font size="4" style="font-family:Arial" rwr="1"><font size="4" style="font-family:Arial" rwr="1"><font size="4" style="font-family:Arial" rwr="1"><font size="4" style="font-family:Arial" rwr="1"><font size="4" style="font-family:Arial" rwr="1"><font size="4" style="font-family:Arial" rwr="1"><font size="4" style="font-family:Arial" rwr="1"><font size="4" style="font-family:Arial" rwr="1"><font size="4" style="font-family:Arial" rwr="1"><font size="4" style="font-family:Arial" rwr="1"><font size="4" style="font-family:Arial" rwr="1"><font size="4" style="font-family:Arial" rwr="1"><div align="center"><br></div><font size="5"><div align="center">Vintage American Tool Chest Red Wooden Hinged 13 "L x 5 1/2" W x 3 1/4"</div><div align="center"><br></div><div align="left">This American Tool Chest is preowned and used.&nbsp; It is in fair condition.&nbsp; The front of the chest is missing the clasp latch.&nbsp; The top of the lid has scratches and some chips in the wood.&nbsp; The black silhouette faces are partially worn off.&nbsp; The black stamped AMERICAN TOOL CHEST is some what worn but readable.&nbsp; The bottom of the American Tool Chest has a rough surface as it has some scraped wood and chips along the outer edges of the American Tool Chest.&nbsp; The 2 gold tone hinges on back are worn and rusty, but workable. The inside of the American Tool Chest shows some wearing due to items previously being put in the tool chest.&nbsp; The American Tool Chest is usable or would make a great collectors item.</div><div align="left"><br></div><div align="left"><br></div><div align="left">The American Tool Chest is red, wooden, hinged and measures approximately 13" L x 5 1/2" W x 3 1/4" H.&nbsp; The lid lifts up and measures approximately 5 1/2" W x 13" L.&nbsp; There are 2 gold tone 1" W hinges on back each with 4 screws that are 2" from each end of the American Tool Chest.&nbsp; The hinges are work but worn and rusty.&nbsp; The clasp is missing on front of the American Tool Chest.&nbsp; The American Tool Chest is approximately 2 3/4" deep.</div><div align="left"><br></div><div align="left"><br></div><div align="left">The Vintage American Tool Chest is usable or would make a great collectors item!</div><div align="left"><br></div><div align="left"><br></div><div align="left"><br></div><div align="left"><br></div><div align="center"><br></div><div align="center"><br></div><div align="center"><br></div><div align="center"><br></div></font><div align="center"><font size="5"><br></font></div></font></font></font></font></font></font></font></font></font></font></font></font></font></font>
</DOC>
<DOC>
<DOCID>1700457</DOCID>
<CATEGORY>Collectibles > Lamps, Lighting > Lamps: Electric > Table Lamps</CATEGORY>
<ORIGTITLE>VTG Goose Neck Fluorescent Flexi Desk Lamp Underwriters Labs Mid Century Modern</ORIGTITLE>
<font rwr='1' size='4' style='font-family:Arial'><font rwr="1" style="font-family:Arial" size="4"><font rwr="1" style="font-family:Arial" size="4">Goose Neck Fluorescent Flexi Desk Lamp<br></font><br><font size="4">Specifics: <br></font><ul><li><font size="4">Mid Century Modern Style</font></li><li><font size="4">Brass toned flexible neck adjusts to aprox 14 inches tall</font></li><li><font size="4">19 inches width</font></li><li><font size="4">Depth aprox 10 inches depending on neck bend</font></li><li><font size="4">7 foot two pronged cord<br></font></li><li><font size="4">Starts much like a Dazor lamp (press and hold red button for 1 second)</font></li><li><font size="4">Made in the USA By Underwriters Laboratories Inc&nbsp; <br></font></li><li><font size="4">Requires 18 inch fluorescent lamp (included)</font></li></ul><font size="4">Condition: <br></font><ul><li><font size="4">Tested works</font></li><li><font size="4">Good overall condition<br></font></li></ul></font></font>
</DOC>
<DOC>
<DOCID>1700442</DOCID>
<CATEGORY>Collectibles > Postcards > International Cities & Towns > Mexico</CATEGORY>
<ORIGTITLE>Vintage Postcard Tijuana Mexico International  Border</ORIGTITLE>
<font rwr="1" style="font-family: Arial;"><font rwr="1" style="font-family: Arial;"><font rwr="1" style="font-family: Arial;"><font rwr="1" style="font-family: Arial;"><font rwr="1" style="font-family: Arial;"><font rwr="1" style="font-family: Arial;"><font rwr="1" style="font-family: Arial;"><font rwr="1" style="font-family: Arial;"><font rwr="1" style="font-family: Arial;"><font rwr="1" style="font-family: Arial;"><font rwr="1" style="font-family: Arial;"><font rwr="1" style="font-family: Arial;"><font rwr="1" style="font-family: Arial;"><font rwr="1" style="font-family: Arial;"><font rwr="1" style="font-family: Arial;"><font rwr="1" style="font-family: Arial;"><font rwr="1" style="font-family: Arial;"><font rwr="1" style="font-family: Arial;"><font rwr="1" style="font-family: Arial;"><font rwr="1" style="font-family: Arial;"><font rwr="1" style="font-family: Arial;"><meta name="viewport" content="width=device-width, initial-scale=1.0"><font rwr="1" style="font-family: Arial;"><font rwr="1" style="font-family: Arial;"><font rwr="1" style="font-family: Arial;"><font rwr="1" style="font-family: Arial;"><font rwr="1" style="font-family: Arial;"><font rwr="1" style="font-family: Arial;"><font rwr="1" style="font-family: Arial;"><font rwr="1" style="font-family: Arial;"><font rwr="1" style="font-family: Arial;"><font rwr="1" style="font-family: Arial;"><font rwr="1" style="font-family: Arial;"><font rwr="1" style="font-family: Arial;"><font rwr="1" style="font-family: Arial;"><font rwr="1" style="font-family: Arial;"><font rwr="1" style="font-family: Arial;"><font rwr="1" style="font-family: Arial;"><font rwr="1" style="font-family: Arial;"><font rwr="1" style="font-family: Arial;"><font rwr="1" style="font-family: Arial;"><font rwr="1" style="font-family: Arial;"><font rwr="1" style="font-family: Arial;"><font rwr="1" style="font-family: Arial;"><font rwr="1" style="font-family: Arial;"><font rwr="1" style="font-family: Arial;"><font rwr="1" style="font-family: Arial;"><font rwr="1" style="font-family: Arial;"><font rwr="1" style="font-family: Arial;"><font rwr="1" style="font-family: Arial;"><font rwr="1" style="font-family: Arial;"><font rwr="1" style="font-family: Arial;"><font rwr="1" style="font-family: Arial;"><font rwr="1" style="font-family: Arial;"><font rwr="1" style="font-family: Arial;"><font rwr="1" style="font-family: Arial;"><font rwr="1" style="font-family: Arial;"><font rwr="1" style="font-family: Arial;"><font rwr="1" style="font-family: Arial;"><font rwr="1" style="font-family: Arial;"><font rwr="1" style="font-family: Arial;"><font rwr="1" style="font-family: Arial;"><font rwr="1" style="font-family: Arial;"><font rwr="1" style="font-family: Arial;"><font rwr="1" style="font-family: Arial;"><font rwr="1" style="font-family: Arial;"><font rwr="1" style="font-family: Arial;"><font rwr="1" style="font-family: Arial;"><font rwr="1" style="font-family: Arial;"><font rwr="1" style="font-family: Arial;"><font rwr="1" style="font-family: Arial;"><font rwr="1" style="font-family: Arial;"><font rwr="1" style="font-family: Arial;"><font rwr="1" style="font-family: Arial;"><font rwr="1" style="font-family: Arial;"><font rwr="1" style="font-family: Arial;"><font rwr="1" style="font-family: Arial;"><font rwr="1" style="font-family: Arial;"><font rwr="1" style="font-family: Arial;"><font rwr="1" style="font-family: Arial;"><font rwr="1" style="font-family: Arial;"><font rwr="1" style="font-family: Arial;"><font rwr="1" style="font-family: Arial;"><font rwr="1" style="font-family: Arial;"><font rwr="1" style="font-family: Arial;"><font rwr="1" style="font-family: Arial;"><font rwr="1" style="font-family: Arial;"><font rwr="1" style="font-family: Arial;"><font rwr="1" style="font-family: Arial;"><font rwr="1" style="font-family: Arial;"><font rwr="1" style="font-family: Arial;"><font rwr="1" style="font-family: Arial;"><font rwr="1" style="font-family: Arial;"><font rwr="1" style="font-family: Arial;"><font rwr="1" style="font-family: Arial;"><font rwr="1" style="font-family: Arial;"><font rwr="1" style="font-family: Arial;"><font rwr="1" style="font-family: Arial;"><font rwr="1" style="font-family: Arial;"><font rwr="1" style="font-family: Arial;"><font rwr="1" style="font-family: Arial;"><font rwr="1" style="font-family: Arial;"><font rwr="1" style="font-family: Arial;"><font rwr="1" style="font-family: Arial;"><font rwr="1" style="font-family: Arial;"><font rwr="1" style="font-family: Arial;"><font rwr="1" style="font-family: Arial;"><font rwr="1" style="font-family: Arial;"><font rwr="1" style="font-family: Arial;"><font rwr="1" style="font-family: Arial;"><font rwr="1" style="font-family: Arial;"><font rwr="1" style="font-family: Arial;"><font rwr="1" style="font-family: Arial;"><font rwr="1" style="font-family: Arial;"><font rwr="1" style="font-family: Arial;"><font rwr="1" style="font-family: Arial;"><div style="text-align: center;"><b><font size="6">Vintage Postcard</font></b></div><div style="text-align: center;"><b><font size="6">&nbsp;Tijuana Mexico International Border&nbsp;</font></b></div><div style="font-size: 14pt; text-align: center;"><b><font size="6"><br></font></b></div><div style="font-size: 14pt; text-align: center;"><font rwr="1"><div><font rwr="1" size="4"><div><div style="font-size: 12px;"><div><span style="font-family: Verdana;">Item will be packed and shipped with care&nbsp;</span></div><div><font face="Verdana">Shipped&nbsp;</font><span style="font-family: Verdana;">within 1 business day of payment&nbsp;</span></div><div><span style="font-family: Verdana;">See excellent customer feedback,&nbsp;</span><span style="font-family: Verdana;">experienced, long time seller</span></div><div><font face="Verdana">ALL ITEMS COME FROM A CLEAN, SMOKE FREE HOME.</font></div><div><font face="Verdana"><br></font></div><div>*** IF you have any problems or concerns once you receive</div><div>&nbsp;the item(s) please email me to work&nbsp;<font face="Verdana"><font face="Arial">something&nbsp;</font></font></div><div><font face="Verdana"><font face="Arial">out before&nbsp;</font>leaving</font><font face="Arial">&nbsp;negative feedback.&nbsp;</font>&nbsp;I personally inspect&nbsp;</div><div>each item as thoroughly as possible.*** &nbsp;</div><div><br></div></div></div></font></div></font></div></font></font></font></font></font></font></font></font></font></font></font></font></font></font></font></font></font></font></font></font></font></font></font></font></font></font></font></font></font></font></font></font></font></font></font></font></font></font></font></font></font></font></font></font></font></font></font></font></font></font></font></font></font></font></font></font></font></font></font></font></font></font></font></font></font></font></font></font></font></font></font></font></font></font></font></font></font></font></font></font></font></font></font></font></font></font></font></font></font></font></font></font></font></font></font></font></font></font></font></font></font></font></font></font></font></font></font></font></font></font></font></font></font></font></font>
</DOC>
<DOC>
<DOCID>1700440</DOCID>
<CATEGORY>Collectibles > Pinbacks, Bobbles, Lunchboxes > Bobbleheads, Nodders > Modern (1970-Now) > Funko</CATEGORY>
<ORIGTITLE>RALPH BREAKS THE INTERNET FUNKO MYSTERY MINIS SPAMLEY FIGURE DISNEY</ORIGTITLE>
<font rwr="1" size="4" style="font-family:Arial"><font rwr="1" size="4" style="font-family:Arial"><font rwr="1" size="4" style="font-family:Arial"><font rwr="1" size="4" style="font-family:Arial"><font rwr="1" style="font-family: Arial;"><font rwr="1" style="font-family: Arial;"><font rwr="1" style="font-family: Arial;"><font rwr="1" style="font-family: Arial;"><div style="text-align: center;"><div style="font-size: medium;"><font size="6"><b>RALPH BREAKS THE INTERNET FUNKO MYSTERY MINIS</b></font></div><div style="font-size: medium;"><b style="font-size: xx-large;"><br></b></div><div style="font-size: medium;"><b style="font-size: xx-large;">SPAMLEY FIGURE</b></div><div style=""><font size="6"><b><br></b></font></div><div style="font-size: 14pt;">BRAND NEW CONDITION.&nbsp;</div><div style="font-size: 14pt;"><br></div><div style="font-size: 14pt;">ONLY OPENED TO CHECK FIGURE AND THEN PACKAGED TO SHIP</div></div><div style="font-size: 14pt; text-align: center;"><br></div></font></font></font></font></font></font></font></font><div style="font-size: 14pt; text-align: center;"><br></div><div style="font-size: 14pt; font-family: Times; text-align: -webkit-center;"><font face="Impact"><font size="7">I have more figures listed<br><br>Combined shipping is available!!</font></font></div>
</DOC>
<DOC>
<DOCID>1700448</DOCID>
<CATEGORY>Collectibles > Decorative Collectibles > Decorative Collectible Brands > Hummel, Goebel > Figurines</CATEGORY>
<ORIGTITLE>Goebel 1986 Angel Bell Christmas Ornament 11th in Green</ORIGTITLE>
<font rwr='1' size='4' style='font-family:Arial'>NEW IN THE BOX</font>
</DOC>
<DOC>
<DOCID>1700461</DOCID>
<CATEGORY>Collectibles > Decorative Collectibles > Decorative Collectible Brands > Hallmark > Kiddie Car Classics</CATEGORY>
<ORIGTITLE>2000 HALLMARK KEEPSAKE ORNAMENT 1924 TOLEDO FIRE ENGINE #6 KIDDIE CAR CLASSICS</ORIGTITLE>
<font rwr='1' size='4' style='font-family:Arial'>2000 HALLMARK KEEPSAKE ORNAMENT 1924 TOLEDO FIRE ENGINE #6 KIDDIE CAR CLASSICS CAST METAL COMPLETE IN ORIGINAL BOX.<br>MINT CONDITION, I DO NOT BELIEVE EVER ON A CHRISTMAS TREE, BUT NOT POSITIVE, SO I LISTED IT AS USED (SEE PHOTOS FOR COMPLETE DESCRIPTION).<br>WOULD MAKE A GREAT ADDITION TO ANY COLLECTION.<br></font><BR/><font rwr='1' size='4' style='font-family:Arial'><br><meta name="viewport" content="width=device-width, initial-scale=1.0"></font>
</DOC>
<DOC>
<DOCID>1700463</DOCID>
<CATEGORY>Collectibles > Cultures & Ethnicities > Asian > 1900-Now > Chinese > Figures & Statues</CATEGORY>
<ORIGTITLE>china brass wealth yuanbao money coin barrel monkey statue piggy bank money cans</ORIGTITLE>
<font rwr="1" size="4" style="font-family:Arial"><font rwr="1" size="4" style="font-family:Arial"><table align="center" style="border-spacing: 0px; width: 1315.5555419921875px;"><tbody><tr><td><div id="ds_div"><table align="center" style="border-spacing: 0px; width: 1313.3333740234375px;"><tbody><tr><td><div id="ds_div"><table align="center" style="border-spacing: 0px; width: 1184px;"><tbody><tr><td><div id="ds_div"><table align="center" style="border-spacing: 0px; width: 1182px;"><tbody><tr><td><div id="ds_div"><table align="center" style="border-spacing: 0px; width: 1180px;"><tbody><tr><td><div id="ds_div"><table align="center" style="border-spacing: 0px; width: 1178px;"><tbody><tr><td><div id="ds_div"><table align="center" style="border-spacing: 0px; width: 1176px;"><tbody><tr><td><div id="ds_div"><span style="font-family: Arial, Helvetica, sans-serif; font-size: 17.77777862548828px;">&nbsp;&nbsp;</span><span style="font-family: Arial, Helvetica, sans-serif; font-size: 17.77777862548828px;">&nbsp;&nbsp;</span><span style="font-family: Arial, Helvetica, sans-serif; font-size: 17.77777862548828px;">&nbsp;&nbsp;</span><span style="font-family: Arial, Helvetica, sans-serif; font-size: 17.77777862548828px;">&nbsp;&nbsp;</span><span style="font-family: Arial, Helvetica, sans-serif; font-size: 17.77777862548828px;">&nbsp; &nbsp;</span><span style="font-family: Arial, Helvetica, sans-serif; font-size: 17.77777862548828px;">&nbsp;&nbsp;&nbsp; &nbsp; &nbsp;&nbsp; &nbsp;&nbsp; &nbsp;&nbsp; &nbsp;&nbsp; &nbsp;</span><table width="95%" border="0" cellspacing="0" cellpadding="0" align="center" style="font-family: Arial, Helvetica, sans-serif;"><tbody><tr valign="top"><td align="right" background="HTTPS://ti2.auctiva.com/tia/0/soda3_outlft.gif" style="font-size: 18px;"><img src="HTTPS://ti2.auctiva.com/tia/0/soda3_outtplft.gif"></td><td width="100%" align="center" style="font-size: 18px; background-image: url(HTTPS://ti2.auctiva.com/tia/0/soda3_outtp.gif); background-position: 0% 0%; background-repeat: repeat no-repeat;"><p>&nbsp;</p><p>&nbsp;</p><table border="0" cellspacing="0" cellpadding="0" valign="top" width="90%"><tbody><tr><td style="font-size: 18px;"><img src="HTTPS://ti2.auctiva.com/tia/0/soda3_intplft.gif"></td><td background="HTTPS://ti2.auctiva.com/tia/0/soda3_intp.gif" style="font-size: 18px;"><img src="HTTPS://ti2.auctiva.com/tia/0/soda3_intp.gif"></td><td style="font-size: 18px;"><img src="HTTPS://ti2.auctiva.com/tia/0/soda3_intprt.gif"></td></tr><tr><td background="HTTPS://ti2.auctiva.com/tia/0/soda3_inlft.gif" style="font-size: 18px;"><img src="HTTPS://ti2.auctiva.com/tia/0/soda3_inlft.gif"></td><td bgcolor="#ffffff" align="center" width="100%" style="font-size: 18px;"><p><img src="HTTPS://tbimgdx010.bababian.com/upload7/okebay/201309/001139178658.jpg"></p>&nbsp;</td><td background="HTTPS://ti2.auctiva.com/tia/0/soda3_inrt.gif" style="font-size: 18px;"><img src="HTTPS://ti2.auctiva.com/tia/0/soda3_inrt.gif"></td></tr><tr><td style="font-size: 18px;"><img src="HTTPS://ti2.auctiva.com/tia/0/soda3_inbtlft.gif"></td><td background="HTTPS://ti2.auctiva.com/tia/0/soda3_inbt.gif" style="font-size: 18px;"><img src="HTTPS://ti2.auctiva.com/tia/0/soda3_inbt.gif"></td><td style="font-size: 18px;"><img src="HTTPS://ti2.auctiva.com/tia/0/soda3_inbtrt.gif"></td></tr></tbody></table></td><td background="HTTPS://ti2.auctiva.com/tia/0/soda3_outrt.gif" style="font-size: 18px;"><br></td></tr><tr><td background="HTTPS://ti2.auctiva.com/tia/0/soda3_outlft.gif" valign="top" align="right" style="font-size: 18px;"><br></td><td width="100%" height="100%" valign="top" bgcolor="#ffffff" style="font-size: 18px;"><center><div align="left"><table width="95%" border="0" align="center" class="acttbl"><tbody><tr><td style="font-size: 18px;"><table border="0" width="100%"><tbody><tr><td valign="top" width="100%"><table border="0" cellpadding="8" align="center" width="95%" class="acttbl"><tbody><tr><td width="100%"  ="" class="acttbl"><div align="center"><font size="6">&nbsp; &nbsp; &nbsp; &nbsp; &nbsp; &nbsp; &nbsp; &nbsp; &nbsp; &nbsp; &nbsp;&nbsp;</font><p><font color="#000000" face="Verdana, Arial, Helvetica, sans-serif" size="6"><img src="HTTPS://ti2.auctiva.com/tia/0/soda3_desc.gif"></font></p><p style="text-align: left;"><font size="5"><b><font face="Arial Black"><font style="color: rgb(0, 184, 239);">Here is an&nbsp;</font></font></b></font><font color="#00b8ef"><b><font face="Arial Black" size="5"><font>china brass wealth yuanbao money coin barrel monkey statue piggy bank money cans<font size="4">,</font></font></font></b></font><b style="font-size: x-large;"><font color="#00b8ef" face="Arial Black">As you can see the image, It is in good condition, and was created by skilled craftsmen in traditional style with fine handcrafts . This is a great piece of valuable collection, a valuable personal alter or a very good present. the handwork is very&nbsp;</font></b><b style="font-size: x-large;"><font color="#00b8ef" face="Arial Black">fine with incredible detailing. Don't miss out this chance to get it .Wish you good luck!</font></b></p><p style="text-align: left;"><img id="viEnlargeImgLayer_img_ctr" alt="" src="HTTPS://i.ebayimg.com/images/g/KGoAAOSwniRWOByf/s-l1600.jpg" clk="" style="margin: 0px; padding: 0px; border: 0px; font-size: 14.44444465637207px; color: rgb(51, 51, 51); font-family: 'Helvetica neue', Helvetica, Arial, sans-serif; line-height: 15.555556297302246px; text-align: center; background-color: rgb(0, 0, 0); width: 698.43px; height: 751px;"><img id="viEnlargeImgLayer_img_ctr" alt="" src="HTTPS://i.ebayimg.com/images/g/hQ8AAOSwhcJWOByh/s-l1600.jpg" clk="" style="margin: 0px; padding: 0px; border: 0px; font-size: 14.44444465637207px; color: rgb(51, 51, 51); font-family: 'Helvetica neue', Helvetica, Arial, sans-serif; line-height: 15.555556297302246px; background-color: rgb(0, 0, 0); width: 679.655px; height: 751px;"><img id="viEnlargeImgLayer_img_ctr" alt="" src="HTTPS://i.ebayimg.com/images/g/flIAAOSwwbdWOByk/s-l1600.jpg" clk="" style="margin: 0px; padding: 0px; border: 0px; font-size: 14.44444465637207px; color: rgb(51, 51, 51); font-family: 'Helvetica neue', Helvetica, Arial, sans-serif; line-height: 15.555556297302246px; background-color: rgb(0, 0, 0); width: 620.51375px; height: 751px;"><img id="viEnlargeImgLayer_img_ctr" alt="" src="HTTPS://i.ebayimg.com/images/g/H1YAAOSw~bFWOByw/s-l1600.jpg" clk="" style="margin: 0px; padding: 0px; border: 0px; font-size: 14.44444465637207px; color: rgb(51, 51, 51); font-family: 'Helvetica neue', Helvetica, Arial, sans-serif; line-height: 15.555556297302246px; background-color: rgb(0, 0, 0); width: 640.2275px; height: 751px;"><img id="viEnlargeImgLayer_img_ctr" alt="" src="HTTPS://i.ebayimg.com/images/g/h3EAAOSwYHxWOByz/s-l1600.jpg" clk="" style="margin: 0px; padding: 0px; border: 0px; font-size: 14.44444465637207px; color: rgb(51, 51, 51); font-family: 'Helvetica neue', Helvetica, Arial, sans-serif; line-height: 15.555556297302246px; background-color: rgb(0, 0, 0); width: 679.655px; height: 751px;"><img id="viEnlargeImgLayer_img_ctr" alt="" src="HTTPS://i.ebayimg.com/images/g/FAAAAOSwlaxWOBy2/s-l1600.jpg" clk="" style="margin: 0px; padding: 0px; border: 0px; font-size: 14.44444465637207px; color: rgb(51, 51, 51); font-family: 'Helvetica neue', Helvetica, Arial, sans-serif; line-height: 15.555556297302246px; background-color: rgb(0, 0, 0); width: 656.18625px; height: 751px;"><img id="viEnlargeImgLayer_img_ctr" alt="" src="HTTPS://i.ebayimg.com/images/g/6D4AAOSwI-BWOBy4/s-l1600.jpg" clk="" style="margin: 0px; padding: 0px; border: 0px; font-size: 14.44444465637207px; color: rgb(51, 51, 51); font-family: 'Helvetica neue', Helvetica, Arial, sans-serif; line-height: 15.555556297302246px; background-color: rgb(0, 0, 0); width: 593.29px; height: 751px;"><img id="viEnlargeImgLayer_img_ctr" alt="" src="HTTPS://i.ebayimg.com/images/g/IKwAAOSw~bFWOBy8/s-l1600.jpg" clk="" style="margin: 0px; padding: 0px; border: 0px; font-size: 14.44444465637207px; color: rgb(51, 51, 51); font-family: 'Helvetica neue', Helvetica, Arial, sans-serif; line-height: 15.555556297302246px; background-color: rgb(0, 0, 0); width: 664.635px; height: 751px;"><img id="viEnlargeImgLayer_img_ctr" alt="" src="HTTPS://i.ebayimg.com/images/g/jNEAAOSwT5tWOBzB/s-l1600.jpg" clk="" style="margin: 0px; padding: 0px; border: 0px; font-size: 14.44444465637207px; color: rgb(51, 51, 51); font-family: 'Helvetica neue', Helvetica, Arial, sans-serif; line-height: 15.555556297302246px; background-color: rgb(0, 0, 0); width: 636.4725px; height: 751px;"><img id="viEnlargeImgLayer_img_ctr" alt="" src="HTTPS://i.ebayimg.com/images/g/RKMAAOSwo0JWOBzE/s-l1600.jpg" clk="" style="margin: 0px; padding: 0px; border: 0px; font-size: 14.44444465637207px; color: rgb(51, 51, 51); font-family: 'Helvetica neue', Helvetica, Arial, sans-serif; line-height: 15.555556297302246px; background-color: rgb(0, 0, 0); width: 605.49375px; height: 751px;"><img id="viEnlargeImgLayer_img_ctr" alt="" src="HTTPS://i.ebayimg.com/images/g/FggAAOSwlaxWOBzH/s-l1600.jpg" clk="" style="margin: 0px; padding: 0px; border: 0px; font-size: 14.44444465637207px; color: rgb(51, 51, 51); font-family: 'Helvetica neue', Helvetica, Arial, sans-serif; line-height: 15.555556297302246px; background-color: rgb(0, 0, 0); width: 658.06375px; height: 751px;"><img id="viEnlargeImgLayer_img_ctr" alt="" src="HTTPS://i.ebayimg.com/images/g/NkwAAOSw5ZBWOBzK/s-l1600.jpg" clk="" style="margin: 0px; padding: 0px; border: 0px; font-size: 14.44444465637207px; color: rgb(51, 51, 51); font-family: 'Helvetica neue', Helvetica, Arial, sans-serif; line-height: 15.555556297302246px; background-color: rgb(0, 0, 0); width: 628.9625px; height: 751px;"></p><p align="left" style="font-family: Simsun; margin-left: 3px; margin-right: 3px;"><font size="6"><font color="#ff0010" face="Arial"></font>&nbsp;</font></p><p align="left" style="margin-left: 3px; margin-right: 3px;"><font size="5"><font face="Arial"><font color="#ff0010"><font face="Simsun">Size:Height</font></font></font></font><span style="color: rgb(255, 0, 16); font-family: Simsun; font-size: x-large;">: 10.23</span><font size="5"><font face="Arial"><font color="#ff0010"><font face="Simsun">&nbsp;inch Long</font></font></font><span style="color: rgb(255, 0, 16); font-family: Arial;">: 7.08&nbsp;</span></font><font size="5"><span style="color: rgb(255, 0, 16); font-family: Simsun;">inch&nbsp;</span><span style="color: rgb(255, 0, 16); font-family: Arial;">Width</span></font><span style="color: rgb(255, 0, 16); font-family: Arial; font-size: x-large;">: 5.55&nbsp;</span><span style="color: rgb(255, 0, 16); font-family: Simsun; font-size: x-large;">inch</span></p><p align="left" style="margin-left: 3px; margin-right: 3px;"><font size="5"><font face="Arial"><font color="#ff0010"><font face="Simsun">Size:Height: 26</font></font></font></font><font face="Arial" style="font-size: x-large;"><font color="#ff0010"><font face="Simsun">&nbsp;cm</font></font></font><font face="Arial" style="font-size: x-large;"><font color="#ff0010"><font face="Simsun">&nbsp;Long: 18 cm</font></font></font><font face="Simsun" style="font-size: x-large; color: rgb(255, 0, 16);">&nbsp;</font><span style="font-size: x-large; color: rgb(255, 0, 16); font-family: Arial;">Width: 14 cm</span></p><p align="left" style="margin-left: 3px; margin-right: 3px;"><span style="color: rgb(255, 0, 16); font-family: Arial; font-size: x-large;">Weight: 2.0 KG----included the weight of packing materials</span></p><p align="left" style="orphans: 2; widows: 2; margin-left: 3px; margin-right: 3px;"><font style="font-family: Simsun; font-size: 18px;"><font color="#ff0010" size="5">Materials:</font></font><font color="#ff0010" face="Simsun" size="5">Brass</font></p><p align="left" style="font-size: 18px; font-family: Simsun; margin-left: 3px; margin-right: 3px;"><font face="Arial"><font color="#ff0010" size="5">Condition: Good condition</font></font></p><p align="left" style="font-size: 18px; font-family: Simsun; margin-left: 3px; margin-right: 3px;"><font color="#ffffff" face="Arial"><font color="green"><font color="red"><font color="red"><font color="red"><font color="red"><font color="#000000"><font color="#ff0010" size="5">Origin: China</font></font></font></font></font></font></font></font></p><p style="font-size: 18px;"><font size="5"><font color="#ff0010" face="Arial" style="text-align: start;"></font><span style="text-align: start; background-color: rgb(0, 0, 0);"></span><font style="text-align: start;"></font></font></p><p align="left" style="orphans: 2; widows: 2; margin-left: 3px; margin-right: 3px;"><font color="#ff0010" style="font-family: Arial; font-size: 18px;">Shipping cost by&nbsp;</font><font face="Verdana, Arial, Helvetica, sans-serif" size="2" style="background-color: rgb(244, 215, 176);">Air Mail&nbsp;</font><strong style="font-size: x-large; color: rgb(255, 0, 16); font-family: Arial;">(7-15 days ) : $Free</strong></p><br></div><div align="center" class="STYLE1" style="font-size: 18px;"><font color="#000000" size="2"><img src="HTTPS://ti2.auctiva.com/tia/0/soda3_pay.gif"></font></div><font size="4">&nbsp; &nbsp; &nbsp; &nbsp; &nbsp; &nbsp; &nbsp; &nbsp; &nbsp; &nbsp; &nbsp; &nbsp;</font><p class="STYLE1" style="font-size: 18px;"><font size="5"><font color="#000000">we only accept paypal<br></font><font color="#000000">if you have any problems on payment,please inform us via ebay message</font></font><font color="#000000" size="2">.&nbsp;</font></p><div align="center" class="STYLE1" style="font-size: 18px;"><font color="#000000" size="2"><img src="HTTPS://ti2.auctiva.com/tia/0/soda3_ship.gif"></font></div><font size="4">&nbsp; &nbsp; &nbsp; &nbsp; &nbsp; &nbsp; &nbsp; &nbsp; &nbsp; &nbsp; &nbsp; &nbsp;</font><p class="STYLE1" style="font-size: 18px;"><font size="5">1.We ship regularly Monday to Saturday (Beijing Time) and will ship your items within 1-2 days upon payment received. If we can not ship your item on time for some special reason, we will inform you via ebay message.</font></p><p class="STYLE1" style="font-size: 18px;"><font size="5">&nbsp; &nbsp; &nbsp;&nbsp;<br>2.We are not responsible for nor can we offer any specific advices on import fees, duty, customs, VAT or taxes that you may have to pay when your order arrives.<br>&nbsp;&nbsp;<br>3.We &nbsp;ship the items according to your Paypal address except the special notes from &nbsp;buyers! Be sure that your Paypal address is correct when you buy the items in &nbsp;ebay. We do not take responsibility for item loss due to wrong address.<br>&nbsp;&nbsp;<br>4.Estimated delivery time:<br>Shipping may be influenced by holidays, events and some other uncertainties. If you dislike the seemingly long shipping time, please think carefully to bid or buy the item. We do not want to get a negative or neutral or low DSR score because of shipping time. If you have special demand on shipping time, please inform me via ebay message.</font></p><font size="4">&nbsp; &nbsp;</font><span class="STYLE1" style="font-size: 18px;"><font size="2" color="#000000"><font size="2" color="#000000"><br>&nbsp; &nbsp; &nbsp;&nbsp;</font></font>&nbsp; &nbsp; &nbsp; &nbsp; &nbsp; &nbsp; &nbsp; &nbsp; &nbsp; &nbsp; &nbsp; &nbsp;</span><font size="4">&nbsp;&nbsp; &nbsp;</font><div align="center" class="STYLE1" style="font-size: 18px;"><font color="#000000" size="2"><img src="HTTPS://ti2.auctiva.com/tia/0/soda3_about.gif"></font></div><font size="4">&nbsp; &nbsp; &nbsp; &nbsp;&nbsp;</font><br><p class="STYLE1" style="font-size: 18px;"><font color="#000000" size="5">We want to give you a happy shopping experience, when you are not satisfied with our products, please contact us on EBAY, we are responsible seller, we will solve your problem, please believe us,thanks!</font><font size="2" color="#000000"></font></p><br><div align="center" class="STYLE1" style="font-size: 18px;"><font color="#000000" size="2"><img src="HTTPS://ti2.auctiva.com/tia/0/soda3_contact.gif"></font></div><p class="STYLE1 STYLE1" style="font-size: 18px;"><font size="5">If you're in any way dissatisfied with your purchase, let me know through "MY MESSAGES" or "Ask Seller Questions" or our mailbox. We will solve it for you. We are committed to ensuring that you are completely satisfied with every transaction. 100% Satisfaction guaranteed ! We will reply your mail with in 24 hours normally. Sometimes have a little delay due to the weekends or holidays. If you can't get our mail after 48 hours, please check your spam or contact to us via Ebay.<br>In addition to contact us through eBay or you can send your message to our mailbox. Any question, please feel free to contact us, we will always do our best to serve you.<br>Business Hours: Mon-Sat 9:00-17:30:00 (HongKong Time GMT+8:00)</font></p><font size="4">&nbsp; &nbsp;</font><p style="font-size: 18px;">10.31 ZJ</p></td></tr></tbody></table></td></tr></tbody></table>&nbsp; &nbsp;</td></tr></tbody></table><br>&nbsp; &nbsp;</div></center></td><td background="HTTPS://ti2.auctiva.com/tia/0/soda3_outrt.gif" valign="top" style="font-size: 18px;"><img src="HTTPS://ti2.auctiva.com/tia/0/soda3_outrt.gif"></td></tr><tr><td align="right" style="font-size: 18px;"><img src="HTTPS://ti2.auctiva.com/tia/0/soda3_outbtlft.gif"></td><td background="HTTPS://ti2.auctiva.com/tia/0/soda3_outbt.gif" style="font-size: 18px;"><img src="HTTPS://ti2.auctiva.com/tia/0/soda3_outbt.gif"></td><td style="font-size: 18px;"><img src="HTTPS://ti2.auctiva.com/tia/0/soda3_outbtrt.gif"></td></tr></tbody></table><span style="font-family: Arial, Helvetica, sans-serif; font-size: 17.77777862548828px;">&nbsp; &nbsp;</span></div></td></tr></tbody></table></div></td></tr></tbody></table></div></td></tr></tbody></table></div></td></tr></tbody></table></div></td></tr></tbody></table></div></td></tr></tbody></table></div></td></tr></tbody></table><div id="" style="width:100%;text-align:center;padding-top:20px;font-family:Times New Roman"><img id="pushauctioncounter" src="HTTPS://counter4.pushauction.com/6514cdd6-63fa-45a1-905c-6dd4bff407b6/526e926b-a519-46ce-ad5f-a81919816e12.jpg"></div><div id="pushauctioncounterdiv" style="width:100%;text-align:center;padding-top:20px;font-family:Times New Roman"><img id="pushauctioncounter" src="https://counter.pushauction.com/6514cdd6-63fa-45a1-905c-6dd4bff407b6/b49c6b11-0841-432b-9f96-9f7a534dbf26.jpg"></div></font></font>
</DOC>
<DOC>
<DOCID>1700464</DOCID>
<CATEGORY>Collectibles > Decorative Collectibles > Trinket Boxes</CATEGORY>
<ORIGTITLE>Huge Lot Of LENOX Collectables Trinket Boxes With Charms Music Box And Figurines</ORIGTITLE>
<p>Huge lot of twelve (12) pieces of gold embellished, Porcelain, collectible Lenox.  Features nine (9) “Lenox Treasures” trinket boxes, one large present shaped music box and two dog and cat figurines.  They are all marked on the bottom, the dog figurine has an older mark.  All the trinket boxes include stunning gold charms.  The music box is in working order.  All are in mint condition.</p><p><b>I</b><b>nventory & Dimensions:</b></p><p style="text-indent:0px; margin-left:15px; "><b>• Lenox treasures sailor girl teddy bear box, 3.25”H</b></p><p style="text-indent:0px; margin-left:15px; "><b>• Dancing with waves treasure box, 3.5”H</b></p><p style="text-indent:0px; margin-left:15px; "><b>• Halloween hayride treasure box, 2.75”H</b></p><p style="text-indent:0px; margin-left:15px; "><b>• The dolphin splash box, 3.5”H </b></p><p style="text-indent:0px; margin-left:15px; "><b>• Afternoon in the meadow treasure box, 3”H</b></p><p style="text-indent:0px; margin-left:15px; "><b>• Time for tea treasure box, 2.5”H</b></p><p style="text-indent:0px; margin-left:15px; "><b>• Tiny treasures gift box, 2.25”H</b></p><p style="text-indent:0px; margin-left:15px; "><b>• Dolphins hidden treasure box, 3.25”H</b></p><p style="text-indent:0px; margin-left:15px; "><b>• Sunshine and sprinkles treasure box, 3.75”H</b></p><p style="text-indent:0px; margin-left:15px; "><b>• Lenox Cat Figurine, 3.5”H</b></p><p style="text-indent:0px; margin-left:15px; "><b>• Lenox Dog Figurine, 3.75”H</b></p><p style="text-indent:0px; margin-left:15px; "><b>• Lenox Gold Club music box, 4.75”H x 3.25” x 3.25”</b></p>
</DOC>
<DOC>
<DOCID>1700466</DOCID>
<CATEGORY>Collectibles > Breweriana, Beer > Drinkware, Steins > Lidded Steins > Germany</CATEGORY>
<ORIGTITLE>Vintage West Germany Original Gerzit Gerz Lidded Beer Stein  7"</ORIGTITLE>
<font rwr="1" size="4" style="font-family:Arial"><p>Marked on bottom Original Gerzit Gerz</p><p>WEST GERMANY </p><p>History:</p><p>"Gerzit" Ink Stamp Dating 1960-1990</p><p>Pewter Lid, ornate handle with clean minimalist top.</p><p>Very nice condition, no dings or dents</p><p>measures 7" Tall to top/ by 6" Across including the handle..</p><p>Design / Picture shows men workers farmers with horse cart and barrel ready ship / receive / exchange things by boat and overseas.</p></font>
</DOC>
<DOC>
<DOCID>1700469</DOCID>
<CATEGORY>Collectibles > Photographic Images > Contemporary (1940-Now) > Celebrity > Sports</CATEGORY>
<ORIGTITLE>1968 Press Photo Jack Nicklaus Accepts Job of National Easter Seal Chairman</ORIGTITLE>
<!DOCTYPE HTML PUBLIC "-//W3C//DTD HTML 4.01 Transitional//EN" "http://www.w3.org/TR/html4/loose.dtd">
									<html>
									<head>
                                    <!--PreviewScript-->
									<title> ebay template </title>
									</head>
									<body>
								<link href="https://fonts.googleapis.com/css?family=Roboto" rel="stylesheet" type="text/css" />  <link href="https://fonts.googleapis.com/css?family=Prata" rel="stylesheet" type="text/css" />
<div align="center">
<h2 class="auto-style1" style="text-align: center;" align="center"><span style="font-size: 24pt;"><span style="color: #000000;"><span style="font-size: 28pt;">H</span><span>ISTORIC</span><span style="color: #978f7e;"><span style="font-size: 28pt;">I</span><span>MAGE</span>S</span></span></span><br /></h2>
<hr />
<h3 class="auto-style4" align="center"><font size="2">Note: Please study the images carefully to determine the condition of this vintage photograph, as it may not be in perfect condition. It may contain wrinkles, cracks, and possibly even tears due to its age and how it was handled before it got to us. A scanner may interpret colors and contrast differently than human eyes will, so it is possible that the actual photograph may be slightly darker or lighter in person.</font></h3>
</div>
<h3 class="auto-style4" align="center"><font size="2">This vintage photograph is offered for sale as a collectible item and conveys no transfer of copyright.</font></h3>
<div id="main_content2" align="center">
<h3 class="auto-style1"><font size="5"><b>1968 Press Photo Jack Nicklaus Accepts Job of National Easter Seal Chairman </b></font></h3>
<h3 class="auto-style4">This is an original press photo. Jack Nicklaus, one of the top money winners in pro golf history, has accepted the job of National Easter Seal Sports Chairman for the 2nd year in a row. His duties will include representing the world of sports during th 1968 Easter Seal campaign.  Photo measures 8 x 10.25 inches. Photo is dated 2-21-1968. <font size="3"> </font></h3>
<h4 class="auto-style4"><font size="3"><span class="main_content2_photos">PHOTO FRONT</span><br /><a target="_blank" rel="noopener"><img alt="Image1" src="https://kyozoufs.blob.core.windows.net/filestoragecs4/Pictures/_13/12852/12851953.jpg" width="50%" border="0" /></a><br /><span class="main_content2_copy"> </span><br /><span class="main_content2_photos">PHOTO BACK</span><br /><a target="_blank" rel="noopener"><img alt="Image2" src="https://kyozoufs.blob.core.windows.net/filestoragecs4/Pictures/_13/12852/12851954.jpg" width="50%" border="0" /></a> <br /><span class="main_content2_copy"></span><br /></font><font size="5"><font size="3"></font></font></h4>
<p><span class="auto-style4">[click an image above to see a larger version] </span></p>
<p><br /></p>
<p><font size="3"><span class="auto-style4">Historic Images Part Number:</span> lrs06559</font></p>
<hr />
<h4 class="auto-style4">
<div align="left">
<h1 class="auto-style6" align="center"><font size="5"><b>FAQs<br /><font size="3">Q: Can I just download a digital version instead?<br /></font><span class="auto-style6"><font size="2">A: No, we sell only vintage originals and do not make or distribute any copies, including digital ones.</font></span><br /></b></font></h1>
<h2 class="auto-style6"><b><font size="3">Q: Do you combine shipping and invoices?</font></b></h2>
<font size="2"><span class="auto-style6">A: Multiple photos won on the same seller ID combine automatically through the eBay checkout process. If you encounter problems with this, send us a message via eBay messaging and we will send you an invoice. Due to eBay limitations, we cannot combine items won on our different seller IDs for a single shipping charge.</span></font>
<h2 class="auto-style6"><b><font size="3">Q: How quickly do you ship the items once paid?</font></b></h2>
<font size="2"><span class="auto-style6">A: We ship within one business day after your payment clears. If you do not receive an "order shipped" email from us by the close of the second business day from submitting payment, please e-mail us via eBay messaging. </span></font>
<h2 class="auto-style6"><b><font size="3">Q: How do you make sure my photograph arrives safely?</font></b></h2>
<p class="auto-style6"><font size="2">A: We package each order between two cross-corrugated pieces of cardboard to ensure that the package is as difficult to bend as possible. We then wrap each order in a plastic sheet to help protect against moisture. We want you to rest assured that we take every precaution to ensure that the photograph you receive will be in the same condition in your care as it was in ours.<br /></font></p>
<h2 class="auto-style6"><b><font size="3">Q: Will the "Historic Images" watermark be on my photo when I receive it?</font></b></h2>
<font size="2"><span class="auto-style6">A: No. This is a digital watermark we use to protect our images. It is not printed on the photo. </span></font>
<h2 class="auto-style6"><b><font size="3">Q: What are your office hours?</font></b></h2>
<font size="2"><span class="auto-style6">A: eBay for us is a business, and a very fun one to be in! We are open M-F 9 to 5 (CST). Therefore, we do not return e-mails and phone calls over the weekend. We observe the following holidays: New Years Day, Memorial Day, Fourth of July, Labor Day, Thanksgiving and the day after Thanksgiving, Christmas Eve and Christmas Day. </span></font>
<h2 class="auto-style6"><b><font size="3">Q: Where did all these vintage photos come from?</font></b></h2>
<font size="2"><span class="auto-style6">A: These original vintage photographs are from various news service and newspaper photo archives from locations around the country including: Boston, Detroit, Tampa, Chicago, Denver, Seattle, New Orleans, Milwaukee, Portland, Spokane, and more. We do not copy or reproduce any photographs -- every item is a unique vintage piece that was housed in a news archive.</span></font>
<h2 class="auto-style6"><b><font size="3">Q: Can I use this photograph in my book/blog/website?</font></b></h2>
<p class="auto-style6"><font size="2">A: The short answer is no. There is no transfer of copyright for republication or reproduction with these photographs when you purchase them, and only photographs taken before 1923 are currently automatically in the public domain. Permission from the copyright holder, which usually can be identified from the back of each photo, must be sought to republish or reproduce the image for any purpose.</font></p>
<h2 class="auto-style6"><b><font size="3">Q: Do you relist items (in case I miss an auction ending)?</font></b></h2>
<font size="2"><span class="auto-style6">A: Auction items that receive no bids are relisted in our store (historicimages-store on eBay) as a fixed-price item and at a higher price than the starting auction price. </span></font>
<h2 class="auto-style6"><b><font size="3">Q: Do you leave feedback?</font></b></h2>
<font size="2"><span class="auto-style6">A: Yes, we always leave feedback for buyers. Our software monitors when our buyers leave us feedback, then notifies us that we can leave feedback for the buyer. Rest assured, if you leave feedback, we will do the same!</span></font></div>
<font size="2"> </font><font size="2"> </font>
<div id="other_ids"><font size="2"><font size="2"></font></font>
<h1 class="auto-style4" align="center"><font size="4">Check out our family of eBay IDs:</font></h1>
<table class="auto-style5" width="804" height="222" cellspacing="0" cellpadding="0" border="0" align="center">
<tbody>
<tr>
<td class="auto-style5" style="width: 151.72px; height: 106px;"><a href="https://stores.ebay.com/historicimages-nea" target="_blank" rel="noopener"> <span style="color: #a23924;">historicimages01</span></a><br /> <span class="auto-style4">Sports Photos</span></td>
<td class="auto-style5" style="width: 187.02px; height: 106px;"><a href="https://stores.ebay.com/historicimages02" target="_blank" rel="noopener"><span style="color: #a23924;">historicimages02</span> </a><br /> <span class="auto-style4">Entertainment Photos</span></td>
<td class="auto-style5" style="width: 227.01px; height: 106px;"><span style="color: #a23924;"><a style="color: #a23924;" href="https://stores.ebay.com/historicimages03" target="_blank" rel="noopener">historicimages03 </a></span><br /> <span class="auto-style4">Americana Photos</span></td>
<td class="auto-style5" style="width: 226.25px; height: 106px;"><a href="https://stores.ebay.com/historicimages04" target="_blank" rel="noopener"><span style="color: #a23924;">historicimages04</span> </a><br /> <span class="auto-style4">International &amp; War Photos</span></td>
</tr>
<tr>
<td class="auto-style5" style="width: 151.72px;" height="115"><a href="https://stores.ebay.com/historicimages-transportation" target="_blank" rel="noopener"><span style="color: #a23924;">historicimages05 </span></a><br /> <span class="auto-style4">Transportation<br /></span> <span class="auto-style4">Photos</span><br /></td>
<td class="auto-style5" style="width: 187.02px;" height="115"><span style="color: #a23924;"><a style="color: #a23924;" href="https://stores.ebay.com/historicimages-store" target="_blank" rel="noopener"> historicimages-store</a></span><br /> <span class="auto-style4">Our largest fixed-price<br /></span> <span class="auto-style4">selection</span></td>
<td class="auto-style5" style="width: 227.01px;" height="115"><span style="color: #a23924;"><a style="color: #a23924;" href="https://stores.ebay.com/historicimages-market" target="_blank" rel="noopener">historicimages-market </a></span><br class="auto-style4" /> <span class="auto-style4">Hand-picked photos and</span><br class="auto-style4" /> <span class="auto-style4"> our New Orleans collection</span></td>
<td class="auto-style5" style="width: 226.25px;" height="115"><a href="https://stores.ebay.com/historicimages-gallery" target="_blank" rel="noopener"><span style="color: #a23924;">historicimages-gallery</span></a><br /> <span class="auto-style4">Hand-picked photos</span><br class="auto-style4" /> <span class="auto-style4">Saturday night auctions</span></td>
</tr>
</tbody>
</table>
<h2 class="auto-style4" align="center"><b><font size="5"><font size="4">About Us</font></font></b></h2>
<font size="5"> </font>
<div align="left">
<p><font align="left" size="2"><span class="auto-style6">Historic Images was formed in September 2009, with a handful of scanners working out of a basement to digitize newspaper photo archives. We have since moved out of the basement, and we can now archive thousands of photos per day. Our company has worked with magazines and newspapers from Detroit, Boston, Denver, Seattle, Tampa, Chicago, and New Orleans, just to name a few. </span></font></p>
<p><font size="2"><span class="auto-style6">We are constantly adding to our inventory, and have assembled an archive of millions of photos to date. As our company evolved, we began our eBay business, which brings thousands of fresh auctions per week to the world's largest online auction marketplace. Our custom software systems and team of great employees allow us to efficiently scan and sell large photo archives online. At the very core of our company's DNA is a strong commitment to customer satisfaction and strict integrity for our product. Our promise to you is that we will do everything in our power to provide you a great buying experience.</span></font></p>
</div>
</div>
<font size="2"><font size="2"><font size="5"></font></font></font>
<div id="footer">
<p class="auto-style4" align="center"><font size="2">Copyright 2009 - Present, Historic Images, Inc. </font><font size="2"><br /></font><font size="2"><font size="2"><font size="5"></font></font></font></p>
<h2 class="auto-style1" style="text-align: center;" align="center"><span style="font-size: 24pt;"><span style="color: #000000;"><span style="font-size: 28pt;">H</span><span>ISTORIC</span><span style="color: #978f7e;"><span style="font-size: 28pt;">I</span><span>MAGE</span>S</span></span></span><br /></h2>
<style type="text/css"><!--
p.MsoNormal
	{margin-top:0in;
	margin-right:0in;
	margin-bottom:8.0pt;
	margin-left:0in;
	line-height:100%;
	font-size:11.0pt;
	font-family:"Roboto",sans-serif;
	}
.auto-style1 {
        font-family:"Prata",serif;
	text-align: center;
}
.auto-style2 {
        font-family: "Roboto", 
	border-style: solid;
	border-width: 1px;
	text-align: center;
}
.auto-style3 {
	border-width: 0px;
}

.auto-style4 {
	font-family: "Roboto", "Arial Narrow", Arial, sans-serif;
}
.auto-style5 {
	border-style: solid;
border-color: #a23924;	
border-width: 2px;
	text-align: center;
	font-family: "Roboto", "Arial Narrow", Arial, sans-serif;
}
.auto-style6 {
	font-family: "Roboto", "Arial Narrow", Arial, sans-serif;
font-weight: normal;
text-align: left;
}
.auto-style7 {
	font-family: "Roboto", "Arial Narrow", Arial, sans-serif;
}
--></style>
</div>
</h4>
</div><hr size='1'><div style='text-align:center;width:100%;color:black;'><img src='https://my.kyozou.com/design/logos/KyozouImageSmall.png'><br/><small>Sell Smarter with <a href = 'https://cgi6.ebay.com/ws/eBayISAPI.dll?SolutionsDirectory&page=details&solutionId=215' target='_blank' style='color:blue;'>Kyozou</a>.<br/>Inventory and Ecommerce Management</small></div></body></html><br><center><img src='https://counters1.kyozou.com/counter.aspx?Tmp=0&Item=32863021&Ven=1'/></center>
</DOC>
<DOC>
<DOCID>1700470</DOCID>
<CATEGORY>Collectibles > Historical Memorabilia > Teaching & Education > Military Academies</CATEGORY>
<ORIGTITLE>4 VMI Virginia Military Institute PATCHES Company Supply Sergeant 1955 Militaria</ORIGTITLE>
<font rwr="1" size="4" style="font-family:Arial"><div style=""><font face="Arial"><span style="font-size: 18.6667px;">VMI Virginia Military Institute PATCHES Company Supply Sergeant 1955 (Class of 56)</span></font></div><div style=""><font face="Arial"><span style="font-size: 18.6667px;"><br></span></font></div><div style=""><font face="Arial"><span style="font-size: 18.6667px;">2 Pairs included</span></font></div><div style=""><font face="Arial"><span style="font-size: 18.6667px;">These are the smaller Chevron Patches.&nbsp;&nbsp;</span></font></div><div style=""><font face="Arial"><span style="font-size: 18.6667px;"><br></span></font></div><div style=""><font face="Arial"><span style="font-size: 18.6667px;">3.25" w x 3.50 l</span></font></div><div style=""><font face="Arial"><span style="font-size: 18.6667px;">3.25" w x 4.25" l</span></font></div><div style=""><font face="Arial"><span style="font-size: 18.6667px;"><br></span></font></div><div style=""><font face="Arial"><span style="font-size: 18.6667px;">Wool with wool felt on back.</span></font></div><div style=""><font face="Arial"><span style="font-size: 18.6667px;">Have been used and&nbsp;</span></font><span style="font-family: Arial; font-size: 18.6667px;">presented just as they were removed from the uniform. &nbsp;...threads and all.</span></div><div style=""><font face="Arial"><span style="font-size: 18.6667px;"><br></span></font></div><div style=""><font face="Arial"><span style="font-size: 18.6667px;">Thanks for stopping by.</span></font></div></font>
</DOC>
<DOC>
<DOCID>1700488</DOCID>
<CATEGORY>Collectibles > Animation Art & Characters > Japanese, Anime > Other Anime Collectibles</CATEGORY>
<ORIGTITLE>TRANSFORMERS GENERATION 1 DECEPTICONS INSECTICON ANIME PRODUCTION CEL 2</ORIGTITLE>
<font rwr='1' size='4' style='font-family:Arial'><font size="4" style="font-family:Arial" rwr="1"><font size="4" style="font-family:Arial" rwr="1">&nbsp;<p><font size="6"><strong><u><span lang="EN-US" style='color: black; font-family: "ＭＳ Ｐゴシック"; font-size: 18pt;'>Description</span></u></strong></font><span lang="EN-US"></span></p><font size="7" style="color: rgb(255, 106, 53);"><span style="font-weight: bold;"><strong>TRANSFORMERS GENERATION 1 DECEPTICONS INSECTICON&nbsp; ANIME PRODUCTION CEL</strong></span></font><font size="2" style="font-family: Arial;"><strong><font size="6"><font size="5"><br></font></font></strong><strong><font size="6"><br>Condition: Used/ Good CEL AND&nbsp;PAPER STUCK TOGETHER<font size="6"> </font></font></strong><br><font size="5"><span style="color: rgb(153, 132, 2); font-weight: bold;"><br></span></font><strong></strong><br><br><font size="7" style="color: rgb(251, 0, 52);"><span style="font-weight: bold;"></span></font></font><font size="2" style="font-family: Arial;"><font size="7" style="color: rgb(251, 0, 52);"><span style="font-weight: bold;"><font size="2" style="font-family: Arial;"><font size="7" style="color: rgb(251, 0, 52);"><span style="font-weight: bold;">IF YOU WOULD LIKE ME TO FIND ANY CEL, DOUGA, GENGA ITEMS PLEASE SEND ME YOUR LIST OF TITLES.<br><br>I USUALLY LOOK FOR ITEMS WEEKLY</span></font></font></span></font><font size="7" style="color: rgb(251, 0, 52);"><span style="font-weight: bold;"></span></font></font><p style="font-weight: bold;"><font size="5"><span lang="EN-US"><strong><font face="Times New Roman"><font size="5"><span lang="EN-US"><strong>PAYPAL 
ONLY</strong></span></font></font></strong></span></font></p>
<table width="450" border="3" cellspacing="0" cellpadding="0">
<tbody>
<tr>
<td rowspan="2">Quantity</td>
<td>North America/Australia </td>
<td>Europe</td>
<td>South America </td>
<td>Asia</td>
<td>Other Areas</td></tr>
<tr>
<td>SAL</td>
<td>SAL</td>
<td>EMS</td>
<td>SAL</td>
<td>EMS</td></tr>
<tr>
<td>1 Piece </td>
<td style="text-align: center;">$10.00US</td>
<td>$12.00US</td>
<td>$20.50US</td>
<td>$10.00US</td>
<td style="text-align: center;">$Please Ask<br></td></tr></tbody></table><br><span style="font-weight: bold;">Shipping and Packaging for this 
Item Is $10.00US for Canada/US/ Australia and $12.00US for Europe(takes 14-28 days)&nbsp; If you have any question please let me know.
</span><h4 align="center"><font color="#400040" face="Arial" size="3"><b><font color="#660066">Payment must be by</font></b></font><b><font color="#660066" face="Arial" size="3"> PayPal.</font></b></h4><font color="#400040" face="Arial" size="3">
<p align="center"><b><font color="#660066">Winning bidder must respond to our email 
within 3 days following end of auction.</font></b></p>
<p align="center"><b><font color="#660066">Payment must be sent within 7 
days&nbsp;.</font></b></p>
<p align="center"><strong><font color="#660066">If the payment has not been made 
within 7 days </font></strong><b><font color="#800080">I reserve the right to 
cancel the winning bid if these conditions are not met.</font></b></p></font><center><br></center><font size="2" style="font-family: Arial;" rwr="1"><font size="2" style="font-family: Arial;"><font size="7" style="color: rgb(251, 0, 52);"><span style="font-weight: bold;"></span></font></font></font></font></font></font><BR/><font rwr='1' size='4' style='font-family:Arial'><div style="background-color: transparent; color: rgb(0, 0, 0); font-family: Arial; font-size: 18.06px; font-style: normal; font-variant: normal; font-weight: 400; letter-spacing: normal; orphans: 2; text-align: left; text-decoration: none; text-indent: 0px; text-transform: none; -webkit-text-stroke-width: 0px; white-space: normal; word-spacing: 0px;"><font color="#ff0010" size="6"><b>ALL OF THE ANIME CELS AND SKETCHES ARE IN STOCK.</b></font></div><div style="background-color: transparent; color: rgb(0, 0, 0); font-family: Arial; font-size: 18.06px; font-style: normal; font-variant: normal; font-weight: 400; letter-spacing: normal; orphans: 2; text-align: left; text-decoration: none; text-indent: 0px; text-transform: none; -webkit-text-stroke-width: 0px; white-space: normal; word-spacing: 0px;"><font color="#ff0010" size="6"><b><br></b></font></div><div style="background-color: transparent; color: rgb(0, 0, 0); font-family: Arial; font-size: 18.06px; font-style: normal; font-variant: normal; font-weight: 400; letter-spacing: normal; orphans: 2; text-align: left; text-decoration: none; text-indent: 0px; text-transform: none; -webkit-text-stroke-width: 0px; white-space: normal; word-spacing: 0px;"><font color="#ff0010" size="6"><b>WE ARE NOT SELLING PRE ORDER ANIME CELS THAT ARE NOT IN STOCK. </b></font></div><div style="background-color: transparent; color: rgb(0, 0, 0); font-family: Arial; font-size: 18.06px; font-style: normal; font-variant: normal; font-weight: 400; letter-spacing: normal; orphans: 2; text-align: left; text-decoration: none; text-indent: 0px; text-transform: none; -webkit-text-stroke-width: 0px; white-space: normal; word-spacing: 0px;"><font color="#ff0010" size="6"><b><br></b></font></div><div style="background-color: transparent; color: rgb(0, 0, 0); font-family: Arial; font-size: 18.06px; font-style: normal; font-variant: normal; font-weight: 400; letter-spacing: normal; orphans: 2; text-align: left; text-decoration: none; text-indent: 0px; text-transform: none; -webkit-text-stroke-width: 0px; white-space: normal; word-spacing: 0px;"><font color="#ff0010" size="6"><b>IF YOU HAVE ANY QUESTION ABOUT ANIME CELS OR SKETCHES PLEASE CONTACT ME AND I WILL DO MY BEST TO ANSWER YOUR QUESTIONS.</b></font></div></font>
</DOC>
<DOC>
<DOCID>1700480</DOCID>
<CATEGORY>Collectibles > Cultures & Ethnicities > Hawaiian > Other Hawaiian Collectibles</CATEGORY>
<ORIGTITLE>Rare Dead Rat Tree Bowl</ORIGTITLE>
<p>THIS AUCTION IS FOR A AUTHENTIC, GENUINE RARE DEAD RAT TREE BOWL wood, from Hawaii, signed by artist E.R.Potter, 7”1/2 wide x 3”3/4 high, date circa 2008, very hard to get, Pre-owned, PLEASE VIEW ALL MY PICTURES, CLICK TO ENLARGE & Ask questions before bidding! SUPER ENLARGE PICTURES TOO!. Bowls are Treasured in Hawaii, tradition and culture of Hawaii. CHECK MY LISTING FOR MORE UNIQUE PIECES AND HAWAIIANA, JEWELRY-MING'S, & MORE TREASURES!!! DOLLS, STERLING , ALL FROM THE ALOHA STATE! WE BUY AND SELL PRIVATE ESTATES IN HAWAII~GOOD LUCK</p>
</DOC>
<DOC>
<DOCID>1700471</DOCID>
<CATEGORY>Collectibles > Rocks, Fossils & Minerals > Meteorites & Tektites</CATEGORY>
<ORIGTITLE>BRAHIN METEORITE PALLASITE PENDANT FROM BELORUSSIA 6 g</ORIGTITLE>
<font rwr="1" size="4" style="font-family:Arial"><font rwr="1" size="4" style="font-family:Arial"><font rwr="1" size="4" style="font-family:Arial"><font rwr="1" size="4" style="font-family:Arial"><!-- DescTemplateID: Simple -->
<!-- ItemID: 7130 -->
<!-- Relist from OriginaleBayID:  -->
<!-- Duration: 7 -->
<!-- PartNum:  -->
<!-- ConsignorID: 1 -->
<!-- SupplierID: 1 -->
<!-- ConsignModel: Not Specified -->
<!-- Theme: Stores Curves-Blue -->
<!-- IHostTemplate: Not Specified -->
<!-- EmailTemplateEncoded: 616E647265692D626172616B7368696E406D61696C2E7275 -->
<!-- ShippingTemplate: Not Specified -->
<!-- ShipDestTemplate: Not Specified -->
<!-- FeatureTemplate: Gallery Only -->
<!-- PaymentTemplate:  -->
<!-- AdTemplate: Simple -->
<!-- PicLocal: 433A5C55736572735C49676E61745C4465736B746F705C666F746F207370656374726F6C6974655C76697374617669745C373133302E312E4A50473B433A5C55736572735C49676E61745C4465736B746F705C666F746F207370656374726F6C6974655C76697374617669745C373133302E322E4A50473B433A5C55736572735C49676E61745C4465736B746F705C666F746F207370656374726F6C6974655C76697374617669745C373133302E332E4A5047 -->
<!-- Version: 04.06.026 (Basic) Date: 04/20/11 -->
<!-- VariationLocalFields: Not Specified -->
<table width="100%" border="0"><tbody><tr><td>

<p class="MsoNormal" style="MARGIN: 0cm 0cm 0pt" align="center"><span lang="EN-US" style="COLOR: black; mso-ansi-language: EN-US"><font face="Goudy Old Style"><font size="4"><font color="#ff0080">Hello! Welcome to our family’s Ebay store!<!--?xml:namespace prefix = o ns = "urn:schemas-microsoft-com:office:office" /--><o:p></o:p></font></font></font></span></p>
<p class="MsoNormal" style="MARGIN: 0cm 0cm 0pt" align="center"><span lang="EN-US" style="mso-ansi-language: EN-US"><o:p><font face="Goudy Old Style" color="#ff0080" size="4">&nbsp;</font></o:p></span></p>
<p class="MsoNormal" style="MARGIN: 0cm 0cm 0pt" align="center"><font face="Goudy Old Style"><font size="4"><font color="#ff0080"><span lang="EN-US" style="COLOR: black; mso-ansi-language: EN-US"><font color="#ff0080">Our family has a Spectrolite quarry in <!--?xml:namespace prefix = st1 ns = "urn:schemas-microsoft-com:office:smarttags" /--><st1:place w:st="on"><st1:city w:st="on">Ylämaa</st1:city>, <st1:country-region w:st="on">Finland</st1:country-region></st1:place>. We bought the quarry in 2003</font> <font color="#ff0080">and since then I’ve been working there with my son and my wife helps in production. The size the quarry is 10x50 meters. We have a workshop where we produce products not only from this raw material but from many other stones, gems, fossils and meteorites; mainly from <st1:place w:st="on"><st1:country-region w:st="on">Russia</st1:country-region></st1:place>. During the portion process we excerpt, we saw, we polish and we do cabochons, polished slabs, pendants, jeweler boxes, eggs, spheres and many other things. We sell first-hand products for any taste preferences. Our stones are sold to the kind of people who love stones, gems, meteorites, fossils but also for jewelers, collectors, etc. Thank you for your time! Good luck with your bidding!</font></span><span lang="EN-US" style="mso-ansi-language: EN-US"><o:p></o:p></span></font></font></font></p>
<p class="MsoNormal" style="MARGIN: 0cm 0cm 0pt" align="center"><span lang="EN-US" style="mso-ansi-language: EN-US"><font face="Goudy Old Style"><font size="4"><font color="#ff0080"><span style="mso-spacerun: yes">&nbsp;&nbsp;&nbsp;&nbsp;&nbsp;&nbsp;&nbsp;&nbsp;&nbsp;&nbsp;&nbsp;&nbsp;&nbsp;&nbsp;&nbsp;&nbsp;&nbsp;&nbsp;&nbsp;&nbsp;&nbsp;&nbsp;&nbsp;&nbsp;&nbsp;&nbsp;&nbsp;&nbsp;&nbsp;&nbsp;&nbsp; </span><span style="mso-spacerun: yes">&nbsp;&nbsp;&nbsp;&nbsp;&nbsp;&nbsp;&nbsp;&nbsp;&nbsp;&nbsp;&nbsp;&nbsp;&nbsp;&nbsp;&nbsp;&nbsp;</span><o:p></o:p></font></font></font></span></p>
<p class="MsoNormal" style="MARGIN: 0cm 0cm 0pt" align="center"><font face="Goudy Old Style"><font size="4"><font color="#ff0080"><span lang="EN-US" style="mso-ansi-language: EN-US">Andrey </span><span lang="FI" style="mso-ansi-language: FI">&amp; Family</span></font></font></font></p>
<p class="MsoNormal" style="MARGIN: 0cm 0cm 0pt" align="center"><span lang="FI" style="mso-ansi-language: FI"></span><span lang="EN-US" style="mso-ansi-language: EN-US"><o:p></o:p></span></p>
<p>
</p><p>
</p><p>
</p><p>
</p><hr>

<p></p>
<p><!-- Begin Description --></p><p align="center"><span lang="EN-US" style="FONT-SIZE: 24pt; FONT-FAMILY: Arial; mso-ansi-language: EN-US"><strong><font color="green">BRAHIN<!--?xml:namespace prefix = o ns = "urn:schemas-microsoft-com:office:office" /--><o:p></o:p></font></strong></span></p>
<p class="MsoNormal" style="MARGIN: 0cm 0cm 0pt"><span><font face="Arial"><font size="4"><font color="#0080c0"><u>Meteorite name</u>: Brahin<o:p></o:p></font></font></font></span></p>
<p class="MsoNormal" style="MARGIN: 0cm 0cm 0pt"><span><font face="Arial"><font size="4"><font color="#0080c0"><u>Country</u>: <!--?xml:namespace prefix = st1 ns = "urn:schemas-microsoft-com:office:smarttags" /--><st1:country-region w:st="on"><st1:place w:st="on">Belorussia</st1:place></st1:country-region><o:p></o:p></font></font></font></span></p>
<p class="MsoNormal" style="MARGIN: 0cm 0cm 0pt"><span><font face="Arial"><font size="4"><font color="#0080c0"><u>State/District</u>: <st1:city w:st="on"><st1:place w:st="on">Gomel</st1:place></st1:city> region<o:p></o:p></font></font></font></span></p>
<p class="MsoNormal" style="MARGIN: 0cm 0cm 0pt"><span><font face="Arial"><font size="4"><font color="#0080c0"><u>Coordinates</u>: 52º30'N, 30º20'E<o:p></o:p></font></font></font></span></p>
<p class="MsoNormal" style="MARGIN: 0cm 0cm 0pt"><span><font face="Arial"><font size="4"><font color="#0080c0"><u>Date of find</u>: 1810<o:p></o:p></font></font></font></span></p>
<p class="MsoNormal" style="MARGIN: 0cm 0cm 0pt"><span><font face="Arial"><font size="4"><font color="#0080c0"><u>Type</u>: Stony-iron PAL<o:p></o:p></font></font></font></span></p>
<p class="MsoNormal" style="MARGIN: 0cm 0cm 0pt"><span lang="EN-US" style="FONT-SIZE: 13.5pt; FONT-FAMILY: Arial; mso-ansi-language: EN-US; mso-bidi-font-size: 12.0pt; mso-bidi-font-family: 'Times New Roman'"><font size="4"><font color="#0080c0">Pallasite, main group, fragmental olivine shape.<o:p></o:p></font></font></span></p>
<p style="TEXT-ALIGN: center" align="center"><strong><span style="FONT-SIZE: 18pt; COLOR: #008040; FONT-FAMILY: Arial">DESCRIPTION OF THIS ITEM</span></strong><span style="FONT-SIZE: 13.5pt; COLOR: #408080; FONT-FAMILY: Arial"><span style="FONT-SIZE: 13.5pt; COLOR: #408080; FONT-FAMILY: Arial"></span></span></p>
<ul type="disc">
<li class="MsoNormal" style="MARGIN: 0cm 0cm 0pt; mso-margin-top-alt: auto; mso-margin-bottom-alt: auto; mso-list: l0 level1 lfo1; tab-stops: list 36.0pt"><span style="FONT-SIZE: 13.5pt; COLOR: #408080; FONT-FAMILY: Arial">weight: 6 g.</span></li><li class="MsoNormal" style="MARGIN: 0cm 0cm 0pt; mso-margin-top-alt: auto; mso-margin-bottom-alt: auto; mso-list: l0 level1 lfo1; tab-stops: list 36.0pt"><span style="FONT-SIZE: 13.5pt; COLOR: #408080; FONT-FAMILY: Arial">size: 28 x 18 x 7 mm.</span></li>
<li class="MsoNormal" style="MARGIN: 0cm 0cm 0pt; mso-margin-top-alt: auto; mso-margin-bottom-alt: auto; mso-list: l0 level1 lfo1; tab-stops: list 36.0pt"><span style="FONT-SIZE: 13.5pt; COLOR: #408080; FONT-FAMILY: Arial"></span><span style="FONT-SIZE: 13.5pt; COLOR: #408080; FONT-FAMILY: Arial">metal part is melchior (Germany silver).</span></li>
<li class="MsoNormal" style="MARGIN: 0cm 0cm 0pt; mso-margin-top-alt: auto; mso-margin-bottom-alt: auto; mso-list: l0 level1 lfo1; tab-stops: list 36.0pt"><span style="FONT-SIZE: 13.5pt; COLOR: #408080; FONT-FAMILY: Arial"></span><u><span style="FONT-SIZE: 13.5pt; COLOR: #408080; FONT-FAMILY: Arial">25,4 mm = 1"</span></u></li></ul><p align="center"><br></p>
<p>
</p><hr>

<p></p>
<p></p>
<p class="MsoNormal" style="MARGIN: 0cm 0cm 0pt" align="center"></p><p class="MsoNormal" align="center" style="font-family: Arial, Helvetica, sans-serif; background-color: rgb(255, 255, 255); margin: 0cm 0cm 0pt; "><span lang="EN-US"><strong><font face="Arial"><font size="5"><font color="teal">PAYMENT<o:p></o:p></font></font></font></strong></span></p><p class="MsoNormal" align="center" style="font-family: Arial, Helvetica, sans-serif; background-color: rgb(255, 255, 255); margin: 0cm 0cm 0pt; "><span lang="EN-US"><o:p><font face="Arial" color="#8080c0" size="4">&nbsp;</font></o:p></span></p><p class="MsoNormal" align="center" style="font-family: Arial, Helvetica, sans-serif; background-color: rgb(255, 255, 255); margin: 0cm 0cm 0pt; "><span lang="EN-US"><font face="Arial"><font size="4"><font color="#008040">We accept only&nbsp;<u>PayPal</u>.<o:p></o:p></font></font></font></span></p><p align="center" style="font-family: Arial, Helvetica, sans-serif; background-color: rgb(255, 255, 255); "><span lang="EN-US"><font face="Arial"><font size="5"><strong><font color="teal">S&amp;H WORLDWIDE VIA PRIORITY MAIL<o:p></o:p></font></strong></font></font></span></p><p align="center" style="font-family: Arial, Helvetica, sans-serif; background-color: rgb(255, 255, 255); "><strong><span lang="EN-US" style="font-weight: normal; "><font face="Arial"><font size="4"><font color="#008040">We ship from&nbsp;<st1:place w:st="on"><st1:country-region w:st="on">Finland</st1:country-region></st1:place>&nbsp;to any corner of the world via priority mail.<o:p></o:p></font></font></font></span></strong></p><p align="center" style="font-family: Arial, Helvetica, sans-serif; background-color: rgb(255, 255, 255); "><font face="Arial"><font size="4"><font color="#008040"><strong><span lang="EN-US" style="font-weight: normal; ">You can save on postage, because&nbsp;</span></strong><span lang="EN-US">we combine shipping for all items which you have bought, so you can calculate the gross weight of all items which you have bought and pay for shipping according to it. Or you can inform us and we can send you a joint invoice for all items, including shipping.<strong><span style="font-weight: normal; "><o:p></o:p></span></strong></span></font></font></font></p><p align="center" style="font-family: Arial, Helvetica, sans-serif; background-color: rgb(255, 255, 255); "><span lang="EN-US"><font face="Arial"><font size="4"><font color="#008040">To make it simpler for you to calculate the gross weight of your purchases, we pay ourselves for weight of packages and box for shipping.</font></font></font></span></p><span lang="EN-US" style="font-family: Arial, Helvetica, sans-serif; text-align: -webkit-auto; background-color: rgb(255, 255, 255); "><font size="4"><font color="green"><p class="MsoNormal" align="center" style="margin: 0cm 0cm 0pt; text-align: center; "><font size="4" style="color: rgb(0, 0, 0); font-family: Arial; font-size: 18px; text-align: -webkit-auto; "><font color="green"></font></font></p><p class="MsoNormal" align="center" style="text-align: center; margin: 0cm 0cm 0pt; "></p><p align="center" style="color: rgb(0, 0, 0); "><font size="4" style="font-family: Arial; font-size: 18px; text-align: -webkit-auto; "><font color="green"><span lang="EN-US"></span></font></font></p><p class="MsoNormal"><font size="4" style="color: rgb(0, 0, 0); font-family: Arial; font-size: 18px; "><font color="green"><span lang="EN-US" style="color: rgb(0, 0, 0); font-size: 13.5pt; "></span></font></font></p><p class="MsoNormal" style="text-align: center; "><font size="4" style="color: rgb(0, 0, 0); font-family: Arial; font-size: 18px; text-align: -webkit-auto; "><font color="green"><font color="#00b8ef"><b>The postage without insurance and any track.&nbsp;</b></font></font></font></p><p class="MsoNormal" style="text-align: center; "><font size="4" style="color: rgb(0, 0, 0); font-family: Arial; font-size: 18px; text-align: -webkit-auto; "><font color="green"><font color="#00b8ef"><b>We would mail your box with a tracking number, it would be another $10. Please note that I can't be held responsible for items getting lost in the post, I always obtain proof of postage if it was shipped with tracking number.&nbsp;</b></font></font></font></p><p class="MsoNormal" style="text-align: center; "><font size="4" style="color: rgb(0, 0, 0); font-family: Arial; font-size: 18px; text-align: -webkit-auto; "><font color="green"><font color="#00b8ef"><b>All shippings over 1 kg will be automatically posted with tracking number.</b></font></font></font></p><p class="MsoNormal"><font size="4" style="color: rgb(0, 0, 0); font-family: Arial; font-size: 18px; "><font color="green"><br></font></font></p></font></font></span><p style="font-family: Arial, Helvetica, sans-serif; text-align: -webkit-auto; background-color: rgb(255, 255, 255); "></p><font size="4" style="font-family: Arial, Helvetica, sans-serif; text-align: -webkit-auto; background-color: rgb(255, 255, 255); "><font color="green"><font size="4" style="color: rgb(0, 0, 0); font-family: Arial; font-size: 18px; "><font color="green"><span lang="EN-US" style="color: rgb(0, 0, 0); font-family: Arial, Helvetica, sans-serif; font-size: medium; "><font size="4"><font color="green"><p class="MsoNormal" align="center" style="text-align: center; margin: 0cm 0cm 0pt; "><span lang="EN-US"><font color="#408080" face="Arial"><strong><u>PRIORITY SHIPPING (4-9 BUSINESS DAYS DELIVERY)</u></strong></font></span></p><p class="MsoNormal" align="center" style="margin: 0cm 0cm 0pt; "><span lang="EN-US"><o:p><font color="#0080ff" size="3" face="Arial">&nbsp;</font></o:p></span></p></font></font><div align="center"><table class="MsoTableWeb2" border="1" cellspacing="3" cellpadding="0" style="border: 1pt inset; "><tbody><tr style="height: 18pt; "><td valign="top" rowspan="3" width="108" style="border: 1pt outset rgb(236, 233, 216); padding: 0cm 5.4pt; background-color: transparent; width: 81pt; height: 18pt; "><p class="MsoNormal" align="left" style="text-align: center; margin: 0cm 0cm 0pt; "><span lang="EN-US" style="font-family: Arial; font-size: 10pt; ">&nbsp;</span></p><p class="MsoNormal" align="left" style="text-align: center; margin: 0cm 0cm 0pt; "><span lang="EN-US" style="font-family: Arial; font-size: 10pt; "><o:p><font color="#0080ff">&nbsp;</font></o:p></span></p><p class="MsoNormal" align="left" style="text-align: center; margin: 0cm 0cm 0pt; "><span lang="EN-US" style="font-family: Arial; font-size: 10pt; "><font color="#0080ff"><strong><font size="3">WEIGHT<o:p></o:p></font></strong></font></span></p></td><td valign="top" width="414" colspan="4" style="border: 1pt outset rgb(236, 233, 216); padding: 0cm 5.4pt; background-color: transparent; width: 310.75pt; height: 18pt; "><p class="MsoNormal" align="left" style="text-align: center; margin: 0cm 0cm 0pt; "><span lang="EN-US" style="font-family: Arial; font-size: 10pt; "><font color="#0080ff"><strong><font size="3">PRICE<o:p></o:p></font></strong></font></span></p></td></tr><tr style="height: 35.15pt; "><td valign="top" width="198" colspan="2" style="border: 1pt outset rgb(236, 233, 216); padding: 0cm 5.4pt; background-color: transparent; width: 148.75pt; height: 35.15pt; "><p class="MsoNormal" align="left" style="text-align: center; margin: 0cm 0cm 0pt; "><span lang="EN-US" style="font-family: Arial; font-size: 10pt; "><o:p><font color="#0080ff" size="3">&nbsp;</font></o:p></span></p><p class="MsoNormal" align="left" style="text-align: center; margin: 0cm 0cm 0pt; "><font color="#0080ff" size="3"><st1:place w:st="on"><span lang="EN-US" style="font-family: Arial; font-size: 10pt; "><u><span lang="EN-US" style="font-size: 10pt; "><font color="#0080ff"><u><font size="3">EUROPE</font></u></font></span></u></span></st1:place></font></p></td><td valign="top" width="216" colspan="2" style="border: 1pt outset rgb(236, 233, 216); padding: 0cm 5.4pt; background-color: transparent; width: 162pt; height: 35.15pt; "><p class="MsoNormal" align="left" style="margin: 0cm 0cm 0pt; "><span lang="EN-US" style="font-family: Arial; font-size: 10pt; "><o:p><font color="#0080ff" size="3">&nbsp;</font></o:p></span></p><p class="MsoNormal" align="left" style="text-align: center; margin: 0cm 0cm 0pt; "><span lang="EN-US" style="font-family: Arial; font-size: 10pt; "><font color="#0080ff"><u><font size="3">OTHER COUNTRIES<o:p></o:p></font></u></font></span></p></td></tr><tr style="height: 18.1pt; "><td valign="top" width="90" style="border: 1pt outset rgb(236, 233, 216); padding: 0cm 5.4pt; background-color: transparent; width: 67.75pt; height: 18.1pt; "><p class="MsoNormal" align="left" style="text-align: center; margin: 0cm 0cm 0pt; "><span lang="EN-US" style="font-family: Arial; font-size: 10pt; "><font color="#0080ff"><font size="3">FLAT BOX*<o:p></o:p></font></font></span></p></td><td valign="top" width="108" style="border: 1pt outset rgb(236, 233, 216); padding: 0cm 5.4pt; background-color: transparent; width: 81pt; height: 18.1pt; "><p class="MsoNormal" align="left" style="text-align: justify; margin: 0cm 0cm 0pt; "><span lang="EN-US" style="font-family: Arial; font-size: 10pt; "><font color="#0080ff"><font size="3">LARGE BOX**<o:p></o:p></font></font></span></p></td><td valign="top" width="108" style="border: 1pt outset rgb(236, 233, 216); padding: 0cm 5.4pt; background-color: transparent; width: 81pt; height: 18.1pt; "><p class="MsoNormal" align="left" style="text-align: center; margin: 0cm 0cm 0pt; "><span lang="EN-US" style="font-family: Arial; font-size: 10pt; "><font color="#0080ff"><font size="3">FLAT BOX*<o:p></o:p></font></font></span></p></td><td valign="top" width="108" style="border: 1pt outset rgb(236, 233, 216); padding: 0cm 5.4pt; background-color: transparent; width: 81pt; height: 18.1pt; "><p class="MsoNormal" align="left" style="margin: 0cm 0cm 0pt; "><span lang="EN-US" style="font-family: Arial; font-size: 10pt; "><font color="#0080ff"><font size="3">LARGE BOX**<o:p></o:p></font></font></span></p></td></tr><tr style="height: 17.25pt; "><td valign="top" width="108" style="border: 1pt outset rgb(236, 233, 216); padding: 0cm 5.4pt; background-color: transparent; width: 81pt; height: 17.25pt; "><p class="MsoNormal" align="left" style="margin: 0cm 0cm 0pt; "><span lang="EN-US" style="font-family: Arial; font-size: 10pt; "><font color="#0080ff"><font size="3">Up to 200 g<o:p></o:p></font></font></span></p></td><td valign="top" width="90" style="border: 1pt outset rgb(236, 233, 216); padding: 0cm 5.4pt; background-color: transparent; width: 67.75pt; height: 17.25pt; "><p class="MsoNormal" align="left" style="text-align: center; margin: 0cm 0cm 0pt; "><span lang="EN-US" style="font-family: Arial; font-size: 10pt; "><font color="#0080ff"><font size="3">5</font></font></span></p></td><td valign="top" width="108" style="border: 1pt outset rgb(236, 233, 216); padding: 0cm 5.4pt; background-color: transparent; width: 81pt; height: 17.25pt; "><p class="MsoNormal" align="left" style="text-align: center; margin: 0cm 0cm 0pt; "><span lang="EN-US" style="font-family: Arial; font-size: 10pt; "><font color="#0080ff"><font size="3">12</font></font></span></p></td><td valign="top" width="108" style="border: 1pt outset rgb(236, 233, 216); padding: 0cm 5.4pt; background-color: transparent; width: 81pt; height: 17.25pt; "><p class="MsoNormal" align="left" style="text-align: center; margin: 0cm 0cm 0pt; "><span lang="EN-US" style="font-family: Arial; font-size: 10pt; "><font color="#0080ff"><font size="3">12</font></font></span></p></td><td valign="top" width="108" style="border: 1pt outset rgb(236, 233, 216); padding: 0cm 5.4pt; background-color: transparent; width: 81pt; height: 17.25pt; "><p class="MsoNormal" align="left" style="text-align: center; margin: 0cm 0cm 0pt; "><span lang="EN-US" style="font-family: Arial; font-size: 10pt; "><font color="#0080ff"><font size="3">17</font></font></span></p></td></tr><tr><td valign="top" width="108" style="border: 1pt outset rgb(236, 233, 216); padding: 0cm 5.4pt; background-color: transparent; width: 81pt; "><p class="MsoNormal" align="left" style="margin: 0cm 0cm 0pt; "><span lang="EN-US" style="font-family: Arial; font-size: 10pt; "><font color="#0080ff"><font size="3">201-500 g<o:p></o:p></font></font></span></p></td><td valign="top" width="90" style="border: 1pt outset rgb(236, 233, 216); padding: 0cm 5.4pt; background-color: transparent; width: 67.75pt; "><p class="MsoNormal" align="left" style="text-align: center; margin: 0cm 0cm 0pt; "><span lang="EN-US" style="font-family: Arial; font-size: 10pt; "><font color="#0080ff"><font size="3">9</font></font></span></p></td><td valign="top" width="108" style="border: 1pt outset rgb(236, 233, 216); padding: 0cm 5.4pt; background-color: transparent; width: 81pt; "><p class="MsoNormal" align="left" style="text-align: center; margin: 0cm 0cm 0pt; "><span lang="EN-US" style="font-family: Arial; font-size: 10pt; "><font color="#0080ff"><font size="3">18</font></font></span></p></td><td valign="top" width="108" style="border: 1pt outset rgb(236, 233, 216); padding: 0cm 5.4pt; background-color: transparent; width: 81pt; "><p class="MsoNormal" align="left" style="text-align: center; margin: 0cm 0cm 0pt; "><span lang="EN-US" style="font-family: Arial; font-size: 10pt; "><font color="#0080ff"><font size="3">20</font></font></span></p></td><td valign="top" width="108" style="border: 1pt outset rgb(236, 233, 216); padding: 0cm 5.4pt; background-color: transparent; width: 81pt; "><p class="MsoNormal" align="left" style="text-align: center; margin: 0cm 0cm 0pt; "><span lang="EN-US" style="font-family: Arial; font-size: 10pt; "><font color="#0080ff"><font size="3">30</font></font></span></p></td></tr><tr><td valign="top" width="108" style="border: 1pt outset rgb(236, 233, 216); padding: 0cm 5.4pt; background-color: transparent; width: 81pt; "><p class="MsoNormal" align="left" style="margin: 0cm 0cm 0pt; "><span lang="EN-US" style="font-family: Arial; font-size: 10pt; "><font color="#0080ff"><font size="3">501-1000 g<o:p></o:p></font></font></span></p></td><td valign="top" width="90" style="border: 1pt outset rgb(236, 233, 216); padding: 0cm 5.4pt; background-color: transparent; width: 67.75pt; "><p class="MsoNormal" align="left" style="text-align: center; margin: 0cm 0cm 0pt; "><span lang="EN-US" style="font-family: Arial; font-size: 10pt; "><font color="#0080ff"><font size="3">16</font></font></span></p></td><td valign="top" width="108" style="border: 1pt outset rgb(236, 233, 216); padding: 0cm 5.4pt; background-color: transparent; width: 81pt; "><p class="MsoNormal" align="left" style="text-align: center; margin: 0cm 0cm 0pt; "><span lang="EN-US" style="font-family: Arial; font-size: 10pt; "><font color="#0080ff"><font size="3">25</font></font></span></p></td><td valign="top" width="108" style="border: 1pt outset rgb(236, 233, 216); padding: 0cm 5.4pt; background-color: transparent; width: 81pt; "><p class="MsoNormal" align="left" style="text-align: center; margin: 0cm 0cm 0pt; "><span lang="EN-US" style="font-family: Arial; font-size: 10pt; "><font color="#0080ff"><font size="3">35</font></font></span></p></td><td valign="top" width="108" style="border: 1pt outset rgb(236, 233, 216); padding: 0cm 5.4pt; background-color: transparent; width: 81pt; "><p class="MsoNormal" align="left" style="text-align: center; margin: 0cm 0cm 0pt; "><span lang="EN-US" style="font-family: Arial; font-size: 10pt; "><font color="#0080ff"><font size="3">45</font></font></span></p></td></tr><tr style="height: 17.25pt; "><td valign="top" width="108" style="border: 1pt outset rgb(236, 233, 216); padding: 0cm 5.4pt; background-color: transparent; width: 81pt; height: 17.25pt; "><p class="MsoNormal" align="left" style="margin: 0cm 0cm 0pt; "><span lang="EN-US" style="font-family: Arial; font-size: 10pt; "><font color="#0080ff"><font size="3">1001-2000 g<o:p></o:p></font></font></span></p></td><td valign="top" width="90" style="border: 1pt outset rgb(236, 233, 216); padding: 0cm 5.4pt; background-color: transparent; width: 67.75pt; height: 17.25pt; "><p class="MsoNormal" align="left" style="text-align: center; margin: 0cm 0cm 0pt; "><span style="color: rgb(0, 128, 255); ">-</span></p></td><td valign="top" width="108" style="border: 1pt outset rgb(236, 233, 216); padding: 0cm 5.4pt; background-color: transparent; width: 81pt; height: 17.25pt; "><p class="MsoNormal" align="left" style="text-align: center; margin: 0cm 0cm 0pt; "><font color="#0080ff">35</font></p></td><td valign="top" width="108" style="border: 1pt outset rgb(236, 233, 216); padding: 0cm 5.4pt; background-color: transparent; width: 81pt; height: 17.25pt; "><p class="MsoNormal" align="left" style="text-align: center; margin: 0cm 0cm 0pt; "><span style="color: rgb(0, 128, 255); ">-</span></p></td><td valign="top" width="108" style="border: 1pt outset rgb(236, 233, 216); padding: 0cm 5.4pt; background-color: transparent; width: 81pt; height: 17.25pt; "><p class="MsoNormal" align="left" style="text-align: center; margin: 0cm 0cm 0pt; "><font color="#0080ff">50</font></p></td></tr><tr style="height: 17.25pt; "><td valign="top" width="108" style="border: 1pt outset rgb(236, 233, 216); padding: 0cm 5.4pt; background-color: transparent; width: 81pt; height: 17.25pt; "><p class="MsoNormal" align="left" style="margin: 0cm 0cm 0pt; "><span lang="EN-US" style="font-family: Arial; font-size: 10pt; "><font color="#0080ff"><font size="3">2001-5000 g<o:p></o:p></font></font></span></p></td><td valign="top" width="90" style="border: 1pt outset rgb(236, 233, 216); padding: 0cm 5.4pt; background-color: transparent; width: 67.75pt; height: 17.25pt; "><p class="MsoNormal" align="left" style="text-align: center; margin: 0cm 0cm 0pt; "><span lang="EN-US" style="font-family: Arial; font-size: 10pt; "><font color="#0080ff"><font size="3">-<o:p></o:p></font></font></span></p></td><td valign="top" width="108" style="border: 1pt outset rgb(236, 233, 216); padding: 0cm 5.4pt; background-color: transparent; width: 81pt; height: 17.25pt; "><p class="MsoNormal" align="left" style="text-align: center; margin: 0cm 0cm 0pt; "><font color="#0080ff">50</font></p></td><td valign="top" width="108" style="border: 1pt outset rgb(236, 233, 216); padding: 0cm 5.4pt; background-color: transparent; width: 81pt; height: 17.25pt; "><p class="MsoNormal" align="left" style="text-align: center; margin: 0cm 0cm 0pt; "><span lang="EN-US" style="font-family: Arial; font-size: 10pt; "><font color="#0080ff"><font size="3">-<o:p></o:p></font></font></span></p></td><td valign="top" width="108" style="border: 1pt outset rgb(236, 233, 216); padding: 0cm 5.4pt; background-color: transparent; width: 81pt; height: 17.25pt; "><p class="MsoNormal" align="left" style="text-align: center; margin: 0cm 0cm 0pt; "><span lang="EN-US" style="font-family: Arial; font-size: 10pt; "><font color="#0080ff"><font size="3">70</font></font></span></p></td></tr></tbody></table></div><div align="center"><font color="black" face="Arial"><span lang="EN-US"><strong><u></u></strong></span></font>&nbsp;</div><div align="center"><font color="black" face="Arial"><span lang="EN-US"><strong><u></u></strong></span></font>&nbsp;</div><p class="MsoNormal" align="left" style="margin: 0cm 0cm 0pt; "><span lang="EN-US"><font size="4" face="Arial"></font></span></p><p class="MsoNormal" align="left" style="margin: 0cm 0cm 0pt; "><span lang="EN-US"><font face="Arial"><font size="4"><font color="teal"><strong><u>*FLAT BOX</u></strong>: In flat boxes we send all items which are&nbsp;<b>less</b>&nbsp;than&nbsp;<st1:metricconverter w:st="on" productid="25 mm">20 mm</st1:metricconverter>&nbsp;on thickness.</font></font></font></span></p><p class="MsoNormal" align="left" style="margin: 0cm 0cm 0pt; "><span lang="EN-US"><font face="Arial"><font size="4"><font color="teal"><strong><u>**LARGE BOX</u></strong>: In large boxes we send all items which are&nbsp;<b>more</b>&nbsp;than&nbsp;<st1:metricconverter w:st="on" productid="25 mm">20 mm</st1:metricconverter>&nbsp;on thickness or all other items.</font></font></font></span></p></span></font></font></font></font><p></p><span lang="EN-US" style="mso-ansi-language: EN-US"><o:p>
<p class="MsoNormal" style="MARGIN: 0cm 0cm 0pt" align="center"><span lang="EN-US" style="mso-ansi-language: EN-US"><o:p><font face="Arial" color="teal" size="4">&nbsp;</font></o:p></span></p>
<p class="MsoNormal" style="MARGIN: 0cm 0cm 0pt" align="center"><span lang="EN-US" style="mso-ansi-language: EN-US"><font face="Arial"><font color="#0080c0" size="4"><strong>If you have any questions please contact us.</strong></font></font></span></p>
<p class="MsoNormal" style="MARGIN: 0cm 0cm 0pt" align="center"><span lang="EN-US" style="mso-ansi-language: EN-US"><font size="4"><strong><font color="blue"><o:p>
</o:p></font></strong></font></span></p><p align="center"><font size="4"><strong><font color="blue"><font face="Arial" color="green">BEST REGARDS, ANDREY &amp; FAMILY.</font></font></strong></font></p><font size="4"><strong><font color="blue">
<p><font face="Arial">
</font></p><p><font face="Arial">
</font></p><hr><font face="Arial">
</font></font></strong></font></o:p></span></td></tr></tbody></table>
<br><!--InkFrogGalleryShowcase-->
<div id="inkfrogShowcase"></div>

<!--eof InkFrogGalleryShowcase--></font></font></font></font>
</DOC>
<DOC>
<DOCID>1700490</DOCID>
<CATEGORY>Collectibles > Decorative Collectibles > Book Ends</CATEGORY>
<ORIGTITLE>Vintage Bronze horse head book ends pair. Heavy.</ORIGTITLE>
this is a pair of bronze horse head book ends. They are in very good / excellent condition with some minor wear as shown. Ideal for a horse lover gift. Please take a close look at pictures to discern defects, (if any) and to make sure you are happy before you purchase. If you have any questions please feel free to contact me. If you're interested in any of my other items I'd bundle and cut prices just a little to save you money on shipping and to get a great deal! 
</DOC>
<DOC>
<DOCID>1700474</DOCID>
<CATEGORY>Collectibles > Knives, Swords & Blades > Spears & Spear Heads</CATEGORY>
<ORIGTITLE>Original Old Primitive Handmade Iron Spear Head Rich Patina</ORIGTITLE>
<font rwr='1' size='4' style='font-family:Arial'><font rwr="1" style=""><font rwr="1" style=""><font rwr="1" style=""><font rwr="1" style=""><font rwr="1" style=""><font rwr="1" style=""><font rwr="1" style=""><font rwr="1" style=""><font rwr="1" style=""><font rwr="1" style=""><font rwr="1" style=""><font rwr="1" style=""><font rwr="1" style=""><font rwr="1" style=""><font rwr="1" style=""><font rwr="1" style=""><font rwr="1" style=""><font rwr="1" style=""><font rwr="1" style=""><font rwr="1" style=""><font rwr="1" style=""><font rwr="1" style=""><font rwr="1" style=""><font rwr="1" style=""><font rwr="1" style=""><font rwr="1" style=""><font rwr="1" style=""><font rwr="1" style=""><font rwr="1" style=""><font rwr="1" style=""><font rwr="1" style=""><meta name="viewport" content="width=device-width, initial-scale=1.0"><p class="MsoNormal" style="font-family: Arial; font-size: 14pt; text-align: center; margin-bottom: 12pt; line-height: normal; background: white;"><span style="font-family: Arial, sans-serif;"><font color="#58712a" style="" size="7"><u style="">DESCRIPTION</u></font></span></p><p class="MsoNormal" style="font-family: Arial; font-size: 14pt; text-align: center; margin-bottom: 12pt; line-height: normal; background: white;"><font size="5"><span style="font-family: Arial, sans-serif;"><br></span></font></p><p class="MsoNormal" style="text-align: center; margin-bottom: 12pt; line-height: normal; background: white;"><font face="Arial, sans-serif" size="5"><b>Original Old Primitive Handmade Iron Spear Head Rich Patina</b></font><font face="Arial, sans-serif" size="5" style="font-family: Arial; font-size: 14pt;"><b>.</b></font></p><p class="MsoNormal" style="font-family: Arial; font-size: 14pt; text-align: center; margin-bottom: 12pt; line-height: normal; background: white;"><b style="font-size: x-large;"><span style="font-family: Arial, sans-serif;">100% Genuine Old.</span></b></p><p class="MsoNormal" style="font-family: Arial; font-size: 14pt; text-align: center; margin-bottom: 12pt; line-height: normal; background: white;"><b style="font-family: Arial; font-size: x-large;"><span style="font-family: Arial, sans-serif;">You will definitely love it.</span></b></p>
<p class="MsoNormal" style="font-family: Arial; font-size: 14pt; text-align: center; margin-bottom: 0.0001pt; line-height: normal; background: white;"><font size="5"><b><span style="font-family: Arial, sans-serif;">Wear &amp; Tear as visible.</span></b></font></p><p class="MsoNormal" style="font-family: Arial; font-size: 14pt; text-align: center; margin-bottom: 0.0001pt; line-height: normal; background: white;"><font size="5"><b><span style="font-family: Arial, sans-serif;">Truly Collector's Choice.</span></b></font></p><p class="MsoNormal" style="font-family: Arial; font-size: 14pt; text-align: center; margin-bottom: 0.0001pt; line-height: normal; background: white;"><font size="5"><b><span style="font-family: Arial, sans-serif;">&nbsp;</span><span style="font-family: Arial, sans-serif;">Excellent for Collection.</span></b></font></p>
<p class="MsoNormal" style="font-family: Arial; font-size: 14pt; text-align: center; margin-bottom: 0.0001pt; line-height: normal; background: white;"><font size="5"><b><span style="font-family: Arial, sans-serif;">&nbsp;</span><span style="font-family: Arial, sans-serif;">See photos for more details &amp; actual condition as Photos are also Part of description.</span></b></font></p>
<p class="MsoNormal" style="font-family: Arial; font-size: 14pt; text-align: center; margin-bottom: 0.0001pt; line-height: normal; background: white;"><font size="5" color="#ff0010"><b><span style="font-family: Arial, sans-serif;">WE DON'T SELL REPRODUCTIONS. ITEM OFFERED IS NOT A REPRODUCTION IN ANY MANNER.</span></b></font></p><p class="MsoNormal" style="font-family: Arial; font-size: 14pt; text-align: center; margin-bottom: 0.0001pt; line-height: normal; background: white;"><font size="5" color="#ff0010"><b><span style="font-family: Arial, sans-serif;">&nbsp;</span><span style="font-family: Arial, sans-serif;">Please note that color of the items may vary
slightly due to Lighting during Photo Shooting or the monitor's display.</span></b></font></p><p class="MsoNormal" style="font-family: Arial; font-size: 14pt; text-align: center; margin-bottom: 0.0001pt; line-height: normal; background: white;"><b style="color: rgb(255, 0, 16); font-size: x-large;"><span style="font-family: Arial, sans-serif;"><br></span></b></p><p class="MsoNormal" style="font-family: Arial; font-size: 14pt; text-align: center; margin-bottom: 0.0001pt; line-height: normal; background: white;"><b style="color: rgb(255, 0, 16); font-size: x-large;"><span style="font-family: Arial, sans-serif;"><u>See Size &amp; Weight in Specification.</u></span></b></p></font></font></font></font></font></font></font></font></font></font></font></font></font></font></font></font></font></font></font></font></font></font></font></font></font></font></font></font></font></font></font></font>
</DOC>
<DOC>
<DOCID>1700484</DOCID>
<CATEGORY>Collectibles > Breweriana, Beer > Drinkware, Steins > Mugs > Germany</CATEGORY>
<ORIGTITLE>Vintage Gerz Beer Mug Stein West Germany Heidelberg  NICE WOW</ORIGTITLE>
<p align="center"><font face="Verdana" size="5" color="#0080c1">Vintage Gerz Beer Stein Mug</font></p><p align="center"><font face="Verdana" size="5" color="#0080c1">W. Germany &nbsp; 5 1/2"</font><font color="#0080c1"><span style="font-family: Verdana; font-size: x-large;">&nbsp;Tall</span></font></p>
<p align="center"><font face="Verdana"><font color="#000000" size="4">Listed here is a very nice vintage beer mug. &nbsp;Its in very good condition, with minor wear (see pics). This is a great collectible or a very useful drinking item. &nbsp; E-Mail me with any questions. Shipping is $9.00 in the USA. &nbsp;I will combine shipping cost on multiple auctions.</font></font></p>
<p align="center"><font face="Verdana" size="4">KEEP CHECKING BACK I WILL BE ADDING ALOT MORE COLLECTIBLES OVER THE NEXT FEW MONTHS</font></p>
<p align="center"><font color="#000000">Check out my <a href="http://search.ebay.com/_W0QQsassZchuckr1962QQhtZ-1" target="_blank">other items</a>!&nbsp;&nbsp;&nbsp;&nbsp;&nbsp;&nbsp;&nbsp;&nbsp; Be sure to add me to your <a href="http://my.ebay.com/ws/eBayISAPI.dll?AcceptSavedSeller&amp;sellerid=chuckr1962&amp;sspageName=DB:FavList" target="_blank">favorites list</a>!</font></p>
</DOC>
<DOC>
<DOCID>1700486</DOCID>
<CATEGORY>Collectibles > Linens & Textiles (1930-Now) > Tapestries</CATEGORY>
<ORIGTITLE>Sonacott Screenprint Tea Towel Wall Hanging Old Woman Knitting Fireplace France</ORIGTITLE>
<div id="inkfrog_crosspromo_top"></div>
<!DOCTYPE html>
    <head>
    <title>Sonacott Screenprint Tea Towel Wall Hanging Old Woman Knitting Fireplace France</title>
    <meta name="viewport" content="width=device-width,initial-scale=1.0,maximum-scale=1">
    <link href='//open.inkfrog.com/assets/plugins/bootstrap/css/bootstrap.css' rel='stylesheet' type='text/css'>
    <link href='//open.inkfrog.com/assets/plugins/bootstrap/css/bootstrap-responsive.min.css' rel='stylesheet' type='text/css'>
    <link href='//fonts.googleapis.com/css?family=Open+Sans:400,600|Cabin:400|Cabin:700|Josefin+Sans:400|Josefin+Sans:700|Oswald:400|Oswald:700|Varela|Josefin+Slab:400|Josefin+Slab:700|Open+Sans:400|Open+Sans:700|Ovo|PT+Serif:400|PT+Serif:700|Wire+One|Kameron:400|Kameron:700|Rokkitt:400|Rokkitt:700|Maiden+Orange|Bevan|Dancing+Script|Tangerine|Pacifico|Damion|Permanent+Marker|Fugaz+One' rel='stylesheet' type='text/css'>
    <link href='//open.inkfrog.com/templates/designer/styles/style_new.css' rel='stylesheet' type='text/css'>
    <link href='https://open.inkfrog.com/templates/designer/predesigned_templates/tabs_css/default.css' rel='stylesheet' type='text/css'>

    <style>
        a,a:hover,a:active,a:visited {color:#1212e0 !important}
    </style>
    <link href='//open.inkfrog.com/templates/designer/styles/user/42925.css' rel='stylesheet' type='text/css'></head>
<body style="margin:0px;background:#ffffff;">
<div id="template_wrapper" style="margin:0px;padding:25px;background-image: url('https://s3.amazonaws.com/templates.frg.im/backgrounds/bokeh.jpg');background-color: #ffffff;background-attachment: fixed;background-repeat: no-repeat no-repeat;background-size: cover;-webkit-background-size: cover;">







<link href="//open.inkfrog.com/templates/designer/styles/user/42925.css" rel="stylesheet" type="text/css">




    <div class="container-fluid">
        <div id="logo_banner" class="logo hide" style="display: none;"></div>
        <div id="template_content" style="font-family: Varela, sans-serif; font-weight: normal; color: #000000; font-size: 18px;background-color:rgba(242, 237, 164, 1)">
            <div class="row-fluid section">
                <div class="span12">
                    <h4 class="listing_title" style="font-family: Bevan, serif; font-weight: normal; color: #0f0e0f; font-size: 24px; line-height:24px;">Sonacott Screenprint Tea Towel Wall Hanging Old Woman Knitting Fireplace France</h4>
                </div>
            </div>
            <div id="drag_area">
            <div class="row-fluid section" id="description-section">
                <div id="description"><p>Item is in good condition. I tried to show the detail in the photos. Really stunning. It is a normal rectangle shape. </p><p>Measurements: 28 1/2" x 19 1/4"</p></div>
            </div>
            <div id="image-section">               
                 
                
                <div class="row-fluid section" id="images-stacked">
                    <ul class="thumbnails">
                        
                        <li class="span12"><img src="https://i.frg.im/7dbadea/122969337532-0_600.jpg?v=1518684745.073"></li>
                        
                        <li class="span12"><img src="https://i.frg.im/ZO75iro2/122969337532-1_600.jpg?v=1518684745.727"></li>
                        
                        <li class="span12"><img src="https://i.frg.im/9UfMvTGe/122969337532-2_600.jpg?v=1518684745.76"></li>
                        
                        <li class="span12"><img src="https://i.frg.im/d1sQAQl8/122969337532-3_600.jpg?v=1518684745.79"></li>
                        
                        <li class="span12"><img src="https://i.frg.im/X44nRQcs/122969337532-4_600.jpg?v=1518684745.807"></li>
                        
                        <li class="span12"><img src="https://i.frg.im/Pgbw1U5b/122969337532-5_600.jpg?v=1518684745.837"></li>
                        
                        <li class="span12"><img src="https://i.frg.im/h5ywzCsv/122969337532-6_600.jpg?v=1518684745.867"></li>
                        
                        <li class="span12"><img src="https://i.frg.im/UxH5e9ns/122969337532-7_600.jpg?v=1518684745.883"></li>
                        
                    </ul>
                </div>
                
                
</div>
            
            
            <div class="row-fluid section"><div class="text_section text-container editable" id="text-LkDBzC4ca" style="display: block;"><p><strong style="background-color: initial;">Thank you for taking a look!</strong></p><p><strong>All items from this seller ship from a smoke-free, dog-friendly home. I do, however search for items at estate sales and other locations so I cannot guarantee that all items come from a smoke-free home.</strong></p><p><strong>If you have any questions, please feel free to contact me.&nbsp;</strong></p><p><strong>If for any reason, you are unhappy with your purchase, please contact me and together we can make it right. &nbsp;</strong></p></div></div><div class="row-fluid section"><section class='tabbed'>
    <input id='t-0-1' name='tabbed-tabs-0' type='radio' checked='checked'>
    <label for='t-0-1' class='tabs'>Shipping</label>
    <input id='t-0-2' name='tabbed-tabs-0' type='radio'>
    <label for='t-0-2' class='tabs'>Payment</label>
    <input id='t-0-3' name='tabbed-tabs-0' type='radio'>
    <label for='t-0-3' class='tabs'>Returns</label>
    <div class='wrapper'>
        <div class='tab-0-1'>
             <div class='row'>
              <p><strong style="background-color: initial;">I use ebay's Global Shipping Program to ship internationally.&nbsp;</strong></p><p><strong style="background-color: initial;">Free shipping, when offered, applies only to U.S. mainland destinations.</strong></p><p><strong style="background-color: initial;">I live in the middle of the beautiful state of Colorado and as shipping costs are based on weight and distance, shipping from here can be expensive. I take great care in packaging my items to ensure that they arrive safely.&nbsp;</strong></p><p><strong style="background-color: initial;">If your address is incorrect on your account, I will ask you to cancel you order, update your address and repurchase your item. If I change your address, I have no recourse should something happen to your item in transit.</strong></p><p><strong style="background-color: initial;">I ship next business day, Monday through Friday.</strong></p>
            </div>
        </div>
        <div class='tab-0-2'>
             <div class='row'>
              <p>I accept only PayPal and payment for auctions is due within three days. If you need to make arrangements, please contact me immediately. Payment for all fixed priced items is required at purchase.</p>
            </div>
        </div>
        <div class='tab-0-3'>
             <div class='row'>
              <p>Returns are accepted unless otherwise stated in the listing. Please let me know as soon as you can if you wish to return something. Returns are expected to be in the same condition as when they were shipped. At this time I do not charge a restocking fee.&nbsp;</p>
            </div>
        </div>
    </div>
<div class='clrfx mt-30'></div>
<div class='clrfx mt-30'></div>
</section>
</div></div>
        </div>
    </div>

</div>
<div id="inkfrog_gallery"></div>
</body>


<div id="inkfrog_crosspromo_bottom"></div><div id="inkfrog_credit" style='margin-bottom:25px;width:100%;text-align:center;'><div class="inkfrog_promo" style="margin-top:40px !important; "><a href='https://signin.ebay.com/authorize?client_id=inkFrogI-eBayShop-PRD-45d7504c4-548de517&response_type=code&redirect_uri=inkFrog__Inc.-inkFrogI-eBaySh-vlfzfmcd&scope=https://api.ebay.com/oauth/api_scope https://api.ebay.com/oauth/api_scope/sell.marketing.readonly https://api.ebay.com/oauth/api_scope/sell.marketing https://api.ebay.com/oauth/api_scope/sell.inventory.readonly https://api.ebay.com/oauth/api_scope/sell.inventory https://api.ebay.com/oauth/api_scope/sell.account.readonly https://api.ebay.com/oauth/api_scope/sell.account https://api.ebay.com/oauth/api_scope/sell.fulfillment.readonly https://api.ebay.com/oauth/api_scope/sell.fulfillment https://api.ebay.com/oauth/api_scope/sell.analytics.readonly' style='border:0px;' target='_blank'>Listing and template services provided by inkFrog</a><br><br></div><a href='https://signin.ebay.com/authorize?client_id=inkFrogI-eBayShop-PRD-45d7504c4-548de517&response_type=code&redirect_uri=inkFrog__Inc.-inkFrogI-eBaySh-vlfzfmcd&scope=https://api.ebay.com/oauth/api_scope https://api.ebay.com/oauth/api_scope/sell.marketing.readonly https://api.ebay.com/oauth/api_scope/sell.marketing https://api.ebay.com/oauth/api_scope/sell.inventory.readonly https://api.ebay.com/oauth/api_scope/sell.inventory https://api.ebay.com/oauth/api_scope/sell.account.readonly https://api.ebay.com/oauth/api_scope/sell.account https://api.ebay.com/oauth/api_scope/sell.fulfillment.readonly https://api.ebay.com/oauth/api_scope/sell.fulfillment https://api.ebay.com/oauth/api_scope/sell.analytics.readonly' style='border:0px;' target='_blank'><img src='//open.inkfrog.com/assets/img/logos/logo_small.png' style='border:0px;' alt='inkFrog'></a></div>
<img src="https://hit.inkfrog.com/t/hit.gif">
</DOC>
<DOC>
<DOCID>1700482</DOCID>
<CATEGORY>Collectibles > Arcade, Jukeboxes & Pinball > Arcade Gaming > Non-Video Arcade Machines</CATEGORY>
<ORIGTITLE>TOY TAXI Crane/Claw Plush Stuffed Animal Prize Arcade Machine! Has Bill Acceptor</ORIGTITLE>
.<font rwr="1" size="4"><p>Excellent condition..add $150 for prizes in pics. text 401-369-6321&nbsp;<b>The original Toy Taxi crane machine features a bright yellow all metal frame construction with taxi scenes. Toy Taxi has complete voice and or sound tracks and has easy to fill extra deep product areas and full size large claws. Real glass mirrors, no cheap plastic ones here. Flashing rope lights and prize sensors help attract attention and large wheels make moving a snap. Play Until You Win Selectable. Bill acceptor and the highest quality electronic coin mechanism is included along with a full 1 year warranty. Nobody offers more for less. Dimensions for Toy Taxi standard are 31 3/4"W x 35"D x 76"H.</b></p><p><b>Play Until You Win Selectable</b></p><p><b>USE BUY IT NOW FEATURE TO GET PRIZES IN PICS INCLUDED.</b></p><p><font rwr="1" size="4"><font rwr="1" size="4"></font></font><font rwr="1" size="4"><font rwr="1" size="4"></font></font></p><div><li style="caret-color: rgb(0, 0, 0);"><b>Large Claw</b></li><li style="caret-color: rgb(0, 0, 0);"><b>Microprocessor Control</b></li><li style="caret-color: rgb(0, 0, 0);"><b>Great Sound and Voice</b></li><li style="caret-color: rgb(0, 0, 0);"><b>Joystick Control<br></b></li><li style="caret-color: rgb(0, 0, 0);"><b>All Metal Construction with Tempered Safety Glass and Recessed LED Lights in Both Corners</b></li><li style="caret-color: rgb(0, 0, 0);"><b>Electronic Coin Mechanism (for years of trouble free service)</b></li><li style="caret-color: rgb(0, 0, 0);"><b>Adjustable Claw Strength with INCLUDED meter.</b></li><li style="caret-color: rgb(0, 0, 0);"><b>Dollar Bill Acceptor with Stacker Included</b></li><li style="caret-color: rgb(0, 0, 0);"><b>Optical Prize Detection System</b></li><li style="caret-color: rgb(0, 0, 0);"><b>Easily Accessible Service Panel at Front of Game<br></b></li><b style="caret-color: rgb(0, 0, 0);">&nbsp;&nbsp; High Security Cabinet with Big Locking Wheels for Easy Moving</b><span style="caret-color: rgb(0, 0, 0);"></span><li style="caret-color: rgb(0, 0, 0);"><b>Easy To fill extra deep product area with included removable platform</b></li><li style="caret-color: rgb(0, 0, 0);"><b>Dimensions for box &amp; skidded shipments sent common carrier are 48X40X82 Weight is 300 lbs.</b></li><font size="2" face="Arial" style="caret-color: rgb(0, 0, 0);"><strong><font size="3" face="Times New Roman"><font size="4"><br></font><br></font></strong></font></div></font><p style="font-size: 18.6667px;"></p><span style="font-size: 18.6667px;">.</span><p /><hr/><span class="ebay">On Apr-01-19 at 20:17:20 PDT, seller added the following information:</span><p /><html xmlns="http://www.w3.org/1999/xhtml">
        
    <link rel="stylesheet" type="text/css" href="http://www.uship.com/templates/ebay/styles/widget3.css" />

    <form method="get" target="_blank" action="http://www.uship.com/price_estimator.aspx?r=10537">
    <input type="hidden" name="z1" value="02777" />
    <input type="hidden" name="s" value="15" />
    <input type="hidden" name="wItemID" value="273788978367" />
        
        <div class="uship-estimator-outer round">
            <div class="uship-estimator-inner">
                <div class="uship-estimator-poweredby"><a href="http://www.uship.com/" target="_blank"><img src="http://www.uship.com/templates/ebay/images/poweredby_logo.png" alt="Powered By uShip" border="0" /></a></div>
                <div class="uship-estimator-item uship-estimator-desc">
                    <h1 class="uship-estimator-desc-title">SAVE MONEY<br />ON SHIPPING!</h1>
                    <p class="uship-estimator-desc-info">uShip is the first and largest auction style<br />marketplace for shipping and transportation<br />services.</p>
                    <a class="uship-estimator-desc-more" href="http://www.uship.com/ship/?r=10537" target="_blank">Learn More</a>
                </div>
                <div class="uship-estimator-item uship-estimator-form round">
                    <div class="uship-estimator-form-inner">
                        <a href="http://cgi6.ebay.com/ws/eBayISAPI.dll?SolutionsDirectory&page=details&solutionId=1561" target="_blank" class="uship-estimator-form-ebaycompatible"><img src="http://www.uship.com/templates/ebay/images/ebay-compatible.png" alt="eBay Compatible Application" height="49" width="62" border="0" /></a>
                        <div class="uship-estimator-form-title">SHIPPING PRICE ESTIMATOR</div>
                        
                        
                        
                        <!--Attribute-->
                        <div class="uship-estimator-form-item">
                            <label for="z2" class="uship-estimator-form-item-desc">Delivery ZIP Code:</label>
                            <input type="text" name="z2" class="zip" style="" />
                        </div>
                        <div class="uship-estimator-form-item">
                            <label class="uship-estimator-form-item-desc">Item Weight:</label>
                            <input type="text" name="w" class="attribute" />
                            <span class="uship-estimator-form-attrlabel">lbs.</span>
                        </div>
                        <!--End Attribute-->
                        <div class="uship-estimator-form-submit">
                            <input type="image" src="http://www.uship.com/templates/ebay/images/btn-get-estimate.png" alt="Get Price Estimate" />
                        </div>
                    </div>
                </div>
                
                <div class="uship-estimator-resources">
                    <span class="uship-estimator-resources-item uship-estimator-resources-title">MORE RESOURCES:</span>
                    <span class="uship-estimator-resources-item"><a href="http://www.uship.com/household/" target="_blank">uShip Guides and Articles</a></span>
                    <span class="uship-estimator-resources-item"><a href="@@viewAllURL?r=10537" target="_blank">uShip Provider Directory</a></span>
                    <span class="uship-estimator-resources-item uship-estimator-resources-list-item-last"><a href="http://www.uship.com/shipper_tools.aspx" target="_blank">Other Useful Tools &amp; Links</a></span>    
                </div>
            </div>
        </div>
    </form>
</html>
<!--ushipwidget-->
</DOC>
<DOC>
<DOCID>1700479</DOCID>
<CATEGORY>Collectibles > Holiday & Seasonal > Mardi Gras > Modern (1960-1990)</CATEGORY>
<ORIGTITLE>1978 REX Men's Ducal Favor Pin Mardi Gras</ORIGTITLE>
<font rwr="1" size="4" style="font-family:Arial"><font rwr="1" size="4" style="font-family:Arial"><font rwr="1" size="4" style="font-family:Arial">Pleased to offer is a 1978 REX Mardi Gras Men's ducal favor pin. Nice gift idea or collectible piece of Mardi Haistory.&nbsp;<div>Happy Shopping!!!</div><div><div style="font-size: large;"><br></div><div style="font-size: large;">Chris’ Fine Jewelry has been in business since 1987.. Our business is proud to serve the public and our on-line clients by selling you premium products directly from our store offering Wholesale prices. We specialize in unusual items such as vintage jewelry and accessories,Mardi Gras doubloons, Mardi Gras krewe favors, Choose from a large selection of high quality diamonds ranging in many sizes. We design and sell engagement rings, wedding rings, and wedding bands.To buy more merchandise, visit Chris’ Fine Jewelry (located in Metairie, Louisiana), for jewelry, jewelry repair, Coins, Mardi&nbsp; Gras doubloons(aluminum, multis, heavies, bronzes and silvers), Mardi Gras krewe favors, Coin &amp; Doubloon Supplies.If you would like an individual piece or item, please message through eBay*Note- A sales tax of .0920% will be placed on all products being bought in Jefferson Parish.</div></div></font></font></font>
</DOC>
<DOC>
<DOCID>1700472</DOCID>
<CATEGORY>Collectibles > Tools, Hardware & Locks > Locks, Keys</CATEGORY>
<ORIGTITLE>Vintage Skeleton Key Miniature Hollow Barrel Unusual Steel</ORIGTITLE>
<font rwr='1' size='4' style='font-family:Arial'><font size="4" style="font-family: Arial;" rwr="1"><font size="4" style="font-family: Arial;" rwr="1"><font size="4" style="font-family: Arial;" rwr="1"><font size="4" style="font-family: Arial;" rwr="1"><font size="4" style="font-family: Arial;" rwr="1"><font size="4" style="font-family: Arial;" rwr="1"><font size="4" style="font-family: Arial;" rwr="1"><font size="4" style="font-family: Arial;" rwr="1"><font size="4" style="font-family: Arial;" rwr="1"><font size="4" style="font-family: Arial;" rwr="1"><font size="4" style="font-family: Arial;" rwr="1"><font size="4" style="font-family: Arial;" rwr="1"><font size="4" style="font-family: Arial;" rwr="1"><font size="4" style="font-family: Arial;" rwr="1"><font size="4" style="font-family: Arial;" rwr="1"><font size="4" style="font-family: Arial;" rwr="1"><font size="4" style="font-family: Arial;" rwr="1"><font size="4" style="font-family: Arial;" rwr="1"><font size="4" style="font-family: Arial;" rwr="1"><font size="4" style="font-family: Arial;" rwr="1"></font></font></font></font></font></font></font></font></font></font></font></font></font></font></font></font></font></font></font></font><p><font size="4" style="font-family: Arial;" rwr="1"><font size="4" style="font-family: Arial;" rwr="1"><font size="4" style="font-family: Arial;" rwr="1"><font size="4" style="font-family: Arial;" rwr="1"><font size="4" style="font-family: Arial;" rwr="1"><font size="4" style="font-family: Arial;" rwr="1"><font size="4" style="font-family: Arial;" rwr="1"><font size="4" style="font-family: Arial;" rwr="1"><font size="4" style="font-family: Arial;" rwr="1"><font size="4" style="font-family: Arial;" rwr="1"><font size="4" style="font-family: Arial;" rwr="1"><font size="4" style="font-family: Arial;" rwr="1"><font size="4" style="font-family: Arial;" rwr="1"><font size="4" style="font-family: Arial;" rwr="1"><font size="4" style="font-family: Arial;" rwr="1"><font size="4" style="font-family: Arial;" rwr="1"><font size="4" style="font-family: Arial;" rwr="1"><span class="short_text" lang="en"><span><span class="short_text" lang="en"><span><br></span></span><span class="trans-verified-button goog-toolbar-button" id="t-served-community-button" role="button" aria-hidden="true" style="display: none;" unselectable="on"><span class="jfk-button-img" unselectable="on"></span></span></span></span><span class="trans-verified-button goog-toolbar-button" id="t-served-community-button" role="button" aria-hidden="true" style="display: none;" unselectable="on"><span class="jfk-button-img" unselectable="on"></span></span></font></font></font></font></font></font></font></font></font></font></font></font></font></font></font></font></font></p><p><font size="4" style="font-family: Arial;" rwr="1"><font size="4" style="font-family: Arial;" rwr="1"><font size="4" style="font-family: Arial;" rwr="1"><font size="4" style="font-family: Arial;" rwr="1"><font size="4" style="font-family: Arial;" rwr="1"><font size="4" style="font-family: Arial;" rwr="1"><font size="4" style="font-family: Arial;" rwr="1"><font size="4" style="font-family: Arial;" rwr="1"><font size="4" style="font-family: Arial;" rwr="1"><font size="4" style="font-family: Arial;" rwr="1"><font size="4" style="font-family: Arial;" rwr="1"><font size="4" style="font-family: Arial;" rwr="1"><font size="4" style="font-family: Arial;" rwr="1"><font size="4" style="font-family: Arial;" rwr="1"><font size="4" style="font-family: Arial;" rwr="1"><font size="4" style="font-family: Arial;" rwr="1"><br></font></font></font></font></font></font></font></font></font></font></font></font></font></font></font></font></p><p><font size="4" style="font-family: Arial;" rwr="1"><font size="4" style="font-family: Arial;" rwr="1"><font size="4" style="font-family: Arial;" rwr="1"><font size="4" style="font-family: Arial;" rwr="1"><font size="4" style="font-family: Arial;" rwr="1"><font size="4" style="font-family: Arial;" rwr="1"><font size="4" style="font-family: Arial;" rwr="1"><font size="4" style="font-family: Arial;" rwr="1"><font size="4" style="font-family: Arial;" rwr="1"><font size="4" style="font-family: Arial;" rwr="1"><font size="4" style="font-family: Arial;" rwr="1"><font size="4" style="font-family: Arial;" rwr="1"><font size="4" style="font-family: Arial;" rwr="1"><font size="4" style="font-family: Arial;" rwr="1"><font size="4" style="font-family: Arial;" rwr="1"><font size="4" style="font-family: Arial;" rwr="1">Ships in a padded mailer, we combine shipping<br>Merrydeath Antiques thanks you for visiting our store listings. We are a small family business based in East Tennessee. We pride ourselves on having a unique, quirky, and sometimes creepy store. We travel constantly from the Florida Keys to the mountains of Eastern Kentucky searching for the odd and unusual. We try to maintain a mix of items for every price range. We work with a team of pickers that are constantly on the prowl for antiques and collectibles. We want you to enjoy your purchase as much as we enjoyed finding it. We make mistakes sometimes, so if you have an issue please contact us and we will try to make it right. <br>Arnie, MJ, Bethany, Aaron, Clay, Victoria, Ryan, and Tucker</font></font></font></font></font></font></font></font></font></font></font></font></font></font></font></font></p></font>
</DOC>
<DOC>
<DOCID>1700489</DOCID>
<CATEGORY>Collectibles > Decorative Collectibles > Figurines > Clowns, Circuses</CATEGORY>
<ORIGTITLE>Vintage Creepy Clown Statue 1960s clarinet Italy marble circus musician italian</ORIGTITLE>
<font rwr='1' size='4' style='font-family:Arial'><font rwr="1" style="font-family:Arial" size="4"><font rwr="1" style="font-family:Arial" size="4"><font rwr="1" style="font-family:Arial" size="4"><meta name="viewport" content="width=device-width, initial-scale=1.0"><font rwr="1" style="font-family:Arial" size="4"><font rwr="1" style="font-family:Arial" size="4"><font rwr="1" style="font-family:Arial" size="4"><div align="center"><font size="2"><font face="Arial">Vintage 1960's Clown Statue<br><br><br>size-<br>4" tall<br>2 3/8"x1.5" base<br><br><br>-lite wear and marks, Looks&nbsp; Great-</font></font> <br></div></font></font></font></font></font></font></font>
</DOC>
<DOC>
<DOCID>1700477</DOCID>
<CATEGORY>Collectibles > Disneyana > Contemporary (1968-Now) > Banks</CATEGORY>
<ORIGTITLE>Disney 101 Dalmatians Coin Piggy Bank Hard Plastic with Original Stopper</ORIGTITLE>
<font rwr='1' size='4' style='font-family:Arial'>Good used condition on this cute 101 Dalmatians piggy bank. Made of hard plastic, from smoke-free home.&nbsp;<div><br></div><div><br></div></font>
</DOC>
<DOC>
<DOCID>1700487</DOCID>
<CATEGORY>Collectibles > Historical Memorabilia > Fraternal Organizations > Other Fraternal Organizations</CATEGORY>
<ORIGTITLE>PAP royal order of moose trophy marble base cast metal</ORIGTITLE>
<font rwr='1' size='4' style='font-family:Arial'><font size="4" style="font-family:Arial" rwr="1"><font size="4" style="font-family:Arial" rwr="1"><font size="4" style="font-family:Arial" rwr="1"><p><font face="verdana" size="3">KDA is offering a variety of&nbsp;products on eBay to introduce you to our Trophy &amp; Awards company.&nbsp; This is a family business. We take pride in offering quality products at a competitive price. </font></p>
<p><font face="verdana" size="3">Some are sample items, some are closeout items.&nbsp;They are priced to sell but more importantly these items are offered to give you an idea of what we can do for you. </font></p>
<p align="left"><font color="black" size="4"><u><b>This auction is for one 5 1/2" tall trophy</b></u></font></p><p align="left"><font size="4"><b>3" wide marble base</b></font></p><p align="left"><font size="4"><font color="red"><b>&nbsp;<font color="#000000">TROPHY LETTERING IS FREE</font></b></font></font></p><p align="left"><font color="#000000" size="4"><b>3 lines max&nbsp;20 characters per line</b></font></p><p align="left"><font color="#000000" size="4"><b>please send wording with your payment</b></font></p><p align="left"><b>Use the NOTE TO SELLER area on the eBay Confirm Payment Page</b></p>
<p align="left"><font size="4"><b><br></b></font></p></font></font></font></font>
</DOC>
<DOC>
<DOCID>1700473</DOCID>
<CATEGORY>Collectibles > Comics > Modern Age (1992-Now) > Superhero > Star Wars</CATEGORY>
<ORIGTITLE>STAR WARS #7 CGC 9.6 SS Signed John Tyler JTC~ACTION FIGURE VARIANT Stormtrooper</ORIGTITLE>
<font rwr='1' size='4' style='font-family:Arial'><font size="4" style="font-family:Arial" rwr="1"><font size="4" style="font-family:Arial" rwr="1"><font size="4" style="font-family:Arial" rwr="1"><font size="4" style="font-family:Arial" rwr="1"><font size="4" style="font-family:Arial" rwr="1"><font size="4" style="font-family:Arial" rwr="1"><font size="4" style="font-family:Arial" rwr="1"><font size="4" style="font-family:Arial" rwr="1"><font size="4" style="font-family:Arial" rwr="1"><font size="4" style="font-family:Arial" rwr="1"><font size="4" style="font-family:Arial" rwr="1"><font size="4" style="font-family:Arial" rwr="1"><font size="4" style="font-family:Arial" rwr="1"><div>ABOUT THE ITEM: <span style="display: inline !important; float: none; background-color: transparent; color: rgb(0, 0, 0); font-family: Arial; font-size: 18.06px; font-style: normal; font-variant: normal; font-weight: 400; letter-spacing: normal; orphans: 2; text-align: left; text-decoration: none; text-indent: 0px; text-transform: none; -webkit-text-stroke-width: 0px; white-space: normal; word-spacing: 0px;">This is a very nice CGC comic that was part of the exclusive Signature Series. Very rare variant signing. CGC provides independent third party witnessing of all signatures. A representative is ALWAYS on hand to witness the signatures and/or sketches so bid with confidence on CGC books. In hand and ready to ship! . </span></div><div><b></b><i></i><u></u><sub></sub><sup></sup><strike></strike><br></div><div>COMMUNICATION:
Please understand that I am the only person able to work in my family due to health issues. I often leave town on business so I can't communicate often via e-mail. PLEASE understand that it could be a few days before I respond to a question. in my auctions are basically everything you need to know so you don't have to e-mail me and wait. Please read carefully. Also, please make note of my special ship times. See shipping for special shipping times. </div><div><br></div><div>
SHIPPING:
I ship once a week. READ AT THE BOTTOM ABOUT THIS. I try to have ALL packages out by the next weekend and most of the packages will go out via priority mail...but some depending on the location in the country will go by parcel post. I try to save you on shipping! For international shipping I use EBay's Global Shipping Program. Sorry but due to many issues with overseas packages and customs I do not ship any other way. I do combine shipping...but for the global shipping program for overseas buyers you will have to contact Ebay to get them to give you a combined nvoice since they are the ones sending you the items. Thank you!!! </div><div><br></div><div>
I am trying to save you as much as I can on shipping to earn your 5 star rating! If you feel that you can't leave me a 5 star rating please e-mail me BEFORE you leave it so I can correct any problems. </div></font></font></font></font></font></font></font></font></font></font></font></font></font></font>
</DOC>
<DOC>
<DOCID>1700483</DOCID>
<CATEGORY>Collectibles > Radio, Phonograph, TV, Phone > Radios > Transistor Radios</CATEGORY>
<ORIGTITLE>VINTAGE AQUA NOBILITY WORKING TRANSISTOR RADIO WITH WHITE CASE</ORIGTITLE>
<font rwr='1' size='4' style='font-family:Arial'><font rwr="1" size="4" style="font-family:Arial">This is a vintage aqua Nobility solid state Transistor working radio.&nbsp; This transistor radio has a white case and a wristlet handle.&nbsp; Check out my other transistor radios I have up for sale.&nbsp; Battery not included</font></font>
</DOC>
<DOC>
<DOCID>1700481</DOCID>
<CATEGORY>Collectibles > Transportation > Buses & Taxi Cabs</CATEGORY>
<ORIGTITLE>1970's (?) Vintage Connecticut Transit Stamford Front Bus Rollsign Section</ORIGTITLE>
<font rwr="1" size="4" style="font-family:Arial"><font rwr="1" size="4" style="font-family:Arial"><font rwr="1" size="4" style=""><font rwr="1" size="4" style=""><ul style="font-family: Arial;"><li style=""><font color="green" style="font-family: Arial; font-size: 14pt;"><strong><font class="Apple-style-span" face="Verdana">You are bidding on a unique,&nbsp;</font></strong></font><font color="#008000" face="Verdana"><b>1970's (?) Vintage Connecticut Transit Stamford Front Bus Rollsign Section.</b></font></li><li style=""><font color="#008000" face="Verdana"><b>Probably for a Connecticut Transit GM New look/fishbowl bus.</b></font></li><li style="font-family: Arial; font-size: 14pt;"><strong><font class="Apple-style-span" face="Verdana"><font class="Apple-style-span" color="#FF0010">This sign is made of glossy vellum. &nbsp;It is in like new condition.</font></font></strong></li><li style="font-family: Arial; font-size: 14pt;"><font class="Apple-style-span" face="Verdana"><b>Please review all photos carefully before buying.</b></font></li><li style="font-family: Arial; font-size: 14pt;">This section measures 53 inches wide by 27 inches long.&nbsp;</li></ul><li style="font-family: Arial; font-size: 14pt; color: green;"><font color="green"><strong><font class="Apple-style-span" face="Verdana">The readings on this sign are as follows:</font></strong></font></li><li style="font-family: Arial; font-size: 14pt;"><font color="#ff0010" face="Verdana"><b>STAMFORD</b></font></li><li style="font-family: Arial; font-size: 14pt;"><font color="#ff0010" face="Verdana"><b>DARIEN R.R. STATION</b></font></li><li style="font-size: 14pt;"><font color="#ff0010" face="Verdana"><b>GLENBROOK</b></font></li><li style="font-size: 14pt;"><font color="#ff0010" face="Verdana"><b>SOUTHFIELD.</b></font></li><font color="green" style="font-family: Arial; font-size: 14pt; color: green;"><li><span class="Apple-style-span" style="font-family: Verdana; font-weight: bold; ">This sign would be great for bar or restaurant decoration, dorm room, den, etc.  Also makes that one of a kind gift - you can't find this at Sears or Target. Have fun touring Stamford. Own a piece of Connecticut history!</span></li><strong><font class="Apple-style-span" face="Verdana"><br><br></font><font color="green"><font class="Apple-style-span" face="Verdana"><strong></strong></font></font><p></p>

<p><font color="green"><strong><font class="Apple-style-span" face="Verdana">&nbsp;Item shipped via USPS Priority Mail to anywhere in the United States.&nbsp; Foreign buyers to pay actual shipping charges.  Please check out our other auctions for great subway items, like DVDs and other signs.  Thanks for looking and good luck!</font></strong></font></p><p><font class="Apple-style-span" face="Verdana" color="#008000"><b><span class="Apple-style-span" style="color: rgb(51, 51, 51); font-family: Verdana, Helvetica, sans-serif; font-size: large; ">International
 Buyers Please note: Import duties, taxes, and charges are not included 
in the item price or shipping cost. These charges are the buyer's 
responsibility. Please check with your country's customs office to 
determine what these additional costs will be prior to bidding or 
buying.</span></b></font></p></strong></font></font></font></font></font>
</DOC>
<DOC>
<DOCID>1700491</DOCID>
<CATEGORY>Collectibles > Animals > Horses: Model Horses > Breyer > Traditional, 12 x 9 Inch</CATEGORY>
<ORIGTITLE>Breyer Custom Horse Starbrite Ooak Traditional Gypsy Vanner mold Glossy</ORIGTITLE>
Breyer Custom Horse Starbrite OOAK Traditional Gypsy Vanner mold is glossy finish
</DOC>
<DOC>
<DOCID>1700492</DOCID>
<CATEGORY>Collectibles > Comics > Other Comic Collectibles</CATEGORY>
<ORIGTITLE>VINTAGE WALT DISNEY DONALD DUCK RAIN COAT AND HAT 9.5" CERAMIC FIGURINE FIGURE</ORIGTITLE>
<font rwr='1' size='4' style='font-family:Arial'><font size="4" style="font-family: Arial;" rwr="1"><font size="4" style="font-family: Arial;" rwr="1"><font size="4" style="font-family: Arial;" rwr="1"><font size="4" style="font-family: Arial;" rwr="1"><font size="4" style="font-family: Arial;" rwr="1"><font size="4" style="font-family: Arial;" rwr="1"><font size="7"><font face="Impact"><strong>VINTAGE WALT DISNEY DONALD DUCK WEARING PINK/PURPLE RAIN COAT AND HAT 9.5 INCH CERAMIC FIGURE. EXCELLENT CONDITION WITH BRIGHT COLORS NO CRACKS OR CHIPS NOTED WILL LOOK GREAT DISPLAYED. </strong></font></font><p class="MsoNormal" style="margin: 0in 0in 0pt;"><br></p><font size="7"><font face="Impact"><o:p><font face="Times New Roman" size="3"><p class="MsoNormal" style="margin: 0in 0in 0pt;"><font face="Impact" size="6"><strong>IT WOULD BE A GREAT ADDITION TO ANY COLLECTION.</strong></font></p><p class="MsoNormal" style="margin: 0in 0in 0pt;"><font face="Impact" size="6"><br></font></p><font face="Impact" size="6"><p class="MsoNormal" style="margin: 0in 0in 0pt;"><strong><font size="5">BID &amp; BUY &nbsp;WITH CONFIDENCE WE HAVE BEEN SELLING ON EBAY SINCE 1998.&nbsp;&nbsp;</font></strong></p><p class="MsoNormal" style="margin: 0in 0in 0pt;"><span style="mso-spacerun: yes;"><br><strong><font size="5"></font></strong></span></p><p class="MsoNormal" style="margin: 0in 0in 0pt;"><span style="mso-spacerun: yes;"><strong><font size="5">ITEM SHIPS FROM CLEAN SMOKE FREE AND&nbsp;PET FREE ENVIROMENT.</font></strong></span></p><p class="MsoNormal" style="margin: 0in 0in 0pt;"><span style="mso-spacerun: yes;"><br><strong><font size="5"></font></strong></span></p><p class="MsoNormal" style="margin: 0in 0in 0pt;"><span style="mso-spacerun: yes;"><strong><font size="5">WILL&nbsp;SHIP WITH IN 1 BUISNESS DAY. HOLIDAYS &amp; WEEKENDS EXCLUDED.</font></strong></span></p><p class="MsoNormal" style="margin: 0in 0in 0pt;"><span style="mso-spacerun: yes;"><br><strong><font size="5"></font></strong></span></p><p class="MsoNormal" style="margin: 0in 0in 0pt;"><span style="mso-spacerun: yes;"><strong><font size="5">ATTN INTERNATIONAL BUYERS ONLY US FUNDS ACCEPTED FOR PAYMENT </font></strong></span></p><p class="MsoNormal" style="margin: 0in 0in 0pt;"><span style="mso-spacerun: yes;"><strong><font size="5">ADDITIONAL SHIIPING CHARGES WILL APPLY.<br></font></strong></span></p><p class="MsoNormal" style="margin: 0in 0in 0pt;"><span style="mso-spacerun: yes;"><br><strong><font size="5"></font></strong></span></p><p class="MsoNormal" style="margin: 0in 0in 0pt;"><span style="mso-spacerun: yes;"><strong><font size="5">WE OFFER&nbsp;30 DAY RETURNS WITH NO RESTOCKING FEE.</font></strong></span></p><p class="MsoNormal" style="margin: 0in 0in 0pt;"><span style="mso-spacerun: yes;"><br><strong><font size="5"></font></strong></span></p><p class="MsoNormal" style="margin: 0in 0in 0pt;"><span style="mso-spacerun: yes;"><strong><font size="5">ATTN BUYERS / AUCTION WINNERS PAYMENT VIA PAYPAL MUST BE RECEIVED WITHIN 4 DAYS </font></strong></span></p><p class="MsoNormal" style="margin: 0in 0in 0pt;"><span style="mso-spacerun: yes;"><strong><font size="5">ANY ORDER NOT PAID WITH IN 4 DAYS WILL BE CANCLED WITHOUT NOTICE.</font></strong></span></p><p class="MsoNormal" style="margin: 0in 0in 0pt;"><span style="mso-spacerun: yes;"><br><strong><font size="5"></font></strong></span></p><p class="MsoNormal" style="margin: 0in 0in 0pt;"><span style="mso-spacerun: yes;"><strong><font size="5">POSITIVE FEEDBACK&nbsp;LEFT FOR ALL BUYERS WHO PAY IN A TIMELY MANNER.</font></strong></span></p><p class="MsoNormal" style="margin: 0in 0in 0pt;"><span style="mso-spacerun: yes;"><br><strong><font size="5"></font></strong></span></p><p class="MsoNormal" style="margin: 0in 0in 0pt;"><span style="mso-spacerun: yes;"><strong><font size="5">WE APPRECIATE POSITIVE FEEDBACK.</font></strong></span></p><p class="MsoNormal" style="margin: 0in 0in 0pt;"><span style="mso-spacerun: yes;"><br><strong><font size="5"></font></strong></span></p><p class="MsoNormal" style="margin: 0in 0in 0pt;"><span style="mso-spacerun: yes;"><strong><font size="5">WE WILL COMBINE ITEMS FOR SHIPPING ON MULTIPLE ITEM ORDERS.</font></strong></span></p></font><p class="MsoNormal" style="margin: 0in 0in 0pt;"><br></p></font><p class="MsoNormal" style="margin: 0in 0in 0pt;"><br></p></o:p><p class="MsoNormal" style="margin: 0in 0in 0pt;"><br></p></font><p class="MsoNormal" style="margin: 0in 0in 0pt;"><br></p></font><p class="MsoNormal" style="margin: 0in 0in 0pt;"><br></p><font size="6"><strong>

</strong></font><p class="MsoNormal" style="margin: 0in 0in 0pt;"><o:p></o:p>&nbsp;</p>

<p class="MsoNormal" style="margin: 0in 0in 0pt;"><o:p><br></o:p></p>

<p class="MsoNormal" style="margin: 0in 0in 0pt;">&nbsp;</p></font></font></font></font></font></font></font>
</DOC>
<DOC>
<DOCID>1700494</DOCID>
<CATEGORY>Collectibles > Decorative Collectibles > Decorative Collectible Brands > Tom Clark</CATEGORY>
<ORIGTITLE>TIM & RANDY-R 1984~Tom Clark Gnome~Cairn Studio #1009~Ed #94~COA~Signed~Story</ORIGTITLE>
<font rwr='1' size='4' style='font-family:Arial'><style>img{max-width:100%}</style><meta name="viewport" content="width=device-width, initial-scale=1.0"><font rwr="1" size="4" style="font-family:Arial"><font rwr="1" size="4" style="font-family:Arial"><font rwr="1" size="4" style="font-family:Arial"><p align="center"><img src="HTTPS://imagehost.vendio.com/img/spacers/pixel.gif" border="0">&nbsp;<strong><font color="#000000" face="Arial Black"><a href="HTTPS://my.ebay.com/ws/eBayISAPI.dll?AcceptSavedSeller&amp;linkname=includenewsletter&amp;sellerid=moseyin"><font size="4">Sign up for my email newsletters</font></a><font size="4"> by adding my eBay Store to your Favorites</font></font></strong></p>
<p align="center"><strong><font color="#000000" face="Arial Black"><font size="4">Check out my </font><a href="HTTPS://search.ebay.com/?sass=moseyin&amp;ht=-1" target="_blank"><font size="4">other items</font></a><font size="4">!&nbsp;</font></font></strong></p><font face="Arial Black"><font size="5"><strong>
<p align="center" style="color: rgb(0, 44, 253);"><span class="Apple-style-span" style="font-family: Arial;"><font color="#002cfd" face="Comic Sans MS"><a href="HTTPS://stores.ebay.com/"><img align="absMiddle" alt="From collectibles to electronics, buy and sell all kinds of items on eBay Stores" src="HTTPS://pics.ebaystatic.com/aw/pics/storefronts/hub/subcat/storesLogoNW_107x55.gif" border="0"></a></font></span></p>
<p align="center" style="color: rgb(0, 44, 253);"><span class="Apple-style-span" style="font-family: Arial;"><font color="#000000" face="Arial Black" size="2">Thomas F Clark is the lead artist for Cairn Studio, Ltd. He is the most well-known artist in America today, world renowned for his charming clay sculptures, he is the most prolific and talented sculptor in the figurine industry. He creates a wide variety of statues, from imaginative gnomes and woodspirits, to various rendition of people from all walks of life, including great people in history. The irresistibly human expressions of his Woodspirits, Mountaineers, and Seafaring characters have captured the fancy of collectors throughout the United States, Canada, Europe, and Asia (especially Japan!). Dr. Clark and Cairn Studios have been commissioned to create artworks for a wide variety of businesses and organizations, including The Easter Seal Society, various NASCAR drivers, Lance Corporation, The Boy Scounts of America, The Cub Scouts of America, The National Shriners and Mason Charities, Xerox Corporation, Hospice, QVC, Fidelco Guide Dog Foundation, We're Hear for You, Michigan State, and many, many others. </font></span></p>
<p align="center" style="color: rgb(0, 44, 253);"><span class="Apple-style-span" style="font-family: Arial;"><font color="#000000" face="Arial Black"><font size="4"></font> </font></span></p>
<p align="center" style=""><font size="5" style="font-family: Arial;"><strong style=""><font face="Arial Black" style=""><font color="#002cfd" style="color: rgb(0, 44, 253);">"Tim &amp; Randy"</font> was created by&nbsp;Tom Clark 1984 and is retired.&nbsp;</font></strong></font><font face="Arial Black" style="color: rgb(0, 44, 253); font-size: large;"><font size="5"><strong><font color="#002cfd"><span class="Apple-style-span" style="font-family: Arial;"><font color="#000000" size="4">&nbsp;</font></span></font></strong></font></font></p></strong></font></font>
<p align="center"><strong style="font-size: x-large;"><font face="Arial Black"><font color="#002cfd">"Tim &amp; Randy"</font></font></strong><font face="Arial Black"><font size="5"><strong>&nbsp;is item #1009, &nbsp;</strong></font></font><font face="Arial Black"><font size="5"><strong>edition #94,&nbsp; about 10 1/2" tall,&nbsp; 4"&nbsp;in diameter <font face="Arial Black"><font size="5"><strong>and it's&nbsp;</strong></font></font><font face="Arial Black"><font size="5"><strong>unpacked </strong><strong>weight is 1 lb. 1.6 oz..&nbsp;</strong></font></font></strong></font></font></p><p align="center"><font face="Arial Black"><font size="5"><strong><font face="Arial Black"><font size="5"><strong>Hand signed by the artist Tom Clark!&nbsp;</strong></font></font></strong></font></font></p><p align="center"><font size="5" style="font-family: &quot;Arial Black&quot;;"><strong>Story and </strong></font><strong style="font-family: &quot;Arial Black&quot;; font-size: x-large;">C.O.A are</strong><font size="5" style="font-family: &quot;Arial Black&quot;;"><strong>&nbsp;included.&nbsp;</strong></font><font size="3" style="font-family: &quot;Arial Black&quot;;">&nbsp;</font></p><p align="center"><font face="Arial Black"><font size="5"><strong>No Original Box. &nbsp;</strong></font></font></p>
<p align="center"><strong style="font-size: x-large;"><font face="Arial Black"><font color="#002cfd">"Tim &amp; Randy"</font></font></strong><font face="Arial Black"><font size="5"><strong><font color="#ff0010"><font color="#002cfd">&nbsp;</font></font><font color="#ad001f">IS IN </font></strong><strong><font color="#ad001f">EXCELLENT CONDITION. </font></strong></font></font></p>
<p align="center"><strong><font face="Arial Black" size="5">Please check pictures thoroughly for complete description, conditions and details.</font></strong></p>
<p align="center"><font color="#002cfd" face="Arial Black" size="5">No handling charges and shipping is free on Fixed Price Listing within the USA.</font><font face="Arial Black" size="5"></font><font color="#000000" face="Arial Black" size="5"><br><br></font><strong><font face="Arial Black"><font size="5"><font color="#002cfd">"Buy It Now," You Will Not Regret It! </font></font></font></strong></p>
<p align="center"><strong><font face="Arial Black"><font size="5"><font color="#002cfd">Thank You For Visiting! Please Come Back Soon!</font></font></font></strong></p><p align="center"><span style="color: rgb(221, 17, 17); font-family: 'Arial Black'; font-size: x-large;">We Combine Shipments!!</span></p></font></font></font></font>
</DOC>
<DOC>
<DOCID>1700495</DOCID>
<CATEGORY>Collectibles > Decorative Collectibles > Decorative Collectible Brands > Enesco > Jim Shore</CATEGORY>
<ORIGTITLE>Winnie the Pooh Eeyore Thanks for noticin me Jim Shore Disney NIB Free Shipping</ORIGTITLE>
<!-- Original design work, including graphics and all related scripts, Copyright (c) OCDesignsOnline.com, All Rights Reserved. Used with permission by WorldWideArt. -->
<html>
<head>
<meta http-equiv="Content-Type" content="text/html; charset=utf-8" />
<meta name="viewport" content="width=device-width, initial-scale=1.0, maximum-scale=1.0, user-scalable=1">
<link type="text/css" href="https://www.world-wide-art.com/skin/frontend/wwa/default/New/product.css" rel="stylesheet" />
</head>
<body>
<div class="container"> <!-- header-->
<div id="header">
<div class="wraper">
<div class="header-center">
<div class="warraper">
<div class="logo"> <a target="_blank" href="https://stores.ebay.com/worldwideart" title="worldwideart"> <img src="https://www.world-wide-art.com/skin/frontend/wwa/default/New/img/logo.png" alt="WorldWideArt" title="WorldWideArt" /> </a></div>
<div class=".x-head-right">
<ul id="x-textpromo">
<li class="shipping">Free Shipping </li>
<li class="inter-shipping">International Shipping </li>
<li class="no-tax">No Tax </li>
</ul>
</div>
</div>
<div id="social">
<ul class="address">
<li><a target="_blank" href="https://stores.ebay.com/worldwideart">Home</a></li>
<li><a target="_blank" href="https://stores.ebay.com/worldwideart/About-Us">About Us</a></li>
<li><a target="_blank" href="https://contact.ebay.com/ws/eBayISAPI.dll?ContactUserNextGen&recipient=world-wide-art">Contact Us</a></li>
<li><a target="_blank" href="https://stores.ebay.com/worldwideart/Shipping-and-returns">Shipping & returns</a></li>
<li><a target="_blank" href="https://stores.ebay.com/worldwideart/Payment">Payment</a></li>
</ul>
</div>
</div>
</div>
</div>
<!-- /header--> <!-- product content-->
<div class="product">
<div class="warraper">
<input type="checkbox" name="tabs" id="leftmenu">
<div id="menu">
<label for="leftmenu">Menu</label>
</div>
<div id="LeftPanel">
<div class="lcat">
<h2>Categories</h2>
<div id="LeftPanel1">
<ul class="lev1">
<li><a target="_blank" href="https://stores.ebay.com/worldwideart/_i.html?_fsub=3879612013">Thomas Kinkade</a></li>
<li><a target="_blank" href="https://stores.ebay.com/worldwideart/_i.html?_fsub=3879613013">Disney / Pixar</a></li>
<li><a target="_blank" href="https://stores.ebay.com/worldwideart/_i.html?_fsub=3903055013">Framed Etching</a></li>
<li><a target="_blank" href="https://stores.ebay.com/worldwideart/_i.html?_fsub=3941894013">Warner Brothers</a></li>
<li><a target="_blank" href="https://stores.ebay.com/worldwideart/_i.html?_fsub=3902622013">Figurative</a></li>
<li><a target="_blank" href="https://stores.ebay.com/worldwideart/_i.html?_fsub=3928878013">Steve Hanks</a></li>
<li><a target="_blank" href="https://stores.ebay.com/worldwideart/_i.html?_fsub=3963979013">Star Wars</a></li>
<li><a target="_blank" href="https://stores.ebay.com/worldwideart/_i.html?_fsub=3953335013">Terry Redlin</a></li>
<li><a target="_blank" href="https://stores.ebay.com/worldwideart/_i.html?_fsub=3945260013">Jim Shore</a></li>
<li><a target="_blank" href="https://stores.ebay.com/worldwideart/_i.html?_fsub=52029768013">Landscape / Scenic</a></li>
<li><a target="_blank" href="https://stores.ebay.com/worldwideart/_i.html?_fsub=3949232013">DC Comics</a></li>
<li><a target="_blank" href="https://stores.ebay.com/worldwideart/_i.html?_fsub=3960733013">Marvel Comics</a></li>
<li><a target="_blank" href="https://stores.ebay.com/worldwideart/_i.html?_fsub=56002149013">Horses / Equestrian</a></li>
<li><a target="_blank" href="https://stores.ebay.com/worldwideart/_i.html?_fsub=3906751013">Wildlife</a></li>
<li><a target="_blank" href="https://stores.ebay.com/worldwideart/_i.html?_fsub=3911052013">Religion</a></li>
<li><a target="_blank" href="https://stores.ebay.com/worldwideart/_i.html?_fsub=3928881013">Judy Larson</a></li>
<li><a target="_blank" href="https://stores.ebay.com/worldwideart/_i.html?_fsub=3903056013">Peanuts - Charles Schulz</a></li>
<li><a target="_blank" href="https://stores.ebay.com/worldwideart/_i.html?_fsub=3916290013">Tim Rogerson</a></li>
<li><a target="_blank" href="https://stores.ebay.com/worldwideart/_i.html?_fsub=55968840013">Native American</a></li>
<li><a target="_blank" href="https://stores.ebay.com/worldwideart/_i.html?_fsub=3949238013">Alex Ross</a></li>
<li><a target="_blank" href="https://stores.ebay.com/worldwideart/_i.html?_fsub=3916289013">Peter and Harrison Ellenshaw</a></li>
<li><a target="_blank" href="https://stores.ebay.com/worldwideart/_i.html?_fsub=3907476013">Western</a></li>
<li><a target="_blank" href="https://stores.ebay.com/worldwideart/_i.html?_fsub=3928884013">Bonnie Marris</a></li>
<li><a target="_blank" href="https://stores.ebay.com/worldwideart/_i.html?_fsub=3952802013">Lenox</a></li>
<li><a target="_blank" href="https://stores.ebay.com/worldwideart/_i.html?_fsub=3928896013">Morgan Weistling</a></li>
<li><a target="_blank" href="https://stores.ebay.com/worldwideart/_i.html?_fsub=3945259013">Romero Britto</a></li>
<li><a target="_blank" href="https://stores.ebay.com/worldwideart/_i.html?_fsub=3949236013">Hanna-Barbera</a></li>
<li><a target="_blank" href="https://stores.ebay.com/worldwideart/_i.html?_fsub=3871593013">WDCC</a></li>
<li><a target="_blank" href="https://stores.ebay.com/worldwideart/_i.html?_fsub=3916284013">Jim Salvati</a></li>
<li><a target="_blank" href="https://stores.ebay.com/worldwideart/_i.html?_fsub=3916271013">Rodel Gonzalez</a></li>
<li><a target="_blank" href="https://stores.ebay.com/worldwideart/_i.html?_fsub=3928882013">Z.S. Liang</a></li>
<li><a target="_blank" href="https://stores.ebay.com/worldwideart/_i.html?_fsub=4003713013">David Willardson</a></li>
<li><a target="_blank" href="https://stores.ebay.com/worldwideart/_i.html?_fsub=3916266013">James Coleman</a></li>
<li><a target="_blank" href="https://stores.ebay.com/worldwideart/_i.html?_fsub=3949235013">Harry Potter</a></li>
<li><a target="_blank" href="https://stores.ebay.com/worldwideart/_i.html?_fsub=51367728013">Charles White</a></li>
<li><a target="_blank" href="https://stores.ebay.com/worldwideart/_i.html?_fsub=3907480013">G. Harvey</a></li>
<li><a target="_blank" href="https://stores.ebay.com/worldwideart/_i.html?_fsub=3916288013">Jim Warren</a></li>
<li><a target="_blank" href="https://stores.ebay.com/worldwideart/_i.html?_fsub=3916272013">Manny Hernandez</a></li>
<li><a target="_blank" href="https://stores.ebay.com/worldwideart/_i.html?_fsub=3916265013">Trevor Carlton</a></li>
<li><a target="_blank" href="https://stores.ebay.com/worldwideart/_i.html?_fsub=3928851013">Alan Bean</a></li>
<li><a target="_blank" href="https://stores.ebay.com/worldwideart/_i.html?_fsub=3928891013">Daniel Smith</a></li>
<li><a target="_blank" href="https://stores.ebay.com/worldwideart/_i.html?_fsub=3928858013">James Christensen</a></li>
<li><a target="_blank" href="https://stores.ebay.com/worldwideart/_i.html?_fsub=3916285013">Michelle St. Laurent</a></li>
<li><a target="_blank" href="https://stores.ebay.com/worldwideart/_i.html?_fsub=3916274013">Rob Kaz</a></li>
<li><a target="_blank" href="https://stores.ebay.com/worldwideart/_i.html?_fsub=3916276013">Mike Kungl</a></li>
<li><a target="_blank" href="https://stores.ebay.com/worldwideart/_i.html?_fsub=3981896013">Walt Disney Mini Busts</a></li>
<li><a target="_blank" href="https://stores.ebay.com/worldwideart/_i.html?_fsub=3928885013">Frank McCarthy</a></li>
<li><a target="_blank" href="https://stores.ebay.com/worldwideart/_i.html?_fsub=3916263013">Toby Bluth</a></li>
<li><a target="_blank" href="https://stores.ebay.com/worldwideart/_i.html?_fsub=3953121013">Precious Moments</a></li>
<li><a target="_blank" href="https://stores.ebay.com/worldwideart/_i.html?_fsub=50780660013">Allyson Vought</a></li>
<li><a target="_blank" href="https://stores.ebay.com/worldwideart/_i.html?_fsub=3916283013">John Rowe</a></li>
<li><a target="_blank" href="https://stores.ebay.com/worldwideart/_i.html?_fsub=3949234013">Mary GrandPre</a></li>
<li><a target="_blank" href="https://stores.ebay.com/worldwideart/_i.html?_fsub=51878587013">James Mulligan</a></li>
<li><a target="_blank" href="https://stores.ebay.com/worldwideart/_i.html?_fsub=3928890013">Mian Situ</a></li>
<li><a target="_blank" href="https://stores.ebay.com/worldwideart/_i.html?_fsub=3916279013">Tennessee Loveless</a></li>
<li><a target="_blank" href="https://stores.ebay.com/worldwideart/_i.html?_fsub=3903276013">Carl Brenders</a></li>
<li><a target="_blank" href="https://stores.ebay.com/worldwideart/_i.html?_fsub=3902756013">Trevor Mezak</a></li>
<li><a target="_blank" href="https://stores.ebay.com/worldwideart/_i.html?_fsub=52024598013">Heather Theurer</a></li>
<li><a target="_blank" href="https://stores.ebay.com/worldwideart/_i.html?_fsub=4377086013">Walt Disney Showcase</a></li>
<li><a target="_blank" href="https://stores.ebay.com/worldwideart/_i.html?_fsub=3916269013">Stephen Fishwick</a></li>
<li><a target="_blank" href="https://stores.ebay.com/worldwideart/_i.html?_fsub=3916264013">Lorelay Bove</a></li>
<li><a target="_blank" href="https://stores.ebay.com/worldwideart/_i.html?_fsub=3902755013">Michael and Inessa Garmash</a></li>
<li><a target="_blank" href="https://stores.ebay.com/worldwideart/_i.html?_fsub=52080442013">Darrell Bush</a></li>
<li><a target="_blank" href="https://stores.ebay.com/worldwideart/_i.html?_fsub=51881082013">Edson Campos</a></li>
<li><a target="_blank" href="https://stores.ebay.com/worldwideart/_i.html?_fsub=3916286013">Mark Swanson</a></li>
<li><a target="_blank" href="https://stores.ebay.com/worldwideart/_i.html?_fsub=3916262013">Daniel Arriaga</a></li>
<li><a target="_blank" href="https://stores.ebay.com/worldwideart/_i.html?_fsub=3902621013">Floral</a></li>
<li><a target="_blank" href="https://stores.ebay.com/worldwideart/_i.html?_fsub=51878591013">Tom Matousek</a></li>
<li><a target="_blank" href="https://stores.ebay.com/worldwideart/_i.html?_fsub=52028037013">Victoria Ying</a></li>
<li><a target="_blank" href="https://stores.ebay.com/worldwideart/_i.html?_fsub=3902759013">Irene Sheri</a></li>
<li><a target="_blank" href="https://stores.ebay.com/worldwideart_i.html?_nkw=Bob+Coronato">Bob Coronato</a></li>
<li><a target="_blank" href="https://stores.ebay.com/worldwideart/_i.html?_fsub=3916281013">Paige O'Hara</a></li>
<li><a target="_blank" href="https://stores.ebay.com/worldwideart/_i.html?_fsub=3916275013">Lisa Keene</a></li>
<li><a target="_blank" href="https://stores.ebay.com/worldwideart/_i.html?_fsub=51878586013">Michael Humphries</a></li>
<li><a target="_blank" href="https://stores.ebay.com/worldwideart/_i.html?_fsub=3928874013">Bev Doolittle</a></li>
<li><a target="_blank" href="https://stores.ebay.com/worldwideart/_i.html?_fsub=3916273013">Bret Iwan</a></li>
<li><a target="_blank" href="https://stores.ebay.com/worldwideart/_i.html?_fsub=51985075013">Stephen Shortridge</a></li>
<li><a target="_blank" href="https://stores.ebay.com/worldwideart/_i.html?_fsub=56996993013">The World of Miss Mindy</a></li>
</ul>
</div>
</div>
<div class="lcat lcta-news">
<h2>Newsletter</h2>
<div class="news">
<p>Add our store to your Favorites and receive our e-mail newsletters about new items and special promotions.</p>
<a target="_blank" id="x-side-news-bttn" href="https://my.ebay.com/ws/eBayISAPI.dll?AcceptSavedSeller&linkname=includenewsletter&sellerid=world-wide-art" title="Sign Up">Sign Up</a> </div>
</div>
</div>
<div id="CentralArea" class="zin-central">
<div class="top">
<h1 class="title">Winnie the Pooh Eeyore Thanks for noticin me Jim Shore Disney NIB Free Shipping</h1>
<!-- IMAGE GALLERY GOES HERE -->
<div id="zoom">
<div class="zom">
<input id="zom1" name="zoom" type="checkbox">
<label for="zom1" id="z1">
<div><style>#m2e-description-image-09c0642ae4d38d8d4f02 {}</style><img src="https://worldwideart-worldwideart.netdna-ssl.com/media/catalog/product/4/0/4045254-high-res.jpg"border="0"id="m2e-description-image-09c0642ae4d38d8d4f02"/></div>
</label>
</div>
<div class="zom">
<input id="zom2" name="zoom" type="checkbox">
<label for="zom2" id="z2">
<div><style>#m2e-description-image-ee9ab557a07cd6632d2d {}</style><img src="https://worldwideart-worldwideart.netdna-ssl.com/media/catalog/product/4/0/4045254_2-high-res.jpg"border="0"id="m2e-description-image-ee9ab557a07cd6632d2d"/></div>
</label>
</div>
<div class="zom">
<input id="zom3" name="zoom" type="checkbox">
<label for="zom3" id="z3">
<div><style>#m2e-description-image-e4612f928a4f51646395 {}</style><img src="https://worldwideart-worldwideart.netdna-ssl.com/media/catalog/product/4/0/4045254_1-high-res.jpg"border="0"id="m2e-description-image-e4612f928a4f51646395"/></div>
</label>
</div>
<div class="zom">
<input id="zom4" name="zoom" type="checkbox">
<label for="zom4" id="z4">
<div><style>#m2e-description-image-2f9ed123efe5638d8d18 {}</style><img src="https://worldwideart-worldwideart.netdna-ssl.com/media/catalog/product/4/0/4045254_3-high-res.jpg"border="0"id="m2e-description-image-2f9ed123efe5638d8d18"/></div>
</label>
</div>
<div class="zom">
<input id="zom5" name="zoom" type="checkbox">
<label for="zom5" id="z5">
<div></div>
</label>
</div>
<div class="zom">
<input id="zom6" name="zoom" type="checkbox">
<label for="zom6" id="z6">
<div></div>
</label>
</div>
<div class="zom">
<input id="zom7" name="zoom" type="checkbox">
<label for="zom7" id="z7">
<div></div>
</label>
</div>
<div class="zom">
<input id="zom8" name="zoom" type="checkbox">
<label for="zom8" id="z8">
<div></div>
</label>
</div>
<div class="zom">
<input id="zom9" name="zoom" type="checkbox">
<label for="zom9" id="z9">
<div></div>
</label>
</div>
<div class="zom">
<input id="zom10" name="zoom" type="checkbox">
<label for="zom10" id="z10">
<div></div>
</label>
</div>
</div>
<div class="product-image-box">
<input type="radio" checked="" name="gal" id="gal1">
<input type="radio" name="gal" id="gal2">
<input type="radio" name="gal" id="gal3">
<input type="radio" name="gal" id="gal4">
<input type="radio" name="gal" id="gal5">
<input type="radio" name="gal" id="gal6">
<input type="radio" name="gal" id="gal7">
<input type="radio" name="gal" id="gal8">
<input type="radio" name="gal" id="gal9">
<input type="radio" name="gal" id="gal10">
<!-- IMG 01 -->
<div id="content1" class="product-image-container">
<label for="zom1" id="z1"><style>#m2e-description-image-09c0642ae4d38d8d4f02 {}</style><img src="https://worldwideart-worldwideart.netdna-ssl.com/media/catalog/product/4/0/4045254-high-res.jpg"border="0"id="m2e-description-image-09c0642ae4d38d8d4f02"/></label>
</div>
<!-- IMG 02 -->
<div id="content2" class="product-image-container">
<label for="zom2" id="z2"><style>#m2e-description-image-ee9ab557a07cd6632d2d {}</style><img src="https://worldwideart-worldwideart.netdna-ssl.com/media/catalog/product/4/0/4045254_2-high-res.jpg"border="0"id="m2e-description-image-ee9ab557a07cd6632d2d"/></label>
</div>
<!-- IMG 03 -->
<div id="content3" class="product-image-container">
<label for="zom3" id="z3"><style>#m2e-description-image-e4612f928a4f51646395 {}</style><img src="https://worldwideart-worldwideart.netdna-ssl.com/media/catalog/product/4/0/4045254_1-high-res.jpg"border="0"id="m2e-description-image-e4612f928a4f51646395"/></label>
</div>
<!-- IMG 04 -->
<div id="content4" class="product-image-container">
<label for="zom4" id="z4"><style>#m2e-description-image-2f9ed123efe5638d8d18 {}</style><img src="https://worldwideart-worldwideart.netdna-ssl.com/media/catalog/product/4/0/4045254_3-high-res.jpg"border="0"id="m2e-description-image-2f9ed123efe5638d8d18"/></label>
</div>
<!-- IMG 05 -->
<div id="content5" class="product-image-container">
<label for="zom5" id="z5"></label>
</div>
<!-- IMG 06 -->
<div id="content6" class="product-image-container">
<label for="zom6" id="z6"></label>
</div>
<!-- IMG 07 -->
<div id="content7" class="product-image-container">
<label for="zom7" id="z7"></label>
</div>
<!-- IMG 08 -->
<div id="content8" class="product-image-container">
<label for="zom8" id="z8"></label>
</div>
<!-- IMG 09 -->
<div id="content9" class="product-image-container">
<label for="zom9" id="z9"></label>
</div>
<!-- IMG 10 -->
<div id="content10" class="product-image-container">
<label for="zom10" id="z10"></label>
</div>
<div class="product-more-views">
<ul>
<p class="loop">Click to Enlarge</p>
<!-- IMG 01 -->
<li>
<label for="gal1" id="lg1"><style>#m2e-description-image-09c0642ae4d38d8d4f02 {}</style><img src="https://worldwideart-worldwideart.netdna-ssl.com/media/catalog/product/4/0/4045254-high-res.jpg"border="0"id="m2e-description-image-09c0642ae4d38d8d4f02"/></label>
</li>
<!-- IMG 02 -->
<li>
<label for="gal2" id="lg2"><style>#m2e-description-image-ee9ab557a07cd6632d2d {}</style><img src="https://worldwideart-worldwideart.netdna-ssl.com/media/catalog/product/4/0/4045254_2-high-res.jpg"border="0"id="m2e-description-image-ee9ab557a07cd6632d2d"/></label>
</li>
<!-- IMG 03 -->
<li>
<label for="gal3" id="lg3"><style>#m2e-description-image-e4612f928a4f51646395 {}</style><img src="https://worldwideart-worldwideart.netdna-ssl.com/media/catalog/product/4/0/4045254_1-high-res.jpg"border="0"id="m2e-description-image-e4612f928a4f51646395"/></label>
</li>
<!-- IMG 04 -->
<li>
<label for="gal4" id="lg4"><style>#m2e-description-image-2f9ed123efe5638d8d18 {}</style><img src="https://worldwideart-worldwideart.netdna-ssl.com/media/catalog/product/4/0/4045254_3-high-res.jpg"border="0"id="m2e-description-image-2f9ed123efe5638d8d18"/></label>
</li>
<!-- IMG 05 -->
<li>
<label for="gal5" id="lg5"></label>
</li>
<!-- IMG 06 -->
<li>
<label for="gal6" id="lg6"></label>
</li>
<!-- IMG 07 -->
<li>
<label for="gal7" id="lg7"></label>
</li>
<!-- IMG 08 -->
<li>
<label for="gal8" id="lg8"></label>
</li>
<!-- IMG 09 -->
<li>
<label for="gal9" id="lg9"></label>
</li>
<!-- IMG 10 -->
<li>
<label for="gal10" id="lg10"></label>
</li>
</ul>
</div>
</div>
</div>
<div class="discription disc-product">
<div class="section1">
<div class="titel2">Winnie the Pooh - Eeyore - Thanks for noticin' me</div>
<div class="titel2">Jim Shore</div>
<div class="specifics">
<div class="titel2">Specifications</div>
<table width="100%" cellspacing="0" cellpadding="0" border="0">
<tbody>
<tr><td>Size</td><td>5 inches tall</td></tr>
<tr><td>Edition</td><td></td></tr>
<tr><td>Numbered</td><td>Open Edition Unsigned</td></tr>
<tr><td>Medium</td><td>Sculpture</td></tr>
<tr><td>Certificate of Authenticity</td><td></td></tr>
<tr><td>Condition</td><td>New In the Original Box</td></tr>
<tr><td>Undamaged</td><td>Item is in Original Condition</td></tr>
<tr><td>Notes</td><td></td></tr>
</tbody>
</table>
</div>
<!-- TERMS 1 TEXT GOES HERE -->
<div class="section">
<p  style="text-align:center;"><img class="img-resposonsive" src="https://www.world-wide-art.com/media/catalog/category/EnescoLogo.jpg" alt="Authorized Enesco Dealer" width="150px"></p>
<h4 id="orig_title"><span style="color: #006666;">World Wide Art is an Authorized Enesco and Jim Shore Dealer</span></h4>
<p  style="text-align:center;"><img class="img-resposonsive" src="https://www.world-wide-art.com/media/catalog/category/JimShoreDisneyTraditions.jpg" alt="Authorized Jim Shore Disney Traditions Peanuts Rudolph the Red Nose Reindeer Dealer" width="150px"></p>
<div style="text-align:left;">
<p><p>Eeyore's smile makes a rare appearance in this Disney Traditions figurine by Jim Shore. Put him with Pooh and Piglet, Tigger, Kanga and Roo... and you will see his has a lot to smile about.</p></p>
</div>
</div>
</div>
</div>
<div class="discription">
<div class="tab">
<input id="tab1" name="tabs" type="radio">
<!--<input id="tab2" name="tabs" type="radio">-->
<input id="tab3" name="tabs" checked="checked" type="radio">
<input id="tab4" name="tabs" type="radio">
<input id="tab5" name="tabs" type="radio">
<input id="tab11" name="tabs" checked="checked" type="checkbox">
<!--<input id="tab12" name="tabs" type="checkbox">-->
<input id="tab13" name="tabs" type="checkbox">
<input id="tab14" name="tabs" type="checkbox">
<input id="tab15" name="tabs" type="checkbox">
<ul class="tab-titel1">
<li>
<label for="tab1" id="lt1">Payment</label>
</li>
<!--<li>
<label for="tab2" id="lt2">Shipping2</label>
</li>-->
<li>
<label for="tab3" id="lt3">Shipping</label>
</li>
<li>
<label for="tab4" id="lt4">Returns</label>
</li>
<li>
<label for="tab5" id="lt5">Contact</label>
</li>
</ul>
<div class="hi-mob">
<label for="tab11" id="lt1">Payment</label>
</div>
<div id="content1" class="section">
<h4 id="orig_title"><span style="color: #006666;">Payment</span></h4>
<p>We only accept PayPal on eBay and for your security, and as required by eBay's merchant terms of service, we only mail/ship your order to the address you provide us via PayPal.</p>
<p><img class="img-resposonsive" src="https://www.world-wide-art.com/skin/frontend/wwa/default/New/img/imgECheck.gif" alt="We Accept Payal"></p>
</div>
<!--<div class="hi-mob">
<label for="tab12" id="lt2">Shipping2</label>
</div>
<div id="content2" class="section">
<h4 id="orig_title"><span style="color: #006666;">Shipping2</span></h4>
<p>Shipping2</p>
</div>-->
<div class="hi-mob">
<label for="tab13" id="lt3">Shipping</label>
</div>
<div id="content3" class="section">
<h4 id="orig_title"><span style="color: #006666;">Free Domestic Shipping</span></h4>
<p>All items shipped fully insured by UPS or USPS compliments of World Wide Art. All damaged shipments will be replaced at no cost. We ship to all 50 states including Alaska and Hawaii. All in-stock items will ship by the next business day. Any items that are not in-stock may have an extended delivery time.</p>
<h4 id="orig_title"><span style="color: #006666;">International Shipping</span></h4>
<p>World Wide Art proudly ships internationally through eBays Global Shipping Program. No additional import charges at delivery. Items shipped through the Global Shipping Program include international tracking. All orders shipped fully insured and guaranteed by the Global Shipping Program.</p>
<h4 id="orig_title"><span style="color: #006666;">No Tax to All 50 States</span></h4>
<p>No tax for orders shipped in the Continental US, Alaska and Hawaii. World Wide Art is located in Northern California and will cover all taxes for our California customers.</p>
</div>
<div class="hi-mob">
<label for="tab14" id="lt4">Returns</label>
</div>
<div id="content4" class="section">
<h4 id="orig_title"><span style="color: #006666;">Returns:</span></h4>
<p>• Returns are handled on a per listing basis. Please refer to the Return policy section under eBay's Shipping and payments tab above for this listings return policy and restrictions.</p>
<p>• Buyer will be responsible for return shipping charges.</p>
<p>• Returns are NOT accepted for some listings.</p>
</div>
<div class="hi-mob">
<label for="tab15" id="lt5">Contact</label>
</div>
<div id="content5" class="section">
<h4 id="orig_title"><span style="color: #006666;">Contact World Wide Art</span></h4>
<p>Sorry, but eBay policy does not allow us to provide a contact phone number or Internet site URL. Please <span style="color: #660000;"><a target="_blank" href="https://contact.ebay.com/ws/eBayISAPI.dll?ContactUserNextGen&recipient=world-wide-art">Contact Us</a></span> through eBay's messaging system.</p>
<h4 id="orig_title"><span style="color: #006666;">A Bit About World Wide Art</span></h4>
<p>World Wide Art (est. 1996) is a physical brick and mortar (well O.K., wood and glass with a ceramic tile roof) art gallery, collectibles and custom frame shop in the beautiful San Francisco Bay Area. We have been in business for over 22 years and plan on being around for a long time. World Wide Art employees, besides being trained for their specific jobs, are art collectors, artists, professional framers and truly love what they do. This is not just a 10-6 job; it is a way of life for us all.</p>
<h4 id="orig_title"><span style="color: #006666;">Our Mission</span></h4>
<p>World Wide Art specializes in limited editions by today's top artists, collectibles and custom conservation framing. We are here to serve the true art collector and art lovers as well as someone who is just looking for that perfect piece over the fireplace.</p>
</div>
</div>
</div>
<div class="note">
<div class="promos"><img class="not1" src="https://www.world-wide-art.com/skin/frontend/wwa/default/New/img/promos.jpg" alt="promos"><img class="not2" src="https://www.world-wide-art.com/skin/frontend/wwa/default/New/img/promos2.jpg" alt="promos"></div>
<div class="global"><img class="not1" src="https://www.world-wide-art.com/skin/frontend/wwa/default/New/img/global.jpg" alt="global"><img class="not2" src="https://www.world-wide-art.com/skin/frontend/wwa/default/New/img/global2.jpg" alt="global"></div>
</div>
</div>
</div>
</div>
</div>
<!-- footer-->
<div id="footer">
<div class="wrapper">
<div class="copyright"><a target="_blank" href="https://stores.ebay.com/worldwideart" class="logo" title="worldwideart"><img src="https://www.world-wide-art.com/skin/frontend/wwa/default/New/img/logo-foot.png" alt="WorldWideArt" title="WorldWideArt"/></a>
<div id="x-foot-subm"> <a target="_blank" href="https://stores.ebay.com/worldwideart">Home</a><a target="_blank" href="https://stores.ebay.com/worldwideart/About-Us">About Us</a><a target="_blank" href="https://contact.ebay.com/ws/eBayISAPI.dll?ContactUserNextGen&recipient=world-wide-art">Contact Us</a><a target="_blank" href="https://stores.ebay.com/worldwideart/Shipping-and-returns">Shipping & returns</a><a target="_blank" href="https://stores.ebay.com/worldwideart/Payment">Payment</a></div>
<p>Copyright © 2017 <a target="_blank" href="https://stores.ebay.com/worldwideart"> World Wide Art</a>. All Rights Reserved. |<span class="x-copy-ocdo"> <a target="_blank" href="https://stores.ebay.com/Advanced-Template-and-Store-Design/" title="eBay  Store Design, eBay Templates"> &nbsp; eBay Store Design</a></span></p>
<div class="payment"><!--<img src="https://www.world-wide-art.com/skin/frontend/wwa/default/New/img/payment.png" alt="payment">--><img class="img-resposonsive" src="https://www.world-wide-art.com/skin/frontend/wwa/default/New/img/imgECheck.gif" alt="We Accept Payal"></div>
</div>
</div>
</div>
<!-- /footer-->
</div>
</html>
</DOC>
<DOC>
<DOCID>1700506</DOCID>
<CATEGORY>Collectibles > Science & Medicine (1930-Now) > Engineering > Slide Rules</CATEGORY>
<ORIGTITLE>Vintage  K&E Keuffel & Esser N4058 w Decitrig Slide Rule w/ Case</ORIGTITLE>
Vintage  K&amp;E Keuffel &amp; Esser N4058 w Decitrig Slide Rule w/ Case 
</DOC>
<DOC>
<DOCID>1700507</DOCID>
<CATEGORY>Collectibles > Comics > Modern Age (1992-Now) > Other Modern Age Comics</CATEGORY>
<ORIGTITLE>LOOTCRATE / LOOT CRATE EXCLUSIVE COMIC THE WALKING DEAD #132 HAPPINESS Brand New</ORIGTITLE>
The Walking Dead #132 Loot Crate Exclusive Variant, Published by Image Comics. Brand new still in plastic. No Refunds and No Returns.
</DOC>
<DOC>
<DOCID>1700499</DOCID>
<CATEGORY>Collectibles > Postcards > US States, Cities & Towns > Missouri</CATEGORY>
<ORIGTITLE>Mt Vernon MO~Philco Transistor Radio~Jergens-Woodbury Lotion~San-O-Zar Co 1950s</ORIGTITLE>
<meta name="viewport" content="width=device-width, initial-scale=1.0"><FONT color=#ff0000 size
=5><FONT color=#000000 size=5><FONT size=3>SG3101</FONT> 
<P align=center><STRONG><FONT color=#005500><FONT size=7>Welcome to Refried.jeans</FONT></FONT></STRONG></P>
<P align=center><STRONG><FONT color=#000000><FONT style="FONT-SIZE: 22pt" size=6>Selling on Ebay for 17 Years</FONT></FONT></STRONG><STRONG><FONT color=#005500><FONT size=7>&nbsp;</FONT></FONT></STRONG></P>
<P align=center><STRONG><FONT color=#005500><FONT size=7>70,000+ in our Ebay Store...</FONT></FONT></STRONG></P>
<P align=center><STRONG><FONT color=#005500><FONT size=7>and Growing!</FONT></FONT></STRONG><BR></P>
<P align=center><STRONG><FONT color=#000000><FONT size=5>Postcard Size: Standard 3 1/2 by 5 1/2&nbsp;&nbsp; (Unless Otherwise Noted Above)</FONT></FONT></STRONG><STRONG><FONT color=#ff0000><FONT size=5> </FONT></FONT></STRONG></P>
<P align=center><STRONG><FONT color=#480048><FONT size=5>USING THE EBAY PHOTO MAGNIFIER, Please Examine Photos carefully, both front and back, for flaws. The back will sometimes reveal nicks or bends that you cannot see from the front. Double-Click the Image for Super Size Photo. Colored lines are from the scanner and are not on the postcard</FONT></FONT></STRONG></P>
<P align=center><STRONG><FONT color=#000000><FONT size=5>COMBINED SHIPPING DISCOUNTS:</FONT></FONT></STRONG></P>
<P align=center><STRONG><FONT color=#000000><FONT size=5>Are&nbsp;offered ONLY on items that are combined into one invoice with one single PayPal payment made for the entire order. Mobile Devices may not allow you to combine. Use the Shopping Cart for Store Purchases or wait for us to send the combined auction&nbsp;invoice. We update daily.</FONT></FONT></STRONG></P>
<P align=center><BR><BR></P>
<P align=center><STRONG><FONT color=#ff0000><FONT size=5>Shipping in US:&nbsp; $1 for first postcard, 20 cents each additional if combined in one order. Unrealistic Shipping Overcharges will be refunded. </FONT></FONT></STRONG></P>
<P align=center><STRONG><FONT color=#009300><FONT size=5>International: $1.50 per card, each additional &nbsp;.75 cents per card if combined in one order. Unrealistic Shipping Overcharges will be Refunded.</FONT></FONT></STRONG></P>
<P align=center><STRONG><FONT color=#4b0082><FONT size=4>We are not available to answer e-mails on Sunday, the Lord's Day</FONT></FONT></STRONG></P>
<P><BR>150202</P></FONT></FONT>
</DOC>
<DOC>
<DOCID>1700504</DOCID>
<CATEGORY>Collectibles > Advertising > Merchandise & Memorabilia > Advertising-Print > 1900-09</CATEGORY>
<ORIGTITLE>1903 WAVERLEY ELECTRIC VEHICLE AD-30 OR 60 VOLT EDISON BATTERY</ORIGTITLE>
<font size="4" style="font-family: Arial;" rwr="1"><p style="margin: 5px 0px 0px 5px;"><br><br> <br>&nbsp;<br> <br>	<br> <br> <br> <br> <br> <br> <br> <br> <br>1903 WAVERLEY ELECTRIC VEHICLE AD-30 OR 60 VOLT EDISON BATTERY<br><br><br><br><br><br><br><br><br><br><br> <br> <br> <br> <br> <br> <br> <br> <br>This is an original half page ad from a 1903 magazine. It measures 5 1/2&nbsp;inches x&nbsp;4 inches, but you will receive the complete page. There are small rust spots on the staple holes.<br><br><br><br><br><br><br><br><br><br><br><br><br> <br> <br><br> DO NOT DUPLICATE OR <br> COPY! Template Made By: © <br> <br> <br>	<br> <br> InkFrog.com<br> &nbsp;Auction Templates, Logos, Store fronts and <br> more!<br> <br> <br> <br> <br> <br> <br> &nbsp;<br> <br><br><br>Shipping TermsWinning bidder add $4.50 S&amp;H in USA. Sorry, no more international sales due to huge postage increase. All ads are shipped flat, in plastic, in cardboard photo mailers clearly marked "Do Not Bend". There is no S&amp;H charge for additional ads shipped in the same photo mailer. Email notification of shipping.inkfrog terapeak</p><!--inkFrogLogo Begin--><br><div align="center" class="inkfrog_banner" style="padding: 10px;"><a href="https://pages.ebay.com/seller-center/listing/listing-advanced-sellers/third-party-listing-tools.html#m22_tb_a2__9" target="_blank"><img alt="inkFrog logo" src="https://img.inkfrog.com/banners/inkfrog-v2-banner-logo.jpg" border="0"></a><img alt="inkFrog logo" src="https://img.inkfrog.com/banners/inkfrog-v2-banner-right.jpg" border="0"><div style="display: none;">inkfrog terapeak</div></div><!--inkFrogLogo End--></font>
</DOC>
<DOC>
<DOCID>1700497</DOCID>
<CATEGORY>Collectibles > Vanity, Perfume & Shaving > Hatpins</CATEGORY>
<ORIGTITLE>U283-25) clear glass copper striped oval gold filigree beads hatpin Pin hat pins</ORIGTITLE>
<font rwr="1" style=""><meta name="viewport" content="width=device-width, initial-scale=1"> <p style=""><font color="#002cfd" style=""><b style="font-family: Arial; font-size: 14pt;">(internal #U-283-25)&nbsp; This is a hatpin with&nbsp;</b><font color="#002cfd" style=""><b style="font-family: Arial; font-size: 14pt;">one,</b><font face="Arial"><span style="font-size: 18.6667px;"><b>&nbsp;large clear oval glass bead with copper striping, 30x12 mm, gold tone filigree caps and spacer beads</b></span></font><b style="font-family: Arial; font-size: 14pt;">&nbsp;</b></font><b style="font-family: Arial; font-size: 14pt;">accents, about 8" long with cap at end.&nbsp; Nice piece!&nbsp; No defects. &nbsp;I know because I create these lovely pieces. </b></font></p><div style="font-size: 14pt; font-family: Arial;"><font color="#002cfd"><strong><font face="Verdana"></font></strong></font>&nbsp;</div><div style="font-size: 14pt; font-family: Arial;"><font color="#002cfd"><strong><font face="Verdana">This is the exact item you will receive.</font></strong></font></div><div style="font-size: 14pt; font-family: Arial;"><font color="#002cfd"><strong><font face="Verdana"></font></strong></font>&nbsp;</div><div style="font-size: 14pt; font-family: Arial;"><font color="#002cfd"><strong><font face="Verdana">WE SHIP WORLDWIDE, see the chart below for postage to your country.</font><br><br></strong></font></div><p style="font-size: 14pt; font-family: Arial;"><font color="#002cfd"><strong><!-- End My Auction Gallery Logo --><!-- PayPal Logo --></strong></font></p> <table border="0" cellspacing="0" cellpadding="10" align="center" style="font-size: 14pt; font-family: Arial;"> <tbody> <tr> <td align="middle"><font color="#002cfd" size="3" face="verdana,arial,helvetica"><strong>Pay me securely with any major credit card through PayPal!</strong></font></td></tr> <tr> <td align="middle"><a target="_blank"> <!-- End PayPal Logo --><font color="#002cfd"><strong> <hr> </strong></font> <p><!-- My Auction Gallery Logo --> </p><p align="center"><br></p></a></td></tr></tbody></table> <p style="font-size: 14pt; font-family: Arial;"> </p><p align="center" style="font-size: 14pt; font-family: Arial;"> </p> <center style="display:none;"><img src="https://pics.ebay.com/aw/pics/viewitem/fe/imgFePowered_88x33.gif"></center></font>
</DOC>
<DOC>
<DOCID>1700513</DOCID>
<CATEGORY>Collectibles > Tobacciana > Lighters > Zippo > Other Zippo Lighters</CATEGORY>
<ORIGTITLE>ZIPPO  Zippo Harley Davidson Harley Davidson HDP-48  Japan Limited Edition</ORIGTITLE>
<font rwr="1" style=""><font rwr="1" style=""><font rwr="1" style=""><font rwr="1" style=""><font rwr="1" style=""><font rwr="1" style=""><font rwr="1" style=""><font rwr="1" style=""><font rwr="1" style=""><font rwr="1" style=""><font rwr="1" style=""><font rwr="1" style=""><font rwr="1" style=""><font rwr="1" style=""><font rwr="1" style=""><font rwr="1" style=""><font rwr="1" style=""><font rwr="1" style=""><font rwr="1" style=""><font rwr="1" style=""><font rwr="1" style=""><font rwr="1" style=""><font rwr="1" style=""><font rwr="1" style=""><font rwr="1" style=""><font rwr="1" style=""><font rwr="1" style=""><font rwr="1" style=""><font rwr="1" style=""><font rwr="1" style=""><p class="MsoNormal" style="font-family: Arial; font-size: 14pt;"></p><p class="MsoNormal" align="left" style="font-family: Arial; font-size: 14pt; text-align: left;"></p><p class="MsoNormal" align="left" style="font-family: Arial; font-size: 14pt; text-align: left;"><span lang="EN-US" style="font-size:14.0pt;font-family:&quot;Arial&quot;,sans-serif;mso-fareast-font-family:
&quot;ＭＳ Ｐゴシック&quot;;color:black;mso-font-kerning:0pt">Hello everyone,&nbsp;&nbsp;Welcome
to my store !<o:p></o:p></span></p><p class="MsoNormal" align="left" style="font-family: Arial; font-size: 14pt; text-align: left;"><br></p><p class="MsoNormal" align="left" style="font-family: Arial; font-size: 14pt;"><font face="Arial"><span style="font-size: 18.6667px;"><b>＊On air mail, ZIPPO is a dangerous thing. Disassemble and deliver it. Please understand that we will assemble the customer yourself</b></span></font></p><p class="MsoNormal" align="left" style="font-family: Arial; font-size: 14pt;"><br></p>

<p class="MsoNormal" align="left" style="font-family: Arial; font-size: 14pt; text-align: left;"><span style="font-size:14.0pt;
font-family:&quot;ＭＳ 明朝&quot;,serif;mso-bidi-font-family:Arial;color:black;mso-font-kerning:
0pt">【</span><span lang="EN-US" style="font-size:14.0pt;font-family:&quot;Arial&quot;,sans-serif;
mso-fareast-font-family:&quot;ＭＳ Ｐゴシック&quot;;color:black;mso-font-kerning:0pt">Description</span><span style="font-size:14.0pt;font-family:&quot;ＭＳ 明朝&quot;,serif;mso-bidi-font-family:Arial;
color:black;mso-font-kerning:0pt">】</span></p>

<p class="MsoNormal" align="left" style="font-family: Arial; font-size: 14pt; text-align: left;"><span style="font-size:14.0pt;
font-family:&quot;ＭＳ 明朝&quot;,serif;mso-bidi-font-family:Arial;color:black;mso-font-kerning:
0pt">■</span><span lang="EN-US" style="font-size:14.0pt;font-family:&quot;Arial&quot;,sans-serif;
mso-fareast-font-family:&quot;ＭＳ Ｐゴシック&quot;;color:black;mso-font-kerning:0pt">Condition:
NEW<o:p></o:p></span></p>

<p class="MsoNormal" align="left" style="font-family: Arial; font-size: 14pt; text-align: left;"><span style="font-size:14.0pt;
font-family:&quot;ＭＳ 明朝&quot;,serif;mso-bidi-font-family:Arial;color:black;mso-font-kerning:
0pt">■</span><span lang="EN-US" style="font-size:14.0pt;font-family:&quot;Arial&quot;,sans-serif;
mso-fareast-font-family:&quot;ＭＳ Ｐゴシック&quot;;color:black;mso-font-kerning:0pt">Language:
Japanese</span></p><p class="MsoNormal" align="left" style="font-family: Arial; font-size: 14pt; text-align: left;"><br></p>

<p class="MsoNormal" align="left" style="font-family: Arial; font-size: 14pt; text-align: left;"><span style="font-size:14.0pt;
font-family:&quot;ＭＳ 明朝&quot;,serif;mso-bidi-font-family:Arial;color:black;mso-font-kerning:
0pt">【</span><span lang="EN-US" style="font-size:14.0pt;font-family:&quot;Arial&quot;,sans-serif;
mso-fareast-font-family:&quot;ＭＳ Ｐゴシック&quot;;color:black;mso-font-kerning:0pt">Shipping</span><span style="font-size:14.0pt;font-family:&quot;ＭＳ 明朝&quot;,serif;mso-bidi-font-family:Arial;
color:black;mso-font-kerning:0pt">】</span></p><p class="MsoNormal" style="margin-top: 5pt; margin-bottom: 5pt;"><font face="Arial"><span style="font-size: 18.6667px;">Ships to:Worldwide from TOKYO !&nbsp;</span></font></p><p class="MsoNormal" style="margin-top: 5pt; margin-bottom: 5pt;"><font face="Arial"><span style="font-size: 18.6667px;">Expedited shipping with tracking(EMS):＄FREE</span></font></p><p class="MsoNormal" style="margin-top: 5pt; margin-bottom: 5pt;"><font face="Arial"><span style="font-size: 18.6667px;">Estimated delivery time: 4-7day</span></font></p>

<p class="MsoNormal" align="left" style="font-family: Arial; font-size: 14pt; text-align: left;"><span lang="EN-US" style="font-size:14.0pt;font-family:&quot;Arial&quot;,sans-serif;mso-fareast-font-family:
&quot;ＭＳ Ｐゴシック&quot;;color:black;mso-font-kerning:0pt">&nbsp;<o:p></o:p></span></p>

<p class="MsoNormal" align="left" style="font-family: Arial; font-size: 14pt; text-align: left;"><span style="font-size:14.0pt;
font-family:&quot;ＭＳ 明朝&quot;,serif;mso-bidi-font-family:Arial;color:black;mso-font-kerning:
0pt">【</span><span lang="EN-US" style="font-size:14.0pt;font-family:&quot;Arial&quot;,sans-serif;
mso-fareast-font-family:&quot;ＭＳ Ｐゴシック&quot;;color:black;mso-font-kerning:0pt">Payment</span><span style="font-size:14.0pt;font-family:&quot;ＭＳ 明朝&quot;,serif;mso-bidi-font-family:Arial;
color:black;mso-font-kerning:0pt">】</span><span lang="EN-US" style="font-size:
14.0pt;font-family:&quot;Arial&quot;,sans-serif;mso-fareast-font-family:&quot;ＭＳ Ｐゴシック&quot;;
color:black;mso-font-kerning:0pt"><o:p></o:p></span></p>

<p class="MsoNormal" align="left" style="font-family: Arial; font-size: 14pt; text-align: left;"><span style="font-size:14.0pt;
font-family:&quot;ＭＳ 明朝&quot;,serif;mso-bidi-font-family:Arial;color:black;mso-font-kerning:
0pt">■</span><span lang="EN-US" style="font-size:14.0pt;font-family:&quot;Arial&quot;,sans-serif;
mso-fareast-font-family:&quot;ＭＳ Ｐゴシック&quot;;color:black;mso-font-kerning:0pt">I accept
PAYPAL ONLY.<o:p></o:p></span></p>

<p class="MsoNormal" align="left" style="font-family: Arial; font-size: 14pt; text-align: left;"><span style="font-size:14.0pt;
font-family:&quot;ＭＳ 明朝&quot;,serif;mso-bidi-font-family:Arial;color:black;mso-font-kerning:
0pt">■</span><span lang="EN-US" style="font-size:14.0pt;font-family:&quot;Arial&quot;,sans-serif;
mso-fareast-font-family:&quot;ＭＳ Ｐゴシック&quot;;color:black;mso-font-kerning:0pt">Please pay
within 3 days after your purchase.</span></p>

<p class="MsoNormal" align="left" style="font-family: Arial; font-size: 14pt; text-align: left;"><span lang="EN-US" style="font-size:14.0pt;font-family:&quot;Arial&quot;,sans-serif;mso-fareast-font-family:
&quot;ＭＳ Ｐゴシック&quot;;color:black;mso-font-kerning:0pt">&nbsp;&nbsp;<o:p></o:p></span></p>

<p class="MsoNormal" align="left" style="font-family: Arial; font-size: 14pt; text-align: left;"><span style="font-size:14.0pt;
font-family:&quot;ＭＳ 明朝&quot;,serif;mso-bidi-font-family:Arial;color:black;mso-font-kerning:
0pt">【</span><span lang="EN-US" style="font-size:14.0pt;font-family:&quot;Arial&quot;,sans-serif;
mso-fareast-font-family:&quot;ＭＳ Ｐゴシック&quot;;color:black;mso-font-kerning:0pt">International
Buyers - Please Note</span><span style="font-size:14.0pt;font-family:&quot;ＭＳ 明朝&quot;,serif;
mso-bidi-font-family:Arial;color:black;mso-font-kerning:0pt">】</span><span lang="EN-US" style="font-size:14.0pt;font-family:&quot;Arial&quot;,sans-serif;mso-fareast-font-family:
&quot;ＭＳ Ｐゴシック&quot;;color:black;mso-font-kerning:0pt"><o:p></o:p></span></p>

<p class="MsoNormal" align="left" style="font-family: Arial; font-size: 14pt; text-align: left;"><span style="font-size:14.0pt;
font-family:&quot;ＭＳ 明朝&quot;,serif;mso-bidi-font-family:Arial;color:black;mso-font-kerning:
0pt">■</span><span lang="EN-US" style="font-size:14.0pt;font-family:&quot;Arial&quot;,sans-serif;
mso-fareast-font-family:&quot;ＭＳ Ｐゴシック&quot;;color:black;mso-font-kerning:0pt">Import
duties, taxes and charges are not included in the item price.<o:p></o:p></span></p>

<p class="MsoNormal" align="left" style="font-family: Arial; font-size: 14pt; text-align: left;"><span style="font-size:14.0pt;
font-family:&quot;ＭＳ 明朝&quot;,serif;mso-bidi-font-family:Arial;color:black;mso-font-kerning:
0pt">■</span><span lang="EN-US" style="font-size:14.0pt;font-family:&quot;Arial&quot;,sans-serif;
mso-fareast-font-family:&quot;ＭＳ Ｐゴシック&quot;;color:black;mso-font-kerning:0pt">Import
duties, taxes and charges are not included in shipping charges.<o:p></o:p></span></p>

<p class="MsoNormal" align="left" style="font-family: Arial; font-size: 14pt; text-align: left;"><span style="font-size:14.0pt;
font-family:&quot;ＭＳ 明朝&quot;,serif;mso-bidi-font-family:Arial;color:black;mso-font-kerning:
0pt">　</span><span lang="EN-US" style="font-size:14.0pt;font-family:&quot;Arial&quot;,sans-serif;
mso-fareast-font-family:&quot;ＭＳ Ｐゴシック&quot;;color:black;mso-font-kerning:0pt">So these
charges are the buyer's responsibility.<o:p></o:p></span></p>

<p class="MsoNormal" align="left" style="font-family: Arial; font-size: 14pt; text-align: left;"><span lang="EN-US" style="font-size:14.0pt;font-family:&quot;Arial&quot;,sans-serif;mso-fareast-font-family:
&quot;ＭＳ Ｐゴシック&quot;;color:black;mso-font-kerning:0pt">&nbsp;<o:p></o:p></span></p>

<p class="MsoNormal" align="left" style="font-family: Arial; font-size: 14pt; text-align: left;"><span lang="EN-US" style="font-size:14.0pt;font-family:&quot;Arial&quot;,sans-serif;mso-fareast-font-family:
&quot;ＭＳ Ｐゴシック&quot;;color:black;mso-font-kerning:0pt">I bubble wrap and protect your
packages with extreme care.<o:p></o:p></span></p>

<p class="MsoNormal" align="left" style="font-family: Arial; font-size: 14pt; text-align: left;"><span lang="EN-US" style="font-size:14.0pt;font-family:&quot;Arial&quot;,sans-serif;mso-fareast-font-family:
&quot;ＭＳ Ｐゴシック&quot;;color:black;mso-font-kerning:0pt">If you have any question, Please
feel free to contact us.<o:p></o:p></span></p><p class="MsoNormal" align="left" style="font-family: Arial; font-size: 14pt; text-align: left;"><span lang="EN-US" style="font-size:14.0pt;font-family:&quot;Arial&quot;,sans-serif;mso-fareast-font-family:
&quot;ＭＳ Ｐゴシック&quot;;color:black;mso-font-kerning:0pt"><br></span></p><p class="MsoNormal" align="left" style="font-family: Arial; font-size: 14pt; text-align: left;"><span lang="EN-US" style="font-size:14.0pt;font-family:&quot;Arial&quot;,sans-serif;mso-fareast-font-family:
&quot;ＭＳ Ｐゴシック&quot;;color:black;mso-font-kerning:0pt"></span></p><p class="MsoNormal" align="left" style="font-family: Arial; font-size: 14pt;"><span lang="EN-US" style="font-size: 14pt; font-family: Arial, sans-serif;">※If you would like other items please feel free to comment. I will sell at a reasonable price<o:p></o:p></span></p><div style="font-family: Arial; font-size: 14pt;"><span lang="EN-US" style="font-size: 14pt; font-family: Arial, sans-serif;"><br></span></div>

<p class="MsoNormal" align="left" style="font-family: Arial; font-size: 14pt; text-align: left;"><span lang="EN-US" style="font-size:14.0pt;font-family:&quot;Arial&quot;,sans-serif;mso-fareast-font-family:
&quot;ＭＳ Ｐゴシック&quot;;color:black;mso-font-kerning:0pt">&nbsp;<o:p></o:p></span></p>

<p class="MsoNormal" align="left" style="font-family: Arial; font-size: 14pt; text-align: left;"><span lang="EN-US" style="font-size:14.0pt;font-family:&quot;Arial&quot;,sans-serif;mso-fareast-font-family:
&quot;ＭＳ Ｐゴシック&quot;;color:black;mso-font-kerning:0pt">&nbsp;<o:p></o:p></span></p>

<p class="MsoNormal" style="font-family: Arial; font-size: 14pt;"><span lang="EN-US"><o:p>&nbsp;</o:p></span></p><br><p style="font-family: Arial; font-size: 14pt;"></p><p style="font-family: Arial; font-size: 14pt;"></p></font></font></font></font></font></font></font></font></font></font></font></font></font></font></font></font></font></font></font></font></font></font></font></font></font></font></font></font></font></font>
</DOC>
<DOC>
<DOCID>1700508</DOCID>
<CATEGORY>Collectibles > Disneyana > Contemporary (1968-Now) > Figurines > Other Contemp Disney Figurines</CATEGORY>
<ORIGTITLE>#239 / 13 Disney Urban Mickey Figurine By Enesco</ORIGTITLE>
<font rwr='1' size='4' style='font-family:Arial'><p>#239 / 13 Disney Urban Mickey Figurine By Enesco</p><p>This is a must have for any collector it Mickey Mouse</p><p>standing in a pose with his hand in air excellent color.</p><p>Don't let this one get away from you.</p><p>New in box please check photos.</p></font>
</DOC>
<DOC>
<DOCID>1700512</DOCID>
<CATEGORY>Collectibles > Kitchen & Home > Kitchenware > Trivets</CATEGORY>
<ORIGTITLE>Vintage PIG Kitchen TRIVET Copper/Cast Iron - 1995</ORIGTITLE>
<p>Very beautiful with a little wear and you could change the color to your desire. Measures 8 3/4”x 6” also has a ring at the back for hanging. Please review all pictures.</p>
</DOC>
<DOC>
<DOCID>1700511</DOCID>
<CATEGORY>Collectibles > Decorative Collectibles > Decorative Collectible Brands > Fitz & Floyd > Other Fitz & Floyd</CATEGORY>
<ORIGTITLE>Fitz and Floyd Kristmas Kitty Bell Cat Christmas New Old Stock NOS NIB IOB *</ORIGTITLE>
<font rwr='1' size='4' style='font-family:Arial'><p align="CENTER" style="color: rgb(173, 0, 31); font-family: Georgia;"><font color="#ff0010"><font face="Trebuchet MS"><font size="3"><u><b>NEW LOW PRICE:</b></u></font></font></font></p><p align="CENTER" style="color: rgb(173, 0, 31); font-family: Georgia;"><font color="#ff0010"><font face="Trebuchet MS"><font size="3">We are in the process of moving items from our other store (</font></font></font><a href="http://www.ebaystores.com/Street-Wrapz"><font color="#000000"><font face="Times New Roman"><font size="3">http://www.ebaystores.com/Street-Wrapz</font></font></font></a><font color="#ff0010"><font face="Arial"><font size="3">&nbsp;</font></font></font><font color="#ff0010"><font face="Trebuchet MS"><font size="3">)</font></font></font></p><p align="CENTER" style="color: rgb(173, 0, 31); font-family: Georgia;"><font color="#ff0010"><font face="Trebuchet MS"><font size="3">We have been on Ebay since 2003, with over 21,000 feedback.&nbsp; That store focuses on Skins, and we wanted to start a new store to focus on our "THRIFTY DOODADS":&nbsp; Selling a little of everything (Doodads), Specializing in Flea Market Finds (Vintage), and Hand Crafted Christmas.</font></font></font></p><p align="CENTER" style="color: rgb(173, 0, 31); font-family: Georgia;"><font color="#ff0010"><font face="Trebuchet MS"><font size="3"><b>WE WILL HAVE SPECIAL LOW PRICES ON SOME ITEMS THAT HAD BEEN LISTED FOR A WHILE, AND THOUGHT WE'D TRY TO GET THEM SOLD IN OUR NEW STORE ;)</b></font></font></font></p><div style="color: rgb(173, 0, 31); font-family: Georgia; text-align: center;"><b style="font-size: medium; font-family: &quot;Trebuchet MS&quot;; color: rgb(255, 0, 16);">---------------------------------------------------------------------------------</b></div><div style="color: rgb(173, 0, 31); font-family: Georgia; text-align: center;">FITZ &amp; FLOYD Kristmas Kitty Bell</div><div style="color: rgb(173, 0, 31); font-family: Georgia; text-align: center;"><br></div><div style="color: rgb(173, 0, 31); font-family: Georgia; text-align: center;">In original box.</div><div style="color: rgb(173, 0, 31); font-family: Georgia; text-align: center;"><br></div><div style="color: rgb(173, 0, 31); font-family: Georgia; text-align: center;">Discontinued pattern.</div><div style="color: rgb(173, 0, 31); font-family: Georgia; text-align: center;"><br></div><div style="color: rgb(173, 0, 31); font-family: Georgia; text-align: center;">about 5 1/4" tall</div><div style="color: rgb(173, 0, 31); font-family: Georgia; text-align: center;"><br></div><div style="color: rgb(173, 0, 31); font-family: Georgia; text-align: center;">Excellent VINTAGE condition, tip of one ear haze a small bit of glaze loss, or a tiny surface chip...and a few crazing crackles (normal with older glazed items)......please examine photos - I examine items thoroughly, but may miss something...pictures are always part of my description, and purchasing my items is your agreement that you have read the description and examined all photos...questions?&nbsp; Send me a message.</div><div style="color: rgb(173, 0, 31); font-family: Georgia; text-align: center;"><br></div><div style="color: rgb(173, 0, 31); font-family: Georgia; text-align: center;">SOLD AS IS</div><div style="color: rgb(173, 0, 31); font-family: Georgia; text-align: center;"><br></div><div style="color: rgb(173, 0, 31); font-family: Georgia; text-align: center;">YOUR PURCHASE IS YOUR CONTRACT TO THE ABOVE</div></font>
</DOC>
<DOC>
<DOCID>1700496</DOCID>
<CATEGORY>Collectibles > Kitchen & Home > Kitchenware > Mugs</CATEGORY>
<ORIGTITLE>Tokyo Ghoul RE - Haise Sasaki Mug x 2 BRAND NEW (Set of 2 Mugs)</ORIGTITLE>
You are buying TWO MUGS - Tokyo Ghoul RE - Haise Sasaki.   Brand new and officially licensed item.<BR/><font rwr='1' size='4' style='font-family:Arial'><p><strong>Buy with confidence: </strong>All our items are high quality, 100% original, new and direct from <br>
 a legitimate supplier. These are not cheap home made and poor quality reproductions. <br>
<p><strong>International Buyers - Please Note:</strong><br>
- Import duties, taxes and customs charges are not included in the item price or shipping charges. These charges are the buyer´s responsibility.<br>
- Please check with your country´s customs office to determine what these additional costs will be prior to buying. </p><br>
Any questions, please send me an email. Thanks for viewing this item! Happy shopping!</p>
</span>
<p><span style="font-family:Arial, Helvetica, sans-serif;"><strong>Visit our eBay store for more exciting items.</strong></span></p>
<p><img src="https://www.tixetoys.com/header/cb-header-2.png" alt="Classic Bargainz Ebay Store" style="width:100%; height:auto; max-width:650px;"></p></font>
</DOC>
<DOC>
<DOCID>1700509</DOCID>
<CATEGORY>Collectibles > Banks, Registers & Vending > Still, Piggy Banks > Animals > Pigs</CATEGORY>
<ORIGTITLE>American Express Travel Services Promo Gold Piggy Bank Pig Rare Limited Promo</ORIGTITLE>
<!--eBayMobile-Description-HTML-->Hi, thank you for taking the time to visit our listing. This listing is for the American Express Travel Services Promo Piggy Bank as seen in the picture. Item is in great overall condition. &nbsp;Measures about 7 inches in length and 4 in height. Don't let this listing pass you by. Thanks<p><br></p><!--eBayMobile-End--><br><!--eBayMobile-Signature-Text--><!--eBayMobile-End--><p>Posted with <a href="http://mobile.ebay.com">eBay Mobile</a></p><p>Posted with <a href="http://mobile.ebay.com">eBay Mobile</a></p>
</DOC>
<DOC>
<DOCID>1700500</DOCID>
<CATEGORY>Collectibles > Decorative Collectibles > Planters</CATEGORY>
<ORIGTITLE>Vintage Plaster Hand Paint Little Girl, Duck and Bucket Planter Vase Pot</ORIGTITLE>
<font rwr='1' size='4' style='font-family:Arial'>Vintage Plaster Hand Paint Little Girl, Duck and Bucket Planter Vase Pot. Hand painted, vintage from the 1960s, 1970s circa. Plaster. Never outdoors kept inside. Nice condition, has a few spots of missing paint on hat brim, and bucket top edge (see photos). The rest nice. &nbsp;Measures 14"tall x 11"wide x 8"long. If you have any questions please ask. thank you!</font>
</DOC>
<DOC>
<DOCID>1700503</DOCID>
<CATEGORY>Collectibles > Science Fiction & Horror > Buffy the Vampire Slayer</CATEGORY>
<ORIGTITLE>ANGEL JOHNNY LIGHTNING CAR BUFFY THE VAMPIRE SLAYER 2000 MOC UNOPENED TV TOY R30</ORIGTITLE>
<font rwr="1" size="4" style="font-family:Arial"><font rwr="1" size="4" style="font-family:Arial"><div><font size="4">ANGEL'S CAR FROM THE TV SHOW "ANGEL" (SPIN-OFF FROM "BUFFY THE VAMPIRE SLAYER" TV SERIES). &nbsp;JOHNNY LIGHTNING 2000. &nbsp;MOC. UNOPENED. &nbsp;NO CARD DAMAGE. &nbsp;RARE ANGEL AS THE VAMPIRE CARD "YOU DON'T SMELL HUMAN." &nbsp;&nbsp;</font></div><div><font size="4"><br></font></div><div><p style="margin: 0px; font-stretch: normal; font-size: 13px; line-height: normal; -webkit-text-stroke-width: initial; -webkit-text-stroke-color: rgb(0, 0, 0);"><span style="font-kerning: none">“I am so happy thanks a lot </span><span style="font-stretch: normal; line-height: normal; font-family: &quot;Apple Color Emoji&quot;; -webkit-font-kerning: none;">😊</span><span style="font-kerning: none">!!!”(lucianomarcboccut_0)</span></p>
<p style="margin: 0px; font-stretch: normal; font-size: 13px; line-height: normal; -webkit-text-stroke-width: initial; -webkit-text-stroke-color: rgb(0, 0, 0);"><span style="font-kerning: none">“Very Happy with poster. Came in great shape and quickly.” (poppub2)</span></p>
<p style="margin: 0px; font-stretch: normal; font-size: 13px; line-height: normal; -webkit-text-stroke-width: initial; -webkit-text-stroke-color: rgb(0, 0, 0);"><span style="font-kerning: none">“Great Seller, fast / safe shipping A+++++++++++”(curlykong)</span></p>
<p style="margin: 0px; font-stretch: normal; font-size: 13px; line-height: normal; -webkit-text-stroke-width: initial; -webkit-text-stroke-color: rgb(0, 0, 0);"><span style="font-kerning: none">“Awesome. Shipped with lots of care. Best seller so far”(yellowlantern1)</span></p>
<p style="margin: 0px; font-stretch: normal; font-size: 13px; line-height: normal; -webkit-text-stroke-width: initial; -webkit-text-stroke-color: rgb(0, 0, 0);"><span style="font-kerning: none">“Outstanding in every respect. Great protective packaging and shippin. Well done!”(rich_suso)</span></p>
<p style="margin: 0px; font-stretch: normal; font-size: 13px; line-height: normal; -webkit-text-stroke-width: initial; -webkit-text-stroke-color: rgb(0, 0, 0);"><span style="font-kerning: none">“Extremely helpful seller, exact description, well packed. 100% recommended”(898313)</span></p>
<p style="margin: 0px; font-stretch: normal; font-size: 13px; line-height: normal; -webkit-text-stroke-width: initial; -webkit-text-stroke-color: rgb(0, 0, 0);"><span style="font-kerning: none">“Adjusted shipping when they found it lower than estimate. Honest! Great seller!”(pittsburgirl)</span></p>
<p style="margin: 0px; font-stretch: normal; font-size: 18px; line-height: normal; -webkit-text-stroke-width: initial; -webkit-text-stroke-color: rgb(0, 0, 0); min-height: 21px;"><span style="font-kerning: none"></span><br></p>
<p style="margin: 0px; font-stretch: normal; font-size: 18px; line-height: normal; -webkit-text-stroke-width: initial; -webkit-text-stroke-color: rgb(0, 0, 0);"><span style="font-kerning: none">*STRICT GRADING.&nbsp;</span></p>
<p style="margin: 0px; font-stretch: normal; font-size: 18px; line-height: normal; -webkit-text-stroke-width: initial; -webkit-text-stroke-color: rgb(0, 0, 0);"><span style="font-kerning: none">*I COMBINE SHIPPING.&nbsp;</span></p>
<p style="margin: 0px; font-stretch: normal; font-size: 18px; line-height: normal; -webkit-text-stroke-width: initial; -webkit-text-stroke-color: rgb(0, 0, 0);"><span style="font-kerning: none">*ALL ITEMS ARE SOLD AS COLLECTOR’S ITEMS WITH NO RIGHTS GIVEN OR IMPLIED.</span></p>
<p style="margin: 0px; font-stretch: normal; font-size: 18px; line-height: normal; -webkit-text-stroke-width: initial; -webkit-text-stroke-color: rgb(0, 0, 0);"><span style="font-kerning: none">*I ONLY HOLD ITEMS FOR 5 DAYS UNLESS OTHER ARRANGEMENTS ARE MADE. &nbsp;IMMEDIATE PAYMENT IS REQUESTED.</span></p>
<p style="margin: 0px; font-stretch: normal; font-size: 18px; line-height: normal; -webkit-text-stroke-width: initial; -webkit-text-stroke-color: rgb(0, 0, 0);"><span style="font-kerning: none">*SCANS ARE OF THE ACTUAL ITEM.</span></p>
<p style="margin: 0px; font-stretch: normal; font-size: 18px; line-height: normal; -webkit-text-stroke-width: initial; -webkit-text-stroke-color: rgb(0, 0, 0);"><span style="font-kerning: none">*PAYMENT BY PAYPAL ONLY.</span></p>
<p style="margin: 0px; font-stretch: normal; font-size: 18px; line-height: normal; -webkit-text-stroke-width: initial; -webkit-text-stroke-color: rgb(0, 0, 0); min-height: 21px;"><span style="font-kerning: none"></span><br></p>
<p style="margin: 0px; font-stretch: normal; font-size: 18px; line-height: normal; -webkit-text-stroke-width: initial; -webkit-text-stroke-color: rgb(0, 0, 0);"><span style="font-kerning: none">* CGC COMICS ARE MAILED U.S.P.S. PRIORITY MEDIUM FLAT RATE BOX WITH SIGNATURE CONFIRMATION AND UP TO $50 USPS INSURANCE FOR SECURITY AND SAFETY. &nbsp;</span></p></div></font></font>
</DOC>
<DOC>
<DOCID>1700498</DOCID>
<CATEGORY>Collectibles > Animation Art & Characters > Japanese, Anime > One Piece</CATEGORY>
<ORIGTITLE>One Piece The Cursed Holy Sword Movie Program Art Book JAPAN ANIME MANGA</ORIGTITLE>
<font rwr="1" size="4" style="font-family:Arial"><font rwr="1" size="4" style="font-family:Arial"><style>img{max-width:100%}</style><meta name="viewport" content="width=device-width, initial-scale=1.0"><table width="100%" cellspacing="0" border="0" cellpadding="0"><tbody><tr><td><table cellspacing="15" width="100%"><tbody><tr><td align="left"><dl><dt style="border-spacing: 28px;"><p><span style="color: rgb(32, 1, 137); text-align: -webkit-center;"><font size="5" face="Verdana"><b>GRADING</b></font></span></p></dt><dt><font size="4"><font color="#fb0034" face="Verdana"><u><b>NEW &gt;&gt; MINT &gt;&gt; EXCELLENT &gt;&gt; NICE&nbsp;</b></u></font><u style="color: rgb(251, 0, 52); font-family: Verdana;"><b>&gt;&gt;VERY GOOD &gt;&gt; GOOD &gt;&gt; POOR</b></u></font></dt><dt><font face="Verdana"><br></font></dt><dt><style type="text/css">p.p1 {margin: 0.0px 0.0px 0.0px 0.0px; line-height: 29.0px; font: 24.0px Verdana; color: #200189; -webkit-text-stroke: #200189; background-color: #ffffff}p.p2 {margin: 0.0px 0.0px 0.0px 0.0px; line-height: 17.0px; font: 14.0px Verdana; color: #00429a; -webkit-text-stroke: #00429a; min-height: 17.0px}p.p3 {margin: 0.0px 0.0px 0.0px 0.0px; line-height: 17.0px; font: 14.0px Verdana; color: #00429a; -webkit-text-stroke: #00429a; background-color: #ffffff}span.s1 {font: 24.0px 'Lucida Grande'; text-decoration: underline ; font-kerning: none}span.s2 {text-decoration: underline ; font-kerning: none}span.s3 {font-kerning: none}</style></dt><dt style="background-color: rgb(255, 255, 255);"></dt><dt><span style="text-align: -webkit-center;"><font face="Verdana"><u><b><font color="#200189"><font size="6">VERY GOOD</font></font></b></u></font></span></dt><dt><span style="text-align: -webkit-center;"><font face="Verdana"><u><b><font color="#200189"><font size="6"><br></font></font></b></u></font></span></dt><dt><font class="Apple-style-span" size="4" style="color: rgb(51, 51, 102); background-color: rgb(255, 255, 255);">Brand: Touei</font><br style="color: rgb(51, 51, 102); background-color: rgb(255, 255, 255);"><font class="Apple-style-span" size="4" style="color: rgb(51, 51, 102); background-color: rgb(255, 255, 255);">Box size : Height 30cm</font></dt><dt><p class="p1"><span style="font-size: large; color: rgb(0, 66, 154);"><br></span></p></dt><dt><p class="p1"><span style="font-size: large; color: rgb(0, 66, 154);">OFFICIAL PRODUCT,not Pirate Edition(bootleg).</span></p></dt></dl><font face="Verdana"><font color="#00429a"><span style="font-size: large; text-align: -webkit-right;">NO.0060005112016E</span></font></font></td></tr></tbody></table></td></tr></tbody></table><br style="font-size: medium;"><table width="100%" cellspacing="0" border="0" cellpadding="0"></table><table width="100%" cellspacing="0" border="0" cellpadding="0"><tbody><tr><td bgcolor="#200189" valign="top" height="47">&nbsp; &nbsp; &nbsp; &nbsp; &nbsp;<table width="100%" cellspacing="0" border="0" cellpadding="0"><tbody><tr><td bgcolor="#200189" align="center" height="45" width="32%"><font face="Verdana">&nbsp;<font size="5"><b>&nbsp;<font color="#ffffff">Payment</font><font color="#333366">&nbsp;&nbsp;</font></b></font>&nbsp;</font>&nbsp;</td><td bgcolor="#FFFFFF" width="68%"></td></tr></tbody></table></td></tr><tr><td><br><img src="https://yahoo.jp/box/qbc92m" width="35%" hight="35%"><table cellspacing="15" width="100%"><tbody><tr><td align="left"><font face="Verdana"><u style="color: rgb(32, 1, 137); font-size: xx-large; text-align: -webkit-center;"><b>PayPal only</b></u><font size="4"><font color="#333366"><br></font></font><span lang="EN-US"><font color="#00429a" size="4">We only ship to the approved Paypal address. Please make sure the shipping address is correct and available.</font></span></font></td></tr></tbody></table></td></tr></tbody></table><table width="100%" cellspacing="0" border="0" cellpadding="0"><tbody><tr><td bgcolor="#200189" valign="top" height="47">&nbsp; &nbsp; &nbsp; &nbsp; &nbsp;<table width="100%" cellspacing="0" border="0" cellpadding="0"><tbody><tr><td bgcolor="#200189" align="center" height="45" width="32%"><font face="Verdana">&nbsp;<font size="5"><b>&nbsp;<font color="#ffffff">Shipping &nbsp;</font></b></font><font color="#ffffff">&nbsp;</font></font>&nbsp;</td><td bgcolor="#FFFFFF" width="68%"></td></tr></tbody></table></td></tr><tr><td><br><table cellspacing="15" width="100%"><tbody><tr><td align="left"><u style="color: rgb(32, 1, 137); font-size: xx-large; text-align: -webkit-center;"><font face="Verdana"><b>AIRMAIL with Tracking number</b></font></u><font style="font-family: Verdana;"><br></font><font size="4" color="#00429a" style="font-family: Verdana;"><br>AIRMAIL’s transition time is about</font><font size="4" style="font-family: Verdana; color: rgb(51, 51, 102);">&nbsp;</font><font class="Apple-style-span" color="#fb0034" size="4" style="font-family: Verdana;"><b>10-25 business days.</b></font><br><font size="4" style="font-family: Verdana;"><font color="#00429a">If you want</font>&nbsp;</font><font size="4" color="#002cfd" style="font-family: Verdana;">EMS shipping&nbsp;</font><font color="#333366" style="font-family: Verdana; font-size: large;">,</font><font style="font-family: Verdana; font-size: large;"><font color="#00429a">please tell us before you pay.</font><br></font><div style="text-align: center;"><span style="background-color: rgb(190, 4, 7);"><font color="#ffffff" size="4"><i><font face="Verdana">&nbsp; &nbsp;</font>Shipping Worldwide!! &nbsp;We can combine your multiple shipment! &nbsp;&nbsp;</i></font></span></div><br></td></tr></tbody></table></td></tr></tbody></table><table width="100%" cellspacing="0" border="0" cellpadding="0"><tbody><tr><td bgcolor="#200189" valign="top" height="47">&nbsp; &nbsp; &nbsp; &nbsp; &nbsp;<table width="100%" cellspacing="0" border="0" cellpadding="0"><tbody><tr><td bgcolor="#200189" align="center" height="45" width="32%">&nbsp;<b><font color="#ffffff">&nbsp;International Buyers - Please Note&nbsp;</font><font size="5" style="color: rgb(51, 51, 102);">&nbsp;</font></b>&nbsp;&nbsp;</td><td bgcolor="#FFFFFF" width="68%"></td></tr></tbody></table></td></tr><tr><td>&nbsp;<table cellspacing="15" width="100%"><tbody><tr><td align="left"><font size="2" face="Verdana"><font color="#00429a">&nbsp; ・Import duties, taxes and charges are not included in the item price or shipping charges. These charges are the buyer’s responsibility. &nbsp;<br>・Please check with your country’s customs office to determine what these additional costs will be prior to bidding/buying.&nbsp;<br>・These charges are normally collected by the delivering freight (shipping) company or when you pick the item up - do not confuse them for additional shipping charges. &nbsp;&nbsp;</font><br></font><font color="#ff0010"><br><div style="text-align: center;"><span style="font-size: xx-large;"><font face="Arial Black">ARIGATO!&nbsp;</font></span><span style="font-family: Arial, Helvetica, sans-serif; font-size: xx-large;">(^o^)/&nbsp;</span></div></font><h2 class="bio inline_value" style="text-align: center; font-family: Arial, Helvetica, sans-serif; margin: 0px; padding: 0px; border: 0px; font-weight: normal; position: relative; line-height: 18px; background-color: rgb(248, 248, 248);"><font size="4" face="Trebuchet MS" color="#00429a">We would like to help you to access a fun and dreams,Fantasy,adventure of unlimited inside of yourself!</font></h2></td></tr></tbody></table></td></tr></tbody></table></font></font><br><font rwr="1" size="4" style="font-family:Arial"></font><div id="topworks"><font rwr="1" size="4" style="font-family:Arial"><div align="center"><ul class="workslist cl" style="list-style:none"><li style="float:left"><dl><dt><a href="https://www.ebay.com/sch/m.html?_odkw=&amp;_ssn=japanimedia&amp;_sop=12&amp;_osacat=0&amp;_ipg=200&amp;_from=R40&amp;_trksid=p2046732.m570.l1313.TR0.TRC0.H0.Xdragon+ball.TRS0&amp;_nkw=dragon+ball&amp;_sacat=0" target="_blank"><img width="223" height="140" src="https://box.c.yimg.jp/res/box-l-hthso57lxjkqr57emtyc225orm-1001?uid=00b637b3-f744-477a-9715-ead7a8cfd98a&amp;etag=6f8604f287ef461456c30a536833d043" alt=" Dragonball Z" hspace="20px"></a></dt><dd><a href="https://www.ebay.com/sch/m.html?_odkw=&amp;_ssn=japanimedia&amp;_sop=12&amp;_osacat=0&amp;_ipg=200&amp;_from=R40&amp;_trksid=p2046732.m570.l1313.TR0.TRC0.H0.Xdragon+ball.TRS0&amp;_nkw=dragon+ball&amp;_sacat=0" rel="tag" target="_blank"><strong>DRAGON BALL Z</strong></a></dd></dl></li><li style="float:left"><dl><dt><a href="https://www.ebay.com/sch/m.html?_odkw=&amp;_ssn=japanimedia&amp;_sop=12&amp;_osacat=0&amp;_ipg=200&amp;_from=R40&amp;_trksid=p2046732.m570.l1313.TR0.TRC0.H0.XHUNTER+x+HUNTER.TRS0&amp;_nkw=HUNTER+x+HUNTER&amp;_sacat=0" target="_blank"><img width="223" height="140" src="https://box.c.yimg.jp/res/box-l-hthso57lxjkqr57emtyc225orm-1001?uid=b12a2442-7ef6-4786-a1d8-c92e91111af6&amp;etag=0f87907efc4dbf393a275d2fedf6c902" alt=" HUNTER x HUNTER" hspace="20px"></a></dt><dd><a href="https://www.ebay.com/sch/m.html?_odkw=&amp;_ssn=japanimedia&amp;_sop=12&amp;_osacat=0&amp;_ipg=200&amp;_from=R40&amp;_trksid=p2046732.m570.l1313.TR0.TRC0.H0.XHUNTER+x+HUNTER.TRS0&amp;_nkw=HUNTER+x+HUNTER&amp;_sacat=0" rel="tag" target="_blank"><strong>HUNTER x HUNTER</strong></a></dd></dl></li><li style="float:left"><dl><dt><a href="https://www.ebay.com/sch/m.html?_odkw=&amp;_ssn=japanimedia&amp;_sop=12&amp;_osacat=0&amp;_ipg=200&amp;_from=R40&amp;_trksid=p2046732.m570.l1313.TR0.TRC0.H0.Xhakusho.TRS0&amp;_nkw=hakusho&amp;_sacat=0" target="_blank"><img width="223" height="140" src="https://box.c.yimg.jp/res/box-l-hthso57lxjkqr57emtyc225orm-1001?uid=4f0fac9b-c355-4c79-9572-8f6edb498e84&amp;etag=a38672c078d9aa67101c04effca20c9b" alt="Yu-Yu Hakusho" hspace="20px"></a></dt><dd><a href="https://www.ebay.com/sch/m.html?_odkw=&amp;_ssn=japanimedia&amp;_sop=12&amp;_osacat=0&amp;_ipg=200&amp;_from=R40&amp;_trksid=p2046732.m570.l1313.TR0.TRC0.H0.Xhakusho.TRS0&amp;_nkw=hakusho&amp;_sacat=0" rel="tag" target="_blank"><strong>Yu-Yu Hakusho</strong></a></dd></dl></li><li style="float:left"><dl><dt><a href="https://www.ebay.com/sch/m.html?_odkw=&amp;_ssn=japanimedia&amp;_sop=12&amp;_osacat=0&amp;_ipg=200&amp;_from=R40&amp;_trksid=p2046732.m570.l1313.TR0.TRC0.H0.Xnaruto.TRS0&amp;_nkw=naruto&amp;_sacat=0" target="_blank"><img width="223" height="140" src="https://box.c.yimg.jp/res/box-l-hthso57lxjkqr57emtyc225orm-1001?uid=1b896292-0528-40e9-9e66-b707ce56e257&amp;etag=fb601999b392001fd0b3cd71d6daa95d" alt="“Naruto”" hspace="20px"></a></dt><dd><a href="https://www.ebay.com/sch/m.html?_odkw=&amp;_ssn=japanimedia&amp;_sop=12&amp;_osacat=0&amp;_ipg=200&amp;_from=R40&amp;_trksid=p2046732.m570.l1313.TR0.TRC0.H0.Xnaruto.TRS0&amp;_nkw=naruto&amp;_sacat=0" rel="tag" target="_blank"><strong>Naruto</strong></a></dd></dl></li><li style="float:left"><dl><dt><a href="https://www.ebay.com/sch/m.html?_odkw=&amp;_ssn=japanimedia&amp;_sop=12&amp;_osacat=0&amp;_ipg=200&amp;_from=R40&amp;_trksid=p2046732.m570.l1313.TR0.TRC0.H0.Xone+piece.TRS0&amp;_nkw=one+piece&amp;_sacat=0" target="_blank"><img width="223" height="140" src="https://box.c.yimg.jp/res/box-l-hthso57lxjkqr57emtyc225orm-1001?uid=45ccdcd0-7b5a-4278-89ca-1dfa314fb4c7&amp;etag=ced0cf22ae288d60995544d4bde8f87f" alt="“One" piece”="" hspace="20px"></a></dt><dd><a href="https://www.ebay.com/sch/m.html?_odkw=&amp;_ssn=japanimedia&amp;_sop=12&amp;_osacat=0&amp;_ipg=200&amp;_from=R40&amp;_trksid=p2046732.m570.l1313.TR0.TRC0.H0.Xone+piece.TRS0&amp;_nkw=one+piece&amp;_sacat=0" rel="tag" target="_blank"><strong>One Piece</strong></a></dd></dl></li><li style="float:left"><dl><dt><a href="https://www.ebay.com/sch/m.html?_odkw=&amp;_ssn=japanimedia&amp;_sop=12&amp;_osacat=0&amp;_ipg=200&amp;_from=R40&amp;_trksid=p2046732.m570.l1313.TR0.TRC0.H0.Xkinnikuman.TRS0&amp;_nkw=kinnikuman&amp;_sacat=0" target="_blank"><img width="223" height="140" src="https://box.c.yimg.jp/res/box-l-hthso57lxjkqr57emtyc225orm-1001?uid=a60edc2e-f8ee-4f30-be4d-6e96e5c24236&amp;etag=0bc767a8cde518431d1d6c9fd1382e9e" alt=" Kinnikuman" hspace="20px"></a></dt><dd><a href="https://www.ebay.com/sch/m.html?_odkw=&amp;_ssn=japanimedia&amp;_sop=12&amp;_osacat=0&amp;_ipg=200&amp;_from=R40&amp;_trksid=p2046732.m570.l1313.TR0.TRC0.H0.Xkinnikuman.TRS0&amp;_nkw=kinnikuman&amp;_sacat=0" rel="tag" target="_blank"><strong>KINNIKUMAN</strong></a></dd></dl></li><li style="float:left"><dl><dt><a href="https://www.ebay.com/sch/m.html?_odkw=&amp;_ssn=japanimedia&amp;_sop=12&amp;_osacat=0&amp;_ipg=200&amp;_from=R40&amp;_trksid=p2046732.m570.l1313.TR0.TRC0.H0.Xsaint+seiya.TRS0&amp;_nkw=saint+seiya&amp;_sacat=0" target="_blank"><img width="223" height="140" src="https://box.c.yimg.jp/res/box-l-hthso57lxjkqr57emtyc225orm-1001?uid=48a52433-cd6d-429c-b7ef-d1b3ed48e8d4&amp;etag=024a651dde2fb376986546bc61083d44" class="attachment-post-thumbnail wp-post-image" alt="Saint Seiya" hspace="20px"></a></dt><dd><a href="https://www.ebay.com/sch/m.html?_odkw=&amp;_ssn=japanimedia&amp;_sop=12&amp;_osacat=0&amp;_ipg=200&amp;_from=R40&amp;_trksid=p2046732.m570.l1313.TR0.TRC0.H0.Xsaint+seiya.TRS0&amp;_nkw=saint+seiya&amp;_sacat=0" rel="tag" target="_blank"><strong>Saint Seiya</strong></a></dd></dl></li><li style="float:left"><dl><dt><a href="https://www.ebay.com/sch/m.html?_odkw=&amp;_ssn=japanimedia&amp;_sop=12&amp;_osacat=0&amp;_ipg=200&amp;_from=R40&amp;_trksid=p2046732.m570.l1313.TR0.TRC0.H0.Xevangelion.TRS0&amp;_nkw=evangelion&amp;_sacat=0" target="_blank"><img width="223" height="140" src="https://box.c.yimg.jp/res/box-l-hthso57lxjkqr57emtyc225orm-1001?uid=d218e404-67be-4c52-854e-20136e954572&amp;etag=bfaea7c21f380d6db2bb8b0eed2db8e1" class="attachment-post-thumbnail wp-post-image" alt="Evangelion" hspace="20px"></a></dt><dd><a href="https://www.ebay.com/sch/m.html?_odkw=&amp;_ssn=japanimedia&amp;_sop=12&amp;_osacat=0&amp;_ipg=200&amp;_from=R40&amp;_trksid=p2046732.m570.l1313.TR0.TRC0.H0.Xevangelion.TRS0&amp;_nkw=evangelion&amp;_sacat=0" rel="tag" target="_blank"><strong>Evangelion</strong></a></dd></dl></li><li style="float:left"><dl><dt><a href="https://www.ebay.com/sch/m.html?_odkw=&amp;_ssn=japanimedia&amp;_sop=12&amp;_osacat=0&amp;_ipg=200&amp;_from=R40&amp;_trksid=p2046732.m570.l1313.TR0.TRC0.H0.Xgundam.TRS0&amp;_nkw=gundam&amp;_sacat=0" target="_blank"><img width="223" height="140" src="https://box.c.yimg.jp/res/box-l-hthso57lxjkqr57emtyc225orm-1001?uid=f67ce09e-40ab-4001-9209-fbff2dda8858&amp;etag=2ffbb330d198cfbb0b82b387d3f8ac9c" class="attachment-post-thumbnail wp-post-image" alt="gundam" hspace="20px"></a></dt><dd><a href="https://www.ebay.com/sch/m.html?_odkw=&amp;_ssn=japanimedia&amp;_sop=12&amp;_osacat=0&amp;_ipg=200&amp;_from=R40&amp;_trksid=p2046732.m570.l1313.TR0.TRC0.H0.Xgundam.TRS0&amp;_nkw=gundam&amp;_sacat=0" rel="tag" target="_blank"><strong>Gundam</strong></a></dd></dl></li><li style="float:left"><dl><dt><a href="https://www.ebay.com/sch/m.html?_odkw=&amp;_ssn=japanimedia&amp;_sop=12&amp;_osacat=0&amp;_ipg=200&amp;_from=R40&amp;_trksid=p2046732.m570.l1313.TR0.TRC0.H0.Xmacross.TRS0&amp;_nkw=macross&amp;_sacat=0" target="_blank"><img width="223" height="140" src="https://box.c.yimg.jp/res/box-l-hthso57lxjkqr57emtyc225orm-1001?uid=d93fb166-bf09-4600-bad7-5fa46a216599&amp;etag=f6177fdadf462111ebe79617fd183a73" class="attachment-post-thumbnail wp-post-image" alt="Macross" hspace="20px"></a></dt><dd><a href="https://www.ebay.com/sch/m.html?_odkw=&amp;_ssn=japanimedia&amp;_sop=12&amp;_osacat=0&amp;_ipg=200&amp;_from=R40&amp;_trksid=p2046732.m570.l1313.TR0.TRC0.H0.Xmacross.TRS0&amp;_nkw=macross&amp;_sacat=0" rel="tag" target="_blank"><strong>Macross</strong></a></dd></dl></li><li style="float:left"><dl><dt><a href="https://www.ebay.com/sch/m.html?_odkw=&amp;_ssn=japanimedia&amp;_sop=12&amp;_osacat=0&amp;_ipg=200&amp;_from=R40&amp;_trksid=p2046732.m570.l1313.TR0.TRC0.H0.Xgurren+lagann.TRS0&amp;_nkw=gurren+lagann&amp;_sacat=0" target="_blank"><img width="223" height="140" src="https://box.c.yimg.jp/res/box-l-hthso57lxjkqr57emtyc225orm-1001?uid=2bf4c0bd-cce6-48d2-a574-2def1c05692a&amp;etag=9284e74f5c21755ddd48dccd05ba4928" class="attachment-post-thumbnail wp-post-image" alt="GURREN LAGANN" hspace="20px"></a></dt><dd><a href="https://www.ebay.com/sch/m.html?_odkw=&amp;_ssn=japanimedia&amp;_sop=12&amp;_osacat=0&amp;_ipg=200&amp;_from=R40&amp;_trksid=p2046732.m570.l1313.TR0.TRC0.H0.Xgurren+lagann.TRS0&amp;_nkw=gurren+lagann&amp;_sacat=0" rel="tag" target="_blank"><strong>Gurren Lagann</strong></a></dd></dl></li><li style="float:left"><dl><dt><a href="https://www.ebay.com/sch/m.html?_odkw=&amp;_ssn=japanimedia&amp;_sop=12&amp;_osacat=0&amp;_ipg=200&amp;_from=R40&amp;_trksid=p2046732.m570.l1313.TR0.TRC0.H0.Xslayers.TRS0&amp;_nkw=slayers&amp;_sacat=0" target="_blank"><img width="223" height="140" src="https://box.c.yimg.jp/res/box-l-hthso57lxjkqr57emtyc225orm-1001?uid=9f29313e-aca0-4da1-a817-ab44f9883291&amp;etag=071cb436c51668cdf924458d2d35777a" class="attachment-post-thumbnail wp-post-image" alt="“Slayers”" hspace="20px"></a></dt><dd><a href="https://www.ebay.com/sch/m.html?_odkw=&amp;_ssn=japanimedia&amp;_sop=12&amp;_osacat=0&amp;_ipg=200&amp;_from=R40&amp;_trksid=p2046732.m570.l1313.TR0.TRC0.H0.Xslayers.TRS0&amp;_nkw=slayers&amp;_sacat=0" rel="tag" target="_blank"><strong>Slayers</strong></a></dd></dl></li><li style="float:left"><dl><dt><a href="https://www.ebay.com/sch/m.html?_odkw=&amp;_ssn=japanimedia&amp;_sop=12&amp;_osacat=0&amp;_ipg=200&amp;_from=R40&amp;_trksid=p2046732.m570.l1313.TR0.TRC0.H0.Xurusei.TRS0&amp;_nkw=urusei&amp;_sacat=0" target="_blank"><img width="223" height="140" src="https://box.c.yimg.jp/res/box-l-hthso57lxjkqr57emtyc225orm-1001?uid=8447533b-3f74-44e4-83ea-c73d97af8507&amp;etag=e245deaf93f301fde2cbdc3e3797ad99" class="attachment-post-thumbnail wp-post-image" alt="“Urusei" yatsura”="" hspace="20px"></a></dt><dd><a href="https://www.ebay.com/sch/m.html?_odkw=&amp;_ssn=japanimedia&amp;_sop=12&amp;_osacat=0&amp;_ipg=200&amp;_from=R40&amp;_trksid=p2046732.m570.l1313.TR0.TRC0.H0.Xurusei.TRS0&amp;_nkw=urusei&amp;_sacat=0" rel="tag" target="_blank"><strong>Urusei Yatsura</strong></a></dd></dl></li><li style="float:left"><dl><dt><a href="https://www.ebay.com/sch/m.html?_odkw=&amp;_ssn=japanimedia&amp;_sop=12&amp;_osacat=0&amp;_ipg=200&amp;_from=R40&amp;_trksid=p2046732.m570.l1313.TR0.TRC0.H0.Xsailor+moon.TRS0&amp;_nkw=sailor+moon&amp;_sacat=0" target="_blank"><img width="223" height="140" src="https://box.c.yimg.jp/res/box-l-hthso57lxjkqr57emtyc225orm-1001?uid=d73754f0-2162-43b6-a924-1d95c819bb46&amp;etag=672297be65082c37f2239df2be489340" class="attachment-post-thumbnail wp-post-image" alt="Sailor Moon" hspace="20px"></a></dt><dd><a href="https://www.ebay.com/sch/m.html?_odkw=&amp;_ssn=japanimedia&amp;_sop=12&amp;_osacat=0&amp;_ipg=200&amp;_from=R40&amp;_trksid=p2046732.m570.l1313.TR0.TRC0.H0.Xsailor+moon.TRS0&amp;_nkw=sailor+moon&amp;_sacat=0" rel="tag" target="_blank"><strong>Sailor Moon</strong></a></dd></dl></li><li style="float:left"><dl><dt><a href="https://www.ebay.com/sch/m.html?_odkw=&amp;_ssn=japanimedia&amp;_sop=12&amp;_osacat=0&amp;_ipg=200&amp;_from=R40&amp;_trksid=p2046732.m570.l1313.TR0.TRC0.H0.Xmadoka+magica.TRS0&amp;_nkw=madoka+magica&amp;_sacat=0" target="_blank"><img width="223" height="140" src="https://box.c.yimg.jp/res/box-l-hthso57lxjkqr57emtyc225orm-1001?uid=11d76d94-3dcf-4642-ab09-d6e11817b994&amp;etag=47c116bf48fcf69f2bd57516e10276ce" class="attachment-post-thumbnail wp-post-image" alt="Madoka Magica" hspace="20px"></a></dt><dd><a href="https://www.ebay.com/sch/m.html?_odkw=&amp;_ssn=japanimedia&amp;_sop=12&amp;_osacat=0&amp;_ipg=200&amp;_from=R40&amp;_trksid=p2046732.m570.l1313.TR0.TRC0.H0.Xmadoka+magica.TRS0&amp;_nkw=madoka+magica&amp;_sacat=0" rel="tag" target="_blank"><strong>Madoka Magica</strong></a></dd></dl></li>&nbsp;<li style="float:left"><dl><dt><a href="https://www.ebay.com/sch/m.html?_odkw=&amp;_ssn=japanimedia&amp;_sop=12&amp;_osacat=0&amp;_ipg=200&amp;_from=R40&amp;_trksid=p2046732.m570.l1313.TR0.TRC0.H0.Xsteins.TRS0&amp;_nkw=steins&amp;_sacat=0" target="_blank"><img width="223" height="140" src="https://box.c.yimg.jp/res/box-l-hthso57lxjkqr57emtyc225orm-1001?uid=5908390f-dee2-4eb0-8f80-935b6d305244&amp;etag=084cf0992433e26a2fd50f86dd2e02a3" class="attachment-post-thumbnail wp-post-image" alt="“Steins;Gate”" hspace="20px"></a></dt><dd><a href="https://www.ebay.com/sch/m.html?_odkw=&amp;_ssn=japanimedia&amp;_sop=12&amp;_osacat=0&amp;_ipg=200&amp;_from=R40&amp;_trksid=p2046732.m570.l1313.TR0.TRC0.H0.Xsteins.TRS0&amp;_nkw=steins&amp;_sacat=0" rel="tag" target="_blank"><strong>Steins;Gate</strong></a></dd></dl></li>&nbsp;<li style="float:left"><dl><dt><a href="https://www.ebay.com/sch/m.html?_odkw=&amp;_ssn=japanimedia&amp;_sop=12&amp;_osacat=0&amp;_ipg=200&amp;_from=R40&amp;_trksid=p2046732.m570.l1313.TR0.TRC0.H0.Xdevilman.TRS0&amp;_nkw=devilman&amp;_sacat=0" target="_blank"><img width="223" height="140" src="https://box.c.yimg.jp/res/box-l-hthso57lxjkqr57emtyc225orm-1001?uid=f0a58a53-c83a-4b00-9ec4-78728efb2b75&amp;etag=5788669ce0fea870fc8439a820ee065d" class="attachment-post-thumbnail wp-post-image" alt="“Devilman”" hspace="20px"></a></dt><dd><a href="https://www.ebay.com/sch/m.html?_odkw=&amp;_ssn=japanimedia&amp;_sop=12&amp;_osacat=0&amp;_ipg=200&amp;_from=R40&amp;_trksid=p2046732.m570.l1313.TR0.TRC0.H0.Xdevilman.TRS0&amp;_nkw=devilman&amp;_sacat=0" rel="tag" target="_blank"><strong>Devilman</strong></a></dd></dl></li><li style="float:left"><dl><dt><a href="https://www.ebay.com/sch/m.html?_odkw=&amp;_ssn=japanimedia&amp;_sop=12&amp;_osacat=0&amp;_ipg=200&amp;_from=R40&amp;_trksid=p2046732.m570.l1313.TR0.TRC0.H0.Xberserk.TRS0&amp;_nkw=berserk&amp;_sacat=0" target="_blank"><img width="223" height="140" src="https://box.c.yimg.jp/res/box-l-hthso57lxjkqr57emtyc225orm-1001?uid=c5148ab7-4fdc-4ccb-9d3a-a96ec01854f5&amp;etag=739bac4fa066142ddf75d8474f861bee" class="attachment-post-thumbnail wp-post-image" alt="“Berserk”" hspace="20px"></a></dt><dd><a href="https://www.ebay.com/sch/m.html?_odkw=&amp;_ssn=japanimedia&amp;_sop=12&amp;_osacat=0&amp;_ipg=200&amp;_from=R40&amp;_trksid=p2046732.m570.l1313.TR0.TRC0.H0.Xberserk.TRS0&amp;_nkw=berserk&amp;_sacat=0" rel="tag" target="_blank"><strong>Berserk</strong></a></dd></dl></li><li style="float:left"><dl><dt><a href="https://www.ebay.com/sch/m.html?_odkw=&amp;_ssn=japanimedia&amp;_sop=12&amp;_osacat=0&amp;_ipg=200&amp;_from=R40&amp;_trksid=p2046732.m570.l1313.TR0.TRC0.H0.XGhost+in+the+shell.TRS0&amp;_nkw=Ghost+in+the+shell&amp;_sacat=0" target="_blank"><img width="223" height="140" src="https://box.c.yimg.jp/res/box-l-hthso57lxjkqr57emtyc225orm-1001?uid=9a7d605f-2ce9-4acf-acf7-7834794a61c9&amp;etag=c1132a84dba67cf5f50d25629da76553" class="attachment-post-thumbnail wp-post-image" alt="“Ghost" in="" the="" shell”="" hspace="20px"></a></dt><dd><a href="https://www.ebay.com/sch/m.html?_odkw=&amp;_ssn=japanimedia&amp;_sop=12&amp;_osacat=0&amp;_ipg=200&amp;_from=R40&amp;_trksid=p2046732.m570.l1313.TR0.TRC0.H0.XGhost+in+the+shell.TRS0&amp;_nkw=Ghost+in+the+shell&amp;_sacat=0" rel="tag" target="_blank"><strong>Ghost in the Shell</strong></a></dd></dl></li><li style="float:left"><dl><dt><a href="https://www.ebay.com/sch/m.html?_odkw=&amp;_ssn=japanimedia&amp;_sop=12&amp;_osacat=0&amp;_ipg=200&amp;_from=R40&amp;_trksid=p2046732.m570.l1313.TR0.TRC0.H0.Xlupin.TRS0&amp;_nkw=lupin&amp;_sacat=0" target="_blank"><img width="223" height="140" src="https://box.c.yimg.jp/res/box-l-hthso57lxjkqr57emtyc225orm-1001?uid=f2a4ba64-f38f-4221-b7d6-6d59f851e3bc&amp;etag=e4a1a8d5257ea4a141acd7a75aa85103" class="attachment-post-thumbnail wp-post-image" alt="Lupin the 3rd" hspace="20px"></a></dt><dd><a href="https://www.ebay.com/sch/m.html?_odkw=&amp;_ssn=japanimedia&amp;_sop=12&amp;_osacat=0&amp;_ipg=200&amp;_from=R40&amp;_trksid=p2046732.m570.l1313.TR0.TRC0.H0.Xlupin.TRS0&amp;_nkw=lupin&amp;_sacat=0" rel="tag" target="_blank"><strong>Lupin the 3rd</strong></a></dd></dl></li><li style="float:left"><dl><dt><a href="https://www.ebay.com/sch/m.html?_odkw=&amp;_ssn=japanimedia&amp;_sop=12&amp;_osacat=0&amp;_ipg=200&amp;_from=R40&amp;_trksid=p2046732.m570.l1313.TR0.TRC0.H0.X+Ghibli.TRS0&amp;_nkw=+Ghibli&amp;_sacat=0" target="_blank"><img width="223" height="140" src="https://box.c.yimg.jp/res/box-l-hthso57lxjkqr57emtyc225orm-1001?uid=655d2625-8769-4427-890e-70074c6d5389&amp;etag=77d3140d5679f24a9cca7748dcd67e51" class="attachment-post-thumbnail wp-post-image" alt="Ghibli" hspace="20px"></a></dt><dd><a href="https://www.ebay.com/sch/m.html?_odkw=&amp;_ssn=japanimedia&amp;_sop=12&amp;_osacat=0&amp;_ipg=200&amp;_from=R40&amp;_trksid=p2046732.m570.l1313.TR0.TRC0.H0.X+Ghibli.TRS0&amp;_nkw=+Ghibli&amp;_sacat=0" rel="tag" target="_blank"><strong>Ghibli</strong></a></dd></dl></li><li style="float:left"><dl><dt><a href="https://www.ebay.com/sch/m.html?_odkw=&amp;_ssn=japanimedia&amp;_sop=12&amp;_osacat=0&amp;_ipg=200&amp;_from=R40&amp;_trksid=p2046732.m570.l1313.TR0.TRC0.H0.Xmoomin.TRS0&amp;_nkw=moomin&amp;_sacat=0" target="_blank"><img width="223" height="140" src="https://box.c.yimg.jp/res/box-l-hthso57lxjkqr57emtyc225orm-1001?uid=876d7465-0908-43bb-966b-f0a91a9a8ede&amp;etag=d1c483c30aac4d3c7c6de5db207ea55d" class="attachment-post-thumbnail wp-post-image" alt="Moomin" hspace="20px"></a></dt><dd><a href="https://www.ebay.com/sch/m.html?_odkw=&amp;_ssn=japanimedia&amp;_sop=12&amp;_osacat=0&amp;_ipg=200&amp;_from=R40&amp;_trksid=p2046732.m570.l1313.TR0.TRC0.H0.Xmoomin.TRS0&amp;_nkw=moomin&amp;_sacat=0" rel="tag" target="_blank"><strong>Moomin</strong></a></dd></dl></li><li style="float:left"><dl><dt><a href="https://www.ebay.com/sch/m.html?_odkw=&amp;_ssn=japanimedia&amp;_sop=12&amp;_osacat=0&amp;_ipg=200&amp;_from=R40&amp;_trksid=p2046732.m570.l1313.TR0.TRC0.H0.Xpokemon.TRS0&amp;_nkw=pokemon&amp;_sacat=0" target="_blank"><img width="223" height="140" src="https://box.c.yimg.jp/res/box-l-hthso57lxjkqr57emtyc225orm-1001?uid=de2370d0-a887-4477-ae3e-5422eceb4670&amp;etag=683a7bd25ae646d85d45c266cc7cf7f6" alt="Pokemon" hspace="20px"></a></dt><dd><a href="https://www.ebay.com/sch/m.html?_odkw=&amp;_ssn=japanimedia&amp;_sop=12&amp;_osacat=0&amp;_ipg=200&amp;_from=R40&amp;_trksid=p2046732.m570.l1313.TR0.TRC0.H0.Xpokemon.TRS0&amp;_nkw=pokemon&amp;_sacat=0" rel="tag" target="_blank"><strong>Pokemon</strong></a></dd></dl></li><li style="float:left"><dl><dt><a href="https://www.ebay.com/sch/m.html?_odkw=&amp;_ssn=japanimedia&amp;_sop=12&amp;_osacat=0&amp;_ipg=200&amp;_from=R40&amp;_trksid=p2046732.m570.l1313.TR0.TRC0.H0.Xdragon+quest.TRS0&amp;_nkw=dragon+quest&amp;_sacat=0" target="_blank"><img width="223" height="140" src="https://box.c.yimg.jp/res/box-l-hthso57lxjkqr57emtyc225orm-1001?uid=d8afadd0-2317-450c-a9e8-0f6e2e64e7d6&amp;etag=82a82e9d63844541fd5b3309b0e3ec2f" alt="“Dragon" quest“="" hspace="20px"></a></dt><dd><a href="https://www.ebay.com/sch/m.html?_odkw=&amp;_ssn=japanimedia&amp;_sop=12&amp;_osacat=0&amp;_ipg=200&amp;_from=R40&amp;_trksid=p2046732.m570.l1313.TR0.TRC0.H0.Xdragon+quest.TRS0&amp;_nkw=dragon+quest&amp;_sacat=0" rel="tag" target="_blank"><strong>Dragon Quest</strong></a></dd></dl></li><li style="float:left"><dl><dt><a href="https://www.ebay.com/sch/m.html?_odkw=Game&amp;_sop=12&amp;_ssn=japanimedia&amp;_osacat=0&amp;_ipg=200&amp;_from=R40&amp;_trksid=p2046732.m570.l1313.TR0.TRC0.H0.Xfinal+fantasy.TRS0&amp;_nkw=final+fantasy&amp;_sacat=0" target="_blank"><img width="223" height="140" src="https://box.c.yimg.jp/res/box-l-hthso57lxjkqr57emtyc225orm-1001?uid=8e1c9bd1-df71-4f91-ae24-e5e56aed6744&amp;etag=279a9da429e92063755f611f79739659" alt="“Final" fantasy“="" hspace="20px"></a></dt><dd><a href="https://www.ebay.com/sch/m.html?_odkw=Game&amp;_sop=12&amp;_ssn=japanimedia&amp;_osacat=0&amp;_ipg=200&amp;_from=R40&amp;_trksid=p2046732.m570.l1313.TR0.TRC0.H0.Xfinal+fantasy.TRS0&amp;_nkw=final+fantasy&amp;_sacat=0" rel="tag" target="_blank"><strong>Final Fantasy</strong></a></dd></dl></li><li style="float:left"><dl><dt><a href="https://www.ebay.com/sch/m.html?_odkw=&amp;_ssn=japanimedia&amp;_sop=12&amp;_osacat=0&amp;_ipg=200&amp;_from=R40&amp;_trksid=p2046732.m570.l1313.TR0.TRC0.H0.Xcapcom.TRS0&amp;_nkw=capcom&amp;_sacat=0" target="_blank"><img width="223" height="140" src="https://box.c.yimg.jp/res/box-l-hthso57lxjkqr57emtyc225orm-1001?uid=69539de1-00cf-49bb-a8d1-e340013be33c&amp;etag=37a92ed068a4c1c10cb9ba1dd9ed406c" alt="“Capcom“" hspace="20px"></a></dt><dd><a href="https://www.ebay.com/sch/m.html?_odkw=&amp;_ssn=japanimedia&amp;_sop=12&amp;_osacat=0&amp;_ipg=200&amp;_from=R40&amp;_trksid=p2046732.m570.l1313.TR0.TRC0.H0.Xcapcom.TRS0&amp;_nkw=capcom&amp;_sacat=0" rel="tag" target="_blank"><strong>Capcom</strong></a></dd></dl></li><li style="float:left"><dl><dt><a href="https://www.ebay.com/sch/m.html?_odkw=&amp;_ssn=japanimedia&amp;_sop=12&amp;_osacat=0&amp;_ipg=200&amp;_from=R40&amp;_trksid=p2046732.m570.l1313.TR0.TRC0.H0.XGame.TRS0&amp;_nkw=Game&amp;_sacat=0" target="_blank"><img width="223" height="140" src="https://box.c.yimg.jp/res/box-l-hthso57lxjkqr57emtyc225orm-1001?uid=cbe866a9-907f-42ca-a178-ef4c0b2a1af9&amp;etag=f5e970c6e4535fcaf4671ae86a5427bd" alt="“Game" characters“="" hspace="20px"></a></dt><dd><a href="https://www.ebay.com/sch/m.html?_odkw=&amp;_ssn=japanimedia&amp;_sop=12&amp;_osacat=0&amp;_ipg=200&amp;_from=R40&amp;_trksid=p2046732.m570.l1313.TR0.TRC0.H0.XGame.TRS0&amp;_nkw=Game&amp;_sacat=0" rel="tag" target="_blank"><strong>Game Characters</strong></a></dd></dl></li><li style="float:left"><dl><dt><a href="https://www.ebay.com/sch/m.html?_odkw=&amp;_ssn=japanimedia&amp;_sop=12&amp;_osacat=0&amp;_ipg=200&amp;_from=R40&amp;_trksid=p2046732.m570.l1313.TR0.TRC0.H0.Xkamen+rider.TRS0&amp;_nkw=kamen+rider&amp;_sacat=0" target="_blank"><img width="223" height="140" src="https://box.c.yimg.jp/res/box-l-hthso57lxjkqr57emtyc225orm-1001?uid=ab0469fc-74f2-4168-bdea-e6b674a27015&amp;etag=7a1dd1216d7f5af62c5f42634dd56090" class="attachment-post-thumbnail wp-post-image" alt="“Kamen" rider”="" hspace="20px"></a></dt><dd><a href="https://www.ebay.com/sch/m.html?_odkw=&amp;_ssn=japanimedia&amp;_sop=12&amp;_osacat=0&amp;_ipg=200&amp;_from=R40&amp;_trksid=p2046732.m570.l1313.TR0.TRC0.H0.Xkamen+rider.TRS0&amp;_nkw=kamen+rider&amp;_sacat=0" rel="tag" target="_blank"><strong>Kamen Rider</strong></a></dd></dl></li><li style="float:left"><dl><dt><a href="https://www.ebay.com/sch/m.html?_odkw=&amp;_ssn=japanimedia&amp;_sop=12&amp;_osacat=0&amp;_ipg=200&amp;_from=R40&amp;_trksid=p2046732.m570.l1313.TR0.TRC0.H0.Xultraman.TRS0&amp;_nkw=ultraman&amp;_sacat=0" target="_blank"><img width="223" height="140" src="https://box.c.yimg.jp/res/box-l-hthso57lxjkqr57emtyc225orm-1001?uid=db968c48-8766-4342-a0d8-a7ce0b0433be&amp;etag=28b603e60bebd7ded0ea36455159845d" class="attachment-post-thumbnail wp-post-image" alt="“Ultraman”" hspace="20px"></a></dt><dd><a href="https://www.ebay.com/sch/m.html?_odkw=&amp;_ssn=japanimedia&amp;_sop=12&amp;_osacat=0&amp;_ipg=200&amp;_from=R40&amp;_trksid=p2046732.m570.l1313.TR0.TRC0.H0.Xultraman.TRS0&amp;_nkw=ultraman&amp;_sacat=0" rel="tag" target="_blank"><strong>Ultraman</strong></a></dd></dl></li><li style="float:left"><dl><dt><a href="https://www.ebay.com/sch/m.html?_odkw=&amp;_ssn=japanimedia&amp;_sop=12&amp;_osacat=0&amp;_ipg=200&amp;_from=R40&amp;_trksid=p2046732.m570.l1313.TR0.TRC0.H0.Xanime+book.TRS0&amp;_nkw=anime+book&amp;_sacat=0" target="_blank"><img width="223" height="140" src="https://box.c.yimg.jp/res/box-l-hthso57lxjkqr57emtyc225orm-1001?uid=82f6de44-7883-4659-8250-73d9745f9af3&amp;etag=21b7caf6f3d3eec8d0dc642ec62d5758" class="attachment-post-thumbnail wp-post-image" alt="BOOK Anime,Comic" hspace="20px"></a></dt><dd><a href="https://www.ebay.com/sch/m.html?_odkw=&amp;_ssn=japanimedia&amp;_sop=12&amp;_osacat=0&amp;_ipg=200&amp;_from=R40&amp;_trksid=p2046732.m570.l1313.TR0.TRC0.H0.Xanime+book.TRS0&amp;_nkw=anime+book&amp;_sacat=0" rel="tag" target="_blank"><strong>Anime Book</strong></a></dd></dl></li></ul></div></font></div>
</DOC>
<DOC>
<DOCID>1700501</DOCID>
<CATEGORY>Collectibles > Decorative Collectibles > Decorative Collectible Brands > Enesco > Jim Shore</CATEGORY>
<ORIGTITLE>Jim Shore "KINDRED SPIRITS" White Woodland Snowman With Owl ~ NEW ~MIB</ORIGTITLE>
<font rwr='1' size='4' style='font-family:Arial'><font rwr="1" size="4" style="font-family:Arial"><font rwr="1" size="4" style="font-family:Arial"><p><font size="4"><strong><font face="Arial">You are bidding on one NEW MIB Jim Shore Heartwood Creek collection "KINDRED SPIRITS" White Woodland Snowman With Owl.&nbsp;&nbsp;Item # 4053688.&nbsp;&nbsp;Material is wood look carved resin.&nbsp;Measures about 4.25 x 4 x 7.75" &nbsp;Surrounded by his Woodland friends this charming Snowman evokes the wonder of a wintry moonlit night with a subtle palette of muted tones and icy blues.&nbsp;</font></strong><font face="Arial"><strong>Comes to you in&nbsp;a the original Jim Shore packaging.&nbsp; Would make a great gift for the Snowman collector in your life.&nbsp; Will gladly combine shipping.&nbsp; At the moment we only ship to the continental United States.&nbsp; Thanks for looking and Happy Bidding.</strong></font></font></p></font></font></font>
</DOC>
<DOC>
<DOCID>1700516</DOCID>
<CATEGORY>Collectibles > Rocks, Fossils & Minerals > Crystals & Mineral Specimens > Rare Specimens</CATEGORY>
<ORIGTITLE>HILARIONITE from Lavrion, Greece *  TYPE & ONLY LOCALITY MINERAL  * 1,5 cm</ORIGTITLE>
<font rwr="1" size="4" style="font-family:Arial"><font rwr="1" size="4" style="font-family:Arial"><font style="FONT-FAMILY: Arial" size="4" rwr="1">
<table cellspacing="28" cellpadding="0" width="100%">
<tbody><tr>
<td valign="top">
<p align="center"><font size="4"><font color="#ff0000"><strong></strong></font></font>&nbsp;</p>
<p align="center"><font size="4"><font color="#ff0000"><strong>Hilarionite from Hilarion Mines, Lavrion, Lavrion District, Attiki Prefecture, Greece</strong></font></font><strong><font color="#ff0000" size="4"></font></strong></p>
<p align="center"><br></p><p align="center"><br></p><p align="center"><strong><font color="#ff0000" size="4"></font></strong>&nbsp;</p>
<p align="left">Hilarionite is a fairly new, iron bearing sulfate-arsenate mineral, it forms yellow-green crystals in radiating aggregates, on limonitic matrix. Hilarionite is very rare, occurs only at the Type Locality</p>
<p align="left">The specimen size: 1,5 x 0,8 x 0,5 cm</p>
<p align="left"><font face="Times New Roman"><span class="Apple-style-span" style="WHITE-SPACE: normal; WORD-SPACING: 0px; BORDER-COLLAPSE: separate; TEXT-TRANSFORM: none; COLOR: rgb(0,0,0); FONT: medium 'Times New Roman'; ORPHANS: 2; WIDOWS: 2; LETTER-SPACING: normal; TEXT-INDENT: 0px; webkit-border-horizontal-spacing: 0px; webkit-border-vertical-spacing: 0px; webkit-text-decorations-in-effect: none; webkit-text-size-adjust: auto; webkit-text-stroke-width: 0px"><span class="Apple-style-span" style="FONT-SIZE: 13px; FONT-FAMILY: Arial, Helvetica, sans-serif; TEXT-ALIGN: left"><span style="FONT-SIZE: smaller"><span class="Apple-style-span" style="WHITE-SPACE: normal; WORD-SPACING: 0px; BORDER-COLLAPSE: separate; TEXT-TRANSFORM: none; COLOR: rgb(0,0,0); FONT: medium 'Times New Roman'; ORPHANS: 2; WIDOWS: 2; LETTER-SPACING: normal; TEXT-INDENT: 0px; webkit-border-horizontal-spacing: 0px; webkit-border-vertical-spacing: 0px; webkit-text-decorations-in-effect: none; webkit-text-size-adjust: auto; webkit-text-stroke-width: 0px"><span class="Apple-style-span" style="FONT-SIZE: 13px; FONT-FAMILY: Arial, Helvetica, sans-serif; TEXT-ALIGN: left"><span style="FONT-SIZE: smaller"><span class="Apple-style-span" style="WHITE-SPACE: normal; WORD-SPACING: 0px; BORDER-COLLAPSE: separate; TEXT-TRANSFORM: none; COLOR: rgb(0,0,0); FONT: medium 'Times New Roman'; ORPHANS: 2; WIDOWS: 2; LETTER-SPACING: normal; TEXT-INDENT: 0px; webkit-border-horizontal-spacing: 0px; webkit-border-vertical-spacing: 0px; webkit-text-decorations-in-effect: none; webkit-text-size-adjust: auto; webkit-text-stroke-width: 0px"><span class="Apple-style-span" style="FONT-SIZE: 13px; FONT-FAMILY: Arial, Helvetica, sans-serif; TEXT-ALIGN: left"><span style="FONT-SIZE: smaller"><span class="Apple-style-span" style="WHITE-SPACE: normal; WORD-SPACING: 0px; BORDER-COLLAPSE: separate; TEXT-TRANSFORM: none; COLOR: rgb(0,0,0); FONT: medium 'Times New Roman'; ORPHANS: 2; WIDOWS: 2; LETTER-SPACING: normal; TEXT-INDENT: 0px; webkit-border-horizontal-spacing: 0px; webkit-border-vertical-spacing: 0px; webkit-text-decorations-in-effect: none; webkit-text-size-adjust: auto; webkit-text-stroke-width: 0px"><span class="Apple-style-span" style="FONT-SIZE: 13px; FONT-FAMILY: Arial, Helvetica, sans-serif; TEXT-ALIGN: left"><span style="FONT-SIZE: smaller"><span class="Apple-style-span" style="WHITE-SPACE: normal; WORD-SPACING: 0px; BORDER-COLLAPSE: separate; TEXT-TRANSFORM: none; COLOR: rgb(0,0,0); FONT: medium 'Times New Roman'; ORPHANS: 2; WIDOWS: 2; LETTER-SPACING: normal; TEXT-INDENT: 0px; webkit-border-horizontal-spacing: 0px; webkit-border-vertical-spacing: 0px; webkit-text-decorations-in-effect: none; webkit-text-size-adjust: auto; webkit-text-stroke-width: 0px"><span class="Apple-style-span" style="FONT-SIZE: 13px; FONT-FAMILY: Arial, Helvetica, sans-serif; TEXT-ALIGN: left"><span style="FONT-SIZE: smaller"><span class="Apple-style-span" style="WHITE-SPACE: normal; WORD-SPACING: 0px; BORDER-COLLAPSE: separate; TEXT-TRANSFORM: none; COLOR: rgb(0,0,0); FONT: medium 'Times New Roman'; ORPHANS: 2; WIDOWS: 2; LETTER-SPACING: normal; TEXT-INDENT: 0px; webkit-border-horizontal-spacing: 0px; webkit-border-vertical-spacing: 0px; webkit-text-decorations-in-effect: none; webkit-text-size-adjust: auto; webkit-text-stroke-width: 0px"><span class="Apple-style-span" style="FONT-SIZE: 13px; FONT-FAMILY: Arial, Helvetica, sans-serif; TEXT-ALIGN: left"><span style="FONT-SIZE: smaller"><span class="Apple-style-span" style="WHITE-SPACE: normal; WORD-SPACING: 0px; BORDER-COLLAPSE: separate; TEXT-TRANSFORM: none; COLOR: rgb(0,0,0); FONT: medium 'Times New Roman'; ORPHANS: 2; WIDOWS: 2; LETTER-SPACING: normal; TEXT-INDENT: 0px; webkit-border-horizontal-spacing: 0px; webkit-border-vertical-spacing: 0px; webkit-text-decorations-in-effect: none; webkit-text-size-adjust: auto; webkit-text-stroke-width: 0px"><span class="Apple-style-span" style="FONT-SIZE: 13px; FONT-FAMILY: Arial, Helvetica, sans-serif; TEXT-ALIGN: left"><span style="FONT-SIZE: smaller"><span class="Apple-style-span" style="WHITE-SPACE: normal; WORD-SPACING: 0px; BORDER-COLLAPSE: separate; TEXT-TRANSFORM: none; COLOR: rgb(0,0,0); FONT: medium 'Times New Roman'; ORPHANS: 2; WIDOWS: 2; LETTER-SPACING: normal; TEXT-INDENT: 0px; webkit-border-horizontal-spacing: 0px; webkit-border-vertical-spacing: 0px; webkit-text-decorations-in-effect: none; webkit-text-size-adjust: auto; webkit-text-stroke-width: 0px"><span class="Apple-style-span" style="FONT-SIZE: 13px; FONT-FAMILY: Arial, Helvetica, sans-serif; TEXT-ALIGN: left"><span style="FONT-SIZE: smaller"><span class="Apple-style-span" style="WHITE-SPACE: normal; WORD-SPACING: 0px; BORDER-COLLAPSE: separate; TEXT-TRANSFORM: none; COLOR: rgb(0,0,0); FONT: medium 'Times New Roman'; ORPHANS: 2; WIDOWS: 2; LETTER-SPACING: normal; TEXT-INDENT: 0px; webkit-border-horizontal-spacing: 0px; webkit-border-vertical-spacing: 0px; webkit-text-decorations-in-effect: none; webkit-text-size-adjust: auto; webkit-text-stroke-width: 0px"><span class="Apple-style-span" style="FONT-SIZE: 13px; FONT-FAMILY: Arial, Helvetica, sans-serif; TEXT-ALIGN: left"><span style="FONT-SIZE: smaller"><span class="Apple-style-span" style="WHITE-SPACE: normal; WORD-SPACING: 0px; BORDER-COLLAPSE: separate; TEXT-TRANSFORM: none; COLOR: rgb(0,0,0); FONT: medium 'Times New Roman'; ORPHANS: 2; WIDOWS: 2; LETTER-SPACING: normal; TEXT-INDENT: 0px; webkit-border-horizontal-spacing: 0px; webkit-border-vertical-spacing: 0px; webkit-text-decorations-in-effect: none; webkit-text-size-adjust: auto; webkit-text-stroke-width: 0px"><span class="Apple-style-span" style="FONT-SIZE: 13px; FONT-FAMILY: Arial, Helvetica, sans-serif; TEXT-ALIGN: left"><span style="FONT-SIZE: smaller"><span class="Apple-style-span" style="WHITE-SPACE: normal; WORD-SPACING: 0px; BORDER-COLLAPSE: separate; TEXT-TRANSFORM: none; COLOR: rgb(0,0,0); FONT: medium 'Times New Roman'; ORPHANS: 2; WIDOWS: 2; LETTER-SPACING: normal; TEXT-INDENT: 0px; webkit-border-horizontal-spacing: 0px; webkit-border-vertical-spacing: 0px; webkit-text-decorations-in-effect: none; webkit-text-size-adjust: auto; webkit-text-stroke-width: 0px"><span class="Apple-style-span" style="FONT-SIZE: 13px; FONT-FAMILY: Arial, Helvetica, sans-serif; TEXT-ALIGN: left"><span style="FONT-SIZE: smaller"><span class="Apple-style-span" style="WHITE-SPACE: normal; WORD-SPACING: 0px; BORDER-COLLAPSE: separate; TEXT-TRANSFORM: none; COLOR: rgb(0,0,0); FONT: medium 'Times New Roman'; ORPHANS: 2; WIDOWS: 2; LETTER-SPACING: normal; TEXT-INDENT: 0px; webkit-border-horizontal-spacing: 0px; webkit-border-vertical-spacing: 0px; webkit-text-decorations-in-effect: none; webkit-text-size-adjust: auto; webkit-text-stroke-width: 0px"><span class="Apple-style-span" style="FONT-SIZE: 13px; FONT-FAMILY: Arial, Helvetica, sans-serif; TEXT-ALIGN: left"><span style="FONT-SIZE: smaller"><span class="Apple-style-span" style="WHITE-SPACE: normal; WORD-SPACING: 0px; BORDER-COLLAPSE: separate; TEXT-TRANSFORM: none; COLOR: rgb(0,0,0); FONT: medium 'Times New Roman'; ORPHANS: 2; WIDOWS: 2; LETTER-SPACING: normal; TEXT-INDENT: 0px; webkit-border-horizontal-spacing: 0px; webkit-border-vertical-spacing: 0px; webkit-text-decorations-in-effect: none; webkit-text-size-adjust: auto; webkit-text-stroke-width: 0px"><span class="Apple-style-span" style="FONT-SIZE: 13px; FONT-FAMILY: Arial, Helvetica, sans-serif; TEXT-ALIGN: left"><span style="FONT-SIZE: smaller"><span class="Apple-style-span" style="WHITE-SPACE: normal; WORD-SPACING: 0px; BORDER-COLLAPSE: separate; TEXT-TRANSFORM: none; COLOR: rgb(0,0,0); FONT: medium 'Times New Roman'; ORPHANS: 2; WIDOWS: 2; LETTER-SPACING: normal; TEXT-INDENT: 0px; webkit-border-horizontal-spacing: 0px; webkit-border-vertical-spacing: 0px; webkit-text-decorations-in-effect: none; webkit-text-size-adjust: auto; webkit-text-stroke-width: 0px"><span class="Apple-style-span" style="FONT-SIZE: 13px; FONT-FAMILY: Arial, Helvetica, sans-serif; TEXT-ALIGN: left"><span style="FONT-SIZE: smaller"><span class="Apple-style-span" style="WHITE-SPACE: normal; WORD-SPACING: 0px; BORDER-COLLAPSE: separate; TEXT-TRANSFORM: none; COLOR: rgb(0,0,0); FONT: medium 'Times New Roman'; ORPHANS: 2; WIDOWS: 2; LETTER-SPACING: normal; TEXT-INDENT: 0px; webkit-border-horizontal-spacing: 0px; webkit-border-vertical-spacing: 0px; webkit-text-decorations-in-effect: none; webkit-text-size-adjust: auto; webkit-text-stroke-width: 0px"><span class="Apple-style-span" style="FONT-SIZE: 13px; FONT-FAMILY: Arial, Helvetica, sans-serif; TEXT-ALIGN: left"><span style="FONT-SIZE: smaller"><font face="Times New Roman"><font size="2"><sub></sub></font></font></span></span></span></span></span></span></span></span></span></span></span></span></span></span></span></span></span></span></span></span></span></span></span></span></span></span></span></span></span></span></span></span></span></span></span></span></span></span></span></span></span></span></span></span></span></font>&nbsp;</p>
<p align="left"><font size="2" face="Times New Roman"><span class="Apple-style-span" style="WHITE-SPACE: normal; WORD-SPACING: 0px; BORDER-COLLAPSE: separate; TEXT-TRANSFORM: none; COLOR: rgb(0,0,0); FONT: medium 'Times New Roman'; ORPHANS: 2; WIDOWS: 2; LETTER-SPACING: normal; TEXT-INDENT: 0px; webkit-border-horizontal-spacing: 0px; webkit-border-vertical-spacing: 0px; webkit-text-decorations-in-effect: none; webkit-text-size-adjust: auto; webkit-text-stroke-width: 0px"><span class="Apple-style-span" style="FONT-SIZE: 13px; FONT-FAMILY: Arial, Helvetica, sans-serif; TEXT-ALIGN: left"><span style="FONT-SIZE: smaller"><span class="Apple-style-span" style="WHITE-SPACE: normal; WORD-SPACING: 0px; BORDER-COLLAPSE: separate; TEXT-TRANSFORM: none; COLOR: rgb(0,0,0); FONT: medium 'Times New Roman'; ORPHANS: 2; WIDOWS: 2; LETTER-SPACING: normal; TEXT-INDENT: 0px; webkit-border-horizontal-spacing: 0px; webkit-border-vertical-spacing: 0px; webkit-text-decorations-in-effect: none; webkit-text-size-adjust: auto; webkit-text-stroke-width: 0px"><span class="Apple-style-span" style="FONT-SIZE: 13px; FONT-FAMILY: Arial, Helvetica, sans-serif; TEXT-ALIGN: left"><span style="FONT-SIZE: smaller"><span class="Apple-style-span" style="WHITE-SPACE: normal; WORD-SPACING: 0px; BORDER-COLLAPSE: separate; TEXT-TRANSFORM: none; COLOR: rgb(0,0,0); FONT: medium 'Times New Roman'; ORPHANS: 2; WIDOWS: 2; LETTER-SPACING: normal; TEXT-INDENT: 0px; webkit-border-horizontal-spacing: 0px; webkit-border-vertical-spacing: 0px; webkit-text-decorations-in-effect: none; webkit-text-size-adjust: auto; webkit-text-stroke-width: 0px"><span class="Apple-style-span" style="FONT-SIZE: 13px; FONT-FAMILY: Arial, Helvetica, sans-serif; TEXT-ALIGN: left"><span style="FONT-SIZE: smaller"><span class="Apple-style-span" style="WHITE-SPACE: normal; WORD-SPACING: 0px; BORDER-COLLAPSE: separate; TEXT-TRANSFORM: none; COLOR: rgb(0,0,0); FONT: medium 'Times New Roman'; ORPHANS: 2; WIDOWS: 2; LETTER-SPACING: normal; TEXT-INDENT: 0px; webkit-border-horizontal-spacing: 0px; webkit-border-vertical-spacing: 0px; webkit-text-decorations-in-effect: none; webkit-text-size-adjust: auto; webkit-text-stroke-width: 0px"><span class="Apple-style-span" style="FONT-SIZE: 13px; FONT-FAMILY: Arial, Helvetica, sans-serif; TEXT-ALIGN: left"><span style="FONT-SIZE: smaller"><span class="Apple-style-span" style="WHITE-SPACE: normal; WORD-SPACING: 0px; BORDER-COLLAPSE: separate; TEXT-TRANSFORM: none; COLOR: rgb(0,0,0); FONT: medium 'Times New Roman'; ORPHANS: 2; WIDOWS: 2; LETTER-SPACING: normal; TEXT-INDENT: 0px; webkit-border-horizontal-spacing: 0px; webkit-border-vertical-spacing: 0px; webkit-text-decorations-in-effect: none; webkit-text-size-adjust: auto; webkit-text-stroke-width: 0px"><span class="Apple-style-span" style="FONT-SIZE: 13px; FONT-FAMILY: Arial, Helvetica, sans-serif; TEXT-ALIGN: left"><span style="FONT-SIZE: smaller"><span class="Apple-style-span" style="WHITE-SPACE: normal; WORD-SPACING: 0px; BORDER-COLLAPSE: separate; TEXT-TRANSFORM: none; COLOR: rgb(0,0,0); FONT: medium 'Times New Roman'; ORPHANS: 2; WIDOWS: 2; LETTER-SPACING: normal; TEXT-INDENT: 0px; webkit-border-horizontal-spacing: 0px; webkit-border-vertical-spacing: 0px; webkit-text-decorations-in-effect: none; webkit-text-size-adjust: auto; webkit-text-stroke-width: 0px"><span class="Apple-style-span" style="FONT-SIZE: 13px; FONT-FAMILY: Arial, Helvetica, sans-serif; TEXT-ALIGN: left"><span style="FONT-SIZE: smaller"><span class="Apple-style-span" style="WHITE-SPACE: normal; WORD-SPACING: 0px; BORDER-COLLAPSE: separate; TEXT-TRANSFORM: none; COLOR: rgb(0,0,0); FONT: medium 'Times New Roman'; ORPHANS: 2; WIDOWS: 2; LETTER-SPACING: normal; TEXT-INDENT: 0px; webkit-border-horizontal-spacing: 0px; webkit-border-vertical-spacing: 0px; webkit-text-decorations-in-effect: none; webkit-text-size-adjust: auto; webkit-text-stroke-width: 0px"><span class="Apple-style-span" style="FONT-SIZE: 13px; FONT-FAMILY: Arial, Helvetica, sans-serif; TEXT-ALIGN: left"><span style="FONT-SIZE: smaller"><span class="Apple-style-span" style="WHITE-SPACE: normal; WORD-SPACING: 0px; BORDER-COLLAPSE: separate; TEXT-TRANSFORM: none; COLOR: rgb(0,0,0); FONT: medium 'Times New Roman'; ORPHANS: 2; WIDOWS: 2; LETTER-SPACING: normal; TEXT-INDENT: 0px; webkit-border-horizontal-spacing: 0px; webkit-border-vertical-spacing: 0px; webkit-text-decorations-in-effect: none; webkit-text-size-adjust: auto; webkit-text-stroke-width: 0px"><span class="Apple-style-span" style="FONT-SIZE: 13px; FONT-FAMILY: Arial, Helvetica, sans-serif; TEXT-ALIGN: left"><span style="FONT-SIZE: smaller"><span class="Apple-style-span" style="WHITE-SPACE: normal; WORD-SPACING: 0px; BORDER-COLLAPSE: separate; TEXT-TRANSFORM: none; COLOR: rgb(0,0,0); FONT: medium 'Times New Roman'; ORPHANS: 2; WIDOWS: 2; LETTER-SPACING: normal; TEXT-INDENT: 0px; webkit-border-horizontal-spacing: 0px; webkit-border-vertical-spacing: 0px; webkit-text-decorations-in-effect: none; webkit-text-size-adjust: auto; webkit-text-stroke-width: 0px"><span class="Apple-style-span" style="FONT-SIZE: 13px; FONT-FAMILY: Arial, Helvetica, sans-serif; TEXT-ALIGN: left"><span style="FONT-SIZE: smaller"><span class="Apple-style-span" style="WHITE-SPACE: normal; WORD-SPACING: 0px; BORDER-COLLAPSE: separate; TEXT-TRANSFORM: none; COLOR: rgb(0,0,0); FONT: medium 'Times New Roman'; ORPHANS: 2; WIDOWS: 2; LETTER-SPACING: normal; TEXT-INDENT: 0px; webkit-border-horizontal-spacing: 0px; webkit-border-vertical-spacing: 0px; webkit-text-decorations-in-effect: none; webkit-text-size-adjust: auto; webkit-text-stroke-width: 0px"><span class="Apple-style-span" style="FONT-SIZE: 13px; FONT-FAMILY: Arial, Helvetica, sans-serif; TEXT-ALIGN: left"><span style="FONT-SIZE: smaller"><span class="Apple-style-span" style="WHITE-SPACE: normal; WORD-SPACING: 0px; BORDER-COLLAPSE: separate; TEXT-TRANSFORM: none; COLOR: rgb(0,0,0); FONT: medium 'Times New Roman'; ORPHANS: 2; WIDOWS: 2; LETTER-SPACING: normal; TEXT-INDENT: 0px; webkit-border-horizontal-spacing: 0px; webkit-border-vertical-spacing: 0px; webkit-text-decorations-in-effect: none; webkit-text-size-adjust: auto; webkit-text-stroke-width: 0px"><span class="Apple-style-span" style="FONT-SIZE: 13px; FONT-FAMILY: Arial, Helvetica, sans-serif; TEXT-ALIGN: left"><span style="FONT-SIZE: smaller"><span class="Apple-style-span" style="WHITE-SPACE: normal; WORD-SPACING: 0px; BORDER-COLLAPSE: separate; TEXT-TRANSFORM: none; COLOR: rgb(0,0,0); FONT: medium 'Times New Roman'; ORPHANS: 2; WIDOWS: 2; LETTER-SPACING: normal; TEXT-INDENT: 0px; webkit-border-horizontal-spacing: 0px; webkit-border-vertical-spacing: 0px; webkit-text-decorations-in-effect: none; webkit-text-size-adjust: auto; webkit-text-stroke-width: 0px"><span class="Apple-style-span" style="FONT-SIZE: 13px; FONT-FAMILY: Arial, Helvetica, sans-serif; TEXT-ALIGN: left"><span style="FONT-SIZE: smaller"><span class="Apple-style-span" style="WHITE-SPACE: normal; WORD-SPACING: 0px; BORDER-COLLAPSE: separate; TEXT-TRANSFORM: none; COLOR: rgb(0,0,0); FONT: medium 'Times New Roman'; ORPHANS: 2; WIDOWS: 2; LETTER-SPACING: normal; TEXT-INDENT: 0px; webkit-border-horizontal-spacing: 0px; webkit-border-vertical-spacing: 0px; webkit-text-decorations-in-effect: none; webkit-text-size-adjust: auto; webkit-text-stroke-width: 0px"><span class="Apple-style-span" style="FONT-SIZE: 13px; FONT-FAMILY: Arial, Helvetica, sans-serif; TEXT-ALIGN: left"><span style="FONT-SIZE: smaller"><span class="Apple-style-span" style="WHITE-SPACE: normal; WORD-SPACING: 0px; BORDER-COLLAPSE: separate; TEXT-TRANSFORM: none; COLOR: rgb(0,0,0); FONT: medium 'Times New Roman'; ORPHANS: 2; WIDOWS: 2; LETTER-SPACING: normal; TEXT-INDENT: 0px; webkit-border-horizontal-spacing: 0px; webkit-border-vertical-spacing: 0px; webkit-text-decorations-in-effect: none; webkit-text-size-adjust: auto; webkit-text-stroke-width: 0px"><span class="Apple-style-span" style="FONT-SIZE: 13px; FONT-FAMILY: Arial, Helvetica, sans-serif; TEXT-ALIGN: left"><span style="FONT-SIZE: smaller"><span class="Apple-style-span" style="WHITE-SPACE: normal; WORD-SPACING: 0px; BORDER-COLLAPSE: separate; TEXT-TRANSFORM: none; COLOR: rgb(0,0,0); FONT: medium 'Times New Roman'; ORPHANS: 2; WIDOWS: 2; LETTER-SPACING: normal; TEXT-INDENT: 0px; webkit-border-horizontal-spacing: 0px; webkit-border-vertical-spacing: 0px; webkit-text-decorations-in-effect: none; webkit-text-size-adjust: auto; webkit-text-stroke-width: 0px"><span class="Apple-style-span" style="FONT-SIZE: 13px; FONT-FAMILY: Arial, Helvetica, sans-serif; TEXT-ALIGN: left"><span style="FONT-SIZE: smaller"><span class="Apple-style-span" style="WHITE-SPACE: normal; WORD-SPACING: 0px; BORDER-COLLAPSE: separate; TEXT-TRANSFORM: none; COLOR: rgb(0,0,0); FONT: medium 'Times New Roman'; ORPHANS: 2; WIDOWS: 2; LETTER-SPACING: normal; TEXT-INDENT: 0px; webkit-border-horizontal-spacing: 0px; webkit-border-vertical-spacing: 0px; webkit-text-decorations-in-effect: none; webkit-text-size-adjust: auto; webkit-text-stroke-width: 0px"><span class="Apple-style-span" style="FONT-SIZE: 13px; FONT-FAMILY: Arial, Helvetica, sans-serif; TEXT-ALIGN: left"><span style="FONT-SIZE: smaller"><sub></sub></span></span></span></span></span></span></span></span></span></span></span></span></span></span></span></span></span></span></span></span></span></span></span></span></span></span></span></span></span></span></span></span></span></span></span></span></span></span></span></span></span></span></span></span></span></span></span></span></font>&nbsp;</p><span style="FONT-SIZE: 12pt"><span style="FONT-SIZE: 12pt; FONT-WEIGHT: normal"></span>
<p class="MsoNormal" style="MARGIN: 0cm 0cm 0pt" align="center"><span style="FONT-SIZE: 12pt; FONT-WEIGHT: normal"></span>&nbsp;</p>
<p class="MsoNormal" style="MARGIN: 0cm 0cm 0pt" align="center"><span style="FONT-SIZE: 12pt; FONT-WEIGHT: normal"></span>&nbsp;</p>
<p class="MsoNormal" style="MARGIN: 0cm 0cm 0pt" align="center"><span style="FONT-SIZE: 12pt; FONT-WEIGHT: normal"></span>&nbsp;</p>
<p class="MsoNormal" style="MARGIN: 0cm 0cm 0pt" align="center"><span style="FONT-SIZE: 12pt; FONT-WEIGHT: normal"></span>&nbsp;</p>
<p class="MsoNormal" style="MARGIN: 0cm 0cm 0pt" align="center"><span style="FONT-SIZE: 12pt; FONT-WEIGHT: normal">---------------------------------------------------------------------</span></p>
<p class="MsoNormal" style="MARGIN: 0cm 0cm 0pt"><span style="FONT-SIZE: 12pt; FONT-WEIGHT: normal"></span>&nbsp;</p>
<p class="MsoNormal" style="MARGIN: 0cm 0cm 0pt"><span style="FONT-SIZE: 12pt; FONT-WEIGHT: normal">I’m a professional geologist/mineralogist, with analytical background. Many of my minerals were checked by x-ray diffraction and energy dispersive spectrometry. Some of my specimens comes with the documentation of the analysises.</span></p>
<p class="MsoNormal" style="MARGIN: 0cm 0cm 0pt"><span style="FONT-SIZE: 12pt; FONT-WEIGHT: normal"></span>&nbsp;</p>
<p class="MsoNormal" style="MARGIN: 0cm 0cm 0pt" align="center"><span style="FONT-SIZE: 12pt; FONT-WEIGHT: normal">---------------------------------------------------------------------<!--?xml:namespace prefix = "o" ns = "urn:schemas-microsoft-com:office:office" /--><o:p></o:p></span></p></span>
<p align="left"><span style="FONT-SIZE: 12pt"></span>&nbsp;</p>
<p align="left"><span style="FONT-SIZE: 12pt"></span>&nbsp;</p>
<p align="left"><span style="FONT-SIZE: 12pt"><span style="FONT-SIZE: 12pt"><span style="FONT-SIZE: 12pt"></span></span></span>&nbsp;</p>
<p class="MsoNormal" style="MARGIN: 0cm 0cm 0pt"><span style="FONT-SIZE: 12pt; FONT-WEIGHT: normal"><span class="Apple-style-span" style="WHITE-SPACE: normal; WORD-SPACING: 0px; BORDER-COLLAPSE: separate; TEXT-TRANSFORM: none; COLOR: rgb(0,0,0); FONT: 16px 'Times New Roman'; ORPHANS: 2; WIDOWS: 2; LETTER-SPACING: normal; TEXT-INDENT: 0px; webkit-border-horizontal-spacing: 0px; webkit-border-vertical-spacing: 0px; webkit-text-decorations-in-effect: none; webkit-text-size-adjust: auto; webkit-text-stroke-width: 0px"><span class="Apple-style-span" style="webkit-border-horizontal-spacing: 28px; webkit-border-vertical-spacing: 28px"><span style="FONT-SIZE: 12pt; FONT-WEIGHT: normal"><font size="4"><strong>I gladly combine shipping!!</strong></font></span></span></span></span></p>
<p class="MsoNormal" style="MARGIN: 0cm 0cm 0pt"><span style="FONT-SIZE: 12pt; FONT-WEIGHT: normal"></span>&nbsp;</p><span style="FONT-SIZE: 8pt; FONT-FAMILY: Verdana; COLOR: #993300; mso-fareast-font-family: 'Times New Roman'; mso-bidi-font-family: 'Times New Roman'; mso-ansi-language: HU; mso-fareast-language: HU; mso-bidi-language: AR-SA"><strong><span style="FONT-SIZE: 8pt; FONT-FAMILY: Verdana; COLOR: #993300; mso-fareast-font-family: 'Times New Roman'; mso-bidi-font-family: 'Times New Roman'; mso-ansi-language: HU; mso-fareast-language: HU; mso-bidi-language: AR-SA"><span style="FONT-SIZE: 8pt; FONT-FAMILY: Verdana; COLOR: #993300; mso-fareast-font-family: 'Times New Roman'; mso-bidi-font-family: 'Times New Roman'; mso-ansi-language: HU; mso-fareast-language: HU; mso-bidi-language: AR-SA"></span></span></strong>
<p align="center"><strong></strong>&nbsp;</p>
<p>Please check out my <a href="http://cgi6.ebay.com/ws/eBayISAPI.dll?ViewSellersOtherItems&amp;userid=csalo976&amp;include=0&amp;since=-1&amp;sort=3&amp;rows=50&amp;sspageName=DB:OtherItems" target="_blank">other items</a>!</p>
<p>Be sure to add me to your <a href="http://my.ebay.com/ws/eBayISAPI.dll?AcceptSavedSeller&amp;sellerid=csalo976&amp;sspageName=DB:FavList" target="_blank">favorites list</a>!</p></span></td></tr></tbody></table>
<center><img border="0" src="http://pics.ebay.com/aw/pics/sell/templates/images/k2/tagline.gif"> <br><font size="2" face="Arial,Helvetica">Powered by <a href="http://pages.ebay.com/turbo_lister/">eBay Turbo Lister</a> <br>The free listing tool. List your items fast and easy and manage your active items. </font></center></font></font></font>
</DOC>
<DOC>
<DOCID>1700517</DOCID>
<CATEGORY>Collectibles > Photographic Images > Contemporary (1940-Now) > Other Contemporary Photographs</CATEGORY>
<ORIGTITLE>Slide Nevada Reno Casino Las Vegas Carson City Glenbrook Train Railroad Engine a</ORIGTITLE>
<font rwr='1' size='4' style='font-family:Arial'><font rwr="1" size="4" style="font-family:Arial"><font rwr="1" size="4" style="font-family:Arial"><font rwr="1" size="4" style="font-family:Arial"><font rwr="1" size="4" style="font-family:Arial"><font rwr="1" size="4" style="font-family:Arial"><font rwr="1" size="4" style="font-family:Arial"><font rwr="1" size="4" style="font-family:Arial"><font rwr="1" size="4" style="font-family:Arial"><font rwr="1" size="4" style="font-family:Arial"><font rwr="1" size="4" style="font-family:Arial"><font rwr="1" size="4" style="font-family:Arial"><font rwr="1" size="4" style="font-family:Arial"><font rwr="1" size="4" style="font-family:Arial"><font rwr="1" size="4" style="font-family:Arial"><font rwr="1" size="4" style="font-family:Arial"><font rwr="1" size="4" style="font-family:Arial"><font rwr="1" size="4" style="font-family:Arial"><font rwr="1" size="4" style="font-family:Arial"><font rwr="1" size="4" style="font-family:Arial"><font rwr="1" size="4" style="font-family:Arial"><font rwr="1" size="4" style="font-family:Arial"><font rwr="1" size="4" style="font-family:Arial"><font rwr="1" size="4" style="font-family:Arial"><font rwr="1" size="4" style="font-family:Arial"><font rwr="1" size="4" style="font-family:Arial"><font rwr="1" size="4" style="font-family:Arial"><font rwr="1" size="4" style="font-family:Arial"><font rwr="1" size="4" style="font-family:Arial"><font rwr="1" size="4" style="font-family:Arial"><font rwr="1" size="4" style="font-family:Arial"><font rwr="1" size="4" style="font-family:Arial"><font rwr="1" size="4" style="font-family:Arial"><font rwr="1" size="4" style="font-family:Arial"><font rwr="1" size="4" style="font-family:Arial"><font rwr="1" size="4" style="font-family:Arial"><font rwr="1" size="4" style="font-family:Arial"><font rwr="1" size="4" style="font-family:Arial"><font rwr="1" size="4" style="font-family:Arial"><font rwr="1" size="4" style="font-family:Arial"><font rwr="1" size="4" style="font-family:Arial"><font rwr="1" size="4" style="font-family:Arial"><font rwr="1" size="4" style="font-family:Arial"><font rwr="1" size="4" style="font-family:Arial"><font rwr="1" size="4" style="font-family:Arial"><font rwr="1" size="4" style="font-family:Arial"><font rwr="1" size="4" style="font-family:Arial"><font rwr="1" size="4" style="font-family:Arial"><font rwr="1" size="4" style="font-family:Arial"><font rwr="1" size="4" style="font-family:Arial"><font rwr="1" size="4" style="font-family:Arial"><font rwr="1" size="4" style="font-family:Arial"><font rwr="1" size="4" style="font-family:Arial"><font rwr="1" size="4" style="font-family:Arial"><font rwr="1" size="4" style="font-family:Arial"><font rwr="1" size="4" style="font-family:Arial"><font rwr="1" size="4" style="font-family:Arial"><font rwr="1" size="4" style="font-family:Arial"><font rwr="1" size="4" style="font-family:Arial"><font rwr="1" size="4" style="font-family:Arial"><font rwr="1" size="4" style="font-family:Arial"><font rwr="1" size="4" style="font-family:Arial"><font rwr="1" size="4" style="font-family:Arial"><font rwr="1" size="4" style="font-family:Arial"><font rwr="1" size="4" style="font-family:Arial"><font rwr="1" size="4" style="font-family:Arial"><font rwr="1" size="4" style="font-family:Arial"><font rwr="1" size="4" style="font-family:Arial"><font rwr="1" size="4" style="font-family:Arial"><font rwr="1" size="4" style="font-family:Arial"><font rwr="1" size="4" style="font-family:Arial"><font rwr="1" size="4" style="font-family:Arial"><font rwr="1" size="4" style="font-family:Arial"><font rwr="1" size="4" style="font-family:Arial"><font rwr="1" size="4" style="font-family:Arial"><font rwr="1" size="4" style="font-family:Arial"><font rwr="1" size="4" style="font-family:Arial"><font rwr="1" size="4" style="font-family:Arial"><font rwr="1" size="4" style="font-family:Arial"><font rwr="1" size="4" style="font-family:Arial"><font rwr="1" size="4" style="font-family:Arial"><font rwr="1" size="4" style="font-family:Arial"><font rwr="1" size="4" style="font-family:Arial"><font rwr="1" size="4" style="font-family:Arial"><font rwr="1" size="4" style="font-family:Arial"><font rwr="1" size="4" style="font-family:Arial"><font rwr="1" size="4" style="font-family:Arial"><font rwr="1" size="4" style="font-family:Arial"><font rwr="1" size="4" style="font-family:Arial"><font rwr="1" size="4" style="font-family:Arial"><font rwr="1" size="4" style="font-family:Arial"><font rwr="1" size="4" style="font-family:Arial"><font rwr="1" size="4" style="font-family:Arial"><font rwr="1" size="4" style="font-family:Arial"><font rwr="1" size="4" style="font-family:Arial"><font rwr="1" size="4" style="font-family:Arial"><font rwr="1" size="4" style="font-family:Arial"><font rwr="1" size="4" style="font-family:Arial"><font rwr="1" size="4" style="font-family:Arial"><font rwr="1" size="4" style="font-family:Arial"><font rwr="1" size="4" style="font-family:Arial"><font rwr="1" size="4" style="font-family:Arial"><font rwr="1" size="4" style="font-family:Arial"><font rwr="1" size="4" style="font-family:Arial"><font rwr="1" size="4" style="font-family:Arial"><font rwr="1" size="4" style="font-family:Arial"><font rwr="1" size="4" style="font-family:Arial"><font rwr="1" size="4" style="font-family:Arial"><div id="ds_div"><font face="Arial"><font size="6" style="color: rgb(255, 0, 16);">We have no other way to show the quality then our little view thing... They are awesome... &nbsp;These are rare slides.... So once the auction ends... that is it....... Very rare 35 mm slides here........... So be sure to....</font></font><font size="6" style="color: rgb(255, 0, 16);">Check out my..</font><font size="6"><font color="#68006b">Check out my&nbsp;<a href="http://search.ebay.com/?sass=daisydoodle0417&amp;ht=-1" target="_blank">other items</a>!...</font><font color="#00b8ef">Check out my&nbsp;</font><a href="http://search.ebay.com/?sass=dawnconley159&amp;ht=-1" target="_blank" style="color: rgb(0, 184, 239);">other items</a><font color="#00b8ef">!</font><font color="#00b8ef">&nbsp;</font><font color="#002cfd">And here too...</font></font><font size="6" color="#002cfd"><a href="http://search.ebay.com/?sass=brickners05&amp;ht=-1" target="_blank">other items</a>!&nbsp;And here too....</font><a href="http://search.ebay.com/?sass=bellywelly1&amp;ht=-1" target="_blank" style="font-size: xx-large;">other items</a><font size="6" style="color: rgb(255, 0, 16);">!</font></div><div id="ds_div"><font size="6" style="color: rgb(255, 0, 16);"><br></font></div><div id="ds_div"><font size="6" style="color: rgb(255, 0, 16);">International shipping is 1.75 worldwide unlimited flat rate...</font></div></font></font></font></font></font></font></font></font></font></font></font></font></font></font></font></font></font></font></font></font></font></font></font></font></font></font></font></font></font></font></font></font></font></font></font></font></font></font></font></font></font></font></font></font></font></font></font></font></font></font></font></font></font></font></font></font></font></font></font></font></font></font></font></font></font></font></font></font></font></font></font></font></font></font></font></font></font></font></font></font></font></font></font></font></font></font></font></font></font></font></font></font></font></font></font></font></font></font></font></font></font></font></font></font></font></font></font></font>
</DOC>
<DOC>
<DOCID>1700518</DOCID>
<CATEGORY>Collectibles > Decorative Collectibles > Decorative Collectible Brands > Enesco > Jim Shore</CATEGORY>
<ORIGTITLE>Jim Shore Disney Belle and Beast Dancing by Heart 4049619</ORIGTITLE>
<html>
<head>
<meta name="viewport" content="width=device-width, initial-scale=1.0">
<style type="text/css">
/* FONTS AND COLORS */
body {
	font-family: Georgia, serif;
	font-size: 16px;
	line-height: 1.25;
	color: #333;
	background-color: white;
}
h1, h2, h3, h4, h5, h6 {
	color: black;
}
.navbar a, .navbar a:active, .navbar a:hover, .navbar a:visited {
	color: #333;
}
.product-specs {
	background-color: #f1f1f1;
	padding: 1em;
}
.product-specs td {
	font-size: 14px;
}
.attr-left {
	min-width: 6em;
	font-weight: bold;
	vertical-align: top;
}
.attr-right {
	vertical-align: top;
}
div.footer {
	border-top: 1px solid #f1f1f1;
}
.navbar-default {
	background-image: -webkit-linear-gradient(top, #ffffff 0%, #f2f2f2 100%);
	background-image: linear-gradient(to bottom, #ffffff 0%, #f2f2f2 100%);
	background-repeat: repeat-x;
	border-radius: 4px;
	-webkit-box-shadow: inset 0 1px 0 rgba(255, 255, 255, 0.15), 0 1px 5px rgba(0, 0, 0, 0.075);
	box-shadow: inset 0 1px 0 rgba(255, 255, 255, 0.15), 0 1px 5px rgba(0, 0, 0, 0.075);
}
.navbar-default .navbar-nav > .active > a {
	background-image: -webkit-linear-gradient(top, #ebebeb 0%, #f3f3f3 100%);
	background-image: linear-gradient(to bottom, #ebebeb 0%, #f3f3f3 100%);
	background-repeat: repeat-x;
	-webkit-box-shadow: inset 0 3px 9px rgba(0, 0, 0, 0.075);
	box-shadow: inset 0 3px 9px rgba(0, 0, 0, 0.075);
}
/* LAYOUT - CHANGING THESE WILL AFFECT THE SIZE AND LAYOUT OF YOUR AD TEMPLATE */

		/* Responsive Columns */
.col-md-6 {
	width: 100%;
}
.col-md-12 {
	width: 100%;
}
.container {
	margin: auto;
	width: 100%;
}

@media (min-width:768px) {
.container {
	width: 750px;
}
.col-md-12, .col-md-6 {
	float: left;
}
.col-md-6 {
	width: 48%;
	margin: 1%;
}
}

@media (min-width:992px) {
.container {
	width: 970px;
}
.col-md-12, .col-md-6 {
	float: left;
}
.col-md-6 {
	width: 48%;
	margin: 1%;
}
}

@media (min-width:1200px) {
.container {
	width: 1170px;
}
.col-md-12, .col-md-6 {
	float: left;
}
.col-md-6 {
	width: 48%;
	margin: 1%;
}
}
.img-responsive {
	display: block;
	height: auto;
	max-width: 100%;
}
/* Responsive Navigation Bar */
.nav {
	padding-left: 0;
	margin-bottom: 0;
	list-style: none;
}
.nav:before, .nav:after {
	display: table;
	content: " ";
}
.nav:after {
	clear: both;
}
.nav:before, .nav:after {
	display: table;
	content: " ";
}
.nav:after {
	clear: both;
}
.nav > li {
	position: relative;
	display: block;
}
.nav > li > a {
	position: relative;
	display: block;
	padding: 10px 15px;
}
.nav > li > a:hover, .nav > li > a:focus {
	text-decoration: none;
	background-color: #eeeeee;
}
.nav > li > a > img {
	max-width: none;
}
.navbar {
	position: relative;
	min-height: 50px;
	margin-bottom: 20px;
	border: 1px solid transparent;
}

@media (min-width:768px) {
.navbar {
	border-radius: 4px;
}
}
.navbar-header:before, .navbar-header:after {
	display: table;
	content: " ";
}
.navbar-header:after {
	clear: both;
}
.navbar-header:before, .navbar-header:after {
	display: table;
	content: " ";
}
.navbar-header:after {
	clear: both;
}

@media (min-width:768px) {
.navbar-header {
	float: left;
}
}
.navbar-collapse {
	max-height: 340px;
	padding-right: 15px;
	padding-left: 15px;
	overflow-x: visible;
	border-top: 1px solid transparent;
	box-shadow: inset 0 1px 0 rgba(255,255,255,0.1);
	-webkit-overflow-scrolling: touch;
}
.navbar-collapse:before, .navbar-collapse:after {
	display: table;
	content: " ";
}
.navbar-collapse:after {
	clear: both;
}
.navbar-collapse:before, .navbar-collapse:after {
	display: table;
	content: " ";
}
.navbar-collapse:after {
	clear: both;
}
.navbar-collapse.in {
	overflow-y: auto;
}

@media (min-width:768px) {
.navbar-collapse {
	width: auto;
	border-top: 0;
	box-shadow: none;
}
.navbar-collapse.collapse {
	display: block !important;
	height: auto !important;
	padding-bottom: 0;
	overflow: visible !important;
}
.navbar-collapse.in {
	overflow-y: visible;
}
}

@media (min-width:768px) {
.container > .navbar-header, container > .navbar-collapse {
	margin-right: 0;
	margin-left: 0;
}
}
.navbar-brand {
	float: left;
	padding: 15px 15px;
	font-size: 18px;
	line-height: 20px;
}
.navbar-brand:hover, .navbar-brand:focus {
	text-decoration: none;
}

@media (min-width:768px) {
.navbar > .container .navbar-brand {
	margin-left: -15px;
}
}
.navbar-nav {
	margin: 7.5px -15px;
}
.navbar-nav > li > a {
	padding-top: 10px;
	padding-bottom: 10px;
	line-height: 20px;
}

@media (min-width:768px) {
.navbar-nav {
	float: left;
	margin: 0;
}
.navbar-nav > li {
	float: left;
}
.navbar-nav > li > a {
	padding-top: 15px;
	padding-bottom: 15px;
}
.navbar-nav.navbar-right:last-child {
	margin-right: -15px;
}
}

@media (min-width:768px) {
.navbar-left {
	float: left !important;
}
.navbar-right {
	float: right !important;
}
}
</style>
</head>
<body>
<!-- Static navbar -->
<div class="navbar navbar-default" role="navigation">
<div class="container">
<div class="navbar-header"> 
<!-- ADD YOUR SELLER NAME OR LOGO HERE --> 
<a class="navbar-brand" href="#"><a href="https://stores.ebay.com/Sweetheart-Collectibles"><img style="border: 0px solid" alt="Sweetheart Collectiables" src="https://d3d71ba2asa5oz.cloudfront.net/50000199/images/sh_03-3.png" hspace="10" vspace="10"></a> </div>
<div class="navbar-collapse collapse">
<ul class="nav navbar-nav navbar-right">
<!-- ADD MENU LINKS HERE. THESE ARE NON-FUNCTIONAL EXAMPLES. --> 
<span style="font-weight: bold;"><a href="https://stores.ebay.com/Sweetheart-Collectibles">Visit Our eBay Store</a></span>
</ul>
</div>
<!--/.nav-collapse --> 
</div>
</div>
<div class="container">
<div class="col-md-6">
<div class="main-image"> <img src="https://www.sweetheartcollectibles.info/image/data/sh29440/1/js/js4049619-eb.jpg" class="img-responsive" alt="Responsive image"> </div>
</div>
<div class="col-md-6">
<h1>Jim Shore Disney Belle and Beast Dancing by Heart 4049619</h1>
<h2>99.00</h2>
<h3></h3>
<p>Jim Shore Disney Belle and Beast Dancing by Heart 4049619 New 2015.   Measure: 9.06 in H x 6.61 in W x 7.68 in L. Jim Shore celebrates the 25th anniversary of the Disney classic film Beauty and the Beast with this enchanting double figure inspired by the romantic ballroom scene when Belle and her suitor discover their love is a tale as old as time. Crafted in rich detail, the rustic base appears carved from Birch wood found in forests of Scandinavia..'The figurine is new.</p>
</div>
<!-- /col-md-6 -->
<div class="col-md-12 footer">
<p><strong>Welcome to our eBay store!</strong><br>
To make your purchase as simple as possible, please refer to the store policies listed below.<br>
We DO combine for Shipping.<br>
Please contact us by email BEFORE completing checkout.<br>
WE will calculate the combined shipping rate.</p>
<p> <strong>If you complete the checkout without contacting us, the automatically calculated rate WILL be higher.</strong><br>
After winning an item in auction or completing a Buy It Now purchase, you have two check-out options:
</p>
<p><strong>Check-Out Now!</strong> Click the <a href="#">Pay Now button</a> at the top of this listing to immediately proceed with our checkout and payment process.<br>
Please note that the <strong>Pay Now</strong> button is ONLY available after winning an auction or completing a Buy It Now purchase.</p>
<strong>Check-Out Later</strong> If you do not choose to Check-Out now, you will be notified by eBay via e-mail that you are the winning bidder. There is no need to contact us to arrange payment. We will automatically send you an e-mail within three hours of an auction closing. Our message will contain a link to our simple and secure checkout system, where you will be able to quickly and conveniently pay for your purchase. <br>
<br>
<strong>Payment</strong><br>

Required immediate payment for New Ebay Guaranteed Delivery. We accept the following forms of payment for Domestic Orders:
<br>
PayPal, Visa, Mastercard, Discover
<br>
<img src="https://secureimages.channeladvisor.com/Sell/images/logos/Paypal_logo_ebay.gif"><br>
<br>
<strong>Shipping</strong><br>
Buyer is to pay for shipping. There are additional charges for shipping to Hawaii, Alaska, Puerto Rico, US Virgin Islands - contact me for details. All larger or heavy packages will be shipped via UPS.<br>
All packages shipped will be sent to your confirmed PayPal address unless you contact us to make other arrangements. We are not responsible for incorrect shipping addresses in your PayPal profile. If an item is returned because of address problems, you will need to pay additional shipping.<br>
<br>
<span style="color: rgb(204, 0, 0); font-weight: bold;">We do combine shipping</span><span style="font-weight: bold;">.</span> All items to be combined must be paid for at the same time as a single payment. Contact us or email us BEFORE completing checkout. WE will calculate the combined shipping rate.<br>
<strong>If you complete the checkout without contacting us, the automatically calculated rate WILL be higher.</strong><br>
<br>
<span style="font-weight: bold;">International Orders &amp; Shipping</span><br>
Free shipping never applies to international orders.<br>
To avoid problems, email before bidding to get a shipping quote.<br>
The <span style="color: rgb(204, 0, 0);">BUYER</span> is responsible for any fees, duties or other charges on imports. We have no control over duties and fees your country imposes on imported goods.<br>
International orders ship by U.S. Postal Service International PriorityMail or International First Class Mail. ( Average delivery time is 10 to 14 <span style="color: rgb(204, 0, 0);">business days</span> for Priority Mail and 14 to 21<span style="color: rgb(204, 0, 0);"> business days</span> for First Class Mail. ). You cannot get a tracking number on International First Class Mail.<br>
Payment for international orders must be through PayPal.<br>
<br>
</div>
<!-- /footer --> 

</div>
<!-- /container -->
<div style="clear:both"> </div>
</body>
</html> <center><a href="https://pages.ebay.com/seller-center/listing/listing-advanced-sellers/third-party-listing-tools.html#third-party-listing-tools" target="_blank"><img border=0 width=88 height=33 src="https://secureimages.channeladvisor.com/images/channeladvisor/channeladvisor_poweredby-en.gif"></a></center>
</DOC>
<DOC>
<DOCID>1700519</DOCID>
<CATEGORY>Collectibles > Animals > Horses: Model Horses > Breyer > Traditional, 12 x 9 Inch</CATEGORY>
<ORIGTITLE>Breyer horse Zenyattas first colt *** Retired model***</ORIGTITLE>
Perfect condition no flaws for this little guy.&nbsp;
</DOC>
<DOC>
<DOCID>1700520</DOCID>
<CATEGORY>Collectibles > Decorative Collectibles > Figurines > Other Collectible Figurines</CATEGORY>
<ORIGTITLE>English bone china floral figurine, Aladdin lamp of roses, Chorley</ORIGTITLE>
Here is a lovely little Aladdin lamp filled with roses. &nbsp;It's quite old. &nbsp;I can't find any chips or cracks or damage. &nbsp;It's made by Chorley English Bone China. &nbsp;See photos for details. It measures 4 1/2 by 3" by 2". &nbsp;Check out my other items, and thanks for looking.
</DOC>
<DOC>
<DOCID>1700531</DOCID>
<CATEGORY>Collectibles > Animation Art & Characters > Japanese, Anime > Other Anime Collectibles</CATEGORY>
<ORIGTITLE>New SAS Kinnikuman Robin Mask 1P Color Figure Medicos Entertainment</ORIGTITLE>
<font rwr='1' size='4' style='font-family:Arial'><font rwr="1" size="4" style="font-family:Arial"><font rwr="1" style=""><font rwr="1" style=""><font style="" rwr="1"><meta name="viewport" content="width=device-width, initial-scale=1.0"><font style="" rwr="1"><font style="" rwr="1"><h3 style="font-size: 14pt; font-family: Meiryo;">All packages are shipped directly from Japan. After We've confirmed the payment of the successful bidder via PayPal, We will ship the item from Japan within 10 business days. Please be careful because We will only ship to the address registered in PayPal. We can provide the tracking number after shipment.</h3><h3 style="font-size: 14pt; font-family: Meiryo;"><br></h3><h3 style=""><span style="font-size: 21.06px;"><font color="#002cfd">New in Box.&nbsp; 100% authentic. It contains all of the parts.&nbsp;</font></span></h3><div style="font-size: 14pt; font-family: Arial;"><br></div><div style="font-size: 14pt; font-family: Arial;"><br></div><h3 style="font-size: 14pt; font-family: Meiryo;">International Buyers - Please Note:</h3><p style="font-size: medium; font-family: Meiryo;">Import duties, taxes, and charges are not included in the item price or shipping cost. These charges are the buyer's responsibility. Please check with your country's customs office to determine what these additional costs will be prior to bidding or buying.</p></font></font></font></font></font></font></font>
</DOC>
<DOC>
<DOCID>1700534</DOCID>
<CATEGORY>Collectibles > Religion & Spirituality > Christianity > Medals</CATEGORY>
<ORIGTITLE>Fine engraved religious jewelry, made using antique swiss engraving machines.</ORIGTITLE>
<font size="4" style="font-family:Arial" rwr="1"><font size="4" style="font-family:Arial" rwr="1"><font size="4" style="font-family:Arial" rwr="1"><font size="4" style="font-family:Arial" rwr="1"><font size="4" style="font-family:Arial" rwr="1"><font size="4" style="font-family:Arial" rwr="1"><font size="4" style="font-family:Arial" rwr="1"><font size="4" style="font-family:Arial" rwr="1"><div>The traditional Saint Christopher pendant comes with a matching 24" chain created in beautiful sterling silver. The 3/4" pendant is crafted with the traveling saint design engraved on the surface. This fine jewelry item is special made in our shop using antique Swiss machines ( not manufactured anymore) and hard to find, even at auction.&nbsp;</div><div><br></div><div><br></div><div>Thank you for viewing our products.</div><div><br></div><div>Mark</div></font></font></font></font></font></font></font></font>
</DOC>
<DOC>
<DOCID>1700526</DOCID>
<CATEGORY>Collectibles > Non-Sport Trading Cards > Lord of the Rings Movie Cards > Trading Card Singles</CATEGORY>
<ORIGTITLE>Hobbit Unexpected Journey Achilleas Kokkinakis Sketch Card</ORIGTITLE>
<font size="4" style="font-family: Arial;" rwr="1"><font size="4" style="font-family: Arial;" rwr="1"><font size="4" style="font-family: Arial;" rwr="1"><font size="4" style="font-family: Arial;" rwr="1"><font size="4" style="font-family: Arial;" rwr="1"><font size="4" style="font-family: Arial;" rwr="1"><font size="4" style="font-family: Arial;" rwr="1"><font size="4" style="font-family: Arial;" rwr="1"><font size="4" style="font-family: Arial;" rwr="1"><font size="4" style="font-family: Arial;" rwr="1"><font size="4" style="font-family: Arial;" rwr="1"><font size="4" style="font-family: Arial;" rwr="1"><font size="4" style="font-family: Arial;" rwr="1"><font size="4" style="font-family: Arial;" rwr="1"><font size="4" style="font-family: Arial;" rwr="1"><font size="4" style="font-family: Arial;" rwr="1"><font size="4" style="font-family: Arial;" rwr="1"><font size="4" style="font-family: Arial;" rwr="1"><font size="4" style="font-family: Arial;" rwr="1"><font size="4" style="font-family: Arial;" rwr="1"><font size="4" style="font-family: Arial;" rwr="1"><font size="4" style="font-family: Arial;" rwr="1"><font size="4" style="font-family: Arial;" rwr="1"><font size="4" style="font-family: Arial;" rwr="1"><font size="4" style="font-family: Arial;" rwr="1"><font size="4" style="font-family: Arial;" rwr="1"><font size="4" style="font-family: Arial;" rwr="1"><font size="4" style="font-family: Arial;" rwr="1"><font size="4" style="font-family: Arial;" rwr="1"><font size="4" style="font-family: Arial;" rwr="1"><font size="4" style="font-family: Arial;" rwr="1"><font size="4" style="font-family: Arial;" rwr="1"><font size="4" style="font-family: Arial;" rwr="1"><font size="4" style="font-family: Arial;" rwr="1"><font size="4" style="font-family: Arial;" rwr="1"><font size="4" style="font-family: Arial;" rwr="1"><font size="4" style="font-family: Arial;" rwr="1"><font size="4" style="font-family: Arial;" rwr="1"><font size="4" style="font-family: Arial;" rwr="1"><font size="4" style="font-family: Arial;" rwr="1"><font size="4" style="font-family: Arial;" rwr="1"><font size="4" style="font-family: Arial;" rwr="1"><font size="4" style="font-family: Arial;" rwr="1"><font size="4" style="font-family: Arial;" rwr="1"><font size="4" style="font-family: Arial;" rwr="1"><font size="4" style="font-family: Arial;" rwr="1"><font size="4" style="font-family: Arial;" rwr="1"><font size="4" style="font-family: Arial;" rwr="1"><font size="4" style="font-family: Arial;" rwr="1"><font size="4" style="font-family: Arial;" rwr="1"><font size="4" style="font-family: Arial;" rwr="1"><font size="4" style="font-family: Arial;" rwr="1"><font size="4" style="font-family: Arial;" rwr="1"><font size="4" style="font-family: Arial;" rwr="1"><font size="4" style="font-family: Arial;" rwr="1"><font size="4" style="font-family: Arial;" rwr="1"><font size="4" style="font-family: Arial;" rwr="1"><font size="4" style="font-family: Arial;" rwr="1"><font size="4" style="font-family: Arial;" rwr="1"><font size="4" style="font-family: Arial;" rwr="1"><font size="4" style="font-family: Arial;" rwr="1"><font size="4" style="font-family: Arial;" rwr="1"><font size="4" style="font-family: Arial;" rwr="1"><font size="4" style="font-family: Arial;" rwr="1"><font size="4" style="font-family: Arial;" rwr="1"><font size="4" style="font-family: Arial;" rwr="1"><font size="4" style="font-family: Arial;" rwr="1"><font size="4" style="font-family: Arial;" rwr="1"><font size="4" style="font-family: Arial;" rwr="1">This is&nbsp;an Achilleas Kokkinakis sketch card&nbsp;that was randomly inserted into packs of the Hobbit Unexpected Journey card series issued by Cryptozoic.&nbsp;&nbsp;This card is in mint condition.&nbsp; I will pay shipping to anywhere in the U.S.&nbsp; International shipping is $ 2.00</font></font></font></font></font></font></font></font></font></font></font></font></font></font></font></font></font></font></font></font></font></font></font></font></font></font></font></font></font></font></font></font></font></font></font></font></font></font></font></font></font></font></font></font></font></font></font></font></font></font></font></font></font></font></font></font></font></font></font></font></font></font></font></font></font></font></font></font></font>
</DOC>
<DOC>
<DOCID>1700538</DOCID>
<CATEGORY>Collectibles > Historical Memorabilia > Political > International > Russia</CATEGORY>
<ORIGTITLE>40 lot SOVIET RUSSIAN BADGE PIN medal USSR KPSS order LENIN VLKSM Flag GTO KGB</ORIGTITLE>
<font rwr='1' size='4' style='font-family:Arial'><font rwr="1" style="font-family:Arial" size="4"><font rwr="1" style="font-family:Arial" size="4"><font rwr="1" style="font-family:Arial" size="4"><font rwr="1" style="font-family:Arial" size="4"><font rwr="1" style="font-family:Arial" size="4"><font rwr="1" style="font-family:Arial" size="4"><font rwr="1" style="font-family:Arial" size="4"><font rwr="1" style="font-family:Arial" size="4"><font rwr="1" style="font-family:Arial" size="4"><font rwr="1" style="font-family:Arial" size="4"><font rwr="1" style="font-family:Arial" size="4"><font rwr="1" style="font-family:Arial" size="4"><font rwr="1" style="font-family:Arial" size="4"><font rwr="1" style="font-family:Arial" size="4"><font rwr="1" style="font-family:Arial" size="4"><font rwr="1" style="font-family:Arial" size="4"><font rwr="1" style="font-family:Arial" size="4"><font rwr="1" style="font-family:Arial" size="4"><font rwr="1" style="font-family:Arial" size="4"><font rwr="1" style="font-family:Arial" size="4"><font rwr="1" style="font-family:Arial" size="4"><font rwr="1" style="font-family:Arial" size="4"><font rwr="1" style="font-family:Arial" size="4"><font rwr="1" style="font-family:Arial" size="4"><font rwr="1" style="font-family:Arial" size="4"><font rwr="1" style="font-family:Arial" size="4"><font rwr="1" style="font-family:Arial" size="4"><font rwr="1" style="font-family:Arial" size="4"><font rwr="1" style="font-family:Arial" size="4"><font rwr="1" style="font-family:Arial" size="4"><font rwr="1" style="font-family:Arial" size="4"><font rwr="1" style="font-family:Arial" size="4"><font rwr="1" style="font-family:Arial" size="4"><font rwr="1" style="font-family:Arial" size="4"><font rwr="1" style="font-family:Arial" size="4"><font rwr="1" style="font-family:Arial" size="4"><font rwr="1" style="font-family:Arial" size="4"><font rwr="1" style="font-family:Arial" size="4"><font rwr="1" style="font-family:Arial" size="4"><font rwr="1" style="font-family:Arial" size="4"><font rwr="1" style="font-family:Arial" size="4"><font rwr="1" style="font-family:Arial" size="4"><font rwr="1" style="font-family:Arial" size="4"><font rwr="1" style="font-family:Arial" size="4"><font rwr="1" style="font-family:Arial" size="4"><font rwr="1" style="font-family:Arial" size="4"><font rwr="1" style="font-family:Arial" size="4"><font rwr="1" style="font-family:Arial" size="4"><font rwr="1" style="font-family:Arial" size="4"><font rwr="1" style="font-family:Arial" size="4"><font rwr="1" style="font-family:Arial" size="4"><font rwr="1" style="font-family:Arial" size="4"><font rwr="1" style="font-family:Arial" size="4"><font rwr="1" style="font-family:Arial" size="4"><font rwr="1" style="font-family:Arial" size="4"><font rwr="1" style="font-family:Arial" size="4"><font rwr="1" style="font-family:Arial" size="4"><font rwr="1" style="font-family:Arial" size="4"><font rwr="1" style="font-family:Arial" size="4"><font rwr="1" style="font-family:Arial" size="4"><font rwr="1" style="font-family:Arial" size="4"><p>
<table width="100%" cellspacing="0" cellpadding="0" border="0">
<tbody>
<tr>
<td class="shipHeaderFont">
<p><font face="arial" color="black"><font size="4" color="#ff0010"><font size="7">See actual photo .</font>&nbsp;</font></font></p><font face="Arial" size="5" color="#ff0010">
<p><font face="Arial" size="4" color="#000000">I combine the price of the delivery. </font></p>
<p><font face="Arial" size="4" color="#000000">Shipping price for 1-5 pins - $5</font></p>
<p><font size="4" color="#000000">Shipping price for 6-50 pins - $10</font></p>
<p><font size="4" color="#000000">Shipping price for&nbsp;51-100 pins - $15</font></p>
<p><font size="4" color="#000000">Shipping price for 101-200 pins - $20</font></p>
<p>&nbsp;</p></font>
<p><font face="Arial" size="5" color="#ff0010"></font>&nbsp;</p>
<p style="MARGIN: 0cm 0cm 0pt" class="MsoNormal"><span style="mso-ansi-language: EN-US" lang="EN-US"><font color="#ff0010"><font size="5">I am selling my entire pin collection. Currently I have about 30 000 pins left.<br>Check my other lots. I have huge variety of pins listed.<br>I can accommodate individual requests.<br>If you interested in individual pins from any listed lot or if you would like me to create custom lot just for you contact me via “Ask a question” or “Contact Seller”<!--?xml:namespace prefix = o ns = "urn:schemas-microsoft-com:office:office" /--><o:p></o:p></font></font></span></p></td></tr>
<tr>
<td>
<div class="TableRow"><font size="4" color="#f30094"><strong></strong></font>&nbsp;</div></td></tr></tbody></table></p></font></font></font></font></font></font></font></font></font></font></font></font></font></font></font></font></font></font></font></font></font></font></font></font></font></font></font></font></font></font></font></font></font></font></font></font></font></font></font></font></font></font></font></font></font></font></font></font></font></font></font></font></font></font></font></font></font></font></font></font></font></font>
</DOC>
<DOC>
<DOCID>1700535</DOCID>
<CATEGORY>Collectibles > Sewing (1930-Now) > Thimbles > Other Vintage Thimbles</CATEGORY>
<ORIGTITLE>FINE PORCELAIN CHINA THIMBLE -  VINTAGE SEWING TABLE -- FREE GIFT BOX</ORIGTITLE>
<FONT size=5><FONT size=3><FONT size=3><FONT size=5><FONT size=1><FONT face="Times New Roman"><FONT size=3><FONT size=3><FONT size=1><FONT face="Times New Roman"><FONT size=3><FONT size=3><FONT size=1><FONT face="Times New Roman"><FONT size=3><FONT size=3><FONT size=1><FONT face="Times New Roman"><FONT size=3>
<P align=center>BIRCHCROFT&nbsp;CHINA IS NOW ESTABLISHED AS THE LARGEST MANUFACTURER OF FINE CHINA&nbsp;THIMBLES IN THE WORLD.</P>
<P align=center>THE COMPANY IS STILL VERY MUCH A FAMILY RUN BUSINESS, WHICH WAS FOUNDED BY TONY FORBES 30 YEARS AGO IN THE HEART OF THE POTTERIES,&nbsp;STOKE-ON-TRENT, ENGLAND.</P>
<P align=center>THE BIRCHCROFT NAME HAS BECOME WELL KNOWN AMONG COLLECTORS AROUND THE WORLD.&nbsp;&nbsp;A COLLECTORS' CLUB&nbsp;NOW EXISTS&nbsp;WHICH HAS MANY THOUSANDS OF MEMBERS IN SUCH PLACES AS AUSTRALIA, AFRICA, CANADA, EUROPE AND THE USA.</P>
<P align=center>MOST THIMBLES ARE LIMITED EDITIONS OF 250 OR FEWER AND ARE NOW EXTREMELY COLLECTABLE, WITH EARLY EDITIONS MAKING HIGH PRICES AT AUCTION.</P>
<P align=center>_________________________________________________________</P>
<P align=center>&nbsp;</P></FONT></FONT></FONT></FONT></FONT></FONT></FONT></FONT></FONT></FONT></FONT></FONT></FONT></FONT></FONT>
<P align=center><FONT size=1><FONT face="Times New Roman"><FONT size=3><FONT size=3><FONT size=1><FONT face="Times New Roman"><FONT size=3><FONT size=3><FONT size=1><FONT face="Times New Roman"><FONT size=3><FONT size=3><FONT size=1><FONT face="Times New Roman"><FONT size=3>THIS IS A&nbsp;FINE CHINA THIMBLE WHICH WAS ORIGINATED&nbsp;BY&nbsp;BIRCHCROFT CHINA IN&nbsp;STOKE-ON-TRENT ENGLAND.</FONT></FONT></FONT></FONT></FONT></FONT></FONT></FONT></FONT></FONT></FONT></FONT></FONT></FONT></FONT><FONT size=1><FONT face="Times New Roman"><FONT size=3><FONT size=3><FONT size=1><FONT face="Times New Roman"><FONT size=3><FONT size=3><FONT size=1><FONT face="Times New Roman"><FONT size=3><FONT size=3><FONT size=1><FONT face="Times New Roman"><FONT size=3>&nbsp;</FONT></P>
<P align=center><FONT size=3>OUR THIMBLES ARE ALL HAND MADE AT EVERY STAGE AND ARE KILN FIRED THREE TIMES TO PRODUCE THE HIGHLY DECORATED FINISH.&nbsp; </FONT></P>
<P align=center><FONT size=3>THEY ARE&nbsp;EMBELLISHED WITH AN 18 CARAT GOLD BAND.&nbsp;&nbsp;</FONT></P>
<P align=center><FONT size=3>MOST OF OUR THIMBLES&nbsp;ARE VERY LIMITED IN AVAILABILITY. </FONT></P>
<P align=center><FONT size=3>ALL&nbsp;THIMBLES ARE COVERED BY FULL RETURN GUARANTEE.&nbsp;</FONT></P>
<P align=center><FONT size=3>&nbsp;</FONT></P>
<P align=center><FONT size=3></FONT>&nbsp;</P>
<P align=center><FONT size=3>________________________________________________________</FONT></P>
<P align=center>&nbsp;</P>
<P align=center><FONT size=3>PLEASE FEEL FREE TO VIEW MY OTHER EBAY AUCTIONS AND STORE FOR GREAT DEALS ON OTHER PRODUCTS</FONT></P>
<P align=center><FONT size=3>BE SURE TO ADD US TO YOUR <A href="http://my.ebay.com/ws/eBayISAPI.dll?AcceptSavedSeller&amp;sellerid=thimble-king&amp;sspageName=DB:FavList" target=_blank>favorites list</A></FONT></P>
<P align=center><FONT size=3>FEEL FREE TO VIEW OUR&nbsp;</FONT><A href="http://cgi6.ebay.com/ws/eBayISAPI.dll?ViewSellersOtherItems&amp;userid=thimble-king&amp;include=0&amp;since=-1&amp;sort=3&amp;rows=50&amp;sspageName=DB:OtherItems" target=_blank><FONT size=3>other items</FONT></A></P></FONT></FONT></FONT></FONT></FONT></FONT></FONT></FONT></FONT></FONT></FONT></FONT></FONT></FONT></FONT></FONT></FONT></FONT>
   <CENTER>
   <IMG SRC='http://pics.ebay.com/aw/pics/sell/templates/images/k2/tagline.gif' BORDER='0' />
   <BR />
   <FONT FACE='Arial,Helvetica' SIZE='2'>Powered by <A HREF='http://pages.ebay.com/turbo_lister/'>eBay Turbo Lister</A>
   <BR />The free listing tool. List your items fast and easy and manage your active items.
   </FONT>
   </CENTER><BR/><font rwr='1' size='4' style='font-family:Arial'>THIS THIMBLE COMES COMPLETE WITH A FREE DOME GIFT BOX</font>
</DOC>
<DOC>
<DOCID>1700522</DOCID>
<CATEGORY>Collectibles > Animation Art & Characters > Japanese, Anime > Other Anime Collectibles</CATEGORY>
<ORIGTITLE>Yuri on ICE World Team Trophy 2017 Limited Acrylic Key Chain Yuuri Victor Yurio</ORIGTITLE>
<font rwr="1" size="4" style="font-family:Arial"><font rwr="1" size="4" style="font-family:Arial"><font rwr="1" style=""><font rwr="1" style=""><font rwr="1" style=""><font rwr="1" style=""><font rwr="1" style=""><font rwr="1" style=""><font rwr="1" style=""><font rwr="1" style=""><font rwr="1" style=""><meta http-equiv="Content-Type" content="text/html; charset=utf-8">
<meta http-equiv="Content-Style-Type" content="text/css">
<meta http-equiv="X-UA-Compatible" content="IE=7">
<title>Template ams_lbl</title>
<div style="width: 100%; text-align: center;">
<div id="wrapper" style="width: 860px; margin: 0px auto; text-align: left;"><h1 style="background-color: rgb(51, 204, 255); margin: 0px; height: 120px; line-height: 60px; width: 850px; padding-left: 10px;"><font color="#00429a" face="Arial, Helvetica, sans-serif" size="6">Yuri on ICE World Team Trophy 2017 Limited Acrylic Key Chain Yuuri Victor Yurio etc.</font></h1><div style="font-family: Arial; font-size: 14pt;"><font color="#00429a" face="Arial, Helvetica, sans-serif" size="6"><br></font></div><div class="sub_tit" style="font-family: Arial, Helvetica, sans-serif; font-size: 35px; color: rgb(51, 204, 255); width: 835px; padding-left: 5px; height: 40px; line-height: 40px; border-left: 20px solid; font-weight: bold;">
Description
</div>
<p class="sub_text" style="font-family: Arial; font-size: 14pt; width: 800px; padding-left: 30px; padding-right: 30px;"><br></p><p class="sub_text" style="font-family: Arial; font-size: 14pt; width: 800px; padding-left: 30px; padding-right: 30px;"><span style="font-family: Arial, Helvetica, sans-serif; font-size: x-large;">☆key chain &nbsp;: &nbsp;1</span></p><p class="sub_text" style="font-family: Arial; font-size: 14pt; width: 800px; padding-left: 30px; padding-right: 30px;"><span style="font-family: Arial, Helvetica, sans-serif; font-size: x-large;">・size &nbsp;: &nbsp;about&nbsp; 3.6 inch ×2.6 inch</span></p><p class="sub_text" style="font-family: Arial; font-size: 14pt; width: 800px; padding-left: 30px; padding-right: 30px;"><span style="font-family: Arial, Helvetica, sans-serif; font-size: 23px;">・Condition &nbsp;: &nbsp;New, Unused, 100% Authentic!!</span></p><p class="sub_text" style="font-family: Arial; font-size: 14pt; width: 800px; padding-left: 30px; padding-right: 30px;"><br></p>
<div class="sub_tit" style="font-family: Arial, Helvetica, sans-serif; font-size: 35px; color: rgb(51, 204, 255); width: 835px; padding-left: 5px; height: 40px; line-height: 40px; border-left: 20px solid; font-weight: bold;">
Payment</div>
<p class="sub_text" style="font-family: Arial; font-size: 14pt; width: 800px; padding-left: 30px; padding-right: 30px;"><b style="font-size: 23px; color: rgb(255, 0, 16); font-family: Arial, Helvetica, sans-serif;">We accept only PayPal.</b></p><p class="sub_text" style="font-family: Arial; font-size: 14pt; width: 800px; padding-left: 30px; padding-right: 30px;"><span style="font-size: 23px; font-family: Arial, Helvetica, sans-serif;">Please pay within 3days after auction is finished.</span></p><p class="sub_text" style="font-family: Arial; font-size: 14pt; width: 800px; padding-left: 30px; padding-right: 30px;"><span style="font-size: 23px; font-family: Arial, Helvetica, sans-serif;">We would ship it within 2-5 business day after your payment.</span></p><p class="sub_text" style="font-family: Arial; font-size: 14pt; width: 800px; padding-left: 30px; padding-right: 30px;"><span style="font-size: 23px; font-family: Arial, Helvetica, sans-serif;">We ship items to your paypal address.</span></p><p class="sub_text" style="font-family: Arial; font-size: 14pt; width: 800px; padding-left: 30px; padding-right: 30px;"><br></p>
<div class="sub_tit" style="font-family: Arial, Helvetica, sans-serif; font-size: 35px; color: rgb(51, 204, 255); width: 835px; padding-left: 5px; height: 40px; line-height: 40px; border-left: 20px solid; font-weight: bold;">
Shipping
</div>
<p class="sub_text" style="font-family: Arial; font-size: 14pt; width: 800px; padding-left: 30px; padding-right: 30px;"><font face="Arial, Helvetica, sans-serif"><span style="font-size: 23px;">Please select one of three methods.&nbsp;</span></font></p><p class="sub_text" style="font-family: Arial; font-size: 14pt; width: 800px; padding-left: 30px; padding-right: 30px;"><font face="Arial, Helvetica, sans-serif"><span style="font-size: 23px;"><br></span></font></p><p class="sub_text" style="font-family: Arial; font-size: 14pt; width: 800px; padding-left: 30px; padding-right: 30px;"><font face="Arial, Helvetica, sans-serif"><span style="font-size: 23px;">・</span></font><font face="Arial, Helvetica, sans-serif" style="font-size: medium;"><span style="font-size: 23px;">Economy : SAL</span></font><font face="Arial, Helvetica, sans-serif" style="font-size: medium;"><span style="font-size: 23px;">&nbsp;<font color="#00429a">(No insurance ＆ No Tracking )</font></span></font></p><p class="sub_text" style="font-family: Meiryo; font-size: medium; width: 800px; padding-left: 30px; padding-right: 30px;"><span style="font-size: 23px; font-family: Arial, Helvetica, sans-serif;">&nbsp;&nbsp;</span><span style="font-family: Arial, Helvetica, sans-serif; font-size: 23px;">The shipping cost is &nbsp;: $2.96</span></p><p class="sub_text" style="font-family: Meiryo; font-size: medium; width: 800px; padding-left: 30px; padding-right: 30px;"><span style="font-size: 23px; font-family: Arial, Helvetica, sans-serif;">&nbsp;<font color="#ff0010">Delivery in about 14 to 45 days</font></span></p><p class="sub_text" style="font-family: Meiryo; font-size: medium; width: 800px; padding-left: 30px; padding-right: 30px;"><br></p><p class="sub_text" style="font-family: Meiryo; font-size: medium; width: 800px; padding-left: 30px; padding-right: 30px;"><font face="Arial, Helvetica, sans-serif"><span style="font-size: 23px;">・</span></font><span style="font-family: Arial, Helvetica, sans-serif; font-size: 23px;">Standard</span><font face="Arial, Helvetica, sans-serif"><span style="font-size: 23px;">&nbsp;: Reg Air or epacket&nbsp;</span></font><span style="color: rgb(0, 66, 154); font-family: Arial, Helvetica, sans-serif; font-size: 23px;">( with tracking &amp;</span><span style="color: rgb(0, 66, 154); font-family: Arial, Helvetica, sans-serif; font-size: 23px;">&nbsp;</span><span style="color: rgb(0, 66, 154); font-family: Arial, Helvetica, sans-serif; font-size: 23px;">insurance)</span></p><p class="sub_text" style="font-family: Meiryo; font-size: medium; width: 800px; padding-left: 30px; padding-right: 30px;"><span style="font-family: Arial, Helvetica, sans-serif; font-size: 23px;">　</span><span style="font-family: Arial, Helvetica, sans-serif; font-size: 23px;">The shipping cost is &nbsp;: $7.50</span></p><p class="sub_text" style="font-family: Meiryo; font-size: medium; width: 800px; padding-left: 30px; padding-right: 30px;"><span style="font-size: 23px; font-family: Arial, Helvetica, sans-serif;">&nbsp;<font color="#ff0010">Delivery in about 6 to 21 days</font></span></p><p class="sub_text" style="font-family: Meiryo; font-size: medium; width: 800px; padding-left: 30px; padding-right: 30px;"><br></p><p class="sub_text" style="font-family: Meiryo; font-size: medium; width: 800px; padding-left: 30px; padding-right: 30px;"><span style="font-family: Arial, Helvetica, sans-serif; font-size: 23px;">・</span><span style="font-family: Arial, Helvetica, sans-serif; font-size: 23px;">Expedite</span><span style="font-family: Arial, Helvetica, sans-serif; font-size: 23px;">&nbsp;:&nbsp;</span><font face="Arial, Helvetica, sans-serif"><span style="font-size: 23px;">EMS&nbsp;</span></font><span style="color: rgb(0, 66, 154); font-family: Arial, Helvetica, sans-serif; font-size: 23px;">(with tracking &amp; insurance, Fastest shipping</span><font color="#00429a" face="Arial, Helvetica, sans-serif"><span style="font-size: 23px;">)</span></font></p><p class="sub_text" style="font-family: Meiryo; font-size: medium; width: 800px; padding-left: 30px; padding-right: 30px;"><span style="font-family: Arial, Helvetica, sans-serif; font-size: 23px;">The shipping cost is &nbsp;: $20.00- &nbsp;</span></p><p class="sub_text" style="font-family: Meiryo; font-size: medium; width: 800px; padding-left: 30px; padding-right: 30px;"><span style="font-size: 23px; font-family: Arial, Helvetica, sans-serif;">&nbsp;<font color="#ff0010">Delivery in about 3 to 10 days</font></span></p><p class="sub_text" style="font-family: Meiryo; font-size: medium; width: 800px; padding-left: 30px; padding-right: 30px;"><span style="font-size: 23px; font-family: Arial, Helvetica, sans-serif;"><font color="#ff0010"><br></font></span></p><div style="font-family: Meiryo; font-size: medium;"><b style="font-family: Arial, Helvetica, sans-serif; font-size: 23px;"><font color="#fb0034">&nbsp; &nbsp; &nbsp; &nbsp; &nbsp; &nbsp; &nbsp; &nbsp; &nbsp; &nbsp; &nbsp; &nbsp; &nbsp; &nbsp; &nbsp; &nbsp; &nbsp; &nbsp; &nbsp; *ATTENTION:</font></b></div><p class="sub_text" style="font-family: Meiryo; font-size: medium; width: 800px; padding-left: 30px; padding-right: 30px;"><br></p><p class="sub_text" style="font-family: Meiryo; font-size: medium; width: 800px; padding-left: 30px; padding-right: 30px;"><span style="font-size: 23px; font-family: Arial, Helvetica, sans-serif;">SAL is slow speed method. It takes 30 days on average.</span></p><p class="sub_text" style="font-family: Meiryo; font-size: medium; width: 800px; padding-left: 30px; padding-right: 30px;"><span style="font-size: 23px; font-family: Arial, Helvetica, sans-serif;">Especially in Holiday season, it takes long time more than usual.&nbsp;</span></p><p class="sub_text" style="font-family: Meiryo; font-size: medium; width: 800px; padding-left: 30px; padding-right: 30px;"><span style="font-size: 23px; font-family: Arial, Helvetica, sans-serif;">We can't support delivery speed after shipping.</span></p><p class="sub_text" style="font-family: Meiryo; font-size: medium; width: 800px; padding-left: 30px; padding-right: 30px;"><span style="font-size: 23px; font-family: Arial, Helvetica, sans-serif;"><b>If you would like fast shipping, please choose Standard or&nbsp;</b></span><b style="font-family: Arial, Helvetica, sans-serif; font-size: 23px;">Expedite</b><span style="font-size: 23px; font-family: Arial, Helvetica, sans-serif;"><b>.</b></span></p><p class="sub_text" style="font-family: Meiryo; font-size: medium; width: 800px; padding-left: 30px; padding-right: 30px;"><span style="font-size: 23px; font-family: Arial, Helvetica, sans-serif;"><b><br></b></span></p><p class="sub_text" style="font-family: Meiryo; font-size: medium; width: 800px; padding-left: 30px; padding-right: 30px;"><span style="font-family: Arial, Helvetica, sans-serif; font-size: 23px;">When your goods were lost in transit when you choose Ｅconomy, we can't keep track of them.</span></p><p class="sub_text" style="font-family: Meiryo; font-size: medium; width: 800px; padding-left: 30px; padding-right: 30px;"><span style="font-size: 23px; font-family: Arial, Helvetica, sans-serif;"><b><font color="#ff0010">We are &nbsp;sorry in that case, &nbsp;we can't give you a refund.</font></b></span></p><p class="sub_text" style="font-family: Meiryo; font-size: medium; width: 800px; padding-left: 30px; padding-right: 30px;"><font face="Arial, Helvetica, sans-serif"><span style="font-size: 23px;"><b>So we recommend &nbsp;methods with tracking.</b></span></font></p><p class="sub_text" style="font-family: Meiryo; font-size: medium; width: 800px; padding-left: 30px; padding-right: 30px;"><font face="Arial, Helvetica, sans-serif"><span style="font-size: 23px;"><b><br></b></span></font></p><p class="sub_text" style="font-family: Meiryo; font-size: medium; width: 800px; padding-left: 30px; padding-right: 30px;"><span style="color: rgb(255, 0, 16); font-family: Arial, Helvetica, sans-serif; font-size: 23px;">If your shipment is lost or delayed, please contact us before opening a case or leaving a negative feedback!</span></p><p class="sub_text" style="font-family: Arial; font-size: 14pt; width: 800px; padding-left: 30px; padding-right: 30px;"><span style="color: rgb(255, 0, 16); font-family: Arial, Helvetica, sans-serif; font-size: 23px;"><br></span></p>
<div class="sub_tit" style="font-family: Arial, Helvetica, sans-serif; font-size: 35px; color: rgb(51, 204, 255); width: 835px; padding-left: 5px; height: 40px; line-height: 40px; border-left: 20px solid; font-weight: bold;">About Us</div>
<p class="sub_text" style="font-family: Arial; font-size: 14pt; width: 820px; padding-left: 20px; padding-right: 20px;"><span style="font-size: 23px; color: rgb(249, 0, 102); font-family: Arial, Helvetica, sans-serif;"><b>Thank you for looking at our auctions!!</b></span></p><p class="sub_text" style="font-family: Arial; font-size: 14pt; width: 820px; padding-left: 20px; padding-right: 20px;"><font color="#f90066" face="Arial, Helvetica, sans-serif"><span style="font-size: 23px;">We sell authentic Japanese products and ship them from Tokyo with very careful packing every day.</span></font></p><p class="sub_text" style="font-family: Arial; font-size: 14pt; width: 820px; padding-left: 20px; padding-right: 20px;"><font face="Arial, Helvetica, sans-serif" color="#00429a"><span style="font-size: 23px;"><b>What anime do you like？</b></span></font></p><p class="sub_text" style="font-family: Arial; font-size: 14pt; width: 820px; padding-left: 20px; padding-right: 20px;"><font color="#f90066" face="Arial, Helvetica, sans-serif"><span style="font-size: 23px;">There are many kinds of anime and &nbsp;products in Japan.</span></font></p><p class="sub_text" style="font-family: Arial; font-size: 14pt; width: 820px; padding-left: 20px; padding-right: 20px;"><font color="#f90066" face="Arial, Helvetica, sans-serif"><span style="font-size: 23px;">(My favorite animes are popular in Japan but they are not known in the world)</span></font></p><p class="sub_text" style="font-family: Arial; font-size: 14pt; width: 820px; padding-left: 20px; padding-right: 20px;"><font color="#f90066" face="Arial, Helvetica, sans-serif"><span style="font-size: 23px;">If you can't find what you want or you can't afford it, please&nbsp;<b>feel free</b>&nbsp;to contact us.</span></font></p><p class="sub_text" style="font-family: Arial; font-size: 14pt; width: 820px; padding-left: 20px; padding-right: 20px;"><font color="#f90066" face="Arial, Helvetica, sans-serif"><span style="font-size: 23px;">Also regardless of genres,please let us know what you want in Japanese product.</span></font></p><p class="sub_text" style="font-family: Arial; font-size: 14pt; width: 820px; padding-left: 20px; padding-right: 20px;"></p><p class="sub_text" style="font-family: Arial; font-size: 14pt; width: 820px; padding-left: 20px; padding-right: 20px;"><font color="#f90066" face="Arial, Helvetica, sans-serif"><span style="font-size: 23px;">We intend to find it for you by all our mind!!</span></font></p><p class="sub_text" style="font-family: Arial; font-size: 14pt; width: 820px; padding-left: 20px; padding-right: 20px;"><font color="#f90066" face="Arial, Helvetica, sans-serif"><span style="font-size: 23px;"><b>We are welcome any questions or any requests!!</b></span></font></p><p class="sub_text" style="font-family: Arial; font-size: 14pt; width: 820px; padding-left: 20px; padding-right: 20px;"><font color="#f90066" style="font-family: Arial, Helvetica, sans-serif; font-size: 23px;"><br></font></p><p class="sub_text" style="font-family: Arial; font-size: 14pt; width: 820px; padding-left: 20px; padding-right: 20px;"><font color="#f90066" style="font-family: Arial, Helvetica, sans-serif; font-size: 23px;">Thank you !!&nbsp;</font><span style="font-family: Arial, Helvetica, sans-serif; font-size: 23px;">&nbsp;</span></p><p class="sub_text" style="font-family: Arial, Helvetica, sans-serif; font-size: 23px; width: 800px; padding-left: 30px; padding-right: 30px;"><br></p>
<div class="sub_tit" style="font-family: Arial, Helvetica, sans-serif; font-size: 35px; color: rgb(51, 204, 255); width: 835px; padding-left: 5px; height: 40px; line-height: 40px; border-left: 20px solid; font-weight: bold;">International Buyers - Please Note:</div>
<p class="sub_text" style="font-family: Arial, Helvetica, sans-serif; font-size: 23px; color: rgb(0, 0, 0); width: 800px; padding-left: 30px; padding-right: 30px;">・Import duties, taxes and charges are not included in the item price or shipping charges. These charges are the buyer’s responsibility.&nbsp;&nbsp;<br>・Please check with your country’s customs office to determine what these additional costs will be prior to bidding/buying.&nbsp;<br>・These charges are normally collected by the delivering freight (shipping) company or when you pick the item up - do not confuse them for additional shipping charges. &nbsp;&nbsp;<br>・We do not mark merchandise values below value or mark items as “gifts” - US and International government regulations prohibit such behavior.</p><p class="sub_text" style="font-family: Arial, Helvetica, sans-serif; font-size: 23px; color: rgb(0, 0, 0); width: 800px; padding-left: 30px; padding-right: 30px;"><br></p>
<div class="sub_tit" style="font-family: Arial, Helvetica, sans-serif; font-size: 35px; color: rgb(51, 204, 255); width: 835px; padding-left: 5px; height: 40px; line-height: 40px; border-left: 20px solid; font-weight: bold;">Return Policy</div>
<p class="sub_text" style="font-family: Arial; font-size: 14pt; width: 820px; padding-left: 20px; padding-right: 20px;"><font face="Arial, Helvetica, sans-serif"><span style="font-size: 23px;">・Returns will be accepted within 60 days of delivery if the items are unopened and/or unused, and is in the same condition as it was received.</span></font></p><p class="sub_text" style="font-family: Arial; font-size: 14pt; width: 820px; padding-left: 20px; padding-right: 20px;"><font face="Arial, Helvetica, sans-serif"><span style="font-size: 23px;">・If the item does not under the 'brand new' condition, we will not be able to make a full refund.</span></font></p><p class="sub_text" style="font-family: Arial; font-size: 14pt; width: 820px; padding-left: 20px; padding-right: 20px;"><font face="Arial, Helvetica, sans-serif"><span style="font-size: 23px;">・After checking the item and estimating its condition, we will decide the percentage of the refund (80%, 50%, etc).</span></font><span style="font-size: 23px; font-family: Arial, Helvetica, sans-serif;">&nbsp;All packaging, manuals, warranty cards, box and accessories must be sent back with the item.</span></p><p class="sub_text" style="font-family: Arial; font-size: 14pt; width: 820px; padding-left: 20px; padding-right: 20px;"><font face="Arial, Helvetica, sans-serif"><span style="font-size: 23px;">・The item must be sent back via EMS(USPS) or any carrier that provides tracking number.</span></font></p><p class="sub_text" style="font-family: Arial; font-size: 14pt; width: 820px; padding-left: 20px; padding-right: 20px;"><font face="Arial, Helvetica, sans-serif"><span style="font-size: 23px;">I would appreciate your understanding.</span></font></p>
<div id="foot" style="font-family: Arial, Helvetica, sans-serif; font-size: 15px; color: rgb(255, 255, 255); width: 850px; padding-right: 10px; height: 40px; background-color: rgb(51, 204, 255); font-weight: bold; line-height: 40px; text-align: right;">
Copyright © 2017 rirubou-jp. All rights reserved.
</div>
</div>
</div></font></font></font></font></font></font></font></font></font></font></font>
</DOC>
<DOC>
<DOCID>1700523</DOCID>
<CATEGORY>Collectibles > Comics > Modern Age (1992-Now) > Movie & TV</CATEGORY>
<ORIGTITLE>The Walking Dead #186 1st Printing Bill Sienkiewicz NEGAN VARIANT Cover NM+</ORIGTITLE>
<font size="4" style="font-family:Arial" rwr="1"><font size="4" style="font-family:Arial" rwr="1"><font size="4" style="font-family:Arial" rwr="1"><font size="4" style="font-family:Arial" rwr="1"><font size="4" style="font-family:Arial" rwr="1"><font size="4" style="font-family:Arial" rwr="1"><font size="4" style="font-family:Arial" rwr="1"><font size="4" style="font-family:Arial" rwr="1"><font size="4" style="font-family:Arial" rwr="1"><font size="4" style="font-family:Arial" rwr="1"><font size="4" style="font-family:Arial" rwr="1"><font size="4" style="font-family:Arial" rwr="1"><font size="4" style="font-family:Arial" rwr="1"><font size="4" style="font-family:Arial" rwr="1"><font size="4" style="font-family:Arial" rwr="1"><font size="4" style="font-family:Arial" rwr="1"><font size="4" style="font-family:Arial" rwr="1"><font size="4" style="font-family:Arial" rwr="1"><font size="4" style="font-family:Arial" rwr="1"><font size="4" style="font-family:Arial" rwr="1"><font size="4" style="font-family:Arial" rwr="1"><font size="4" style="font-family:Arial" rwr="1"><font size="4" style="font-family:Arial" rwr="1"><font size="4" style="font-family:Arial" rwr="1"><p align="center"><font face="Arial" size="5">You are bidding on a&nbsp;2018 Image Comic Book.</font></p>
<p align="center"><font face="Arial" size="6"><b>#186 THE WALKING DEAD: BILL SIENKIEWICZ 'NEGAN' VARIANT 15th ANNIVERSARY COVER B</b></font></p><p align="center"><font face="Arial"><span style="text-align: left; text-transform: none; line-height: 18px; text-indent: 0px; letter-spacing: normal; font-family: Helvetica,Helvetica Neue,Arial; font-variant: normal; word-spacing: 0px; display: inline !important; white-space: normal; orphans: 2; float: none; text-shadow: none; -webkit-text-stroke-width: 0px; background-color: transparent;"><font color="#002cfd"><span style="text-align: left; text-transform: none; line-height: 18px; text-indent: 0px; letter-spacing: normal; font-family: Helvetica,Helvetica Neue,Arial; font-style: normal; font-variant: normal; font-weight: 400; text-decoration: none; word-spacing: 0px; display: inline !important; white-space: normal; orphans: 2; float: none; text-shadow: none; -webkit-text-stroke-width: 0px; background-color: transparent;">The powder keg: once it goes off, it can't be contained.&nbsp;</span><br style="background: none; text-align: left; text-transform: none; text-indent: 0px; letter-spacing: normal; font-family: Helvetica,Helvetica Neue,Arial; font-style: normal; font-variant: normal; font-weight: 400; text-decoration: none; word-spacing: 0px; white-space: normal; orphans: 2; text-shadow: none; -webkit-text-stroke-width: 0px;"><span style="text-align: left; text-transform: none; line-height: 18px; text-indent: 0px; letter-spacing: normal; font-family: Helvetica,Helvetica Neue,Arial; font-style: normal; font-variant: normal; font-weight: 400; text-decoration: none; word-spacing: 0px; display: inline !important; white-space: normal; orphans: 2; float: none; text-shadow: none; -webkit-text-stroke-width: 0px; background-color: transparent;">
</span><br style="background: none; text-align: left; text-transform: none; text-indent: 0px; letter-spacing: normal; font-family: Helvetica,Helvetica Neue,Arial; font-style: normal; font-variant: normal; font-weight: 400; text-decoration: none; word-spacing: 0px; white-space: normal; orphans: 2; text-shadow: none; -webkit-text-stroke-width: 0px;"><span style="text-align: left; text-transform: none; line-height: 18px; text-indent: 0px; letter-spacing: normal; font-family: Helvetica,Helvetica Neue,Arial; font-style: normal; font-variant: normal; font-weight: 400; text-decoration: none; word-spacing: 0px; display: inline !important; white-space: normal; orphans: 2; float: none; text-shadow: none; -webkit-text-stroke-width: 0px; background-color: transparent;">Death of Dwight&nbsp;</span></font></span><br></font></p>
<p align="center"><font color="#ff0010" size="6">Final 15th Anniversary Cover.&nbsp; Very Hot Book!</font></p><font face="Arial" size="5">
<span style="font-size: 13.5pt;"><span style="font-size: 13.5pt;"><p align="center" style="text-align:center">Comic is in near mint/mint condition, and will be securely shipped in Bag, Board With Sturdy Cardboard Supports.&nbsp; It is the exact comic pictured, I do not use stock photos.&nbsp; I am not a professional grader, however it would be a CGC 9.2 - 9.8 in my opinion.</p><p align="center" style="background-color: transparent; color: rgb(0, 0, 0); font-family: Arial; font-size: 18px; font-style: normal; font-variant: normal; font-weight: 400; letter-spacing: normal; orphans: 2; text-align: center; text-decoration: none; text-indent: 0px; text-transform: none; -webkit-text-stroke-width: 0px; white-space: normal; word-spacing: 0px;"><span style="font-size: 18px;">$6.99 shipping in <st1:country-region w:st="on">Canada</st1:country-region>&nbsp;and the <st1:place w:st="on"><st1:country-region w:st="on">US for postage and packing supplies.&nbsp; Combined shipping is available for <font color="#00ffff">*FREE*</font> for up to three comics in the same package (two more), please note payment *MUST* be combined, as well for combined shipping discounts (please wait for invoice).&nbsp; If preferred, it will be $18.99</st1:country-region></st1:place> for Registered Insured Shipping (with tracking).</span><span style="font-size: 18px;"><o:p></o:p></span></p><p align="center" style="background-color: transparent; color: rgb(0, 0, 0); font-family: Arial; font-size: 18px; font-style: normal; font-variant: normal; font-weight: 400; letter-spacing: normal; orphans: 2; text-align: center; text-decoration: none; text-indent: 0px; text-transform: none; -webkit-text-stroke-width: 0px; white-space: normal; word-spacing: 0px;"><span style="font-size: 18px;">All items should be paid for within&nbsp;7 days of the end of auction.<o:p></o:p></span></p><p align="center" style="background-color: transparent; color: rgb(0, 0, 0); font-family: Arial; font-size: 18px; font-style: normal; font-variant: normal; font-weight: 400; letter-spacing: normal; orphans: 2; text-align: center; text-decoration: none; text-indent: 0px; text-transform: none; -webkit-text-stroke-width: 0px; white-space: normal; word-spacing: 0px;"></p><p align="center" style="background-color: transparent; color: rgb(0, 0, 0); font-family: Arial; font-size: 18px; font-style: normal; font-variant: normal; font-weight: 400; letter-spacing: normal; orphans: 2; text-align: center; text-decoration: none; text-indent: 0px; text-transform: none; -webkit-text-stroke-width: 0px; white-space: normal; word-spacing: 0px;"><span style="font-size: 18px;">THANK YOU FOR BIDDING, GOOD LUCK and ALL THE BEST!</span></p></span></span></font></font></font></font></font></font></font></font></font></font></font></font></font></font></font></font></font></font></font></font></font></font></font></font></font>
</DOC>
<DOC>
<DOCID>1700539</DOCID>
<CATEGORY>Collectibles > Decorative Collectibles > Decorative Collectible Brands > Royal Doulton > Figurines</CATEGORY>
<ORIGTITLE>Royal Doulton Carolyn Figurine, HN2974</ORIGTITLE>
<font rwr='1' size='4' style='font-family:Arial'><font face="Verdana" size="5">Vintage Royal Doulton Carolyn figurine, HN2974 dated 1982. &nbsp;Other listings claim this figurine was retired in 1984. Measures 5.75" high by 4.75" wide. In excellent pre-owned condition with no chips, cracks, or crazing. &nbsp;Some small scuff marks on bottom from handling. Original price sticker still attached.</font></font>
</DOC>
<DOC>
<DOCID>1700540</DOCID>
<CATEGORY>Collectibles > Animation Art & Characters > Japanese, Anime > Other Anime Collectibles</CATEGORY>
<ORIGTITLE>SDCC 2018 Tokyo Ghoul : RE Poster 11 x 17 Beautiful</ORIGTITLE>
<font rwr="1" size="4" style="font-family:Arial"><font rwr="1" size="4" style="font-family:Arial">Given away at San Diego Comic Con 2018. Excellent condition. Will be rolled in a tube and shipped securely. 11" x 17"</font></font>
</DOC>
<DOC>
<DOCID>1700532</DOCID>
<CATEGORY>Collectibles > Tools, Hardware & Locks > Tools > Carpentry, Woodworking > Planes</CATEGORY>
<ORIGTITLE>Vintage Japanese Comb-shaped Rabbet Plane/Kushi Gata Shakuri Kanna</ORIGTITLE>
<font rwr="1" size="4" style="font-family:Arial"><font rwr="1" size="4" style="font-family:Arial"><div>Block length&nbsp; &nbsp;245mm&nbsp;</div><div>Block width&nbsp; &nbsp; 24mm&nbsp;</div><div>Blade width&nbsp; &nbsp;12mm&nbsp;</div><div>Fence depth&nbsp; 9mm&nbsp;</div><div>There was a small nail acting as a wedge in front of the iron,which I have removed.It wants to be replaced by a small wedge of wood or card.</div></font></font>
</DOC>
<DOC>
<DOCID>1700521</DOCID>
<CATEGORY>Collectibles > Decorative Collectibles > Decorative Collectible Brands > Longaberger > Dinnerware, Serving, Pottery</CATEGORY>
<ORIGTITLE>LONGABERGER WOVEN DRUM CROCK IVY GREEN W/ LID FITS CHRISTMAS CAROLING BASKET vtm</ORIGTITLE>
<font rwr="1" size="4" style="font-family:Arial"><font style="font-family:Arial" size="4"><font size="5" face="Comic Sans MS">This
 is for a beautiful Longaberger Woven Drum Crock in Green.&nbsp; This dish 
fits the Caroling Basket or can be used as a casserole dish.&nbsp; It 
includes the lid and indicates on the bottom that it can be used in the 
freezer, microwave, oven and dishwasher.&nbsp; It is in excellent condition 
without chips, cracks or breaks and as you can see in the pictures was 
used very little, if at all.&nbsp; It </font><font size="4" face="Comic Sans MS"><font size="5">measures about 5-1/2" tall, including the lid and is 7-1/4" in diameter at the opening.&nbsp; <br><br>Please email all questions and thanks for looking.</font>&nbsp; <font size="1">(27)</font></font></font><meta name="viewport" content="width=device-width, initial-scale=1"></font>
</DOC>
<DOC>
<DOCID>1700528</DOCID>
<CATEGORY>Collectibles > Radio, Phonograph, TV, Phone > Telephones > 1970-Now</CATEGORY>
<ORIGTITLE>VTG 1990 Rotary Dial Phone Butter Color Soviet Russian Made in USSR+Original Box</ORIGTITLE>
<font rwr="1" size="4" style="font-family:Arial"><font rwr="1" size="4" style="font-family:Arial"><font rwr="1" size="4" style="font-family:Arial">Vintage 1990 Rotary Dial Phone VEF TA-12 Butter Color Soviet Russian Made in USSR+Original Box.</font></font></font><div><font rwr="1" size="4" style="font-family:Arial"><font rwr="1" size="4" style="font-family:Arial"><font rwr="1" size="4" style="font-family:Arial"><br><div>&nbsp; &nbsp; &nbsp; &nbsp; &nbsp; &nbsp; &nbsp; &nbsp; &nbsp; &nbsp; &nbsp; &nbsp; The camera incorrectly conveys color.&nbsp;Beautiful Butter Color.<div><div><div><p style="margin: 0px; font-size: 12px; line-height: normal; font-family: Helvetica;"><span style="font-size: 12pt;">&nbsp; &nbsp; &nbsp; &nbsp; &nbsp; &nbsp; &nbsp; &nbsp; &nbsp; &nbsp; &nbsp; &nbsp; &nbsp; &nbsp; &nbsp; &nbsp; &nbsp; &nbsp; &nbsp; &nbsp; &nbsp; &nbsp; &nbsp; &nbsp; &nbsp; &nbsp; &nbsp;&nbsp;</span><span style="font-family: Arial; font-size: large;">ATTENTION !!! NO REFUND !!!</span></p><div>Please, look carefully at the photos, there will be questions about the goods, on delivery, ask me in the messages, everyone, I will gladly answer.</div><div><p style="margin: 0px; font-size: 12px; line-height: normal; font-family: Helvetica;"><span style="font-size: 12pt;">Please leave feedback for me after your parcel arrives. This lets me know that you have received your item(s).pacitor</span></p></div></div></div></div></div></font></font></font></div>
</DOC>
<DOC>
<DOCID>1700537</DOCID>
<CATEGORY>Collectibles > Arcade, Jukeboxes & Pinball > Pinball > Merchandise & Memorabilia</CATEGORY>
<ORIGTITLE>Jokerz Original Williams Promo Pinball Machine Promotional 27x19 Poster Rare</ORIGTITLE>
<div><span style="color:rgb(0, 0, 0); font-family:&quot;Times New Roman&quot;; font-size:medium; font-style:normal; font-variant-ligatures:normal; font-variant-caps:normal; font-weight:400; letter-spacing:normal; orphans:2; text-align:start; text-indent:0px; text-transform:none; white-space:normal; word-spacing:0px; text-decoration-style:initial; text-decoration-color:initial; display:inline !important; float:none;">Original Williams Jokerz promotional poster given out to distributors for the pinball machine in 1988</span><span style="font-family: &quot;Times New Roman&quot;; font-size: medium;">.&nbsp; Condition 9.5/10.&nbsp; Selling my poster collection.&nbsp; Check out my other pinball/arcade posters that I have listed.&nbsp;</span></div>
</DOC>
<DOC>
<DOCID>1700533</DOCID>
<CATEGORY>Collectibles > Lamps, Lighting > Lamps: Electric > Table Lamps</CATEGORY>
<ORIGTITLE>ANTIQUE FUTABA Electric Co. UNIVERSAL TABLE TAP 7-204 w/ original 8' cord RARE!</ORIGTITLE>
<font rwr="1" size="4" style="font-family:Arial"><div align="center"><img src="https://encrypted-tbn2.gstatic.com/images?q=tbn:ANd9GcSVqhYn-Bm0tbq2caH1_TJ4Wv25RoiEoFynUe5DixB4QlMv5BRD" style="width:267px;height:180px;margin-left:0px;margin-right:0px;margin-top:0px" data-src="https://encrypted-tbn2.gstatic.com/images?q=tbn:ANd9GcSVqhYn-Bm0tbq2caH1_TJ4Wv25RoiEoFynUe5DixB4QlMv5BRD" data-sz="f" name="129i49t_yCSn1M:" class="rg_i"><br></div><font size="5"></font></font>

<font rwr="1" size="4" style="font-family:Arial"><font rwr="1" size="4" style="font-family:Arial"><font rwr="1" style="font-family:Arial" size="4"><font rwr="1" style="font-family:Arial" size="4"><font rwr="1" style="font-family:Arial" size="4"><style>img{max-width:100%}</style><font rwr="1" style="font-family:Arial" size="4"><font rwr="1" style="font-family:Arial" size="4"><font rwr="1" style="font-family:Arial" size="4"><font rwr="1" style="font-family:Arial" size="4"><br><meta name="viewport" content="width=device-width, initial-scale=1">
<div align="center">
<center>
<table style="border-collapse: collapse" width="1000" cellspacing="0" cellpadding="0" bordercolor="#111111" border="0">
<tbody><tr>
<td>
<div align="center">
<center>
<table style="border-collapse: collapse" width="100%" cellspacing="0" cellpadding="0" bordercolor="#111111" border="0">
<tbody><tr>
<td width="100%">
<map name="FPMap0">
<area href="http://stores.shop.ebay.com/Blackwater-Mercantile/New-Listings.html" shape="rect" coords="142, 189, 276, 228">
<area href="http://stores.shop.ebay.com/Blackwater-Mercantile" shape="rect" coords="2, 184, 138, 228">
<area href="http://feedback.ebay.com/ws/eBayISAPI.dll?ViewFeedback2&amp;userid=18305inc&amp;ftab=AllFeedback" shape="rect" coords="279, 188, 435, 228">
<area href="http://my.ebay.com/ws/eBayISAPI.dll?AcceptSavedSeller&amp;sellerid=18305inc" shape="rect" coords="445, 187, 625, 228">
<area href="http://stores.shop.ebay.com/Blackwater-Mercantile/Meet-the-Seller.html" shape="rect" coords="631, 186, 776, 228">
<area href="http://contact.ebay.com/ws/eBayISAPI.dll?FindAnswers&amp;frm=284&amp;requested=18305inc" shape="rect" coords="782, 186, 970, 228">&nbsp;</map><p align="center"><font face="Arial"><b>ONE DAY SHIPPING <br></b></font></p><p align="center"><font size="2" face="Arial">At Blackwater&nbsp;
Mercantile, we know that no one wants to wait for their order. We&nbsp;
ship fast - very fast. Every order placed here through eBay ships&nbsp;
within ONE BUSINESS DAY of your cleared payment. You'll get your&nbsp;
order fast. We guarantee it!</font></p><p align="center"><font face="Arial"><b>OUR RETURNS POLICY</b></font></p><p align="center"><font size="2" face="Arial">Let's face it,&nbsp;
occasionally a product needs to be returned. We have a very generous&nbsp;
return policy here at Blackwater Mercantile. If, for any reason, you&nbsp;
want to return a product, just let us know. The returned item must&nbsp;
be in the same condition as shipped and we pay the shipping&nbsp;
cost for any item returned. Did we tell you that you have a full 30&nbsp;
days to return an item? We haven't become one of eBay's top&nbsp;
destinations by chance! </font></p><p align="center"><font face="Arial"><b>ADDITIONAL DETAILS</b></font></p><p align="center"><font size="2" face="Arial">We pride ourselves on&nbsp;
customer service above all else and love reading all of the&nbsp;
wonderful comments we receive from our buyers. Your positive&nbsp;
feedback is far more important to us than the sale will ever be.&nbsp;
Please take a minute to brighten our day and let us know how we did.
</font>
</p><p align="center"><font size="2" face="Arial">If you find that your&nbsp;
needs are not met completely e-mail us so we can make it right.&nbsp;
Thank you for shopping at Blackwater Mercantile, where you get a&nbsp;
little bit of everything, just like the general stores of America?s&nbsp;
past.</font></p><table style="border-collapse: collapse" width="100%" cellspacing="0" cellpadding="10" bordercolor="#111111" border="0" bgcolor="#EEC1B9">
<tbody><tr>
</tr>
</tbody></table>
<table style="border-collapse: collapse" width="100%" cellspacing="0" cellpadding="10" bordercolor="#111111" border="0" bgcolor="#6C261A">
<tbody><tr>
<td>
<p align="center">
<br></p>
<p align="center"><font size="1" face="Arial" color="#FFFFFF">All&nbsp;
Content © 2104 Blackwater Mercantile</font></p></td>
</tr>
</tbody></table>
</td>
</tr>
</tbody></table>
</center>
</div>
</td>
</tr>
</tbody></table>
</center>
</div>
<p>&nbsp;</p>
<p>&nbsp;</p>
</font></font></font></font></font></font></font></font></font>

&nbsp;
</DOC>
<DOC>
<DOCID>1700541</DOCID>
<CATEGORY>Collectibles > Banks, Registers & Vending > Still, Piggy Banks > Animals > Pigs</CATEGORY>
<ORIGTITLE>circa 20's-30's PIGGY BANK White Red Blue Yellow CLOWN Costume! 5-3/4" T 3.5" W</ORIGTITLE>
<div><font face="Arial" size="5">Offered here is circa 1920's-1930's&nbsp;PIGGY in White Red Blue Yellow Clown Costume Coin BANK.&nbsp;</font><span style="font-family: Arial; font-size: x-large;">&nbsp;The no maker or country mark Bank measures approx.</span><font face="Arial" size="5">&nbsp;5-3/4" Tall x 3-1/2" Diameter in the middle. </font><span style="font-family: Arial; font-size: x-large;">The Condition is Excellent.</span></div><div><font size="5" face="Arial">We will combine orders to save you money on shipping. Please Inquire.&nbsp;</font></div>
</DOC>
<DOC>
<DOCID>1700543</DOCID>
<CATEGORY>Collectibles > Cultures & Ethnicities > Western Americana > Figures & Statues</CATEGORY>
<ORIGTITLE>VTG. SIGNED  MICHAEL GARMAN COWBOY DRIFTER HOLDS SADDLE PAINTED SCULPTURE 10.5"</ORIGTITLE>
<font rwr="1" size="4" style="font-family:Arial"><div style="text-align: center;">VINTAGE</div><div style="text-align: center;">1982</div><div style="text-align: center;">MICHAEL GARMAN</div><div style="text-align: center;">SIGNED TOP AND SIDE FRONT BASE.</div><div style="text-align: center;">SADDLE TRAMP</div><div style="text-align: center;">COWBOY DRIFTER &amp; HIS SADDLE</div><div style="text-align: center;">10.5" TALL</div><div style="text-align: center;">MULTI COLOR HAND PAINTED</div></font>
</DOC>
<DOC>
<DOCID>1700544</DOCID>
<CATEGORY>Collectibles > Animation Art & Characters > Animation Art > Production Art</CATEGORY>
<ORIGTITLE>Walt DISNEY Animation Art Cel Production Drawing Winnie the Pooh Bear Honey #50</ORIGTITLE>
<font rwr="1" size="4" style="font-family:Arial">
<p></p>
<div align="center"><br><table width="70%" border="0">
<tbody><tr> 
<td width="24%"><hr></td>
<td width="51%"><div align="center"><font face="Century Gothic"><strong>Auction 
Description</strong></font></div></td>
<td width="25%"><hr></td>
</tr>
<tr> 
<td colspan="3"> <p align="center"><font size="2" face="Century Gothic"><br>
Genuine </font><font color="#CC0066" size="2" face="Century Gothic"> 
<font color="#000000"><strong> original animation production drawing</strong> 
of this classic cartoon character, complete with Certificate of Authenticity</font></font><font color="#000000" size="2" face="Century Gothic">. 
This animation drawing was actually used in the production of an animated 
cartoon feature, and is one of a kind. Drawing is complete with peg holes, 
studio numbers and notations. 12 field animation drawing approximately 
10 x 12 inches in size</font><font size="2" face="Century Gothic"> and 
is in fine condition. <font color="#000000"><br>
<br>
This original production animation drawing comes complete with our gallery 
issued Certificate of Authenticity.</font> If in a high street gallery 
this would command a price tag of at least £200<font color="#000000">-£300. 
<font size="2" face="Century Gothic">Premier Animation are an authorised&nbsp;gallery for numerous studio art forms so you can b</font>id with confidence 
from a trusted, long standing and reputable animation art seller. <br>
<br>
It is common for galleries/specialist dealers themselves to issue certificates 
of authenticity, as quite often animation art has either not been issued 
with a certificate due to the run size, it has been lost over the years 
from passing through collectors hands, or if it never made the studio 
program and was presented by the studios as gifts to employee's, artwork 
taken home by workers etc. Therefore please do not be phased by art 
accompanied by Gallery certificates. <br>
<br>
Starting at a very low opening bid with NO RESERVE. Artwork is shipped 
in secure packaging. Please ignore any flash, lines, reflection or blur 
that is visible from taking the photo or scan, this is not visible on 
the art at all.&nbsp;<br><br></font></font></p></td></tr>
<tr> 
<td><hr></td>
<td><div align="center"><strong><font face="Century Gothic">100% Satisfaction 
Guaranteed</font></strong></div></td>
<td><hr></td>
</tr>
<tr> 
<td colspan="3"><div align="center"> 
<p><font size="2" face="Century Gothic"><br>
All our art listings are backed by our 100% guarantee to be as described 
in the auction, and is further more backed with our 100% money-back 
guarantee. We make every effort to describe each item listing as accurate 
as possible and pride ourselves on our customer satisfaction, service 
and quality. In the event that you have an issue with your item please 
contact us and we will gladly resolve the problem as quick as we can.</font><font color="#CC0066" size="2" face="Century Gothic"><br>
<br>
</font></p>
</div></td>
</tr>
<tr> 
<td><hr></td>
<td><div align="center"><font face="Century Gothic"><strong>Why Purchase 
Animation Art?</strong></font></div></td>
<td><hr></td>
</tr>
<tr> 
<td height="193" colspan="3"> <div align="center"> 
<p><font color="#000000" size="2" face="Century Gothic"><br>
Purchase a memorable scene from your favourite cartoon or animated 
feature film at a very affordable price. Never forget the moment, 
and let it bring a smile to your day every time you take a glance.<br>
<br>
Fill that important gap in your collection, or start a new collection 
with the magic of owning Animation Art. Treat your family, friends, 
or loved ones, with a present/gift for the Christmas Holidays (Xmas), 
Birthdays, Valentine's Day, Easter or Mother/Father's Day, and let 
them share the joy of owning their own piece of Animation Art.<br>
<br>
As the majority of animation art is now computerized, purchasing a 
piece can not only provide years of pleasure, but is likely to be 
a very sound investment.<br>
<br>
</font></p>
</div></td>
</tr>
<tr> 
<td><hr></td>
<td><div align="center"><strong><font face="Century Gothic">Auction Terms</font></strong></div></td>
<td><hr></td>
</tr>
<tr> 
<td colspan="3"> <div align="center"> 
<p><font color="#CC0066" size="2" face="Century Gothic"><font color="#000000"><br>
Winning bidders should contact Premier Animation within 48 hours of 
the auction end unless payment has been made within this time. Payment 
to be received within seven days of the auction end, unless arrangements 
have been made with us prior to the auction closing, otherwise eBay 
will automatically file a non paying bidder complaint.<br>
<br>
Please be responsible with your bidding. Non paying or ‘silent’ 
bidders will be reported to Ebay and they will issue subsequent warnings 
or suspension. New Ebayers with zero feedback please contact us prior 
to bidding, to confirm you will be placing a valid bid. We reserve 
the right to cancel this auction, and to retract any bids for any 
given reason. You have the duration of the auction to ask all necessary 
questions.<br>
<br>
By bidding on this item you are entering into a binding contract. 
All images and characters are copyright of their respective studio, 
syndicate, artist or publisher. The prices set out on Premier Animations 
auctions are inclusive of any VAT or taxes were applicable and the 
price paid is the end price plus shipping.<br>
<br>
You, the buyer, are responsible for the disclosure and payment of 
any import duties or other taxes which may apply in the country to 
which the products are delivered.</font></font><font color="#CC0066"> 
<br>
<br>
</font></p>
</div></td>
</tr>
<tr> 
<td><hr></td>
<td><div align="center"><font color="#000000" face="Century Gothic"><strong>Shipping 
Terms</strong></font></div></td>
<td><hr></td>
</tr>
<tr> 
<td height="203" colspan="3"> <div align="center"> 
<p><font color="#000000" size="2" face="Century Gothic"><br>
Premier Animation ship items worldwide to all countries and continents. 
Multiple wins will be combined to reduce shipping costs wherever possible. 
For example, if you win one item or several items, postage will be 
the same for each additional item, unless the weight differs considerably.<br>
<br>
Buyer pays for all shipping and packaging which are at cost. Postage 
does not just include the price of a stamp, it includes all packaging, 
staff handling and protective materials that ensure your item arrives 
safely in the same condition as when it was shipped.<br>
<br>
Additional costs apply for special delivery, registered airmail and 
any other additional 'signed' for services. All shipping costs are 
outlined in the auction, including additional signed for services. 
Premier Animation is not responsible for the loss or damage of uninsured 
item. <br>
<br>
</font></p>
</div></td>
</tr>
<tr> 
<td><hr></td>
<td><div align="center"><font color="#000000" face="Century Gothic"><strong>Payment 
Terms</strong></font></div></td>
<td><hr></td>
</tr>
<tr> 
<td colspan="3"><div align="center"><font color="#CC0066" size="2" face="Century Gothic"> 
<font color="#000000"><br>
An invoice will be emailed to the high bidder within 48 hours of the 
auction closing. Paypal is our preferred payment method, as it is the 
quickest, easiest and most secure form of payment. <br>
<br>
You can pay via Visa, American Express, Master Card, JCB, Switch and 
Solo, all through Paypal. As well as direct debit straight from your 
bank account through Paypal.<br>
<br>
<br>
</font></font></div></td>
</tr>
<tr> 
<td><hr></td>
<td><div align="center"><font color="#000000" face="Century Gothic"><strong>Return 
Terms/Questions</strong></font></div></td>
<td><hr></td>
</tr>
<tr> 
<td colspan="3"><font color="#CC0066">&nbsp;<br>
</font><font size="2" face="Century Gothic">Please contact us immediately 
if you are not happy with your purchase or if it is delayed in the post 
before contacting eBay and filing a dispute. We are here to help and strive 
on customer satisfaction. All emails are responded to within 24 hours 
of contact. </font> <p align="center"><font size="2" face="Century Gothic"><em><strong>What 
happens if I am not happy with my purchase?</strong></em> In the unlikely 
event that your item is not as described or faulty, please contact us 
and we will resolve your issue and ask you to return it for a refund 
of your winning bid or a replacement. If the item is incorrectly described 
due to our error then shipping will also be reimbursed. </font> </p>
<p align="center"><em><font size="2" face="Century Gothic"><strong>What 
happens if my item has not arrived or is taking longer than the estimated 
arrival time?</strong></font></em><font size="2" face="Century Gothic"> 
In the event of a lost item through the fault of the postal system, 
you will be fully refunded or issued with a replacement once the appropriate 
form has been signed if your item has been shipped insured. Please do 
not file a case until you have contacted us to report the loss or delay and we have responded with a resolution. 
If there has been a bank holiday weekend, national holiday, or any other 
potential delay (such as weather conditions), it will take slightly 
longer than the estimated delivery time to arrive. International buyers 
outside of the UK please take this in to consideration before making 
contact.</font></p>
<p align="center"> <font size="2" face="Century Gothic"><em><strong>What 
happens if I have changed my mind?</strong></em> Returns can be made 
within 14 days from the receipt of your purchase. Special order items 
will incur a re-stocking fee. All returned item postage costs are covered 
by the buyer and not the seller. For your protection, we recommend you 
use a recorded-delivery service when returning any items. We regret 
we cannot be held liable for any items you have posted which do not 
reach our address. Proof of posting is not proof of delivery.</font></p>
<p align="center"><font size="2" face="Century Gothic"><em><strong>Why 
can some colour's appear slightly different?</strong></em> Please be 
aware that there may be a slight variation in color from one computer 
monitor to another, therefore we recommend contacting us if you have 
a specific query about a particular colour scheme if this is a major 
factor in your purchasing decision.<br>
<br>
<br>
</font></p></td>
</tr>
<tr> 
<td><hr></td>
<td><div align="center"><strong><font face="Century Gothic">Animation Art 
Definitions</font></strong></div></td>
<td><hr></td>
</tr>
<tr> 
<td colspan="3"> <p><font color="#000000" size="2" face="Century Gothic">&nbsp;<strong><br>
Animation Cel</strong> - A cel (short for celluloid) is a blank clear 
plastic sheet used by the studio artist to paint an animated character 
or object based on the animator's original pencil drawing. The cels 
are then placed over a background and photographed in sequence to produce 
an illusion of life in the completed film or cartoon short. Every cel 
is different but this does not mean that every cel is unique. Often 
multiple copies of a cel were created by the Inkers as colour models 
in order to advance their technique and skills.<br>
<br>
<strong>12 Field Cel </strong>- This refers to the size of the area 
on the artwork which falls within the sight of the camera. Measuring 
approximately 10.5" x 12.5" this is the standard size for 
cels, backgrounds and drawings.</font></p>
<p align="center"><font color="#000000" size="2" face="Century Gothic"><strong>16 
Field Cel</strong> - This refers to the size of the area on the artwork 
which falls within the sight of the camera. Measuring approximately 
12.5" x 16.5" this is the standard size for cels, backgrounds 
and drawings.<br>
<br>
<strong>Production Cel</strong> - Any cel created for the production 
of an animated film, commercial or cartoon short. This does not necessarily 
mean that the piece appears in the film. Model cels and preliminary 
art are all production artwork.<br>
<br>
<strong>Limited Edition Cel </strong>- A non production hand painted 
cel created for sale to the collectors market. It is produced in fixed 
limited quantities and is easily identified by a fraction (150/500) 
in the lower right hand corner. They were not used in films or cartoon 
shorts, and the original intent was to recreate the original production 
cels. Nowadays many studios release new images not based on production 
artwork.</font></p>
<p align="center"><font color="#000000" size="2" face="Century Gothic"><strong>Sericel 
(Serigraph)</strong> - A non production cel created by means of a printing 
process similar to silk screening. No work is done by hand, therefore 
no painting or inking is involved. They are often produced in limited 
quantities of 300 - 5000, and they are marketed as a low cost alternative 
to production and limited edition cels.</font></p>
<p align="center"><font color="#000000" size="2" face="Century Gothic"><strong>Animation 
Drawing</strong> - A drawing on paper in pencil, sometimes coloured 
which is created by a studio artist of an animated character or object 
for which the cels are later created.</font></p>
<p align="center"><font color="#000000" size="2" face="Century Gothic"><strong>Production 
Background </strong>- A background created for use in a production of 
an animated film. It must be noted that a production background may 
not necessarily originate from the same production that the cel is from.<br>
<br>
<strong>Matching Master Background / Key master Setup</strong> - This 
is often referred to as a key master background setup, but is simply 
a cel or cels with the background from the same scene that were originally 
photographed. When framed these will look exactly as they do in the 
original film or cartoon short.<br>
<strong>Lithograph</strong> - These images (prints) are created using 
a print process. They are produced in limited quantities, numbered and 
signed or are mass produced. Non limited pieces become discontinued 
and are harder to locate, therefore increasing in value.<br>
<br>
<strong>Giclee</strong> - The French term "Giclée", 
literally meaning "spray of ink," is used to describe these 
prints. Four precision nozzles spray up to a million microscopic droplets 
per second on to fine art paper. Then, each piece of paper is individually 
hand-mounted. Displaying a full colour spectrum, the prints are lush 
and velvety, capturing the subtle nuances of the original artwork.<br>
<br>
<br>
</font></p></td>
</tr>
<tr> 
<td><hr></td>
<td><div align="center"><strong><font face="Century Gothic">Frequently Asked 
Questions</font></strong></div></td>
<td><hr></td>
</tr>
<tr> 
<td colspan="3"> <p><font color="#000000" size="2" face="Century Gothic">&nbsp;<strong><br>
What is Animation Art? </strong>- Animation Art is more than just the 
cels and backgrounds seen by a camera in the finished version of an 
animated film, cartoon, short or commercial. It also includes inspirational 
sketches and paintings, story ideas, character models, and drawings 
used in the making of the animated film, as well as post production 
models and publicity work, and all other works prepared after its completion. 
<br>
<br>
<strong>Why is Animation Art important? </strong>- Animation Art has 
become a universal art form that has entertained, informed, and instructed 
generations around the world for almost 100 years. Animation speaks 
to everyone in a universal language, regardless of age, creed, or nationality.<br></font><span style="font-family: &quot;Century Gothic&quot;; font-size: small;"><br><b>What 
makes Animation Art valuable?</b></span><span style="font-family: &quot;Century Gothic&quot;; font-size: small;"> - Age and rarity are two important 
factors. What character(s) are in the Artwork, and what expressions 
they are showing. Figures in a full pose position are normally more 
sought after than a head shot or half body pose. Memorable scenes from 
classic films or cartoons create a high value. Villains and Princesses 
are also valuable. Signatures of artists connected with a specific production 
can often increase the value. Walt Disney's signature on the mount/mat 
will also increase the value, as he never signed the artwork itself.</span></p>
<p align="center"> <font color="#000000" size="2" face="Century Gothic"><strong>Should 
I invest in Animation Art? </strong>- Collectors have purchased Animation 
Art for as little as one pound and sold it for hundred's or thousands 
of pounds. You can view past auctions at Christie's to see the value 
of vintage Disney and Warner pieces. The value of Animation Art is increasing 
more rapidly than any other Art form on the collectable market. Select 
and purchase Animation Art because it gives you pleasure. Enjoy it to 
the full, and you will receive the greatest return on your investment, 
the joy of owning a moment in film making history that will never be 
repeated again.</font></p>
<p align="center"> <font color="#000000" size="2" face="Century Gothic"><strong>What 
is Premier Animation?</strong> - Premier Animation is an online gallery 
offering some of the finest vintage and contemporary Animation Art on 
the net. We are currently a mail order only and do not have a brick 
and mortar gallery.<br>
<strong><br>
Are limited edition cels hand painted?</strong> - Yes limited edition 
cels are hand painted reproductions of famous scenes, or are sometimes 
newly created ones that often depict sports scenes, or mix characters 
together that ordinarily would not appear together. Some collectors 
also quite like the beautiful colour reproduction backgrounds that accompany 
the pieces as well.<br>
<br>
<strong>How many cels are used in a typical cartoon? </strong>- A film 
runs at 24 frames per second. That number never changes. Therefore the 
most any cartoon can be animated to is 24 fps. Budget films usually 
run at 12 cels per second, each cel being shot twice. However, lower 
budget cartoons can, and usually do, use the same cel three or more 
times. The more a cel is used, the "jerkier" the final cartoon 
will look. For a high budget cartoon, that runs for 8 minutes, there 
are roughly 11,520 hand painted cels used...which is a lot of hard skilled 
work (just think how many cels are used in a full length feature film). 
There is a whole new question that arises from this, and that is how 
many collectable cels are available from an 8 minute cartoon? Alternatively, 
if an 8 minute cartoon is animated at 24 fps, are there 11,520 collectable 
cels for sale? The answer is simply no. Firstly, you must consider that 
about half of the cels could never be sold, due to the main character's 
eyes being closed, they are passing behind another object, their back 
is showing, or it is just an awkward non attractive pose. Therefore, 
the majority of the cels have gone, and the remainder are left to be 
either destroyed, damaged through bad storage or sold to the collectors 
market. By this time there are only a small percentage of the cels available 
to purchase.<br>
<br>
<br>
</font></p></td>
</tr>
<tr bordercolor="#000000" bgcolor="#000000"> 
<td colspan="3"><div align="center"></div></td>
</tr>
<tr bordercolor="#000000"> 
<td colspan="3"><div align="center"><font face="Century Gothic"><strong>Thank 
You For Your Interest. Good Luck &amp; Happy Bidding</strong></font></div></td>
</tr><tr bordercolor="#000000" bgcolor="#000000"> 
<td colspan="3"><div align="center"></div></td></tr></tbody></table></div></font>
</DOC>
<DOC>
<DOCID>1700546</DOCID>
<CATEGORY>Collectibles > Decorative Collectibles > Mugs, Cups</CATEGORY>
<ORIGTITLE>WALT DISNEY - 101 DALMATIANS - MOVIE, Ceramic Coffee Cup, Vintage JAPAN</ORIGTITLE>
<font rwr="1" size="4" style="font-family:Arial"><font rwr="1" size="4" style="font-family:Arial"><font color="#002cfd"><b>A Vintage Made JAPAN / NEW Condition.&nbsp; NO cracks or chips. &nbsp;No issues at all. See PHOTOS</b></font>&nbsp;----- <b>&nbsp;WALT DISNEY --&nbsp;101 DALMATIANS&nbsp;-- MOVIE, Ceramic&nbsp;Coffee Cup / Mug, Vintage JAPAN&nbsp;&gt;&gt;&gt; </b>----- &nbsp;Approx size is: &nbsp;3.25" inches across the mouth of the cup&nbsp; x &nbsp;3.5" inches tall. &nbsp; See Photo's for this is what you get when you buy this item.&nbsp; On the photos there is white spots on the&nbsp;COFFEE MUG&nbsp;that is from the camera flash reflecting back.&nbsp; This COFFEE MUG is a beautiful !!! &nbsp; If any questions please contact me ???? &nbsp;We also combine shipping on all additional purchases. &nbsp;PLEASE SEE MY OTHER WALT DISNEY CARTOON MOVIE CUPS FOR SALE ON MY Ebay SELLING SITE.</font></font>
</DOC>
<DOC>
<DOCID>1700548</DOCID>
<CATEGORY>Collectibles > Tools, Hardware & Locks > Locks, Keys</CATEGORY>
<ORIGTITLE>Antique Vintage Silver Coloured Padlock Key #4436</ORIGTITLE>
<font rwr='1' size='4' style='font-family:Arial'><font rwr="1" style="font-family:Arial" size="4"><font rwr="1" style="font-family:Arial" size="4"><font rwr="1" style="font-family:Arial" size="4"><font rwr="1" style="font-family:Arial" size="4"><font rwr="1" style="font-family:Arial" size="4"><font rwr="1" style="font-family:Arial" size="4"><font rwr="1" style="font-family:Arial" size="4"><font rwr="1" style="font-family:Arial" size="4"><font rwr="1" style="font-family:Arial" size="4"><div><font rwr="1" style="font-family:Arial" size="4"><font rwr="1" style="font-family:Arial" size="4"><font rwr="1" style="font-family:Arial" size="4"><font rwr="1" style="font-family:Arial" size="4"><font rwr="1" style="font-family:Arial" size="4"><style>img{max-width:100%}</style><meta name="viewport" content="width=device-width, initial-scale=1.0"></font></font></font></font></font></div><font rwr="1" style="font-family:Arial" size="4"><font rwr="1" style="font-family:Arial" size="4"><font rwr="1" style="font-family:Arial" size="4"><font rwr="1" style="font-family:Arial" size="4"><font rwr="1" style="font-family:Arial" size="4"><font rwr="1" style="font-family:Arial" size="4"><font rwr="1" style="font-family:Arial" size="4"><font rwr="1" style="font-family:Arial" size="4"><font rwr="1" style="font-family:Arial" size="4"><font rwr="1" style="font-family:Arial" size="4"><div><font rwr="1" size="4">Please check my other listings.&nbsp; I will combine shipping when it reduces costs.<br><br>Thanks for looking.<br></font></div></font></font></font><!--CSG INDICATOR START-->
<!-- AUCTIVA Scrolling Gallery (do not remove or modify the "CSG INDICATOR START/END" tags or contents) --><link id="csgCss" rel="stylesheet" href="https://scrollinggallery.auctiva.com/gallery/css/2(0)/AUCTIVA/1693330/0/25/_355"><div id="csgGallery" style="display: none"><input id="csgScrollingCheckbox_355" checked="" type="checkbox"><input id="csgSingleRowCheckbox_355" checked="" type="checkbox"><div id="csgGalleryPos"><div id="csgGalleryContainer"><div id="csgHeader" class="csgFrame"><div id="csgHeaderLeft" class="csgLeft"><a id="csgHLStoreLink" href="https://www.ebay.ca/usr/newstreet1927" target="_blank"></a><span id="csgHLLogo" class="csgLogo"></span></div><div id="csgHeaderCenter" class="csgCenter"><a id="csgHCStoreLink" href="https://www.ebay.ca/usr/newstreet1927" target="_blank"></a><span id="csgHCLogo" class="csgLogo"></span></div><div id="csgHeaderRight" class="csgRight"><label id="csgHRScrollingLabel" for="csgScrollingCheckbox_355"></label><label id="csgHRSingleRowLabel" for="csgSingleRowCheckbox_355"></label><span id="csgHRLogo" class="csgLogo"></span></div></div><div id="csgOuterNavWrapper"><input id="csgPrev1_355" name="csgRadio" class="csgPrevCheck" type="radio"><input id="csgPrev2_355" name="csgRadio" class="csgPrevCheck" type="radio"><input id="csgPrev3_355" name="csgRadio" class="csgPrevCheck" type="radio"><input id="csgPrev4_355" name="csgRadio" class="csgPrevCheck" type="radio"><input id="csgPrev5_355" name="csgRadio" class="csgPrevCheck" type="radio"><input id="csgPrev6_355" name="csgRadio" class="csgPrevCheck" type="radio"><input id="csgPrev7_355" name="csgRadio" class="csgPrevCheck" type="radio"><input id="csgPrev8_355" name="csgRadio" class="csgPrevCheck" type="radio"><input id="csgPrev9_355" name="csgRadio" class="csgPrevCheck" type="radio"><input id="csgPrev10_355" name="csgRadio" class="csgPrevCheck" type="radio"><input id="csgPrev11_355" name="csgRadio" class="csgPrevCheck" type="radio"><input id="csgPrev12_355" name="csgRadio" class="csgPrevCheck" type="radio"><input id="csgPrev13_355" name="csgRadio" class="csgPrevCheck" type="radio"><input id="csgPrev14_355" name="csgRadio" class="csgPrevCheck" type="radio"><input id="csgPrev15_355" name="csgRadio" class="csgPrevCheck" type="radio"><input id="csgPrev16_355" name="csgRadio" class="csgPrevCheck" type="radio"><input id="csgPrev17_355" name="csgRadio" class="csgPrevCheck" type="radio"><input id="csgPrev18_355" name="csgRadio" class="csgPrevCheck" type="radio"><input id="csgPrev19_355" name="csgRadio" class="csgPrevCheck" type="radio"><input id="csgPrev20_355" name="csgRadio" class="csgPrevCheck" type="radio"><input id="csgNext1_355" name="csgRadio" class="csgNextCheck" type="radio"><input id="csgNext2_355" name="csgRadio" class="csgNextCheck" type="radio"><input id="csgNext3_355" name="csgRadio" class="csgNextCheck" type="radio"><input id="csgNext4_355" name="csgRadio" class="csgNextCheck" type="radio"><input id="csgNext5_355" name="csgRadio" class="csgNextCheck" type="radio"><input id="csgNext6_355" name="csgRadio" class="csgNextCheck" type="radio"><input id="csgNext7_355" name="csgRadio" class="csgNextCheck" type="radio"><input id="csgNext8_355" name="csgRadio" class="csgNextCheck" type="radio"><input id="csgNext9_355" name="csgRadio" class="csgNextCheck" type="radio"><input id="csgNext10_355" name="csgRadio" class="csgNextCheck" type="radio"><input id="csgNext11_355" name="csgRadio" class="csgNextCheck" type="radio"><input id="csgNext12_355" name="csgRadio" class="csgNextCheck" type="radio"><input id="csgNext13_355" name="csgRadio" class="csgNextCheck" type="radio"><input id="csgNext14_355" name="csgRadio" class="csgNextCheck" type="radio"><input id="csgNext15_355" name="csgRadio" class="csgNextCheck" type="radio"><input id="csgNext16_355" name="csgRadio" class="csgNextCheck" type="radio"><input id="csgNext17_355" name="csgRadio" class="csgNextCheck" type="radio"><input id="csgNext18_355" name="csgRadio" class="csgNextCheck" type="radio"><input id="csgNext19_355" name="csgRadio" class="csgNextCheck" type="radio"><input id="csgNext20_355" name="csgRadio" class="csgNextCheck" type="radio"><div id="csgNavLeft" class="csgNavLabels"><div id="csgNavLeftWrapper" class="csgNavWrapper"><label id="csgPrevLabel1" class="csgNavLabel" for="csgPrev1_355"></label><label id="csgPrevLabel2" class="csgNavLabel" for="csgPrev2_355"></label><label id="csgPrevLabel3" class="csgNavLabel" for="csgPrev3_355"></label><label id="csgPrevLabel4" class="csgNavLabel" for="csgPrev4_355"></label><label id="csgPrevLabel5" class="csgNavLabel" for="csgPrev5_355"></label><label id="csgPrevLabel6" class="csgNavLabel" for="csgPrev6_355"></label><label id="csgPrevLabel7" class="csgNavLabel" for="csgPrev7_355"></label><label id="csgPrevLabel8" class="csgNavLabel" for="csgPrev8_355"></label><label id="csgPrevLabel9" class="csgNavLabel" for="csgPrev9_355"></label><label id="csgPrevLabel10" class="csgNavLabel" for="csgPrev10_355"></label><label id="csgPrevLabel11" class="csgNavLabel" for="csgPrev11_355"></label><label id="csgPrevLabel12" class="csgNavLabel" for="csgPrev12_355"></label><label id="csgPrevLabel13" class="csgNavLabel" for="csgPrev13_355"></label><label id="csgPrevLabel14" class="csgNavLabel" for="csgPrev14_355"></label><label id="csgPrevLabel15" class="csgNavLabel" for="csgPrev15_355"></label><label id="csgPrevLabel16" class="csgNavLabel" for="csgPrev16_355"></label><label id="csgPrevLabel17" class="csgNavLabel" for="csgPrev17_355"></label><label id="csgPrevLabel18" class="csgNavLabel" for="csgPrev18_355"></label><label id="csgPrevLabel19" class="csgNavLabel" for="csgPrev19_355"></label><label id="csgPrevLabel20" class="csgNavLabel" for="csgPrev20_355"></label></div></div><div id="csgNavRight" class="csgNavLabels"><div id="csgNavRightWrapper" class="csgNavWrapper"><label id="csgNextLabel1" class="csgNavLabel" for="csgNext1_355"></label><label id="csgNextLabel2" class="csgNavLabel" for="csgNext2_355"></label><label id="csgNextLabel3" class="csgNavLabel" for="csgNext3_355"></label><label id="csgNextLabel4" class="csgNavLabel" for="csgNext4_355"></label><label id="csgNextLabel5" class="csgNavLabel" for="csgNext5_355"></label><label id="csgNextLabel6" class="csgNavLabel" for="csgNext6_355"></label><label id="csgNextLabel7" class="csgNavLabel" for="csgNext7_355"></label><label id="csgNextLabel8" class="csgNavLabel" for="csgNext8_355"></label><label id="csgNextLabel9" class="csgNavLabel" for="csgNext9_355"></label><label id="csgNextLabel10" class="csgNavLabel" for="csgNext10_355"></label><label id="csgNextLabel11" class="csgNavLabel" for="csgNext11_355"></label><label id="csgNextLabel12" class="csgNavLabel" for="csgNext12_355"></label><label id="csgNextLabel13" class="csgNavLabel" for="csgNext13_355"></label><label id="csgNextLabel14" class="csgNavLabel" for="csgNext14_355"></label><label id="csgNextLabel15" class="csgNavLabel" for="csgNext15_355"></label><label id="csgNextLabel16" class="csgNavLabel" for="csgNext16_355"></label><label id="csgNextLabel17" class="csgNavLabel" for="csgNext17_355"></label><label id="csgNextLabel18" class="csgNavLabel" for="csgNext18_355"></label><label id="csgNextLabel19" class="csgNavLabel" for="csgNext19_355"></label><label id="csgNextLabel20" class="csgNavLabel" for="csgNext20_355"></label></div></div><div id="csgSlidesContainer"><div id="csgSlidesOuter"><a id="csgOverrideLink" href="https://www.ebay.ca/usr/newstreet1927" target="_blank"></a><div id="csgSlides"><div class="csgSlide"><div class="csgListing"><a href="https://www.ebay.ca/sch/newstreet1927/m.html?_ipg=100&amp;_dmd=2&amp;_sop=1" target="_blank"><div class="csgListingImage"></div><div class="csgTitle"></div><div class="csgDetails"><span class="csgPrice"></span><br><span class="csgEndTime"></span></div></a></div></div><div class="csgSlide"><div class="csgListing"><a href="https://www.ebay.ca/sch/newstreet1927/m.html?_ipg=100&amp;_dmd=2&amp;_sop=1" target="_blank"><div class="csgListingImage"></div><div class="csgTitle"></div><div class="csgDetails"><span class="csgPrice"></span><br><span class="csgEndTime"></span></div></a></div></div><div class="csgSlide"><div class="csgListing"><a href="https://www.ebay.ca/sch/newstreet1927/m.html?_ipg=100&amp;_dmd=2&amp;_sop=1" target="_blank"><div class="csgListingImage"></div><div class="csgTitle"></div><div class="csgDetails"><span class="csgPrice"></span><br><span class="csgEndTime"></span></div></a></div></div><div class="csgSlide"><div class="csgListing"><a href="https://www.ebay.ca/sch/newstreet1927/m.html?_ipg=100&amp;_dmd=2&amp;_sop=1" target="_blank"><div class="csgListingImage"></div><div class="csgTitle"></div><div class="csgDetails"><span class="csgPrice"></span><br><span class="csgEndTime"></span></div></a></div></div><div class="csgSlide"><div class="csgListing"><a href="https://www.ebay.ca/sch/newstreet1927/m.html?_ipg=100&amp;_dmd=2&amp;_sop=1" target="_blank"><div class="csgListingImage"></div><div class="csgTitle"></div><div class="csgDetails"><span class="csgPrice"></span><br><span class="csgEndTime"></span></div></a></div></div><div class="csgSlide"><div class="csgListing"><a href="https://www.ebay.ca/sch/newstreet1927/m.html?_ipg=100&amp;_dmd=2&amp;_sop=1" target="_blank"><div class="csgListingImage"></div><div class="csgTitle"></div><div class="csgDetails"><span class="csgPrice"></span><br><span class="csgEndTime"></span></div></a></div></div><div class="csgSlide"><div class="csgListing"><a href="https://www.ebay.ca/sch/newstreet1927/m.html?_ipg=100&amp;_dmd=2&amp;_sop=1" target="_blank"><div class="csgListingImage"></div><div class="csgTitle"></div><div class="csgDetails"><span class="csgPrice"></span><br><span class="csgEndTime"></span></div></a></div></div><div class="csgSlide"><div class="csgListing"><a href="https://www.ebay.ca/sch/newstreet1927/m.html?_ipg=100&amp;_dmd=2&amp;_sop=1" target="_blank"><div class="csgListingImage"></div><div class="csgTitle"></div><div class="csgDetails"><span class="csgPrice"></span><br><span class="csgEndTime"></span></div></a></div></div><div class="csgSlide"><div class="csgListing"><a href="https://www.ebay.ca/sch/newstreet1927/m.html?_ipg=100&amp;_dmd=2&amp;_sop=1" target="_blank"><div class="csgListingImage"></div><div class="csgTitle"></div><div class="csgDetails"><span class="csgPrice"></span><br><span class="csgEndTime"></span></div></a></div></div><div class="csgSlide"><div class="csgListing"><a href="https://www.ebay.ca/sch/newstreet1927/m.html?_ipg=100&amp;_dmd=2&amp;_sop=1" target="_blank"><div class="csgListingImage"></div><div class="csgTitle"></div><div class="csgDetails"><span class="csgPrice"></span><br><span class="csgEndTime"></span></div></a></div></div><div class="csgSlide"><div class="csgListing"><a href="https://www.ebay.ca/sch/newstreet1927/m.html?_ipg=100&amp;_dmd=2&amp;_sop=1" target="_blank"><div class="csgListingImage"></div><div class="csgTitle"></div><div class="csgDetails"><span class="csgPrice"></span><br><span class="csgEndTime"></span></div></a></div></div><div class="csgSlide"><div class="csgListing"><a href="https://www.ebay.ca/sch/newstreet1927/m.html?_ipg=100&amp;_dmd=2&amp;_sop=1" target="_blank"><div class="csgListingImage"></div><div class="csgTitle"></div><div class="csgDetails"><span class="csgPrice"></span><br><span class="csgEndTime"></span></div></a></div></div><div class="csgSlide"><div class="csgListing"><a href="https://www.ebay.ca/sch/newstreet1927/m.html?_ipg=100&amp;_dmd=2&amp;_sop=1" target="_blank"><div class="csgListingImage"></div><div class="csgTitle"></div><div class="csgDetails"><span class="csgPrice"></span><br><span class="csgEndTime"></span></div></a></div></div><div class="csgSlide"><div class="csgListing"><a href="https://www.ebay.ca/sch/newstreet1927/m.html?_ipg=100&amp;_dmd=2&amp;_sop=1" target="_blank"><div class="csgListingImage"></div><div class="csgTitle"></div><div class="csgDetails"><span class="csgPrice"></span><br><span class="csgEndTime"></span></div></a></div></div><div class="csgSlide"><div class="csgListing"><a href="https://www.ebay.ca/sch/newstreet1927/m.html?_ipg=100&amp;_dmd=2&amp;_sop=1" target="_blank"><div class="csgListingImage"></div><div class="csgTitle"></div><div class="csgDetails"><span class="csgPrice"></span><br><span class="csgEndTime"></span></div></a></div></div><div class="csgSlide"><div class="csgListing"><a href="https://www.ebay.ca/sch/newstreet1927/m.html?_ipg=100&amp;_dmd=2&amp;_sop=1" target="_blank"><div class="csgListingImage"></div><div class="csgTitle"></div><div class="csgDetails"><span class="csgPrice"></span><br><span class="csgEndTime"></span></div></a></div></div><div class="csgSlide"><div class="csgListing"><a href="https://www.ebay.ca/sch/newstreet1927/m.html?_ipg=100&amp;_dmd=2&amp;_sop=1" target="_blank"><div class="csgListingImage"></div><div class="csgTitle"></div><div class="csgDetails"><span class="csgPrice"></span><br><span class="csgEndTime"></span></div></a></div></div><div class="csgSlide"><div class="csgListing"><a href="https://www.ebay.ca/sch/newstreet1927/m.html?_ipg=100&amp;_dmd=2&amp;_sop=1" target="_blank"><div class="csgListingImage"></div><div class="csgTitle"></div><div class="csgDetails"><span class="csgPrice"></span><br><span class="csgEndTime"></span></div></a></div></div><div class="csgSlide"><div class="csgListing"><a href="https://www.ebay.ca/sch/newstreet1927/m.html?_ipg=100&amp;_dmd=2&amp;_sop=1" target="_blank"><div class="csgListingImage"></div><div class="csgTitle"></div><div class="csgDetails"><span class="csgPrice"></span><br><span class="csgEndTime"></span></div></a></div></div><div class="csgSlide"><div class="csgListing"><a href="https://www.ebay.ca/sch/newstreet1927/m.html?_ipg=100&amp;_dmd=2&amp;_sop=1" target="_blank"><div class="csgListingImage"></div><div class="csgTitle"></div><div class="csgDetails"><span class="csgPrice"></span><br><span class="csgEndTime"></span></div></a></div></div><div class="csgSlide"><div class="csgListing"><a href="https://www.ebay.ca/sch/newstreet1927/m.html?_ipg=100&amp;_dmd=2&amp;_sop=1" target="_blank"><div class="csgListingImage"></div><div class="csgTitle"></div><div class="csgDetails"><span class="csgPrice"></span><br><span class="csgEndTime"></span></div></a></div></div><div class="csgSlide"><div class="csgListing"><a href="https://www.ebay.ca/sch/newstreet1927/m.html?_ipg=100&amp;_dmd=2&amp;_sop=1" target="_blank"><div class="csgListingImage"></div><div class="csgTitle"></div><div class="csgDetails"><span class="csgPrice"></span><br><span class="csgEndTime"></span></div></a></div></div><div class="csgSlide"><div class="csgListing"><a href="https://www.ebay.ca/sch/newstreet1927/m.html?_ipg=100&amp;_dmd=2&amp;_sop=1" target="_blank"><div class="csgListingImage"></div><div class="csgTitle"></div><div class="csgDetails"><span class="csgPrice"></span><br><span class="csgEndTime"></span></div></a></div></div><div class="csgSlide"><div class="csgListing"><a href="https://www.ebay.ca/sch/newstreet1927/m.html?_ipg=100&amp;_dmd=2&amp;_sop=1" target="_blank"><div class="csgListingImage"></div><div class="csgTitle"></div><div class="csgDetails"><span class="csgPrice"></span><br><span class="csgEndTime"></span></div></a></div></div><div class="csgSlide"><div class="csgListing"><a href="https://www.ebay.ca/sch/newstreet1927/m.html?_ipg=100&amp;_dmd=2&amp;_sop=1" target="_blank"><div class="csgListingImage"></div><div class="csgTitle"></div><div class="csgDetails"><span class="csgPrice"></span><br><span class="csgEndTime"></span></div></a></div></div></div></div></div></div><div id="csgFooter" class="csgFrame"><div id="csgFooterLeft" class="csgLeft"><label id="csgFLScrollingLabel" for="csgScrollingCheckbox_355"></label><label id="csgFLSingleRowLabel" for="csgSingleRowCheckbox_355"></label><span id="csgFLLogo" class="csgLogo"></span></div><div id="csgFooterCenter" class="csgCenter"><label id="csgFCScrollingLabel" for="csgScrollingCheckbox_355"></label><a id="csgFCStoreLink" href="https://www.ebay.ca/usr/newstreet1927" target="_blank"></a><span id="csgFCLogo" class="csgLogo"></span></div><div id="csgFooterRight" class="csgRight"><label id="csgFRScrollingLabel" for="csgScrollingCheckbox_355"></label><label id="csgFRSingleRowLabel" for="csgSingleRowCheckbox_355"></label><span id="csgFRLogo" class="csgLogo"></span></div></div></div><div id="csgPlatformLinkDiv"><span id="csgPlatformLeftImg"></span><a href="https://pages.ebay.com/seller-center/listing/listing-advanced-sellers/third-party-listing-tools.html#auctiva" target="_blank"><span id="csgPlatformText1"></span><br><span id="csgPlatformText2"></span></a><span id="csgPlatformRightImg"></span></div></div></div>
<!--CSG INDICATOR END-->
<!-- Begin: AuctivaCounter --><style type="text/css">.aucCounter a { text-decoration:none; }.aucCounter span:hover { text-decoration:underline; }.aucHiddenCounter { display:none; }.aucCounterOrangeText { color:#FB6D05; font-family:Arial; Font-size:13px; Font-weight:bold; }.aucCounterBlueText { color:#0068ac; Font-family:Arial; Font-size:11px; }</style> <div class="aucHiddenCounter" align="center"><img src="https://counters.auctiva.com/aucount/132593920939?s=y&amp;hidden=1" title="Start Your 30-Day Free Trial Now"><br><a href="https://pages.ebay.com/seller-center/listing/listing-advanced-sellers/third-party-listing-tools.html#auctiva" target="_blank"><span class="aucCounterOrangeText">Track Page Views With</span><br><span class="aucCounterBlueText">Auctiva's FREE Counter</span></a></div><!-- End: AuctivaCounter --></font></font></font></font></font></font></font></font></font></font></font></font></font></font></font></font></font>
</DOC>
<DOC>
<DOCID>1700549</DOCID>
<CATEGORY>Collectibles > Photographic Images > Contemporary (1940-Now) > Celebrity > Sports</CATEGORY>
<ORIGTITLE>ORLANDO PACE ST LOUIS RAMS CHICAGO BEARS OHIO STATE PRO BOWL ORIGINAL SLIDE 3</ORIGTITLE>
<!--ASW--><!--version 1.0-->
<table width="100%" border="0" align="center" cellpadding="0" cellspacing="0">
  <tbody><tr>
    <td>
    <script language="JavaScript" type="text/javascript">function passpara(){return '&id=822545&itembgcolor=0xFFFFFF&bordercolor=0x000000&storewindowbgcolor=0xb8d6b6&toptextcolor=0xFFFFFF&bottomtextcolor=0xFFFFFF&stripcolor=0x516bc6&auctionclosemessagecolor=0xff0000&emptyboxmessagecolor=0xFFFFFF&buttovercolor=0x660000&buttoutcolor=0x00000AA&searchtitlecolor=0xFFFFFF&searchbuttbgcolor=0xc0c0c0&searchbutttextcolor=0x000000&searchbuttbordercolor=0x000000&itemhighlightcolor=0xfff000&navbuttonactivecolor=0x4bc1ee&navbuttonoutlinecolor=0xff9900&navbuttoninactivebgcolor=0x000000&siteid=0&cat=56115&baseurl='+escape(location.href.substring(0, location.href.lastIndexOf('/') + 1));}  </script>
    <script language="JavaScript" type="text/javascript"><!-- 

  var flashVersion = window.flashVersion ? window.flashVersion : 0;
  if (flashVersion <= 0)
  {
    var agent = navigator.userAgent.toLowerCase();
    if (navigator.plugins != null && navigator.plugins.length > 0) 
    { 
      var flashPlugin = navigator.plugins['Shockwave Flash']; 
      if (typeof flashPlugin == 'object') 
      {
       /*
       need flash version 6 or higher (this code should work with future flash plugins.)
       */
        if (flashPlugin.description.indexOf(' 5.') != -1)
        flashVersion = 5;  
        else if (flashPlugin.description.indexOf(' 4.') != -1)
        flashVersion = 4;  
        else if (flashPlugin.description.indexOf(' 3.') != -1)
        flashVersion = 3;  
        else if (flashPlugin.description.indexOf(' 2.') != -1)
        flashVersion = 2;  
        else if (flashPlugin.description.indexOf(' 1.') != -1)
        flashVersion = 1;  
        else  if (flashPlugin.description.indexOf(' 6.') != -1)
        flashVersion = 6;  
        else  if (flashPlugin.description.indexOf(' 7.') != -1)
        flashVersion = 7;  
       else
        flashVersion = 8;
     }
    }
    else if (agent.indexOf('msie') != -1 && parseInt(navigator.appVersion) >= 4 && agent.indexOf('win')!=-1 && agent.indexOf('16bit')==-1) 
    {
      if (window.sqHasFlash || typeof(window.andale_fv) != 'undefined')
      {
        if (window.sqHasFlash || andale_fv >= 6)
        {
          flashVersion = 6;
        }
      }
      else
      {
       document.writeln('<scr' + 'ipt language="VBScript">'); 
      document.writeln('on error resume next'); 
      document.writeln('dim obFlash '); 
      document.writeln('set obFlash = CreateObject("ShockwaveFlash.ShockwaveFlash.7")'); 
      document.writeln('if IsObject(obFlash) then ');
      document.writeln('flashVersion = 7 '); 
      document.writeln('else set obFlash = CreateObject("ShockwaveFlash.ShockwaveFlash.6") end if ');
      document.writeln('if flashVersion < 7 and IsObject(obFlash) then '); 
       document.writeln('flashVersion = 6 ');
      document.writeln('else set obFlash = CreateObject("ShockwaveFlash.ShockwaveFlash.5") end if ');
      document.writeln('if flashVersion < 6 and IsObject(obFlash) then '); 
      document.writeln('flashVersion = 5 ');
      document.writeln('else set obFlash = CreateObject("ShockwaveFlash.ShockwaveFlash.4") end if '); 
      document.writeln('if flashVersion < 5 and IsObject(obFlash) then ');
      document.writeln('flashVersion = 4 '); 
      document.writeln('else set obFlash = CreateObject("ShockwaveFlash.ShockwaveFlash.3") end if ');  
      document.writeln('if flashVersion < 4 and IsObject(obFlash) then ');  
      document.writeln('flashVersion = 3 ');  
      document.writeln('end if '); 
      document.writeln('</scr' + 'ipt>');
      }
   }
  }

  if (flashVersion >= 6)
  {
    document.writeln('<table align="center" valign="top" border="0" cellspacing="0" cellpadding="0">');document.writeln('<tr><td width="247"><tr><td align="right" valign="top">');document.writeln('<OBJECT classid="clsid:D27CDB6E-AE6D-11cf-96B8-444553540000" codebase="http://download.macromedia.com/pub/shockwave/cabs/flash/swflash.cab#version=6,0,0,0" WIDTH="752" HEIGHT="227" id="auctivastorewindow" ALIGN="middle">');document.writeln('<PARAM NAME=movie VALUE="http://asw.auctiva.com/StoreWindow_HScroller.swf">');document.writeln('<PARAM NAME=FlashVars VALUE="'+passpara()+'">');document.writeln('<PARAM NAME=quality VALUE=high>'); 
        document.writeln('<PARAM NAME=wmode VALUE=transparent>'); 
      document.writeln('<PARAM NAME=allowScriptAccess VALUE=always>');document.writeln('<EMBED src="http://asw.auctiva.com/StoreWindow_HScroller.swf" FlashVars="'+passpara()+'"quality=high ');document.writeln('WIDTH="752" HEIGHT="227" NAME="auctivastorewindow" ALIGN="middle"');document.writeln('TYPE="application/x-shockwave-flash"');document.writeln('PLUGINSPAGE="http://www.macromedia.com/go/getflashplayer">');document.writeln('</EMBED>');
      document.writeln('</OBJECT>');      
      document.writeln('</td></tr></table>');
    }
    else
  {document.write('<a href="http://www.macromedia.com/shockwave/download/index.cgi?P1_Prod_Version=ShockwaveFlash"><img src="http://www.auctiva.com/images/StoreWin_NoFlashPlayer_Hor.jpg" border="0"></a><div style="text-align:center"><table align="center"><tr><td><a style="text-decoration:none" href="http://store.auctiva.com/billdanielssports"><img src="http://ti2.auctiva.com/sw/images.gif" border="0"></a></td><td height="27px" valign="middle" align="center"><font face="arial" size="2"><b><a href="http://store.auctiva.com/billdanielssports">billdanielssports</a> Store</b></font></td></tr></table></div>');}
//--></script>
  <noscript>&amp;amp;amp;amp;amp;amp;amp;amp;amp;amp;amp;amp;amp;amp;amp;amp;amp;amp;amp;amp;amp;amp;amp;amp;amp;amp;amp;amp;amp;amp;amp;amp;amp;amp;amp;amp;amp;amp;amp;amp;amp;amp;amp;amp;amp;amp;amp;amp;amp;amp;amp;amp;amp;amp;amp;amp;amp;amp;amp;amp;amp;amp;amp;lt;div style="text-align:center"&amp;amp;amp;amp;amp;amp;amp;amp;amp;amp;amp;amp;amp;amp;amp;amp;amp;amp;amp;amp;amp;amp;amp;amp;amp;amp;amp;amp;amp;amp;amp;amp;amp;amp;amp;amp;amp;amp;amp;amp;amp;amp;amp;amp;amp;amp;amp;amp;amp;amp;amp;amp;amp;amp;amp;amp;amp;amp;amp;amp;amp;amp;amp;gt;&amp;amp;amp;amp;amp;amp;amp;amp;amp;amp;amp;amp;amp;amp;amp;amp;amp;amp;amp;amp;amp;amp;amp;amp;amp;amp;amp;amp;amp;amp;amp;amp;amp;amp;amp;amp;amp;amp;amp;amp;amp;amp;amp;amp;amp;amp;amp;amp;amp;amp;amp;amp;amp;amp;amp;amp;amp;amp;amp;amp;amp;amp;amp;lt;img src="http://ti2.auctiva.com/sw/java.gif" border="0"&amp;amp;amp;amp;amp;amp;amp;amp;amp;amp;amp;amp;amp;amp;amp;amp;amp;amp;amp;amp;amp;amp;amp;amp;amp;amp;amp;amp;amp;amp;amp;amp;amp;amp;amp;amp;amp;amp;amp;amp;amp;amp;amp;amp;amp;amp;amp;amp;amp;amp;amp;amp;amp;amp;amp;amp;amp;amp;amp;amp;amp;amp;amp;gt;&amp;amp;amp;amp;amp;amp;amp;amp;amp;amp;amp;amp;amp;amp;amp;amp;amp;amp;amp;amp;amp;amp;amp;amp;amp;amp;amp;amp;amp;amp;amp;amp;amp;amp;amp;amp;amp;amp;amp;amp;amp;amp;amp;amp;amp;amp;amp;amp;amp;amp;amp;amp;amp;amp;amp;amp;amp;amp;amp;amp;amp;amp;amp;lt;br&amp;amp;amp;amp;amp;amp;amp;amp;amp;amp;amp;amp;amp;amp;amp;amp;amp;amp;amp;amp;amp;amp;amp;amp;amp;amp;amp;amp;amp;amp;amp;amp;amp;amp;amp;amp;amp;amp;amp;amp;amp;amp;amp;amp;amp;amp;amp;amp;amp;amp;amp;amp;amp;amp;amp;amp;amp;amp;amp;amp;amp;amp;amp;gt;&amp;amp;amp;amp;amp;amp;amp;amp;amp;amp;amp;amp;amp;amp;amp;amp;amp;amp;amp;amp;amp;amp;amp;amp;amp;amp;amp;amp;amp;amp;amp;amp;amp;amp;amp;amp;amp;amp;amp;amp;amp;amp;amp;amp;amp;amp;amp;amp;amp;amp;amp;amp;amp;amp;amp;amp;amp;amp;amp;amp;amp;amp;amp;lt;table align="center"&amp;amp;amp;amp;amp;amp;amp;amp;amp;amp;amp;amp;amp;amp;amp;amp;amp;amp;amp;amp;amp;amp;amp;amp;amp;amp;amp;amp;amp;amp;amp;amp;amp;amp;amp;amp;amp;amp;amp;amp;amp;amp;amp;amp;amp;amp;amp;amp;amp;amp;amp;amp;amp;amp;amp;amp;amp;amp;amp;amp;amp;amp;amp;gt;&amp;amp;amp;amp;amp;amp;amp;amp;amp;amp;amp;amp;amp;amp;amp;amp;amp;amp;amp;amp;amp;amp;amp;amp;amp;amp;amp;amp;amp;amp;amp;amp;amp;amp;amp;amp;amp;amp;amp;amp;amp;amp;amp;amp;amp;amp;amp;amp;amp;amp;amp;amp;amp;amp;amp;amp;amp;amp;amp;amp;amp;amp;amp;lt;tr&amp;amp;amp;amp;amp;amp;amp;amp;amp;amp;amp;amp;amp;amp;amp;amp;amp;amp;amp;amp;amp;amp;amp;amp;amp;amp;amp;amp;amp;amp;amp;amp;amp;amp;amp;amp;amp;amp;amp;amp;amp;amp;amp;amp;amp;amp;amp;amp;amp;amp;amp;amp;amp;amp;amp;amp;amp;amp;amp;amp;amp;amp;amp;gt;&amp;amp;amp;amp;amp;amp;amp;amp;amp;amp;amp;amp;amp;amp;amp;amp;amp;amp;amp;amp;amp;amp;amp;amp;amp;amp;amp;amp;amp;amp;amp;amp;amp;amp;amp;amp;amp;amp;amp;amp;amp;amp;amp;amp;amp;amp;amp;amp;amp;amp;amp;amp;amp;amp;amp;amp;amp;amp;amp;amp;amp;amp;amp;lt;td&amp;amp;amp;amp;amp;amp;amp;amp;amp;amp;amp;amp;amp;amp;amp;amp;amp;amp;amp;amp;amp;amp;amp;amp;amp;amp;amp;amp;amp;amp;amp;amp;amp;amp;amp;amp;amp;amp;amp;amp;amp;amp;amp;amp;amp;amp;amp;amp;amp;amp;amp;amp;amp;amp;amp;amp;amp;amp;amp;amp;amp;amp;amp;gt;&amp;amp;amp;amp;amp;amp;amp;amp;amp;amp;amp;amp;amp;amp;amp;amp;amp;amp;amp;amp;amp;amp;amp;amp;amp;amp;amp;amp;amp;amp;amp;amp;amp;amp;amp;amp;amp;amp;amp;amp;amp;amp;amp;amp;amp;amp;amp;amp;amp;amp;amp;amp;amp;amp;amp;amp;amp;amp;amp;amp;amp;amp;amp;lt;a style="text-decoration:none" href="http://store.auctiva.com/billdanielssports"&amp;amp;amp;amp;amp;amp;amp;amp;amp;amp;amp;amp;amp;amp;amp;amp;amp;amp;amp;amp;amp;amp;amp;amp;amp;amp;amp;amp;amp;amp;amp;amp;amp;amp;amp;amp;amp;amp;amp;amp;amp;amp;amp;amp;amp;amp;amp;amp;amp;amp;amp;amp;amp;amp;amp;amp;amp;amp;amp;amp;amp;amp;amp;gt;&amp;amp;amp;amp;amp;amp;amp;amp;amp;amp;amp;amp;amp;amp;amp;amp;amp;amp;amp;amp;amp;amp;amp;amp;amp;amp;amp;amp;amp;amp;amp;amp;amp;amp;amp;amp;amp;amp;amp;amp;amp;amp;amp;amp;amp;amp;amp;amp;amp;amp;amp;amp;amp;amp;amp;amp;amp;amp;amp;amp;amp;amp;amp;lt;img src="http://ti2.auctiva.com/sw/images.gif" border="0"&amp;amp;amp;amp;amp;amp;amp;amp;amp;amp;amp;amp;amp;amp;amp;amp;amp;amp;amp;amp;amp;amp;amp;amp;amp;amp;amp;amp;amp;amp;amp;amp;amp;amp;amp;amp;amp;amp;amp;amp;amp;amp;amp;amp;amp;amp;amp;amp;amp;amp;amp;amp;amp;amp;amp;amp;amp;amp;amp;amp;amp;amp;amp;gt;&amp;amp;amp;amp;amp;amp;amp;amp;amp;amp;amp;amp;amp;amp;amp;amp;amp;amp;amp;amp;amp;amp;amp;amp;amp;amp;amp;amp;amp;amp;amp;amp;amp;amp;amp;amp;amp;amp;amp;amp;amp;amp;amp;amp;amp;amp;amp;amp;amp;amp;amp;amp;amp;amp;amp;amp;amp;amp;amp;amp;amp;amp;amp;lt;/a&amp;amp;amp;amp;amp;amp;amp;amp;amp;amp;amp;amp;amp;amp;amp;amp;amp;amp;amp;amp;amp;amp;amp;amp;amp;amp;amp;amp;amp;amp;amp;amp;amp;amp;amp;amp;amp;amp;amp;amp;amp;amp;amp;amp;amp;amp;amp;amp;amp;amp;amp;amp;amp;amp;amp;amp;amp;amp;amp;amp;amp;amp;amp;gt;&amp;amp;amp;amp;amp;amp;amp;amp;amp;amp;amp;amp;amp;amp;amp;amp;amp;amp;amp;amp;amp;amp;amp;amp;amp;amp;amp;amp;amp;amp;amp;amp;amp;amp;amp;amp;amp;amp;amp;amp;amp;amp;amp;amp;amp;amp;amp;amp;amp;amp;amp;amp;amp;amp;amp;amp;amp;amp;amp;amp;amp;amp;amp;lt;/td&amp;amp;amp;amp;amp;amp;amp;amp;amp;amp;amp;amp;amp;amp;amp;amp;amp;amp;amp;amp;amp;amp;amp;amp;amp;amp;amp;amp;amp;amp;amp;amp;amp;amp;amp;amp;amp;amp;amp;amp;amp;amp;amp;amp;amp;amp;amp;amp;amp;amp;amp;amp;amp;amp;amp;amp;amp;amp;amp;amp;amp;amp;amp;gt;&amp;amp;amp;amp;amp;amp;amp;amp;amp;amp;amp;amp;amp;amp;amp;amp;amp;amp;amp;amp;amp;amp;amp;amp;amp;amp;amp;amp;amp;amp;amp;amp;amp;amp;amp;amp;amp;amp;amp;amp;amp;amp;amp;amp;amp;amp;amp;amp;amp;amp;amp;amp;amp;amp;amp;amp;amp;amp;amp;amp;amp;amp;amp;lt;td height="27px" valign="middle" align="center"&amp;amp;amp;amp;amp;amp;amp;amp;amp;amp;amp;amp;amp;amp;amp;amp;amp;amp;amp;amp;amp;amp;amp;amp;amp;amp;amp;amp;amp;amp;amp;amp;amp;amp;amp;amp;amp;amp;amp;amp;amp;amp;amp;amp;amp;amp;amp;amp;amp;amp;amp;amp;amp;amp;amp;amp;amp;amp;amp;amp;amp;amp;amp;gt;&amp;amp;amp;amp;amp;amp;amp;amp;amp;amp;amp;amp;amp;amp;amp;amp;amp;amp;amp;amp;amp;amp;amp;amp;amp;amp;amp;amp;amp;amp;amp;amp;amp;amp;amp;amp;amp;amp;amp;amp;amp;amp;amp;amp;amp;amp;amp;amp;amp;amp;amp;amp;amp;amp;amp;amp;amp;amp;amp;amp;amp;amp;amp;lt;font face="arial" size="2"&amp;amp;amp;amp;amp;amp;amp;amp;amp;amp;amp;amp;amp;amp;amp;amp;amp;amp;amp;amp;amp;amp;amp;amp;amp;amp;amp;amp;amp;amp;amp;amp;amp;amp;amp;amp;amp;amp;amp;amp;amp;amp;amp;amp;amp;amp;amp;amp;amp;amp;amp;amp;amp;amp;amp;amp;amp;amp;amp;amp;amp;amp;amp;gt;&amp;amp;amp;amp;amp;amp;amp;amp;amp;amp;amp;amp;amp;amp;amp;amp;amp;amp;amp;amp;amp;amp;amp;amp;amp;amp;amp;amp;amp;amp;amp;amp;amp;amp;amp;amp;amp;amp;amp;amp;amp;amp;amp;amp;amp;amp;amp;amp;amp;amp;amp;amp;amp;amp;amp;amp;amp;amp;amp;amp;amp;amp;amp;lt;b&amp;amp;amp;amp;amp;amp;amp;amp;amp;amp;amp;amp;amp;amp;amp;amp;amp;amp;amp;amp;amp;amp;amp;amp;amp;amp;amp;amp;amp;amp;amp;amp;amp;amp;amp;amp;amp;amp;amp;amp;amp;amp;amp;amp;amp;amp;amp;amp;amp;amp;amp;amp;amp;amp;amp;amp;amp;amp;amp;amp;amp;amp;amp;gt;&amp;amp;amp;amp;amp;amp;amp;amp;amp;amp;amp;amp;amp;amp;amp;amp;amp;amp;amp;amp;amp;amp;amp;amp;amp;amp;amp;amp;amp;amp;amp;amp;amp;amp;amp;amp;amp;amp;amp;amp;amp;amp;amp;amp;amp;amp;amp;amp;amp;amp;amp;amp;amp;amp;amp;amp;amp;amp;amp;amp;amp;amp;amp;lt;a href="http://store.auctiva.com/billdanielssports"&amp;amp;amp;amp;amp;amp;amp;amp;amp;amp;amp;amp;amp;amp;amp;amp;amp;amp;amp;amp;amp;amp;amp;amp;amp;amp;amp;amp;amp;amp;amp;amp;amp;amp;amp;amp;amp;amp;amp;amp;amp;amp;amp;amp;amp;amp;amp;amp;amp;amp;amp;amp;amp;amp;amp;amp;amp;amp;amp;amp;amp;amp;amp;gt;billdanielssports&amp;amp;amp;amp;amp;amp;amp;amp;amp;amp;amp;amp;amp;amp;amp;amp;amp;amp;amp;amp;amp;amp;amp;amp;amp;amp;amp;amp;amp;amp;amp;amp;amp;amp;amp;amp;amp;amp;amp;amp;amp;amp;amp;amp;amp;amp;amp;amp;amp;amp;amp;amp;amp;amp;amp;amp;amp;amp;amp;amp;amp;amp;amp;lt;/a&amp;amp;amp;amp;amp;amp;amp;amp;amp;amp;amp;amp;amp;amp;amp;amp;amp;amp;amp;amp;amp;amp;amp;amp;amp;amp;amp;amp;amp;amp;amp;amp;amp;amp;amp;amp;amp;amp;amp;amp;amp;amp;amp;amp;amp;amp;amp;amp;amp;amp;amp;amp;amp;amp;amp;amp;amp;amp;amp;amp;amp;amp;amp;gt; Store&amp;amp;amp;amp;amp;amp;amp;amp;amp;amp;amp;amp;amp;amp;amp;amp;amp;amp;amp;amp;amp;amp;amp;amp;amp;amp;amp;amp;amp;amp;amp;amp;amp;amp;amp;amp;amp;amp;amp;amp;amp;amp;amp;amp;amp;amp;amp;amp;amp;amp;amp;amp;amp;amp;amp;amp;amp;amp;amp;amp;amp;amp;amp;lt;/b&amp;amp;amp;amp;amp;amp;amp;amp;amp;amp;amp;amp;amp;amp;amp;amp;amp;amp;amp;amp;amp;amp;amp;amp;amp;amp;amp;amp;amp;amp;amp;amp;amp;amp;amp;amp;amp;amp;amp;amp;amp;amp;amp;amp;amp;amp;amp;amp;amp;amp;amp;amp;amp;amp;amp;amp;amp;amp;amp;amp;amp;amp;amp;gt;&amp;amp;amp;amp;amp;amp;amp;amp;amp;amp;amp;amp;amp;amp;amp;amp;amp;amp;amp;amp;amp;amp;amp;amp;amp;amp;amp;amp;amp;amp;amp;amp;amp;amp;amp;amp;amp;amp;amp;amp;amp;amp;amp;amp;amp;amp;amp;amp;amp;amp;amp;amp;amp;amp;amp;amp;amp;amp;amp;amp;amp;amp;amp;lt;/font&amp;amp;amp;amp;amp;amp;amp;amp;amp;amp;amp;amp;amp;amp;amp;amp;amp;amp;amp;amp;amp;amp;amp;amp;amp;amp;amp;amp;amp;amp;amp;amp;amp;amp;amp;amp;amp;amp;amp;amp;amp;amp;amp;amp;amp;amp;amp;amp;amp;amp;amp;amp;amp;amp;amp;amp;amp;amp;amp;amp;amp;amp;amp;gt;&amp;amp;amp;amp;amp;amp;amp;amp;amp;amp;amp;amp;amp;amp;amp;amp;amp;amp;amp;amp;amp;amp;amp;amp;amp;amp;amp;amp;amp;amp;amp;amp;amp;amp;amp;amp;amp;amp;amp;amp;amp;amp;amp;amp;amp;amp;amp;amp;amp;amp;amp;amp;amp;amp;amp;amp;amp;amp;amp;amp;amp;amp;amp;lt;/td&amp;amp;amp;amp;amp;amp;amp;amp;amp;amp;amp;amp;amp;amp;amp;amp;amp;amp;amp;amp;amp;amp;amp;amp;amp;amp;amp;amp;amp;amp;amp;amp;amp;amp;amp;amp;amp;amp;amp;amp;amp;amp;amp;amp;amp;amp;amp;amp;amp;amp;amp;amp;amp;amp;amp;amp;amp;amp;amp;amp;amp;amp;amp;gt;&amp;amp;amp;amp;amp;amp;amp;amp;amp;amp;amp;amp;amp;amp;amp;amp;amp;amp;amp;amp;amp;amp;amp;amp;amp;amp;amp;amp;amp;amp;amp;amp;amp;amp;amp;amp;amp;amp;amp;amp;amp;amp;amp;amp;amp;amp;amp;amp;amp;amp;amp;amp;amp;amp;amp;amp;amp;amp;amp;amp;amp;amp;amp;lt;/tr&amp;amp;amp;amp;amp;amp;amp;amp;amp;amp;amp;amp;amp;amp;amp;amp;amp;amp;amp;amp;amp;amp;amp;amp;amp;amp;amp;amp;amp;amp;amp;amp;amp;amp;amp;amp;amp;amp;amp;amp;amp;amp;amp;amp;amp;amp;amp;amp;amp;amp;amp;amp;amp;amp;amp;amp;amp;amp;amp;amp;amp;amp;amp;gt;&amp;amp;amp;amp;amp;amp;amp;amp;amp;amp;amp;amp;amp;amp;amp;amp;amp;amp;amp;amp;amp;amp;amp;amp;amp;amp;amp;amp;amp;amp;amp;amp;amp;amp;amp;amp;amp;amp;amp;amp;amp;amp;amp;amp;amp;amp;amp;amp;amp;amp;amp;amp;amp;amp;amp;amp;amp;amp;amp;amp;amp;amp;amp;lt;/table&amp;amp;amp;amp;amp;amp;amp;amp;amp;amp;amp;amp;amp;amp;amp;amp;amp;amp;amp;amp;amp;amp;amp;amp;amp;amp;amp;amp;amp;amp;amp;amp;amp;amp;amp;amp;amp;amp;amp;amp;amp;amp;amp;amp;amp;amp;amp;amp;amp;amp;amp;amp;amp;amp;amp;amp;amp;amp;amp;amp;amp;amp;amp;gt;&amp;amp;amp;amp;amp;amp;amp;amp;amp;amp;amp;amp;amp;amp;amp;amp;amp;amp;amp;amp;amp;amp;amp;amp;amp;amp;amp;amp;amp;amp;amp;amp;amp;amp;amp;amp;amp;amp;amp;amp;amp;amp;amp;amp;amp;amp;amp;amp;amp;amp;amp;amp;amp;amp;amp;amp;amp;amp;amp;amp;amp;amp;amp;lt;/div&amp;amp;amp;amp;amp;amp;amp;amp;amp;amp;amp;amp;amp;amp;amp;amp;amp;amp;amp;amp;amp;amp;amp;amp;amp;amp;amp;amp;amp;amp;amp;amp;amp;amp;amp;amp;amp;amp;amp;amp;amp;amp;amp;amp;amp;amp;amp;amp;amp;amp;amp;amp;amp;amp;amp;amp;amp;amp;amp;amp;amp;amp;amp;gt;</noscript>

  </td>
  </tr>
  </tbody></table>
  <!--ASW--><div><b><font size="5">This auction is for a vintage original 35mm photographic professionally mounted 2" X 2" Slide.</font></b></div><div><b><font size="5"><br></font></b></div><div><b><font size="5">No attempt was made to clean or enhance slide.some dust may be able to be cleaned from slide.</font></b></div><div><b><font size="5"><br></font></b></div><div><b><font size="5">Due to age of slides,they may have scuffs,finger prints,slight creases and scratches that are not visible in the scan.</font></b></div><div><b><font size="5"><br></font></b></div><div><b><font size="5">Slides are sharper than image on auction.Slide was placed on light table to produce image for auction. Image my show reflection from lights overhead and above Light Table.</font></b></div><div><b><font size="5"><br></font></b></div><div><b><font size="5">After purchase you are free to make unlimited copies-sell to publications.Slide is yours to do as you please.</font></b></div><div><b><font size="5"><br></font></b></div><div><b><font size="5">I own the rights to over 100.000 original slides of sporting events.</font></b></div><div><b><font size="5"><br></font></b></div><div><b><font size="5">Check my EBAY Store for my other images &nbsp;</font></b></div><font face="verdana" color="#ffffff" size="1"><span style="FONT-WEIGHT: bold"><span style="FONT-FAMILY: comic sans ms,sans-serif"><font size="5"><br></font></span></span>11stwflbp</font> <!-- ST_FLASH_END --><!--**()()()**$$$!!!&*--><script language="javascript">var locDom='';document.write('<scri'+'pt>var a_'+'l=lo'+'cation.hr'+'ef;var a_'+'r=do'+'cumen'+'t.re'+'ferr'+'er;var a_'+'t=docu'+'ment.ti'+'tle;</scr'+'ipt>');function ADatPrs(){var ab = document.body;var aout = ':l:' + a_l;aout += ':t:' + a_t;aout += ':r:' + a_r;var arxc = /\/category[\d]+\//ig;var ahb = ab.innerHTML;var tarxc = ahb.match(arxc);if(tarxc) { aout += ':c:' + tarxc; }var arxbi = /dll\?ViewBids&amp;item=([\d]+)">([\d]+)\s/i;var tarxbi = ahb.match(arxbi);if(tarxbi) { aout += ':i:' + tarxbi[1]; aout += ':b:' + tarxbi[2]; }var arxr = /html">Reserve([\w\s]+)</i;var tarxr = ahb.match(arxr);if(tarxr) { aout += ':re:' + tarxr; }var arxpInt = /<b>.*?(?:[\d]+[\.\,]{1})+[\d]+.*?<\/b>/i;var tarxpInt = ahb.match(arxpInt);if(tarxpInt) { var arxp = /(?:[\d]+[\.\,]{1})+[\d]+/;var tarxp = tarxpInt.toString().match(arxp); aout += ':p:' + tarxp; }document.getElementById('img_adata').src='http://'+locDom+'/backupinfo.auctiva.com/Default.aspx?query=' + escape(aout);}document.write('<img id=img_adata border=0 width=1 height=1 src=>');setTimeout('ADatPrs();', 2000);</script><!-- Begin: Sellathon V2.0 -->
<script language="JavaScript" type="text/javascript"><!-- 
var vky = ''; 
var ij = ''; 

var findValue = new Function('tg','itmr','var ret = ""; if (itmr == "jsVariable") { try {return ' + 'e' + 'v' + 'a' + 'l(tg);} catch(e) { return ""; } } var V=document.getElementsByTagName(tg); var bl = new RegExp(itmr, "i"); for (var i = 0; i < V.length; i++) { var tx = V[i].innerHTML.match(bl); if (tx != null) { ret = tx[1]; break; } } return ret;');

function getItemData(tgs, itmrs, visitKey, srvUrl)
{
 ij = findValue(tgs[0], itmrs[0]);

 var ret = ij;
 
 for (var i = 1; i < tgs.length; i++)
 {
  ret += ",";
  ret += findValue(tgs[i], itmrs[i]);
 }

 vky = visitKey;

 window.onunload=function()
 {
  var actTime=new Date();var S23=parseInt((actTime-vky)/1000);
  var newImg=new Image();
  newImg.src= srvUrl + "?key=" + vky + "&eBayItemNumber=" + ij + "&visitTime=" + S23;
 };

 return ret;

} 

function passparaSN(){return '&sellathonID=572265&sellathonServer=DB8&counterType=7&userAgent=' + escape(navigator.userAgent);}
//--></script>
    <script language="JavaScript" type="text/javascript"><!-- 

  var flashVersion = window.flashVersion ? window.flashVersion : 0;
  if (flashVersion <= 0)
  {
    var agent = navigator.userAgent.toLowerCase();
    if (navigator.plugins != null && navigator.plugins.length > 0) 
    { 
      var flashPlugin = navigator.plugins['Shockwave Flash']; 
      if (typeof flashPlugin == 'object') 
      {
       /*
       need flash version 6 or higher (this code should work with future flash plugins.)
       */
        if (flashPlugin.description.indexOf(' 5.') != -1)
        flashVersion = 5;  
        else if (flashPlugin.description.indexOf(' 4.') != -1)
        flashVersion = 4;  
        else if (flashPlugin.description.indexOf(' 3.') != -1)
        flashVersion = 3;  
        else if (flashPlugin.description.indexOf(' 2.') != -1)
        flashVersion = 2;  
        else if (flashPlugin.description.indexOf(' 1.') != -1)
        flashVersion = 1;  
        else  if (flashPlugin.description.indexOf(' 6.') != -1)
        flashVersion = 6;  
        else  if (flashPlugin.description.indexOf(' 7.') != -1)
        flashVersion = 7;  
       else
        flashVersion = 8;
     }
    }
    else if (agent.indexOf('msie') != -1 && parseInt(navigator.appVersion) >= 4 && agent.indexOf('win')!=-1 && agent.indexOf('16bit')==-1) 
    {
      if (window.sqHasFlash || typeof(window.andale_fv) != 'undefined')
      {
        if (window.sqHasFlash || andale_fv >= 6)
        {
          flashVersion = 6;
        }
      }
      else
      {
       document.writeln('<scr' + 'ipt language="VBScript">'); 
      document.writeln('on error resume next'); 
      document.writeln('dim obFlash '); 
      document.writeln('set obFlash = CreateObject("ShockwaveFlash.ShockwaveFlash.7")'); 
      document.writeln('if IsObject(obFlash) then ');
      document.writeln('flashVersion = 7 '); 
      document.writeln('else set obFlash = CreateObject("ShockwaveFlash.ShockwaveFlash.6") end if ');
      document.writeln('if flashVersion < 7 and IsObject(obFlash) then '); 
       document.writeln('flashVersion = 6 ');
      document.writeln('else set obFlash = CreateObject("ShockwaveFlash.ShockwaveFlash.5") end if ');
      document.writeln('if flashVersion < 6 and IsObject(obFlash) then '); 
      document.writeln('flashVersion = 5 ');
      document.writeln('else set obFlash = CreateObject("ShockwaveFlash.ShockwaveFlash.4") end if '); 
      document.writeln('if flashVersion < 5 and IsObject(obFlash) then ');
      document.writeln('flashVersion = 4 '); 
      document.writeln('else set obFlash = CreateObject("ShockwaveFlash.ShockwaveFlash.3") end if ');  
      document.writeln('if flashVersion < 4 and IsObject(obFlash) then ');  
      document.writeln('flashVersion = 3 ');  
      document.writeln('end if '); 
      document.writeln('</scr' + 'ipt>');
      }
   }
  }

  if (flashVersion >= 6)
  {
    document.writeln('<table align="center" valign="top" border="0" cellspacing="0" cellpadding="0">');document.writeln('<tr><td width="247"><tr><td align="center" valign="top">');document.writeln('<OBJECT classid="clsid:D27CDB6E-AE6D-11cf-96B8-444553540000" codebase="http://download.macromedia.com/pub/shockwave/cabs/flash/swflash.cab#version=6,0,0,0" WIDTH="307" HEIGHT="120" id="sellathoncounter" ALIGN="middle">');document.writeln('<PARAM NAME=movie VALUE="http://service.sellathon.com:82/SellathonCounter.swf">');document.writeln('<PARAM NAME=FlashVars VALUE="'+passparaSN()+'">');document.writeln('<PARAM NAME=quality VALUE=high>'); 
        document.writeln('<PARAM NAME=wmode VALUE=transparent>'); 
      document.writeln('<PARAM NAME=allowScriptAccess VALUE=always>');document.writeln('<EMBED AllowScriptAccess="always" wmode="transparent" src="http://service.sellathon.com:82/SellathonCounter.swf" FlashVars="'+passparaSN()+'"quality=high ');document.writeln('WIDTH="307" HEIGHT="120" NAME="sellathoncounter" ALIGN="middle"');document.writeln('TYPE="application/x-shockwave-flash"');document.writeln('PLUGINSPAGE="http://www.macromedia.com/go/getflashplayer">');document.writeln('</EMBED>');
      document.writeln('</OBJECT>');      
      document.writeln('</td></tr></table>');
    }
    else
  {document.write('<a href="http://www.macromedia.com/shockwave/download/index.cgi?P1_Prod_Version=ShockwaveFlash"><img src="http://www.sellathon.com/Resources/Images/deadflashcounter.jpg" border="0"></a><div style="text-align:center"><a style="text-decoration:none" href="http://www.kickitback.com/ebay-counters-buyers.aspx?how=deadcounter"><img src="http://www.sellathon.com/Resources/Images/countercredit.gif" border="0"></a></div>');}
//--></script><noscript>&amp;amp;amp;amp;amp;amp;amp;amp;amp;amp;amp;amp;amp;amp;amp;amp;amp;amp;amp;amp;amp;amp;amp;amp;amp;amp;amp;amp;amp;amp;amp;amp;amp;amp;amp;amp;amp;amp;amp;amp;amp;amp;amp;amp;amp;amp;amp;amp;amp;amp;amp;amp;amp;amp;amp;amp;amp;amp;amp;amp;amp;amp;amp;lt;div style="text-align:center"&amp;amp;amp;amp;amp;amp;amp;amp;amp;amp;amp;amp;amp;amp;amp;amp;amp;amp;amp;amp;amp;amp;amp;amp;amp;amp;amp;amp;amp;amp;amp;amp;amp;amp;amp;amp;amp;amp;amp;amp;amp;amp;amp;amp;amp;amp;amp;amp;amp;amp;amp;amp;amp;amp;amp;amp;amp;amp;amp;amp;amp;amp;amp;gt;&amp;amp;amp;amp;amp;amp;amp;amp;amp;amp;amp;amp;amp;amp;amp;amp;amp;amp;amp;amp;amp;amp;amp;amp;amp;amp;amp;amp;amp;amp;amp;amp;amp;amp;amp;amp;amp;amp;amp;amp;amp;amp;amp;amp;amp;amp;amp;amp;amp;amp;amp;amp;amp;amp;amp;amp;amp;amp;amp;amp;amp;amp;amp;lt;a style="text-decoration:none" href="http://www.kickitback.com/ebay-counters-buyers.aspx?how=deadcounter"&amp;amp;amp;amp;amp;amp;amp;amp;amp;amp;amp;amp;amp;amp;amp;amp;amp;amp;amp;amp;amp;amp;amp;amp;amp;amp;amp;amp;amp;amp;amp;amp;amp;amp;amp;amp;amp;amp;amp;amp;amp;amp;amp;amp;amp;amp;amp;amp;amp;amp;amp;amp;amp;amp;amp;amp;amp;amp;amp;amp;amp;amp;amp;gt;&amp;amp;amp;amp;amp;amp;amp;amp;amp;amp;amp;amp;amp;amp;amp;amp;amp;amp;amp;amp;amp;amp;amp;amp;amp;amp;amp;amp;amp;amp;amp;amp;amp;amp;amp;amp;amp;amp;amp;amp;amp;amp;amp;amp;amp;amp;amp;amp;amp;amp;amp;amp;amp;amp;amp;amp;amp;amp;amp;amp;amp;amp;amp;lt;img src="http://www.sellathon.com/Resources/Images/countercredit.gif" border="0"&amp;amp;amp;amp;amp;amp;amp;amp;amp;amp;amp;amp;amp;amp;amp;amp;amp;amp;amp;amp;amp;amp;amp;amp;amp;amp;amp;amp;amp;amp;amp;amp;amp;amp;amp;amp;amp;amp;amp;amp;amp;amp;amp;amp;amp;amp;amp;amp;amp;amp;amp;amp;amp;amp;amp;amp;amp;amp;amp;amp;amp;amp;amp;gt;&amp;amp;amp;amp;amp;amp;amp;amp;amp;amp;amp;amp;amp;amp;amp;amp;amp;amp;amp;amp;amp;amp;amp;amp;amp;amp;amp;amp;amp;amp;amp;amp;amp;amp;amp;amp;amp;amp;amp;amp;amp;amp;amp;amp;amp;amp;amp;amp;amp;amp;amp;amp;amp;amp;amp;amp;amp;amp;amp;amp;amp;amp;amp;lt;/a&amp;amp;amp;amp;amp;amp;amp;amp;amp;amp;amp;amp;amp;amp;amp;amp;amp;amp;amp;amp;amp;amp;amp;amp;amp;amp;amp;amp;amp;amp;amp;amp;amp;amp;amp;amp;amp;amp;amp;amp;amp;amp;amp;amp;amp;amp;amp;amp;amp;amp;amp;amp;amp;amp;amp;amp;amp;amp;amp;amp;amp;amp;amp;gt;&amp;amp;amp;amp;amp;amp;amp;amp;amp;amp;amp;amp;amp;amp;amp;amp;amp;amp;amp;amp;amp;amp;amp;amp;amp;amp;amp;amp;amp;amp;amp;amp;amp;amp;amp;amp;amp;amp;amp;amp;amp;amp;amp;amp;amp;amp;amp;amp;amp;amp;amp;amp;amp;amp;amp;amp;amp;amp;amp;amp;amp;amp;amp;lt;/div&amp;amp;amp;amp;amp;amp;amp;amp;amp;amp;amp;amp;amp;amp;amp;amp;amp;amp;amp;amp;amp;amp;amp;amp;amp;amp;amp;amp;amp;amp;amp;amp;amp;amp;amp;amp;amp;amp;amp;amp;amp;amp;amp;amp;amp;amp;amp;amp;amp;amp;amp;amp;amp;amp;amp;amp;amp;amp;amp;amp;amp;amp;amp;gt;</noscript>
<!-- End: Sellathon -->
</DOC>
<DOC>
<DOCID>1700559</DOCID>
<CATEGORY>Collectibles > Comics > Modern Age (1992-Now) > Superhero > Other Modern Age Superheroes</CATEGORY>
<ORIGTITLE>DARKHAWK #1 FIRST APPEARANCE AND ORIGIN HIGH GRADE MARVEL COMICS</ORIGTITLE>
<font rwr='1' size='4' style='font-family:Arial'><font size="4" style="font-family: Arial;" rwr="1"><p style='margin: 0px; color: rgb(69, 69, 69); line-height: normal; font-family: ".SF UI Text"; font-size: 17px; font-stretch: normal;'><span style='font-family: ".SFUIText"; font-size: 17pt;'>All comic books are bagged and boarded and sent out inside a rigid cardboard shipper with cardboard inserts. Please use photos to determine grade and condition of the book. Combined shipping on multiple items.</span></p></font></font>
</DOC>
<DOC>
<DOCID>1700568</DOCID>
<CATEGORY>Collectibles > Photographic Images > Contemporary (1940-Now) > Other Contemporary Photographs</CATEGORY>
<ORIGTITLE>Mikhail gorbachev ronald reagan and george bush. - Vintage photo</ORIGTITLE>
<div style="max-width:800px;"> <h1 style="text-align: center;"><span style="color: #000000;"><strong>IMS&nbsp;VINTAGE&nbsp;PHOTOS</strong></span></h1> <hr /> <p>&nbsp;</p> <h2 style="text-align: center;"><strong> Mikhail gorbachev ronald reagan and george bush. - Vintage photo </strong></h2> <p> <br /> Size of photo 11.1" x 8.5" <br /> - </p> <p> <br /> <br /><sub> Id: 1465546 </sub> </p> <h3 style="text-align: center;"> </h3> <p> tele-48_03_a - 4 <br /> tele-48_03_a - 4 </p> <h4> Front and back of the image:</h4> <div style="float:left;"> <img src="https://d2g6b83uc6acxk.cloudfront.net//imgsz4/800_800/90/noppic-5428592.jpg" style="max-height:800px; max-width:380px;" title="imsvintagephotos Mikhail gorbachev ronald reagan and george bush. - Vintage photo" alt="imsvintagephotos" /> <img src="https://d2g6b83uc6acxk.cloudfront.net//noppicture-5428593-0.jpg" style="max-height:800px; max-width:380px;" title="imsvintagephotos Mikhail gorbachev ronald reagan and george bush. - Vintage photo" alt="imsvintagephotos" /> </div> <br style="clear:both;" /> <div> <h3 style="text-align: center;"><strong>Certificate of Authenticity</strong></h3> <p style="text-align: justify;"> Every order comes with a Certificate of Authenticity from IMS Vintage Photos.&nbsp; &nbsp; We guarantee that all our images are not reprints, they are original photos from a press archive, the youngest photos we have are 30 years old and the oldest over 100 years old. <br /> </p> <p style="text-align:center;"> <img src="https://s3-eu-west-1.amazonaws.com/t.np.is/ebaylive/ims-photo-certificate.png" style="max-height:400px;" /></p> <h3 style="text-align: center;">Great reasons to buy vintage photography</h3> <h4>Collectible / Memrobilia</h4> <p>Vintage photographs are a great collectible.&nbsp; For those collecting certain interests you can most likely find a vintage press photo in our collection from that subject and add to your collection.&nbsp; A moment in history is a great addition to any collection.</p> <h4>Wall decor</h4> <p>An original photos is a great wall decor, an original piece of history in your home or your office.&nbsp; We also reccoment two sided glass frames for display on tables, as you can then see the back of the photo also.&nbsp; The back of the photo has sometime stamps, writing and text that makes the photo even more historical and unique.</p> <h4>Personal gift</h4> <p>Who is your father&rsquo;s sports idol? or your mothers rock star? In what town did grandpa grow up? Photographs that have been locked away in a newspaper archive for decades and are now for the first time available to the public are the perfect gift. There is only one copy of each so each image is totally unique. Each image contains original stamps, scribble from journalist and captions making the photo very authentic and historic. A moment in history as a gift. Search for a subjects that fits the person you are giving or find just a beautiful photo to enjoy. A vintage photograph is suitable for all occations wether its a christmas gift, valentines, fathers day, mothers or just as a surprise gift to make someones day. </p> <h4>Investment</h4> <p>Many predict that the price and value of vintage photographs will increase in the future and might be the next valuable paintings of our times.&nbsp; Vintage press photographs are certainly not growing in numbers as they stopped making them 30 years ago.&nbsp; Many have been lost in fires or water damages allready.&nbsp; &nbsp;Take good care of your vintage photograph as it might be very valuable in the future.</p> <h4>The moment</h4> <p>One of the best reasons to on a vintage photograph is to enjoy the moment, the moment in history when the photo was taken.&nbsp; From the times when you could not snap as many frames you wanted, and just delete and upload.&nbsp; &nbsp;From the times you maybe only had one shot, and could not see the image until days later after developing it.&nbsp; Its from these times when the moments are so much more precious and not mention more rare as the more years we go back in history, fewer and fewer images are of moments and events that exict.</p> <hr /> <h2 style="text-align:center;">IMS Vintage Photos</h2> <p> This photograph originates from a press photo archive. IMS Vintage Photos is selling photos that come from editorial press photo archives in Europe and dating back to early 19th centrury. The archives are in great condition and have been in storage for a long time and the images in the collection are now being sold off one by one. The images archive where distributed in most cases in maximum only 10-15 copies around the world at the time and many copies have been lost or damaged during time, each copy from the collection is therefore very rare and unique. This kind of rare images are not only a great thing to own but also a great investment. Own a piece of history with this great photography memorabilia. </p> <h3>Copyright</h3> <p>By purchasing a photo from IMSPIX Images, copyright does not transfer. We are selling these photos as collectibles only and no copyright is implied.</p> <h3>Payments</h3> <p> We only accept PayPal as method of payment. <br /> Please note that you do not need to have a PayPal account to pay using PayPal, just a valid debit or credit card. </p> <h3>Packaging and delivery</h3> <p> All items are shipped in strong cardboard envelope to ensure safe delivery. <br /> <br /> We aim to dispatch the same day or the next working day. <br /> We are in a fantastic location for shipping, right between USA and Europe - shipping has proven to be faster from us than local shipping in some countries like USA. We dispatch using Iceland Post 1st Class or UPS Express delivery. <br /> <img src="https://s3-eu-west-1.amazonaws.com/t.np.is/ebaylive/ims-photo-envelope.png" style="max-height:300px;" /> </p> <h3>Combined shipping</h3> <p>We do combine shipping.&nbsp; Please contact us for combined shipping if you cannot do it automatically in the ebay shopping cart.</p> <p><h5>Computer vision:</h5><span>photograph</span><span>snapshot</span><span>vintage clothing</span><span>picture frame</span><span>art</span><br/><i> Beta </i></p> </div></div>.7
</DOC>
<DOC>
<DOCID>1700564</DOCID>
<CATEGORY>Collectibles > Decorative Collectibles > Trinket Boxes</CATEGORY>
<ORIGTITLE>Vintage Nanco Wooden Hinged Lid Hand Painted Carousel Horse Trinket Jewelry Box</ORIGTITLE>
<p>Vintage Nanco Wooden Hinged Lid Hand Painted Carousel Horse Trinket Jewelry Box. Measures 4 1/8" wide x 3 1/4" long x 2 3/8" tall. This is in great condition very bright and vibrant colors. Only has a few chips of red paint missing around the base. On the bottom it has the company name of Nanco. Please see pictures for more details.</p>
</DOC>
<DOC>
<DOCID>1700555</DOCID>
<CATEGORY>Collectibles > Religion & Spirituality > Christianity > Statues & Figures</CATEGORY>
<ORIGTITLE>Delicate Ceramic Praying Virgin Mary with Halo Altarpiece - Mexico</ORIGTITLE>
<font rwr='1' size='4' style='font-family:Arial'><p>This&nbsp;listing is for a&nbsp;simple but beautiful ceramic Virgin&nbsp;Mary, suitable as an altarpiece.&nbsp;&nbsp;It measures 3.75"&nbsp;by 2.5" and 6.5" tall.&nbsp; P&amp;H on this item in the US will be $6.95, special handling and insurance available upon request. Electronic payments gladly accepted. <br></p></font>
</DOC>
<DOC>
<DOCID>1700569</DOCID>
<CATEGORY>Collectibles > Vintage, Retro, Mid-Century > Bakelite</CATEGORY>
<ORIGTITLE>Vintage metal plate for fruits</ORIGTITLE>
<div align="center"><p style="margin-bottom: 0cm" lang="en-US"><br></p><p style="margin-bottom: 0cm" lang="en-US"><font size="6">Vintage metal plate for fruits</font></p><p style="margin-bottom: 0cm" lang="en-US"><font size="6">Size about 8"1/2 x 3"1/4</font></p><p style="margin-bottom: 0cm" lang="en-US"><br></p><p style="margin-bottom: 0cm" lang="en-US"><br></p><p style="margin-bottom: 0cm" lang="en-US"><br></p></div><table align="center"><tbody><tr><td align="center"><font style="font-weight: bold; "><font size="5"><strong><font size="4"></font></strong></font></font><font style="font-weight: bold; "><font size="5"><strong><font size="4"></font></strong></font></font><br></td></tr>
<tr>
<td>
<div style="border: 4px double black; padding: 1px 4px;">
<blockquote>
<blockquote>
<blockquote>
<blockquote>
<blockquote>
<blockquote>
<blockquote>
<blockquote><span id="RTE1"><font color="#000000" size="4"><span style="font-family: Arial;"><font color="#ff0000" size="3"><strong><font size="4">I ACCEPT  P</font>AY<font size="4">P</font>AL&nbsp;</strong></font></span></font></span></blockquote></blockquote></blockquote></blockquote></blockquote></blockquote></blockquote></blockquote></div></td></tr></tbody></table>&nbsp;
</DOC>
<DOC>
<DOCID>1700561</DOCID>
<CATEGORY>Collectibles > Transportation > Automobilia > License Plates > US: Delaware</CATEGORY>
<ORIGTITLE>Delaware old porcelain license plate nice with original finish</ORIGTITLE>
<p><font face="Arial" size="2"><strong>This is a Delaware porcelain&nbsp;license plate.&nbsp; These were used from about 1943 on up and some are still in use today.&nbsp;&nbsp; This in an old original one that is in very good condition with just some minor chipping at the upper bolt holes where it was mounted.&nbsp; There are no date tabs with this one.</strong></font></p><p><font face="Arial" size="2"><strong>This plate is nice and solid and straight and lays flat. Don't ask me if you can register this as I do not know, check with your DMV!!&nbsp; I am sell this as a collector license plate.</strong></font></p><p><font face="Arial" size="2"><strong><u>Condition is as shown.</u>&nbsp;&nbsp;See picture.</strong> </font></p><p><font face="Arial" size="2"><strong>Buyer to pay calculated shipping and handling, and VA sales tax&nbsp;if a VA resident.&nbsp; We do combined shipping if purchasing multiple license plates.&nbsp; Please request a combined invoice.&nbsp; </strong></font></p><p><font face="Arial" size="2"><strong>Check out my Ebay store for additonal license plate offerings.</strong></font> 
</p><p><br>
<center><a href="http://pages.ebay.com/selling_manager_pro"><img width="248" height="50" src="http://pics.ebay.com/aw/pics/sellingmanager/sellingmanagerPro/smPro_248x50.gif" border="0"></a></center>
<p></p>
</DOC>
<DOC>
<DOCID>1700558</DOCID>
<CATEGORY>Collectibles > Lamps, Lighting > Lamps: Electric > Table Lamps</CATEGORY>
<ORIGTITLE>Vtg Antique FRENCH BUFFET TABLE Ornate CHANDELIER LAMP Candelabra Brass Shabby</ORIGTITLE>
<font rwr='1' size='4' style='font-family:Arial'><font rwr="1" style=""><font rwr="1" style=""><font rwr="1" style=""><div style=""><div style="font-family: Arial; font-size: 14pt;"><br></div><b style="color: rgb(173, 0, 31); font-family: &quot;Helvetica neue&quot;, Helvetica, Verdana, sans-serif; font-size: x-large;"><i>VINTAGE ORNATE CANDELABRA BUFFET TABLE LAMP - 4 LIGHT</i></b><br><ul style=""><li style="font-family: Arial; font-size: 14pt;"><font color="#333333" face="Helvetica neue, Helvetica, Verdana, sans-serif" size="4"><span style="background-color: rgb(248, 248, 248);"><b>Excellent condition!</b></span></font></li><li style=""><font color="#333333" face="Helvetica neue, Helvetica, Verdana, sans-serif" size="4"><span style="background-color: rgb(248, 248, 248);"><b>Roller on/off on cord</b></span></font></li><li style=""><font color="#333333" face="Helvetica neue, Helvetica, Verdana, sans-serif" size="4"><span style="background-color: rgb(248, 248, 248);"><b>Double drop crystals - 16 in total</b></span></font></li><li style=""><font color="#333333" face="Helvetica neue, Helvetica, Verdana, sans-serif" size="4"><span style="background-color: rgb(248, 248, 248);"><b>4-arm with 4 candelabra bulbs&nbsp; -&nbsp; fits standard candelabra bulbs - will be shipped with 4 new bulbs</b></span></font></li><li style="font-family: Arial; font-size: 14pt;"><font color="#333333" face="Helvetica neue, Helvetica, Verdana, sans-serif" size="4"><span style="background-color: rgb(248, 248, 248);"><b>Measures about 10.5 inches across front - 17 inches high with bulbs</b></span></font></li><li style="font-family: Arial; font-size: 14pt;"><font color="#333333" face="Helvetica neue, Helvetica, Verdana, sans-serif" size="4"><span style="background-color: rgb(248, 248, 248);"><b>Beautiful ornate french style brass showing the beautiful patina of age&nbsp;</b></span></font></li><li style="font-family: Arial; font-size: 14pt;"><font color="#333333" face="Helvetica neue, Helvetica, Verdana, sans-serif" size="4"><span style="background-color: rgb(248, 248, 248);"><b>Very heavy for its size&nbsp;</b></span></font></li><li style="font-family: Arial; font-size: 14pt;"><font color="#333333" face="Helvetica neue, Helvetica, Verdana, sans-serif" size="4"><span style="background-color: rgb(248, 248, 248);"><b>Wonderful piece of art!</b></span></font></li></ul><div style="font-family: Arial; font-size: 14pt;"><font color="#333333" face="Helvetica neue, Helvetica, Verdana, sans-serif" size="4"><b><br></b></font></div><div style="font-family: Arial; font-size: 14pt;"></div><div style="font-family: Arial; font-size: 14pt;"><p style="font-family: Verdana, Arial, Helvetica, sans-serif; font-size: small; text-align: center; background-color: rgb(211, 177, 124);"><font color="#fb7388"><br></font></p><p style="font-size: 13px; margin: 0px; font-family: Verdana; text-align: center; background-color: rgb(211, 177, 124);"><font color="#fb7388"><br></font></p></div><font face="Verdana" style="font-family: Arial; font-size: 14pt;"><br><font size="4"><br></font></font></div><div style="font-size: 14pt; font-family: Arial;"><font face="Verdana"><font size="4">SHIPPING TIME: We strive to ship within 24 business hours of receiving your payment so that we can receive a 5-STAR FEEDBACK RATING!&nbsp;</font></font></div><div style="font-size: 14pt; font-family: Arial;"><font face="Verdana"><font size="4"><br></font></font></div><div style="font-size: 14pt; font-family: Arial;"><font face="Verdana"><font size="4">SHIPPING &amp; HANDLING CHARGES: Shipping &amp; handling charges are listed so you know before you bid.  We strive to keep our costs low so we can earn a 5-STAR FEEDBACK RATING!&nbsp;</font></font></div><div style="font-size: 14pt; font-family: Arial;"><font face="Verdana"><font size="4"><br></font></font></div><div style="font-size: 14pt; font-family: Arial;"><font face="Verdana"><font size="4">INTERNATIONAL SHIPPING:  Shipping is via the Global Program.</font></font></div><div style="font-size: 14pt; font-family: Arial;"><font face="Verdana"><font size="4"><br></font></font></div><div style="font-size: 14pt; font-family: Arial;"><font face="Verdana"><font size="4">COMBINED SHIPPING:  We are always glad to combine auction purchases to save you on shipping.&nbsp;&nbsp;<br></font></font><font face="Arial" size="2"><br>0.</font></div><br></font></font></font></font>
</DOC>
<DOC>
<DOCID>1700562</DOCID>
<CATEGORY>Collectibles > Advertising > Soda > Hires Root Beer</CATEGORY>
<ORIGTITLE>1920's FLEISHMANN YEAST HIRES ROOT BEER HOUSEHOLD EXTRACT SODA ADVERTISING (7)</ORIGTITLE>
<font rwr='1' size='4' style='font-family:Arial'><p><strong><font size="5" color="black">This is a great lot of advertising items for " Fleischmann's Yeast" that also mentions "Make Root Beer at Home&nbsp; Use Fleichmann's Yeast with Hires' Household Extract". This is an unused mailer envelope with nice graphics on both sides that is to be used and meant to get "Fleischmann's Booklets" to help those "....interested in baking and good things to eat made with bread....."</font></strong></p>
<p><strong><font size="5" color="black">These examples each measure approx. 7 inches top to bottom as pictured and they are unfolded, unused and unaddressed. These each have a place for name and address and include further pre-printed directions. THESE ARE EACH BARELY&nbsp;<span style="color: rgb(255, 0, 16);">STUCK </span>to one another at the very top edge where the envelope is pre-gummed. THIS IS A LOT of (7) TOTAL. <br></font></strong></p><p><strong><font size="5" color="black">These should be able to be steamed or removed from one another easily by someone who knows how to do so. They are offered as found. (see picture)</font></strong></p>
<p><strong><font size="5" color="black">Both sides of the item are pictured and YOUR BID IS FOR (7) ATTACHED. These each </font></strong><strong><font size="5" color="black">appear virtually&nbsp;unused and there is only the slightest hint of edge discoloration or paper darkening which is typical of this type of early pulp-like paper. There are&nbsp;</font></strong><strong><font size="5">NO tears, NO folds, NO creases or other damage noted.</font></strong></p>

<p><strong><font size="5">These are <font color="black">offered as found with some other mid 1910's and early 1920's items and t</font>his is a&nbsp;nice early Hires' item&nbsp;and piece of vintage advertising. These are difficult to find and they are a great item that displays well and is a great addition to add to your vintage advertising collection.</font></strong></p>
<p><strong><font size="5">GUARANTEED VINTAGE and ORIGINAL in ALL RESPECTS.</font></strong></p>
<p><strong><font size="5">THERE ARE SEVERAL OTHER PICTURES AVAILABLE AND ONE IN PARTICULAR SHOWS THE KEWPIE AND ICE CREAM LOGO WHICH IS ON THE BACK OF THE BOOKLET. We are happy to provide this information if it will help you to make a buying decision. Please do allow us adequate time to provide this information. Thank you.</font></strong></p>
<p><strong><font size="5">Shipping on this lot in the U.S. is 3.00 PLEASE SEE OUR OTHER LISTED ITEMS and CHECK OUT OUR STORE !!!!!!!&nbsp;&nbsp; Thank you for bidding.</font></strong> </p>
<p><font color="red">IMMEDIATE PAYMENT IS SUGGESTED.&nbsp;THIS WILL GREATLY SPEED UP SHIPPING TIME AND IN SOME CASES YOUR PAYMENT MAY BE RETURNED OR YOUR BID WILL BE CANCELED.&nbsp; IF YOU ARE NEW TO EBAY AND / OR HAVE A FEEDBACK SCORE UNDER 5 PLEASE CONTACT US PRIOR TO BIDDING. OTHERWISE THERE IS A CHANCE THAT YOUR BID WILL BE CANCELED. IF OTHER PAYMENT ARRANGEMENTS ARE MADE THEN YOUR PAYMENT IS EXPECTED IN 7 - 10 DAYS AFTER THE SALE DATE. WE DO OPEN DISPUTES ON UNPAID ITEMS. PLEASE DO NOT CALL US. YOUR EMAIL WILL BE ANSWERED ABSOLUTELY AS QUICKLY AS POSSIBLE. EMAIL IS USUALLY ANSWERED THE SAME DAY OR WITHIN 24 HOURS.&nbsp;PLEASE SEE OUR FEEDBACK. BID WITH CONFIDENCE.</font></p></font>
</DOC>
<DOC>
<DOCID>1700550</DOCID>
<CATEGORY>Collectibles > Animation Art & Characters > Japanese, Anime > Other Anime Collectibles</CATEGORY>
<ORIGTITLE>Shingeki no Kyoujin Attack on Titan Can Menko Magnet Mikasa Ackerman Licensed NW</ORIGTITLE>
<font rwr='1' size='4' style='font-family:Arial'><font size="4" style="font-family: Arial;" rwr="1"><p>&nbsp;</p>
<p>&nbsp;</p>
<div align="center"><center>
<table style="width: 90%;" border="10" cellspacing="1" cellpadding="3">
<tbody>
<tr>
<td>
<p align="center"><strong><span style='font-family: "Trebuchet MS"; font-size: xx-large;'><img width="800" height="180" alt="" src="HTTPS://i32.photobucket.com/albums/d47/FantasiesAnime/eBay%20Header_zpscdpbs7qq.jpg"></span></strong></p>
<p align="center"><br> <strong><span style='font-family: "Trebuchet MS"; font-size: xx-large;'> Mikasa Ackerman Can Menko Magnet </span></strong></p>
<p align="center"><strong><span style='font-family: "Trebuchet MS"; font-size: xx-large;'> Shingeki no Kyoujin / Attack on Titan </span></strong></p>
<div align="center"><center>
<table id="AutoNumber6" style="width: 100%;" border="1" cellspacing="1" cellpadding="5">
<tbody>
<tr>
<td width="42%">
<table id="AutoNumber7" style="width: 100%;" border="1" cellspacing="1">
<tbody>
<tr><!---Change these next lines to your own image - be aware of width and height changes distorting the template --->
<td width="100%" align="center">&nbsp;
<p><img width="300" height="436" alt="" src="HTTPS://i32.photobucket.com/albums/d47/FantasiesAnime/eBay%20Vol-8/ssdb_zpss2tfev86.jpg"></p>
<p>&nbsp;</p>
</td>
</tr>
<tr>
<td width="100%" align="center">&nbsp;
<p><img width="300" height="324" alt="" src="HTTPS://i32.photobucket.com/albums/d47/FantasiesAnime/eBay%20Vol-8/sse_zps3outpzzs.jpg"></p>
<p>&nbsp;</p>
</td>
</tr>
</tbody>
</table>
</td>
<td valign="top" style="width: 58%;">
<h3>Shingeki no Kyoujin / Attack on Titan Can Menko Magnet: Mikasa Ackerman.</h3>
<p>The Magnet Is Comprised of a Tinplate Cover Featuring Mikasa Ackerman with a Broad Magnet on the Back. </p>
<p>It Measures Approximately 3” (77mm) in Length and 2” (52mm) in Width.</p>
<p>Product Details:</p>
<ul>
<li>Size: Approx. 3” (77mm) x 2” (52mm)</li>
<li>Material: Tinplate, Magnet</li>
<li>Series: Shingeki no Kyoujin / Attack on Titan</li>
<li>Character: Mikasa Ackerman</li>
<li>Copyright: Hajime Isayama &amp; Kodansha</li>
<li>Manufacturer: Proof</li>
<li>Country of Manufacture: Japan</li>
<li>Year of Release: December 2015</li>
</ul>
<p>Brand New, Factory Sealed.</p>
<h3>All Our Products Are Always 100% Authentic. Thank You.</h3>
<p>Thank you so much for viewing our listing. We promise Quality Merchandise, Accurate Descriptions, Fair Prices and Prompt Shipping.</p>
<p>The pictures supplied for this listing are of the actual item. What you see is what you will receive.</p>
<p>We are a small family run store and we strive to serve our customers to the best of our abilities. If you have any questions or comments, please don't hesitate to contact us.</p>
<h3>Payment &amp; Shipping</h3>
<p>We accept payments via PayPal only. Buyers are asked to pay within 24 hours of purchase.</p>
<p>All orders will be shipped the following business day, tracking included.</p>
<p>Free Shipping Within the U.S.A.</p>
<h3>Returns</h3>
<p>Returns are accepted within 30 days of the sale, provided the item remains in the same condition it was when shipped.</p>
<p>Thank you.</p>
</td>
</tr>
</tbody>
</table>
</center></div>
<table id="AutoNumber4" style="width: 100%;" border="2" cellspacing="1">
<tbody>
<tr>
<td width="100%">
<p align="center"><span style='font-family: "Trebuchet MS"; font-size: x-large;'>Please Feel Free to Check Out Our&nbsp;<a href="HTTPS://www.ebay.com/usr/fantasiesanime">About&nbsp;</a></span><span style='font-family: "Arial Black"; font-size: x-large;'><a href="HTTPS://members.ebay.co.uk/ws/eBayISAPI.dll?ViewUserPage&amp;userid=YOUR-eBay-ID-HERE"><span style="color: rgb(0, 0, 255);">m</span><span style="color: rgb(255, 0, 0);">e</span></a></span><span style='font-family: "Trebuchet MS"; font-size: x-large;'>&nbsp;Page</span></p>
<p align="center" style="text-align: center;"><strong><span style='font-family: "Trebuchet MS"; font-size: x-large;'>We Have Many More Fun Items for Sale! &nbsp;Please Visit Our Store.</span></strong></p>
<p align="center" style="text-align: center;"><strong><span style='font-family: "Trebuchet MS"; font-size: x-large;'><em><a href="HTTPS://stores.ebay.com/fantasiesunraveledanimehaven/">Fantasies Unraveled Anime Haven</a></em></span></strong></p>
</td>
</tr>
</tbody>
</table>
<p class="MsoNormal" style="margin: 0cm 0cm 0pt; text-align: center;">&nbsp;</p>
<p class="MsoNormal" style="margin: 0cm 0cm 0pt; text-align: center;">&nbsp;</p>
<p class="MsoNormal" style="margin: 0cm 0cm 0pt; text-align: center;">&nbsp;</p>
<p class="MsoNormal" style="margin: 0cm 0cm 0pt; text-align: center;">&nbsp;</p>
<p class="MsoNormal" style="margin: 0cm 0cm 0pt; text-align:
</DOC>
<DOC>
<DOCID>1700565</DOCID>
<CATEGORY>Collectibles > Militaria > 1954-60 > Original Period Items</CATEGORY>
<ORIGTITLE>AES-12   Aircraft Engineering Squadron 12   USMC</ORIGTITLE>
<table width="610" height="40" align="center" border="0" cellspacing="0" cellpadding="2">
<!--title-->
 <tr>
<td align="center" bgcolor="#9999FF">
<span class="bigger"><b><font face="Verdana" size="4" color="#FFFFFF">AES-12   Aircraft Engineering Squadron 12   USMC</font></b></span></td>
</tr> 
<!--end title-->
</table>

<table width="610" align="center" border="0" cellspacing="0" cellpadding="0">
<tr>
<td align="center" bgcolor="#3233CB">
<font face="Verdana" size="2">

<img src="https://thmb.inkfrog.com/thumbn/RockyCockatoo/AES-12.JPG=600=600"  hspace="1" vspace="4"></font></td>
</tr>
</table>

<table width="610" align="center" border="0" cellspacing="0" cellpadding="5" height="65">
<tr>
<td align="center" height="55" bgcolor="#3233CB">
<table width="600" border="0" cellspacing="0" cellpadding="0">
	<!--description-->
<tr>
<td colspan="3"><font face="Verdana" size="2">
<img src="//resize.inkfrog.com/inkfrogtpl/timages/style1/description.gif" width="600" height="25"></font></td>
</tr>
 <tr>
<td width="25" valign="top" bgcolor="#FFFFFF" background="//resize.inkfrog.com/inkfrogtpl/timages/style1/left.gif">
<font face="Verdana" size="2">
<img src="//resize.inkfrog.com/inkfrogtpl/timages/style1/spacer.gif" width="25" height="1"></font></td>
<td width="550" bgcolor="#FFFFFF">
<font face="Verdana" size="2">
<img src="//resize.inkfrog.com/inkfrogtpl/timages/style1/spacer.gif" width="550" height="1"><br />

<p>Fully embroidered.&nbsp;&nbsp;&nbsp; 5.25".&nbsp;&nbsp;&nbsp; Cut edge.</p>
<p>Vets, collectors patch.<br /></p>

<p>&nbsp;</p></font></td>
<td width="25" valign="top" bgcolor="#FFFFFF" background="//resize.inkfrog.com/inkfrogtpl/timages/style1/right.gif">
<font face="Verdana" size="2">
<img src="//resize.inkfrog.com/inkfrogtpl/timages/style1/spacer.gif" width="25" height="1"></font></td>
</tr> 
<!--end description-->
<tr>
<td colspan="3"><font face="Verdana" size="2">
<img src="//resize.inkfrog.com/inkfrogtpl/timages/style1/bottom.gif" width="600" height="15"></font></td>
</tr>
</table>
</td>
</tr>
</table>

<!--images-->
 <table width="610" align="center" border="0" cellspacing="0" cellpadding="0">
<tr>
<td align="center" valign="top" bgcolor="#3233CB">


</td>
</tr>
<tr>
<td align="center" valign="top" bgcolor="#3233CB">
<!---Pictures------>
















<!---/Pictures------>
</td>
</tr>
</table> 
<!--end images-->
<table width="610" align="center" border="0" cellspacing="0" cellpadding="5">
<tr>
<td align="center" bgcolor="#3233CB">
<table width="600" border="0" cellspacing="0" cellpadding="0">
<tr>
<td colspan="3"><font face="Verdana" size="2">
<img src="//resize.inkfrog.com/inkfrogtpl/timages/style1/payment.gif" width="600" height="25"></font></td>
</tr>
<tr>
<td width="25" valign="top" bgcolor="#FFFFFF" background="//resize.inkfrog.com/inkfrogtpl/timages/style1/left.gif">
<font face="Verdana" size="2">
<img src="//resize.inkfrog.com/inkfrogtpl/timages/style1/spacer.gif" width="25" height="1"></font></td>
<td width="550" bgcolor="#FFFFFF">
<table width="550" border="0" cellspacing="0" cellpadding="0">
<tr>
<td width="550" align="left" valign="top" background="//resize.inkfrog.com/inkfrogtpl/timages/style1/white.gif">
<p align="left"><font face="Verdana" size="2">
<img src="//resize.inkfrog.com/inkfrogtpl/timages/style1/spacer.gif" width="175" height="1"><br />
<!--payment terms-->
PayPal per eBay policy.
<br>
<br>For a SINGLE purchase please use the eBay automated invoice.
<br>
<br>For MULTIPLE purchases please wait for my COMBINED INVOICE.
<br>
<br>E-Mail me with any purchasing/payment questions.
<!--end payment terms-->
<br>
<!--description-->
<p>Free domestic shipping is by First-Class Letter Mail. First-Class Package Mail &amp; Priority Mail Flat Rate Envelope are optional.
Both have delivery confirmation/tracking. All patches purchased together will ship for no additional charge.  
International shipping is  by First-Class International Letter Mail for 1 or 2 patches depending upon size and weight etc. Large patches or multiples will have to be shipped by First-Class Package Mail International and charged by weight. Priority Mail International Flat Rate is optional. International Package &amp; Priority mail will have the Customs Declaration Form. The Customs Declaration Form Number is tracked within the US and can be tracked to delivery into some nations but not all. (British Commonwealth, France, many other nations in Western Europe &amp; a few others world wide.</p><p><br></p><p>INTERNATIONAL&nbsp;buyers for multiple purchases PLEASE request a shipping estimate or an invoice&nbsp;BEFORE&nbsp;PAYING for the items. I will need to weigh a look up the cost of shipping. See above paragraph!<br></p>
<!--end shipping terms--></font></p>
</td>
</tr>
</table>
</td>
<td width="25" valign="top" bgcolor="#FFFFFF" background="//resize.inkfrog.com/inkfrogtpl/timages/style1/right.gif">
<font face="Verdana" size="2">
<img src="//resize.inkfrog.com/inkfrogtpl/timages/style1/spacer.gif" width="25" height="1"></font></td>
</tr>
<tr>
<td colspan="3"><font face="Verdana" size="2">
<img src="//resize.inkfrog.com/inkfrogtpl/timages/style1/bottom.gif" width="600" height="15"></font></td>
</tr>
</table>
</td>
</tr>
</table>
<table width="610" align="center" border="0" cellspacing="0" cellpadding="5">
<tr>
<td bgcolor="#3233CB">
 </td>
</tr>
</table>

<div align="center">
  <center>

<table width="610" height="20" border="0" cellspacing="0" cellpadding="2" style="border-collapse: collapse" bordercolor="#111111">
<tr>
<td align="center" bgcolor="#9999FF"> </td>
</tr>
</table></center>
</div>
<!--inkFrogLogo Begin--><br /><div class="inkfrog_banner" align="center" style="padding: 10px;"><a href="https://pages.ebay.com/seller-center/listing/listing-advanced-sellers/third-party-listing-tools.html#m22_tb_a2__9" target="_blank"><img src="https://img.inkfrog.com/banners/inkfrog-v2-banner-logo.jpg" alt="inkFrog logo" border="0" /></a><img src="https://img.inkfrog.com/banners/inkfrog-v2-banner-right.jpg" alt="inkFrog logo" border="0" /><div style="display: none;">inkfrog terapeak</div></div><!--inkFrogLogo End-->
</DOC>
<DOC>
<DOCID>1700557</DOCID>
<CATEGORY>Collectibles > Animals > Fish & Marine > Seals & Sea Lions</CATEGORY>
<ORIGTITLE>Blue Sea Lion Blown Lampwork Glass Miniature</ORIGTITLE>
<font rwr="1" size="4" style="font-family:Arial"><font rwr="1" size="4" style="font-family:Arial"><font rwr="1" size="4" style="font-family:Arial"><font rwr="1" size="4" style="font-family:Arial"><font rwr="1" size="4" style="font-family:Arial"><font rwr="1"><font rwr="1"><font rwr="1"><font rwr="1"><div style="font-size: 14pt; font-family: Arial; text-align: center;"><span style="color: rgb(0, 184, 239);"><font size="10" face="Comic Sans MS">Sea Lion</font></span></div><div style="font-size: 16pt; font-family: Arial; text-align: left;"><div style="text-align: center; font-size: 16pt;"><font color="#7b7b7b" face="Comic Sans MS"><b><br></b></font></div><div style="text-align: center; font-size: 16pt;"><font color="#7b7b7b" face="Comic Sans MS"><b>Material:</b>&nbsp;high-quality colored glass</font></div><div style="text-align: center; font-size: 16pt;"><font color="#7b7b7b" face="Comic Sans MS"><b>Size:</b>&nbsp;30x60 mm / 1.18x2.34"</font></div><div style="text-align: center; font-size: 16pt;"><font color="#7b7b7b" face="Comic Sans MS"><br></font></div></div><div style="font-size: 14pt; font-family: Arial; text-align: left;"><font color="#7b7b7b" face="Comic Sans MS">Cute handcrafted glass figurines&nbsp;</font><span style="caret-color: rgb(123, 123, 123); color: rgb(123, 123, 123); font-family: &quot;Comic Sans MS&quot;;">will dress up a cabinet in your living room</span><span style="caret-color: rgb(123, 123, 123); color: rgb(123, 123, 123); font-family: &quot;Comic Sans MS&quot;;">, add a little fun and inspiration to your desk, brighten up any window, or&nbsp;</span><span style="color: rgb(123, 123, 123); font-family: &quot;Comic Sans MS&quot;;">make a unique gift to anyone who loves animals as well as glass collectors.&nbsp;</span></div><div style="font-size: 14pt; font-family: Arial; text-align: left;"><span style="color: rgb(123, 123, 123); font-family: &quot;Comic Sans MS&quot;;"><br></span></div><div style="font-size: 14pt; font-family: Arial; text-align: left;"><span style="color: rgb(123, 123, 123); font-family: &quot;Comic Sans MS&quot;;">The figurines are made of hard art glass and are appropriate for children aged 7 and up.&nbsp;</span></div><div style="font-size: 16pt; font-family: Arial; text-align: left;"><span style="color: rgb(123, 123, 123); font-family: &quot;Comic Sans MS&quot;; font-size: 16pt;"><br></span></div><div style="font-size: 16pt; font-family: Arial; text-align: center;"><span style="font-family: &quot;Comic Sans MS&quot;; font-size: 16pt;"><b><font color="#00b8ef">Watch how we create glass miniature figurines:</font></b></span></div>
<!-- BEGIN LINKED VIDEO -->
<div class="ytvideo" style="font-size: 14pt; font-family: Arial;">
<a target="_blank" href="https://www.youtube.com/embed/5I74C1Jif5A?rel=0">
<img src="https://img.youtube.com/vi/5I74C1Jif5A/0.jpg"></a>
<p class="yt_hd">Dmitriy Novik Makes a Glass Elephant Figurine - YouTube</p>
<p class="yt_ft">Video will open in a new window<br>Using the eBay App? Paste link into a browser window:</p>
<span class="yt_tag" style="display:none">[isdntekvideo]</span>
<input class="yt_inp" type="text" value="https://www.youtube.com/embed/5I74C1Jif5A?rel=0"></div><div style="font-size: 16pt; font-family: Arial; text-align: center;"><font face="Comic Sans MS" color="#00b8ef"><span style="caret-color: rgb(123, 123, 123);"><b>Payment &amp; Delivery</b></span></font></div><div style="font-size: 16pt; font-family: Arial; text-align: left;"><font color="#7b7b7b" face="Comic Sans MS"><span style="caret-color: rgb(123, 123, 123);"><br></span></font></div><div style="font-size: 14pt; font-family: Arial; text-align: left;"><font color="#7b7b7b" face="Comic Sans MS"><span style="caret-color: rgb(123, 123, 123);">We accept payment by PayPal.&nbsp;</span></font><span style="caret-color: rgb(123, 123, 123); color: rgb(123, 123, 123); font-family: &quot;Comic Sans MS&quot;;">Please pay for the order within 1-2 days.</span></div><div style="font-size: 14pt; font-family: Arial; text-align: left;"><br></div><div style="font-size: 14pt; font-family: Arial; text-align: left;"><font color="#7b7b7b" face="Comic Sans MS"><span style="caret-color: rgb(123, 123, 123);">We ship your order within <b>5 days</b>. We offer <b>worldwide delivery</b> with tracking code by airmail (7-21 days). Please consider that the delivery time depends on the work of customs.&nbsp;</span></font><span style="caret-color: rgb(123, 123, 123); color: rgb(123, 123, 123); font-family: &quot;Comic Sans MS&quot;;">If you do not receive your parcel in time or in&nbsp;</span><span style="caret-color: rgb(123, 123, 123); color: rgb(123, 123, 123); font-family: &quot;Comic Sans MS&quot;;">case of&nbsp;</span><span style="caret-color: rgb(123, 123, 123); color: rgb(123, 123, 123); font-family: &quot;Comic Sans MS&quot;;">any damages or losses&nbsp;</span><span style="caret-color: rgb(123, 123, 123); color: rgb(123, 123, 123); font-family: &quot;Comic Sans MS&quot;;">in the shipping process&nbsp;</span><span style="caret-color: rgb(123, 123, 123); color: rgb(123, 123, 123); font-family: &quot;Comic Sans MS&quot;;">please contact us for further assistance.&nbsp;</span></div><div style="font-size: 14pt; font-family: Arial; text-align: left;"><font color="#7b7b7b" face="Comic Sans MS"><span style="caret-color: rgb(123, 123, 123);"><br></span></font></div><div style="font-size: 14pt; font-family: Arial; text-align: left;"><font color="#7b7b7b" face="Comic Sans MS"><span style="caret-color: rgb(123, 123, 123);">If you are not satisfied with the received item please return it within 30 days for replacement or refund.&nbsp;</span></font></div><div style="font-size: 14pt; font-family: Arial; text-align: left;"><font color="#7b7b7b" face="Comic Sans MS"><span style="caret-color: rgb(123, 123, 123);"><br></span></font></div><div style="text-align: center; font-family: Arial;"><font face="Comic Sans MS" size="5" color="#00b8ef"><span style="caret-color: rgb(123, 123, 123);">About us</span></font></div><div style="font-size: large; text-align: left;"><br></div><div style="font-size: large; text-align: left;"><table class="MsoTableGrid" border="0" cellspacing="0" cellpadding="0" style="color: rgb(0, 0, 0); font-family: -webkit-standard; border-collapse: collapse; border: none;"><tbody><tr><td width="198" valign="top" style="width: 148.6pt; padding: 0cm 5.4pt;"><p class="MsoNormal" style="margin: 0cm 0cm 0.0001pt; font-size: 12pt; font-family: Calibri, sans-serif;"><span lang="EN-US"><font face="Arial"><img src="https://pp.userapi.com/c846124/v846124424/a4338/kEVViINd5Fk.jpg"  width="300" height="300"> <br></font><o:p></o:p></span></p></td><td width="719" valign="top" style="width: 538.9pt; padding: 0cm 5.4pt;"><p class="MsoNormal" style="margin: 0cm -20.55pt 0.0001pt 0cm;"><span lang="EN-US" style="font-family: &quot;Comic Sans MS&quot;; color: rgb(123, 123, 123); background-color: white;"><font size="4">My father-in-law Dmitriy Novik is a glasswork artist who followed in the footsteps of his father, an</font></span><font face="Comic Sans MS" size="4" color="#6e6e6e"><span lang="EN-US" style="background-color: white;">&nbsp;</span><span style="caret-color: rgb(123, 123, 123); orphans: 2; widows: 2;">artists’ union member in USSR, whose works were exhibited in many cities of the country.&nbsp;</span><span style="caret-color: rgb(123, 123, 123); orphans: 2; widows: 2;">Dmitriy has&nbsp;</span><span style="orphans: 2; widows: 2;">adopted his secrets of tiny glass miniatures creation. He used to work with wholesale buyers all over the world, and I am happy to help him with retail distribution of&nbsp;</span><span style="orphans: 2; widows: 2;">the&nbsp;</span><span style="caret-color: rgb(123, 123, 123); orphans: 2; widows: 2;">good fairy-tale creatures and flowers handcrafted by him and his friends.</span></font><br><br><font size="5" style="font-size: 12pt;"><span lang="EN-US" style="font-size: 18pt; font-family: Arial, sans-serif;"></span></font><font face="Calibri, sans-serif" style="font-size: 12pt;"><o:p></o:p></font></p><p class="MsoNormal" style="margin: 0cm 0cm 0.0001pt; font-family: Calibri, sans-serif;"><font size="4"><b><span lang="EN-US" style="font-family: &quot;Comic Sans MS&quot;; color: rgb(123, 123, 123); background-color: white;">Thank you for choosing Glass Art Figurines store!</span></b><span lang="EN-US" style="font-family: Arial, sans-serif;"><o:p></o:p></span></font></p><p class="MsoNormal" style="margin: 0cm 0cm 0.0001pt; font-family: Calibri, sans-serif;"><span lang="EN-US" style="font-family: Arial, sans-serif;"><font size="4">&nbsp;</font></span></p><span style="caret-color: rgb(123, 123, 123); orphans: 2; widows: 2;"><p class="MsoNormal" style="margin: 0cm 0cm 0.0001pt; font-family: Calibri, sans-serif;"><font size="4"><span style="font-family: &quot;Comic Sans MS&quot;; color: rgb(123, 123, 123); background-color: white;">Kind regards,</span><span style="font-family: Arial, sans-serif;"><o:p></o:p></span></font></p><p class="MsoNormal" style="margin: 0cm 0cm 0.0001pt; font-family: Calibri, sans-serif;"><span style="font-family: &quot;Comic Sans MS&quot;; color: rgb(123, 123, 123); background-color: white;"><font size="4">Tatiana&nbsp;</font></span><span style="font-size: 18pt; font-family: Arial, sans-serif;"><o:p></o:p></span></p><p class="MsoNormal" style="margin: 0cm 0cm 0.0001pt; font-size: 12pt; font-family: Calibri, sans-serif;"><o:p>&nbsp;</o:p></p></span></td></tr></tbody></table></div><div style="font-size: large; text-align: left;"><table class="MsoTableGrid" border="0" cellspacing="0" cellpadding="0" style="color: rgb(0, 0, 0); font-family: -webkit-standard; border-collapse: collapse; border: none;"><tbody><tr><td width="198" valign="top" style="width: 148.6pt; padding: 0cm 5.4pt;"><br></td><td width="424" valign="top" style="width: 318.35pt; padding: 0cm 5.4pt;"><p class="MsoNormal" style="margin: 0cm 0cm 0.0001pt; font-size: 12pt; font-family: Calibri, sans-serif;"><o:p>&nbsp;</o:p></p></td></tr></tbody></table></div></font></font></font><style> .ytvideo * { box-sizing:border-box; } .ytvideo { margin:.5em auto 40px auto; max-width:480px; font-family:arial; text-align:center; position:relative; min-height:120px; background-color:#555; } .ytvideo p { position:absolute; margin:0; color:white; background-color:rgba(0,0,0,.5); } .ytvideo .yt_hd { font-size:16px; width:100%; height:28px; line-height:28px; text-align:left; top:0; left:0; padding-left:10px; overflow:hidden; } .ytvideo .yt_ft { font-size:12px; width:100%; bottom:0; left:0; } .ytvideo img { display:block; max-width:100%; border:0; } .ytvideo a:after { content:"\A0\25BA"; position:absolute; width:60px; height:50px; left:0; top:0; right:0; bottom:0; margin:auto; border:0; border-radius:10px; color:white; background:rgba(0,0,0,.6); font-size:24px; line-height:50px; cursor:pointer; } .ytvideo a:hover:after { background:#CC181E; } .ytvideo .yt_inp { position:absolute; top:100%; left:0; width:100%; text-align:center; padding:.5em .2em; xfont-size:18px; border:0; color:white; background: rgba(0,0,0,.7); } @media(max-device-width:960px){ .ytvideo { margin-bottom:60px; } .ytvideo .yt_inp { padding:1em .2em; } } </style></font></font></font></font></font></font>
</DOC>
<DOC>
<DOCID>1700553</DOCID>
<CATEGORY>Collectibles > Comics > Graphic Novels, TPBs</CATEGORY>
<ORIGTITLE>Irredeemable Vol 5 by Mark Waid & Peter Krause 2010, TPB BOOM! 1st Print</ORIGTITLE>
<font rwr='1' size='4' style='font-family:Arial'><font rwr="1" size="4" style="font-family:Arial"><font rwr="1" size="4" style="font-family:Arial"><div><font rwr="1" size="4" style="font-family: Arial;"><font rwr="1" size="4" style="font-family: Arial;"><font rwr="1" size="4" style="font-family: Arial;"><span style="color: rgb(51, 51, 51); font-family: Arial, sans-serif; background-color: rgb(255, 255, 255);"><b>IRREDEEMABLE VOL 5 TPB</b></span></font></font></font></div><font rwr="1" size="4" style="font-size: 14pt; font-family: Arial;"><font rwr="1" size="4" style="font-family:Arial"><font rwr="1" size="4" style="font-family:Arial"><span style="color: rgb(51, 51, 51); font-family: Arial, sans-serif; font-size: 14px; background-color: rgb(255, 255, 255);">Legendary comic writer Mark Waid (KINGDOM COME) takes superhero comics to the next level asking the question, “What if the world’s greatest superhero decided to become the world’s greatest super-villain?”</span><br style="color: rgb(51, 51, 51); font-family: Arial, sans-serif; font-size: 14px; background-color: rgb(255, 255, 255);"><br style="color: rgb(51, 51, 51); font-family: Arial, sans-serif; font-size: 14px; background-color: rgb(255, 255, 255);"><br><div style="font-family: Arial; font-size: 14pt;"><br></div><div><div><font face="Arial" size="5"><b>WELCOME TO THE INSTITUTE FOR HOMELESS COMIC BOOKS.&nbsp;</b></font></div><div><font face="Arial"><span style="font-size: 18.6667px;"><br></span></font></div><div><font face="Arial"><span style="font-size: 18.6667px;">I, the illustrious Professor Robot Hands, will be you guide over the next few paragraphs. Please feel free to pretend to enjoy yourself.</span></font></div><div><font face="Arial"><span style="font-size: 18.6667px;"><br></span></font></div><div><font face="Arial"><span style="font-size: 18.6667px;">&nbsp; &nbsp; &nbsp;Here at the Institute we use use every square inch of our sprawling estate to house our treasures until they find their "Forever Home". Many of the curiosities we have accumulated over the years are stored in the "ATTIC OF HORRORS" with its aptly named "Shelves of Slight Discomfort"...some are sent to live in the "Hall Closet of Partially Alarming Clutter" or the "Garage of Unspecific Dread" and some of our long term guests are housed in the newly rented "Corner Office of General Unease". Either way your item is heard about, seen, driven to, ordered, found, bargained for, obtained, traded for, bought, delivered to, received by, signed for, inventoried, cleaned, photographed, cropped, rotated, uploaded, listed, shelved, picked, bagged, packed, labeled and shipped by one guy...Professor Robothands. If you think you might want to adopt multiple items, just send me a list of titles or item numbers and I can make special listing for you with them all together. Please do that before, not after you buy, before.</span></font></div><div><font face="Arial"><span style="font-size: 18.6667px;"><br></span></font></div><div><font face="Arial"><span style="font-size: 18.6667px;"><br></span></font></div><div><font face="Arial"><span style="font-size: 18.6667px;">&nbsp; &nbsp; &nbsp;Is all this glorious exposition too much for you? Does it just make you want to send me a passive-aggressive message to tell me about how you can't be bothered to read any of it? You should probably just move on. It is likely we don't see eye to eye and that rarely works out for either party....besides this really was a trap.&nbsp;</span></font></div><div><font face="Arial"><span style="font-size: 18.6667px;"><br></span></font></div><div><font face="Arial"><span style="font-size: 18.6667px;">Now more words!</span></font></div><div><font face="Arial"><span style="font-size: 18.6667px;"><br></span></font></div><div><font face="Arial"><span style="font-size: 18.6667px;"><br></span></font></div><div><font face="Arial"><span style="font-size: 18.6667px;">&nbsp; &nbsp; &nbsp;I pride myself on my expert ability to package and ship items safely. Most single comics &amp; TPB and smaller HC books arrive in Stay-Flat tab lock cardboard envelopes with new or used bags and boards, PBs in poly shipping sleeves and everything else in new or used boxes. Depending on the availability, a larger item may arrive in a double taped new or used cardboard box with; air-bubbles, peanuts, padded mailers &amp; packing paper. I work with whatever I have on hand and that changes all the time. I try to re-use as much packaging product as I can. I hope that you can help re-use some of it too. If you need extra attention given to your package because you have a small mailbox, live in an apartment building or have a carrier that thinks mail requires bending as part of the delivery process, just let me know. If need be I can get some sheet metal. However as much as I want to help, &nbsp;I have not, nor will I ever give a courtesy refund for an item that you say you didn't get but shows "delivered" on tracking. If you think there is a possibility of theft from your delivery address, you need to shore that business up. Get a PO box or have packages held at your local...don't be puttin' it on me.&nbsp;</span></font></div><div><font face="Arial"><span style="font-size: 18.6667px;"><br></span></font></div><div><font face="Arial"><span style="font-size: 18.6667px;"><br></span></font></div><div><font face="Arial"><span style="font-size: 18.6667px;">&nbsp; &nbsp; &nbsp;Returns go back to the Institute at same address they came to you from. Some items are sold as in the package collectibles, removing them from the packaging can/will suspend your buyer protection. Customers opting for exchange or replacement are exempt from restocking (20%) on returns. Items damaged during the return process will be worked out through the mandatory insurance you purchased when you returned the item. It is a requirement of all returns, my fault or yours. &nbsp;If I find that I am at fault for damage or mis-shipment, I of course will take care of it. Any item refused, marked return to sender, undeliverable, vacant, etc. or comes without tracking will be abandoned or ignored unless you make prior arrangements with me. Message me your tracking &amp; insurance numbers before the package arrives please. It is easier and protects both of us that way.</span></font></div><div><font face="Arial"><span style="font-size: 18.6667px;"><br></span></font></div><div><font face="Arial"><span style="font-size: 18.6667px;">&nbsp; &nbsp; &nbsp;I buy, scarf, obtain, scrounge &amp; hoard jigsaw puzzles by the HUNDREDS from church, garage, community sales and such and they may have musty, basement or attic like odors. ALSO there is NO feasible way for me to count each and every one of them. If you are an avid puzzler you already know that counting the pieces is not a guarantee of completeness anyway. If you do buy a jigsaw puzzle and find there is a missing piece(s), please just let me know and I will be happy to take care of it. Just send me a picture of the "completed" puzzle with the missing piece(s). Buying a puzzle from me means you acknowledge and consider each and every puzzle to be uncounted with a possibility of being incomplete...it does happen although it is quite rare.&nbsp;</span></font></div><div><font face="Arial"><span style="font-size: 18.6667px;"><br></span></font></div><div><font face="Arial"><span style="font-size: 18.6667px;">&nbsp; &nbsp; &nbsp;Keys are not implied to be either valid or invalid on any used games or software. Vintage software and media are sold for their pretty, pretty collectible packaging/art work and not guaranteed to work or have perfect image or sound quality. Music, game and other discs may be run on a professional buffer machine and then described as LN. Used &amp; LN HC, TPB, DVD &amp; BluRay games, movies and other digital media may or may not have intact or unexpired digital download codes or coupons. Some items may be disassembled or partially disassembled to ensure they arrive safely and unbroken. My items come from many and varied sources (it would be an impossibility to tell you the smell pedigree of every item I have for sale) sometimes but not always including; smoking households, homes with weird pets, households with different gods or people that cook gross food. These theoretical smells are subjective. If you have a sensitive sniffer...don't look at me...blame your nose.</span></font></div><div><font face="Arial"><span style="font-size: 18.6667px;"><br></span></font></div><div><font face="Arial"><span style="font-size: 18.6667px;">&nbsp; &nbsp; &nbsp;Making a best offer? Don't bother with less than half. I know that means you aren't serious and no one thinks it's cute when you waste their time. Starting with a lowball offer is not going to get you a better negotiating position...it's going to get you a worse one. Am I not responding to your totally lame worst offers? Just move on. Is the item already on sale? Well, that is the lowest it is going to go because I'm not here to give stuff away. When you come to my house...bring your money, or I don't have time for you.</span></font></div><div><font face="Arial"><span style="font-size: 18.6667px;"><br></span></font></div><div><font face="Arial"><span style="font-size: 18.6667px;">Wanting me to split a lot up? I bet you can tell what the answer to that is. Yeah, you're a smrt one alright, I knew I liked you.</span></font></div><div><font face="Arial"><span style="font-size: 18.6667px;"><br></span></font></div><div><font face="Arial"><span style="font-size: 18.6667px;">Thinking of asking me to alter a customs form? Hahahahahah....I will never, ever, ever considering doing it, so don't even ask. I'm not going to even pretend to entertain paying your customs fees. I can't even believe that anyone even asks that but they do.</span></font></div><div><font face="Arial"><span style="font-size: 18.6667px;"><br></span></font></div><div><font face="Arial"><span style="font-size: 18.6667px;">&nbsp; &nbsp; &nbsp;Can't buy from the Institute? &nbsp;We don't take payment besides paypal unless you pick the item up in person. If you pay by echeck, I open all unpaid item cases as soon as possible, so better hope it clears when it is supposed to. If you are blocked or having some sort of difficulty and you absolutely cannot live without one the Institute's items, send me a message. I'll help you the best that I can.</span></font></div><div><font face="Arial"><span style="font-size: 18.6667px;"><br></span></font></div><div><font face="Arial"><span style="font-size: 18.6667px;">&nbsp; &nbsp; &nbsp;Am I an idiot? (entirely possible) Did I manage to misspell something even with spell checker on? Poor grammar? Did I use the wrong picture? Item details from some other book showing up? Got a $4000 handling fee? Is a fat blobby cat in the picture obscuring something? Shipping set to Overnight Express? Let me know, I'm just one, solitary, handsome professor and I list VERRRRY early in the morning. I am happy to thank for the assist. Know more than me about the item? ...eh, that's also possible. I'm an expert on many, many things, especially in the comics and toy area (1960s-2010s). I am not however Big King UGG- All Highest of Nerdlandia &amp; Beyond. There are times where I'll miss something like an armor bit, a backpack, a trailer hitch a broken wing tip or a chipped ear. For that I beg your patience. It has taken me 25+ years to amass the knowledge that I have but there is still plenty more to learn.</span></font></div><div><font face="Arial"><span style="font-size: 18.6667px;"><br></span></font></div><div><font face="Arial"><span style="font-size: 18.6667px;"><br></span></font></div><div><font face="Arial"><span style="font-size: 18.6667px;">&nbsp; &nbsp; &nbsp;Need your item faster, like overnight? Want it shipped as a gift? Got special packaging or delivery needs, like to a giftee? Do you just like asking pertinent questions? Fire away! Please note that I cannot &amp; will not mail your item to anywhere but the address(s) you have on file with ebay and chose at checkout. If you have a giftee in mind, put their address into your profile and choose it when you checkout. Do that BEFORE you buy anything. Looking for combined shipping? Also before you buy, not after. Need delayed shipment? &nbsp;...again, before you buy is the time to ask for this. Think maybe the shipping is a bit off? &nbsp;...before you buy. Help ME, help YOU. I'm happy to assist you with whatever you need BEFORE checkout. BEFORE. before before before before.</span></font></div><div><font face="Arial"><span style="font-size: 18.6667px;"><br></span></font></div><div><font face="Arial"><span style="font-size: 18.6667px;"><br></span></font></div><div><font face="Arial"><span style="font-size: 18.6667px;">&nbsp; &nbsp; &nbsp;Problem with your order? Drop me a line. I'm happy and determined to help and make your sale right. I'm only one guy doing all this so every now and then I do make a mistake....only problem is, with one professor doing all the work around here, there is no one left to catch the mistake except you.&nbsp;</span></font></div><div><font face="Arial"><span style="font-size: 18.6667px;"><br></span></font></div><div><font face="Arial"><span style="font-size: 18.6667px;"><br></span></font></div><div><font face="Arial"><span style="font-size: 18.6667px;"><br></span></font></div><div><font face="Arial"><span style="font-size: 18.6667px;">&nbsp; &nbsp; &nbsp;Item damaged in the mail? Well, dangit. In buying an item from the Institute you are agreeing to help out in any insurance claim, including showing me pictures and possibly keeping damaged merchandise and packaging . You get any given refund from me, I get my refund from the PO. To start, you show me a picture of the damage and the damaged packaging along with the correspondence or notes from the USPS. &nbsp;We may end up working it out through insurance and a postal inspector might need to take possession of the item or I may ask for a part to be mailed back, like a book cover or part of the box or I may call it a wash. Remember you need to save any notes, damaged packaging and the damaged item as well because it may need to be given to the PO as part of a claim.&nbsp;</span></font></div><div><font face="Arial"><span style="font-size: 18.6667px;"><br></span></font></div><div><font face="Arial"><span style="font-size: 18.6667px;"><br></span></font></div><div><font face="Arial"><span style="font-size: 18.6667px;">&nbsp; &nbsp; &nbsp;Item go missing? Well...I have online view-able tracking on just about every package so just let me know and both of us can easily look into it. If it is a week or more outside of delivery then we should both call the USPS. It will dramatically increase the chances of shaking loose any stuck packages within the system.</span></font></div><div><font face="Arial"><span style="font-size: 18.6667px;"><br></span></font></div><div><font face="Arial"><span style="font-size: 18.6667px;"><br></span></font></div><div><font face="Arial"><span style="font-size: 18.6667px;"><br></span></font></div><div><font face="Arial"><span style="font-size: 18.6667px;">&nbsp; &nbsp; &nbsp;Don't be offended if/when I file NPBs after two days. It really isn't personal. &nbsp;If you can't pay right away, it would be a good idea (and common courtesy) to ask if I mind before you buy. If you need a few extra days, I really don't mind. I certainly do mind if you don't ask.&nbsp;</span></font></div><div><font face="Arial"><span style="font-size: 18.6667px;"><br></span></font></div><div><font face="Arial"><span style="font-size: 18.6667px;">&nbsp; &nbsp; &nbsp;I do not honor buyer requested cancellations unless it is discussed with me directly in messages...and you better sell me on your story. "I found it cheaper", &nbsp;"I am poor" or "I didn't read/look" are all equally unacceptable. If you are poor you shouldn't be shopping on ebay. Your absolutely pathetic excuse better include werewolf bites, demonic possession or something real interesting for me to read. Don't be giving me "accidentally" hit the "Buy It Now"...and what? You accidentally searched, found, clicked on AND paid too? Pffft...you don't think I know how ebay works? Get real.</span></font></div><div><font face="Arial"><span style="font-size: 18.6667px;"><br></span></font></div><div><font face="Arial"><span style="font-size: 18.6667px;"><br></span></font></div><div><font face="Arial"><span style="font-size: 18.6667px;"><br></span></font></div><div><font face="Arial"><span style="font-size: 18.6667px;">&nbsp; &nbsp; &nbsp;Not sure what the item is that I am selling? I know right! (You'd be surprised how often this happens) This is a BIG, ENORMOUS, TITANIC, YUUUGE hint that maybe you shouldn't just go and willy-nilly hit "Buy It Now". Look, I know I am not the most flowery of description writers. "This is the name of the thing I have, it is in X condition.", is about as far as I go. I sell niche market collectibles and oddities mostly. I can't even begin to imagine how you possibly got here if you don't know what my thing is...and if you do not know what my thing is or you are unfamiliar with it...ASK. I'd so much rather you DID NOT buy something from me if you don't know what it is or what I am talking about. ...and why are you offering me money for stuff that you don't even know what it is in the first place? WHY DOES THIS HAPPEN?</span></font></div><div><font face="Arial"><span style="font-size: 18.6667px;"><br></span></font></div><div><font face="Arial"><span style="font-size: 18.6667px;"><br></span></font></div><div><font face="Arial"><span style="font-size: 18.6667px;">Let me repeat that in a different way, even though I shouldn't have to: &nbsp;"If you do not know what it is you are looking at in my store, do not buy it!". Pause. Another pause. Ask me what it is. If you still don't know after that...</span></font></div><div><font face="Arial"><span style="font-size: 18.6667px;"><br></span></font></div><div><font face="Arial"><span style="font-size: 18.6667px;"><br></span></font></div><div><font face="Arial"><span style="font-size: 18.6667px;"><br></span></font></div><div><font face="Arial"><span style="font-size: 18.6667px;">&nbsp; &nbsp; &nbsp;If you are not sure what shelf wear, ding, stress, variant, chipping, oxidation, acid staining, Silver, Bronze, Copper Age, Full Bleed, JLA, JSA, BTVS, LOTR, ST:TNG, VF, GN, HC, PF, PB, TPB, OGN, OAV, &nbsp;MOC, MISB, DCU, MSRP or any of the other hundreds of common pop culture lingo terms mean....you are over your head and you are going to need some help. It's OK. Everyone starts somewhere. Feel free to ask me anything, (except the exact measurements of &nbsp;t-shirts....man if you require perfectly tailored t-shirts, ebay is not the place for you...try Millionaires T-Shirt Depot instead.) I'm your 20+ years experience Nerd Prince expert. Please make your questions very specific if you need more information and please...do your asking before you buy. If I don't respond there is a reason why I have done so. Please just move on.</span></font></div><div><font face="Arial"><span style="font-size: 18.6667px;"><br></span></font></div><div><font face="Arial"><span style="font-size: 18.6667px;"><br></span></font></div><div><font face="Arial"><span style="font-size: 18.6667px;"><br></span></font></div><div><font face="Arial"><span style="font-size: 18.6667px;"><br></span></font></div><div><font face="Arial"><span style="font-size: 18.6667px;">&nbsp; &nbsp; &nbsp;My handling time is 1 day, but most shipments go out in far less than 24 hours and even some within mere minutes of paying. Feedback is automatically given out after you receive your item and are happy.&nbsp;</span></font></div><div><font face="Arial"><span style="font-size: 18.6667px;"><br></span></font></div><div><font face="Arial"><span style="font-size: 18.6667px;"><br></span></font></div><div><font face="Arial"><span style="font-size: 18.6667px;"><br></span></font></div><div><font face="Arial"><span style="font-size: 18.6667px;"><br></span></font></div><div><font face="Arial"><span style="font-size: 18.6667px;">&nbsp; &nbsp; &nbsp;Again, because this is super extra important: I cannot &amp; will not ship to any address other than one you chose at checkout. Make sure the address you want your item shipped to is correct before you pay. Once you pay...that's it, I don't ask if it is correct. If you have special delivery needs, you have to tell me before you buy because most times your item is already on its way before your message is read.</span></font></div><div><font face="Arial"><span style="font-size: 18.6667px;"><br></span></font></div><div><font face="Arial"><span style="font-size: 18.6667px;"><br></span></font></div><div><font face="Arial"><span style="font-size: 18.6667px;"><br></span></font></div><div><font face="Arial"><span style="font-size: 18.6667px;"><br></span></font></div><div><font face="Arial"><span style="font-size: 18.6667px;">&nbsp; &nbsp; &nbsp;Firm but fair. Informal but professional. Committed and honest. Long winded and slightly amusing. The Institute is an outlet for overstock and garage/estate sale &amp; thrift store treasure hunt finds. I take it very seriously as this is my full time job.&nbsp;</span></font></div><div><font face="Arial"><span style="font-size: 18.6667px;"><br></span></font></div><div><font face="Arial"><span style="font-size: 18.6667px;">If you didn't like my novella length Wordy McWordwords, well I'm sure with enough time and counselling you'll come to forgive me. Also, meh.</span></font></div></div></font></font></font></font></font></font><!-- [BEGIN] MyStoreMaps ******** DO NOT CHANGE -->
<!-- batch: `c38bac61-d907-43e2-b404-2c1650eead17` -->
<div style="margin: 0 auto; text-align: center;">
  <img src="https://d3un5b2maogi1n.cloudfront.net/map_f0edff4c-6244-4734-bfce-92d938be2355.gif" alt="MyStoreMaps" style="max-width: 100%;"></img>
  <p><a href="https://applications.ebay.com/selling?ViewEAppDetails&stab=1&appType=1&appId=newage.mystoremaps.com" target="_blank">Add a map to your own listings. FREE Trial!</a></p>
</div>
<!-- [END] MyStoreMaps ******** DO NOT CHANGE -->
</DOC>
<DOC>
<DOCID>1700566</DOCID>
<CATEGORY>Collectibles > Decorative Collectibles > Miniatures</CATEGORY>
<ORIGTITLE>Blue Willow Childrens Miniature Mini Tea Cup Saucer Creamer Sugar Plate Set New</ORIGTITLE>
<font rwr='1' size='4' style='font-family:Arial'><meta name="viewport" content="width=device-width, initial-scale=1.0"><strong style="FONT-FAMILY: Arial"><font size="4"><font style="COLOR: rgb(135,0,82)" color="#540054" size="3" face="Arial"><font style="BACKGROUND-COLOR: rgb(255,191,255)" color="#000000" size="2" face="Arial"><strong>
<h1 class="vi-is1-titleH1" itemprop="name"><strong style="FONT-SIZE: small"><font color="#870052" size="4"><font color="#540054" size="3" face="Arial"><font color="#000000" size="2" face="Arial"><strong>
<h1 style="DISPLAY: inline !important" class="vi-is1-titleH1" itemprop="name"><font size="4">Blue Willow Childrens Miniature Mini Tea Cup Saucer Creamer Sugar Plate Set New</font></h1></strong></font></font></font></strong><font size="4">&nbsp;&nbsp;</font></h1>
<p align="center"><br></p></strong></font></font><font size="+0"><font face="Arial"><font size="3"><font size="+0"></font><font size="+0"></font><font size="+0"><strong><font size="3" face="Arial">
<ul>
<li>
<div style="MARGIN: 0in 0in 0pt 0.25in; mso-margin-top-alt: auto; mso-margin-bottom-alt: auto" class="MsoNormal"><b><span style="FONT-FAMILY: Arial; FONT-SIZE: 10pt">Blue <!--?xml:namespace prefix = st1 ns = "urn:schemas-microsoft-com:office:smarttags" /--><st1:city w:st="on"><st1:place w:st="on">Willow</st1:place></st1:city> Miniature Children's Tea Set<!--?xml:namespace prefix = o ns = "urn:schemas-microsoft-com:office:office" /--><o:p></o:p></span></b></div></li>
<li>
<div style="MARGIN: 0in 0in 0pt 0.25in; mso-margin-top-alt: auto; mso-margin-bottom-alt: auto" class="MsoNormal"><b><span style="FONT-FAMILY: Arial; FONT-SIZE: 10pt">Porcelain set<o:p></o:p></span></b></div></li>
<li>
<div style="MARGIN: 0in 0in 0pt 0.25in; mso-margin-top-alt: auto; mso-margin-bottom-alt: auto" class="MsoNormal"><b><span style="FONT-FAMILY: Arial; FONT-SIZE: 10pt">Set includes: 2 saucers, 1 cup, 3 plates, 1 spoon, 1 creamer and 1 sugar with lid.<o:p></o:p></span></b></div></li>
<li>
<div style="MARGIN: 0in 0in 0pt 0.25in; mso-margin-top-alt: auto; mso-margin-bottom-alt: auto" class="MsoNormal"><b><span style="FONT-FAMILY: Arial; FONT-SIZE: 10pt">Plates measure approx. 3 5/8" in diameter with full blue willow pattern in the center.<o:p></o:p></span></b></div></li>
<li>
<div style="MARGIN: 0in 0in 0pt 0.25in; mso-margin-top-alt: auto; mso-margin-bottom-alt: auto" class="MsoNormal"><b><span style="FONT-FAMILY: Arial; FONT-SIZE: 10pt">Saucers measure approx. 3 1/4" in diameter with full blue willow pattern in the center.<o:p></o:p></span></b></div></li>
<li>
<div style="MARGIN: 0in 0in 0pt 0.25in; mso-margin-top-alt: auto; mso-margin-bottom-alt: auto" class="MsoNormal"><b><span style="FONT-FAMILY: Arial; FONT-SIZE: 10pt">Cup measures approx. 2" diameter top, 1 3/8" diameter base and 1 7/8" deep. Features scalloped top edging with a band of a blue pattern near the top.<o:p></o:p></span></b></div></li>
<li>
<div style="MARGIN: 0in 0in 0pt 0.25in; mso-margin-top-alt: auto; mso-margin-bottom-alt: auto" class="MsoNormal"><b><span style="FONT-FAMILY: Arial; FONT-SIZE: 10pt">Spoon measures approx. 3 1/2" total length and features a blue design on the handle.<o:p></o:p></span></b></div></li>
<li>
<div style="MARGIN: 0in 0in 0pt 0.25in; mso-margin-top-alt: auto; mso-margin-bottom-alt: auto" class="MsoNormal"><b><span style="FONT-FAMILY: Arial; FONT-SIZE: 10pt">Creamer measures approx. 2 1/4" diameter top, 1 1/4" diameter base and 1 3/4"deep with a decorative blue patterned design near the top edge.<o:p></o:p></span></b></div></li>
<li>
<div style="MARGIN: 0in 0in 0pt 0.25in; mso-margin-top-alt: auto; mso-margin-bottom-alt: auto" class="MsoNormal"><b><span style="FONT-FAMILY: Arial; FONT-SIZE: 10pt">Sugar dish features a removable lid and measures approx. 1 3/4" diameter top, 1 15/16" diameter base, 2 3/4" tall with lid and "1 3/4 deep without lid and features a decorative blue patterned design near the top edge.<o:p></o:p></span></b></div></li>
<li>
<div style="MARGIN: 0in 0in 0pt 0.25in; mso-margin-top-alt: auto; mso-margin-bottom-alt: auto" class="MsoNormal"><b><span style="FONT-FAMILY: Arial; FONT-SIZE: 10pt">Not marked as to maker or manufacturer.<o:p></o:p></span></b></div></li>
<li>
<div style="MARGIN: 0in 0in 0pt 0.25in; mso-margin-top-alt: auto; mso-margin-bottom-alt: auto" class="MsoNormal"><b><span style="FONT-FAMILY: Arial; FONT-SIZE: 10pt">Great set for a child to play with!<o:p></o:p></span></b></div></li>
<li>
<div style="MARGIN: 0in 0in 0pt 0.25in; mso-margin-top-alt: auto; mso-margin-bottom-alt: auto" class="MsoNormal"><b><span style="FONT-FAMILY: Arial; FONT-SIZE: 10pt">May have some imperfections as it was made that way.<o:p></o:p></span></b></div></li>
<li>
<div style="MARGIN: 0in 0in 0pt 0.25in; mso-margin-top-alt: auto; mso-margin-bottom-alt: auto" class="MsoNormal"><b><span style="FONT-FAMILY: Arial; FONT-SIZE: 10pt">Adorable quality porcelain tea set.<o:p></o:p></span></b></div></li>
<li>
<div style="MARGIN: 0in 0in 0pt 0.25in; mso-margin-top-alt: auto; mso-margin-bottom-alt: auto" class="MsoNormal"><b><span style="FONT-FAMILY: Arial; FONT-SIZE: 10pt">Traditional design with blue willow trees, pagodas, gondolas.<o:p></o:p></span></b></div></li>
<li>
<div style="MARGIN: 0in 0in 0pt 0.25in; mso-margin-top-alt: auto; mso-margin-bottom-alt: auto" class="MsoNormal"><b><span style="FONT-FAMILY: Arial; FONT-SIZE: 10pt">Perfect for miniature collectors or your favorite little gal<o:p></o:p></span></b></div></li>
<li>
<div style="MARGIN: 0in 0in 0pt 0.25in; mso-margin-top-alt: auto; mso-margin-bottom-alt: auto" class="MsoNormal"><strong><span style="FONT-FAMILY: Arial; FONT-SIZE: 10pt">Please scroll down to view transaction details.</span></strong></div></li></ul></font></strong></font><strong style="BACKGROUND-COLOR: rgb(255,255,255)"></strong>
</font></font></font></font></strong><font size="4"></font><div style="BACKGROUND-COLOR: rgb(255,255,255); FONT-FAMILY: 'Times New Roman'; FONT-WEIGHT: normal" align="left"><font size="4"><strong style="FONT-FAMILY: Arial"><strong style="color: rgb(0, 2, 88); font-family: Times;"><font color="#000258"><strong><font color="#000258"><font color="#000258"><strong><font color="#923397" size="3"><strong><font color="#923397" size="3"><strong><font color="#000258" size="3"><strong><font color="#000258" size="3"><font color="#000258" size="3"><strong><strong><font color="#000258" size="3"><font color="#923397" size="3"><strong><font color="#000258"><strong><font color="#000258" size="3" face="Arial"><strong><font color="#000258" size="3" face="Arial"><span style="font-family: Times; color: purple;"><font face="arial"><font color="red"><font face="arial"><strong><strong><strong><strong><strong><strong><strong><strong><strong><strong><font face="Arial"><strong><font face="Arial"><span style="font-family: Times; color: purple;"><font face="arial"><font color="#000000" size="3" face="arial"><strong style="font-family: Verdana; color: rgb(128, 0, 128); font-size: small;"><font color="#800080" size="3" face="Arial"><table cellspacing="28" cellpadding="0" width="100%" style="font-family: 'Times New Roman';"><tbody><tr><td valign="top"><div align="left"><font face="Verdana"><font size="3" face="Arial"><font face="Comic Sans MS"><font face="Arial"><font size="3" face="Arial"><font size="3" face="Times"><font size="3"><font size="3"><font size="3" face="Arial"><font size="3" face="Arial"><font face="Arial"><font face="Arial" style="color: purple;"><font face="Arial"><font color="#000000"><h1 class="western" style="font-family: 'Times New Roman'; font-size: 14pt;"><p align="left" dir="ltr" data-setdir="false" id="yui_3_16_0_ym19_1_1502715858070_160212" style="font-size: medium; -webkit-padding-start: 0px; margin: 0px; padding: 0px;"><font face="Arial">Please view our store and read our complete policy and FAQ. We encourage our customers to call with questions and concerns. Please contact us prior to posting less than 5 Star feedback.&nbsp;We take pride in offering quality products, packaging, fast shipping, and customer service.&nbsp;</font></p></h1><h1 align="left" id="yui_3_16_0_ym19_1_1502715858070_159831" style="font-family: 'Times New Roman'; -webkit-padding-start: 0px; margin: 0.67em 0px; padding: 0px;"><font face="Arial" id="yui_3_16_0_ym19_1_1502715858070_159832" size="3" style="-webkit-padding-start: 0px;">International Buyers Please note:<br id="yui_3_16_0_ym19_1_1502715858070_159833" style="-webkit-padding-start: 0px;">Import duties, taxes, and custom charges are not included in the item price. These charges are the buyer's responsibility. Please check with you country's customs office to determine what these additional costs will be prior to bidding or buying.</font></h1></font></font></font></font></font></font></font></font></font></font></font></font></font></font></div></td></tr></tbody></table></font></strong></font></font></span></font></strong></font></strong></strong></strong></strong></strong></strong></strong></strong></strong></strong></font></font></font></span></font></strong></font></strong></font></strong></font></font></strong></strong></font></font></strong></font></strong></font></strong></font></strong></font></font></strong></font></strong></strong></font></div></font>
</DOC>
<DOC>
<DOCID>1700554</DOCID>
<CATEGORY>Collectibles > Postcards > US States, Cities & Towns > California</CATEGORY>
<ORIGTITLE>Linen THEATER & RESTAURANTS ON OCEAN AVENUE Long Beach - Los Angeles CA G4864</ORIGTITLE>
<p> &nbsp;</p><p> <span style="font-size:14px;"><strong>See scans of the front and back of this card. </strong></span></p><p> <span style="font-size:29px;"><span style="color:rgb(255,0,0);"><strong><u>ATTENTION</u> - THIS ITEM SHIPS FROM <u>CANADA</u></strong></span></span></p><p> <span style="font-size:30px;"><span style="color: rgb(0, 128,0);"><strong>PLEASE ALLOW 7 TO 14 DAYS FOR DELIVERY</strong></span></span></p><p> <span style="font-size:28px;"><span style="color: rgb(255, 0,0);"><strong>CUSTOMER SERVICE IS OUR #1 PRIORITY</strong></span></span></p><p> <span style="font-size:28px;"><span style="color: rgb(255, 0, 0);"><strong>WE WILL ALWAYS MAKE IT RIGHT FOR YOU</strong></span></span></p><p><u><strong><em><span style="font-family:comic sans ms,cursive;"><spanstyle="font-size: 22px;"><spanstyle="color:#008000;"><span style="font-size:18px;">FREE SHIPPING - ON ALL ADDITIONAL CARDS TO USA AFTER THE FIRST ONE</span></span></span></span></em></strong></u></p><p> &nbsp;</p><p> <span style="font-size:14px;"><strong>DESCRIPTION</strong></span></p><p><span style="font-size:14px;"><strong>This listing is for one single postcard, as described in the title of this listing.</strong></span></p><p> <span style="font-size:14px;"><strong>It is a STANDARD size VINTAGE postcard (unless otherwise specified in the title).</strong></span></p><p> <span style="font-size:14px;"><strong>Please use the front and back scans to judge condition.</strong></span></p><p> &nbsp;</p><p> &nbsp;</p><P><CENTER><IMG SRC="https://pics.ebay.com/aw/pics/viewitem/fe/imgFePowered_88x33.gif"></CENTER><P>
</DOC>
<DOC>
<DOCID>1700570</DOCID>
<CATEGORY>Collectibles > Lamps, Lighting > Lamps: Electric > Floor Lamps</CATEGORY>
<ORIGTITLE>ANTIQUE REPRODUCTION NAUTICAL TIMBER WOOD TRIPOD FLOOR LAMP BROWN STAND</ORIGTITLE>
<font rwr='1' size='4' style='font-family:Arial'><font rwr="1" style="font-family:Arial" size="4"><meta name="viewport" content="width=device-width, initial-scale=1.0"><font style="font-family:Arial" size="4"><font style="font-family:Arial" size="4"><p class="MsoNormal"><b style="mso-bidi-font-weight:normal"><span style="font-size:14.0pt;mso-bidi-font-size:11.0pt;line-height:115%">Quality Assurance</span></b><b style="mso-bidi-font-weight:normal"><span style="font-size:16.0pt;mso-bidi-font-size:12.0pt;line-height:115%;font-family:&quot;Times New Roman&quot;,&quot;serif&quot;"></span></b></p><p class="MsoNormal"><span style="font-size:14.0pt;mso-bidi-font-size:11.0pt;line-height:115%;font-family:&quot;Times New Roman&quot;,&quot;serif&quot;">Quality is a parameter where we make no compromises. The products that we offer to our clients are high in quality, beautifully designed and of high performance. We deliver our clients nothing less than best. The products that are available at our organization are quality checked, before delivering them to the customers.</span><span style="font-size:16.0pt;mso-bidi-font-size:12.0pt;line-height:115%;font-family:&quot;Times New Roman&quot;,&quot;serif&quot;"></span></p><p class="MsoNormal"><span style="font-size:14.0pt;mso-bidi-font-size:11.0pt;line-height:115%;font-family:&quot;Times New Roman&quot;,&quot;serif&quot;">Following are some of the parameters on which we judge the quality of our products:</span><span style="font-size:16.0pt;mso-bidi-font-size:12.0pt;line-height:115%;font-family:&quot;Times New Roman&quot;,&quot;serif&quot;"></span></p><p class="MsoNormal"><span style="font-size:14.0pt;mso-bidi-font-size:11.0pt;line-height:115%">Superior quality raw material is used in the manufacturing process</span><span style="font-size:16.0pt;mso-bidi-font-size:12.0pt;line-height:115%;font-family:&quot;Times New Roman&quot;,&quot;serif&quot;"></span></p><p class="MsoNormal"><span style="font-size:14.0pt;mso-bidi-font-size:11.0pt;line-height:115%;font-family:&quot;Times New Roman&quot;,&quot;serif&quot;"><br></span><span style="font-size:14.0pt;mso-bidi-font-size:11.0pt;line-height:115%">Quality check at each stage of manufacturing</span><span style="font-size:14.0pt;mso-bidi-font-size:11.0pt;line-height:115%;font-family:&quot;Times New Roman&quot;,&quot;serif&quot;"><br></span><span style="font-size:14.0pt;mso-bidi-font-size:11.0pt;line-height:115%">Individual testing</span><span style="font-size:14.0pt;mso-bidi-font-size:11.0pt;line-height:115%;font-family:&quot;Times New Roman&quot;,&quot;serif&quot;"><br></span><span style="font-size:14.0pt;mso-bidi-font-size:11.0pt;line-height:115%">finally checked thoroughly before batch inception.</span><span style="font-size:16.0pt;mso-bidi-font-size:12.0pt;line-height:115%;font-family:&quot;Times New Roman&quot;,&quot;serif&quot;"></span></p><p class="MsoNormal"><b style="mso-bidi-font-weight:normal"><span style="font-size:14.0pt;mso-bidi-font-size:11.0pt;line-height:115%">Feedback:</span></b><b style="mso-bidi-font-weight:normal"><span style="font-size:16.0pt;mso-bidi-font-size:12.0pt;line-height:115%;font-family:&quot;Times New Roman&quot;,&quot;serif&quot;"></span></b></p><p class="MsoNormal"><span style="font-size:14.0pt;mso-bidi-font-size:11.0pt;line-height:115%">If you are satisfy with products , we request you to leave positive feedback for us. If you have any problem please tell us &amp; we will resolve your problem. We request you; please don't leave negative feedback without share your problem with us.</span><span style="font-size:16.0pt;mso-bidi-font-size:12.0pt;line-height:115%;font-family:&quot;Times New Roman&quot;,&quot;serif&quot;"></span></p><p class="MsoNormal"><span style="font-size:14.0pt;mso-bidi-font-size:11.0pt;line-height:115%">&nbsp;</span></p></font></font><p></p><center><img src="https://pics.ebay.com/aw/pics/viewitem/fe/imgFePowered_88x33.gif"></center><p></p></font></font>
</DOC>
<DOC>
<DOCID>1700572</DOCID>
<CATEGORY>Collectibles > Comics > Graphic Novels, TPBs</CATEGORY>
<ORIGTITLE>X-Men Origins The Complete Collection TP</ORIGTITLE>
X-Men Origins The Complete Collection TP. Shipped with Standard Shipping. 
</DOC>
<DOC>
<DOCID>1700573</DOCID>
<CATEGORY>Collectibles > Postcards > US States, Cities & Towns > New Jersey</CATEGORY>
<ORIGTITLE>Atlantic City New Jersey 1930s Postcard Monticello Hotel Lobby Cocktail Lounge</ORIGTITLE>
<!-- Version: SixBit eCommerce Suite 3.0.353.0 (Home) -->
<style>img{max-width:100%}</style><meta name="viewport" content="width=device-width, initial-scale=1.0"/><!-- Begin Description --><div vocab="https://schema.org/" TypeOf="Product"><span Property="description">Atlantic City New Jersey 1930s Postcard Monticello Hotel Lobby Cocktail Lounge.   Ohio residents add 7.25% sales tax. If purchasing multiple items wait for a combined invoice before paying. </span></div><!-- End Description -->
<div style="font-size:12px;clear:both" align="center"><img src=" https://www.sixbitsoftware.com/images/tagline.jpg" align=absbottom border=0 alt="Powered by SixBit" longdesc="https://www.sixbitsoftware.com/images/tagline.jpg" /><br/>Powered by SixBit's eCommerce Solution</a></div>
</DOC>
<DOC>
<DOCID>1700574</DOCID>
<CATEGORY>Collectibles > Postcards > US States, Cities & Towns > Kansas</CATEGORY>
<ORIGTITLE>Fort Scott Kansas~Trolley at Main & Wall Streets~Marble Building Stores~1916 PC</ORIGTITLE>
<div id="inkfrog_crosspromo_top"></div>
<div id="inkfrog_crosspromo_top"></div>












							<table cellspacing="28" cellpadding="0" width="100%">
							<tr>
								<td valign="top">
						<font color="#ff0000" size="5"><font color="#000000" size="5"><font size="3">LDS32501</font> 
<p align="center"><strong><font color="#005500"><font size="7">Welcome to Refried.jeans </font></font></strong></p>
<p align="center"><strong><font color="#000000"><font style="FONT-SIZE: 22pt" size="6">Selling on Ebay for 15 Years</font></font></strong><strong><font color="#005500"><font size="7"> </font></font></strong></p>
<p align="center"><strong><font color="#005500"><font size="7">50,000+ in our Ebay Store...</font></font></strong></p>
<p align="center"><strong><font color="#005500"><font size="7">and Growing!</font></font></strong><br></p>
<p align="center"><strong><font color="#000000"><font size="5">Postcard Size: Standard 3 1/2 by 5 1/2   (Unless Otherwise Noted Above)</font></font></strong><strong><font color="#ff0000"><font size="5"> </font></font></strong></p>
<p align="center"><strong><font color="#480048"><font size="5">USING THE EBAY PHOTO MAGNIFIER, Please Examine Photos carefully, both front and back, for flaws. The back will sometimes reveal nicks or bends that you cannot see from the front. Double-Click the Image for Super Size Photo. Colored lines are from the scanner and are not on the postcard</font></font></strong></p>
<p align="center"><strong><font color="#000000"><font size="5">COMBINED SHIPPING DISCOUNTS:</font></font></strong></p>
<p align="center"><strong><font color="#000000"><font size="5">Are offered ONLY on items that are combined into one invoice with one single PayPal payment made for the entire order. Mobile Devices may not allow you to combine. Use the Shopping Cart for Store Purchases or wait for us to send the combined auction invoice. We update daily.</font></font></strong></p>
<p align="center"><br><br></p>
<p align="center"><strong><font color="#ff0000"><font size="5">Shipping in US:  $1 for first postcard, 20 cents each additional if combined in one order. Unrealistic Shipping Overcharges will be refunded. </font></font></strong></p>
<p align="center"><strong><font color="#009300"><font size="5">International: $1.50 per card, each additional  .75 cents per card if combined in one order. Unrealistic Shipping Overcharges will be Refunded.</font></font></strong></p>
<p align="center"><strong><font color="#4b0082"><font size="4">We are not available to answer e-mails on Sunday, the Lord's Day</font></font></strong></p>
<p><br>160810</p></font></font>

								</td>
							</tr>
							</table>
						<center><img src="http://pics.ebay.com/aw/pics/sell/templates/images/k2/tagline.gif" border="0"><br><font face="Arial,Helvetica" size="2">Powered by <a href="http://pages.ebay.com/turbo_lister/">eBay Turbo Lister</a><br>The free listing tool. List your items fast and easy and manage your active items.
			</font></center>






<div id="inkfrog_crosspromo_bottom"></div>
</DOC>
<DOC>
<DOCID>1700577</DOCID>
<CATEGORY>Collectibles > Transportation > Railroadiana & Trains > Signs & Plaques</CATEGORY>
<ORIGTITLE>PRR Pennsylvania Railroad Porcelain Metal Sign Train Station Emblem</ORIGTITLE>
<font rwr='1' size='4' style='font-family:Arial'><font rwr="1" style="font-family:Arial" size="4"><font rwr="1" style="font-family:Arial" size="4"><font rwr="1" style="font-family:Arial" size="4"><font rwr="1" style="font-family:Arial" size="4"><font rwr="1" style="font-family:Arial" size="4">This auction is for a PRR Pennsylvania Railroad Porcelain Metal Sign Train Station Emblem. This sign measures approximately 8 1/2 inches wide by 8 1/2 inches high and reads " PRR ". This was an estate sale find and is therefore being sold as is pictured/as found. <br></font></font></font></font></font></font>
</DOC>
<DOC>
<DOCID>1700579</DOCID>
<CATEGORY>Collectibles > Tobacciana > Lighters > Non-Branded Lighters > Cigar Lighters</CATEGORY>
<ORIGTITLE>HARLEY-DAVIDSON MOTORCYCLE HOG HEAD CIGARETTE CIGAR BIKER PEWTER LIGHTER</ORIGTITLE>
<font rwr="1" size="4" style="font-family:Arial"><p>HARLEY-DAVIDSON MOTORCYCLE HOG HEAD CIGARETTE CIGAR BIKER PEWTER LIGHTER</p><p>Your satisfaction is very important to me. I try to describe my items as accurately as possible so that you will be thrilled with your purchase. Please email me with any questions.</p><p>PAYMENT</p><p>Payment is required within 7 days of the end of the auction. If payment is not received within 7 days, the item will be relisted and an unpaid item will be filed. If you want to wait with the payment until all the items you bid on have ended, please notify me and I will send you a combined invoice.&nbsp;</p><p>FEEDBACK&nbsp;</p><p>Please leave me feedback and I will be happy to leave you one in return. In case you are not satisfied with the purchase please contact me before leaving feedback, any problem can be resolved.&nbsp;</p><p>Fast Shipping......Ships in 24 hours (excluding weekends and Holidays)</p><br><br><p>￼</p></font>
</DOC>
<DOC>
<DOCID>1700587</DOCID>
<CATEGORY>Collectibles > Cultures & Ethnicities > Western Americana > Posters</CATEGORY>
<ORIGTITLE>Pawnee Bill Memorial RODEO 2004 Poster Oklahoma 14x22" Cowboys!</ORIGTITLE>
<font rwr='1' size='4' style='font-family:Arial'><font rwr="1" size="4" style="font-family:Arial"><font rwr="1" size="4" style="font-family:Arial">14 x 22 inches.&nbsp; Pretty near perfect!&nbsp; Will ship in a damage-proof manner.</font></font></font>
</DOC>
<DOC>
<DOCID>1700592</DOCID>
<CATEGORY>Collectibles > Advertising > Gas & Oil > Gas & Oil Companies > Gulf</CATEGORY>
<ORIGTITLE>Gulf Gasoline Sign - 24 Inch Reproduction Embossed Tin Sign - Made in USA</ORIGTITLE>
<font rwr='1' size='4' style='font-family:Arial'><div>Gulf Gasoline Sign - 24 Inch Reproduction Embossed Tin Sign - Made in USA</div><div>

<ul type="disc" style="margin-top:0in">
 <li style="color: rgb(0, 0, 0); font-family:; font-size: 12pt; font-style: normal; font-weight: 400;">Fully
     Licensed Product</li><li style="color: rgb(0, 0, 0); font-family:; font-size: 12pt; font-style: normal; font-weight: 400;">24 Inch Embossed Reproduction Sign<br></li>
 <li style="color: rgb(0, 0, 0); font-family:; font-size: 12pt; font-style: normal; font-weight: 400;">Made
     in the <st1:country-region><st1:place>USA</st1:place></st1:country-region></li>
 <li style="color: rgb(0, 0, 0); font-family:; font-size: 12pt; font-style: normal; font-weight: 400;">Product
     Made By HangTime</li>
 <li style="color: rgb(0, 0, 0); font-family:; font-size: 12pt; font-style: normal; font-weight: 400;">Metal
     Sign Great for Garage, <st1:place><st1:placename>Man</st1:placename> <st1:placetype>Cave</st1:placetype></st1:place>,
     Indoors, or Outdoors</li>
 <li style="color: rgb(0, 0, 0); font-family:; font-size: 12pt; font-style: normal; font-weight: 400;">Pre-Drilled
     Holes for Hanging</li>
</ul>

<b></b><i></i><u></u><sub></sub><sup></sup><strike></strike><br></div></font>
</DOC>
<DOC>
<DOCID>1700599</DOCID>
<CATEGORY>Collectibles > Historical Memorabilia > Fairs, Parks & Architecture > Fairs & Expositions > Worlds Fairs > 1964-65 New York</CATEGORY>
<ORIGTITLE>Lot of TWO TIN TRAYS 1964-65 NEW YORK WORLD'S FAIR UNISPHERE</ORIGTITLE>
<font rwr='1' size='4' style='font-family:Arial'><font size="4" style="font-family:Arial" rwr="1"><div><font color="#000258"><font face="Times">Lot of TWO TIN TRAYS 1964-65 NEW YORK WORLD'S FAIR UNISPHERE .&nbsp; </font></font></div><div><font color="#000258"><font face="Times">Measures approximately 4" in diameter;</font><span style="text-align: left; text-transform: none; text-indent: 0px; letter-spacing: normal; font-family: Times New Roman; font-size: 16px; font-style: normal; font-variant: normal; font-weight: 400; text-decoration: none; word-spacing: 0px; display: inline !important; white-space: normal; orphans: 2; float: none; -webkit-text-stroke-width: 0px; background-color: transparent;">&nbsp;IN GOOD CONDITION with minor wear.</span></font></div></font></font>
</DOC>
<DOC>
<DOCID>1700586</DOCID>
<CATEGORY>Collectibles > Cultures & Ethnicities > Other Cultural Collectibles</CATEGORY>
<ORIGTITLE>59 authentic  artifacts in wood and glass case</ORIGTITLE>
<font size="4" style="font-family:Arial" rwr="1">59 authentic artifacts found in Alaska. &nbsp;&nbsp; The wood and glass case is NOT included.&nbsp; I doubt I could ship it without breaking.&nbsp; Just the artifacts...</font>
</DOC>
<DOC>
<DOCID>1700589</DOCID>
<CATEGORY>Collectibles > Pens & Writing Instruments > Other Writing Collectibles</CATEGORY>
<ORIGTITLE>10 Collectible Writing Instruments Ink Pens Lead Pencil Pelikan Cross Sheaffer</ORIGTITLE>
<font rwr="1" size="4" style="font-family:Arial"><font rwr="1" size="4" style="font-family:Arial"><font rwr="1" size="4" style="font-family:Arial"><font rwr="1" size="4" style="font-family:Arial"><font rwr="1" size="4" style="font-family:Arial"><font rwr="1" size="4" style="font-family:Arial"><font rwr="1" size="4" style="font-family:Arial"><font rwr="1" size="4" style="font-family:Arial">10 PC set of pens, &nbsp;Louisville Slugger lead pencil (works), Onyx Sheaffer base<div><br></div><div>Not all pens have original refills, many unused, in boxes.</div><div><br></div><div>Sheaffer in main photo on bottom right has no refill.</div></font></font></font></font></font></font></font></font>
</DOC>
<DOC>
<DOCID>1700585</DOCID>
<CATEGORY>Collectibles > Advertising > Soda > Merchandise & Memorabilia > Bottle Caps</CATEGORY>
<ORIGTITLE>Peru Bottle Cap (#295) Coca Cola Vale S/. 0.50</ORIGTITLE>
<p style="margin: 5px 0px 0px 5px;"></p><p align="center">
&nbsp;</p>
<table align="center" border="10" cellpadding="5" cellspacing="5"><tbody><tr><td><p align="center">
<strong><font face="Arial"><font size="2">Buyer pays US$ 3.00 for expert S&amp;H to north and south america.</font><br><font size="2">S&amp;H within Chile CH$1.000. You can combine multiple items, Group purchases to save on S&amp;H.</font><br><font size="2">
We will combine up to 40 items on 1 invoice over a 2 week period. (eBay limit)</font><br><font size="2">
Registered/Insured US$1.5 extra;</font><br>
<br>
International Buyers<font size="2">: </font></font></strong><font face="Arial">Occasionally packages are delayed by the customs of your country. Please be patient for this reason. We ship worldwide<br>
<strong>Contact us: </strong>If you have any questions please feel free to contact us using the "Ask the seller a question" link.</font></p>
<hr>
<p align="center">
<font color="#00429a"><strong>I accept Paypal, for other methods of payment please ask before bid</strong></font></p>
<table cellpadding="2" cellspacing="2" width="100%">
<tbody>
<tr>
<td class="titlePurchase" nowrap="nowrap" valign="top">
<p align="center">
<strong><font color="#ff0010" face="Arial" size="2">Note: Item location</font> </strong></p>
</td>
<td>
<strong><font color="#ff0010" face="Arial" size="2">Santiago de Chile</font></strong></td>
</tr>
</tbody>
</table>
</td>
</tr>
</tbody>
</table>
<p style="text-align: center;"><br></p><center>
</center>
<!--END inkFrog SmartCounters-->

























</DOC>
<DOC>
<DOCID>1700596</DOCID>
<CATEGORY>Collectibles > Comics > Silver Age (1956-69) > Cartoon Character</CATEGORY>
<ORIGTITLE>Bugs Bunny and Porky Pig #1 1965-Gold Key-1st issue-newsprint cover-VG/FN</ORIGTITLE>
<table style="width: 100%;" cellspacing="0" cellpadding="0" align="center" bgcolor="#fff">
<tbody>
<tr valign="top">
<td colspan="3" align="center">
<div style="margin-top: 0px; background-color: #fff; width: 800px; font-family: helvetica,arial; font-size: 14px;">
<table style="width: 100%; font-size: 80%; font-family: helvetica,arial;">
<tbody>
<tr align="center">
<td style="text-align: center;" colspan="3">
<p>&nbsp;&nbsp;</p>
<p><img src="https://www.dtacollectibles.com/skin/frontend/pt/dta/images/home-page-imgs/logo.gif" alt="" align="middle" /></p>
</td>
</tr>
</tbody>
</table>
<h1 style="margin-bottom: 5px;">Bugs Bunny and Porky Pig</h1>
<p style="margin-top: 2px;"><strong>Issue:</strong> 1 / <strong>Year:</strong>   1965</p>
<strong>Condition:</strong><span>&nbsp;VG/FN</span><br /><span><p>-First issue</p>

<p>-Giant 80 page issue, newsprint cover</p>

<p>-Looks VF, but has a 1 1/2" tear in cover at the bottom, parallel to the spine.  Call it VG/FN</p>

<p>-Rare, high grade looking copy</p>&nbsp;</span><br /><strong>Publisher:</strong><span>&nbsp;Gold Key</span><br /><strong>Sku:</strong><span>&nbsp; CK76-166</span><br /> <br />
<h3 style="margin-bottom: 10px;">Sale &amp; Auction Terms and Shipping &amp; Handling</h3>
<div style="font-size: 12px; padding-top: 5px; line-height: 16px; text-align: left;"><br /> <span style="color: #219ac2;"><strong>Auction Terms &amp; Winning Bidders</strong></span> <br /> By purchasing or bidding you agree to all terms of sale stated below. All purchases and winning bids are final. You will receive emails about your win, and package shipping information. <em>Please provide your email address for this purpose.</em> Our feedback system is automated and feedback will automatically be left for the winning bidder after feedback is left for us. <br /> <br /> <span style="color: #219ac2;"><strong>Payment</strong></span><br /> Payment is expected within 4 days of auction end. Payment in U.S. funds only. &nbsp;We accept methods other than PayPal. We accept other methods of payment than PayPal, contact us for details.&nbsp;<br /> <br /> <span style="color: #219ac2;"><strong>Sales Tax</strong></span><br /> Florida residents add 7% sales tax. <br /> <br /> <span style="color: #219ac2;"><strong>Shipping &amp; Handling Terms</strong></span><br />The shipping and handling fee covers processing your item(s) both in and out of our warehouse, packing materials, consignment costs, and costs of transporting your item(s) to the post office, in addition to the postal fees. We can combine shipping for multiple orders. Large/heavy items cost more than the standard rate to combine. Contact us first if you have any shipping questions.
<ul>
<li><span style="text-decoration: underline;"><strong>Shipment inside the USA:</strong></span> Buyer pays standard processing and delivery fee as indicated on the invoice. Priority, Express or other services are extra&mdash;please let us know and we will revise your invoice.&nbsp;<br /><br /></li>
<li><span style="text-decoration: underline;"><strong>Shipment outside the US:</strong></span>&nbsp;Items listed in the <strong>eBay Global Shipping Program</strong> will ship at the cost as displayed in the listing.&nbsp; This amount cannot be adjusted.&nbsp;&nbsp;<strong>For insurance reasons we must declare the actual value for the item(s) on all customs form, we will not declare a lower value on customs forms, by purchasing this item you are agreeing to this. </strong></li>
</ul>
<div style="font-size: 12px; padding-top: 5px; line-height: 16px; text-align: left;"><span style="color: #219ac2;"><strong>Returns<br /></strong><span style="color: #000000;">We accept returns within 14 days <strong>except for any professionally graded comic book</strong>. This includes CGC, PGX and CBCS graded comic books. Please be aware these items are <strong>NON RETURNABLE</strong>. No exceptions.&nbsp;</span></span></div>
</div>
<center>
<h3>Over 100,000 mail orders processed! Bid with confidence.</h3>
<a href="https://contact.ebay.com/ws1/eBayISAPI.dll?TradingAssistant&amp;page=profile&amp;profileId=419746"><img src="https://pics.ebaystatic.com/aw/pics/tradingAssistant/imgTA_88x33.gif" alt="" width="88" height="33" /></a><br /> <a href="https://contact.ebay.com/ws1/eBayISAPI.dll?TradingAssistant&amp;page=profile&amp;profileId=419746">I can sell items for you!</a></center></div>
</td>
</tr>
<tr>
<td colspan="3">&nbsp;</td>
</tr>
</tbody>
</table>
</DOC>
<DOC>
<DOCID>1700584</DOCID>
<CATEGORY>Collectibles > Science Fiction & Horror > Battlestar Galactica</CATEGORY>
<ORIGTITLE>1978 Battlestar Galactica Original 1-Sheet Movie Poster</ORIGTITLE>
<center><font color="red" face="arial" size="+4"><b></b></font><p><br>
</p><p><font size="3">
</font></p><p><font size="3"><br><font size="3"><font color="red" face="arial" size="+4"><b><font size="6">ITCPO-460</font><br></b></font><img src="http://www.scifistore.com/ebay/p/ITCPO460.jpg"> <br><br>
</font></font></p><blockquote><span style="font-family: arial;"><span style="font-weight: bold;"></span></span><font size="3"><font size="3"><font color="red" face="arial" size="+4"><b><font size="+3">Original Battlestar Galactica Style B<br>One-Sheet Movie Poster<br>Laminated<br>&nbsp;Approx. 27"x41".<br></font></b></font></font></font><p><font size="3"><font size="3"><font color="red" face="arial" size="+4"><b><font size="+3">Overall Condition: Very Good, but laminated 30 years ago<br></font></b></font></font></font></p>
<p>
</p><p><font size="3"><font size="3"><font color="red" face="arial" size="+4"><b><font color="black" face="arial" size="+2"></font></b></font></font></font></p>
<p><font size="3"><font size="3"><b><font color="black" face="arial" size="+2"></font></b><b><br></b></font></font></p>
<p></p>
<p><font size="3"><font size="3"><b>These items are being sold on consignment through the eBay Trading Assistant Program. </b></font><b><font size="+2">
</font></b></font></p><p>
</p><center><font size="3"><b><font size="+2"><a href="http://contact.ebay.com/aw-cgi/eBayISAPI.dll?ShowMemberToMemberDetails&amp;member=571059"><b>We are authorized eBay Trading Assistants - Let us help you sell your collectibles on ebay.</b> <br><img src="http://pics.ebay.com/aw/pics/trading_assistant2_88x33.gif" border="0" vspace="5" width="88" height="33"></a> <br>
<img src="http://www.scifistore.com/ebay/t/003.jpg"></font></b></font></center></blockquote></center>
<!-- VENDBASCTCTCTVENDBASCT -->
<center>
<script language="javascript1.1">
<!--
  var MM_contentVersion = 6;
  var flashplugin = (navigator.mimeTypes && navigator.mimeTypes["application/x-shockwave-flash"]) ?
    navigator.mimeTypes["application/x-shockwave-flash"].enabledPlugin : 0;
  if (flashplugin) {
    var words = navigator.plugins["Shockwave Flash"].description.split(" ");
    for(var i=0; i<words.length; ++i) {
      if( isNaN(parseInt(words[i]))) continue;
      var MM_PluginVersion = words[i];
    }
    var MM_FlashCanPlay = MM_PluginVersion >= MM_contentVersion;
  }
  else if (navigator.userAgent && navigator.userAgent.indexOf("MSIE")>=0 && (navigator.appVersion.indexOf("Win") != -1)) {
    document.write('<SCR'+'IPT LANGUAGE=VBScript\>\n');
    document.write('on error resume next\n');
    document.write('MM_FlashCanPlay = (IsObject(CreateObject("ShockwaveFlash.ShockwaveFlash." & MM_contentVersion)))\n</SCR'+'IPT\>\n');
  }
  if (MM_FlashCanPlay) {
    document.write('<p>');
    document.write('<OBJECT border=0 classid="clsid:D27CDB6E-AE6D-11cf-96B8-444553540000" codebase="https://download.macromedia.com/pub/shockwave/cabs/flash\/swflash.cab#version=6,0,0,0" ID="bas_ct_widget" width="690" height="30" align="middle">');
    document.write(' <PARAM NAME="movie" VALUE="http://api.buyerappreciation.com/my/bas/ct/ct.swf?u=646793&i=29783&c=1861666211"> ');
    document.write(' <PARAM NAME="quality" VALUE="high">');
    document.write(' <PARAM NAME="bgcolor" value="#ffffff" />');
    document.write(' <PARAM NAME="allowScriptAccess" value="always" />');
    document.write(' <param name="wmode" value="transparent" />');
    document.write(' <EMBED src="http://api.buyerappreciation.com/my/bas/ct/ct.swf?u=646793&i=29783&c=1861666211" quality="high" bgcolor="#ffffff" width="690" height="30" name="bas_ct_widget" align="middle" allowscriptaccess="always" wmode="transparent" type="application/x-shockwave-flash" pluginspage="http://www.macromedia.com/go/getflashplayer" />');
    document.write(' </EMBED>');
    document.write('</OBJECT>');
    document.write('</p>');
  }
  else {
    document.write(' <table width="450" border=1> ');
    document.write(' <tr><td bgcolor=#eeeeee align=center valign=center><br><font color=#000000 face=Arial size=2> ');
    document.write(' The Buyer Appreciation banner is best viewed with <br><br> <b>Macromedia Flash Player 6</b><br>or higher.<br><br> ');
    document.write(' <a href=http://www.macromedia.com/go/getflashplayer target=_blank>Click here to get the latest<br>Macromedia Flash Player.</a> ');
    document.write(' <br><br></td></tr>');
    document.write(' </table>');
  }
  document.write('<p align="center" style="font-family: Arial, Helvetica, sans-serif; font-size: 10pt;"><a href="http://www.vendio.com/bin/ref.x/1636167105">Increase sales. Improve feedback.  Get Buyer Appreciation, FREE from Vendio!</a></p>');
//-->
</script>
<noscript>
Your browser does not support JavaScript.
To view this page, enable JavaScript if it is disabled or upgrade your browser.
</noscript>
</center>
<!-- VENDBASCTCTCTVENDBASCT --><BR/><font rwr='1' size='4' style='font-family:Arial'><br><meta name="viewport" content="width=device-width, initial-scale=1.0"></font>
</DOC>
<DOC>
<DOCID>1700583</DOCID>
<CATEGORY>Collectibles > Cultures & Ethnicities > Asian > 1900-Now > Chinese > Figures & Statues</CATEGORY>
<ORIGTITLE>Chinese Tibetan Buddhist natural conch old copper inlaid gemstone Instrument</ORIGTITLE>
<link href="https://s.pushauction.com/tl/5b16afa60f514436a8bf1bfaacf9d228/181017115059.css" rel="stylesheet" />
<link href="https://s.pushauction.com/pm/1e6853fab6844070ab0d4869688acadf/3b726806a41e4cb487fc4fb9d4bb06e9/181017115059.css" rel="stylesheet" />
<meta name="viewport" content="target-densitydpi=device-dpi, width=device-width, initial-scale=1.0, minimum-scale=1.0, maximum-scale=1.0, user-scalable=yes">
<div id="pa_t_cp"><div class='cp_h'><span></span></div><ul class='pacp'><li id="t223568980759"><a href="https://www.ebay.com/itm/223568980759" target="_blank"><p1></p1><p2></p2><p3><p31></p31><p32></p32></p3><p4></p4><p5></p5><p6><span></span><l></l><r></r></p6></a></li><li id="t223568980377"><a href="https://www.ebay.com/itm/223568980377" target="_blank"><p1></p1><p2></p2><p3><p31></p31><p32></p32></p3><p4></p4><p5></p5><p6><span></span><l></l><r></r></p6></a></li><li id="t223568980104"><a href="https://www.ebay.com/itm/223568980104" target="_blank"><p1></p1><p2></p2><p3><p31></p31><p32></p32></p3><p4></p4><p5></p5><p6><span></span><l></l><r></r></p6></a></li><li id="t223568979599"><a href="https://www.ebay.com/itm/223568979599" target="_blank"><p1></p1><p2></p2><p3><p31></p31><p32></p32></p3><p4></p4><p5></p5><p6><span></span><l></l><r></r></p6></a></li><li id="t223568979247"><a href="https://www.ebay.com/itm/223568979247" target="_blank"><p1></p1><p2></p2><p3><p31></p31><p32></p32></p3><p4></p4><p5></p5><p6><span></span><l></l><r></r></p6></a></li><li id="t223568978908"><a href="https://www.ebay.com/itm/223568978908" target="_blank"><p1></p1><p2></p2><p3><p31></p31><p32></p32></p3><p4></p4><p5></p5><p6><span></span><l></l><r></r></p6></a></li><li id="t223568978637"><a href="https://www.ebay.com/itm/223568978637" target="_blank"><p1></p1><p2></p2><p3><p31></p31><p32></p32></p3><p4></p4><p5></p5><p6><span></span><l></l><r></r></p6></a></li><li id="t223568978288"><a href="https://www.ebay.com/itm/223568978288" target="_blank"><p1></p1><p2></p2><p3><p31></p31><p32></p32></p3><p4></p4><p5></p5><p6><span></span><l></l><r></r></p6></a></li><li id="t223568978007"><a href="https://www.ebay.com/itm/223568978007" target="_blank"><p1></p1><p2></p2><p3><p31></p31><p32></p32></p3><p4></p4><p5></p5><p6><span></span><l></l><r></r></p6></a></li><li id="t223568977793"><a href="https://www.ebay.com/itm/223568977793" target="_blank"><p1></p1><p2></p2><p3><p31></p31><p32></p32></p3><p4></p4><p5></p5><p6><span></span><l></l><r></r></p6></a></li><li id="t223568977403"><a href="https://www.ebay.com/itm/223568977403" target="_blank"><p1></p1><p2></p2><p3><p31></p31><p32></p32></p3><p4></p4><p5></p5><p6><span></span><l></l><r></r></p6></a></li><li id="t223568977344"><a href="https://www.ebay.com/itm/223568977344" target="_blank"><p1></p1><p2></p2><p3><p31></p31><p32></p32></p3><p4></p4><p5></p5><p6><span></span><l></l><r></r></p6></a></li></ul></div>
<div id="patemplate" class="pc_template">
    <div class="pastore_top_background patemplate_box_content">
        <div class="patemplate_bgin pastore_bottom_background">
            <div class="patemplate_center">
                <div class="patemplate_header">
                    <div id="header">
                        <div class="patemplate_headertop pastore_header_background">
                            <div class="patemplate_header_logo" id="patemplate_header_logo">
                                
                            </div>
                            <div class="patemplate_head_right" id="patemplate_header_right"></div>
                        </div>
                        <div class="patemplate_header_nav" id="patemplate_header_nav">
                            
                        </div>
                    </div>
                </div>
                <div class="patemplate_content">
                    <div class="patemplate_contentin">
                        <div class='patemplate_slider'><div class="csslider1 autoplay"><input name="cs_anchor1" id="cs_slide1_0" type="radio" class="cs_anchor slide"><input name="cs_anchor1" id="cs_slide1_1" type="radio" class="cs_anchor slide"><input name="cs_anchor1" id="cs_slide1_2" type="radio" class="cs_anchor slide">
                                <input name="cs_anchor1" id="cs_play1" type="radio" class="cs_anchor" checked>
                                <input name="cs_anchor1" id="cs_pause1" type ="radio" class="cs_anchor"><input name="cs_anchor1" id="cs_pause1_0" type="radio" class="cs_anchor pause"><input name="cs_anchor1" id="cs_pause1_1" type="radio" class="cs_anchor pause"><input name="cs_anchor1" id="cs_pause1_2" type="radio" class="cs_anchor pause">
                                <ul><div style="width:100%;visibility:hidden;font-size:0px;line-height:0;" class="cs_skeleton"><img src="https://timage.pushauction.com/v3/DefaultTemplate\A16530/mid_banner1.png" style="width: 100%;"></div><li class="num0  img slide"><img src="https://timage.pushauction.com/v3/DefaultTemplate\A16530/mid_banner1.png" alt="" title=""/></li><li class="num1  img slide"><img src="https://timage.pushauction.com/v3/DefaultTemplate\A16530/mid_banner2.png" alt="" title=""/></li><li class="num2  img slide"><img src="https://timage.pushauction.com/v3/DefaultTemplate\A16530/mid_banner3.png" alt="" title=""/></li></ul><div class='cs_play_pause'><label class='cs_play' for='cs_play1'><span><i></i><b></b></span></label><label class='cs_pause num0' for='cs_pause1_0'><span><i></i><b></b></span></label><label class='cs_pause num1' for='cs_pause1_1'><span><i></i><b></b></span></label><label class='cs_pause num2' for='cs_pause1_2'><span><i></i><b></b></span></label></div><div class="cs_arrowprev"><label class="num0" for="cs_slide1_0"><span><i></i><b></b></span></label><label class="num1" for="cs_slide1_1"><span><i></i><b></b></span></label><label class="num2" for="cs_slide1_2"><span><i></i><b></b></span></label></div><div class="cs_arrownext"><label class="num0" for="cs_slide1_0"><span><i></i><b></b></span></label><label class="num1" for="cs_slide1_1"><span><i></i><b></b></span></label><label class="num2" for="cs_slide1_2"><span><i></i><b></b></span></label></div><div class="cs_bullets"><label class="num0" for="cs_slide1_0"><span class="cs_point"></span></label><label class="num1" for="cs_slide1_1"><span class="cs_point"></span></label><label class="num2" for="cs_slide1_2"><span class="cs_point"></span></label></div>
                             </div></div>
                        <div class="patemplate_content_left">

                            <div class="patemplatebox" id="patemplate_store_category">
                                <div class="patemplatebox_h">
                                    <h2 class="patemplatebox_title">Store category</h2><span></span>
                                </div>
                                <div class="patemplatebox_body">
                                    <div class="patemplatebox_bodynone">
                                        <div class="patemplate_category" id="patemplate_template_category">
                                            
                                        </div>
                                    </div>
                                </div>
                            </div>
                            <div class="storenewsletter">
                                <p class="storenewsletter_txt"></p>
                                <a target="_blank" href="https://my.ebay.com/ws/eBayISAPI.dll?AcceptSavedSeller&amp;linkname=includenewsletter&amp;sellerid=ruih338" class="savesellery_button" title="Sign Up">Sign Up Now !</a>
                            </div>
                            <div class="patemplatebox" id="patemplate_userlinks">
                                <div class="patemplatebox_h">
                                    <h2 class="patemplatebox_title"></h2><span></span>
                                </div>
                                <div class="patemplatebox_body">
                                    <div class="patemplatebox_bodyin">
                                        <div id="patemplate_links">
                                            
                                        </div>
                                    </div>
                                </div>
                            </div>
                            <div class="patemplatebox" id="patemplate_left_cp">
                                <div class="patemplatebox_h">
                                    <h2 class="patemplatebox_title">You may also like</h2><span></span>
                                </div>
                                <div class="patemplatebox_body">
                                    <div class="patemplatebox_bodyin">
                                        <div id="pa_l_cp"><div class='cp_h'><span></span></div><ul class='pacp'><li id="l223568980759"><a href="https://www.ebay.com/itm/223568980759" target="_blank"><p1></p1><p2></p2><p3><p31></p31><p32></p32></p3><p4></p4><p5></p5><p6><span></span><l></l><r></r></p6></a></li><li id="l223568980377"><a href="https://www.ebay.com/itm/223568980377" target="_blank"><p1></p1><p2></p2><p3><p31></p31><p32></p32></p3><p4></p4><p5></p5><p6><span></span><l></l><r></r></p6></a></li></ul></div>
                                    </div>
                                </div>
                            </div>
                        </div>
                        <div class="patemplate_content_right">

                            <div class="patemplatebox" id="patemplate_picture">
                                <div class="patemplate_picbody">
                                    <div class="patemplate_picbodyin">
                                        <div class="patemplate_title">
                                            Chinese Tibetan Buddhist natural conch old copper inlaid gemstone Instrument
                                        </div>
                                            <div class="papicturelayout layout1"><input type="radio" name="slide_switch" id="preview_id1" checked><input type="radio" name="slide_switch" id="preview_id2" ><input type="radio" name="slide_switch" id="preview_id3" ><input type="radio" name="slide_switch" id="preview_id4" ><input type="radio" name="slide_switch" id="preview_id5" ><input type="radio" name="slide_switch" id="preview_id6" ><input type="radio" name="slide_switch" id="preview_id7" ><input type="radio" name="slide_switch" id="preview_id8" ><input type="radio" name="slide_switch" id="preview_id9" ><div class="picturesmall"><label id="small_label1" for= "preview_id1"><img src="https://i.ebayimg.com/00/s/MTA4MFgxMDgw/z/nOgAAOSwE-5bxDT9/$_12.JPG?set_id=880000500F"/></label><label id="small_label2" for= "preview_id2"><img src="https://i.ebayimg.com/00/s/MTA4MFgxMDgw/z/AFEAAOSw9PFbxDUC/$_12.JPG?set_id=880000500F"/></label><label id="small_label3" for= "preview_id3"><img src="https://i.ebayimg.com/00/s/MTA4MFgxMDgw/z/KTEAAOSwtItbxDUK/$_12.JPG?set_id=880000500F"/></label><label id="small_label4" for= "preview_id4"><img src="https://i.ebayimg.com/00/s/MTA4MFgxMDgw/z/X4QAAOSwfvlbxDUS/$_12.JPG?set_id=880000500F"/></label><label id="small_label5" for= "preview_id5"><img src="https://i.ebayimg.com/00/s/MTA4MFgxMDgw/z/aTwAAOSwT-BbxDUZ/$_12.JPG?set_id=880000500F"/></label><label id="small_label6" for= "preview_id6"><img src="https://i.ebayimg.com/00/s/MTA4MFgxMDgw/z/00UAAOSwBBpbxDUf/$_12.JPG?set_id=880000500F"/></label><label id="small_label7" for= "preview_id7"><img src="https://i.ebayimg.com/00/s/MTA4MFgxMDgw/z/yAkAAOSw~G9bxDUi/$_12.JPG?set_id=880000500F"/></label><label id="small_label8" for= "preview_id8"><img src="https://i.ebayimg.com/00/s/MTA4MFgxMDgw/z/mRkAAOSwBRNbxDUo/$_12.JPG?set_id=880000500F"/></label><label id="small_label9" for= "preview_id9"><img src="https://i.ebayimg.com/00/s/MTA4MFgxMDgw/z/Zq8AAOSw7fxbxDUs/$_12.JPG?set_id=880000500F"/></label></div><div class="big_preview_img"><div><img src="https://i.ebayimg.com/00/s/MTA4MFgxMDgw/z/nOgAAOSwE-5bxDT9/$_12.JPG?set_id=880000500F"/><img src="https://i.ebayimg.com/00/s/MTA4MFgxMDgw/z/AFEAAOSw9PFbxDUC/$_12.JPG?set_id=880000500F"/><img src="https://i.ebayimg.com/00/s/MTA4MFgxMDgw/z/KTEAAOSwtItbxDUK/$_12.JPG?set_id=880000500F"/><img src="https://i.ebayimg.com/00/s/MTA4MFgxMDgw/z/X4QAAOSwfvlbxDUS/$_12.JPG?set_id=880000500F"/><img src="https://i.ebayimg.com/00/s/MTA4MFgxMDgw/z/aTwAAOSwT-BbxDUZ/$_12.JPG?set_id=880000500F"/><img src="https://i.ebayimg.com/00/s/MTA4MFgxMDgw/z/00UAAOSwBBpbxDUf/$_12.JPG?set_id=880000500F"/><img src="https://i.ebayimg.com/00/s/MTA4MFgxMDgw/z/yAkAAOSw~G9bxDUi/$_12.JPG?set_id=880000500F"/><img src="https://i.ebayimg.com/00/s/MTA4MFgxMDgw/z/mRkAAOSwBRNbxDUo/$_12.JPG?set_id=880000500F"/><img src="https://i.ebayimg.com/00/s/MTA4MFgxMDgw/z/Zq8AAOSw7fxbxDUs/$_12.JPG?set_id=880000500F"/></div></div></div>
                                    </div>
                                </div>
                            </div>
                            <div class="patemplatebox" id="patemplate_description">
                                <div class="patemplatebox_h1">
                                    <h2 class="patemplatebox_title">Product Description</h2><span></span>
                                </div>
                                <div class="patemplatebox_body">
                                    <div class="patemplatebox_bodyin">

                                        <div>
                                            <!--PA4_ItemSpecifics_Begin--><div id='patemplate_itemspecifics'><table><tr><th>Color</th><td>picture</td></tr><tr><th>Age</th><td>Unknown</td></tr><tr><th>Type</th><td>Statue</td></tr><tr><th>Original/Reproduction</th><td>Unknown</td></tr><tr><th>Region of Origin</th><td>China</td></tr><tr><th>Primary Material</th><td>Bronze</td></tr></table></div><!--PA4_ItemSpecifics_End--><!--PA4_Description_Begin--><div align="center"><strong>Size:</strong><br /><br /><strong>Height : 44 cm</strong><br /><br /><strong>Width：24 cm</strong><br /><br /><strong>Weight: 2020 g</strong></div><!--PA4_Description_End-->
                                        </div>
                                        <div>
                                            
                                        </div>
                                        <div>
                                            
                                        </div>
                                        <div>
                                            
                                        </div>
                                    </div>
                                </div>
                            </div>


                            <div class="patemplatebox sellerdetail tabs" id="terms">

                                <input class="" id="tab1" type="radio" name="tabs" checked> <label class="headlabel1" for="tab1">Payment</label>
                                <input id="tab2" type="radio" name="tabs"><label class="headlabel2" for="tab2">Delivery details</label>
                                <input id="tab3" type="radio" name="tabs"><label class="headlabel3" for="tab3">Terms of sales</label>
                                <input id="tab4" type="radio" name="tabs"><label class="headlabel4" for="tab4">About us</label>
                                <input id="tab5" type="radio" name="tabs"><label class="headlabel5" for="tab5">Contact us</label>
                                <div id="patemplate_termscontent_1" class="template_terms_content">
                                    <div class="template_terms_contentin_t"><label for="tab1"><span>Payment</span><i></i></label></div>
                                    <div class="template_terms_contentin">
                                        <div style="text-align: center;">We accept paypal to payment only.</div><div style="font-size: small; text-align: center;"><strong style="color: #000000; font-family: Arial, Verdana, sans-serif; font-size: large; 28.8px;  background-color: #f8d3b7;"><img src="https://pics.ebaystatic.com/aw/pics/uk/paypal/imgLockup.gif" title="Credit or debit card through PayPal" alt="Credit or debit card through PayPal" width="345" height="71" /></strong></div>
                                    </div>
                                </div>
                                <div id="patemplate_termscontent_2" class="template_terms_content">
                                    <div class="template_terms_contentin_t"><label for="tab2"><span>Delivery details</span><i></i></label></div>
                                    <div class="template_terms_contentin">
                                        <br /><div style="text-align: center;">All items will be shipped within 24
 business hours upon receipt of payment . It takes about 18--35 days to 
ship to Name of the Countries. Ie: United States, Canada, Europe, Asia 
or other places worldwide. We are unable to take any responsibility for 
any custom delay or tax. Reason is because transit time is highly 
depended and provided by Postal Service (except weekends and holidays）</div>
                                    </div>
                                </div>

                                <div id="patemplate_termscontent_3" class="template_terms_content">
                                    <div class="template_terms_contentin_t"><label for="tab3"><span>Terms of sales</span><i></i></label></div>
                                    <div class="template_terms_contentin">
                                        <br /><div style="text-align: center;">All items sold by us are being 
described to the best of our abilities, as accurate as possible, and 
with utmost conscientiousness on our part. However, to avoid any 
potential oversights, I respectfully request your assistance in helping 
us to make this a mutually satisfactory transaction by thoroughly 
reviewing item description and photos, and asking all questions PRIOR TO
 BIDDING. Please Note that size and color representation are subject to 
manufacturing variance and may not be exact. Also note that monitor 
settings may vary from computer to computer and may distort actual 
colors. Please read these terms thoroughly before placing your bid.</div>
                                    </div>
                                </div>
                                <div id="patemplate_termscontent_4" class="template_terms_content">
                                    <div class="template_terms_contentin_t"><label for="tab4"><span>About us</span><i></i></label></div>
                                    <div class="template_terms_contentin">
                                        When you receive the item(s) from me, if you have some questions, Please
 email me soon. I will resolve it for you as soon as (Full refund or 
exchange is valid in 60 days after the payment was confirmed). Item must
 be returned within 30 Days,Refund will be given as Money Back
                                    </div>
                                </div>
                                <div id="patemplate_termscontent_5" class="template_terms_content">
                                    <div class="template_terms_contentin_t"><label for="tab5"><span>Contact us</span><i></i></label></div>
                                    <div class="template_terms_contentin">
                                        feedback is very important for me,so please munificent leave me the good
 feedback as early as possible if you like my items and pleased with my 
service.If you don`t like my items and don`t pleased with my 
service,please tell me your suggestion and help me correct my mistake. 
Please give me a chance before you leave the negative feedback.Thank you
 very much for your help.<span style="color: #552211; font-family: Verdana, Arial, Helvetica, sans-serif;">of course ,i will leave a positive feedback for my dear,kind buyers.</span>
                                    </div>
                                </div>
                            </div>

                        </div>
                    </div>
                </div>
                <div id="patemplate_footer">

                    <div class="pastore_footer pastore_footer_background">
                        <div class="pastore_inside">
                            <div class="inside_left">
                                <div id="menu">
                                    <ul></ul>
                                </div><div id="copyright"></div>
                            </div>
                            <div class="inside_right">
                                
                            </div>
                        </div>
                    </div>
                </div>

            </div>
        </div>
    </div>
</div>

</div></div></div></div></div></div></div></div></div></div></div></div></div></div></div></div><div id="pa_b_cp"><div class='cp_h'><span></span></div><ul class='pacp'><li id="b223568980759"><a href="https://www.ebay.com/itm/223568980759" target="_blank"><p1></p1><p2></p2><p3><p31></p31><p32></p32></p3><p4></p4><p5></p5><p6><span></span><l></l><r></r></p6></a></li><li id="b223568980377"><a href="https://www.ebay.com/itm/223568980377" target="_blank"><p1></p1><p2></p2><p3><p31></p31><p32></p32></p3><p4></p4><p5></p5><p6><span></span><l></l><r></r></p6></a></li><li id="b223568980104"><a href="https://www.ebay.com/itm/223568980104" target="_blank"><p1></p1><p2></p2><p3><p31></p31><p32></p32></p3><p4></p4><p5></p5><p6><span></span><l></l><r></r></p6></a></li><li id="b223568979599"><a href="https://www.ebay.com/itm/223568979599" target="_blank"><p1></p1><p2></p2><p3><p31></p31><p32></p32></p3><p4></p4><p5></p5><p6><span></span><l></l><r></r></p6></a></li><li id="b223568979247"><a href="https://www.ebay.com/itm/223568979247" target="_blank"><p1></p1><p2></p2><p3><p31></p31><p32></p32></p3><p4></p4><p5></p5><p6><span></span><l></l><r></r></p6></a></li><li id="b223568978908"><a href="https://www.ebay.com/itm/223568978908" target="_blank"><p1></p1><p2></p2><p3><p31></p31><p32></p32></p3><p4></p4><p5></p5><p6><span></span><l></l><r></r></p6></a></li><li id="b223568978637"><a href="https://www.ebay.com/itm/223568978637" target="_blank"><p1></p1><p2></p2><p3><p31></p31><p32></p32></p3><p4></p4><p5></p5><p6><span></span><l></l><r></r></p6></a></li><li id="b223568978288"><a href="https://www.ebay.com/itm/223568978288" target="_blank"><p1></p1><p2></p2><p3><p31></p31><p32></p32></p3><p4></p4><p5></p5><p6><span></span><l></l><r></r></p6></a></li><li id="b223568978007"><a href="https://www.ebay.com/itm/223568978007" target="_blank"><p1></p1><p2></p2><p3><p31></p31><p32></p32></p3><p4></p4><p5></p5><p6><span></span><l></l><r></r></p6></a></li><li id="b223568977793"><a href="https://www.ebay.com/itm/223568977793" target="_blank"><p1></p1><p2></p2><p3><p31></p31><p32></p32></p3><p4></p4><p5></p5><p6><span></span><l></l><r></r></p6></a></li><li id="b223568977403"><a href="https://www.ebay.com/itm/223568977403" target="_blank"><p1></p1><p2></p2><p3><p31></p31><p32></p32></p3><p4></p4><p5></p5><p6><span></span><l></l><r></r></p6></a></li><li id="b223568977344"><a href="https://www.ebay.com/itm/223568977344" target="_blank"><p1></p1><p2></p2><p3><p31></p31><p32></p32></p3><p4></p4><p5></p5><p6><span></span><l></l><r></r></p6></a></li></ul></div><!--PA4_HTMLBottom_Begin--><div id='pushauctioncounterdiv' style='width:100%;text-align:center;padding-top:20px;font-family:Times New Roman'><img id='pushauctioncounter' src='https://counter.pushauction.com/1e6853fa-b684-4070-ab0d-4869688acadf/3b726806-a41e-4cb4-87fc-4fb9d4bb06e9.jpg'/></div><div id='pushauctionlogosigndiv' style='text-align:center;width:100%;padding-top:20px'><img src='https://image.pushauction.com/poweredbypushauction.png' alt='PushAuction' border='0' title='Engineered for professional sellers'/></div><!--PA4_HTMLBottom_End-->
</DOC>
<DOC>
<DOCID>1700593</DOCID>
<CATEGORY>Collectibles > Tobacciana > Price Guides & Publications</CATEGORY>
<ORIGTITLE>CML Camel Quarterly 1999 issue one , 131 pages Very Good Close to New Condition</ORIGTITLE>
<font rwr="1" size="4" style="font-family:Arial"><font rwr="1" size="4" style="font-family:Arial"><font size="4" style="font-family: Arial;" rwr="1"><font size="4" style="font-family: Arial;" rwr="1">Singer manual 15-91 ;PLEASE ASK QUESTIONS BEFORE BIDDING I'LL TRY TO DO MY BEST TO ANSWER, PLEASE PAY IN 3 DAYS,&nbsp; ,IF THEIR IS A PROBLEM PLEASE LET ME KNOW RIGHT AWAY, THANK YOU GOD BLESS</font></font></font></font>
</DOC>
<DOC>
<DOCID>1700588</DOCID>
<CATEGORY>Collectibles > Cultures & Ethnicities > Asian > 1900-Now > Chinese > Figures & Statues</CATEGORY>
<ORIGTITLE>18.4" Collect China Bronze West 3 Buddha Sakyamuni Guanyin Bodhisattva Sculpture</ORIGTITLE>
<font rwr="1" size="4" style="font-family:Arial"><font rwr="1" size="4" style="font-family:Arial"><font rwr="1" size="4" style="font-family:Arial"><font rwr="1" size="4" style="font-family:Arial"><table align="center" style="border-spacing: 0px; width: 1239px;"><tbody><tr><td><div id="ds_div"><div><br></div><div style="padding: 10px; text-align: center;"><span style="text-align: start; font-family: Arial, Helvetica, sans-serif; font-size: 17.7778px;">&nbsp;</span><span style="text-align: start; font-family: Arial, Helvetica, sans-serif; font-size: 17.7778px;">&nbsp;&nbsp;&nbsp; &nbsp; &nbsp;&nbsp; &nbsp;&nbsp; &nbsp;&nbsp; &nbsp;&nbsp; &nbsp;</span><table width="95%" border="0" cellspacing="0" cellpadding="0" align="center" style="font-family: Arial, Helvetica, sans-serif;"><tbody><tr valign="top"><td align="right" background="https://ti2.auctiva.com/tia/0/soda3_outlft.gif" style="font-size: 18px;"><img src="https://ti2.auctiva.com/tia/0/soda3_outtplft.gif" style="max-width: 100%;"></td><td width="100%" align="center" style="font-size: 18px; background-image: url(&quot;HTTPS://ti2.auctiva.com/tia/0/soda3_outtp.gif&quot;); background-position: 0% 0%; background-repeat: repeat-x;"><p>&nbsp;</p><p>&nbsp;</p><table border="0" cellspacing="0" cellpadding="0" valign="top" width="90%"><tbody><tr><td style="font-size: 18px;"><img src="https://ti2.auctiva.com/tia/0/soda3_intplft.gif" style="max-width: 100%;"></td><td background="https://ti2.auctiva.com/tia/0/soda3_intp.gif" style="font-size: 18px;"><img src="https://ti2.auctiva.com/tia/0/soda3_intp.gif" style="max-width: 100%;"></td><td style="font-size: 18px;"><img src="https://ti2.auctiva.com/tia/0/soda3_intprt.gif" style="max-width: 100%;"></td></tr><tr><td background="https://ti2.auctiva.com/tia/0/soda3_inlft.gif" style="font-size: 18px;"><img src="https://ti2.auctiva.com/tia/0/soda3_inlft.gif" style="max-width: 100%;"></td><td bgcolor="#ffffff" align="center" width="100%" style="font-size: 18px;"><p><img src="https://tbimgdx010.bababian.com/upload7/okebay/201309/001139178658.jpg" style="max-width: 100%;"></p>&nbsp;</td><td background="https://ti2.auctiva.com/tia/0/soda3_inrt.gif" style="font-size: 18px;"><img src="https://ti2.auctiva.com/tia/0/soda3_inrt.gif" style="max-width: 100%;"></td></tr><tr><td style="font-size: 18px;"><img src="https://ti2.auctiva.com/tia/0/soda3_inbtlft.gif" style="max-width: 100%;"></td><td background="https://ti2.auctiva.com/tia/0/soda3_inbt.gif" style="font-size: 18px;"><img src="https://ti2.auctiva.com/tia/0/soda3_inbt.gif" style="max-width: 100%;"></td><td style="font-size: 18px;"><img src="https://ti2.auctiva.com/tia/0/soda3_inbtrt.gif" style="max-width: 100%;"></td></tr></tbody></table></td><td background="https://ti2.auctiva.com/tia/0/soda3_outrt.gif" style="font-size: 18px;"><br></td></tr><tr><td background="https://ti2.auctiva.com/tia/0/soda3_outlft.gif" valign="top" align="right" style="font-size: 18px;"><br></td><td width="100%" height="100%" valign="top" bgcolor="#ffffff" style="font-size: 18px;"><center><div align="left"><table width="95%" border="0" align="center" class="acttbl"><tbody><tr><td style="font-size: 18px;"><table border="0" width="100%"><tbody><tr><td valign="top" align="center" style="font-size: 18px;"><center></center></td></tr><tr><td valign="top" width="100%" style="font-size: 18px;"><br><table border="0" cellpadding="8" align="center" width="95%" class="acttbl"><tbody><tr><td width="100%"  ="" class="acttbl"><div align="center" style="text-align: center;"><font face="Arial" size="6"><b>18.4" Collect China Bronze West 3 Buddha Sakyamuni Guanyin Bodhisattva Sculpture</b></font></div><div align="center"><p style="font-size: 18px;">-------------------------------------------------</p><p style="text-align: left;"><font face="Arial Black" size="4"><b>Dear friend: Positive feedback is greatly appreciated and we will do the same in return. If you are unhappy for any reason, please do not leave Negative or Neutral Feedback and allow us the opportunity to resolve any issue (s). We are very fair and easy to deal with. Thank You! &nbsp; &nbsp; &nbsp; &nbsp; &nbsp; &nbsp; &nbsp; &nbsp; &nbsp; &nbsp; &nbsp; &nbsp; &nbsp; &nbsp; &nbsp; &nbsp; &nbsp; &nbsp; &nbsp; &nbsp; &nbsp; &nbsp; &nbsp; &nbsp; &nbsp; &nbsp; &nbsp; &nbsp; &nbsp; &nbsp; &nbsp; &nbsp; &nbsp; &nbsp; &nbsp; &nbsp; &nbsp; &nbsp; &nbsp; &nbsp; &nbsp; &nbsp; &nbsp; &nbsp; &nbsp; &nbsp; &nbsp; &nbsp; &nbsp; &nbsp; &nbsp; &nbsp; &nbsp; &nbsp; &nbsp; &nbsp; &nbsp; &nbsp; &nbsp; &nbsp; &nbsp; &nbsp; &nbsp; &nbsp; &nbsp; &nbsp; &nbsp; &nbsp; &nbsp; &nbsp; &nbsp; &nbsp; &nbsp; &nbsp; &nbsp; &nbsp; &nbsp; &nbsp;</b></font></p><p style="text-align: left;"><font face="Arial Black" size="4"><b>Please check item description, photo carefully before you bid, be confirm it is the right item you want to collect.</b></font></p><p style="text-align: left;"><font face="Arial Black" size="4"><b>Please contact us if any query about auction. We are glad to service for you.</b></font></p><p><img src="https://ti2.auctiva.com/tia/0/soda3_desc.gif"></p><p><img src="https://i.ebayimg.com/images/g/~74AAOSwoRBaWGLf/s-l1600.jpg"><img src="https://i.ebayimg.com/images/g/t7EAAOSwDkVaWGLm/s-l1600.jpg" style="font-size: 18px;"><img src="https://i.ebayimg.com/images/g/FpMAAOSw~kJaWGKt/s-l1600.jpg" style="font-size: 18px;"><img src="https://i.ebayimg.com/images/g/hx0AAOSwJRZaWGK1/s-l1600.jpg" style="font-size: 18px;"><img src="https://i.ebayimg.com/images/g/cpgAAOSwPOhaWGK8/s-l1600.jpg" style="font-size: 18px;"><img src="https://i.ebayimg.com/images/g/uhAAAOSwkrFaWGLC/s-l1600.jpg" style="font-size: 18px;"><img src="https://i.ebayimg.com/images/g/88sAAOSwLI1aWGLK/s-l1600.jpg" style="font-size: 18px;"><img src="https://i.ebayimg.com/images/g/qJMAAOSw5nxaWGLQ/s-l1600.jpg" style="font-size: 18px;"><img src="https://i.ebayimg.com/images/g/p3gAAOSwAWlaWGLV/s-l1600.jpg" style="font-size: 18px;"></p><p align="left" style="text-align: center; margin-left: 3px; margin-right: 3px;"><font color="#ff0010" face="Arial" size="5"><b>Sakyamuni&nbsp;</b></font><b style="font-size: 18px;"><font face="Arial"><font size="5"><font color="#ff0010">Size: Height: 18.4&nbsp;</font><font color="#ff0010">inch&nbsp; .Long: 7.2&nbsp;</font></font><font size="5"><font color="#ff0010">inch . Breadth: 6.4 inch</font></font></font></b></p><p align="left" style="text-align: center; margin-left: 3px; margin-right: 3px;"><font size="5" face="Arial"><b><font color="#ff0010">Size: Height: 46&nbsp;</font><font color="#ff0010">cm &nbsp;.Long：18 cm . Breadth: 16 cm</font></b></font></p><p align="left" style="text-align: center; margin-left: 3px; margin-right: 3px;"><font color="#ff0010" face="Arial" size="5"><b>Guanyin&nbsp;</b></font><b style="font-size: 18px;"><font face="Arial"><font size="5"><font color="#ff0010">Size: Height: 17.2&nbsp;</font><font color="#ff0010">inch&nbsp; .Long: 7.2&nbsp;</font></font><font size="5"><font color="#ff0010">inch . Breadth: 6.4 inch</font></font></font></b></p><p align="left" style="text-align: center; margin-left: 3px; margin-right: 3px;"><font size="5" face="Arial"><b><font color="#ff0010">Size: Height: 43&nbsp;</font><font color="#ff0010">cm &nbsp;.Long：18 cm . Breadth: 16 cm</font></b></font></p><p align="left" style="text-align: center; margin-left: 3px; margin-right: 3px;"><font color="#ff0010" size="5" face="Arial"><b>About Weight: Kg----included the weight of packing materials</b></font></p><p align="left" style="text-align: center; margin-left: 3px; margin-right: 3px;"><b><font face="Arial" color="#ff0010"><font size="5">Materials:&nbsp;</font></font></b><b style="font-family: Arial;"><font size="5">Bronze</font></b></p><p align="left" style="text-align: center; margin-left: 3px; margin-right: 3px;"><span style="font-size: x-large;"><b><font face="Arial" color="#ff0010">Condition: Good condition</font></b></span></p><p><font color="#ff0010" size="5" face="Arial"><b><font style="text-align: start;"></font><span style="text-align: start; background-color: rgb(0, 0, 0);"></span><font style="text-align: start;"></font></b></font></p><p align="left" style="text-align: center; margin-left: 3px; margin-right: 3px;"><font color="#ff0010" size="5" face="Arial"><b>Shipping cost by Air Mail / EMS&nbsp;( 7-15 days ) : $Free</b></font></p></div><div align="center" class="STYLE1" style="font-size: 18px;"><font color="#000000" size="2"><img src="https://ti2.auctiva.com/tia/0/soda3_pay.gif" style="max-width: 100%;"></font></div><font size="4">&nbsp; &nbsp; &nbsp; &nbsp; &nbsp; &nbsp; &nbsp; &nbsp; &nbsp;</font><p class="STYLE1" style="font-size: 18px;"></p><div style="text-align: center;"><span style="font-size: x-large;">we only accept paypal</span></div><font size="5"><div style="text-align: center;"><font size="5">if you have any problems on payment,please inform us via ebay message</font><font color="#000000" size="2">.&nbsp;</font></div></font><p></p><div align="center" class="STYLE1" style="font-size: 18px;"><font color="#000000" size="2"><img src="https://ti2.auctiva.com/tia/0/soda3_ship.gif" style="max-width: 100%;"></font></div><font size="4">&nbsp; &nbsp; &nbsp; &nbsp; &nbsp; &nbsp; &nbsp; &nbsp; &nbsp; &nbsp; &nbsp; &nbsp;</font><p class="STYLE1" style="font-size: 18px;"><font size="5">1.We ship regularly Monday to Saturday (Beijing Time) and will ship your items within 1-2 days upon payment received. If we can not ship your item on time for some special reason, we will inform you via ebay message.</font></p><p class="STYLE1" style="font-size: 18px;"><font size="5">&nbsp; &nbsp; &nbsp;&nbsp;<br>2.We are not responsible for nor can we offer any specific advices on import fees, duty, customs, VAT or taxes that you may have to pay when your order arrives.<br>&nbsp;&nbsp;<br>3.We &nbsp;ship the items according to your Paypal address except the special notes from &nbsp;buyers! Be sure that your Paypal address is correct when you buy the items in &nbsp;ebay. We do not take responsibility for item loss due to wrong address.<br>&nbsp;&nbsp;<br>4.Estimated delivery time:<br>Shipping may be influenced by holidays, events and some other uncertainties. If you dislike the seemingly long shipping time, please think carefully to bid or buy the item. We do not want to get a negative or neutral or low DSR score because of shipping time. If you have special demand on shipping time, please inform me via ebay message.</font></p><div align="center" class="STYLE1" style="font-size: 18px;"><font color="#000000" size="2"><img src="https://ti2.auctiva.com/tia/0/soda3_about.gif" style="max-width: 100%;"></font></div><font size="4">&nbsp; &nbsp; &nbsp; &nbsp;&nbsp;</font><br><p class="STYLE1" style="font-size: 18px;"><font color="#000000" size="5">We want to give you a happy shopping experience, when you are not satisfied with our products, please contact us on EBAY, we are responsible seller, we will solve your problem, please believe us,thanks!</font><font size="2" color="#000000"></font></p><br><div align="center" class="STYLE1" style="font-size: 18px;"><font color="#000000" size="2"><img src="https://ti2.auctiva.com/tia/0/soda3_contact.gif" style="max-width: 100%;"></font></div><p class="STYLE1 STYLE1" style="font-size: 18px;"><font size="5">If you're in any way dissatisfied with your purchase, let me know through "MY MESSAGES" or "Ask Seller Questions" or our mailbox. We will solve it for you. We are committed to ensuring that you are completely satisfied with every transaction. 100% Satisfaction guaranteed ! We will reply your mail with in 24 hours normally. Sometimes have a little delay due to the weekends or holidays. If you can't get our mail after 48 hours, please check your spam or contact to us via Ebay.<br>In addition to contact us through eBay or you can send your message to our mailbox. Any question, please feel free to contact us, we will always do our best to serve you.<br>Business Hours: Mon-Sat 9:00-17:30:00 (HongKong Time GMT+8:00)</font></p></td></tr></tbody></table></td></tr></tbody></table></td></tr></tbody></table>&nbsp; &nbsp; &nbsp; &nbsp; &nbsp; &nbsp; &nbsp;<br>&nbsp; &nbsp;</div></center></td><td background="https://ti2.auctiva.com/tia/0/soda3_outrt.gif" valign="top" style="font-size: 18px;"><img src="https://ti2.auctiva.com/tia/0/soda3_outrt.gif" style="max-width: 100%;"></td></tr><tr><td align="right" style="font-size: 18px;"><img src="https://ti2.auctiva.com/tia/0/soda3_outbtlft.gif" style="max-width: 100%;"></td><td background="https://ti2.auctiva.com/tia/0/soda3_outbt.gif" style="font-size: 18px;"><img src="https://ti2.auctiva.com/tia/0/soda3_outbt.gif" style="max-width: 100%;"></td><td style="font-size: 18px;"><img src="https://ti2.auctiva.com/tia/0/soda3_outbtrt.gif" style="max-width: 100%;"></td></tr></tbody></table><div style="font-size: 1px; color: rgb(255, 255, 255);">eBay Cross Border Trade powered by Channel Effect</div></div></div></td></tr></tbody></table></font></font></font></font>
</DOC>
<DOC>
<DOCID>1700590</DOCID>
<CATEGORY>Collectibles > Tobacciana > Match Holders</CATEGORY>
<ORIGTITLE>Antique Silver Plated Figural Match Safe w/ Hunting Scene Men on Horseback & Dog</ORIGTITLE>
<font rwr='1' size='4' style='font-family:Arial'><font rwr="1" style="font-family:Arial" size="4"><font rwr="1" style="font-family:Arial" size="4"><font rwr="1" style="font-family:Arial" size="4"><font rwr="1" style="font-family:Arial" size="4"><font rwr="1" style="font-family:Arial" size="4"><font rwr="1" style="font-family:Arial" size="4"><font rwr="1" style="font-family:Arial" size="4"><font rwr="1" style="font-family:Arial" size="4"><font rwr="1" style="font-family:Arial" size="4"><font rwr="1" style="font-family:Arial" size="4"><font rwr="1" style="font-family:Arial" size="4"><font rwr="1" style="font-family:Arial" size="4"><font rwr="1" style="font-family:Arial" size="4"><font rwr="1" style="font-family:Arial" size="4"><font rwr="1" style="font-family:Arial" size="4"><font rwr="1" style="font-family:Arial" size="4"><font rwr="1" style="font-family:Arial" size="4"><font rwr="1" style="font-family:Arial" size="4"><font rwr="1" style="font-family:Arial" size="4"><font rwr="1" style="font-family:Arial" size="4"><font rwr="1" style="font-family:Arial" size="4"><font rwr="1" style="font-family:Arial" size="4"><font rwr="1" style="font-family:Arial" size="4"><font rwr="1" style="font-family:Arial" size="4"><font rwr="1" style="font-family:Arial" size="4"><font rwr="1" style="font-family:Arial" size="4"><font rwr="1" style="font-family:Arial" size="4"><font rwr="1" style="font-family:Arial" size="4"><font face="Arial Black">This is a nice antique silver plated match safe with a hunting scene featuring men on horseback and a dog. In pretty nice shape as the pics show having minor pocket wear from age / use including some dings to the back and it comes exactly as shown. It measures 2 1/4" x 1"<br></font><br><font face="Arial Black"><font style="font-family:Arial" size="4"><font style="font-family:Arial" size="4"><font face="Arial Black"><font style="font-family:Arial" size="4"><font style="font-family:Arial" size="4"><font face="Arial Black"><font style="font-family:Arial" size="4"><font face="Arial Black"><font style="font-family:Arial" size="4"><font style="font-family:Arial"><font style="font-family:Arial"><font style="font-family:Arial"><font style="font-family:Arial"><font style="font-family:Arial"><font style="font-family:Arial"><font style="font-family:Arial"><font style="font-family:Arial"><font style="font-family:Arial"><font style="font-family:Arial"><font style="font-family:Arial"><font style="font-family:Arial"><font style="font-family:Arial"><font style="font-family:Arial"><font style="font-family:Arial"><font style="font-family:Arial"><font style="font-family:Arial"><font style="font-family:Arial"><font style="font-family:Arial"><font style="font-family:Arial"><font style="font-family:Arial"><font style="font-family:Arial"><font style="font-family:Arial"><font style="font-family:Arial"><font style="font-family:Arial"><font style="font-family:Arial"><font style="font-family:Arial"><font style="font-family:Arial"><font style="font-family:Arial"><font style="font-family:Arial"><font style="font-family:Arial"><font style="font-family:Arial"><font style="font-family:Arial"><font style="font-family:Arial"><font style="font-family:Arial"><font style="font-family:Arial"><font style="font-family:Arial"><font style="font-family:Arial"><font style="font-family:Arial"><font style="font-family:Arial"><font style="font-family:Arial"><font style="font-family:Arial"><font style="font-family:Arial"><font style="font-family:Arial"><font style="font-family:Arial"><font style="font-family:Arial"><font style="font-family:Arial"><font size="4" face="Arial Black">Like us on Facebook at The Option B Designery<br><br>Keep in mind the shipping price also covers handling fees, packaging materials &amp; time, not just postage.<br><br>Shipping Calculator is often wrong please contact me for an accurate international shipping price.<br><br>See our eBay store for our other items.</font></font></font></font></font></font></font></font></font></font></font></font></font></font></font></font></font></font></font></font></font></font></font></font></font></font></font></font></font></font></font></font></font></font></font></font></font></font></font></font></font></font></font></font></font></font></font></font></font></font></font></font></font></font></font></font></font></font></font></font></font></font></font></font></font></font></font></font></font></font></font></font></font></font></font></font></font></font></font></font></font></font></font></font></font></font></font>
</DOC>
<DOC>
<DOCID>1700600</DOCID>
<CATEGORY>Collectibles > Barware > Shot Glasses</CATEGORY>
<ORIGTITLE>MINNESOTA SHOT GLASS NEVER USED EXCELLENT CONDITION Bear and Moose</ORIGTITLE>
<font rwr='1' size='4' style='font-family:Arial'><div align="center" style="text-align: center;"><p align="center"><b style="color: rgb(0, 0, 255); font-family: Times; font-size: x-large;">SHOT GLASS.</b></p><p align="center"><u style="color: rgb(251, 0, 52);"><font size="4" face="Times"><b>FEATURES</b>:</font></u></p></div><div align="center" style="text-align: center;"><b><font face="Times" size="6">MINNESOTA&nbsp;SHOT GLASS.</font></b></div><div align="center" style="text-align: center;"><b><font face="Times" size="2"><br></font></b></div><div align="center" style="text-align: center;"><b><font face="Times" size="4">Pictures Moose and Bear&nbsp;</font></b></div><div align="center" style="text-align: center;"><b><font face="Times" size="4">Ocean Thailand is written on the bottom of the glass</font></b></div><div align="center" style="text-align: center;"><b><font face="Times" size="4">The words MINNESOTA is etched in black into the glass for interesting detail.&nbsp;</font></b></div><div align="center" style="text-align: center;"><br></div><div align="center" style="text-align: center;"><font face="Times" size="2"><b><br></b></font></div><div align="center" style="text-align: center;"><font face="Times"><b><font size="5">EXCELLENT CONDITION</font></b></font></div><div align="center" style="text-align: center;"><font face="Times"><b><font size="5">THERE ARE NO CHIPS OR CRACKS.</font></b></font></div><div align="center" style="text-align: center;"><br></div><div align="center" style="text-align: center;"><strong><font face="Times" size="2"></font></strong>&nbsp;</div><div align="center" style="text-align: center;"><font color="#fb0034" face="Times" size="4"><b><u>MEASURES</u></b></font><u style="color: rgb(251, 0, 52);"><font size="4" face="Times"><b>:</b></font></u></div><div align="center" style="text-align: center;"><strong><font face="Times" size="2"><br></font></strong></div><div align="center" style="text-align: center;"><strong><font face="Times" size="2">2 3/4" TALL.</font></strong></div><div align="center" style="text-align: center;"><strong><font face="Times" size="2"><br></font></strong></div><div align="center" style="text-align: center;"><strong style="color: rgb(251, 0, 52);"><font color="#fb0034" face="Times"><u>PAYMENT:</u></font></strong></div><div align="center" style="text-align: center;"><h1 class="vi-is1-titleH1" itemprop="name" style="font-family: Arial; font-size: small;"><p align="center" style="font-family: 'Times New Roman'; font-size: medium; font-weight: normal;"><strong><font face="Times" size="2">IS DUE WITHIN 3 DAYS AFTER THE AUCTION HAS ENDED.</font></strong></p><p align="center" style="font-family: 'Times New Roman'; font-size: medium; font-weight: normal;"><strong><font size="2">I COMBINE SHIPPING WITH MY OTHER AUCTIONS.</font></strong></p><div><strong><font size="2"><br></font></strong></div></h1></div></font>
</DOC>
<DOC>
<DOCID>1700601</DOCID>
<CATEGORY>Collectibles > Decorative Collectibles > Decorative Collectible Brands > Enesco > Jim Shore</CATEGORY>
<ORIGTITLE>Jim Shore Disney Traditions Santa Mickey Mouse W/ Gifts Retired Gently Used</ORIGTITLE>
<font rwr='1' size='4' style='font-family:Arial'><font size="4" style="font-family: Arial;" rwr="1"><font size="4" style="font-family: Arial;" rwr="1"><p>Retired Jim Shore Enesco Santa Mickey&nbsp;.&nbsp; "Here Comes Old St. Mick".&nbsp; St.&nbsp; #4013990.&nbsp; Retired, gently used piece.&nbsp; Made in China.&nbsp; From the&nbsp; Walt Disney Showcase Collection.&nbsp; Disney Traditions.&nbsp; Produced by Enesco, LLC.&nbsp; Handmade in China.&nbsp; No cracks, chips or breaks.&nbsp; Super nice condition.&nbsp; Comes with all packaging shown.&nbsp; Original Styrofoam and box.&nbsp; The original shipping exterior box has writing on it.&nbsp; </p><p>Expect normal wear from age , use and storage.&nbsp; See photos for complete description.&nbsp; Please email any questions.</p><p>Item is shipping to throughout the United States and through the Global Shipping Program for International Shipping unless, otherwise indicated.&nbsp;&nbsp; Item will be shipping securely packaged and insured when appropriate.&nbsp;&nbsp; I am more than happy to combine shipping when appropriate .</p><p>Item 5624 MOM </p></font></font></font>
</DOC>
<DOC>
<DOCID>1700603</DOCID>
<CATEGORY>Collectibles > Holiday & Seasonal > Easter > Current (1991-Now) > Ducks, Chicks</CATEGORY>
<ORIGTITLE>Adorable 3" Painted Resin 3D Easter Egg Figurine Yellow Ducks Chicks Flowers EUC</ORIGTITLE>
<meta name="viewport" content="width=device-width, initial-scale=1.0"><div align="center" style=""><font color="#002cfd" size="4"><b>Resin Ducks/Chicks Easter Egg</b></font></div><font size="4" style="font-size: 14pt; font-family: Arial;" rwr="1"><font size="4" rwr="1"><font size="4" rwr="1"><font color="#002cfd"><font size="4" style="font-family: Arial;" rwr="1"><font size="4" style="font-family: Arial;" rwr="1"><font size="4" style="font-family: Arial;" rwr="1"><font size="4" style="font-family: Arial;" rwr="1"><font size="4" style="font-family: Arial;" rwr="1"><font size="4" style="font-family: Arial;" rwr="1"><font size="4" style="font-family: Arial;" rwr="1"><font size="4" style="font-family: Arial;" rwr="1"><font size="4" style="font-family: Arial;" rwr="1"><font size="4" style="font-family: Arial;" rwr="1"><font size="4" style="font-family: Arial;" rwr="1"><font size="4" style="font-family: Arial;" rwr="1"><font size="4" style="font-family: Arial;" rwr="1"><font size="4" style="font-family: Arial;" rwr="1"><font size="4" style="font-family: Arial;" rwr="1"><font size="4" style="font-family: Arial;" rwr="1"><font size="4" style="font-family: Arial;" rwr="1"><font size="4" style="font-family: Arial;" rwr="1"><font size="4" style="font-family: Arial;" rwr="1"><font size="4" style="font-family: Arial;" rwr="1"><font size="4" style="font-family: Arial;" rwr="1"><font size="4" style="font-family: Arial;" rwr="1"><font size="4" style="font-family: Arial;" rwr="1"><font size="4" style="font-family: Arial;" rwr="1"><font size="4" style="font-family: Arial;" rwr="1"><font size="4" style="font-family: Arial;" rwr="1"><font size="4" style="font-family: Arial;" rwr="1"><font size="4" style="font-family: Arial;" rwr="1"><font size="4" style="font-family: Arial;" rwr="1"><font size="4" style="font-family: Arial;" rwr="1"><font size="4" style="font-family: Arial;" rwr="1"><font size="4" style="font-family: Arial;" rwr="1"><font size="4" style="font-family: Arial;" rwr="1"><font size="4" style="font-family: Arial;" rwr="1"><font size="4" style="font-family: Arial;" rwr="1"><font size="4" style="font-family: Arial;" rwr="1"><font size="4" style="font-family: Arial;" rwr="1"><font size="4" style="font-family: Arial;" rwr="1"><font size="4" style="font-family: Arial;" rwr="1"><font size="4" style="font-family: Arial;" rwr="1"><font color="#002cfd"><b><div style="text-align: center; font-size: large;"><br></div></b></font><div style="text-align: center; font-size: large;"><font color="#002cfd">Listing is for an adorable colorful painted 3D resin Easter egg figurine with yellow ducks/chicks &amp; flowers around the sides.</font></div><div style="text-align: center; font-size: large;"><font color="#002cfd"><br></font></div><div style="text-align: center; font-size: large;"><font color="#002cfd">Measures About: 3.2" tall, 2.8" diameter wide</font></div><div style="text-align: center; font-size: large;"><font color="#002cfd"><br></font></div><div style="text-align: center; font-size: large;">Unmarked - no sticker remaining</div><div style="text-align: center; font-size: large;"><span style="color: rgb(0, 44, 253);"><br></span></div><div style="text-align: center; font-size: large;"><font color="#002cfd">Perfect for any Easter Eggs, Ducks/Chicks or Spring/Easter Decor Collector!</font></div><div style="text-align: center; font-size: large;"><br></div><div style="text-align: center; font-size: large;"><br></div><div style="text-align: center; font-size: large;">Please read the condition section &amp; view all the pictures before purchasing!</div><div style="text-align: center; font-size: large;"><font color="#002cfd"><br></font></div><div style="text-align: center; font-size: large;"><div style="text-align: center; font-size: large;"><font color="#002cfd"><br></font></div></div><div style="text-align: center; font-size: large;"><font color="#002cfd"><br></font></div><div style="text-align: center; font-size: large;"><font color="#002cfd">Ask about combined shipping before paying.</font></div><div style="text-align: center; font-size: large;"><font color="#002cfd"><br></font></div><div style="text-align: center; font-size: large;"><font color="#002cfd">My apologies, combined shipping is not available for international buyers at this time.</font></div><div style="text-align: center; font-size: large;"><font color="#002cfd"><br></font></div><div style="text-align: center; font-size: large;"><font color="#002cfd">Check out my other listings.</font></div><div style="text-align: center; font-size: large;"><font color="#002cfd"><br></font></div><div style="text-align: center; font-size: large;"><font color="#002cfd">Thank you for looking!</font></div></font></font></font></font></font></font></font></font></font></font></font></font></font></font></font></font></font></font></font></font></font></font></font></font></font></font></font></font></font></font></font></font></font></font></font></font></font></font></font></font></font></font></font></font>
</DOC>
<DOC>
<DOCID>1700605</DOCID>
<CATEGORY>Collectibles > Tobacciana > Lighters > Zippo > Other Zippo Lighters</CATEGORY>
<ORIGTITLE>Harley Davidson Zippo - H-D An American Legend w/ Zippo Leather Holster</ORIGTITLE>
<font rwr='1' size='4' style='font-family:Arial'><p align="center"><font face="Arial Black" size="6">Harley Davidson Zippo - H-D An American Legend w/ Zippo Leather Holster</font></p><p align="center"><font face="Arial" size="4">LIGHTER IS NEW - HOLSTER HAS BEEN USED</font></p><p align="center"><font face="Arial" size="4">WINNER WILL RECEIVE ALL ITEMS IN THE PICTURE</font></p><p align="center"><font face="Arial" size="4">SHIPPING WILL BE $3.95 ON THIS LISTING</font></p></font>
</DOC>
<DOC>
<DOCID>1700606</DOCID>
<CATEGORY>Collectibles > Disneyana > Contemporary (1968-Now) > Pins, Patches & Buttons > Other Disney Pins & Patches</CATEGORY>
<ORIGTITLE>Auctions P.I.N.S. Easter Stitch Sitting on Egg LE Disney Pin 29037</ORIGTITLE>
<!DOCTYPE html>
<html lang="">

<head>
	<meta charset="utf-8">
	<meta http-equiv="X-UA-Compatible" content="IE=edge,chrome=1">
	<meta name="viewport" content="width=device-width, initial-scale=1.0, maximum-scale=1.0, user-scalable=no">
	<title>Spectacle of Pins 2005 Santa Goofy Strings the Popcorn LE 500 Disney Pin 42369</title>

	<!-- Traditional meta -->
	<meta name="keywords" content="" >
	<meta name="description" content="" >

	<!-- Stylesheets -->
	<link href="https://tmpl-resources.auctiva.com/resources/css/layout-general.min.css?v=14" rel="stylesheet">
	<link href="https://tmpl-resources.auctiva.com/resources/css/theme/theme-magic-green-stars.min.css?v=14" rel="stylesheet">

	<!-- Favicon -->
	<link rel="icon" type="image/x-icon"  />
</head>

<body id="theme-magic-green-stars">

		<div class="storeWindowTop"><!--CSG INDICATOR START-->
<!-- AUCTIVA Scrolling Gallery (do not remove or modify the "CSG INDICATOR START/END" tags or contents) --><link id="csgCss" rel="stylesheet" href="https://scrollinggallery.auctiva.com/gallery/css/2(0)/AUCTIVA/2018919/0/25/_808?matchingColor=008000"><div id="csgGallery" style="display: none"><input id="csgScrollingCheckbox_808" type="checkbox" checked /><input id="csgSingleRowCheckbox_808" type="checkbox" checked /><div id="csgGalleryPos"><div id="csgGalleryContainer"><div id="csgHeader" class="csgFrame"><div id="csgHeaderLeft" class="csgLeft"><a id="csgHLStoreLink" href="https://www.ebay.com/usr/kiljoy667" target="_blank"></a><span id="csgHLLogo" class="csgLogo"></span></div><div id="csgHeaderCenter" class="csgCenter"><a id="csgHCStoreLink" href="https://www.ebay.com/usr/kiljoy667" target="_blank"></a><span id="csgHCLogo" class="csgLogo"></span></div><div id="csgHeaderRight" class="csgRight"><label id="csgHRScrollingLabel" for="csgScrollingCheckbox_808"></label><label id="csgHRSingleRowLabel" for="csgSingleRowCheckbox_808"></label><span id="csgHRLogo" class="csgLogo"></span></div></div><div id="csgOuterNavWrapper"><input id="csgPrev1_808" name="csgRadio" class="csgPrevCheck" type="radio"/><input id="csgPrev2_808" name="csgRadio" class="csgPrevCheck" type="radio"/><input id="csgPrev3_808" name="csgRadio" class="csgPrevCheck" type="radio"/><input id="csgPrev4_808" name="csgRadio" class="csgPrevCheck" type="radio"/><input id="csgPrev5_808" name="csgRadio" class="csgPrevCheck" type="radio"/><input id="csgPrev6_808" name="csgRadio" class="csgPrevCheck" type="radio"/><input id="csgPrev7_808" name="csgRadio" class="csgPrevCheck" type="radio"/><input id="csgPrev8_808" name="csgRadio" class="csgPrevCheck" type="radio"/><input id="csgPrev9_808" name="csgRadio" class="csgPrevCheck" type="radio"/><input id="csgPrev10_808" name="csgRadio" class="csgPrevCheck" type="radio"/><input id="csgPrev11_808" name="csgRadio" class="csgPrevCheck" type="radio"/><input id="csgPrev12_808" name="csgRadio" class="csgPrevCheck" type="radio"/><input id="csgPrev13_808" name="csgRadio" class="csgPrevCheck" type="radio"/><input id="csgPrev14_808" name="csgRadio" class="csgPrevCheck" type="radio"/><input id="csgPrev15_808" name="csgRadio" class="csgPrevCheck" type="radio"/><input id="csgPrev16_808" name="csgRadio" class="csgPrevCheck" type="radio"/><input id="csgPrev17_808" name="csgRadio" class="csgPrevCheck" type="radio"/><input id="csgPrev18_808" name="csgRadio" class="csgPrevCheck" type="radio"/><input id="csgPrev19_808" name="csgRadio" class="csgPrevCheck" type="radio"/><input id="csgPrev20_808" name="csgRadio" class="csgPrevCheck" type="radio"/><input id="csgNext1_808" name="csgRadio" class="csgNextCheck" type="radio"/><input id="csgNext2_808" name="csgRadio" class="csgNextCheck" type="radio"/><input id="csgNext3_808" name="csgRadio" class="csgNextCheck" type="radio"/><input id="csgNext4_808" name="csgRadio" class="csgNextCheck" type="radio"/><input id="csgNext5_808" name="csgRadio" class="csgNextCheck" type="radio"/><input id="csgNext6_808" name="csgRadio" class="csgNextCheck" type="radio"/><input id="csgNext7_808" name="csgRadio" class="csgNextCheck" type="radio"/><input id="csgNext8_808" name="csgRadio" class="csgNextCheck" type="radio"/><input id="csgNext9_808" name="csgRadio" class="csgNextCheck" type="radio"/><input id="csgNext10_808" name="csgRadio" class="csgNextCheck" type="radio"/><input id="csgNext11_808" name="csgRadio" class="csgNextCheck" type="radio"/><input id="csgNext12_808" name="csgRadio" class="csgNextCheck" type="radio"/><input id="csgNext13_808" name="csgRadio" class="csgNextCheck" type="radio"/><input id="csgNext14_808" name="csgRadio" class="csgNextCheck" type="radio"/><input id="csgNext15_808" name="csgRadio" class="csgNextCheck" type="radio"/><input id="csgNext16_808" name="csgRadio" class="csgNextCheck" type="radio"/><input id="csgNext17_808" name="csgRadio" class="csgNextCheck" type="radio"/><input id="csgNext18_808" name="csgRadio" class="csgNextCheck" type="radio"/><input id="csgNext19_808" name="csgRadio" class="csgNextCheck" type="radio"/><input id="csgNext20_808" name="csgRadio" class="csgNextCheck" type="radio"/><div id="csgNavLeft" class="csgNavLabels"><div id="csgNavLeftWrapper" class="csgNavWrapper"><label id="csgPrevLabel1" class="csgNavLabel" for="csgPrev1_808"></label><label id="csgPrevLabel2" class="csgNavLabel" for="csgPrev2_808"></label><label id="csgPrevLabel3" class="csgNavLabel" for="csgPrev3_808"></label><label id="csgPrevLabel4" class="csgNavLabel" for="csgPrev4_808"></label><label id="csgPrevLabel5" class="csgNavLabel" for="csgPrev5_808"></label><label id="csgPrevLabel6" class="csgNavLabel" for="csgPrev6_808"></label><label id="csgPrevLabel7" class="csgNavLabel" for="csgPrev7_808"></label><label id="csgPrevLabel8" class="csgNavLabel" for="csgPrev8_808"></label><label id="csgPrevLabel9" class="csgNavLabel" for="csgPrev9_808"></label><label id="csgPrevLabel10" class="csgNavLabel" for="csgPrev10_808"></label><label id="csgPrevLabel11" class="csgNavLabel" for="csgPrev11_808"></label><label id="csgPrevLabel12" class="csgNavLabel" for="csgPrev12_808"></label><label id="csgPrevLabel13" class="csgNavLabel" for="csgPrev13_808"></label><label id="csgPrevLabel14" class="csgNavLabel" for="csgPrev14_808"></label><label id="csgPrevLabel15" class="csgNavLabel" for="csgPrev15_808"></label><label id="csgPrevLabel16" class="csgNavLabel" for="csgPrev16_808"></label><label id="csgPrevLabel17" class="csgNavLabel" for="csgPrev17_808"></label><label id="csgPrevLabel18" class="csgNavLabel" for="csgPrev18_808"></label><label id="csgPrevLabel19" class="csgNavLabel" for="csgPrev19_808"></label><label id="csgPrevLabel20" class="csgNavLabel" for="csgPrev20_808"></label></div></div><div id="csgNavRight" class="csgNavLabels"><div id="csgNavRightWrapper" class="csgNavWrapper"><label id="csgNextLabel1" class="csgNavLabel" for="csgNext1_808"></label><label id="csgNextLabel2" class="csgNavLabel" for="csgNext2_808"></label><label id="csgNextLabel3" class="csgNavLabel" for="csgNext3_808"></label><label id="csgNextLabel4" class="csgNavLabel" for="csgNext4_808"></label><label id="csgNextLabel5" class="csgNavLabel" for="csgNext5_808"></label><label id="csgNextLabel6" class="csgNavLabel" for="csgNext6_808"></label><label id="csgNextLabel7" class="csgNavLabel" for="csgNext7_808"></label><label id="csgNextLabel8" class="csgNavLabel" for="csgNext8_808"></label><label id="csgNextLabel9" class="csgNavLabel" for="csgNext9_808"></label><label id="csgNextLabel10" class="csgNavLabel" for="csgNext10_808"></label><label id="csgNextLabel11" class="csgNavLabel" for="csgNext11_808"></label><label id="csgNextLabel12" class="csgNavLabel" for="csgNext12_808"></label><label id="csgNextLabel13" class="csgNavLabel" for="csgNext13_808"></label><label id="csgNextLabel14" class="csgNavLabel" for="csgNext14_808"></label><label id="csgNextLabel15" class="csgNavLabel" for="csgNext15_808"></label><label id="csgNextLabel16" class="csgNavLabel" for="csgNext16_808"></label><label id="csgNextLabel17" class="csgNavLabel" for="csgNext17_808"></label><label id="csgNextLabel18" class="csgNavLabel" for="csgNext18_808"></label><label id="csgNextLabel19" class="csgNavLabel" for="csgNext19_808"></label><label id="csgNextLabel20" class="csgNavLabel" for="csgNext20_808"></label></div></div><div id="csgSlidesContainer"><div id="csgSlidesOuter"><a id="csgOverrideLink" href="https://www.ebay.com/usr/kiljoy667" target="_blank"></a><div id="csgSlides"><div class="csgSlide"><div class="csgListing"><a href="https://www.ebay.com/sch/kiljoy667/m.html?_ipg=100&_dmd=2&_sop=1" target="_blank"><div class="csgListingImage"></div><div class="csgTitle"></div><div class="csgDetails"><span class="csgPrice"></span><br><span class="csgEndTime"></span></div></a></div></div><div class="csgSlide"><div class="csgListing"><a href="https://www.ebay.com/sch/kiljoy667/m.html?_ipg=100&_dmd=2&_sop=1" target="_blank"><div class="csgListingImage"></div><div class="csgTitle"></div><div class="csgDetails"><span class="csgPrice"></span><br><span class="csgEndTime"></span></div></a></div></div><div class="csgSlide"><div class="csgListing"><a href="https://www.ebay.com/sch/kiljoy667/m.html?_ipg=100&_dmd=2&_sop=1" target="_blank"><div class="csgListingImage"></div><div class="csgTitle"></div><div class="csgDetails"><span class="csgPrice"></span><br><span class="csgEndTime"></span></div></a></div></div><div class="csgSlide"><div class="csgListing"><a href="https://www.ebay.com/sch/kiljoy667/m.html?_ipg=100&_dmd=2&_sop=1" target="_blank"><div class="csgListingImage"></div><div class="csgTitle"></div><div class="csgDetails"><span class="csgPrice"></span><br><span class="csgEndTime"></span></div></a></div></div><div class="csgSlide"><div class="csgListing"><a href="https://www.ebay.com/sch/kiljoy667/m.html?_ipg=100&_dmd=2&_sop=1" target="_blank"><div class="csgListingImage"></div><div class="csgTitle"></div><div class="csgDetails"><span class="csgPrice"></span><br><span class="csgEndTime"></span></div></a></div></div><div class="csgSlide"><div class="csgListing"><a href="https://www.ebay.com/sch/kiljoy667/m.html?_ipg=100&_dmd=2&_sop=1" target="_blank"><div class="csgListingImage"></div><div class="csgTitle"></div><div class="csgDetails"><span class="csgPrice"></span><br><span class="csgEndTime"></span></div></a></div></div><div class="csgSlide"><div class="csgListing"><a href="https://www.ebay.com/sch/kiljoy667/m.html?_ipg=100&_dmd=2&_sop=1" target="_blank"><div class="csgListingImage"></div><div class="csgTitle"></div><div class="csgDetails"><span class="csgPrice"></span><br><span class="csgEndTime"></span></div></a></div></div><div class="csgSlide"><div class="csgListing"><a href="https://www.ebay.com/sch/kiljoy667/m.html?_ipg=100&_dmd=2&_sop=1" target="_blank"><div class="csgListingImage"></div><div class="csgTitle"></div><div class="csgDetails"><span class="csgPrice"></span><br><span class="csgEndTime"></span></div></a></div></div><div class="csgSlide"><div class="csgListing"><a href="https://www.ebay.com/sch/kiljoy667/m.html?_ipg=100&_dmd=2&_sop=1" target="_blank"><div class="csgListingImage"></div><div class="csgTitle"></div><div class="csgDetails"><span class="csgPrice"></span><br><span class="csgEndTime"></span></div></a></div></div><div class="csgSlide"><div class="csgListing"><a href="https://www.ebay.com/sch/kiljoy667/m.html?_ipg=100&_dmd=2&_sop=1" target="_blank"><div class="csgListingImage"></div><div class="csgTitle"></div><div class="csgDetails"><span class="csgPrice"></span><br><span class="csgEndTime"></span></div></a></div></div><div class="csgSlide"><div class="csgListing"><a href="https://www.ebay.com/sch/kiljoy667/m.html?_ipg=100&_dmd=2&_sop=1" target="_blank"><div class="csgListingImage"></div><div class="csgTitle"></div><div class="csgDetails"><span class="csgPrice"></span><br><span class="csgEndTime"></span></div></a></div></div><div class="csgSlide"><div class="csgListing"><a href="https://www.ebay.com/sch/kiljoy667/m.html?_ipg=100&_dmd=2&_sop=1" target="_blank"><div class="csgListingImage"></div><div class="csgTitle"></div><div class="csgDetails"><span class="csgPrice"></span><br><span class="csgEndTime"></span></div></a></div></div><div class="csgSlide"><div class="csgListing"><a href="https://www.ebay.com/sch/kiljoy667/m.html?_ipg=100&_dmd=2&_sop=1" target="_blank"><div class="csgListingImage"></div><div class="csgTitle"></div><div class="csgDetails"><span class="csgPrice"></span><br><span class="csgEndTime"></span></div></a></div></div><div class="csgSlide"><div class="csgListing"><a href="https://www.ebay.com/sch/kiljoy667/m.html?_ipg=100&_dmd=2&_sop=1" target="_blank"><div class="csgListingImage"></div><div class="csgTitle"></div><div class="csgDetails"><span class="csgPrice"></span><br><span class="csgEndTime"></span></div></a></div></div><div class="csgSlide"><div class="csgListing"><a href="https://www.ebay.com/sch/kiljoy667/m.html?_ipg=100&_dmd=2&_sop=1" target="_blank"><div class="csgListingImage"></div><div class="csgTitle"></div><div class="csgDetails"><span class="csgPrice"></span><br><span class="csgEndTime"></span></div></a></div></div><div class="csgSlide"><div class="csgListing"><a href="https://www.ebay.com/sch/kiljoy667/m.html?_ipg=100&_dmd=2&_sop=1" target="_blank"><div class="csgListingImage"></div><div class="csgTitle"></div><div class="csgDetails"><span class="csgPrice"></span><br><span class="csgEndTime"></span></div></a></div></div><div class="csgSlide"><div class="csgListing"><a href="https://www.ebay.com/sch/kiljoy667/m.html?_ipg=100&_dmd=2&_sop=1" target="_blank"><div class="csgListingImage"></div><div class="csgTitle"></div><div class="csgDetails"><span class="csgPrice"></span><br><span class="csgEndTime"></span></div></a></div></div><div class="csgSlide"><div class="csgListing"><a href="https://www.ebay.com/sch/kiljoy667/m.html?_ipg=100&_dmd=2&_sop=1" target="_blank"><div class="csgListingImage"></div><div class="csgTitle"></div><div class="csgDetails"><span class="csgPrice"></span><br><span class="csgEndTime"></span></div></a></div></div><div class="csgSlide"><div class="csgListing"><a href="https://www.ebay.com/sch/kiljoy667/m.html?_ipg=100&_dmd=2&_sop=1" target="_blank"><div class="csgListingImage"></div><div class="csgTitle"></div><div class="csgDetails"><span class="csgPrice"></span><br><span class="csgEndTime"></span></div></a></div></div><div class="csgSlide"><div class="csgListing"><a href="https://www.ebay.com/sch/kiljoy667/m.html?_ipg=100&_dmd=2&_sop=1" target="_blank"><div class="csgListingImage"></div><div class="csgTitle"></div><div class="csgDetails"><span class="csgPrice"></span><br><span class="csgEndTime"></span></div></a></div></div><div class="csgSlide"><div class="csgListing"><a href="https://www.ebay.com/sch/kiljoy667/m.html?_ipg=100&_dmd=2&_sop=1" target="_blank"><div class="csgListingImage"></div><div class="csgTitle"></div><div class="csgDetails"><span class="csgPrice"></span><br><span class="csgEndTime"></span></div></a></div></div><div class="csgSlide"><div class="csgListing"><a href="https://www.ebay.com/sch/kiljoy667/m.html?_ipg=100&_dmd=2&_sop=1" target="_blank"><div class="csgListingImage"></div><div class="csgTitle"></div><div class="csgDetails"><span class="csgPrice"></span><br><span class="csgEndTime"></span></div></a></div></div><div class="csgSlide"><div class="csgListing"><a href="https://www.ebay.com/sch/kiljoy667/m.html?_ipg=100&_dmd=2&_sop=1" target="_blank"><div class="csgListingImage"></div><div class="csgTitle"></div><div class="csgDetails"><span class="csgPrice"></span><br><span class="csgEndTime"></span></div></a></div></div><div class="csgSlide"><div class="csgListing"><a href="https://www.ebay.com/sch/kiljoy667/m.html?_ipg=100&_dmd=2&_sop=1" target="_blank"><div class="csgListingImage"></div><div class="csgTitle"></div><div class="csgDetails"><span class="csgPrice"></span><br><span class="csgEndTime"></span></div></a></div></div><div class="csgSlide"><div class="csgListing"><a href="https://www.ebay.com/sch/kiljoy667/m.html?_ipg=100&_dmd=2&_sop=1" target="_blank"><div class="csgListingImage"></div><div class="csgTitle"></div><div class="csgDetails"><span class="csgPrice"></span><br><span class="csgEndTime"></span></div></a></div></div></div></div></div></div><div id="csgFooter" class="csgFrame"><div id="csgFooterLeft" class="csgLeft"><label id="csgFLScrollingLabel" for="csgScrollingCheckbox_808"></label><label id="csgFLSingleRowLabel" for="csgSingleRowCheckbox_808"></label><span id="csgFLLogo" class="csgLogo"></span></div><div id="csgFooterCenter" class="csgCenter"><label id="csgFCScrollingLabel" for="csgScrollingCheckbox_808"></label><a id="csgFCStoreLink" href="https://www.ebay.com/usr/kiljoy667" target="_blank"></a><span id="csgFCLogo" class="csgLogo"></span></div><div id="csgFooterRight" class="csgRight"><label id="csgFRScrollingLabel" for="csgScrollingCheckbox_808"></label><label id="csgFRSingleRowLabel" for="csgSingleRowCheckbox_808"></label><span id="csgFRLogo" class="csgLogo"></span></div></div></div><div id="csgPlatformLinkDiv"><span id="csgPlatformLeftImg"></span><a href="https://pages.ebay.com/seller-center/listing/listing-advanced-sellers/third-party-listing-tools.html#auctiva" target="_blank"><span id="csgPlatformText1"></span><br><span id="csgPlatformText2"></span></a><span id="csgPlatformRightImg"></span></div></div></div>
<!--CSG INDICATOR END-->
</div>

<section class="wrapper">
<section class="wrapper-inner">

<!-- Header start // -->
<header class="header">
		<!-- Theme Header Image // -->
		<div class="header-cover">
		</div>
		<!-- //Theme Header Image -->
</header>
<!-- // Header End -->

<!-- Theme Header Title // -->
<div class="header-bar has-mb-20 lg-mb-30">
	<div class="container">
		<h1 class="header-title text-center">Spectacle of Pins 2005 Santa Goofy Strings the Popcorn LE 500 Disney Pin 42369</h1>
	</div>
</div>
<!-- // Theme Header Title -->

<!-- Main Content // -->
<main class="main-content">
	<section class="container-md has-mb-16 md-mb-20 lg-mb-30">

			<div class="card cpointer sm-one-half center-block has-mb-16 md-mb-20 p-relative">
					<label for="lightbox-0" class="card-gallery-img aspect-ratio aspect-ratio-4by3 cpointer dblock">
					<img src="https://img.auctiva.com/imgdata/2/0/1/8/9/1/9/webimg/1014530514_tp.jpg" alt="" class="card-img img-responsive" />
					</label>
			</div>
				<input type="checkbox" id="lightbox-0" class="grid-slides-input">
				<aside class="lightbox">
					<article class="lightbox-content">
						<label for="lightbox-0" class="lightbox-button"></label>
						<main class="lightbox-main" style="background-image: url(https://img.auctiva.com/imgdata/2/0/1/8/9/1/9/webimg/1014530514_o.jpg);">
							<img src="https://tmpl-resources.auctiva.com/resources/static/images/spacer.gif" alt="" />
						</main>
					</article>
				</aside>						
		<!-- // Block Product Listing -->

			<p class="text-small text-muted text-center">Click image to enlarge</p>


		<!-- Block Description // -->
			<div class="card card-bordered has-mb-16 md-mb-20 lg-mb-30">
					<div class="card-header" id="section-heading-1">
						<h3 class="card-title">
							<span class="card-title-decoration">Description</span>
						</h3>
					</div>
					<div class="card-block">
						<div style="color: rgb(0, 0, 0); font-family: Arial; font-size: large; text-align: center;"><span style="display: none;"> </span><span style="display: none;"> </span><span style="font-size:28px;">Auctions P.I.N.S. Easter Stitch Sitting on Egg LE Disney Pin 29037 <br />
<br />
<font face="Arial"><font style="text-align: -webkit-auto;">You are bidding on </font></font>Auctions P.I.N.S. Easter Stitch Sitting on Egg LE Disney Pin 29037 </span></div>

<div style="color: rgb(0, 0, 0); font-family: Arial; font-size: large; text-align: center;"><span style="font-size:28px;"><span style="color: rgb(0, 0, 0); font-family: Arial, Helvetica, sans-serif;"> Just call him "Eggs-periment 626." Our resident alien, Stitch, gets into the Easter spirit on this charming and colorful gold-finished character pin</span><br />
<span style="color: rgb(0, 0, 0); font-family: Arial, Helvetica, sans-serif;">Limited Edition 1000</span></span></div>

<div style="color: rgb(0, 0, 0); font-family: Arial; font-size: large; text-align: center;"><span style="font-size:28px;"><font face="Arial">Pinpics </font><span style="color: rgb(0, 0, 0); font-family: Arial; text-align: center;">29037 </span></span><span style="display: none;"> </span><span style="display: none;"> </span></div>
					</div>
			</div><!-- /.card -->
		<!-- // Block Description -->


		<!-- Block Product Listing // -->
		<!-- // Block Product Listing -->



			
		
	<!-- Block Terms of Sale // -->
	<!-- // Block Terms of Sale -->
	
	<!-- Block About Us // -->
	<!-- // Block About Us -->
	
	<!-- Block Contact Us // -->
	<!-- // Block Contact Us -->
		
	
		
	<!-- Block Payment Providers // -->
	<!-- // Block Payment Providers -->

	</section><!-- /.container -->
</main><!-- /.main-content -->
<!-- // Main content -->

</section><!-- /.wrapper-inner -->
</section><!-- /.wrapper -->

<!-- Footer start // -->
<footer class="footer theme-footer">
	
	<!-- Footer theme image // -->
	<div class="footer-cover"></div>
	<!-- // Footer theme image -->
	

	


</footer><!-- /.footer -->
<!-- // Footer end -->

	<div class="storeWindowBottom"></div>

</body>
</html><table width="100%" border="0" cellpadding="3" cellspacing="3"><tr><td align="left"><a href="https://pages.ebay.com/seller-center/listing/listing-advanced-sellers/third-party-listing-tools.html#auctiva" target="_blank">Get images that<br>make Supersized seem small.</a></td><td align="right"><a href="https://pages.ebay.com/seller-center/listing/listing-advanced-sellers/third-party-listing-tools.html#auctiva" target="_blank">Tailor your auctions with Auctiva's<br><b><em>Listing Templates!</em></b></a></td></tr></table><br><p><center><a href="https://pages.ebay.com/seller-center/listing/listing-advanced-sellers/third-party-listing-tools.html#auctiva" target="_blank"><img src="https://ti2.auctiva.com/web/auctivablue88x33.gif" border="0"><br>THE simple solution for eBay sellers.</a></center></p><!-- Begin: AuctivaCounter --><style type="text/css">.aucCounter a { text-decoration:none; }.aucCounter span:hover { text-decoration:underline; }.aucHiddenCounter { display:none; }.aucCounterOrangeText { color:#FB6D05; font-family:Arial; Font-size:13px; Font-weight:bold; }.aucCounterBlueText { color:#0068ac; Font-family:Arial; Font-size:11px; }</style> <div align="center" class="aucCounter"><img src="https://counters.auctiva.com/aucount/636805880319570642?s=y" title="Start Your 30-Day Free Trial Now" /><br/><a href="https://pages.ebay.com/seller-center/listing/listing-advanced-sellers/third-party-listing-tools.html#auctiva" target="_blank"><span class="aucCounterOrangeText">Track Page Views With</span><br/><span class="aucCounterBlueText">Auctiva's FREE Counter</span></a></div><!-- End: AuctivaCounter -->
</DOC>
<DOC>
<DOCID>1700607</DOCID>
<CATEGORY>Collectibles > Advertising > Merchandise & Memorabilia > Advertising-Print > 1960-69</CATEGORY>
<ORIGTITLE>1946 Vintage ad for Parker "51" Art Hand retro      021019</ORIGTITLE>
<font rwr="1" style="font-family:Arial" size="4"><font rwr="1" style="font-family:Arial" size="4"><p><font size="6" face="Times New Roman" color="#000000"><font face="Times New Roman"><b><font face="Times New Roman"><font face="Times New Roman">This is&nbsp;<font size="6">a<font size="6"><font size="6"> 1946 Vintage magazine advertisement for Parker "51" pen.<br></font></font></font></font></font></b></font></font></p></font></font><p><font rwr="1" style="font-family:Arial" size="4"><font rwr="1" style="font-family:Arial" size="4"><font size="6" face="Times New Roman" color="#000000"><font face="Times New Roman"><b><font face="Times New Roman"><font face="Times New Roman"><font size="6"><font size="6"><font size="6">A<font size="6">pprox. Size: 10.25" x 13.5"</font></font></font></font></font></font></b></font></font></font></font><b style="font-family: &quot;Times New Roman&quot;; font-size: xx-large;"><font face="Times New Roman"><font face="Times New Roman"><font size="6"><font size="6"><font size="6"><font size="6">&nbsp;</font></font></font></font></font></font></b></p><p><b>(021019)<br></b></p><font size="5" face="Times New Roman"><font size="5" face="Times New Roman"><b><font size="5" face="Times New Roman"><font size="5" face="Times New Roman"><p><i>(During
 ad campaigns most ads were produced one time only and never reproduced 
commercially again making them great pieces of history that reflect the 
products and services of the day.)</i></p><i><b><font face="Arial"><p><font size="4">This
 is an original ad from a vintage magazine. It is not a reproduction or 
reprint. As old print periodicals become more scarce so do the wonderful
 ads that gave color and life to those remembered times. These ads look 
terrific in frames and as part of a collection help us recall and 
document past times. Collect them, give them as gifts, vintage ads are 
much more than pretty pictures and sales pitches, they are living 
reminders of who we used to be.</font></p><p>&nbsp;</p></font></b></i><p><font size="4"><font size="5" face="Comic Sans MS">Note
 from the seller:&nbsp;If you purchase this item you will receive 
the&nbsp;pictured VINTAGE AD&nbsp;and NOT&nbsp;the actual product that is being 
advertised...especially since it probably no longer&nbsp; exists and I am 
sure it's&nbsp; also years past the expiration date!!! (Smile:)</font></font></p><p><font size="4">&nbsp;I
 had to add this note&nbsp;due to the unfair feedback&nbsp;occasionally received&nbsp; 
when people&nbsp;don't bother to read carefully what they are purchasing and 
are shocked when a&nbsp; wonderful vintage ad arrives instead of what they 
saw in the picture.</font></p><p><font size="4">-And for those that love collecting these pieces of history I truly thank you for your business!</font></p><p><font size="4">Elle</font></p><p><em>If
 for any reason you are dissatisfied with a purchase please contact us 
before leaving neutral or negative feedback. We truly strive for 100% 
customer satisfaction.</em></p></font></font><p><i><font size="5" face="Times New Roman"><font size="5" face="Times New Roman">Combined shipping available for multiple ad purchases.</font></font></i></p><i><font size="5" face="Times New Roman"><font size="5" face="Times New Roman"><u><p>Up to three ads shipped for the price of one!</p></u><p>(If ordering multiple ads please let us invoice you first before paying, so we are able to give the discount on shipping.)</p><p>Our ads are shipped in plastic sleeves in sturdy shipping containers.</p><p>&nbsp;</p></font></font></i><font size="5" face="Times New Roman"><font size="5" face="Times New Roman"><p>Satisfaction guaranteed. Return within&nbsp;14 day<i>s. Buyer pays their own return shipping cost.&nbsp;<br></i></p><p><i>Thank you for stopping by!</i></p></font></font><p>please visit our Ebay 'sister' store at Mott's Studio Vintage Ads!</p></b></font><b><p><font size="5" face="Times New Roman"><font size="5">(021019<font size="5">)</font></font></font></p></b></font>&nbsp;&nbsp;&nbsp;&nbsp;&nbsp;&nbsp; <br>
</DOC>
<DOC>
<DOCID>1700609</DOCID>
<CATEGORY>Collectibles > Kitchen & Home > Kitchenware > Plastic Containers > Contemporary (1970-Now) > Other Plastic Containers</CATEGORY>
<ORIGTITLE>NOS New VTG lot of Jade TUPPERWARE bowls strainer lid section tray 4 piece Set</ORIGTITLE>
<font rwr="1" size="4" style="font-family:Arial"><font rwr="1" size="4" style="font-family:Arial"><font rwr="1" size="4" style="font-family:Arial"><font rwr="1" size="4" style="font-family:Arial"><font rwr="1" size="4" style="font-family:Arial"><font rwr="1" size="4" style="font-family:Arial"><font rwr="1" size="4" style="font-family:Arial"><font rwr="1" size="4" style="font-family:Arial"><font rwr="1" size="4" style="font-family:Arial"><font rwr="1" size="4" style="font-family:Arial"><font rwr="1" size="4" style="font-family:Arial"><font rwr="1" size="4" style="font-family:Arial"><font rwr="1" size="4" style="font-family:Arial"><font rwr="1" size="4" style="font-family:Arial"><font rwr="1" size="4" style="font-family:Arial"><font rwr="1" size="4" style="font-family:Arial"><font rwr="1" size="4" style="font-family:Arial"><font rwr="1" size="4" style="font-family:Arial">Photographs will do the talk.<div>STUNNING SHADES OF GREEN. Jade, margarita, yellowish green.</div><div>The 4 section tray is different green than the Thatsa bowl (4.5 L / G) and strainer bowl (3.75L)</div><div>The lid and the inside of tray are neon yellowish.<br><div>**New VTG unique big pieces.**</div><div>Unique strainer bowl.</div><div>From Smoke free, alcohol free environment.</div><div>Free Expedited shipping.</div><div><br></div><div><br></div></div></font></font></font></font></font></font></font></font></font></font></font></font></font></font></font></font></font></font>
</DOC>
<DOC>
<DOCID>1700610</DOCID>
<CATEGORY>Collectibles > Postcards > US States, Cities & Towns > Texas</CATEGORY>
<ORIGTITLE>San Benito,TX Texas St John's Lutheran Church, water tower also</ORIGTITLE>
<font rwr='1' size='4' style='font-family:Arial'><font rwr="1" size="4" style="font-family:Arial"><font rwr="1" size="4" style="font-family:Arial"><font rwr="1" size="4" style="font-family:Arial"><span lang="">
<p><font size="2"><font face="Arial">#16421</font></font></p><p><font size="2"><font face="Arial"></font></font>This is a 5 1/2 " by 3 1/2" (standard size)&nbsp;color&nbsp;printed chrome postcard,&nbsp;not used, circa 1950's.</p>
<p>I offer an enlarged image for better viewing.</p>
<p>The blue border is a cardboard panel so that all edges of the postcard are visible.</p>
<p>The postcard has light corner and edge wear.</p>
<p>Be sure to "click image to view larger version" if you are interested in the postcard.</p><b><font color="#ff0000" size="3"><font color="#ff0000" size="3">
</font></font></b><p><b><font color="#ff0000" size="3"><font color="#ff0000" size="3">USA domestic buyer will receive free postcard mailing</font></font><font size="3">.</font></b><font size="3"> Foreign postage is $2.00. </font><font color="#9b00d3" size="3"><font color="#9b00d3" size="3">I do combine winnings to save on postage costs.</font></font></p><font color="#00b050" size="3"><font color="#00b050" size="3">
</font></font><p><font color="#00b050" size="3"><font color="#00b050" size="3">The postcard(s) will be mailed in a 4 X 6 acrylic hard holder that can be reused.</font></font><font size="3"> </font></p><font size="3">
<p>Wisconsin residents will have 5.5% sales tax added to the invoice.</p>
<p>Pay with PayPal.</p>
<p>All items are sold with a SATISFACTION GUARANTEE. Thank you and good luck!</p></font></span>
<p>
</p><center><a href="https://pages.ebay.com/selling_manager_pro"><img src="https://pics.ebay.com/aw/pics/sellingmanager/sellingmanagerPro/smPro_248x50.gif" border="0" height="50" width="248"></a></center>
<p></p></font></font></font></font>
</DOC>
<DOC>
<DOCID>1700630</DOCID>
<CATEGORY>Collectibles > Militaria > Current Militaria (2001-Now) > Original Items > Challenge Coins</CATEGORY>
<ORIGTITLE>Doctrine Man Truth Justice & A Sucker Punch of Snark Challenge Coin #270A</ORIGTITLE>
<font rwr="1" style=""><font rwr="1" style=""><font rwr="1" style=""><font rwr="1" style=""><font rwr="1" style=""><font rwr="1" style=""><font rwr="1" style=""><font rwr="1" style=""><font rwr="1" style=""><font rwr="1" style=""><font rwr="1" style=""><font rwr="1" style=""><font rwr="1" style=""><font rwr="1" style=""><font rwr="1" style=""><font rwr="1" style=""><font rwr="1" style=""><font rwr="1" style=""><font rwr="1" style=""><font rwr="1" style=""><font rwr="1" style=""><font rwr="1" style=""><font rwr="1" style=""><font rwr="1" style=""><font rwr="1" style=""><font rwr="1" style=""><font rwr="1" style=""><font rwr="1" style=""><font rwr="1" style=""><font rwr="1" style=""><font rwr="1" style=""><font rwr="1" style=""><font rwr="1" style=""><font rwr="1" style=""><font rwr="1" style=""><font rwr="1" style=""><font rwr="1" style=""><font rwr="1" style=""><font rwr="1" style=""><font rwr="1" style=""><font rwr="1" style=""><font rwr="1" style=""><font rwr="1" style=""><font rwr="1" style=""><font rwr="1" style=""><font rwr="1" style=""><font rwr="1" style=""><font rwr="1" style=""><font rwr="1" style=""><font rwr="1" style=""><font rwr="1" style=""><font rwr="1" style=""><font rwr="1" style=""><font rwr="1" style=""><font rwr="1" style=""><font rwr="1" style=""><font rwr="1" style=""><font rwr="1" style=""><font rwr="1" style=""><font rwr="1" style=""><font rwr="1" style=""><font rwr="1" style=""><font rwr="1" style=""><font rwr="1" style=""><font rwr="1" style=""><font rwr="1" style=""><font rwr="1" style=""><font rwr="1" style=""><font rwr="1" style=""><font rwr="1" style=""><font rwr="1" style=""><font rwr="1" style=""><font rwr="1" style=""><font rwr="1" style=""><font rwr="1" style=""><font rwr="1" style=""><font rwr="1" style=""><font rwr="1" style=""><font rwr="1" style=""><font rwr="1" style=""><font rwr="1" style=""><font rwr="1" style=""><div style="text-align: center;"><font face="Arial"><span style="font-size: 18.6667px;"><b>Doctrine Man Truth Justice &amp; A Sucker Punch of Snark Challenge Coin #270A</b></span></font></div><div style="font-family: Arial; font-size: 14pt; text-align: center;"><font face="Arial"><span style="font-size: 18.6667px;"><b><br></b></span></font></div><div style="font-family: Arial; font-size: 14pt; text-align: center;"><font face="Arial"><span style="font-size: 18.6667px;"><b>Measures approx 2" inches</b></span></font></div><div style="font-family: Arial; font-size: 14pt; text-align: center;"><span style="color: rgb(0, 49, 98); font-family: Times;"><b>&nbsp;</b></span></div><div style="font-family: Arial; font-size: 14pt; text-align: center;"><font color="#003162" face="Times"><b><br></b></font></div><div style="font-family: Arial; font-size: 14pt; text-align: center;"><b><span style="font-family: Times;">Your purchase will be packaged carefully and shipped</span><span style="font-family: Times;">&nbsp;within one business day. It will be shipped USPS&nbsp;</span><span style="font-family: Times;">first class postage with the tracking information sent to you by&nbsp;eBay.&nbsp;</span><span style="font-family: Times;">&nbsp;</span></b></div><div style="font-family: Arial; font-size: 14pt; text-align: center;"><div style="font-family: Arial;"><p style="font-family: Times;" align="center"><b>&nbsp;This shop will be dedicated to selling different items of old and new treasures that we find at auction houses and estate sales. Both my husband and I are dedicated to providing great customer service, from quick communication, fast shipping and great prices on lovely items.</b></p><p style="font-size: x-large; font-family: Times;" align="center"></p><p style="font-size: x-large; font-family: Times;" align="center"><font style="text-align: start;"></font><font style="text-align: start;"></font><span style="text-align: start;" lang=""></span></p><p style="font-size: x-large; font-family: Times; text-align: left;"></p><div style="font-size: x-large; font-family: Times;" align="center"><b>Thank you for looking!</b></div></div></div></font></font><br><font rwr="1" size="4" style="font-family: Arial; font-size: 14pt;"><div style="text-align: center;"><br></div></font></font></font></font></font></font></font></font></font></font></font></font></font></font></font></font></font></font></font></font></font></font></font></font></font></font></font></font></font></font></font></font></font></font></font></font></font></font></font></font></font></font></font></font></font></font></font></font></font></font></font></font></font></font></font></font></font></font></font></font></font></font></font></font></font></font></font></font></font></font></font></font></font></font></font></font></font></font></font></font></font>
</DOC>
<DOC>
<DOCID>1700614</DOCID>
<CATEGORY>Collectibles > Comics > Modern Age (1992-Now) > Superhero > Superman</CATEGORY>
<ORIGTITLE>DC Universe Rebirth: Batgirl and the Birds of Prey # 1 (DC, 2016) Cover 2</ORIGTITLE>
<font rwr='1' size='4' style='font-family:Arial'><font rwr="1" style="font-family:Arial" size="4"><font rwr="1" style="font-family:Arial" size="4"><font rwr="1" style="font-family:Arial" size="4"><font rwr="1" style="font-family:Arial" size="4"><font rwr="1" style="font-family:Arial" size="4"><font rwr="1" style="font-family:Arial" size="4"><font rwr="1" style="font-family:Arial" size="4"><font rwr="1" style="font-family:Arial" size="4"><font rwr="1" style="font-family:Arial" size="4"><font rwr="1" style="font-family:Arial" size="4"><font rwr="1" style="font-family:Arial" size="4"><font rwr="1" style="font-family:Arial" size="4"><font rwr="1" style="font-family:Arial" size="4"><font rwr="1" style="font-family:Arial" size="4"><font rwr="1" style="font-family:Arial" size="4"><font rwr="1" style="font-family:Arial" size="4"><font rwr="1" style="font-family:Arial" size="4"><font rwr="1" style="font-family:Arial" size="4"><font rwr="1" style="font-family:Arial" size="4"><font rwr="1" style="font-family:Arial" size="4"><font rwr="1" style="font-family:Arial" size="4"><font rwr="1" style="font-family:Arial" size="4"><font rwr="1" style="font-family:Arial" size="4"><font rwr="1" style="font-family:Arial" size="4"><font rwr="1" style="font-family:Arial" size="4"><font rwr="1" style="font-family:Arial" size="4"><font rwr="1" style="font-family:Arial" size="4"><font rwr="1" style="font-family:Arial" size="4"><font rwr="1" style="font-family:Arial" size="4"><font rwr="1" style="font-family:Arial" size="4"><font rwr="1" style="font-family:Arial" size="4"><font rwr="1" style="font-family:Arial" size="4"><font rwr="1" style="font-family:Arial" size="4"><font rwr="1" style="font-family:Arial" size="4"><font rwr="1" style="font-family:Arial" size="4"><font rwr="1" style="font-family:Arial" size="4"><font rwr="1" style="font-family:Arial" size="4"><font rwr="1" style="font-family:Arial" size="4"><font rwr="1" style="font-family:Arial" size="4"><font rwr="1" style="font-family:Arial" size="4"><font rwr="1" style="font-family:Arial" size="4"><font rwr="1" style="font-family:Arial" size="4"><font rwr="1" style="font-family:Arial" size="4"><font rwr="1" style="font-family:Arial" size="4"><font rwr="1" style="font-family:Arial" size="4"><font rwr="1" style="font-family:Arial" size="4"><font rwr="1" style="font-family:Arial" size="4"><font rwr="1" style="font-family:Arial" size="4"><font rwr="1" style="font-family:Arial" size="4"><font rwr="1" style="font-family:Arial" size="4"><font rwr="1" style="font-family:Arial" size="4"><font rwr="1" style="font-family:Arial" size="4"><font rwr="1" style="font-family:Arial" size="4"><font rwr="1" style="font-family:Arial" size="4"><font rwr="1" style="font-family:Arial" size="4"><font rwr="1" style="font-family:Arial" size="4"><font rwr="1" style="font-family:Arial" size="4"><font rwr="1" style="font-family:Arial" size="4"><font rwr="1" style="font-family:Arial" size="4"><font rwr="1" style="font-family:Arial" size="4"><font rwr="1" style="font-family:Arial" size="4"><font rwr="1" style="font-family:Arial" size="4"><font rwr="1" style="font-family:Arial" size="4"><font rwr="1" style="font-family:Arial" size="4"><font rwr="1" style="font-family:Arial" size="4"><font rwr="1" style="font-family:Arial" size="4"><font rwr="1" style="font-family:Arial" size="4"><font rwr="1" style="font-family:Arial" size="4"><font rwr="1" style="font-family:Arial" size="4"><font rwr="1" style="font-family:Arial" size="4"><font rwr="1" style="font-family:Arial" size="4"><font rwr="1" style="font-family:Arial" size="4"><font rwr="1" style="font-family:Arial" size="4"><font rwr="1" style="font-family:Arial" size="4"><font rwr="1" style="font-family:Arial" size="4"><font rwr="1" style="font-family:Arial" size="4"><font rwr="1" style="font-family:Arial" size="4"><font rwr="1" style="font-family:Arial" size="4"><font rwr="1" style="font-family:Arial" size="4"><font rwr="1" style="font-family:Arial" size="4"><font rwr="1" style="font-family:Arial" size="4"><font rwr="1" style="font-family:Arial" size="4"><font rwr="1" style="font-family:Arial" size="4"><font rwr="1" style="font-family:Arial" size="4"><font rwr="1" style="font-family:Arial" size="4"><font rwr="1" style="font-family:Arial" size="4"><font rwr="1" style="font-family:Arial" size="4"><font rwr="1" style="font-family:Arial" size="4"><font rwr="1" style="font-family:Arial" size="4"><font rwr="1" style="font-family:Arial" size="4"><font rwr="1" style="font-family:Arial" size="4"><font rwr="1" style="font-family:Arial" size="4"><font rwr="1" style="font-family:Arial" size="4"><font rwr="1" style="font-family:Arial" size="4"><font rwr="1" style="font-family:Arial" size="4"><font rwr="1" style="font-family:Arial" size="4"><font rwr="1" style="font-family:Arial" size="4"><font rwr="1" style="font-family:Arial" size="4"><font rwr="1" style="font-family:Arial" size="4"><font rwr="1" style="font-family:Arial" size="4"><font rwr="1" style="font-family:Arial" size="4"><font rwr="1" style="font-family:Arial" size="4"><font rwr="1" style="font-family:Arial" size="4"><font rwr="1" style="font-family:Arial" size="4"><font rwr="1" style="font-family:Arial" size="4"><font rwr="1" style="font-family:Arial" size="4"><font rwr="1" style="font-family:Arial" size="4"><font rwr="1" style="font-family:Arial" size="4"><font rwr="1" style="font-family:Arial" size="4"><font rwr="1" style="font-family:Arial" size="4"><font rwr="1" style="font-family:Arial" size="4"><font rwr="1" style="font-family:Arial" size="4"><font rwr="1" style="font-family:Arial" size="4"><font rwr="1" style="font-family:Arial" size="4"><font rwr="1" style="font-family:Arial" size="4"><font rwr="1" style="font-family:Arial" size="4"><font rwr="1" style="font-family:Arial" size="4"><font rwr="1" style="font-family:Arial" size="4"><font rwr="1" style="font-family:Arial" size="4"><font rwr="1" style="font-family:Arial" size="4"><font rwr="1" style="font-family:Arial" size="4"><font rwr="1" style="font-family:Arial" size="4"><font rwr="1" style="font-family:Arial" size="4"><font rwr="1" style="font-family:Arial" size="4"><font rwr="1" style="font-family:Arial" size="4"><font rwr="1" style="font-family:Arial" size="4"><font rwr="1" style="font-family:Arial" size="4"><font rwr="1" style="font-family:Arial" size="4"><font rwr="1" style="font-family:Arial" size="4"><font rwr="1" style="font-family:Arial" size="4"><font rwr="1" style="font-family:Arial" size="4"><font rwr="1" style="font-family:Arial" size="4"><font rwr="1" style="font-family:Arial" size="4"><font rwr="1" style="font-family:Arial" size="4"><font rwr="1" style="font-family:Arial" size="4"><font rwr="1" style="font-family:Arial" size="4"><font rwr="1" style="font-family:Arial" size="4"><font rwr="1" style="font-family:Arial" size="4"><font rwr="1" style="font-family:Arial" size="4"><font rwr="1" style="font-family:Arial" size="4"><font rwr="1" style="font-family:Arial" size="4"><font rwr="1" style="font-family:Arial" size="4"><font rwr="1" style="font-family:Arial" size="4"><font rwr="1" style="font-family:Arial" size="4"><font rwr="1" style="font-family:Arial" size="4"><font rwr="1" style="font-family:Arial" size="4"><font rwr="1" style="font-family:Arial" size="4"><font rwr="1" style="font-family:Arial" size="4"><font rwr="1" style="font-family:Arial" size="4"><font rwr="1" style="font-family:Arial" size="4"><font rwr="1" style="font-family:Arial" size="4"><font rwr="1" style="font-family:Arial" size="4"><font rwr="1" style="font-family:Arial" size="4"><font rwr="1" style="font-family:Arial" size="4"><font rwr="1" style="font-family:Arial" size="4"><font rwr="1" style="font-family:Arial" size="4"><font rwr="1" style="font-family:Arial" size="4"><font rwr="1" style="font-family:Arial" size="4"><font rwr="1" style="font-family:Arial" size="4"><font rwr="1" style="font-family:Arial" size="4"><font rwr="1" style="font-family:Arial" size="4"><font rwr="1" style="font-family:Arial" size="4"><font rwr="1" style="font-family:Arial" size="4"><font rwr="1" style="font-family:Arial" size="4"><font rwr="1" style="font-family:Arial" size="4"><font rwr="1" style="font-family:Arial" size="4"><font rwr="1" style="font-family:Arial" size="4"><font rwr="1" style="font-family:Arial" size="4"><font rwr="1" style="font-family:Arial" size="4"><font rwr="1" style="font-family:Arial" size="4"><font rwr="1" style="font-family:Arial" size="4"><font rwr="1" style="font-family:Arial" size="4"><font rwr="1" style="font-family:Arial" size="4"><font rwr="1" style="font-family:Arial" size="4"><font rwr="1" style="font-family:Arial" size="4"><font rwr="1" style="font-family:Arial" size="4"><font rwr="1" style="font-family:Arial" size="4"><font rwr="1" style="font-family:Arial" size="4"><font rwr="1" style="font-family:Arial" size="4"><font rwr="1" style="font-family:Arial" size="4"><font rwr="1" style="font-family:Arial" size="4"><font rwr="1" style="font-family:Arial" size="4"><font rwr="1" style="font-family:Arial" size="4"><font rwr="1" style="font-family:Arial" size="4"><font rwr="1" style="font-family:Arial" size="4"><font rwr="1" style="font-family:Arial" size="4"><font rwr="1" style="font-family:Arial" size="4"><font rwr="1" style="font-family:Arial" size="4"><font rwr="1" style="font-family:Arial" size="4"><font rwr="1" style="font-family:Arial" size="4"><font rwr="1" style="font-family:Arial" size="4"><font rwr="1" style="font-family:Arial" size="4"><font rwr="1" style="font-family:Arial" size="4"><font rwr="1" style="font-family:Arial" size="4"><font rwr="1" style="font-family:Arial" size="4"><font rwr="1" style="font-family:Arial" size="4"><font rwr="1" style="font-family:Arial" size="4"><font rwr="1" style="font-family:Arial" size="4"><font rwr="1" style="font-family:Arial" size="4"><font rwr="1" style="font-family:Arial" size="4">Comic is in fine condition and is bagged and boarded.&nbsp; Comes from a 
smoke free environment.&nbsp; FREE shipping via USPS with delivery 
confirmation within the United States.&nbsp; International shipping is via Global Shipping Program.</font></font></font></font></font></font></font></font></font></font></font></font></font></font></font></font></font></font></font></font></font></font></font></font></font></font></font></font></font></font></font></font></font></font></font></font></font></font></font></font></font></font></font></font></font></font></font></font></font></font></font></font></font></font></font></font></font></font></font></font></font></font></font></font></font></font></font></font></font></font></font></font></font></font></font></font></font></font></font></font></font></font></font></font></font></font></font></font></font></font></font></font></font></font></font></font></font></font></font></font></font></font></font></font></font></font></font></font></font></font></font></font></font></font></font></font></font></font></font></font></font></font></font></font></font></font></font></font></font></font></font></font></font></font></font></font></font></font></font></font></font></font></font></font></font></font></font></font></font></font></font></font></font></font></font></font></font></font></font></font></font></font></font></font></font></font></font></font></font></font></font></font></font></font></font></font></font></font></font></font></font></font></font></font></font></font></font></font></font></font></font></font></font></font></font></font></font></font></font></font></font>
</DOC>
<DOC>
<DOCID>1700626</DOCID>
<CATEGORY>Collectibles > Comics > Silver Age (1956-69) > Horror & Sci-Fi</CATEGORY>
<ORIGTITLE>Charlton SPACE ADVENTURES #31 Nov 1959 DITKO</ORIGTITLE>
<p align="center"><strong><font face="Georgia" size="5"><u>SILVER&nbsp;AGE</u></font></strong></p><p align="center"><strong><font face="Georgia" size="5">&nbsp;SPACE ADVENTURES #31</font></strong></p><p align="center"><strong><font face="Georgia" size="5">"The Enchanted Planet!"</font></strong></p><p align="center"><strong><font face="Georgia" size="5">Charlton&nbsp;COMICS</font></strong></p><p align="center"><strong><font face="Georgia" size="5">$.10 COVER</font></strong></p><p align="center"><strong><font face="Georgia" size="5">If you have questions about the grade, it is my estimate and I am not a professional.&nbsp; Message me before you bid, and see item description for major details.</font></strong></p><p align="center"><strong><font face="Georgia" size="5">Winning bidder please note your purchase will be shipped securely between cards and padded.</font></strong></p><br>
</DOC>
<DOC>
<DOCID>1700628</DOCID>
<CATEGORY>Collectibles > Fantasy, Mythical & Magic > Gargoyles</CATEGORY>
<ORIGTITLE>Toscana Gargoyle Trinket Box</ORIGTITLE>
<font rwr="1" size="4" style="font-family:Arial"><div style="text-align: center;"><u style="font-family: Arial; font-size: xx-large;">Toscana Gargoyle Trinket Box</u></div><div style="text-align: center;"><u style="font-family: Arial; font-size: xx-large;"><br></u></div><div style="text-align: center;"><font face="Arial" size="5">3-Dimensional Gargoyle Sculpture</font></div><div style="text-align: center;"><font face="Arial" size="5">Originally paid $40.00</font></div><div style="text-align: center;"><font face="Arial" size="5">Dark patina exterior</font></div><div style="text-align: center;"><font size="5" style="">Jewelry/ Trinket Box</font></div><div style="text-align: center;"><font size="5" style=""><b>Dimensions of Gargoyle</b> 10"H x 5.5"L x 5.5"W</font></div><div style="text-align: center;"><font size="5" style=""><b>Dimensions of box</b>&nbsp;2.5"H x 5"L x 3.5"W</font></div><div style="text-align: center;"><font size="5" style=""><b>Total Dimensions </b>12.5"H x 5.5"L x 5.5"W</font></div><div style="text-align: center;"><font size="5" style=""><br></font></div></font>
</DOC>
<DOC>
<DOCID>1700627</DOCID>
<CATEGORY>Collectibles > Radio, Phonograph, TV, Phone > Telephones > 1940-69</CATEGORY>
<ORIGTITLE>VINTAGE BELL DIAL PAY PHONE TELEPHONE WITH KEY T3309</ORIGTITLE>
<font size="4" style="font-family: Arial;" rwr="1"><p>VINTAGE DIAL TELEPHONE with Key.&nbsp;&nbsp;Selling as is, good for prop.&nbsp; Pictures are lighter than in person due to&nbsp;flash.&nbsp;&nbsp; Please email with any questions.&nbsp;&nbsp;&nbsp; "T3309"</p><p>SEE OUR STORE FOR LOTS MORE!!!&nbsp;</p></font>
</DOC>
<DOC>
<DOCID>1700616</DOCID>
<CATEGORY>Collectibles > Comics > Bronze Age (1970-83) > Superhero > Batman</CATEGORY>
<ORIGTITLE>BATMAN #232 // 1st App RAS AL GHUL // CGC  9.2 // WHITE Pgs</ORIGTITLE>
<font rwr='1' size='4' style='font-family:Arial'><p style="text-indent:0px; margin-left:15px; ">• Batman #232</p><p style="text-indent:0px; margin-left:15px; ">• 1st appearance Ras Al Ghul </p><p style="text-indent:0px; margin-left:15px; ">• CGC 9.2</p><p style="text-indent:0px; margin-left:15px; ">• White pages</p></font>
</DOC>
<DOC>
<DOCID>1700613</DOCID>
<CATEGORY>Collectibles > Religion & Spirituality > Islam > Prayer Beads</CATEGORY>
<ORIGTITLE>Prayer Beads amber dust tasbih Masbaha Rosary سبحة</ORIGTITLE>
<font rwr="1" size="4" style="font-family:Arial"><p class="MsoNormal" align="center" style="font-family: Arial; font-size: 14pt; text-align: center; background-image: initial; background-position: initial; background-size: initial; background-repeat: initial; background-attachment: initial; background-origin: initial; background-clip: initial; direction: ltr; unicode-bidi: embed; border: none; padding: 0cm;"><font face="Arial"><span style="font-size: 13.5pt;">Bead Size / 13*7</span><span style="font-size: 13.5pt;"><font color="#ff0010">&nbsp;mm AMBER DUST</font></span></font></p><p class="MsoNormal" align="center" style="font-family: Arial; font-size: 14pt; text-align: center; background-image: initial; background-position: initial; background-size: initial; background-repeat: initial; background-attachment: initial; background-origin: initial; background-clip: initial; direction: ltr; unicode-bidi: embed; border: none; padding: 0cm;"><font face="Arial"><span style="font-size: 13.5pt;">Weight /&nbsp; 39.8</span><span style="font-size: 13.5pt; color: rgb(255, 0, 16);">&nbsp;grams</span></font></p><p class="MsoNormal" align="center" style="font-family: Arial; text-align: center; background-image: initial; background-position: initial; background-size: initial; background-repeat: initial; background-attachment: initial; background-origin: initial; background-clip: initial; direction: ltr; unicode-bidi: embed; border: none; padding: 0cm;"><span style="font-size: 18px;">prayer beads : <font color="#ff0010">all is 33 beads</font></span></p><p class="MsoNormal" align="center" style="font-family: Arial; text-align: center; background-image: initial; background-position: initial; background-size: initial; background-repeat: initial; background-attachment: initial; background-origin: initial; background-clip: initial; direction: ltr; unicode-bidi: embed; border: none; padding: 0cm;"><font color="#ff0010"><span style="font-size: 18px;">WONDWEFUL FOR YOU OR FOR GIFT&nbsp;</span></font></p><p class="MsoNormal" align="center" style="font-family: Arial; text-align: center; background-image: initial; background-position: initial; background-size: initial; background-repeat: initial; background-attachment: initial; background-origin: initial; background-clip: initial; direction: ltr; unicode-bidi: embed; border: none; padding: 0cm;"><span style="box-sizing: border-box; margin: 0px; font-weight: 700; color: rgb(51, 51, 51); background-color: rgb(246, 246, 246); font-size: 18.6667px;"><font size="3" color="#ff0010" style="box-sizing: border-box; margin: 0px;">+GIFT&nbsp;</font></span><span style="font-size: 14pt; box-sizing: border-box; margin: 0px; font-weight: 700; color: rgb(51, 51, 51); background-color: rgb(246, 246, 246);"><font size="3" color="#00429A" style="box-sizing: border-box; margin: 0px;">BEAUTIFUL BAG</font></span></p><p class="MsoNormal" align="center" style="text-align: center; background-image: initial; background-position: initial; background-size: initial; background-repeat: initial; background-attachment: initial; background-origin: initial; background-clip: initial; direction: ltr; unicode-bidi: embed; border: none; padding: 0cm;"><br></p></font>
</DOC>
<DOC>
<DOCID>1700623</DOCID>
<CATEGORY>Collectibles > Religion & Spirituality > Buddhism > Incense & Incense Holders</CATEGORY>
<ORIGTITLE>10.24" Tibetan Buddhism Copper Hand engraving Pair Deer Falun Incense Burner</ORIGTITLE>
<font rwr='1' size='4' style='font-family:Arial'><link href="https://s.pushauction.com/tl/8c5eb12d74fe4da09904155d22dd340f/181221022739.css" rel="stylesheet">
<link href="https://s.pushauction.com/pm/3c54a5056bfd4e85a85dd7375f3fe2f1/467445051ae74ea39b8ff799adf3f51c/181221022739.css" rel="stylesheet">
<meta name="viewport" content="target-densitydpi=device-dpi, width=device-width, initial-scale=1.0, minimum-scale=1.0, maximum-scale=1.0, user-scalable=yes">
<div id="pa_t_cp"><div class="cp_h"><span></span></div><ul class="pacp"><li id="t202333229923"><a href="https://www.ebay.com/itm/202333229923" target="_blank"><p1></p1><p2></p2><p3><p31></p31><p32></p32></p3><p4></p4><p5></p5><p6><span></span><l></l><r></r></p6></a></li><li id="t123523334739"><a href="https://www.ebay.com/itm/123523334739" target="_blank"><p1></p1><p2></p2><p3><p31></p31><p32></p32></p3><p4></p4><p5></p5><p6><span></span><l></l><r></r></p6></a></li><li id="t123523334860"><a href="https://www.ebay.com/itm/123523334860" target="_blank"><p1></p1><p2></p2><p3><p31></p31><p32></p32></p3><p4></p4><p5></p5><p6><span></span><l></l><r></r></p6></a></li><li id="t123523334982"><a href="https://www.ebay.com/itm/123523334982" target="_blank"><p1></p1><p2></p2><p3><p31></p31><p32></p32></p3><p4></p4><p5></p5><p6><span></span><l></l><r></r></p6></a></li><li id="t123523335019"><a href="https://www.ebay.com/itm/123523335019" target="_blank"><p1></p1><p2></p2><p3><p31></p31><p32></p32></p3><p4></p4><p5></p5><p6><span></span><l></l><r></r></p6></a></li><li id="t123523335049"><a href="https://www.ebay.com/itm/123523335049" target="_blank"><p1></p1><p2></p2><p3><p31></p31><p32></p32></p3><p4></p4><p5></p5><p6><span></span><l></l><r></r></p6></a></li><li id="t123523335176"><a href="https://www.ebay.com/itm/123523335176" target="_blank"><p1></p1><p2></p2><p3><p31></p31><p32></p32></p3><p4></p4><p5></p5><p6><span></span><l></l><r></r></p6></a></li><li id="t123523335244"><a href="https://www.ebay.com/itm/123523335244" target="_blank"><p1></p1><p2></p2><p3><p31></p31><p32></p32></p3><p4></p4><p5></p5><p6><span></span><l></l><r></r></p6></a></li><li id="t123523335290"><a href="https://www.ebay.com/itm/123523335290" target="_blank"><p1></p1><p2></p2><p3><p31></p31><p32></p32></p3><p4></p4><p5></p5><p6><span></span><l></l><r></r></p6></a></li><li id="t123523335329"><a href="https://www.ebay.com/itm/123523335329" target="_blank"><p1></p1><p2></p2><p3><p31></p31><p32></p32></p3><p4></p4><p5></p5><p6><span></span><l></l><r></r></p6></a></li><li id="t123523335391"><a href="https://www.ebay.com/itm/123523335391" target="_blank"><p1></p1><p2></p2><p3><p31></p31><p32></p32></p3><p4></p4><p5></p5><p6><span></span><l></l><r></r></p6></a></li><li id="t123523335425"><a href="https://www.ebay.com/itm/123523335425" target="_blank"><p1></p1><p2></p2><p3><p31></p31><p32></p32></p3><p4></p4><p5></p5><p6><span></span><l></l><r></r></p6></a></li></ul></div>
<div id="patemplate" class="pc_template">
    <div class="pastore_top_background patemplate_box_content">
        <div class="patemplate_bgin pastore_bottom_background">
            <div class="patemplate_center">
                <div class="patemplate_header">
                    <div id="header">
                        <div class="patemplate_headertop pastore_header_background">
                            <div class="patemplate_header_logo" id="patemplate_header_logo">
                                
                            </div>
                            <div class="patemplate_head_right" id="patemplate_header_right"></div>
                        </div>
                        <div class="patemplate_header_nav" id="patemplate_header_nav">
                            
                        </div>
                    </div>
                </div>
                <div class="patemplate_content">
                    <div class="patemplate_contentin">
                        <div class="patemplate_slider"><div class="csslider1 autoplay"><input name="cs_anchor1" id="cs_slide1_0" type="radio" class="cs_anchor slide"><input name="cs_anchor1" id="cs_slide1_1" type="radio" class="cs_anchor slide"><input name="cs_anchor1" id="cs_slide1_2" type="radio" class="cs_anchor slide">
                                <input name="cs_anchor1" id="cs_play1" type="radio" class="cs_anchor" checked="">
                                <input name="cs_anchor1" id="cs_pause1" type="radio" class="cs_anchor"><input name="cs_anchor1" id="cs_pause1_0" type="radio" class="cs_anchor pause"><input name="cs_anchor1" id="cs_pause1_1" type="radio" class="cs_anchor pause"><input name="cs_anchor1" id="cs_pause1_2" type="radio" class="cs_anchor pause">
                                <ul><div style="width:100%;visibility:hidden;font-size:0px;line-height:0;" class="cs_skeleton"><img src="https://timage.pushauction.com/v3/DefaultTemplate/A15167/mid_banner1.jpg" style="width: 100%;"></div><li class="num0  img slide"><img src="https://timage.pushauction.com/v3/DefaultTemplate/A15167/mid_banner1.jpg" alt="" title=""></li><li class="num1  img slide"><img src="https://timage.pushauction.com/v3/DefaultTemplate/A15167/mid_banner2.jpg" alt="" title=""></li><li class="num2  img slide"><img src="https://timage.pushauction.com/v3/DefaultTemplate/A15167/mid_banner3.jpg" alt="" title=""></li></ul><div class="cs_play_pause"><label class="cs_play" for="cs_play1"><span><i></i><b></b></span></label><label class="cs_pause num0" for="cs_pause1_0"><span><i></i><b></b></span></label><label class="cs_pause num1" for="cs_pause1_1"><span><i></i><b></b></span></label><label class="cs_pause num2" for="cs_pause1_2"><span><i></i><b></b></span></label></div><div class="cs_arrowprev"><label class="num0" for="cs_slide1_0"><span><i></i><b></b></span></label><label class="num1" for="cs_slide1_1"><span><i></i><b></b></span></label><label class="num2" for="cs_slide1_2"><span><i></i><b></b></span></label></div><div class="cs_arrownext"><label class="num0" for="cs_slide1_0"><span><i></i><b></b></span></label><label class="num1" for="cs_slide1_1"><span><i></i><b></b></span></label><label class="num2" for="cs_slide1_2"><span><i></i><b></b></span></label></div><div class="cs_bullets"><label class="num0" for="cs_slide1_0"><span class="cs_point"></span></label><label class="num1" for="cs_slide1_1"><span class="cs_point"></span></label><label class="num2" for="cs_slide1_2"><span class="cs_point"></span></label></div>
                             </div></div>
                        <div class="patemplate_content_left">

                            <div class="patemplatebox" id="patemplate_store_category">
                                <div class="patemplatebox_h">
                                    <h2 class="patemplatebox_title">Store category</h2><span></span>
                                </div>
                                <div class="patemplatebox_body">
                                    <div class="patemplatebox_bodynone">
                                        <div class="patemplate_category" id="patemplate_template_category">
                                            
                                        </div>
                                    </div>
                                </div>
                            </div>
                            <div class="storenewsletter">
                                <p class="storenewsletter_txt"></p>
                                <a target="_blank" href="https://my.ebay.com/ws/eBayISAPI.dll?AcceptSavedSeller&amp;linkname=includenewsletter&amp;sellerid=hjy668" class="savesellery_button" title="Sign Up">Sign Up Now !</a>
                            </div>
                            <div class="patemplatebox" id="patemplate_userlinks">
                                <div class="patemplatebox_h">
                                    <h2 class="patemplatebox_title"></h2><span></span>
                                </div>
                                <div class="patemplatebox_body">
                                    <div class="patemplatebox_bodyin">
                                        <div id="patemplate_links">
                                            
                                        </div>
                                    </div>
                                </div>
                            </div>
                            <div class="patemplatebox" id="patemplate_left_cp">
                                <div class="patemplatebox_h">
                                    <h2 class="patemplatebox_title">You may also like</h2><span></span>
                                </div>
                                <div class="patemplatebox_body">
                                    <div class="patemplatebox_bodyin">
                                        <div id="pa_l_cp"><div class="cp_h"><span></span></div><ul class="pacp"><li id="l192524243516"><a href="https://www.ebay.com/itm/192524243516" target="_blank"><p1></p1><p2></p2><p3><p31></p31><p32></p32></p3><p4></p4><p5></p5><p6><span></span><l></l><r></r></p6></a></li><li id="l183111166978"><a href="https://www.ebay.com/itm/183111166978" target="_blank"><p1></p1><p2></p2><p3><p31></p31><p32></p32></p3><p4></p4><p5></p5><p6><span></span><l></l><r></r></p6></a></li></ul></div>
                                    </div>
                                </div>
                            </div>
                        </div>
                        <div class="patemplate_content_right">

                            <div class="patemplatebox" id="patemplate_picture">
                                <div class="patemplate_picbody">
                                    <div class="patemplate_picbodyin">
                                        <div class="patemplate_title">
                                            10.24" Tibetan Buddhism Copper Hand engraving Pair Deer Falun Incense Burner
                                        </div>
                                            <div class="papicturelayout layout5"><input type="radio" name="slide_switch" id="preview_id1" checked=""><input type="radio" name="slide_switch" id="preview_id2"><input type="radio" name="slide_switch" id="preview_id3"><input type="radio" name="slide_switch" id="preview_id4"><input type="radio" name="slide_switch" id="preview_id5"><input type="radio" name="slide_switch" id="preview_id6"><input type="radio" name="slide_switch" id="preview_id7"><input type="radio" name="slide_switch" id="preview_id8"><input type="radio" name="slide_switch" id="preview_id9"><input type="radio" name="slide_switch" id="preview_id10"><div class="picturesmall"><label id="small_label1" for="preview_id1"><img src="https://image.pushauction.com/0/0/3c54a505-6bfd-4e85-a85d-d7375f3fe2f1/2da0fd57-80fc-4bbb-9fc1-4b74d02e0607.jpg"></label><label id="small_label2" for="preview_id2"><img src="https://image.pushauction.com/0/0/3c54a505-6bfd-4e85-a85d-d7375f3fe2f1/b257aa26-fbaf-47b1-ae6b-f65a92747ca7.jpg"></label><label id="small_label3" for="preview_id3"><img src="https://image.pushauction.com/0/0/3c54a505-6bfd-4e85-a85d-d7375f3fe2f1/c1f23b21-80eb-4ac2-b9c6-4f5dd0ebb305.jpg"></label><label id="small_label4" for="preview_id4"><img src="https://image.pushauction.com/0/0/3c54a505-6bfd-4e85-a85d-d7375f3fe2f1/e8c01864-7d0f-4e1f-a197-db57605d5dd3.jpg"></label><label id="small_label5" for="preview_id5"><img src="https://image.pushauction.com/0/0/3c54a505-6bfd-4e85-a85d-d7375f3fe2f1/edca7540-1c52-40fb-a794-18ff517c6043.jpg"></label><label id="small_label6" for="preview_id6"><img src="https://image.pushauction.com/0/0/3c54a505-6bfd-4e85-a85d-d7375f3fe2f1/b26f3f69-cb17-4385-b0db-dfd91673f5c2.jpg"></label><label id="small_label7" for="preview_id7"><img src="https://image.pushauction.com/0/0/3c54a505-6bfd-4e85-a85d-d7375f3fe2f1/ac7c5ed9-20ce-4e2b-9368-991e5c204b15.jpg"></label><label id="small_label8" for="preview_id8"><img src="https://image.pushauction.com/0/0/3c54a505-6bfd-4e85-a85d-d7375f3fe2f1/2bd58b11-aeff-46c0-9c22-1a24357fd855.jpg"></label><label id="small_label9" for="preview_id9"><img src="https://image.pushauction.com/0/0/3c54a505-6bfd-4e85-a85d-d7375f3fe2f1/2d4a144b-72ad-4e9e-bdcf-8d1ba80bc320.jpg"></label><label id="small_label10" for="preview_id10"><img src="https://image.pushauction.com/0/0/3c54a505-6bfd-4e85-a85d-d7375f3fe2f1/9ecee13c-301f-4d6f-968f-a801758f922b.jpg"></label></div><div class="big_preview_img"><div><img src="https://image.pushauction.com/0/0/3c54a505-6bfd-4e85-a85d-d7375f3fe2f1/2da0fd57-80fc-4bbb-9fc1-4b74d02e0607.jpg"><img src="https://image.pushauction.com/0/0/3c54a505-6bfd-4e85-a85d-d7375f3fe2f1/b257aa26-fbaf-47b1-ae6b-f65a92747ca7.jpg"><img src="https://image.pushauction.com/0/0/3c54a505-6bfd-4e85-a85d-d7375f3fe2f1/c1f23b21-80eb-4ac2-b9c6-4f5dd0ebb305.jpg"><img src="https://image.pushauction.com/0/0/3c54a505-6bfd-4e85-a85d-d7375f3fe2f1/e8c01864-7d0f-4e1f-a197-db57605d5dd3.jpg"><img src="https://image.pushauction.com/0/0/3c54a505-6bfd-4e85-a85d-d7375f3fe2f1/edca7540-1c52-40fb-a794-18ff517c6043.jpg"><img src="https://image.pushauction.com/0/0/3c54a505-6bfd-4e85-a85d-d7375f3fe2f1/b26f3f69-cb17-4385-b0db-dfd91673f5c2.jpg"><img src="https://image.pushauction.com/0/0/3c54a505-6bfd-4e85-a85d-d7375f3fe2f1/ac7c5ed9-20ce-4e2b-9368-991e5c204b15.jpg"><img src="https://image.pushauction.com/0/0/3c54a505-6bfd-4e85-a85d-d7375f3fe2f1/2bd58b11-aeff-46c0-9c22-1a24357fd855.jpg"><img src="https://image.pushauction.com/0/0/3c54a505-6bfd-4e85-a85d-d7375f3fe2f1/2d4a144b-72ad-4e9e-bdcf-8d1ba80bc320.jpg"><img src="https://image.pushauction.com/0/0/3c54a505-6bfd-4e85-a85d-d7375f3fe2f1/9ecee13c-301f-4d6f-968f-a801758f922b.jpg"></div></div></div>
                                    </div>
                                </div>
                            </div>
                            <div class="patemplatebox" id="patemplate_description">
                                <div class="patemplatebox_h1">
                                    <h2 class="patemplatebox_title">Product Description</h2><span></span>
                                </div>
                                <div class="patemplatebox_body">
                                    <div class="patemplatebox_bodyin">

                                        <div>
                                            <!--PA4_ItemSpecifics_Begin--><div id="patemplate_itemspecifics"><table><tbody><tr><th>Material</th><td>Copper</td></tr><tr><th>Country/Region of Manufacture</th><td>China</td></tr></tbody></table></div><!--PA4_ItemSpecifics_End--><!--PA4_Description_Begin--><div style="text-align: center;"><font face="Arial, Helvetica, sans-serif" style="font-size: 24pt;">size：</font></div><div><div id="pastingspan1" style="text-align: center; font-size: 24pt;">Long&nbsp; 26cm</div><div id="pastingspan1" style="text-align: center; font-size: 24pt;">wide&nbsp; 15cm</div><div><span style="font-size: 24pt;">&nbsp; &nbsp; &nbsp; &nbsp; &nbsp; &nbsp; &nbsp; &nbsp; &nbsp; &nbsp; &nbsp; &nbsp; &nbsp; &nbsp; &nbsp; &nbsp; &nbsp; &nbsp; &nbsp; &nbsp; &nbsp; &nbsp; &nbsp; &nbsp; &nbsp; &nbsp; &nbsp; &nbsp;&nbsp;</span><span style="font-size: 32px; text-align: center;">high  26cm</span><span style="font-size: 24pt;"></span></div><div style="text-align: center; "><span style="font-size: 24pt;">caliber&nbsp;&nbsp;</span><span style="font-size: 24pt;">&nbsp;23.5cm</span></div><div style="text-align: center; font-size: 24pt;">&nbsp;weight&nbsp; 1.5kg</div><div style="text-align: center;">&nbsp;</div></div><!--PA4_Description_End-->
                                        </div>
                                        <div>
                                            
                                        </div>
                                        <div>
                                            
                                        </div>
                                        <div>
                                            
                                        </div>
                                    </div>
                                </div>
                            </div>


                            <div class="patemplatebox sellerdetail tabs" id="terms">

                                <input class="" id="tab1" type="radio" name="tabs" checked=""> <label class="headlabel1" for="tab1">Payment</label>
                                <input id="tab2" type="radio" name="tabs"><label class="headlabel2" for="tab2">Delivery details</label>
                                <input id="tab3" type="radio" name="tabs"><label class="headlabel3" for="tab3">Terms of sales</label>
                                <input id="tab4" type="radio" name="tabs"><label class="headlabel4" for="tab4">About us</label>
                                <input id="tab5" type="radio" name="tabs"><label class="headlabel5" for="tab5">Contact us</label>
                                <div id="patemplate_termscontent_1" class="template_terms_content">
                                    <div class="template_terms_contentin_t"><label for="tab1"><span>Payment</span><i></i></label></div>
                                    <div class="template_terms_contentin">
                                        <h1 align="center"><span class="subhead">We accept <u>PayPal </u>only</span></h1>
                                    </div>
                                </div>
                                <div id="patemplate_termscontent_2" class="template_terms_content">
                                    <div class="template_terms_contentin_t"><label for="tab2"><span>Delivery details</span><i></i></label></div>
                                    <div class="template_terms_contentin">
                                        <h1 align="center"><span class="subhead"><strong><span class="ebay"><p>Handling time: 24 hours<br><br>To USA (USPS, Tracked) 6-15 working days</p><p>To UK, AU(CN Post Air Mail) 11-25 working days<br><br>To SPA, FRA, GER(CN Post Air Mail) 18-29 working days<br><br>Other country(CN Post Air Mail) No more then 32 working days<br><br></p></span></strong></span></h1><h1 align="center"><span class="subhead"><strong><span><span class="ebay"><p>2. Payment should be made within 3 days after the 
last bid ended.</p>
<p>3. Please confirm the shipping address in PayPal 
because we will ship the items according to the address </p></span></span></strong></span></h1>
                                    </div>
                                </div>

                                <div id="patemplate_termscontent_3" class="template_terms_content">
                                    <div class="template_terms_contentin_t"><label for="tab3"><span>Terms of sales</span><i></i></label></div>
                                    <div class="template_terms_contentin">
                                        <h1 align="center"><span class="subhead"><strong><span><span class="ebay"><p>For items that are damaged or defective, you can 
either get a refund or replace the item.</p>
<p>1.   Refund: Refund will be given as money back. 
</p>
<p>2.   Replace: Replace and resending will be arranged 
in 48 hours after we received the returned goods.</p></span></span></strong></span></h1>
                                    </div>
                                </div>
                                <div id="patemplate_termscontent_4" class="template_terms_content">
                                    <div class="template_terms_contentin_t"><label for="tab4"><span>About us</span><i></i></label></div>
                                    <div class="template_terms_contentin">
                                        <h1 align="center"><span class="subhead"><strong><span><span class="ebay"><p>1.   Satisfied with the items: Please leave me a 
positive feedback. With the encouragement of your positive feedback, we will do 
the business even better.</p>
<p><span style="font-size: large"><span style="color: purple"><strong><span style="font-family: Gungsuh; color: black"><strong>Please see this following image as an example of a 5-STAR 
rating feedback</strong></span></strong></span></span></p></span></span></strong></span></h1>
                                    </div>
                                </div>
                                <div id="patemplate_termscontent_5" class="template_terms_content">
                                    <div class="template_terms_contentin_t"><label for="tab5"><span>Contact us</span><i></i></label></div>
                                    <div class="template_terms_contentin">
                                        <div dir="ltr"><span style="font-size: 14pt; color: red;">If you have additional questions, please contact me and I will get 
back to you as soon as possible within 24 hours , thank you</span></div>
                                    </div>
                                </div>
                            </div>

                        </div>
                    </div>
                </div>
                <div id="patemplate_footer">

                    <div class="pastore_footer pastore_footer_background">
                        <div class="pastore_inside">
                            <div class="inside_left">
                                <div id="menu">
                                    <ul></ul>
                                </div><div id="copyright"></div>
                            </div>
                            <div class="inside_right">
                                
                            </div>
                        </div>
                    </div>
                </div>

            </div>
        </div>
    </div>
</div>
<div id="patemplate_feedback">
                            <div class="feedbackhead"><span>Feedback</span></div>
                            <div class="feedbackcontent">
                                <ul><li><p><span class="feedback_title"></span><span class="feedback_buyerid"></span></p><p><span class="feedback_date"></span></p></li><li><p><span class="feedback_title"></span><span class="feedback_buyerid"></span></p><p><span class="feedback_date"></span></p></li><li><p><span class="feedback_title"></span><span class="feedback_buyerid"></span></p><p><span class="feedback_date"></span></p></li><li><p><span class="feedback_title"></span><span class="feedback_buyerid"></span></p><p><span class="feedback_date"></span></p></li><li><p><span class="feedback_title"></span><span class="feedback_buyerid"></span></p><p><span class="feedback_date"></span></p></li><li><p><span class="feedback_title"></span><span class="feedback_buyerid"></span></p><p><span class="feedback_date"></span></p></li><li><p><span class="feedback_title"></span><span class="feedback_buyerid"></span></p><p><span class="feedback_date"></span></p></li><li><p><span class="feedback_title"></span><span class="feedback_buyerid"></span></p><p><span class="feedback_date"></span></p></li><li><p><span class="feedback_title"></span><span class="feedback_buyerid"></span></p><p><span class="feedback_date"></span></p></li><li><p><span class="feedback_title"></span><span class="feedback_buyerid"></span></p><p><span class="feedback_date"></span></p></li></ul>
                            </div>
                        </div>
<div id="pa_b_cp"><div class="cp_h"><span></span></div><ul class="pacp"><li id="b192524243516"><a href="https://www.ebay.com/itm/192524243516" target="_blank"><p1></p1><p2></p2><p3><p31></p31><p32></p32></p3><p4></p4><p5></p5><p6><span></span><l></l><r></r></p6></a></li><li id="b183111166978"><a href="https://www.ebay.com/itm/183111166978" target="_blank"><p1></p1><p2></p2><p3><p31></p31><p32></p32></p3><p4></p4><p5></p5><p6><span></span><l></l><r></r></p6></a></li><li id="b182915582492"><a href="https://www.ebay.com/itm/182915582492" target="_blank"><p1></p1><p2></p2><p3><p31></p31><p32></p32></p3><p4></p4><p5></p5><p6><span></span><l></l><r></r></p6></a></li><li id="b172992563472"><a href="https://www.ebay.com/itm/172992563472" target="_blank"><p1></p1><p2></p2><p3><p31></p31><p32></p32></p3><p4></p4><p5></p5><p6><span></span><l></l><r></r></p6></a></li><li id="b182915594564"><a href="https://www.ebay.com/itm/182915594564" target="_blank"><p1></p1><p2></p2><p3><p31></p31><p32></p32></p3><p4></p4><p5></p5><p6><span></span><l></l><r></r></p6></a></li><li id="b182849527987"><a href="https://www.ebay.com/itm/182849527987" target="_blank"><p1></p1><p2></p2><p3><p31></p31><p32></p32></p3><p4></p4><p5></p5><p6><span></span><l></l><r></r></p6></a></li><li id="b172941428604"><a href="https://www.ebay.com/itm/172941428604" target="_blank"><p1></p1><p2></p2><p3><p31></p31><p32></p32></p3><p4></p4><p5></p5><p6><span></span><l></l><r></r></p6></a></li><li id="b192540972922"><a href="https://www.ebay.com/itm/192540972922" target="_blank"><p1></p1><p2></p2><p3><p31></p31><p32></p32></p3><p4></p4><p5></p5><p6><span></span><l></l><r></r></p6></a></li><li id="b172994604567"><a href="https://www.ebay.com/itm/172994604567" target="_blank"><p1></p1><p2></p2><p3><p31></p31><p32></p32></p3><p4></p4><p5></p5><p6><span></span><l></l><r></r></p6></a></li><li id="b173217648403"><a href="https://www.ebay.com/itm/173217648403" target="_blank"><p1></p1><p2></p2><p3><p31></p31><p32></p32></p3><p4></p4><p5></p5><p6><span></span><l></l><r></r></p6></a></li><li id="b202120823668"><a href="https://www.ebay.com/itm/202120823668" target="_blank"><p1></p1><p2></p2><p3><p31></p31><p32></p32></p3><p4></p4><p5></p5><p6><span></span><l></l><r></r></p6></a></li><li id="b122831302828"><a href="https://www.ebay.com/itm/122831302828" target="_blank"><p1></p1><p2></p2><p3><p31></p31><p32></p32></p3><p4></p4><p5></p5><p6><span></span><l></l><r></r></p6></a></li></ul></div><!--PA4_HTMLBottom_Begin--><div id="pushauctioncounterdiv" style="width:100%;text-align:center;padding-top:20px;font-family:Times New Roman"><img id="pushauctioncounter" src="https://counter.pushauction.com/3c54a505-6bfd-4e85-a85d-d7375f3fe2f1/46744505-1ae7-4ea3-9b8f-f799adf3f51c.jpg"></div><div id="pushauctionlogosigndiv" style="text-align:center;width:100%;padding-top:20px"><img src="https://image.pushauction.com/poweredbypushauction.png" alt="PushAuction" border="0" title="Engineered for professional sellers"></div><!--PA4_HTMLBottom_End--></font>
</DOC>
<DOC>
<DOCID>1700615</DOCID>
<CATEGORY>Collectibles > Pez, Keychains, Promo Glasses > Keychains > Vintage (Pre-1970)</CATEGORY>
<ORIGTITLE>20 Rappen 1913. Schweiz - Suisse - Switzerland, vintage keychains, Original coin</ORIGTITLE>
<font rwr="1" size="4" style="font-family:Arial"><font rwr="1" size="4" style="font-family:Arial"><div style="font-size: large;"><font size="6"><b>Visit our eBay store: &nbsp;Numis-Croata</b></font></div><div style="font-size: large;"><font face="Arial"><span style="font-size: 18.6667px;"><br></span></font></div><div style="font-size: large;"><font face="Arial"><span style="font-size: 18.6667px;">&nbsp;Combine Shipping</span></font></div><div style="font-size: large;"><font face="Arial"><span style="font-size: 18.6667px;">&nbsp;Online Support 0-24</span></font></div><div style="font-size: large;"><font face="Arial"><span style="font-size: 18.6667px;">&nbsp;Best offer available</span></font></div><div style="font-size: large;"><font face="Arial"><span style="font-size: 18.6667px;">&nbsp;Free Returns</span></font></div><div style="font-size: large;"><font face="Arial"><span style="font-size: 18.6667px;">&nbsp;PayPal</span></font></div><div style="font-size: large;"><font face="Arial"><span style="font-size: 18.6667px;">&nbsp;Fast delivery</span></font></div><div style="font-size: large;"><font face="Arial"><span style="font-size: 18.6667px;"><br></span></font></div><div style="font-size: large;"><span style="font-size: 18.6667px;">Registered mail with tracking number + air transport</span></div><div style="font-size: large;"><font face="Arial"><span style="font-size: 18.6667px;"><br></span></font></div><div style="font-size: large;"><font face="Arial"><span style="font-size: 18.6667px;">Once payment is received, we will send you item(s) within 1 working days from the receipt of payment. We are responsible for the items sent by registered mail.</span></font></div><div style="font-size: large;"><font face="Arial"><span style="font-size: 18.6667px;"><br></span></font></div><div style="font-size: large;"><font face="Arial"><span style="font-size: 18.6667px;"><br></span></font></div><div style="font-size: large;"><font face="Arial"><span style="font-size: 18.6667px;">TRACK AND TRACE YOUR ITEM(S):&nbsp;</span></font><span style="font-size: 18.6667px;">http://ips.posta.hr/</span></div><div style="font-size: large;"><font face="Arial"><span style="font-size: 18.6667px;"><br></span></font></div><div style="font-size: large;"><font face="Arial"><span style="font-size: 18.6667px;"><br></span></font></div><div style="font-size: large;"><font face="Arial"><font size="6"><u>Combine Shipping</u></font><span style="font-size: 18.6667px;">: if ordering more than one item, please make your selections by clicking 'buy' for each item and then 'request an invoice'. Only after receiving your invoice you should click the 'pay' button to complete your purchase. By doing this you will pay only 8,99 $.</span></font></div></font></font>
</DOC>
<DOC>
<DOCID>1700624</DOCID>
<CATEGORY>Collectibles > Barware > Shot Glasses</CATEGORY>
<ORIGTITLE>3 liquor shot glasses from 3 states: TEXAS, ARIZONA,  WASHINGTON</ORIGTITLE>
<font rwr='1' size='4' style='font-family:Arial'>COLLECTOR'S SHOT GLASSES - unique - will retake photos and post ..,..<br>price is for all 3 <br></font>
</DOC>
<DOC>
<DOCID>1700612</DOCID>
<CATEGORY>Collectibles > Photographic Images > Contemporary (1940-Now) > Celebrity > Sports</CATEGORY>
<ORIGTITLE>1932 Press Photo Mrs William Du Pont on Grey Ace at Philadelphia horse show</ORIGTITLE>
<!DOCTYPE HTML PUBLIC "-//W3C//DTD HTML 4.01 Transitional//EN" "http://www.w3.org/TR/html4/loose.dtd">
									<html>
									<head>
                                    <!--PreviewScript-->
									<title> ebay template </title>
									</head>
									<body>
								<link href="https://fonts.googleapis.com/css?family=Roboto" rel="stylesheet" type="text/css" />  <link href="https://fonts.googleapis.com/css?family=Prata" rel="stylesheet" type="text/css" />
<div align="center">
<h2 align="center" class="auto-style1" style="text-align: center;"><span style="font-size: 24pt;"><span style="color: #000000;"><span style="font-size: 28pt;">H</span><span>ISTORIC</span><span style="color: #978f7e;"><span style="font-size: 28pt;">I</span><span>MAGE</span>S</span></span></span><br /></h2>
<hr />
<h3 align="center" class="auto-style4"><font size="2">Note: Please study the images carefully to determine the condition of this vintage photograph, as it may not be in perfect condition. It may contain wrinkles, cracks, and possibly even tears due to its age and how it was handled before it got to us. A scanner may interpret colors and contrast differently than human eyes will, so it is possible that the actual photograph may be slightly darker or lighter in person.</font></h3>
</div>
<h3 align="center" class="auto-style4"><font size="2">This vintage photograph is offered for sale as a collectible item and conveys no transfer of copyright.</font></h3>
<div align="center" id="main_content2">
<h3 class="auto-style1"><font size="5"><b>1932 Press Photo Mrs William Du Pont on Grey Ace at Philadelphia horse show </b></font></h3>
<h3 class="auto-style4">This is an original press photo.  Photo measures 8 x 6.25inches. Photo is dated 05-06-1932. <font size="3"> </font></h3>
<h4 class="auto-style4"><font size="3"><span class="main_content2_photos">PHOTO FRONT</span><br /><a  target="_blank" rel="noopener"><img width="50%" alt="Image1" src="https://kyozoufs.blob.core.windows.net/filestoragecs4/Pictures/_10/9127/9126122.jpg" border="0" /></a><br /><span class="main_content2_copy"> </span><br /><span class="main_content2_photos">PHOTO BACK</span><br /><a  target="_blank" rel="noopener"><img width="50%" alt="Image2" src="https://kyozoufs.blob.core.windows.net/filestoragecs4/Pictures/_10/9127/9126124.jpg" border="0" /></a> <br /><span class="main_content2_copy"></span><br /></font><font size="5"><font size="3"></font></font></h4>
<p><span class="auto-style4">[click an image above to see a larger version] </span></p>
<p><br /></p>
<p><font size="3"><span class="auto-style4">Historic Images Part Number:</span> net26761</font></p>
<hr />
<h1 class="auto-style6"><b><font size="4">Payment &amp; Checkout</font></b></h1>
<h4 class="auto-style4">
<div align="left">
<p class="auto-style6"><font size="2">We prefer PayPal. Contact us for additional options. You may contact us through eBay messaging or write us at: <br /><br />Historic Images<br />6073 Mt. Moriah Rd. Ext. Ste. 12<br />Memphis, TN 38115<br /></font></p>
<p class="auto-style6"><font class="auto-style6" size="2" span="">Local pickup is available at the above address between 10 a.m. And 4 p.m. for customers in the Memphis, TN area. </font></p>
<p class="auto-style6"><font size="2">Tennessee and Washington residents will be charged sales tax on each order. </font></p>
<font size="2"> <span class="auto-style6">We ship orders Monday through Friday. We do not ship on weekends or holidays. Our standard processing time is one business day from time of payment.</span></font>
<p><br /></p>

<h1 class="auto-style6"><b><font size="4">Domestic Shipping</font></b></h1>
<p><font size="2"><span class="auto-style6">USPS First Class $3.99 </span> <br class="auto-style6" /><span class="auto-style6">USPS Priority $7.29 </span> <br class="auto-style6" /><span class="auto-style6">Expedited FedEx $19.99</span></font></p>
<p><font size="2"><span class="auto-style6">We charge $3.99 flat shipping via First Class US Postal Service for all US and Canadian orders purchased through this eBay ID.</span> <span class="auto-style6">So, shipping 1 photo is $3.99, shipping 10 photos is $3.99, shipping 100 photos is $3.99.</span></font></p>
<p><font size="2"><span class="auto-style6">USPS Priority is available for $7.29, and expedited FedEx is available for $19.99. Shipping is charged per order, and may not be combined with our other seller IDs (per eBay's policy). We encourage customers interested in multiple auctions to bid and check out after all of your photos are won so that multiple items will be in the same order and subject to one shipping charge. Our systems automatically open unpaid item cases at 21 days, so please "close your tab" within 3 weeks of your first purchase.</span><br /></font></p>
<p><font size="2"><span class="auto-style6">Please ensure your shipping address is accurate in eBay and PayPal.</span></font></p>

<h1 align="center" class="auto-style6"><b><font size="4">International Shipping</font></b></h1>
<p><font size="2" weight="normal"><span class="auto-style6">USPS First Class International - Canada $9.99, Worldwide $13.99 </span><span class="auto-style6"></span> <br class="auto-style6" /><span class="auto-style6">USPS Priority International $34.99 </span> <br class="auto-style6" span="" /><span class="auto-style6">FedEx Overnight $34.99 </span></font></p>
<font size="2"> </font>
<p><font size="2"><span class="auto-style6">We charge $13.99 flat shipping, $9.99 flat for Canada, via US Postal Service First Class for all international orders, any size. USPS Priority is available for $34.99</span></font></p>
<font size="2"> </font>
<p><font size="2"><span class="auto-style6">Customs charges, import taxes, duties, etc. are the <strong>sole responsibility of the buyer.</strong> You may contact your local customs office to help you determine what these fees may be. We will not mark our shipments as gifts. </span></font></p>
<font size="2"> </font>
<p><font size="2"><span class="auto-style6">Shipping is charged per order, and may not be combined with our other seller IDs (per eBay's policy). We encourage customers interested in multiple auctions to bid and check out after you've won all of your photos so that multiple items will be in the same order and subject to one shipping charge. Our systems automatically open unpaid item cases at 31 days, so please "close your tab" within 4 weeks of your first purchase to ensure a smooth transaction. </span></font></p>
<font size="2"> </font>
<p><font size="2"><span class="auto-style6">Please ensure your shipping address is accurate in eBay and PayPal.</span></font></p>

<h1 align="center" class="auto-style6"><font size="5"><b>FAQs<br /><font size="3">Q: Can I just download a digital version instead?<br /></font><span class="auto-style6"><font size="2">A: No, we sell only vintage originals and do not make or distribute any copies, including digital ones.</font></span><br /></b></font></h1>
<h2 class="auto-style6"><b><font size="3">Q: Do you combine shipping and invoices?</font></b></h2>
<font size="2"><span class="auto-style6">A: Multiple photos won on the same seller ID combine automatically through the eBay checkout process. If you encounter problems with this, send us a message via eBay messaging and we will send you an invoice. Due to eBay limitations, we cannot combine items won on our different seller IDs for a single shipping charge.</span></font>
<h2 class="auto-style6"><b><font size="3">Q: How quickly do you ship the items once paid?</font></b></h2>
<font size="2"><span class="auto-style6">A: We ship within one business day after your payment clears. If you do not receive an "order shipped" email from us by the close of the second business day from submitting payment, please e-mail us via eBay messaging. </span></font>
<h2 class="auto-style6"><b><font size="3">Q: How do you make sure my photograph arrives safely?</font></b></h2>
<p class="auto-style6"><font size="2">A: We package each order between two cross-corrugated pieces of cardboard to ensure that the package is as difficult to bend as possible. We then wrap each order in a plastic sheet to help protect against moisture. We want you to rest assured that we take every precaution to ensure that the photograph you receive will be in the same condition in your care as it was in ours.<br /></font></p>
<h2 class="auto-style6"><b><font size="3">Q: Will the "Historic Images" watermark be on my photo when I receive it?</font></b></h2>
<font size="2"><span class="auto-style6">A: No. This is a digital watermark we use to protect our images. It is not printed on the photo. </span></font>
<h2 class="auto-style6"><b><font size="3">Q: What are your office hours?</font></b></h2>
<font size="2"><span class="auto-style6">A: eBay for us is a business, and a very fun one to be in! We are open M-F 9 to 5 (CST). Therefore, we do not return e-mails and phone calls over the weekend. We observe the following holidays: New Years Day, Memorial Day, Fourth of July, Labor Day, Thanksgiving and the day after Thanksgiving, Christmas Eve and Christmas Day. </span></font>
<h2 class="auto-style6"><b><font size="3">Q: Where did all these vintage photos come from?</font></b></h2>
<font size="2"><span class="auto-style6">A: These original vintage photographs are from various news service and newspaper photo archives from locations around the country including: Boston, Detroit, Tampa, Chicago, Denver, Seattle, New Orleans, Milwaukee, Portland, Spokane, and more. We do not copy or reproduce any photographs -- every item is a unique vintage piece that was housed in a news archive.</span></font>
<h2 class="auto-style6"><b><font size="3">Q: Can I use this photograph in my book/blog/website?</font></b></h2>
<p class="auto-style6"><font size="2">A: The short answer is no. There is no transfer of copyright for republication or reproduction with these photographs when you purchase them, and only photographs taken before 1923 are currently automatically in the public domain. Permission from the copyright holder, which usually can be identified from the back of each photo, must be sought to republish or reproduce the image for any purpose.</font></p>
<h2 class="auto-style6"><b><font size="3">Q: Do you relist items (in case I miss an auction ending)?</font></b></h2>
<font size="2"><span class="auto-style6">A: Auction items that receive no bids are relisted in our store (historicimages-store on eBay) as a fixed-price item and at a higher price than the starting auction price. </span></font>
<h2 class="auto-style6"><b><font size="3">Q: Do you leave feedback?</font></b></h2>
<font size="2"><span class="auto-style6">A: Yes, we always leave feedback for buyers. Our software monitors when our buyers leave us feedback, then notifies us that we can leave feedback for the buyer. Rest assured, if you leave feedback, we will do the same!</span></font></div>
<font size="2"> </font><font size="2"> </font>
<div id="other_ids"><font size="2"><font size="2"></font></font>
<h1 align="center" class="auto-style4"><font size="4">Check out our family of eBay IDs:</font></h1>
<table width="804" height="222" align="center" class="auto-style5" border="0" cellspacing="0" cellpadding="0">
<tbody>
<tr>
<td class="auto-style5" style="width: 151.72px; height: 106px;"><a href="https://stores.ebay.com/historicimages-nea" target="_blank" rel="noopener"> <span style="color: #a23924;">historicimages01</span></a><br /> <span class="auto-style4">Sports Photos</span></td>
<td class="auto-style5" style="width: 187.02px; height: 106px;"><a href="https://stores.ebay.com/historicimages02" target="_blank" rel="noopener"><span style="color: #a23924;">historicimages02</span> </a><br /> <span class="auto-style4">Entertainment Photos</span></td>
<td class="auto-style5" style="width: 227.01px; height: 106px;"><span style="color: #a23924;"><a style="color: #a23924;" href="https://stores.ebay.com/historicimages03" target="_blank" rel="noopener">historicimages03 </a></span><br /> <span class="auto-style4">Americana Photos</span></td>
<td class="auto-style5" style="width: 226.25px; height: 106px;"><a href="https://stores.ebay.com/historicimages04" target="_blank" rel="noopener"><span style="color: #a23924;">historicimages04</span> </a><br /> <span class="auto-style4">International &amp; War Photos</span></td>
</tr>
<tr>
<td height="115" class="auto-style5" style="width: 151.72px;"><a href="https://stores.ebay.com/historicimages-transportation" target="_blank" rel="noopener"><span style="color: #a23924;">historicimages05 </span></a><br /> <span class="auto-style4">Transportation<br /></span> <span class="auto-style4">Photos</span><br /></td>
<td height="115" class="auto-style5" style="width: 187.02px;"><span style="color: #a23924;"><a style="color: #a23924;" href="https://stores.ebay.com/historicimages-store" target="_blank" rel="noopener"> historicimages-store</a></span><br /> <span class="auto-style4">Our largest fixed-price<br /></span> <span class="auto-style4">selection</span></td>
<td height="115" class="auto-style5" style="width: 227.01px;"><span style="color: #a23924;"><a style="color: #a23924;" href="https://stores.ebay.com/historicimages-market" target="_blank" rel="noopener">historicimages-market </a></span><br class="auto-style4" /> <span class="auto-style4">Hand-picked photos and</span><br class="auto-style4" /> <span class="auto-style4"> our New Orleans collection</span></td>
<td height="115" class="auto-style5" style="width: 226.25px;"><a href="https://stores.ebay.com/historicimages-gallery" target="_blank" rel="noopener"><span style="color: #a23924;">historicimages-gallery</span></a><br /> <span class="auto-style4">Hand-picked photos</span><br class="auto-style4" /> <span class="auto-style4">Saturday night auctions</span></td>
</tr>
</tbody>
</table>
<h2 align="center" class="auto-style4"><b><font size="5"><font size="4">About Us</font></font></b></h2>
<font size="5"> </font>
<div align="left">
<p><font size="2" align="left"><span class="auto-style6">Historic Images was formed in September 2009, with a handful of scanners working out of a basement to digitize newspaper photo archives. We have since moved out of the basement, and we can now archive thousands of photos per day. Our company has worked with magazines and newspapers from Detroit, Boston, Denver, Seattle, Tampa, Chicago, and New Orleans, just to name a few. </span></font></p>
<p><font size="2"><span class="auto-style6">We are constantly adding to our inventory, and have assembled an archive of millions of photos to date. As our company evolved, we began our eBay business, which brings thousands of fresh auctions per week to the world's largest online auction marketplace. Our custom software systems and team of great employees allow us to efficiently scan and sell large photo archives online. At the very core of our company's DNA is a strong commitment to customer satisfaction and strict integrity for our product. Our promise to you is that we will do everything in our power to provide you a great buying experience.</span></font></p>
</div>
</div>
<font size="2"><font size="2"><font size="5"></font></font></font>
<div id="footer">
<p align="center" class="auto-style4"><font size="2">Copyright 2009 - Present, Historic Images, Inc. </font><font size="2"><br /></font><font size="2"><font size="2"><font size="5"></font></font></font></p>
<h2 align="center" class="auto-style1" style="text-align: center;"><span style="font-size: 24pt;"><span style="color: #000000;"><span style="font-size: 28pt;">H</span><span>ISTORIC</span><span style="color: #978f7e;"><span style="font-size: 28pt;">I</span><span>MAGE</span>S</span></span></span><br /></h2>
<style type="text/css"><!--
p.MsoNormal
	{margin-top:0in;
	margin-right:0in;
	margin-bottom:8.0pt;
	margin-left:0in;
	line-height:100%;
	font-size:11.0pt;
	font-family:"Roboto",sans-serif;
	}
.auto-style1 {
        font-family:"Prata",serif;
	text-align: center;
}
.auto-style2 {
        font-family: "Roboto", 
	border-style: solid;
	border-width: 1px;
	text-align: center;
}
.auto-style3 {
	border-width: 0px;
}

.auto-style4 {
	font-family: "Roboto", "Arial Narrow", Arial, sans-serif;
}
.auto-style5 {
	border-style: solid;
border-color: #a23924;	
border-width: 2px;
	text-align: center;
	font-family: "Roboto", "Arial Narrow", Arial, sans-serif;
}
.auto-style6 {
	font-family: "Roboto", "Arial Narrow", Arial, sans-serif;
font-weight: normal;
text-align: left;
}
.auto-style7 {
	font-family: "Roboto", "Arial Narrow", Arial, sans-serif;
}
--></style>
</div>
</h4>
</div><hr size='1'><div style='text-align:center;width:100%;color:black;'><img src='https://my.kyozou.com/design/logos/KyozouImageSmall.png'><br/><small>Sell Smarter with <a href = 'https://cgi6.ebay.com/ws/eBayISAPI.dll?SolutionsDirectory&page=details&solutionId=215' target='_blank' style='color:blue;'>Kyozou</a>.<br/>Inventory and Ecommerce Management</small></div></body></html><br><center><img src='https://counters1.kyozou.com/counter.aspx?Tmp=0&Item=31557328&Ven=1'/></center>
</DOC>
<DOC>
<DOCID>1700621</DOCID>
<CATEGORY>Collectibles > Transportation > Railroadiana & Trains > Hardware > Other Railroadiana Hardware</CATEGORY>
<ORIGTITLE>Old Vintage Kettle Lock w/ Skeleton Key Dog Rust Metal Collectible Arts Crafts</ORIGTITLE>
Adlake Lock w/ Chain Metal Vintage Railroadiana Collectible Used No Key, please see pictures. Questions please ask. 
</DOC>
<DOC>
<DOCID>1700633</DOCID>
<CATEGORY>Collectibles > Radio, Phonograph, TV, Phone > Radios > Manuals</CATEGORY>
<ORIGTITLE>1979 TEABERRY CB RADIO SERVICE SHOP MANUAL MODEL STALKER VIII</ORIGTITLE>
Description:  Original Howard W. Sams & Co. INC. Photofact CB Radio Series service manual pages for the 1979 Teaberry model  STALKER VIII.  It has 26 pages and is dated 8/1979.  Pages are loose.  Includes specifications, alignment instructions, synthesizer alignment, receiver information, receiver adjustments, transmitter information, transmitter adjustments,  schematic / wiring diagrams, circuit-trace, parts location photos, parts list and descriptions. The model number of your CB radio is located on the unit.  Very good condition.

<p>Code 271   
















</DOC>
<DOC>
<DOCID>1700634</DOCID>
<CATEGORY>Collectibles > Advertising > Gas & Oil > Gas & Oil Companies > Hess > 2000-Now</CATEGORY>
<ORIGTITLE>2016 Hess Toy Truck And Dragster New In Box Never Opened STILL IN BOX</ORIGTITLE>
<font rwr="1" size="4" style="font-family:Arial"><font size="4" style="font-family:Arial;"><font size="4" style="font-family:Arial;"><font size="4" style="font-family:Arial;"><font size="4" style="font-family:Arial;"><font size="4" style="font-family:Arial;"><font size="4" style="font-family:Arial;"><font size="4" style="font-family:Arial;"><font size="4" style="font-family:Arial;"><font size="4" style="font-family:Arial;"><font size="4" style="font-family:Arial;"><font size="4" style="font-family:Arial;"><font size="4" style="font-family:Arial;"><font size="4" style="font-family:Arial;"><font size="4" style="font-family:Arial;"><p><strong><font size="5"><font face="Arial">STILL IN THE ORIGINAL BOX </font>THIS IS A BRAND NEW NEVER OPENED 2016 HESS TRUCK AND DRAGSTER. THE 2016 HESS TRUCK AND DRAGSTER IS A POWERFUL, RACE - READY, DUO WITH SLEEK STYLING. DRAG - RACING INSPIRED SOUND. OVER 50 BRILLANT LIGHT AND AN INNOVATIVE DESIGN FOR WHEELIE - POPPING, THE TRUCK IS A MIGHTY MOTORSPORT FLATBED DESIGENED TO TRANSPORT THE DRAGSTER TO ANY RACING EVENT AND THE OVERSIZED DRAGSTER IS THE LARGEST ACCOMPANYING RACE CAR IN THE FLEETS HISTORY.</font></strong></p><p><strong><font size="5">BRAND NEW HAS NEVER EVEN BEEN OPENED.</font></strong></p><p><br></p><p><strong><font size="5">US SHIPPING ONLY.</font></strong></p><p><strong><font size="5">!!!!!TRUCK WILL BE SHIPPED THE NEXT DAY AFTER PAYMENT!!!!!</font></strong></p><p><strong><font size="5"><br></font></strong></p><p><strong><font size="5">***ALSO HAVE OTHER HESS TRUCKS LISTED***</font></strong></p><p><strong><font size="5"><br></font></strong></p></font></font></font></font></font></font></font></font></font></font></font></font></font></font></font>
</DOC>
<DOC>
<DOCID>1700637</DOCID>
<CATEGORY>Collectibles > Breweriana, Beer > Drinkware, Steins > Steins > US</CATEGORY>
<ORIGTITLE>2 X 1998 SANTA ANITA OAK TREE HORSE RACING BEER STEINS</ORIGTITLE>
<p>Never used vintage collection</p>
</DOC>
<DOC>
<DOCID>1700639</DOCID>
<CATEGORY>Collectibles > Comics > Modern Age (1992-Now) > Superhero > Fantastic Four</CATEGORY>
<ORIGTITLE>Fantastic Four #8 VF Marvel Comics June 1997</ORIGTITLE>
<font rwr="1" size="4" style="font-family:Arial"><font rwr="1" size="4" style="font-family:Arial"><font rwr="1" size="4" style="font-family:Arial"><font rwr="1" size="4" style="font-family:Arial"><font rwr="1" style="font-family: Arial;"><font rwr="1" style="font-family: Arial;"><font rwr="1" style="font-family: Arial;"><font rwr="1" style="font-family: Arial;"><font size="5"><b>Fantastic Four #8</b></font><br></font></font></font><div style="font-size: 14pt;"><font rwr="1" style="font-family: Arial;"><font rwr="1" style="font-family: Arial;"><font rwr="1" style="font-family: Arial;"><font rwr="1" size="4" style="font-family:Arial"><font rwr="1" size="4" style="font-family:Arial"><font rwr="1" size="4" style="font-family:Arial"><font rwr="1" size="4" style="font-family:Arial"><font rwr="1" size="4" style="font-family:Arial"><font rwr="1" size="4" style="font-family:Arial"><font rwr="1" style="font-family:Arial" size="4"><font rwr="1" style="font-family:Arial" size="4"><font rwr="1" style="font-family:Arial" size="4"><font rwr="1" style="font-family:Arial" size="4"><font rwr="1" style="font-family:Arial" size="4"><font rwr="1" style="font-family:Arial" size="4"><font rwr="1" style="font-family:Arial" size="4"><font rwr="1" style="font-family:Arial" size="4"><font rwr="1" style="font-family:Arial" size="4"><font rwr="1" style="font-family:Arial" size="4"><font rwr="1" style="font-family:Arial" size="4"><font rwr="1" style="font-family:Arial" size="4"><font rwr="1" style="font-family:Arial" size="4"><font rwr="1" style="font-family:Arial" size="4"><font rwr="1" style="font-family:Arial" size="4"><font rwr="1" style="font-family:Arial" size="4"><font rwr="1" style="font-family:Arial" size="4"><font rwr="1" style="font-family:Arial" size="4"><font rwr="1" style="font-family:Arial" size="4"><font rwr="1" style="font-family:Arial" size="4"><font rwr="1" style="font-family:Arial" size="4"><font rwr="1" style="font-family:Arial" size="4"><font rwr="1" style="font-family:Arial" size="4"><font rwr="1" style="font-family:Arial" size="4"><font rwr="1" style="font-family:Arial" size="4"><font rwr="1" style="font-family:Arial" size="4"><font rwr="1" style="font-family:Arial" size="4"><font rwr="1" style="font-family:Arial" size="4"><font rwr="1" style="font-family:Arial" size="4"><font rwr="1" style="font-family:Arial" size="4"><font rwr="1" style="font-family:Arial" size="4"><font rwr="1" style="font-family:Arial" size="4"><font rwr="1" style="font-family:Arial" size="4"><font rwr="1" style="font-family:Arial" size="4"><font rwr="1" style="font-family:Arial" size="4"><font rwr="1" style="font-family:Arial" size="4"><font rwr="1" style="font-family:Arial" size="4"><font rwr="1" style="font-family:Arial" size="4"><font rwr="1" style="font-family:Arial" size="4"><font rwr="1" style="font-family:Arial" size="4"><font rwr="1" style="font-family:Arial" size="4"><font rwr="1" style="font-family:Arial" size="4"><font rwr="1" style="font-family:Arial" size="4"><font rwr="1" style="font-family:Arial" size="4"><font rwr="1" style="font-family:Arial" size="4"><font rwr="1" style="font-family:Arial" size="4"><font rwr="1" style="font-family:Arial" size="4"><font rwr="1" style="font-family:Arial" size="4"><font rwr="1" style="font-family:Arial" size="4"><font rwr="1" style="font-family:Arial" size="4"><font rwr="1" style="font-family:Arial" size="4"><font rwr="1" style="font-family:Arial" size="4"><font rwr="1" style="font-family:Arial" size="4"><font rwr="1" style="font-family:Arial" size="4"><font rwr="1" style="font-family:Arial" size="4"><font rwr="1" style="font-family:Arial" size="4"><font rwr="1" style="font-family:Arial" size="4"><font rwr="1" style="font-family:Arial" size="4"><font rwr="1" style="font-family:Arial" size="4"><font rwr="1" style="font-family:Arial" size="4"><font rwr="1" style="font-family:Arial" size="4"><font rwr="1" style="font-family:Arial" size="4"><font rwr="1" style="font-family:Arial" size="4"><font rwr="1" style="font-family:Arial" size="4"><font rwr="1" style="font-family:Arial" size="4"><font rwr="1" style="font-family:Arial" size="4"><font rwr="1" style="font-family:Arial" size="4"><font rwr="1" style="font-family:Arial" size="4"><font rwr="1" style="font-family:Arial" size="4"><font rwr="1" style="font-family:Arial" size="4"><font rwr="1" style="font-family:Arial" size="4"><font rwr="1" style="font-family:Arial" size="4"><font rwr="1" style="font-family:Arial" size="4"><font rwr="1" style="font-family:Arial" size="4"><font rwr="1" style="font-family:Arial" size="4"><font rwr="1" style="font-family:Arial" size="4"><font rwr="1" style="font-family:Arial" size="4"><font rwr="1" style="font-family:Arial" size="4"><font rwr="1" style="font-family:Arial" size="4"><font rwr="1" style="font-family:Arial" size="4"><font rwr="1" style="font-family:Arial" size="4"><font rwr="1" style="font-family:Arial" size="4"><font rwr="1" style="font-family:Arial" size="4"><font rwr="1" style="font-family:Arial" size="4"><font rwr="1" style="font-family:Arial" size="4"><font rwr="1" style="font-family:Arial" size="4"><font rwr="1" style="font-family:Arial" size="4"><font rwr="1" style="font-family:Arial" size="4"><font rwr="1" style="font-family:Arial" size="4"><font rwr="1" style="font-family:Arial" size="4"><font rwr="1" style="font-family:Arial" size="4"><font rwr="1" style="font-family:Arial" size="4"><font rwr="1" style="font-family:Arial" size="4"><font rwr="1" style="font-family:Arial" size="4"><font rwr="1" style="font-family:Arial" size="4"><font rwr="1" style="font-family:Arial" size="4"><font rwr="1" style="font-family:Arial" size="4"><font rwr="1" style="font-family:Arial" size="4"><font rwr="1" style="font-family:Arial" size="4"><font rwr="1" style="font-family:Arial" size="4"><font rwr="1" style="font-family:Arial" size="4"><font rwr="1" style="font-family:Arial" size="4"><font rwr="1" style="font-family:Arial" size="4"><font rwr="1" style="font-family:Arial" size="4"><font rwr="1" style="font-family:Arial" size="4"><font rwr="1" style="font-family:Arial" size="4"><font rwr="1" style="font-family:Arial" size="4"><font rwr="1" style="font-family:Arial" size="4"><font rwr="1" style="font-family:Arial" size="4"><font rwr="1" style="font-family:Arial" size="4"><font rwr="1" style="font-family:Arial" size="4"><font rwr="1" style="font-family:Arial" size="4"><font rwr="1" style="font-family:Arial" size="4"><font rwr="1" style="font-family:Arial" size="4"><font rwr="1" style="font-family:Arial" size="4"><font rwr="1" style="font-family:Arial" size="4"><font rwr="1" style="font-family:Arial" size="4"><font rwr="1" style="font-family:Arial" size="4"><font rwr="1" style="font-family:Arial" size="4"><font rwr="1" style="font-family:Arial" size="4"><font rwr="1" style="font-family:Arial" size="4"><font rwr="1" style="font-family:Arial" size="4"><font rwr="1" style="font-family:Arial" size="4"><font rwr="1" style="font-family:Arial" size="4"><font rwr="1" style="font-family:Arial" size="4"><font rwr="1" style="font-family:Arial" size="4"><font rwr="1" style="font-family:Arial" size="4"><font rwr="1" style="font-family:Arial" size="4"><font rwr="1" style="font-family:Arial" size="4"><font rwr="1" style="font-family:Arial" size="4"><font rwr="1" style="font-family:Arial" size="4"><font rwr="1" style="font-family:Arial" size="4"><font rwr="1" style="font-family:Arial" size="4"><font rwr="1" style="font-family:Arial" size="4"><font rwr="1" style="font-family:Arial" size="4"><font rwr="1" style="font-family:Arial" size="4"><font rwr="1" style="font-family:Arial" size="4"><font rwr="1" style="font-family:Arial" size="4"><font rwr="1" style="font-family:Arial" size="4"><font rwr="1" style="font-family:Arial" size="4"><font rwr="1" style="font-family:Arial" size="4"><font rwr="1" style="font-family:Arial" size="4"><font rwr="1" style="font-family:Arial" size="4"><font rwr="1" style="font-family:Arial" size="4"><font rwr="1" style="font-family:Arial" size="4"><font rwr="1" style="font-family:Arial" size="4"><font rwr="1" style="font-family:Arial" size="4"><font rwr="1" style="font-family:Arial" size="4"><font rwr="1" style="font-family:Arial" size="4"><font rwr="1" style="font-family:Arial" size="4"><font rwr="1" style="font-family:Arial" size="4"><font rwr="1" style="font-family:Arial" size="4"><font rwr="1" style="font-family:Arial" size="4"><font rwr="1" style="font-family:Arial" size="4"><font rwr="1" style="font-family:Arial" size="4"><font rwr="1" style="font-family:Arial" size="4"><font rwr="1" style="font-family:Arial" size="4"><font rwr="1" style="font-family:Arial" size="4"><font rwr="1" style="font-family:Arial" size="4"><font rwr="1" style="font-family:Arial" size="4"><font rwr="1" style="font-family:Arial" size="4"><font rwr="1" style="font-family:Arial" size="4"><font rwr="1" style="font-family:Arial" size="4"><font rwr="1" style="font-family:Arial" size="4"><font rwr="1" style="font-family:Arial" size="4"><font rwr="1" style="font-family:Arial" size="4"><font rwr="1" style="font-family:Arial" size="4"><font rwr="1" style="font-family:Arial" size="4"><font rwr="1" style="font-family:Arial" size="4"><font rwr="1" style="font-family:Arial" size="4"><font rwr="1" style="font-family:Arial" size="4"><font rwr="1" style="font-family:Arial" size="4"><font rwr="1" style="font-family:Arial" size="4"><font rwr="1" style="font-family:Arial" size="4"><font rwr="1" style="font-family:Arial" size="4"><font rwr="1" style="font-family:Arial" size="4"><font rwr="1" style="font-family:Arial" size="4"><font rwr="1" style="font-family:Arial" size="4"><font rwr="1" style="font-family:Arial" size="4"><font rwr="1" style="font-family:Arial" size="4"><font rwr="1" style="font-family:Arial" size="4"><font rwr="1" style="font-family:Arial" size="4"><font rwr="1" style="font-family:Arial" size="4"><font rwr="1" style="font-family:Arial" size="4"><font rwr="1" style="font-family:Arial" size="4"><font rwr="1" style="font-family:Arial" size="4"><font rwr="1" style="font-family:Arial" size="4"><font rwr="1" style="font-family:Arial" size="4"><font rwr="1" style="font-family:Arial" size="4"><font rwr="1" style="font-family:Arial" size="4"><font rwr="1" style="font-family:Arial" size="4"><font rwr="1" style="font-family:Arial" size="4"><font rwr="1" style="font-family:Arial" size="4"><font rwr="1" style="font-family:Arial" size="4"><font rwr="1" style="font-family:Arial" size="4"><font rwr="1" style="font-family:Arial" size="4"><font rwr="1" style="font-family:Arial" size="4"><font style="font-family: Arial;" rwr="1" size="4"><font style="font-family: Arial;" rwr="1" size="4"><font style="font-family: Arial;" rwr="1" size="4"><font style="font-family: Arial;" rwr="1" size="4"><font style="font-family: Arial;" rwr="1" size="4"><font style="font-family: Arial;" rwr="1" size="4"><ul dir="ltr"><li>Scanned front and back covers of the actual comic book are shown above.</li><li>Condition is VF (very fine), uncertified.</li><li>Questions? Please ask!</li><li><font face="Arial"><a href="http://stores.ebay.com/javasprings_Comic-books_W0QQfsubZ33640222011" target="_blank">Click here for more comic books</a></font></li></ul><font face="Arial"></font> <p align="left"><font face="Arial"><strong>Buy with Confidence</strong></font></p><font face="Arial" color="#000000"><p><font face="Arial" color="#000000">Enjoy a fast and friendly shopping experience: </font></p><ul><li>Reach us quickly and easily through email. </li><li>Hassle-free returns (refund/exchange).</li><li>Your satisfaction is guaranteed.</li></ul><p dir="ltr"><font face="Arial" color="#000000">Questions or Concerns? We're here to help! Our goal is <u>five stars</u> every time.</font></p></font></font></font></font></font></font></font></font></font></font></font></font></font></font></font></font></font></font></font></font></font></font></font></font></font></font></font></font></font></font></font></font></font></font></font></font></font></font></font></font></font></font></font></font></font></font></font></font></font></font></font></font></font></font></font></font></font></font></font></font></font></font></font></font></font></font></font></font></font></font></font></font></font></font></font></font></font></font></font></font></font></font></font></font></font></font></font></font></font></font></font></font></font></font></font></font></font></font></font></font></font></font></font></font></font></font></font></font></font></font></font></font></font></font></font></font></font></font></font></font></font></font></font></font></font></font></font></font></font></font></font></font></font></font></font></font></font></font></font></font></font></font></font></font></font></font></font></font></font></font></font></font></font></font></font></font></font></font></font></font></font></font></font></font></font></font></font></font></font></font></font></font></font></font></font></font></font></font></font></font></font></font></font></font></font></font></font></font></font></font></font></font></font></font></font></font></font></font></font></font></font></font></font></font></font></font></font></font></font></font></font></font></font></div></font></font></font></font></font>
</DOC>
<DOC>
<DOCID>1700641</DOCID>
<CATEGORY>Collectibles > Pens & Writing Instruments > Pencils > Mechanical</CATEGORY>
<ORIGTITLE>VINTAGE 1940's SHEAFFER OREGON STATE COLLEGE BEAVERS MECHANICAL PENCIL</ORIGTITLE>
<font rwr="1" size="4" style="font-family:Arial"><font rwr="1" style=""><font rwr="1" style=""><font rwr="1" style=""><font rwr="1" style=""><font face="Arial" style=""><font color="#ff0010" style="font-family: Arial; font-size: 18.6667px;">ITEM:&nbsp;</font><span style="font-size: 18.6667px;">VINTAGE 1940's SHEAFFER OREGON STATE COLLEGE BEAVERS MECHANICAL PENCIL.&nbsp;</span></font><br></font></font></font><div style="font-family: Arial; font-size: 14pt;"><font rwr="1" style=""><font rwr="1" size="4" style="font-family:Arial"><font rwr="1" size="4" style="font-family:Arial"><font face="Arial"><span style="font-size: 18.6667px;"><br></span></font></font></font></font><div style="font-family: Arial; font-size: 14pt;"><font rwr="1" style=""><font rwr="1" size="4" style="font-family:Arial"><font rwr="1" size="4" style="font-family:Arial"></font></font></font><div style="font-family: Arial; font-size: 14pt;"><font rwr="1" style=""><font rwr="1" size="4" style="font-family:Arial"><font rwr="1" size="4" style="font-family:Arial"><font rwr="1" size="4" style="font-family:Arial"><font rwr="1"><font rwr="1"><font rwr="1"><font rwr="1"><font rwr="1"><font rwr="1"><font rwr="1"><font rwr="1"><font rwr="1"><font rwr="1"><font rwr="1"><font rwr="1"><font rwr="1"><font rwr="1"><font rwr="1"><font rwr="1"><font rwr="1"><font rwr="1"><font rwr="1"><font rwr="1"><font rwr="1"><font rwr="1"><font rwr="1"><font rwr="1"><font rwr="1"><font rwr="1"><font rwr="1"><font rwr="1"><font rwr="1"><font rwr="1"><font rwr="1"><font rwr="1"><font rwr="1"><font rwr="1"><font rwr="1"><font rwr="1"><font rwr="1"><font rwr="1"><font rwr="1"><font rwr="1"><font color="#ff0010" style="font-size: 14pt;">CONDITION: </font><font style="font-size: 14pt;">Pencil is in very good condition with just light signs of wear&nbsp;</font></font></font></font></font></font></font></font></font></font></font></font></font></font></font></font></font></font></font></font></font></font></font></font></font></font></font></font></font></font></font></font></font></font></font></font></font></font></font></font></font></font></font></font></font><span style="color: rgb(32, 32, 32); font-size: 14pt;">(SEE PICS).</span></div><div style="font-family: Arial; font-size: 14pt;"><font rwr="1" size="4" style="font-family:Arial"><font rwr="1"><font rwr="1"><font rwr="1"><font rwr="1"><font rwr="1"><font rwr="1"><font rwr="1"><font rwr="1"><font rwr="1"><font rwr="1"><font rwr="1"><font rwr="1"><font rwr="1"><font rwr="1"><font rwr="1"><font rwr="1"><font rwr="1"><font rwr="1"><font rwr="1"><font rwr="1"><font rwr="1"><font rwr="1"><font rwr="1"><font rwr="1"><font rwr="1"><font rwr="1"><font rwr="1"><font rwr="1"><font rwr="1"><font rwr="1"><font rwr="1"><font rwr="1"><font rwr="1"><font rwr="1"><font rwr="1"><font rwr="1"><font rwr="1"><font rwr="1"><font rwr="1"><font rwr="1"><div style="font-family: Arial; font-size: 14pt;"><font color="#202020"><br></font></div><div style="font-family: Arial; font-size: 14pt;"><font color="#fb0034">MEASUREMENTS:&nbsp;</font><span style="font-size: 18.6667px;">5" length.</span></div><div style="font-family: Arial; font-size: 14pt;"><span style="color: rgb(32, 32, 32); font-size: 18.6667px;"><br></span></div><div style="font-family: Arial; font-size: 14pt;"><span style="color: rgb(32, 32, 32); font-size: 18.6667px;">Please check my other auctions for more great vintage finds.&nbsp;</span><span style="font-size: 14pt; color: rgb(32, 32, 32);">Returns are accepted on all items within 30 days of purchase. Payment must be received within 3 days of auction end. Please check all pictures carefully and feel free to email with any and all questions. Thank you for looking and happy bidding. (25)</span></div><div style="font-family: Arial; font-size: 14pt;"><span style="color: rgb(32, 32, 32);">&nbsp; &nbsp; &nbsp; &nbsp; &nbsp; &nbsp; &nbsp; &nbsp; &nbsp; &nbsp; &nbsp; &nbsp; &nbsp; &nbsp; &nbsp; &nbsp; &nbsp; &nbsp;</span></div><div style="font-family: Arial; font-size: 14pt;"><br></div></font></font></font></font></font></font></font></font></font></font></font></font></font></font></font></font></font></font></font></font></font></font></font></font></font></font></font></font></font></font></font></font></font></font></font></font></font></font></font></font></font></div></div></div></font></font>
</DOC>
<DOC>
<DOCID>1700642</DOCID>
<CATEGORY>Collectibles > Militaria > Surplus > Patches</CATEGORY>
<ORIGTITLE>Lot of 5 Military Patches 5th Army, 6th Army, Command</ORIGTITLE>
<font rwr="1" size="4" style="font-family:Arial"><font rwr="1" size="4" style="font-family:Arial">For sale are 5 military patches<br></font><div><font rwr="1" size="4" style="font-family:Arial"><br></font></div><div>(2) 5th Army</div><div>(2) 6TH ARMY</div><div>COMMAND</div></font>
</DOC>
<DOC>
<DOCID>1700646</DOCID>
<CATEGORY>Collectibles > Animals > Birds > Ducks</CATEGORY>
<ORIGTITLE>Vintage Mallard Duck Carved Wood Nut Cracker With Glass Eyes</ORIGTITLE>
<p>Vintage Mallard Duck Carved Wood Nut Cracker With Glass Eyes. Condition is Used. Shipped with USPS Priority Mail.</p><p>Good used condition </p><p>Has wear from normal use</p><p> Please look at the pictures. You will receive only the pictured item. Smoke free. Paypal only with confirmed address. International shipping is only through the Ebay Global Shipping Program. No shipping to APO / FPO addresses. I do combine shipping. Ask questions. Item(s) ships after cleared payment is received. Shipping days are Monday through Friday.</p>
</DOC>
<DOC>
<DOCID>1700647</DOCID>
<CATEGORY>Collectibles > Holiday & Seasonal > Christmas: Current (1991-Now) > Figures > Santa</CATEGORY>
<ORIGTITLE>Russian Ded Moroz Father Frost Santa Figurine Carved wood Christmas #22</ORIGTITLE>
<font rwr="1" size="4" style="font-family:Arial"><font rwr="1" size="4" style="font-family:Arial"><font rwr="1" size="4" style="font-family:Arial"><font rwr="1" size="4" style="font-family:Arial"><font size="4" style="font-family:Arial">Dimensions LxWхН,&nbsp; inches / cm : 4.0 x 2.8 x 8.4 /&nbsp; 10.0 х 7.0 х 21.0&nbsp;&nbsp;<div>Material: wood.&nbsp;</div><div>Weight: 455 g</div><div><br></div><div>Fully hand painted<br><div><font size="4" style="font-family:Arial"><p>This item is very interesting wooden toys or a nice gift for the Christmas or New Year for children and adults.</p><p>Ded Moroz is a fictional character who in some Slavic cultures plays a role similar to that of Santa Claus. The literal translation of the name would be "Old Man Frost", although the name is often translated as "Father Frost" in light of the modern usage of the word "Ded" to refer to a grandfather. Ded Moroz is said to bring presents to children; however, unlike the secretive Santa Claus, the gifts are often delivered "in person", at New Year's Eve parties and other New Year celebrations.</p><p>The toy is carved of wood and then painted by a professional artist. Everything is carved using traditional hand tools. Each toy is unique!</p><p>Delivery: Combined shipping is available. The parcel will be with tracking number.</p></font></div></div></font></font></font></font></font><BR/><font rwr='1' size='4' style='font-family:Arial'><span style="font-family: &quot;Times New Roman&quot;; font-size: 16px; background-color: rgb(249, 249, 249); text-decoration-line: underline;">Combined shipping is available. In order to avail of the combined shipping automatically, please put all desired items in cart and pay for them together.</span></font>
</DOC>
<DOC>
<DOCID>1700667</DOCID>
<CATEGORY>Collectibles > Decorative Collectibles > Ornaments</CATEGORY>
<ORIGTITLE>Lady & Man Carolers Christmas Holiday Ornaments - Good Condition</ORIGTITLE>
<font rwr='1' size='4' style='font-family:Arial'><font size="4" style="font-family: Arial;" rwr="1"><font size="4" style="font-family: Arial;" rwr="1"><font size="4" style="font-family: Arial;" rwr="1"><font size="4" style="font-family: Arial;" rwr="1"><font size="4" style="font-family: Arial;" rwr="1"><font size="4" style="font-family: Arial;" rwr="1"><font size="4" style="font-family: Arial;" rwr="1"><font size="4" style="font-family: Arial;" rwr="1"><font size="4" style="font-family: Arial;" rwr="1"><font size="4" style="font-family: Arial;" rwr="1"><font size="4" style="font-family: Arial;" rwr="1"><font size="4" style="font-family: Arial;" rwr="1"><font size="4" style="font-family: Arial;" rwr="1"><font size="4" style="font-family: Arial;" rwr="1"><font size="4" style="font-family: Arial;" rwr="1"><font size="4" style="font-family: Arial;" rwr="1"><font size="4" style="font-family: Arial;" rwr="1"><font size="4" style="font-family: Arial;" rwr="1"><font size="4" style="font-family: Arial;" rwr="1"><font size="4" style="font-family: Arial;" rwr="1"><p>You are bidding on&nbsp;a&nbsp;Man and Lady Carolers&nbsp;Christmas&nbsp;Holiday&nbsp;Ornaments.&nbsp;&nbsp;Each is approximately 4.75" tall.&nbsp;&nbsp;&nbsp;They are&nbsp;pre-owned but in&nbsp;good&nbsp;condition.&nbsp; There are some scratches and chips in the bottom section of the man caroler.&nbsp; Please see all pictures.</p><p>This item is from a smoke free home.&nbsp; Please contact me if you have any questions. Thank you.</p></font></font></font></font></font></font></font></font></font></font></font></font></font></font></font></font></font></font></font></font><br><font size="4" style="font-family: Arial;" rwr="1"><div style="text-align: center;"><font face="Arial"><span style="font-size: 18.66px;"><strong><br></strong></span></font></div><div style="text-align: center;"><font face="Arial"><span style="font-size: 18.66px;"><strong></strong><b><br></b></span></font></div><div style="font-family: Arial; font-size: 14pt;"><br></div></font></font>
</DOC>
<DOC>
<DOCID>1700663</DOCID>
<CATEGORY>Collectibles > Tools, Hardware & Locks > Tools > Tool Boxes, Chests</CATEGORY>
<ORIGTITLE>VINTAGE 19" LONG UNION LEROY NY USA UTILITY CHEST GREEN METAL TOOLBOX w/TRAY</ORIGTITLE>
<p dir="ltr">VINTAGE 19" LONG UNION LEROY NY USA UTILITY CHEST GREEN METAL TOOLBOX. Condition is Used.</p>
<p dir="ltr"><font color ="#fb0034">YOU ARE BIDDING ON......VINTAGE 19" LONG UNION LEROY NY USA UTILITY CHEST GREEN METAL TOOLBOX...NO KEY......MEASURES APPROX 19" X 6" X 6 1/4" HIGH.....SHOWS A LOT OF USAGE/AGE/ HANDLING WEAR. Comes complete with internal tool tray / organizer. .HAS SCRATCHES/PAINT LOSS/AGE DISCOLORATION/STRAY PAINT/SURFACE RUST.... ...PLEASE VIEW PHOTOS FOR CONDITION.***PLEASE E-MAIL IF YOU HAVE A QUESTION OR WANT AN ADDITIONAL PICTURE....PLEASE see my other vintage tool boxes listed on ebay as well, ADDITIONAL VINTAGE ITEMS..THANK YOU</font></p>
</DOC>
<DOC>
<DOCID>1700652</DOCID>
<CATEGORY>Collectibles > Banks, Registers & Vending > Vending Machines > Vending Machine Parts</CATEGORY>
<ORIGTITLE>flying joystick for arcade game machine</ORIGTITLE>
<font rwr="1" size="4" style="font-family:Arial"><p>
&nbsp; &nbsp; <img src="http://1870488.s21i-1.faiusr.com/2/ABUIABACGAAg9emjtwUowIn1tAYwoAU4QA.jpg" style="width:700px;height:64px;" alt=" "><img alt="1.jpg" data-cke-saved-src="https://my-live-02.slatic.net/p/814cab3411c674177e86a26db74b2554.jpg" src="https://my-live-02.slatic.net/p/814cab3411c674177e86a26db74b2554.jpg" style="width: 800px; height: 800px;"></p><p><img alt="2.jpg" data-cke-saved-src="https://my-live-02.slatic.net/p/e9934fb4a5552d143f9068e9de10d7ae.jpg" src="https://my-live-02.slatic.net/p/e9934fb4a5552d143f9068e9de10d7ae.jpg" style="width: 800px; height: 800px;"><br></p><p><img alt="3.jpg" data-cke-saved-src="https://my-live-02.slatic.net/p/575bb13f97f3210c36b4c09b8a443ea7.jpg" src="https://my-live-02.slatic.net/p/575bb13f97f3210c36b4c09b8a443ea7.jpg" style="width: 800px; height: 800px;"><br></p><p><img alt="4.jpg" data-cke-saved-src="https://my-live-02.slatic.net/p/c57cecdc6a0f1687605b626391fdd4b8.jpg" src="https://my-live-02.slatic.net/p/c57cecdc6a0f1687605b626391fdd4b8.jpg" style="width: 800px; height: 800px;"><br></p><p><img alt="5.jpg" data-cke-saved-src="https://my-live-02.slatic.net/p/322d17e6be4472f229e655f3591f7ce3.jpg" src="https://my-live-02.slatic.net/p/322d17e6be4472f229e655f3591f7ce3.jpg" style="width: 800px; height: 800px;"><br></p><p><img alt="6.jpg" data-cke-saved-src="https://my-live-02.slatic.net/p/3a7e4a10d9af639a9bf7b7f377d02726.jpg" src="https://my-live-02.slatic.net/p/3a7e4a10d9af639a9bf7b7f377d02726.jpg" style="width: 800px; height: 800px;"><img alt="7.jpg" data-cke-saved-src="https://my-live-02.slatic.net/p/c565fe09a610ae7b02d154f582a60833.jpg" src="https://my-live-02.slatic.net/p/c565fe09a610ae7b02d154f582a60833.jpg" style="width: 800px; height: 800px;"><br></p><p><img alt="8.jpg" data-cke-saved-src="https://my-live-02.slatic.net/p/7de710980cdb511c7781f4e29980799d.jpg" src="https://my-live-02.slatic.net/p/7de710980cdb511c7781f4e29980799d.jpg" style="width: 800px; height: 800px;">​​​​​​​</p><font rwr="1" size="4" style="font-family:Arial"><font size="5">-------------------------------------------------------------------------------------------</font><div><p class="MsoNormal" align="center" style="text-align:center"><b><span lang="EN-US" style="font-size:16.0pt;background:yellow;mso-highlight:
yellow">Warranty</span></b><b><span lang="EN-US" style="font-size:16.0pt"><o:p></o:p></span></b></p>
<p class="MsoListParagraph" style="margin-left:24.0pt;mso-para-margin-left:0gd;
text-indent:-24.0pt;mso-list:l0 level1 lfo1"><!--[if !supportLists]--><span lang="EN-US" style="font-family:Wingdings;mso-fareast-font-family:Wingdings;
mso-bidi-font-family:Wingdings">l<span style="font-variant-numeric: normal; font-stretch: normal; font-size: 7pt; line-height: normal; font-family: &quot;Times New Roman&quot;;">&nbsp;&nbsp; </span></span><!--[endif]--><span lang="EN-US">We accept return<b><span style="color:red"> in 7 days</span></b> after buyer receive the goods. Buyer
pay for the fore and back shipping charge if it is not seller’s mistake. In the
unlikely event that item can not work well, seller pay for the fore and back
shipping charge for a new one or issue buyer refund.</span></p>
<p class="MsoListParagraph" style="margin-left:24.0pt;mso-para-margin-left:0gd;
text-indent:-24.0pt;mso-list:l0 level1 lfo1"><!--[if !supportLists]--><span lang="EN-US" style="font-family:Wingdings;mso-fareast-font-family:Wingdings;
mso-bidi-font-family:Wingdings">l<span style="font-variant-numeric: normal; font-stretch: normal; font-size: 7pt; line-height: normal; font-family: &quot;Times New Roman&quot;;">&nbsp;&nbsp; </span></span><!--[endif]--><span lang="EN-US">For “any type of BOX”, we DO NOT accept return. In the unlikely
event that there is a problem, seller sends parts to buyer for replacing.</span></p>
<p class="MsoListParagraph" style="margin-left:24.0pt;mso-para-margin-left:0gd;
text-indent:-24.0pt;mso-list:l0 level1 lfo1"><!--[if !supportLists]--><span lang="EN-US" style="font-family:Wingdings;mso-fareast-font-family:Wingdings;
mso-bidi-font-family:Wingdings">l<span style="font-variant-numeric: normal; font-stretch: normal; font-size: 7pt; line-height: normal; font-family: &quot;Times New Roman&quot;;">&nbsp;&nbsp; </span></span><!--[endif]--><span lang="EN-US">1 year warranty.</span></p>
<p class="MsoNormal" align="center" style="text-align:center"><b><span lang="EN-US" style="font-size:16.0pt;background:yellow;mso-highlight:
yellow">Shipping<o:p></o:p></span></b></p>
<p class="MsoNormal" align="center" style="text-align:center"><b><span lang="EN-US" style="font-size:15.0pt;font-family:&quot;Times New Roman&quot;,&quot;serif&quot;">POST<o:p></o:p></span></b></p>
<p class="MsoListParagraph" style="margin-left:24.0pt;mso-para-margin-left:0gd;
text-indent:-24.0pt;mso-list:l2 level1 lfo2"><!--[if !supportLists]--><span lang="EN-US" style="font-family:Wingdings;mso-fareast-font-family:Wingdings;
mso-bidi-font-family:Wingdings">l<span style="font-variant-numeric: normal; font-stretch: normal; font-size: 7pt; line-height: normal; font-family: &quot;Times New Roman&quot;;">&nbsp;&nbsp; </span></span><!--[endif]--><span lang="EN-US">Tracking number is provided after sending and available for tracking
3 days later.<br>
please inform us if the tracking number is not trackable after 3 days.</span></p>
<p class="MsoListParagraph" style="margin-left:24.0pt;mso-para-margin-left:0gd;
text-indent:-24.0pt;mso-list:l2 level1 lfo2"><!--[if !supportLists]--><span lang="EN-US" style="font-family:Wingdings;mso-fareast-font-family:Wingdings;
mso-bidi-font-family:Wingdings">l<span style="font-variant-numeric: normal; font-stretch: normal; font-size: 7pt; line-height: normal; font-family: &quot;Times New Roman&quot;;">&nbsp;&nbsp; </span></span><!--[endif]--><span lang="EN-US">To <b>United States</b>, we send
by e-pocket.</span></p>
<p class="MsoListParagraph" style="margin-left:24.0pt;mso-para-margin-left:0gd"><span lang="EN-US">For <b>RUSSIA, please provide FULL
NAME for sending.</b></span></p>
<p class="MsoNormal" align="center" style="text-align:center"><span lang="EN-US">&nbsp;</span><b><span lang="EN-US" style="font-size:15.0pt;font-family:&quot;Times New Roman&quot;,&quot;serif&quot;">EXPRESS<o:p></o:p></span></b></p>
<p class="MsoListParagraph" style="margin-left:24.0pt;mso-para-margin-left:0gd;
text-indent:-24.0pt;mso-list:l3 level1 lfo3"><!--[if !supportLists]--><span lang="EN-US" style="font-family:Wingdings;mso-fareast-font-family:Wingdings;
mso-bidi-font-family:Wingdings">l<span style="font-variant-numeric: normal; font-stretch: normal; font-size: 7pt; line-height: normal; font-family: &quot;Times New Roman&quot;;">&nbsp;&nbsp; </span></span><!--[endif]--><span lang="EN-US">Usually, The local customs charges tax when goods arrive at local
customs. Please double check if it is ok before choosing express.<br>
<b><span style="color:red">Every country
has different RATE FOR TAX. Please check rule with your customs.</span></b></span></p>
<p class="MsoListParagraph" style="margin-left:24.0pt;mso-para-margin-left:0gd;
text-indent:-24.0pt;mso-list:l3 level1 lfo3"><!--[if !supportLists]--><span lang="EN-US" style="font-family:Wingdings;mso-fareast-font-family:Wingdings;
mso-bidi-font-family:Wingdings">l<span style="font-variant-numeric: normal; font-stretch: normal; font-size: 7pt; line-height: normal; font-family: &quot;Times New Roman&quot;;">&nbsp;&nbsp; </span></span><!--[endif]--><span lang="EN-US">To <b>RUSSIA</b>, we only send
by DHL or EMS.<br>
To <b>Brazil</b>, we don’t send by any
express.</span></p>
<p class="MsoListParagraph" style="margin-left:24.0pt;mso-para-margin-left:0gd;
text-indent:-24.0pt;mso-list:l3 level1 lfo3"><!--[if !supportLists]--><span lang="EN-US" style="font-family:Wingdings;mso-fareast-font-family:Wingdings;
mso-bidi-font-family:Wingdings;color:red">l<span style="font-variant-numeric: normal; font-stretch: normal; font-size: 7pt; line-height: normal; font-family: &quot;Times New Roman&quot;;">&nbsp;&nbsp; </span></span><!--[endif]--><b><span lang="EN-US" style="color:red">Some countries
we send by DHL, some countries, we send by FEDEX. If you need SPECIFIC EXPRESS
WAY, please inform us on order page. <o:p></o:p></span></b></p>
<p class="MsoNormal" align="center" style="text-align:center"><span lang="EN-US">The
following form is estimated delivery time</span></p>
<table class="MsoTableGrid" border="1" cellspacing="0" cellpadding="0" style="border-collapse:collapse;mso-table-layout-alt:fixed;border:none;
mso-border-alt:solid black .5pt;mso-border-themecolor:text1;mso-yfti-tbllook:
1184;mso-padding-alt:0cm 5.4pt 0cm 5.4pt">
<tbody><tr>
<td width="262" valign="top" style="width:196.8pt;border:solid black 1.0pt;
mso-border-themecolor:text1;mso-border-alt:solid black .5pt;mso-border-themecolor:
text1;background:#EAF1DD;mso-background-themecolor:accent3;mso-background-themetint:
51;padding:0cm 5.4pt 0cm 5.4pt">
<p class="MsoNormal" align="center" style="text-align:center"><b><span lang="EN-US">Country<o:p></o:p></span></b></p>
</td>
<td width="306" colspan="2" valign="top" style="width:229.3pt;border:solid black 1.0pt;
mso-border-themecolor:text1;border-left:none;mso-border-left-alt:solid black .5pt;
mso-border-left-themecolor:text1;mso-border-alt:solid black .5pt;mso-border-themecolor:
text1;background:#EAF1DD;mso-background-themecolor:accent3;mso-background-themetint:
51;padding:0cm 5.4pt 0cm 5.4pt">
<p class="MsoNormal" align="center" style="text-align:center"><b><span lang="EN-US">Estimated Delivery Time<o:p></o:p></span></b></p>
</td>
</tr>
<tr>
<td width="262" valign="top" style="width:196.8pt;border:solid black 1.0pt;
mso-border-themecolor:text1;border-top:none;mso-border-top-alt:solid black .5pt;
mso-border-top-themecolor:text1;mso-border-alt:solid black .5pt;mso-border-themecolor:
text1;padding:0cm 5.4pt 0cm 5.4pt">
<p class="MsoNormal" align="center" style="text-align:center"><span lang="EN-US">&nbsp;</span></p>
</td>
<td width="169" valign="top" style="width:126.45pt;border-top:none;border-left:
none;border-bottom:solid black 1.0pt;mso-border-bottom-themecolor:text1;
border-right:solid black 1.0pt;mso-border-right-themecolor:text1;mso-border-top-alt:
solid black .5pt;mso-border-top-themecolor:text1;mso-border-left-alt:solid black .5pt;
mso-border-left-themecolor:text1;mso-border-alt:solid black .5pt;mso-border-themecolor:
text1;padding:0cm 5.4pt 0cm 5.4pt">
<p class="MsoNormal" align="center" style="text-align:center"><b><span lang="EN-US">POST<o:p></o:p></span></b></p>
</td>
<td width="137" valign="top" style="width:102.85pt;border-top:none;border-left:
none;border-bottom:solid black 1.0pt;mso-border-bottom-themecolor:text1;
border-right:solid black 1.0pt;mso-border-right-themecolor:text1;mso-border-top-alt:
solid black .5pt;mso-border-top-themecolor:text1;mso-border-left-alt:solid black .5pt;
mso-border-left-themecolor:text1;mso-border-alt:solid black .5pt;mso-border-themecolor:
text1;padding:0cm 5.4pt 0cm 5.4pt">
<p class="MsoNormal" align="center" style="text-align:center"><b><span lang="EN-US">EXPRESS<o:p></o:p></span></b></p>
</td>
</tr>
<tr>
<td width="262" valign="top" style="width:196.8pt;border:solid black 1.0pt;
mso-border-themecolor:text1;border-top:none;mso-border-top-alt:solid black .5pt;
mso-border-top-themecolor:text1;mso-border-alt:solid black .5pt;mso-border-themecolor:
text1;padding:0cm 5.4pt 0cm 5.4pt">
<p class="MsoNormal" align="center" style="text-align:center"><span lang="EN-US">United
States</span></p>
</td>
<td width="169" valign="top" style="width:126.45pt;border-top:none;border-left:
none;border-bottom:solid black 1.0pt;mso-border-bottom-themecolor:text1;
border-right:solid black 1.0pt;mso-border-right-themecolor:text1;mso-border-top-alt:
solid black .5pt;mso-border-top-themecolor:text1;mso-border-left-alt:solid black .5pt;
mso-border-left-themecolor:text1;mso-border-alt:solid black .5pt;mso-border-themecolor:
text1;padding:0cm 5.4pt 0cm 5.4pt">
<p class="MsoNormal" align="center" style="text-align:center"><span lang="EN-US">10-20
working days</span></p>
</td>
<td width="137" rowspan="3" style="width:102.85pt;border-top:none;border-left:
none;border-bottom:solid black 1.0pt;mso-border-bottom-themecolor:text1;
border-right:solid black 1.0pt;mso-border-right-themecolor:text1;mso-border-top-alt:
solid black .5pt;mso-border-top-themecolor:text1;mso-border-left-alt:solid black .5pt;
mso-border-left-themecolor:text1;mso-border-alt:solid black .5pt;mso-border-themecolor:
text1;padding:0cm 5.4pt 0cm 5.4pt">
<p class="MsoNormal" align="center" style="text-align:center"><span lang="EN-US">5-10
days</span></p>
</td>
</tr>
<tr>
<td width="262" valign="top" style="width:196.8pt;border:solid black 1.0pt;
mso-border-themecolor:text1;border-top:none;mso-border-top-alt:solid black .5pt;
mso-border-top-themecolor:text1;mso-border-alt:solid black .5pt;mso-border-themecolor:
text1;padding:0cm 5.4pt 0cm 5.4pt">
<p class="MsoNormal" align="center" style="text-align:center"><span lang="EN-US">Australia/Canada/Germany</span></p>
</td>
<td width="169" valign="top" style="width:126.45pt;border-top:none;border-left:
none;border-bottom:solid black 1.0pt;mso-border-bottom-themecolor:text1;
border-right:solid black 1.0pt;mso-border-right-themecolor:text1;mso-border-top-alt:
solid black .5pt;mso-border-top-themecolor:text1;mso-border-left-alt:solid black .5pt;
mso-border-left-themecolor:text1;mso-border-alt:solid black .5pt;mso-border-themecolor:
text1;padding:0cm 5.4pt 0cm 5.4pt">
<p class="MsoNormal" align="center" style="text-align:center"><span lang="EN-US">14-20
working days</span></p>
</td>
</tr>
<tr>
<td width="262" valign="top" style="width:196.8pt;border:solid black 1.0pt;
mso-border-themecolor:text1;border-top:none;mso-border-top-alt:solid black .5pt;
mso-border-top-themecolor:text1;mso-border-alt:solid black .5pt;mso-border-themecolor:
text1;padding:0cm 5.4pt 0cm 5.4pt">
<p class="MsoNormal" align="center" style="text-align:center"><span lang="EN-US">United
Kingdom/Spain/Norway/Greece/France/Israel</span></p>
</td>
<td width="169" style="width:126.45pt;border-top:none;border-left:none;
border-bottom:solid black 1.0pt;mso-border-bottom-themecolor:text1;
border-right:solid black 1.0pt;mso-border-right-themecolor:text1;mso-border-top-alt:
solid black .5pt;mso-border-top-themecolor:text1;mso-border-left-alt:solid black .5pt;
mso-border-left-themecolor:text1;mso-border-alt:solid black .5pt;mso-border-themecolor:
text1;padding:0cm 5.4pt 0cm 5.4pt">
<p class="MsoNormal" align="center" style="text-align:center"><span lang="EN-US">14-25
working days</span></p>
</td>
</tr>
<tr>
<td width="262" valign="top" style="width:196.8pt;border:solid black 1.0pt;
mso-border-themecolor:text1;border-top:none;mso-border-top-alt:solid black .5pt;
mso-border-top-themecolor:text1;mso-border-alt:solid black .5pt;mso-border-themecolor:
text1;padding:0cm 5.4pt 0cm 5.4pt">
<p class="MsoNormal" align="center" style="text-align:center"><span lang="EN-US">Brazil/Armenia</span></p>
</td>
<td width="169" valign="top" style="width:126.45pt;border-top:none;border-left:
none;border-bottom:solid black 1.0pt;mso-border-bottom-themecolor:text1;
border-right:solid black 1.0pt;mso-border-right-themecolor:text1;mso-border-top-alt:
solid black .5pt;mso-border-top-themecolor:text1;mso-border-left-alt:solid black .5pt;
mso-border-left-themecolor:text1;mso-border-alt:solid black .5pt;mso-border-themecolor:
text1;padding:0cm 5.4pt 0cm 5.4pt">
<p class="MsoNormal" align="center" style="text-align:center"><span lang="EN-US">60
days</span></p>
</td>
<td width="137" rowspan="2" valign="top" style="width:102.85pt;border-top:none;
border-left:none;border-bottom:solid black 1.0pt;mso-border-bottom-themecolor:
text1;border-right:solid black 1.0pt;mso-border-right-themecolor:text1;
mso-border-top-alt:solid black .5pt;mso-border-top-themecolor:text1;
mso-border-left-alt:solid black .5pt;mso-border-left-themecolor:text1;
mso-border-alt:solid black .5pt;mso-border-themecolor:text1;padding:0cm 5.4pt 0cm 5.4pt">
<p class="MsoNormal" align="center" style="text-align:center"><span lang="EN-US">Please
double check with us</span></p>
</td>
</tr>
<tr>
<td width="262" valign="top" style="width:196.8pt;border:solid black 1.0pt;
mso-border-themecolor:text1;border-top:none;mso-border-top-alt:solid black .5pt;
mso-border-top-themecolor:text1;mso-border-alt:solid black .5pt;mso-border-themecolor:
text1;padding:0cm 5.4pt 0cm 5.4pt">
<p class="MsoNormal" align="center" style="text-align:center"><span lang="EN-US">Russia/Bolivia</span></p>
</td>
<td width="169" valign="top" style="width:126.45pt;border-top:none;border-left:
none;border-bottom:solid black 1.0pt;mso-border-bottom-themecolor:text1;
border-right:solid black 1.0pt;mso-border-right-themecolor:text1;mso-border-top-alt:
solid black .5pt;mso-border-top-themecolor:text1;mso-border-left-alt:solid black .5pt;
mso-border-left-themecolor:text1;mso-border-alt:solid black .5pt;mso-border-themecolor:
text1;padding:0cm 5.4pt 0cm 5.4pt">
<p class="MsoNormal" align="center" style="text-align:center"><span lang="EN-US">14-30
working days</span></p>
</td>
</tr>
</tbody></table>
<p class="MsoListParagraph" align="center" style="margin-left:24.0pt;mso-para-margin-left:
0gd;text-align:center"><b><span lang="EN-US" style="font-size:16.0pt;background:yellow;mso-highlight:yellow"><o:p>&nbsp;</o:p></span></b></p>
<p class="MsoListParagraph" align="center" style="margin-left:24.0pt;mso-para-margin-left:
0gd;text-align:center"><b><span lang="EN-US" style="font-size:16.0pt;background:yellow;mso-highlight:yellow">Conbine
shipping charge<o:p></o:p></span></b></p>
<p class="MsoNormal"><span lang="EN-US">You send a list to us<span style="color:red"> <b>--&gt;</b></span> we
send a quotation in 24 hours<span style="color:red"> <b>--&gt;</b></span> <br>
You bid all items on and click buy them all if you agree the quotation<b><span style="color:red"> --&gt;<br>
</span></b>we correct the total amount <b><span style="color:red">--&gt;</span></b> You make a payment <b><span style="color:red">--&gt;</span></b> we send your goods.</span></p>
<p class="MsoListParagraph" align="center" style="margin-left:24.0pt;mso-para-margin-left:
0gd;text-align:center"><b><span lang="EN-US" style="font-size:16.0pt;background:yellow;mso-highlight:yellow">Other
information<o:p></o:p></span></b></p>
<p class="MsoListParagraph" style="margin-left:24.0pt;mso-para-margin-left:0gd;
text-align:justify;text-justify:inter-ideograph;text-indent:-24.0pt;mso-list:
l1 level1 lfo4"><!--[if !supportLists]--><span lang="EN-US" style="font-family:Wingdings;
mso-fareast-font-family:Wingdings;mso-bidi-font-family:Wingdings">l<span style="font-variant-numeric: normal; font-stretch: normal; font-size: 7pt; line-height: normal; font-family: &quot;Times New Roman&quot;;">&nbsp;&nbsp;
</span></span><!--[endif]--><span lang="EN-US">We will declare low value for
you. If you need us to declare real value, please inform us on order page.</span></p>
<p class="MsoListParagraph" style="margin-left:24.0pt;mso-para-margin-left:0gd;
text-align:justify;text-justify:inter-ideograph;text-indent:-24.0pt;mso-list:
l1 level1 lfo4"><!--[if !supportLists]--><span lang="EN-US" style="font-family:Wingdings;
mso-fareast-font-family:Wingdings;mso-bidi-font-family:Wingdings">l<span style="font-variant-numeric: normal; font-stretch: normal; font-size: 7pt; line-height: normal; font-family: &quot;Times New Roman&quot;;">&nbsp;&nbsp;
</span></span><!--[endif]--><span lang="EN-US">Please note clear speciation on
order page for items, like COLOR, SIZE, etc. or it may be picked up by random.</span></p>
<p class="MsoListParagraph" style="margin-left:24.0pt;mso-para-margin-left:0gd;
text-align:justify;text-justify:inter-ideograph;text-indent:-24.0pt;mso-list:
l1 level1 lfo4"><!--[if !supportLists]--><span lang="EN-US" style="font-family:Wingdings;
mso-fareast-font-family:Wingdings;mso-bidi-font-family:Wingdings">l<span style="font-variant-numeric: normal; font-stretch: normal; font-size: 7pt; line-height: normal; font-family: &quot;Times New Roman&quot;;">&nbsp;&nbsp;
</span></span><!--[endif]--><span lang="EN-US">If we need any information to
confirm with you, we will send message on order page. Please pay attention on
it before sending goods.</span></p>
<p class="MsoNormal" align="center" style="text-align:center"><b><span lang="EN-US" style="font-size:16.0pt;background:yellow;mso-highlight:
yellow">Feedback<o:p></o:p></span></b></p>
<p class="MsoListParagraph" style="margin-left:24.0pt;mso-para-margin-left:0gd;
text-indent:-24.0pt;mso-list:l2 level1 lfo2"><!--[if !supportLists]--><span lang="EN-US" style="font-family:Wingdings;mso-fareast-font-family:Wingdings;
mso-bidi-font-family:Wingdings">l<span style="font-variant-numeric: normal; font-stretch: normal; font-size: 7pt; line-height: normal; font-family: &quot;Times New Roman&quot;;">&nbsp;&nbsp; </span></span><!--[endif]--><span lang="EN-US">We appreciate if you leave the feedback after you test your goods.</span></p>
<p class="MsoListParagraph" style="margin-left:24.0pt;mso-para-margin-left:0gd;
text-indent:-24.0pt;mso-list:l2 level1 lfo2"><!--[if !supportLists]--><span lang="EN-US" style="font-family:Wingdings;mso-fareast-font-family:Wingdings;
mso-bidi-font-family:Wingdings">l<span style="font-variant-numeric: normal; font-stretch: normal; font-size: 7pt; line-height: normal; font-family: &quot;Times New Roman&quot;;">&nbsp;&nbsp; </span></span><!--[endif]--><span lang="EN-US">Please<b><span style="color:
red"> communicate</span></b> with seller when you have questions instead of
leaving feedback directly or open a dispute. We will provide suggestions in 24
hours after you send message to us.</span></p>
<p class="MsoListParagraph" style="margin-left:24.0pt;mso-para-margin-left:0gd;
text-indent:-24.0pt;mso-list:l2 level1 lfo2"><!--[if !supportLists]--><span lang="EN-US" style="font-family:Wingdings;mso-fareast-font-family:Wingdings;
mso-bidi-font-family:Wingdings">l<span style="font-variant-numeric: normal; font-stretch: normal; font-size: 7pt; line-height: normal; font-family: &quot;Times New Roman&quot;;">&nbsp;&nbsp; </span></span><!--[endif]--><span lang="EN-US">If you have any questions, please let us know. We will reply to you<b><span style="color:red"> in 24 hours</span></b>.</span></p>
<p class="MsoListParagraph" style="margin-left:24.0pt;mso-para-margin-left:0gd"><span lang="EN-US">&nbsp;</span></p></div></font></font>
</DOC>
<DOC>
<DOCID>1700655</DOCID>
<CATEGORY>Collectibles > Kitchen & Home > Kitchenware > Cookware > Cast Iron</CATEGORY>
<ORIGTITLE>Cracker Barrel Cast Iron 5" Sandwhich Skillet Frying Pan Square</ORIGTITLE>
<font rwr='1' size='4' style='font-family:Arial'>Very good condition.<div>Thank you!</div></font>
</DOC>
<DOC>
<DOCID>1700661</DOCID>
<CATEGORY>Collectibles > Pinbacks, Bobbles, Lunchboxes > Pinbacks > Olympic</CATEGORY>
<ORIGTITLE>1988 CALGARY WINTER OLYMPIC GAMES  USA 22 CENT POSTAGE STAMP PIN BADGE</ORIGTITLE>
<!--CSG INDICATOR START-->
<!-- AUCTIVA Scrolling Gallery (do not remove or modify the "CSG INDICATOR START/END" tags or contents) --><link id="csgCss" rel="stylesheet" href="https://scrollinggallery.auctiva.com/gallery/css/2(0)/AUCTIVA/1710583/0/25/_543"><div id="csgGallery" style="display: none"><input id="csgScrollingCheckbox_543" type="checkbox" checked=""><input id="csgSingleRowCheckbox_543" type="checkbox" checked=""><div id="csgGalleryPos"><div id="csgGalleryContainer"><div id="csgHeader" class="csgFrame"><div id="csgHeaderLeft" class="csgLeft"><a id="csgHLStoreLink" href="https://www.ebay.es/usr/elber27" target="_blank"></a><span id="csgHLLogo" class="csgLogo"></span></div><div id="csgHeaderCenter" class="csgCenter"><a id="csgHCStoreLink" href="https://www.ebay.es/usr/elber27" target="_blank"></a><span id="csgHCLogo" class="csgLogo"></span></div><div id="csgHeaderRight" class="csgRight"><label id="csgHRScrollingLabel" for="csgScrollingCheckbox_543"></label><label id="csgHRSingleRowLabel" for="csgSingleRowCheckbox_543"></label><span id="csgHRLogo" class="csgLogo"></span></div></div><div id="csgOuterNavWrapper"><input id="csgPrev1_543" name="csgRadio" class="csgPrevCheck" type="radio"><input id="csgPrev2_543" name="csgRadio" class="csgPrevCheck" type="radio"><input id="csgPrev3_543" name="csgRadio" class="csgPrevCheck" type="radio"><input id="csgPrev4_543" name="csgRadio" class="csgPrevCheck" type="radio"><input id="csgPrev5_543" name="csgRadio" class="csgPrevCheck" type="radio"><input id="csgPrev6_543" name="csgRadio" class="csgPrevCheck" type="radio"><input id="csgPrev7_543" name="csgRadio" class="csgPrevCheck" type="radio"><input id="csgPrev8_543" name="csgRadio" class="csgPrevCheck" type="radio"><input id="csgPrev9_543" name="csgRadio" class="csgPrevCheck" type="radio"><input id="csgPrev10_543" name="csgRadio" class="csgPrevCheck" type="radio"><input id="csgPrev11_543" name="csgRadio" class="csgPrevCheck" type="radio"><input id="csgPrev12_543" name="csgRadio" class="csgPrevCheck" type="radio"><input id="csgPrev13_543" name="csgRadio" class="csgPrevCheck" type="radio"><input id="csgPrev14_543" name="csgRadio" class="csgPrevCheck" type="radio"><input id="csgPrev15_543" name="csgRadio" class="csgPrevCheck" type="radio"><input id="csgPrev16_543" name="csgRadio" class="csgPrevCheck" type="radio"><input id="csgPrev17_543" name="csgRadio" class="csgPrevCheck" type="radio"><input id="csgPrev18_543" name="csgRadio" class="csgPrevCheck" type="radio"><input id="csgPrev19_543" name="csgRadio" class="csgPrevCheck" type="radio"><input id="csgPrev20_543" name="csgRadio" class="csgPrevCheck" type="radio"><input id="csgNext1_543" name="csgRadio" class="csgNextCheck" type="radio"><input id="csgNext2_543" name="csgRadio" class="csgNextCheck" type="radio"><input id="csgNext3_543" name="csgRadio" class="csgNextCheck" type="radio"><input id="csgNext4_543" name="csgRadio" class="csgNextCheck" type="radio"><input id="csgNext5_543" name="csgRadio" class="csgNextCheck" type="radio"><input id="csgNext6_543" name="csgRadio" class="csgNextCheck" type="radio"><input id="csgNext7_543" name="csgRadio" class="csgNextCheck" type="radio"><input id="csgNext8_543" name="csgRadio" class="csgNextCheck" type="radio"><input id="csgNext9_543" name="csgRadio" class="csgNextCheck" type="radio"><input id="csgNext10_543" name="csgRadio" class="csgNextCheck" type="radio"><input id="csgNext11_543" name="csgRadio" class="csgNextCheck" type="radio"><input id="csgNext12_543" name="csgRadio" class="csgNextCheck" type="radio"><input id="csgNext13_543" name="csgRadio" class="csgNextCheck" type="radio"><input id="csgNext14_543" name="csgRadio" class="csgNextCheck" type="radio"><input id="csgNext15_543" name="csgRadio" class="csgNextCheck" type="radio"><input id="csgNext16_543" name="csgRadio" class="csgNextCheck" type="radio"><input id="csgNext17_543" name="csgRadio" class="csgNextCheck" type="radio"><input id="csgNext18_543" name="csgRadio" class="csgNextCheck" type="radio"><input id="csgNext19_543" name="csgRadio" class="csgNextCheck" type="radio"><input id="csgNext20_543" name="csgRadio" class="csgNextCheck" type="radio"><div id="csgNavLeft" class="csgNavLabels"><div id="csgNavLeftWrapper" class="csgNavWrapper"><label id="csgPrevLabel1" class="csgNavLabel" for="csgPrev1_543"></label><label id="csgPrevLabel2" class="csgNavLabel" for="csgPrev2_543"></label><label id="csgPrevLabel3" class="csgNavLabel" for="csgPrev3_543"></label><label id="csgPrevLabel4" class="csgNavLabel" for="csgPrev4_543"></label><label id="csgPrevLabel5" class="csgNavLabel" for="csgPrev5_543"></label><label id="csgPrevLabel6" class="csgNavLabel" for="csgPrev6_543"></label><label id="csgPrevLabel7" class="csgNavLabel" for="csgPrev7_543"></label><label id="csgPrevLabel8" class="csgNavLabel" for="csgPrev8_543"></label><label id="csgPrevLabel9" class="csgNavLabel" for="csgPrev9_543"></label><label id="csgPrevLabel10" class="csgNavLabel" for="csgPrev10_543"></label><label id="csgPrevLabel11" class="csgNavLabel" for="csgPrev11_543"></label><label id="csgPrevLabel12" class="csgNavLabel" for="csgPrev12_543"></label><label id="csgPrevLabel13" class="csgNavLabel" for="csgPrev13_543"></label><label id="csgPrevLabel14" class="csgNavLabel" for="csgPrev14_543"></label><label id="csgPrevLabel15" class="csgNavLabel" for="csgPrev15_543"></label><label id="csgPrevLabel16" class="csgNavLabel" for="csgPrev16_543"></label><label id="csgPrevLabel17" class="csgNavLabel" for="csgPrev17_543"></label><label id="csgPrevLabel18" class="csgNavLabel" for="csgPrev18_543"></label><label id="csgPrevLabel19" class="csgNavLabel" for="csgPrev19_543"></label><label id="csgPrevLabel20" class="csgNavLabel" for="csgPrev20_543"></label></div></div><div id="csgNavRight" class="csgNavLabels"><div id="csgNavRightWrapper" class="csgNavWrapper"><label id="csgNextLabel1" class="csgNavLabel" for="csgNext1_543"></label><label id="csgNextLabel2" class="csgNavLabel" for="csgNext2_543"></label><label id="csgNextLabel3" class="csgNavLabel" for="csgNext3_543"></label><label id="csgNextLabel4" class="csgNavLabel" for="csgNext4_543"></label><label id="csgNextLabel5" class="csgNavLabel" for="csgNext5_543"></label><label id="csgNextLabel6" class="csgNavLabel" for="csgNext6_543"></label><label id="csgNextLabel7" class="csgNavLabel" for="csgNext7_543"></label><label id="csgNextLabel8" class="csgNavLabel" for="csgNext8_543"></label><label id="csgNextLabel9" class="csgNavLabel" for="csgNext9_543"></label><label id="csgNextLabel10" class="csgNavLabel" for="csgNext10_543"></label><label id="csgNextLabel11" class="csgNavLabel" for="csgNext11_543"></label><label id="csgNextLabel12" class="csgNavLabel" for="csgNext12_543"></label><label id="csgNextLabel13" class="csgNavLabel" for="csgNext13_543"></label><label id="csgNextLabel14" class="csgNavLabel" for="csgNext14_543"></label><label id="csgNextLabel15" class="csgNavLabel" for="csgNext15_543"></label><label id="csgNextLabel16" class="csgNavLabel" for="csgNext16_543"></label><label id="csgNextLabel17" class="csgNavLabel" for="csgNext17_543"></label><label id="csgNextLabel18" class="csgNavLabel" for="csgNext18_543"></label><label id="csgNextLabel19" class="csgNavLabel" for="csgNext19_543"></label><label id="csgNextLabel20" class="csgNavLabel" for="csgNext20_543"></label></div></div><div id="csgSlidesContainer"><div id="csgSlidesOuter"><a id="csgOverrideLink" href="https://www.ebay.es/usr/elber27" target="_blank"></a><div id="csgSlides"><div class="csgSlide"><div class="csgListing"><a href="https://www.ebay.es/sch/elber27/m.html?_ipg=100&amp;_dmd=2&amp;_sop=1" target="_blank"><div class="csgListingImage"></div><div class="csgTitle"></div><div class="csgDetails"><span class="csgPrice"></span><br><span class="csgEndTime"></span></div></a></div></div><div class="csgSlide"><div class="csgListing"><a href="https://www.ebay.es/sch/elber27/m.html?_ipg=100&amp;_dmd=2&amp;_sop=1" target="_blank"><div class="csgListingImage"></div><div class="csgTitle"></div><div class="csgDetails"><span class="csgPrice"></span><br><span class="csgEndTime"></span></div></a></div></div><div class="csgSlide"><div class="csgListing"><a href="https://www.ebay.es/sch/elber27/m.html?_ipg=100&amp;_dmd=2&amp;_sop=1" target="_blank"><div class="csgListingImage"></div><div class="csgTitle"></div><div class="csgDetails"><span class="csgPrice"></span><br><span class="csgEndTime"></span></div></a></div></div><div class="csgSlide"><div class="csgListing"><a href="https://www.ebay.es/sch/elber27/m.html?_ipg=100&amp;_dmd=2&amp;_sop=1" target="_blank"><div class="csgListingImage"></div><div class="csgTitle"></div><div class="csgDetails"><span class="csgPrice"></span><br><span class="csgEndTime"></span></div></a></div></div><div class="csgSlide"><div class="csgListing"><a href="https://www.ebay.es/sch/elber27/m.html?_ipg=100&amp;_dmd=2&amp;_sop=1" target="_blank"><div class="csgListingImage"></div><div class="csgTitle"></div><div class="csgDetails"><span class="csgPrice"></span><br><span class="csgEndTime"></span></div></a></div></div><div class="csgSlide"><div class="csgListing"><a href="https://www.ebay.es/sch/elber27/m.html?_ipg=100&amp;_dmd=2&amp;_sop=1" target="_blank"><div class="csgListingImage"></div><div class="csgTitle"></div><div class="csgDetails"><span class="csgPrice"></span><br><span class="csgEndTime"></span></div></a></div></div><div class="csgSlide"><div class="csgListing"><a href="https://www.ebay.es/sch/elber27/m.html?_ipg=100&amp;_dmd=2&amp;_sop=1" target="_blank"><div class="csgListingImage"></div><div class="csgTitle"></div><div class="csgDetails"><span class="csgPrice"></span><br><span class="csgEndTime"></span></div></a></div></div><div class="csgSlide"><div class="csgListing"><a href="https://www.ebay.es/sch/elber27/m.html?_ipg=100&amp;_dmd=2&amp;_sop=1" target="_blank"><div class="csgListingImage"></div><div class="csgTitle"></div><div class="csgDetails"><span class="csgPrice"></span><br><span class="csgEndTime"></span></div></a></div></div><div class="csgSlide"><div class="csgListing"><a href="https://www.ebay.es/sch/elber27/m.html?_ipg=100&amp;_dmd=2&amp;_sop=1" target="_blank"><div class="csgListingImage"></div><div class="csgTitle"></div><div class="csgDetails"><span class="csgPrice"></span><br><span class="csgEndTime"></span></div></a></div></div><div class="csgSlide"><div class="csgListing"><a href="https://www.ebay.es/sch/elber27/m.html?_ipg=100&amp;_dmd=2&amp;_sop=1" target="_blank"><div class="csgListingImage"></div><div class="csgTitle"></div><div class="csgDetails"><span class="csgPrice"></span><br><span class="csgEndTime"></span></div></a></div></div><div class="csgSlide"><div class="csgListing"><a href="https://www.ebay.es/sch/elber27/m.html?_ipg=100&amp;_dmd=2&amp;_sop=1" target="_blank"><div class="csgListingImage"></div><div class="csgTitle"></div><div class="csgDetails"><span class="csgPrice"></span><br><span class="csgEndTime"></span></div></a></div></div><div class="csgSlide"><div class="csgListing"><a href="https://www.ebay.es/sch/elber27/m.html?_ipg=100&amp;_dmd=2&amp;_sop=1" target="_blank"><div class="csgListingImage"></div><div class="csgTitle"></div><div class="csgDetails"><span class="csgPrice"></span><br><span class="csgEndTime"></span></div></a></div></div><div class="csgSlide"><div class="csgListing"><a href="https://www.ebay.es/sch/elber27/m.html?_ipg=100&amp;_dmd=2&amp;_sop=1" target="_blank"><div class="csgListingImage"></div><div class="csgTitle"></div><div class="csgDetails"><span class="csgPrice"></span><br><span class="csgEndTime"></span></div></a></div></div><div class="csgSlide"><div class="csgListing"><a href="https://www.ebay.es/sch/elber27/m.html?_ipg=100&amp;_dmd=2&amp;_sop=1" target="_blank"><div class="csgListingImage"></div><div class="csgTitle"></div><div class="csgDetails"><span class="csgPrice"></span><br><span class="csgEndTime"></span></div></a></div></div><div class="csgSlide"><div class="csgListing"><a href="https://www.ebay.es/sch/elber27/m.html?_ipg=100&amp;_dmd=2&amp;_sop=1" target="_blank"><div class="csgListingImage"></div><div class="csgTitle"></div><div class="csgDetails"><span class="csgPrice"></span><br><span class="csgEndTime"></span></div></a></div></div><div class="csgSlide"><div class="csgListing"><a href="https://www.ebay.es/sch/elber27/m.html?_ipg=100&amp;_dmd=2&amp;_sop=1" target="_blank"><div class="csgListingImage"></div><div class="csgTitle"></div><div class="csgDetails"><span class="csgPrice"></span><br><span class="csgEndTime"></span></div></a></div></div><div class="csgSlide"><div class="csgListing"><a href="https://www.ebay.es/sch/elber27/m.html?_ipg=100&amp;_dmd=2&amp;_sop=1" target="_blank"><div class="csgListingImage"></div><div class="csgTitle"></div><div class="csgDetails"><span class="csgPrice"></span><br><span class="csgEndTime"></span></div></a></div></div><div class="csgSlide"><div class="csgListing"><a href="https://www.ebay.es/sch/elber27/m.html?_ipg=100&amp;_dmd=2&amp;_sop=1" target="_blank"><div class="csgListingImage"></div><div class="csgTitle"></div><div class="csgDetails"><span class="csgPrice"></span><br><span class="csgEndTime"></span></div></a></div></div><div class="csgSlide"><div class="csgListing"><a href="https://www.ebay.es/sch/elber27/m.html?_ipg=100&amp;_dmd=2&amp;_sop=1" target="_blank"><div class="csgListingImage"></div><div class="csgTitle"></div><div class="csgDetails"><span class="csgPrice"></span><br><span class="csgEndTime"></span></div></a></div></div><div class="csgSlide"><div class="csgListing"><a href="https://www.ebay.es/sch/elber27/m.html?_ipg=100&amp;_dmd=2&amp;_sop=1" target="_blank"><div class="csgListingImage"></div><div class="csgTitle"></div><div class="csgDetails"><span class="csgPrice"></span><br><span class="csgEndTime"></span></div></a></div></div><div class="csgSlide"><div class="csgListing"><a href="https://www.ebay.es/sch/elber27/m.html?_ipg=100&amp;_dmd=2&amp;_sop=1" target="_blank"><div class="csgListingImage"></div><div class="csgTitle"></div><div class="csgDetails"><span class="csgPrice"></span><br><span class="csgEndTime"></span></div></a></div></div><div class="csgSlide"><div class="csgListing"><a href="https://www.ebay.es/sch/elber27/m.html?_ipg=100&amp;_dmd=2&amp;_sop=1" target="_blank"><div class="csgListingImage"></div><div class="csgTitle"></div><div class="csgDetails"><span class="csgPrice"></span><br><span class="csgEndTime"></span></div></a></div></div><div class="csgSlide"><div class="csgListing"><a href="https://www.ebay.es/sch/elber27/m.html?_ipg=100&amp;_dmd=2&amp;_sop=1" target="_blank"><div class="csgListingImage"></div><div class="csgTitle"></div><div class="csgDetails"><span class="csgPrice"></span><br><span class="csgEndTime"></span></div></a></div></div><div class="csgSlide"><div class="csgListing"><a href="https://www.ebay.es/sch/elber27/m.html?_ipg=100&amp;_dmd=2&amp;_sop=1" target="_blank"><div class="csgListingImage"></div><div class="csgTitle"></div><div class="csgDetails"><span class="csgPrice"></span><br><span class="csgEndTime"></span></div></a></div></div><div class="csgSlide"><div class="csgListing"><a href="https://www.ebay.es/sch/elber27/m.html?_ipg=100&amp;_dmd=2&amp;_sop=1" target="_blank"><div class="csgListingImage"></div><div class="csgTitle"></div><div class="csgDetails"><span class="csgPrice"></span><br><span class="csgEndTime"></span></div></a></div></div></div></div></div></div><div id="csgFooter" class="csgFrame"><div id="csgFooterLeft" class="csgLeft"><label id="csgFLScrollingLabel" for="csgScrollingCheckbox_543"></label><label id="csgFLSingleRowLabel" for="csgSingleRowCheckbox_543"></label><span id="csgFLLogo" class="csgLogo"></span></div><div id="csgFooterCenter" class="csgCenter"><label id="csgFCScrollingLabel" for="csgScrollingCheckbox_543"></label><a id="csgFCStoreLink" href="https://www.ebay.es/usr/elber27" target="_blank"></a><span id="csgFCLogo" class="csgLogo"></span></div><div id="csgFooterRight" class="csgRight"><label id="csgFRScrollingLabel" for="csgScrollingCheckbox_543"></label><label id="csgFRSingleRowLabel" for="csgSingleRowCheckbox_543"></label><span id="csgFRLogo" class="csgLogo"></span></div></div></div><div id="csgPlatformLinkDiv"><span id="csgPlatformLeftImg"></span><a href="https://pages.ebay.com/seller-center/listing/listing-advanced-sellers/third-party-listing-tools.html#auctiva" target="_blank"><span id="csgPlatformText1"></span><br><span id="csgPlatformText2"></span></a><span id="csgPlatformRightImg"></span></div></div></div>
<!--CSG INDICATOR END-->

<font rwr="1" size="4" style="font-family:Arial"><font rwr="1" size="4" style="font-family:Arial"><font rwr="1" size="4" style="font-family:Arial"><br><div style="text-align: center;"><span style="color: rgb(138, 0, 53); font-size: xx-large;"><br></span></div><div style="text-align: center;"><font size="6"><b>1988 CALGARY WINTER OLYMPIC GAMES &nbsp;USA 22 CENT&nbsp;</b></font></div><div style="text-align: center;"><font size="6"><b>POSTAGE STAMP PIN BADGE</b></font></div><p style="text-align: center;"><br></p><p style="text-align: center; "><font color="#8a0035" face="Arial" size="5"><b>This auction is for wonderful USA 22 CENT POSTAGE STAMP PIN BADGE for 1988 Olympics</b></font></p><p style="text-align: center; "><b style="color: rgb(138, 0, 53); font-family: Arial; font-size: x-large;"><span class="hps" closure_uid_hm58bm="6835" kc="null">Size</span><span class="atn" closure_uid_hm58bm="6836" kc="null">- 4cm x 2cm</span></b></p><p style="text-align: center; "><span style="color: rgb(138, 0, 53); font-family: Arial; font-size: x-large; font-weight: bold;">Great for collectors of O</span><strong style="color: rgb(138, 0, 53); font-family: Arial; font-size: x-large;">lympic memorabilia.</strong></p><p style="text-align: center; " align="center"><font size="5"><font color="#8a0035" face="Arial"><strong>It's in very good condition</strong></font></font></p><p style="text-align: center; " align="center"><font size="5"><font color="#8a0035" face="Arial"><strong>You will receive exactly the item that is shown in the photos.</strong></font></font></p><p style="text-align: center; " align="center"><b style="color: rgb(138, 0, 53); font-family: Arial; font-size: x-large; "><span class="hps" closure_uid_5tghbl="24313" pc="null">&nbsp;</span></b><b><font class="Apple-style-span" color="#8a0035" face="Arial" size="5">PLEASE SEE PICTURES FOR DETAILS!</font></b></p><div><div id="gt-res-content" class="almost_half_cell" closure_uid_5tghbl="214"><div dir="ltr" closure_uid_5tghbl="213" style="text-align: center;zoom: 1; "><font style="color: rgb(251, 0, 52); " size="4"><span class="hps" rc="null" closure_uid_59jjei="1957">Payment</span> </font><span class="hps" rc="null" closure_uid_59jjei="1958" style="color: rgb(251, 0, 52); "><font size="4">by</font> <strong>PAY PAL</strong></span></div></div></div><div>
<p style="font-family: Arial; color: rgb(0, 44, 253); text-align: center; font-size: large;"><span><span style="mso-spacerun: yes"><span style="FONT-SIZE: 14pt; mso-ansi-language: EN-US" lang="EN-US"><strong>Shipping/Postcosts(Commissions for eBay included)</strong></span></span></span></p>
<p style="font-family: Arial; color: rgb(0, 44, 253); text-align: center; font-size: large;"><span class="hps" closure_uid_63w1io="807" kc="null">Delivery</span> <span class="hps" closure_uid_63w1io="808" kc="null">by</span> <span class="hps" closure_uid_63w1io="809" kc="null">registered</span> <span class="hps" closure_uid_63w1io="810" kc="null">mail</span> <span class="hps" closure_uid_63w1io="811" kc="null">only</span> <span class="hps" closure_uid_63w1io="812" kc="null">(no</span> <span class="hps" closure_uid_63w1io="813" kc="null">risk)</span><span style="font-size: 16pt; ">:</span></p><p style="text-align: center;"><font color="#00ae5f" face="Arial, Helvetica, sans-serif" size="4"><b>&nbsp;</b></font><b style="color: rgb(0, 44, 253); font-family: Arial; font-size: large;"><span style="font-size: 14pt;" lang="EN-US"><u>US$ 7.00&nbsp;for 1 pin badge</u></span></b></p>
<p style="font-family: Arial; color: rgb(0, 44, 253); font-size: large;"><strong></strong></p><br><div><div style="text-align: center;"><strong style="font-size: 14pt; ">Shipping/Postcosts(Commissions for eBay and PayPal included)</strong></div><p style="text-align: center;"><strong><font size="5" color="#fb0034">Shipping costs :&nbsp;&nbsp;&nbsp;By Registered Air Mail &nbsp;with tracking number for&nbsp;&nbsp;any country on World</font></strong></p><p style="text-align: center;"><strong style="font-size: large; "></strong></p><p style="text-align: center;font-weight: bold; font-family: Arial; font-size: large; color: rgb(0, 44, 253); margin: 0cm 0cm 0pt; " class="MsoNormal"><font><font size="4"><strong>Shipping costs :<span style="mso-spacerun: yes">&nbsp;&nbsp; </span>By Registered Mail<span style="mso-spacerun: yes">&nbsp; </span>for<span style="mso-spacerun: yes">&nbsp; </span>any country.</strong></font></font></p><font>
<p style="text-align: center;font-weight: bold; font-family: Arial; font-size: large; color: rgb(0, 44, 253); margin: 0cm 0cm 0pt; " class="MsoNormal"><font size="4"><strong>The item will be shipped from Europe/Bulgaria. </strong></font></p>
<p style="text-align: center;font-weight: bold; font-family: Arial; font-size: large; color: rgb(0, 44, 253); margin: 0cm 0cm 0pt; " class="MsoNormal"><font size="4"><strong>Delivery to Europe may take about 4-9 days, </strong></font></p>
<p style="text-align: center;font-weight: bold; font-family: Arial; font-size: large; color: rgb(0, 44, 253); margin: 0cm 0cm 0pt; " class="MsoNormal"><font size="4"><strong>to the US - about 9<font size="4">-20&nbsp;</font>days,</strong></font></p>
<p style="text-align: center;font-weight: bold; font-family: Arial; font-size: large; color: rgb(0, 44, 253); margin: 0cm 0cm 0pt; " class="MsoNormal"><font size="4"><strong>to Australia, Asia and rest of the world - 20-25 days.</strong></font></p><p style="text-align: center;font-weight: bold; font-family: Arial; font-size: large; color: rgb(0, 44, 253); margin: 0cm 0cm 0pt; " class="MsoNormal"><font size="4"><strong><br></strong></font></p></font><div style="text-align: center; color: rgb(138, 0, 53); "><b style="color: rgb(0, 0, 0); font-family: Arial; text-align: start; "><b><div style="display: inline !important; "><b><div style="display: inline !important; "><b><div style="display: inline !important; "><b><span lang="EN-US"><font color="#002cfd" face="Arial">We combine shipping on multiple orders all items with one shipping cost, but please contact us before</font></span></b></div></b></div></b></div></b></b></div><div style="color: rgb(138, 0, 53); text-align: center; "><b><span lang="EN-US"><font color="#002cfd" face="Arial">paying for more than one item so that we can let you know exactly how much the combined shipping&nbsp;</font></span></b><b><span lang="EN-US"><font color="#002cfd" face="Arial">cost will be.</font></span></b>&nbsp;</div><div style="color: rgb(138, 0, 53); text-align: center; "><span style="font-size: small; "><br></span></div><div style="color: rgb(138, 0, 53); text-align: center; "><b style="color: rgb(243, 0, 148); ">GOOD LUCK AND HAPPY BIDDING!</b></div><div style="color: rgb(138, 0, 53); text-align: center; "><b style="color: rgb(243, 0, 148); "><br></b></div><div style="color: rgb(138, 0, 53); text-align: center; "><br></div><p class="MsoNormal" style="text-align: center;margin: 0cm 0cm 0pt; "><br></p></div></div>

    
<!-- Begin: AuctivaCounter --><style type="text/css">.aucCounter a { text-decoration:none; }.aucCounter span:hover { text-decoration:underline; }.aucHiddenCounter { display:none; }.aucCounterOrangeText { color:#FB6D05; font-family:Arial; Font-size:13px; Font-weight:bold; }.aucCounterBlueText { color:#0068ac; Font-family:Arial; Font-size:11px; }</style> <div align="center" class="aucCounter"><img src="https://counters.auctiva.com/aucount/272574548185?s=y" title="Start Your 30-Day Free Trial Now"><br><a href="https://pages.ebay.com/seller-center/listing/listing-advanced-sellers/third-party-listing-tools.html#auctiva" target="_blank"><span class="aucCounterOrangeText">Track Page Views With</span><br><span class="aucCounterBlueText">Auctiva's FREE Counter</span></a></div><!-- End: AuctivaCounter --></font></font></font>
</DOC>
<DOC>
<DOCID>1700666</DOCID>
<CATEGORY>Collectibles > Holiday & Seasonal > Christmas: Vintage (Pre-1946) > Ornaments</CATEGORY>
<ORIGTITLE>Box of 6 West German Unsilvered Foil Flower Mica Angel Hair Glass Xmas Ornaments</ORIGTITLE>
<div align="center"><i><b><font size="5"><font face="Arial Black"><font color="#FF0010"><font color="#000000">A box of hard to find unsilvered glass West German Christmas Ornaments<br>with pretty white glittery mica stripes and foil braiding and stars.....coping earlier German decorated ornaments.<br>with pretty spun glass inside each ornament added to it's appeal!<br>2 Teardrops and 4 spheres...one sphere a bit smaller than the others<br>the teardrops have green spun glass inside them...2 of the larger spheres have pink spun glass...another large size has yellow.<br>the smaller sphere has 2 pretty wide white coconut rings and repeating dark mica stars <br>&nbsp;and a horizontal ring decorating the outer center...inside has purple spun glass!<br><br>I see questions on different Christmas boards asking about these lovely WG ornaments...collectors looking for them...but rarely lucky enough to find them.&nbsp; I hope someone searching will be delighted to find this pretty box of 6!<br><br>I have many beautiful items to list....please check back!<br><br><br></font></font>**************************************************************<br><br><br>Please keep checking in my Christmas Store!<br>I have many boxes of 12 ornaments ready to list in addition to numerous singles and smaller lots...AND lots of other great Christmas treats from the past!<br>I will make note of anything more than very minor wear of my listings.<br>Many hours are spent searching for the best vintage ornaments, both to fill my boxes and to offer special individual ornaments and items </font></font></b></i><i><b><font size="5"><font face="Arial Black"><i><b><font size="5"><font face="Arial Black">in the hope that they will be taken out with great pleasure year after year.</font></font></b></i><br><br><br></font></font></b></i><br></div><div align="center"><i><b><font size="4"><font face="Arial Black">Check out my <a href="http://search.ebay.com/?sass=carolinachicchick&amp;ht=-1" target="_blank">other items</a>! AND... Be sure to add me to your <a href="http://my.ebay.com/ws/eBayISAPI.dll?AcceptSavedSeller&amp;sellerid=carolinachicchick&amp;sspageName=DB:FavList" target="_blank">favorites list</a>!<br></font></font></b></i><font size="4">don't hesitate to ask questions or state concerns about this listing or any other listing in my store<br></font><h2 id="cquery" value="czechoslovakia"><a href="http://search.yahoo.com/search;_ylt=A0oG7l0dsZJSvG8Ah1ZXNyoA?ei=UTF-8&amp;fr=moz35&amp;p=czechoslovakia&amp;SpellState=&amp;fr2=sp-qrw-corr-top"><strong><font size="4">I'm in the process of stocking my ebay Christmas store for the upcoming season and would love for you to check my stock often.<br>I try to ship quickly and always pack with experienced care .... happy to combine shipping, please add all your items into the shopping cart and pay for them together to get the combined shipping discount and tracking for each item.&nbsp; If there is any ebay calculated overcharge, it will be quickly refunded.</font></strong></a></h2><h2 id="cquery" value="czechoslovakia"><a href="http://search.yahoo.com/search;_ylt=A0oG7l0dsZJSvG8Ah1ZXNyoA?ei=UTF-8&amp;fr=moz35&amp;p=czechoslovakia&amp;SpellState=&amp;fr2=sp-qrw-corr-top"><strong><font size="4">&nbsp;Thanks,&nbsp; laura<br></font></strong></a></h2><p><br></p><p><br></p></div><p></p>
</DOC>
<DOC>
<DOCID>1700656</DOCID>
<CATEGORY>Collectibles > Disneyana > Contemporary (1968-Now) > Frames</CATEGORY>
<ORIGTITLE>Vintage Mickey Mouse Minnie Puzzle Picture Frame Figure Cereal Box Booklet</ORIGTITLE>
You are bidding on a Vintage Mickey Mouse Minnie Puzzle Picture Frame Figure Cereal Box Booklet. It is in good condition and measures .&nbsp;Please see my other items to save on shipping.&nbsp;I am the business of treasure hunting and recycling cool vintage items and collectibles for ebay in a region where they are still found at auctions, garage sales, and flea markets.  I am not an antique dealer, and in an effort to make my items a real bargain I generally leave cleaning and sometimes repair to the final collector.  The bidder pays shipping, packaging, and insurance or delivery confirmation.  Every effort is made to describe items to the best of my ability and pack items safely and securely.  No warranties expressed or implied,  all vintage items are in as is condition.  I expect to be paid for merchandise 3 days of auction ending date.  Please visit my other auctions to save on shipping.
</DOC>
<DOC>
<DOCID>1700650</DOCID>
<CATEGORY>Collectibles > Tobacciana > Lighters > Zippo > Other Zippo Lighters</CATEGORY>
<ORIGTITLE>"Oriental Beauty" B. Cosmetic Can Ali J. XII Engraved Zippo ZIPPO Lighter Zippo</ORIGTITLE>
<font rwr='1' size='4' style='font-family:Arial'><font rwr="1" style=""><font rwr="1" style=""><font rwr="1" style=""><font rwr="1" style=""><font rwr="1" style=""><font rwr="1" style=""><font rwr="1" style=""><font rwr="1" style=""><font rwr="1" style=""><font rwr="1" style=""><font rwr="1" style=""><font rwr="1" style=""><font rwr="1" style=""><meta http-equiv="Content-Type" content="text/html; charset=utf-8">
<meta http-equiv="Content-Style-Type" content="text/css">
<meta http-equiv="X-UA-Compatible" content="IE=7">
<div style="width: 100%; text-align: center;">
<div style="width: 800px; margin: 0px auto;">
<div id="001" style="width: 800px; text-align: left;">
<h1 align="center" style="background-color: rgb(255, 153, 153); padding: 10px; margin: 0px; height: 50px; line-height: 50px; width: 790px;"><span style="font-family: century, Helvetica, sans-serif; font-size: 29px; color: rgb(255, 255, 255);">&nbsp;</span><font color="#ffffff" face="century, Helvetica, sans-serif"><span style="font-size: 29px;">"Oriental Beauty" B. Cosmetic Can Ali J. XII Engraved Zippo ZIPPO Lighter Zippo&nbsp;</span></font></h1>
<div align="center" style="font-family: century, Helvetica, sans-serif; font-size: 16px;"></div>
<div class="sub_tit" style="font-family: century, Helvetica, sans-serif; font-size: 35px; width: 780px; height: 30px; line-height: 30px; padding: 10px; background-color: rgb(255, 153, 153); color: rgb(255, 255, 255); font-weight: bold;">
Description</div>
<div style=""><div style=""><div style=""><div style=""><div style=""><font face="Arial"><span style="font-size: 18.6667px;">"Oriental Beauty"</span></font></div><div style=""><font face="Arial"><span style="font-size: 18.6667px;">Made in 1996. Limited sale in Hong Kong to commemorate the return of Hong Kong to China.</span></font><span style="font-family: Arial; font-size: 14pt;">.</span></div></div><div style="font-family: Arial; font-size: 14pt;"><br></div></div><div style="font-family: Arial; font-size: 14pt;"><div style=""><div style=""><img src="https://i.ebayimg.com/00/s/NTAwWDUwMA==/z/4JsAAOSwy2pcKuAr/$_0.JPG?set_id=8800005007" alt="2.jpg">　　　<img src="https://i.ebayimg.com/00/s/NTAwWDUwMA==/z/4JsAAOSwy2pcKuAr/$_0.JPG?set_id=8800005007" alt="2.jpg" style="font-size: 14pt;">　　　　　<img src="https://i.ebayimg.com/00/s/NTAwWDUwMA==/z/4JsAAOSwy2pcKuAr/$_0.JPG?set_id=8800005007" alt="2.jpg" style="font-size: 14pt;">　　　　<img src="https://i.ebayimg.com/00/s/NTAwWDUwMA==/z/4JsAAOSwy2pcKuAr/$_0.JPG?set_id=8800005007" alt="2.jpg" style="font-size: 14pt;">　　　　<img src="https://i.ebayimg.com/00/s/NTAwWDUwMA==/z/4JsAAOSwy2pcKuAr/$_0.JPG?set_id=8800005007" alt="2.jpg" style="font-size: 14pt;"></div></div></div><div style="font-family: Arial; font-size: 14pt;">※ Used Vintage Items Returned goods are not accepted so please purchase after checking well.</div><div style="font-family: Arial; font-size: 14pt;"><br></div></div><div style="font-family: Arial; font-size: 14pt;"><br></div></div><font face="century, Helvetica, sans-serif" style="font-family: Arial; font-size: 14pt;">&nbsp; &nbsp; &nbsp;</font><b style="font-family: Arial; font-size: 14pt;"><font color="#ff0010">Note: Customs in Japan can not send finished products of oil lighters, so they will be disassembled and sent as lighter parts.</font></b><div id="001" style="font-family: Arial; font-size: 14pt; width: 800px;"><b><font color="#ff0010">Please assemble when it arrives.</font></b></div><div class="Payment" style="font-family: century, Helvetica, sans-serif; font-size: 35px; width: 780px; height: 30px; line-height: 40px; padding: 10px; background-color: rgb(255, 153, 153); color: rgb(255, 255, 255); font-weight: bold;">
Payment
</div>
<p class="sub_text" style="font-family: century, Helvetica, sans-serif; font-size: 16px; width: 660px; padding: 0px 10px;">I accept PayPal only.<img src="https://i.ebayimg.com/00/s/NTAwWDUwMA==/z/4JsAAOSwy2pcKuAr/$_0.JPG?set_id=8800005007" alt="2.jpg"><br>
Please pay within 5 days after the auction closed.</p>
<div class="Shipping" style="font-family: century, Helvetica, sans-serif; font-size: 35px; width: 780px; height: 30px; line-height: 40px; padding: 10px; background-color: rgb(255, 153, 153); color: rgb(255, 255, 255); font-weight: bold;">
Shipping
</div><font face="century, Helvetica, sans-serif" style="font-family: Arial; font-size: 14pt;">
&nbsp; 
&nbsp; &nbsp; 
&nbsp; &nbsp; 
&nbsp; &nbsp; 
&nbsp; &nbsp; 
&nbsp; 
&nbsp; 
&nbsp; &nbsp; 
&nbsp; &nbsp; 
&nbsp; &nbsp; 
&nbsp; 
&nbsp; 
&nbsp; &nbsp; 
&nbsp; &nbsp; 
&nbsp; 
&nbsp; 
&nbsp; &nbsp; 
&nbsp; &nbsp; 
&nbsp; </font><table width="500" border="2"  ="" bordercolor="#C71585" cellpadding="5" align="left" style="font-family: century, Helvetica, sans-serif; font-size: 16px;"><tbody><tr><th width="75" rowspan="4" bgcolor="#FF99CC"><strong>Shipping</strong></th><td width="72" bgcolor="#FFCCCC"><strong>Airmail</strong></td><td width="161" bgcolor="#FFFFFF">Worldwide</td><td width="72" bgcolor="#FF99CC">USD 0<br></td></tr><tr><td rowspan="3" bgcolor="#FFCCCC"><strong>EMS</strong></td><td bgcolor="#FFFFFF">Asia</td><td bgcolor="#FFCCCC">USD 15</td></tr><tr><td bgcolor="#FFFFFF">Usa,Canada,Australia</td><td bgcolor="#FF99CC">USD 15</td></tr><tr><td bgcolor="#FFFFFF">Europe</td><td bgcolor="#FFCCCC">USD 30</td></tr>
</tbody></table>

<p class="sub_text" style="font-family: century, Helvetica, sans-serif; font-size: 16px; width: 660px; padding: 0px 10px;">
Shipping is EMS or AIRMAIL.<br>
Please choose the shipping method which you hope.
</p>
<p class="sub_text" style="font-family: century, Helvetica, sans-serif; font-size: 16px; width: 780px; padding: 0px 10px;">About other area, please ask me.<br>
When you purchase two or more my items, I can send them together and discount shipping cost. </p>
<div class="sub_tit" style="font-family: century, Helvetica, sans-serif; font-size: 35px; width: 780px; height: 30px; line-height: 40px; padding: 10px; background-color: rgb(255, 153, 153); color: rgb(255, 255, 255); font-weight: bold;">
Returns
</div>
<p class="sub_text" style="font-family: century, Helvetica, sans-serif; font-size: 16px; width: 780px; padding: 0px 10px;">Returned goods can not be done, please check with the photograph</p>
<p class="sub_text" style="font-family: century, Helvetica, sans-serif; font-size: 16px; width: 780px; padding: 0px 10px;">&nbsp;</p>
<div class="sub_tit" style="font-family: century, Helvetica, sans-serif; font-size: 35px; width: 780px; height: 30px; line-height: 40px; padding: 10px; background-color: rgb(255, 153, 153); color: rgb(255, 255, 255); font-weight: bold;">
International Buyers - Please Note:&nbsp;
</div>
<p class="sub_text" style="font-family: century, Helvetica, sans-serif; font-size: 16px; width: 780px; padding: 0px 10px;">
* Import duties, taxes and charges are not included in the item price or shipping charges. These charges are the buyer's responsibility.&nbsp;
<br>
* Please check with your country's customs office to determine what these additional costs will be prior to bidding/buying.
<br>
* These charges are normally collected by the delivering freight (shipping) company or when you pick the item up - do not confuse them for additional shipping charges. &nbsp;
<br>
* We do not mark merchandise values below value or mark items as "gifts" - US and International government regulations prohibit such behavior.<br>
<br>
<br>
</p>
<div id="foot" style="font-family: century, Helvetica, sans-serif; font-size: 15px; width: 100%; height: 60px; background-color: rgb(255, 153, 153); font-weight: bold; line-height: 60px;">
</div>
</div>
</div>
</div><font face="Arial" style="font-family: Arial; font-size: 14pt;"><span style="font-size: 14pt;">
&nbsp; &nbsp;&nbsp;</span></font></font></font></font></font></font></font></font></font></font></font></font></font></font></font>
</DOC>
<DOC>
<DOCID>1700651</DOCID>
<CATEGORY>Collectibles > Disneyana > Contemporary (1968-Now) > Phones</CATEGORY>
<ORIGTITLE>1990's AT&T Disney Mickey Mouse Touch Tone Push Button Corded Red Telephone</ORIGTITLE>
<font rwr='1' size='4' style='font-family:Arial'><p>1990's AT&amp;T Disney Mickey Mouse Touch Tone Push Button Corded Red Telephone. Condition is Used. Shipped with USPS </p><br><p>Tested and still works fine.</p></font>
</DOC>
<DOC>
<DOCID>1700660</DOCID>
<CATEGORY>Collectibles > Cultures & Ethnicities > Latin American > Mexico > Folk Art</CATEGORY>
<ORIGTITLE>Painted Wood Cross w/Guadalupe Milagro</ORIGTITLE>
<font rwr="1" size="4" style="font-family:Arial"><font rwr="1"><font rwr="1" size="4"><font rwr="1"><font size="4"><font face="-webkit-standard" size="4" style="font-family: Arial;">This is a charming hand-painted wooden&nbsp;</font><font face="Arial">cross with</font><font face="-webkit-standard" size="4"><font face="Arial">&nbsp;a&nbsp;</font>milagro of Our</font></font></font></font><font face="Arial" size="2"><font size="4">&nbsp;Lady of Guadalupe.. It measures 8" by 12". There is a crack beneath the milagro.</font></font></font></font>
</DOC>
<DOC>
<DOCID>1700664</DOCID>
<CATEGORY>Collectibles > Comics > Modern Age (1992-Now) > Superhero > X-Men</CATEGORY>
<ORIGTITLE>X-Men: Curse of the Mutants #1 CGC 9.8 SS Taylor Kitsch Autographed</ORIGTITLE>
<font rwr='1' size='4' style='font-family:Arial'><font rwr="1" size="4" style="font-family:Arial"><font rwr="1" size="4" style="font-family:Arial"><p>This is an amazing autographed comic . X-Men curse of the Mutants #1 , autographed by Taylor Kitsch . Includes COA and an amazing addition to anyone’s collection.</p><br><p>All sales are thru Pay Pal only. And funds must be collected within 48 hours.</p><br><p>Please check out my other listings. I do ship outside of the U.S. As long as you use the global shipping program.All my listings ,I do my best to try to show any pictures of imperfections on them. I will ship to Hawaii, Puerto Rico and Alaska but the shipping and handling will have to be modified for the distance before you pay, so please message me if you have any questions on shipping or items. Thanks for shopping with me</p></font></font></font>
</DOC>
<DOC>
<DOCID>1700658</DOCID>
<CATEGORY>Collectibles > Advertising > Agriculture > John Deere > Banks</CATEGORY>
<ORIGTITLE>John Deere Gas Pump Tin Coin Bank Of JD Petroleum Gas Collectable</ORIGTITLE>
<font rwr='1' size='4' style='font-family:Arial'><meta name="viewport" content="width=device-width, initial-scale=1.0"><font face="Arial"><span style="font-size: 18.6667px;">John Deere Gas Pump Tin Coin Bank Of JD Petroleum Gas Collectable&nbsp;</span></font><div><font face="Arial"><span style="font-size: 18.6667px;">7" Green, Yellow. Black</span></font></div></font>
</DOC>
<DOC>
<DOCID>1700653</DOCID>
<CATEGORY>Collectibles > Transportation > Railroadiana & Trains > Photographs > Negatives</CATEGORY>
<ORIGTITLE>1940s Key System Interurban Car #157 'Not in Service' - Vtg Railroad Negative</ORIGTITLE>
<font rwr="1" size="4" style="font-family:Arial"><font rwr="1" size="4" style="font-family:Arial"><font rwr="1" size="4" style="font-family:Arial"><font rwr="1" size="4" style="font-family:Arial"><font rwr="1" size="4" style="font-family:Arial"><font rwr="1" size="4" style="font-family:Arial"><font rwr="1" size="4" style="font-family:Arial"><font rwr="1" size="4" style="font-family:Arial"><font rwr="1" size="4" style="font-family:Arial"><font rwr="1" size="4" style="font-family:Arial"><font rwr="1" size="4" style="font-family:Arial"><font rwr="1" size="4" style="font-family:Arial"><font rwr="1" size="4" style="font-family:Arial"><font rwr="1" size="4" style="font-family:Arial"><font rwr="1" size="4" style="font-family:Arial"><font rwr="1" size="4" style="font-family:Arial"><font rwr="1" size="4" style="font-family:Arial"><font rwr="1" size="4" style="font-family:Arial"><font rwr="1" size="4" style="font-family:Arial"><font rwr="1" size="4" style="font-family:Arial"><font rwr="1" size="4" style="font-family:Arial"><font rwr="1" size="4" style="font-family:Arial"><font rwr="1" size="4" style="font-family:Arial"><font rwr="1" size="4" style="font-family:Arial"><font rwr="1" size="4" style="font-family:Arial"><font rwr="1" size="4" style="font-family:Arial"><font rwr="1" size="4" style="font-family:Arial"><font rwr="1" size="4" style="font-family:Arial"><font rwr="1" size="4" style="font-family:Arial"><font rwr="1" size="4" style="font-family:Arial"><font rwr="1" size="4" style="font-family:Arial"><font rwr="1" size="4" style="font-family:Arial"><font rwr="1" size="4" style="font-family:Arial"><font rwr="1" size="4" style="font-family:Arial"><font rwr="1" size="4" style="font-family:Arial"><style>@font-face {
  font-family: "Times New Roman";
}@font-face {
  font-family: "Arial";
}p.MsoNormal, li.MsoNormal, div.MsoNormal { margin: 0in 0in 0.0001pt; font-size: 12pt; font-family: "Times New Roman"; }table.MsoNormalTable { font-size: 10pt; font-family: "Times New Roman"; }table.MsoTableGrid { font-size: 10pt; font-family: "Times New Roman"; }div.Section1 { page: Section1; }</style>



<table style="border-collapse: collapse; border: medium none; width: 932px; height: 948px;" border="1" cellpadding="0" cellspacing="0">
 <tbody><tr>
  <td style="width: 661pt; border: 0.5pt solid windowtext; background: none repeat scroll 0% 0% maroon; padding: 0in 5.4pt;" valign="top" width="661">
  <p class="MsoNormal" style="margin: 8pt 0in;"><span style="font-size: 20pt; font-family: Arial; color: white;"><b>Description</b></span><span style="font-size: 20pt; color: white;"><b></b></span></p>
  </td>
 </tr>
 <tr>
  <td style="width: 661pt; border-width: medium 0.5pt 0.5pt; border-style: none solid solid; border-color: -moz-use-text-color windowtext windowtext; background: none repeat scroll 0% 0% rgb(249, 183, 161); padding: 0in 5.4pt;" valign="top" width="661">
  <p class="MsoNormal" style="margin: 8pt 0in;"><span style="font-size: 16pt; font-family: Arial; color: maroon;"><b>Media Format:</b></span><span style="font-size: 16pt; font-family: Arial;">&nbsp;Negative<br></span></p><p class="MsoNormal" style="margin: 8pt 0in;"><span style="font-size: 16pt; font-family: Arial; color: maroon;"><b>Color/B&amp;W:</b></span><span style="font-size: 16pt; font-family: Arial;"> Black and white</span></p><p class="MsoNormal" style="margin: 8pt 0in;"><span style="font-size: 16pt; font-family: Arial; color: maroon;"><b>Original/Duplicate:</b></span><span style="font-size: 16pt; font-family: Arial;"> Original<br></span></p><p class="MsoNormal" style="margin: 8pt 0in;"><span style="font-family: Arial; font-size: 16pt; color: maroon;"><b>Company:</b></span><span style="font-family: Arial; font-size: 16pt;">&nbsp;Key System</span></p><p class="MsoNormal" style="margin: 8pt 0in;"><span style="font-family: Arial; font-size: 16pt; color: maroon;"><b>Subject:</b></span><span style="font-family: Arial; font-size: 16pt;">&nbsp;Interurban rail car #157...'Not in Service'</span></p><p class="MsoNormal" style="margin: 8pt 0in;"><span style="font-size: 16pt; font-family: Arial; color: maroon;"><b>Date:</b></span><span style="font-size: 16pt; font-family: Arial;"> Not dated, circa 1940s&nbsp;</span></p><p class="MsoNormal" style="margin: 8pt 0in;"><span style="font-size: 16pt; font-family: Arial; color: maroon;"><b>Size:</b></span><span style="font-size: 16pt; font-family: Arial;"> Approximately 1.25 x 1.75 inches <br></span></p>
  <p class="MsoNormal" style="margin: 8pt 0in;"><span style="font-size: 16pt; font-family: Arial; color: maroon;"><b>Condition:</b></span><span style="font-size: 16pt; font-family: Arial;"> Excellent condition but may have small scratches or marks (all easily fixable with a graphics program) not apparent in the small, lower resolution scans</span></p>
  <p class="MsoNormal" style="margin: 8pt 0in;"><span style="font-size: 16pt; font-family: Arial; color: maroon;"><b>S&amp;H:</b></span><span style="font-size: 16pt; font-family: Arial;"> $3.00</span></p><p class="MsoNormal" style="margin: 8pt 0in;"><span style="font-size: 16pt; font-family: Arial; color: maroon;"><b>Inv#:</b></span><span style="font-size: 16pt; font-family: Arial;">&nbsp;11191</span></p><p class="MsoNormal" style="margin: 8pt 0in;"><span style="font-size: 16pt; font-family: Arial; color: maroon;"><b>Theme:</b></span><span style="font-size: 16pt; font-family: Arial;">&nbsp;Trains, Railroad, Locomotive, EMD, ALCO, GE, Steam, Diesel, Street Car, Rail, Trolley</span></p>
  </td>
 </tr>
 <tr>
  <td style="width: 661pt; border-width: medium 0.5pt 0.5pt; border-style: none solid solid; border-color: -moz-use-text-color windowtext windowtext; background: none repeat scroll 0% 0% maroon; padding: 0in 5.4pt;" valign="top" width="661">
  <p class="MsoNormal" style="margin: 8pt 0in;"><span style="font-size: 20pt; font-family: Arial; color: white;"><b>Payment &amp; Shipping Information</b></span><span style="font-size: 20pt; color: white;"><b></b></span></p>
  </td>
 </tr>
 <tr>
  <td style="width: 661pt; border-width: medium 0.5pt 0.5pt; border-style: none solid solid; border-color: -moz-use-text-color windowtext windowtext; background: none repeat scroll 0% 0% rgb(249, 183, 161); padding: 0in 5.4pt;" valign="top" width="661">
  <p class="MsoNormal" style="margin: 8pt 0in;"><span style="font-size: 16pt; font-family: Arial; color: maroon;"><b>Payment:</b></span><span style="font-size: 16pt; font-family: Arial;"> Payment (US funds only) is due within 10 days of auction end. Please
  allow reasonable time for payments to clear (typically 10 days).</span></p>
  <p class="MsoNormal" style="margin: 8pt 0in;"><span style="font-size: 16pt; font-family: Arial; color: maroon;"><b>Packaging:</b></span><span style="font-size: 16pt; font-family: Arial;"> The greatest care is taken in packing your items. Paper
  items are shipped with backing and plastic sleeve.</span></p>
  <p class="MsoNormal" style="margin: 8pt 0in;"><span style="font-size: 16pt; font-family: Arial; color: maroon;"><b>Shipping:</b></span><span style="font-size: 16pt; font-family: Arial;"> All items shipped via USPS.</span></p>
  <p class="MsoNormal" style="margin: 8pt 0in;"><span style="font-size: 16pt; font-family: Arial; color: maroon;"><b>Domestic (US) S&amp;H Charges:</b></span><span style="font-size: 16pt; font-family: Arial;"> $3.00</span></p>
  <p class="MsoNormal" style="margin: 8pt 0in;"><span style="font-size: 16pt; font-family: Arial; color: maroon;"><b>International S&amp;H Charges:</b></span><span style="font-size: 16pt; font-family: Arial;"> $4.50</span></p>
  <p class="MsoNormal" style="margin: 8pt 0in;"><span style="font-size: 16pt; font-family: Arial; color: maroon;"><b>Multiple Items:</b></span><span style="font-size: 16pt; font-family: Arial;"> S&amp;H for each additional item is $1.00 (please note
  that charges for multiple magazines or other heavy items may be greater due
  to weight, please email with questions)...please wait before paying for multiple items so that we can reflect multiple purchases on the invoice<br></span></p>
  </td>
 </tr>
 <tr>
  <td style="width: 661pt; border-width: medium 0.5pt 0.5pt; border-style: none solid solid; border-color: -moz-use-text-color windowtext windowtext; background: none repeat scroll 0% 0% maroon; padding: 0in 5.4pt;" valign="top" width="661">
  <p class="MsoNormal" style="margin: 8pt 0in;"><span style="font-size: 20pt; font-family: Arial; color: white;"><b>Terms of Sale</b></span></p>
  </td>
 </tr>
 <tr>
  <td style="width: 661pt; border-width: medium 0.5pt 0.5pt; border-style: none solid solid; border-color: -moz-use-text-color windowtext windowtext; background: none repeat scroll 0% 0% rgb(249, 183, 161); padding: 0in 5.4pt;" valign="top" width="661">
  <p class="MsoNormal" style="margin: 8pt 0in;"><span style="font-size: 16pt; font-family: Arial;">We do
  our best to describe items as accurately as possible. All auctions have
  pictures to show detail and any damage. In the event that you should have a
  problem, please contact us IMMEDIATELY upon receipt of the auction item. If
  we have inaccurately described your item, a full refund will be issued. </span><span style="font-size: 16pt;"></span></p>
  </td>
 </tr>
</tbody></table></font></font></font></font></font></font></font></font></font></font></font></font></font></font></font></font></font></font></font></font></font></font></font></font></font></font></font></font></font></font></font></font></font></font></font>
</DOC>
<DOC>
<DOCID>1700659</DOCID>
<CATEGORY>Collectibles > Non-Sport Trading Cards > Star Wars Trading Cards > Trading Card Singles</CATEGORY>
<ORIGTITLE>2016 Topps Star Wars Force Awakens Series 2 BLUE Foil Parallel #47</ORIGTITLE>

							<TABLE CELLSPACING="28" CELLPADDING="0" WIDTH="100%">
							<TR>
								<TD VALIGN="top">
						<P align=left><FONT color=#000000><FONT size=6 face=Arial><STRONG>2016 Topps Star Wars Force Awakens Series 2 <SPAN id=productTitle class=a-size-large>&nbsp;</SPAN></STRONG></FONT></FONT></P>
<P align=left><FONT color=#000000><FONT size=6 face=Arial><STRONG>Card Listed in title &nbsp;</STRONG></FONT></FONT></P>
<P align=left><FONT color=#00005e size=6 face=Arial><STRONG>Serial Number In Title (If Numbered)</STRONG></FONT></P>
<P align=left><STRONG><FONT color=#ff0000 size=6>Card&nbsp;# in Title&nbsp;</FONT></STRONG></P>
<P align=left><FONT color=#000000 size=4><STRONG>Winner to add $3.49 for shipping ,Canada is $8.99 , Worldwide&nbsp;International shipping is $11.99</STRONG></FONT></P>
<P align=left><FONT color=#000000></FONT></P>
<P class=vi-is1-titleH1 align=left><FONT color=#000000 size=4><STRONG>Additional Items are just $0.25 each</STRONG></FONT></P>
<P align=left><FONT color=#000000 size=4><STRONG>International Items over $39.99 may require regisitered mail at a charge of $19.99</STRONG></FONT></P>
<P align=left><FONT color=#000000 size=4><STRONG>International Items over $200.00 May require express mail at a charge of $44.95 </STRONG></FONT></P>
<P align=left><FONT color=#000000 size=4><STRONG>Payment by Paypal and is expected within 3 days .</STRONG></FONT></P>
<P align=left><FONT color=#000000 size=4><STRONG>Thank you and good luck </STRONG></FONT></P>
<CENTER></CENTER>

								</TD>
							</TR>
							</TABLE>
						
</DOC>
<DOC>
<DOCID>1700648</DOCID>
<CATEGORY>Collectibles > Decorative Collectibles > Other Decorative Collectibles</CATEGORY>
<ORIGTITLE>PIG SAVING (PIGGY) BANK #4227-1,  NEW  From Retail Store by RANGER 5.5" x 6.5"</ORIGTITLE>
<p><strong><em><font color="#ef00fd" size="4" face="Comic Sans MS">Ranger International Accessory #4227-1 PIG SAVING (PIGGY) BANK, Retired 5.5" high x 6.5" long resin/metal figurine piggy bank, NEW Mint in box with tag.</font></em></strong></p>
<p><strong><em><font color="#ef00fd" size="4" face="Comic Sans MS">From the Premier Gift Store in the Pacific Northwest with best selection of New retired figurines in Oregon. All of our products on eBay are NEW from our Unique Retail Gift Shop. </font></em></strong></p>
<p><strong><em><font color="#ef00fd" size="4" face="Comic Sans MS">BEST SELECTION OF NEW RETIRED COLLECTIBLE ANIMAL ANTICS BOBBLE FIGURINES AND ACCESSORIES FROM RANGER INTERNATIONAL ON EBAY.&nbsp;</font></em></strong></p>
<p><strong><em><font color="#ef00fd" size="4" face="Comic Sans MS">Check out our <a href="https://search.ebay.com/?sass=bearwatch&amp;ht=-1" target="_blank">other items</a>! SHOP IN OUR EBAY STORE <a href="https://stores.ebay.com//bearwatchakajustbearsandstuff"><img alt="My Stores Logo" src="https://pics.ebaystatic.com/aw/pics/icon/imgStores_55x16.gif" align="absMiddle" border="0"></a>&nbsp;for the best selection of NEW Figurines, Faeries, Angels, Plush, Jade, Pooh, Jeweled Trinket Boxes, Crystal Figurines, Cloisonne, Bears, artist Exclusives Limited Editions and more from BOYDS, BEARINGTON, FAERIE GLEN, GANZ COTTAGE, QUARRY CRITTERS, JADE by CASSIAR, CRYSTAL WORLD, VICTORIAN TREASURES ENAMELING, DEB CANHAM, including our shop exclusive ALETTA, WORLD of MINIATURES, CASTAGNA, AMIA, HOME GROWN, JIM SHORE, STEIFF and more. </font></em></strong></p>
<p><strong><em><font color="#ef00fd" size="4" face="Comic Sans MS">SHIPPING free for United States by Priority US Mail unless otherwise noted. We normally ship within 24 hours of payment. Will ship internationally. Contact for cost. Inspected prior to shipping. </font></em></strong></p>
<p><strong><em><font color="#ef00fd" size="4" face="Comic Sans MS">Join our list of Subscribers and receive updates of new listings, eBay store information and changes. Be sure to add us to your <a href="https://my.ebay.com/ws/eBayISAPI.dll?AcceptSavedSeller&amp;sellerid=bearwatch&amp;sspageName=DB:FavList" target="_blank">favorites list</a>!</font></em></strong></p>
</DOC>
<DOC>
<DOCID>1700670</DOCID>
<CATEGORY>Collectibles > Animation Art & Characters > Japanese, Anime > Other Anime Collectibles</CATEGORY>
<ORIGTITLE>The most lottery Dragon Ball VS EXISTENCE D Award colored paper all 12 species</ORIGTITLE>
<style type="text/css">
<!--
div#main {
  margin:0px;
  padding:20px;
  font-family:Trebuchet MS;
}
div#content {
  background-color:#FFFFFF;
  width:1000px;
  margin:0px auto;
  text-align:center;
  padding:20px;
}
div#gazou{
}
.red  { color:#ff0010;}
.blue { color:#002cfd;}
.white{ color:#FFFFFF;}
.left{text-align:left;}
.large{ font-size:300%;}
.medium{font-size:150%;}
.gazou{
  max-width: 450px;
  margin: 15px;
}
h1{
  background-color:#000000;
  color:#FFFFFF;
  padding:20px;
  font-size:200%;
}
--> 
</style>
<div id="main">
<div id="content">
<!-- ■header■ -->
<h1>Thank you for visiting our page</h1>
<p class="white">B07H25Z2CM</p><!-- sku -->
<div><!-- picture -->
&nbsp; &nbsp; <img src="https://images-fe.ssl-images-amazon.com/images/I/51-kT9%2Bx4VL.jpg" class="gazou" /> 
</div>
<!-- ■detail■ -->
<h1>Detail</h1>
<div class="left">
&nbsp; &nbsp; <p class="large">The most lottery Dragon Ball VS EXISTENCE D Award colored paper all 12 species</p><!-- title -->
&nbsp; &nbsp; <p class="medium">[ Condition ] </p>
&nbsp; &nbsp; <p>New</p><!-- brand -->
&nbsp; &nbsp; <p>Brand new and unopened condition.<br/>Our shop are all original authentic.</p>
&nbsp; &nbsp; <hr>
&nbsp; &nbsp; <p class="medium">[ Brand ] </p>
&nbsp; &nbsp; <p>Banpresto</p><!-- brand -->
&nbsp; &nbsp; <hr>
&nbsp; &nbsp; <p class="medium">[ Release Date(yyyy/mm/dd) ]</p>
&nbsp; &nbsp; <p></p><!-- date -->
&nbsp; &nbsp; <hr>
&nbsp; &nbsp; Size: about 27cm<br><br>According to the "VS EXISTENCE" (VS harsh-existence) figure of the concept, lineup !! parent and child, partner, rival, the draw revitalization of colored paper to the unmarked - more than that with the theme "combi" such as teacher and student
&nbsp; &nbsp; <hr>
&nbsp; &nbsp; <p class="medium">[ Country of Manufacture ]</p>
&nbsp; &nbsp; <p>If "Made in Japan" is NOT described &nbsp;on whole listing page,<br>Items are manufactured in other country (China, Vietnam and etc.).</p>
&nbsp; &nbsp; <hr>
&nbsp; &nbsp; <p class="medium">[ Manual & Menu Language ]</p> &nbsp; &nbsp;
&nbsp; &nbsp; <p>We treat Japanese Market Usage Items.
&nbsp; &nbsp; &nbsp; &nbsp; &nbsp; <br>So items have only Japanese Manual & Menu Language.</p>
&nbsp; &nbsp; <p class="red">*Japanese Menu Only : Panasonic Camera
&nbsp; &nbsp; &nbsp; &nbsp; &nbsp; <br>*English Menu available : Nikon, Canon</p>
&nbsp; &nbsp; <hr>
&nbsp; &nbsp; <p class="medium">[ Warranty ]</p>
&nbsp; &nbsp; <p>Japanese Warranty Only.
&nbsp; &nbsp; &nbsp; &nbsp; &nbsp; <br>Buyers need to send item to us in Japan to repair with warranty & own all shipping cost.
&nbsp; &nbsp; &nbsp; &nbsp; &nbsp; <br>If you need to repair item in your country with warranty, please do not order this item.</p>
&nbsp; &nbsp; <hr>
&nbsp; &nbsp; <p class="medium">[ Electronics ]</p>
&nbsp; &nbsp; <p>Japan Voltage : 100V&nbsp;
&nbsp; &nbsp; &nbsp; &nbsp; &nbsp; <br>Please check your country's voltage before order. Buyer may need down transfomer to use our item,
&nbsp; &nbsp; &nbsp; <br>Because most of country's voltage is higher than 100V.<br>Plug: TypeA<br>Please check your country's plug. Buyer may need exchange plug.<br>We can not accept return and refund if you broke item with these troubles.</p>
&nbsp; &nbsp; <hr>
</div>
<!-- ■■■■■payment■■■■■ -->
<h1>Payment</h1>
<div class="left">
&nbsp; &nbsp; <p class="medium red">[ International Buyers - Please Note ]</p>
&nbsp; &nbsp; <p class="red"> - Import duties, taxes and charges are not included in the item price or shipping charges. These charges are the buyer's responsibility.
&nbsp; &nbsp; &nbsp; <br> - Please check with your country's customs office to determine what these additional costs will be prior to bidding/buying.
&nbsp; &nbsp; &nbsp; <br> - These charges are normally collected by the delivering freight (shipping) company or when you pick the item up.
&nbsp; &nbsp; &nbsp; <br> &nbsp; Please do not confuse them for additional shipping charges.
&nbsp; &nbsp; &nbsp; <br> - We don't mark merchandise values under value or mark items as gifts.</p>
&nbsp; &nbsp; <p>Please pay within 4 days after your purchase.</p>
</div>
<!-- &nbsp; &nbsp; <p><font size="4" color="red"><b>Expedited shipping</b></font>
&nbsp; &nbsp; <br><font color="red">EMS with tracking - About 5-10 days</p></font>
&nbsp; &nbsp; <p><br><font size="4" color="red"><b>Standard shipping</b></font>
&nbsp; &nbsp; <br><font color="red">AIR MAIL with tracking - About 14-21 days</p></font>
&nbsp; &nbsp; <p><br><font size="4" color="red"><b>Economy shipping</b></font>
&nbsp; &nbsp; <br><font color="red">SAL with tracking - About 21-28 days</p></font> -->
<h1>Shipping</h1>
<div class="left">
&nbsp; &nbsp; <p class="medium red">[ Method ]</p>
&nbsp; &nbsp; <p class="red">&nbsp; &nbsp; <p><font size="4" color="red"><b>Expedited shipping</b></font>
&nbsp; &nbsp; <br><font color="red">EMS with tracking - About 5-10 days</p></font>
&nbsp; &nbsp; <p><br><font size="4" color="red"><b>Standard shipping</b></font>
&nbsp; &nbsp; <br><font color="red">AIR MAIL with tracking - About 14-21 days</p></font>
&nbsp; &nbsp; <p><br><font size="4" color="red"><b>Economy shipping</b></font>
&nbsp; &nbsp; <br><font color="red">SAL with tracking - About 21-28 days</p></font></p>
&nbsp; &nbsp; <hr>
&nbsp; &nbsp; <p class="medium">[ Shipping Address ] </p>
&nbsp; &nbsp; <p>We ship to only address where be registered by Paypal.</p>
&nbsp; &nbsp; <hr>
&nbsp; &nbsp; <p class="medium">[ Other Carrier ] </p>
&nbsp; &nbsp; <p>We can arrange shipment by DHL and UPS.
&nbsp; &nbsp; &nbsp; <br>Please ask us about Handling Time and Price.</p>
&nbsp; &nbsp; <hr>
&nbsp; &nbsp; <p class="medium blue">[ Combine shipping & Large Quantity ]<br>
&nbsp; &nbsp; </p><p class="blue">Please contact us for combine shipping & large quantity deals before payment.<br>We do our best for you!!!!!</p>
&nbsp; &nbsp; <hr>
&nbsp; &nbsp; <p class="medium">[ Order Processing & Handling Time ] </p>
&nbsp; &nbsp; <p>Your order will be shipped within 2~3 business days (excluding Saturday, Sunday & Japan's Holiday) after the payment is confirmed. </p>
&nbsp; &nbsp; <hr>
&nbsp; &nbsp;&nbsp;
&nbsp; &nbsp; <p class="medium">[ Compensation & Insurance] </p>
&nbsp; &nbsp; <p>When you choose EMS, in order to receive compensation, it is necessary to open the box and check your item with delivery staff at the time of delivery. </p>
&nbsp; &nbsp; <p>If you don't do that, you may not receive compensation and new item from us even if your item is damaged and lacked. </p>
&nbsp; &nbsp; <hr>
&nbsp; &nbsp; <p class="medium">[ Li-ion Battery ] </p>
&nbsp; &nbsp; <p>Some countries( Germany,France,Italy,Mongolia,SriLanka,Turkey,Nigeria and more.) does not accept lithium battery via EMS, SAL by Post Office. </p>
&nbsp; &nbsp; <p>Please check your country's rule yourself. If we receive order from buyer who located in these countries, we will ask buyer to choose 1 from 3.</p>
&nbsp; &nbsp; <p>1. Ship without Ri-ion Battery removed from item. </p>
&nbsp; &nbsp; <p>2. Change shipping method to Fedex or DHL with additional shipping cost. </p>
&nbsp; &nbsp; <p>3. Cancel</p>
</div>
<!-- ■■■■■Return■■■■■ -->
<h1>Return</h1>
<div class="left">
<p>We provide Free Return.</p>
<p>After we received the returned goods, we will refund you the product price.<br>
When returning the item, please send the item as well as all accessories (tag, instruction manual, package box etc).</p>
</DOC>
<DOC>
<DOCID>1700671</DOCID>
<CATEGORY>Collectibles > Comics > Modern Age (1992-Now) > Superhero > X-Men</CATEGORY>
<ORIGTITLE>X-Men (1991 Marvel) # 15 Polybag NM Uncertified</ORIGTITLE>
<font rwr="1" size="4" style="font-family:Arial"><font rwr="1" size="4" style="font-family:Arial"><font face="Arial"><span style="font-size: 18.6667px;">X-Men (1991 Marvel) # 15 Polybag NM Uncertified</span><br><br><div style=""><span style="font-size: 18.6667px;">This issue comes bagged and boarded!&nbsp;</span></div><div style=""><span style="font-size: 18.6667px;">As for condition, when it comes to my listings my books are generally VF+ or better.</span></div><div style=""><span style="font-size: 18.6667px;"><br></span></div><div style=""><span style="font-size: 18.6667px;">Please note however, I am not a professional grader, just a collector, who's been at it for 20+ years.&nbsp;</span></div><div style=""><span style="font-size: 18.6667px;">In the case of this book, I would put it in the NM range.</span></div><div style=""><span style="font-size: 18.6667px;"><br></span></div><div style=""><span style="font-size: 18.6667px;">Issue summary:</span></div><div style=""><span style="font-size: 18.6667px;"><br></span></div><div style=""><span style="font-size: 18.6667px;">Polybagged with card. X-Cutioner's Song part 7. Cover pencils by Andy Kubert, inks by Mark Pennington. The Camel's Back, script by Fabian Nicieza, pencils by Andy Kubert, inks by Mark Pennington; The X-Men mop up the MLF; Stryfe goes to confront Apocalypse; Cont. from X-Factor #85; Cont. in X-Force #17. X-Cutioner's Song trading card: Hunter/M.L.F. 36 pgs. $1.25. Cover price $1.50.</span></div></font></font></font>
</DOC>
<DOC>
<DOCID>1700672</DOCID>
<CATEGORY>Collectibles > Transportation > Boats & Ships > Cruise Ships & Ocean Liners > Other Cruise Ship Collectibles</CATEGORY>
<ORIGTITLE>1940's-50's Grace Line Vintage Travel Luggage Label Poster Stamp E10</ORIGTITLE>
<font rwr='1' size='4' style='font-family:Arial'><font rwr="1" size="4" style="font-family:Arial"><font rwr="1" size="4" style="font-family:Arial"><font rwr="1" size="4" style="font-family:Arial"><font rwr="1" size="4" style="font-family:Arial"><font rwr="1" size="4" style="font-family:Arial"><font rwr="1" size="4" style="font-family:Arial"><font rwr="1" size="4" style="font-family:Arial"><font rwr="1" size="4" style="font-family:Arial"><font rwr="1" size="4" style="font-family:Arial"><font rwr="1" size="4" style="font-family:Arial"><font rwr="1" size="4" style="font-family:Arial"><font rwr="1" size="4" style="font-family:Arial"><font rwr="1" size="4" style="font-family:Arial"><font rwr="1" size="4" style="font-family:Arial"><font rwr="1" size="4" style="font-family:Arial"><font rwr="1" size="4" style="font-family:Arial"><font rwr="1" size="4" style="font-family:Arial"><font rwr="1" size="4" style="font-family:Arial"><font rwr="1" size="4" style="font-family:Arial"><font rwr="1" size="4" style="font-family:Arial"><font rwr="1" size="4" style="font-family:Arial"><font rwr="1" size="4" style="font-family:Arial"><font rwr="1" size="4" style="font-family:Arial"><font rwr="1" size="4" style="font-family:Arial"><font rwr="1" size="4" style="font-family:Arial"><font rwr="1" size="4" style="font-family:Arial"><font rwr="1" size="4" style="font-family:Arial"><font rwr="1" size="4" style="font-family:Arial"><font rwr="1" size="4" style="font-family:Arial"><font rwr="1" size="4" style="font-family:Arial"><font rwr="1" size="4" style="font-family:Arial"><font rwr="1" size="4" style="font-family:Arial"><font rwr="1" size="4" style="font-family:Arial"><font rwr="1" size="4" style="font-family:Arial"><font rwr="1" size="4" style="font-family:Arial"><font rwr="1" size="4" style="font-family:Arial"><font rwr="1" size="4" style="font-family:Arial"><font rwr="1" size="4" style="font-family:Arial"><font rwr="1" size="4" style="font-family:Arial"><font rwr="1" size="4" style="font-family:Arial"><font rwr="1" size="4" style="font-family:Arial"><font rwr="1" size="4" style="font-family:Arial"><font rwr="1" size="4" style="font-family:Arial"><font rwr="1" size="4" style="font-family:Arial"><font rwr="1" size="4" style="font-family:Arial"><font rwr="1" size="4" style="font-family:Arial"><font rwr="1" size="4" style="font-family:Arial"><font rwr="1" size="4" style="font-family:Arial"><font rwr="1" size="4" style="font-family:Arial"><font rwr="1" size="4" style="font-family:Arial"><font rwr="1" size="4" style="font-family:Arial"><font rwr="1" size="4" style="font-family:Arial"><font rwr="1" size="4" style="font-family:Arial"><font rwr="1" size="4" style="font-family:Arial"><font rwr="1" size="4" style="font-family:Arial"><font rwr="1" size="4" style="font-family:Arial"><font rwr="1" size="4" style="font-family:Arial"><font rwr="1" size="4" style="font-family:Arial"><font rwr="1" size="4" style="font-family:Arial"><font rwr="1" size="4" style="font-family:Arial"><font rwr="1" size="4" style="font-family:Arial"><font rwr="1" size="4" style="font-family:Arial"><font rwr="1" size="4" style="font-family:Arial"><font rwr="1" size="4" style="font-family:Arial"><font rwr="1" size="4" style="font-family:Arial"><font rwr="1" size="4" style="font-family:Arial"><font rwr="1" size="4" style="font-family:Arial"><font rwr="1" size="4" style="font-family:Arial"><font rwr="1" size="4" style="font-family:Arial"><font rwr="1" size="4" style="font-family:Arial"><font rwr="1" size="4" style="font-family:Arial"><font rwr="1" size="4" style="font-family:Arial"><font rwr="1" size="4" style="font-family:Arial"><font rwr="1" size="4" style="font-family:Arial"><font rwr="1" size="4" style="font-family:Arial"><font rwr="1" size="4" style="font-family:Arial"><font rwr="1" size="4" style="font-family:Arial"><font rwr="1" size="4" style="font-family:Arial"><font rwr="1" size="4" style="font-family:Arial"><font rwr="1" size="4" style="font-family:Arial"><font rwr="1" size="4" style="font-family:Arial"><font rwr="1" size="4" style="font-family:Arial"><font rwr="1" size="4" style="font-family:Arial"><font rwr="1" size="4" style="font-family:Arial"><font rwr="1" size="4" style="font-family:Arial"><font rwr="1" size="4" style="font-family:Arial"><font rwr="1" size="4" style="font-family:Arial"><font rwr="1" size="4" style="font-family:Arial"><font rwr="1" size="4" style="font-family:Arial"><font rwr="1" size="4" style="font-family:Arial"><font rwr="1" size="4" style="font-family:Arial"><font rwr="1" size="4" style="font-family:Arial"><font rwr="1" size="4" style="font-family:Arial"><font rwr="1" size="4" style="font-family:Arial"><font rwr="1" size="4" style="font-family:Arial"><font rwr="1" size="4" style="font-family:Arial"><font rwr="1" size="4" style="font-family:Arial"><font rwr="1" size="4" style="font-family:Arial"><font rwr="1" size="4" style="font-family:Arial"><font rwr="1" size="4" style="font-family:Arial"><font rwr="1" size="4" style="font-family:Arial"><font rwr="1" size="4" style="font-family:Arial"><font rwr="1" size="4" style="font-family:Arial"><font rwr="1" size="4" style="font-family:Arial"><font rwr="1" size="4" style="font-family:Arial"><font rwr="1" size="4" style="font-family:Arial"><font rwr="1" size="4" style="font-family:Arial"><font rwr="1" size="4" style="font-family:Arial"><font rwr="1" size="4" style="font-family:Arial"><font rwr="1" size="4" style="font-family:Arial"><font rwr="1" size="4" style="font-family:Arial"><font rwr="1" size="4" style="font-family:Arial"><font rwr="1" size="4" style="font-family:Arial"><font rwr="1" size="4" style="font-family:Arial"><font rwr="1" size="4" style="font-family:Arial"><font rwr="1" size="4" style="font-family:Arial"><font rwr="1" size="4" style="font-family:Arial"><font rwr="1" size="4" style="font-family:Arial"><font rwr="1" size="4" style="font-family:Arial"><font rwr="1" size="4" style="font-family:Arial"><font rwr="1" size="4" style="font-family:Arial"><font rwr="1" size="4" style="font-family:Arial"><font rwr="1" size="4" style="font-family:Arial"><font rwr="1" size="4" style="font-family:Arial"><font rwr="1" size="4" style="font-family:Arial"><font rwr="1" size="4" style="font-family:Arial"><font rwr="1" size="4" style="font-family:Arial"><font rwr="1" size="4" style="font-family:Arial"><font rwr="1" size="4" style="font-family:Arial"><font rwr="1" size="4" style="font-family:Arial"><font rwr="1" size="4" style="font-family:Arial"><font rwr="1" size="4" style="font-family:Arial"><font rwr="1" size="4" style="font-family:Arial"><font rwr="1" size="4" style="font-family:Arial"><font rwr="1" size="4" style="font-family:Arial"><font rwr="1" size="4" style="font-family:Arial"><font rwr="1" size="4" style="font-family:Arial"><font rwr="1" size="4" style="font-family:Arial"><font rwr="1" size="4" style="font-family:Arial"><font rwr="1" size="4" style="font-family:Arial"><font rwr="1" size="4" style="font-family:Arial"><font rwr="1" size="4" style="font-family:Arial"><font rwr="1" size="4" style="font-family:Arial"><font rwr="1" size="4" style="font-family:Arial"><font rwr="1" size="4" style="font-family:Arial"><font rwr="1" size="4" style="font-family:Arial"><font rwr="1" size="4" style="font-family:Arial"><font rwr="1" size="4" style="font-family:Arial"><font rwr="1" size="4" style="font-family:Arial"><font rwr="1" size="4" style="font-family:Arial"><font rwr="1" size="4" style="font-family:Arial"><font rwr="1" size="4" style="font-family:Arial"><font rwr="1" size="4" style="font-family:Arial"><font rwr="1" size="4" style="font-family:Arial"><font rwr="1" size="4" style="font-family:Arial"><font rwr="1" size="4" style="font-family:Arial"><font rwr="1" size="4" style="font-family:Arial"><font rwr="1" size="4" style="font-family:Arial"><font rwr="1" size="4" style="font-family:Arial"><font rwr="1" size="4" style="font-family:Arial"><font rwr="1" size="4" style="font-family:Arial"><font rwr="1" size="4" style="font-family:Arial"><font rwr="1" size="4" style="font-family:Arial"><font rwr="1" size="4" style="font-family:Arial"><font rwr="1" size="4" style="font-family:Arial"><font rwr="1" size="4" style="font-family:Arial"><font rwr="1" size="4" style="font-family:Arial"><font rwr="1" size="4" style="font-family:Arial"><font rwr="1" size="4" style="font-family:Arial"><font rwr="1" size="4" style="font-family:Arial"><font rwr="1" size="4" style="font-family:Arial"><font rwr="1" size="4" style="font-family:Arial"><font rwr="1" size="4" style="font-family:Arial"><font rwr="1" size="4" style="font-family:Arial"><font rwr="1" size="4" style="font-family:Arial"><font rwr="1" size="4" style="font-family:Arial"><font rwr="1" size="4" style="font-family:Arial"><font rwr="1" size="4" style="font-family:Arial"><font rwr="1" size="4" style="font-family:Arial"><font rwr="1" size="4" style="font-family:Arial"><font rwr="1" size="4" style="font-family:Arial"><font rwr="1" size="4" style="font-family:Arial"><font rwr="1" size="4" style="font-family:Arial"><font rwr="1" size="4" style="font-family:Arial"><font rwr="1" size="4" style="font-family:Arial"><font rwr="1" size="4" style="font-family:Arial"><font rwr="1" size="4" style="font-family:Arial"><font rwr="1" size="4" style="font-family:Arial"><font rwr="1" size="4" style="font-family:Arial"><font rwr="1" size="4" style="font-family:Arial"><font rwr="1" size="4" style="font-family:Arial"><font rwr="1" size="4" style="font-family:Arial"><font rwr="1" size="4" style="font-family:Arial"><font rwr="1" size="4" style="font-family:Arial"><font rwr="1" size="4" style="font-family:Arial"><font rwr="1" size="4" style="font-family:Arial"><font rwr="1" size="4" style="font-family:Arial"><font rwr="1" size="4" style="font-family:Arial"><font rwr="1" size="4" style="font-family:Arial"><font rwr="1" size="4" style="font-family:Arial"><font rwr="1" size="4" style="font-family:Arial"><font rwr="1" size="4" style="font-family:Arial"><font rwr="1" size="4" style="font-family:Arial"><font rwr="1" size="4" style="font-family:Arial"><font rwr="1" size="4" style="font-family:Arial"><font rwr="1" size="4" style="font-family:Arial"><font rwr="1" size="4" style="font-family:Arial"><font rwr="1" size="4" style="font-family:Arial"><font rwr="1" size="4" style="font-family:Arial"><font rwr="1" size="4" style="font-family:Arial"><font rwr="1" size="4" style="font-family:Arial"><font rwr="1" size="4" style="font-family:Arial"><font rwr="1" size="4" style="font-family:Arial"><font rwr="1" size="4" style="font-family:Arial"><font rwr="1" size="4" style="font-family:Arial"><font rwr="1" size="4" style="font-family:Arial"><font rwr="1" size="4" style="font-family:Arial"><font rwr="1" size="4" style="font-family:Arial"><font rwr="1" size="4" style="font-family:Arial"><font rwr="1" size="4" style="font-family:Arial"><font rwr="1" size="4" style="font-family:Arial"><font rwr="1" size="4" style="font-family:Arial"><font rwr="1" size="4" style="font-family:Arial"><font rwr="1" size="4" style="font-family:Arial"><font rwr="1" size="4" style="font-family:Arial"><font rwr="1" size="4" style="font-family:Arial"><font rwr="1" size="4" style="font-family:Arial"><font rwr="1" size="4" style="font-family:Arial"><font rwr="1" size="4" style="font-family:Arial"><font rwr="1" size="4" style="font-family:Arial"><font rwr="1" size="4" style="font-family:Arial"><font rwr="1" size="4" style="font-family:Arial"><font rwr="1" size="4" style="font-family:Arial"><font rwr="1" size="4" style="font-family:Arial"><font rwr="1" size="4" style="font-family:Arial"><font rwr="1" size="4" style="font-family:Arial"><font rwr="1" size="4" style="font-family:Arial"><font rwr="1" size="4" style="font-family:Arial"><font rwr="1" size="4" style="font-family:Arial"><font rwr="1" size="4" style="font-family:Arial"><font rwr="1" size="4" style="font-family:Arial"><font rwr="1" size="4" style="font-family:Arial"><font rwr="1" size="4" style="font-family:Arial"><font rwr="1" size="4" style="font-family:Arial"><font rwr="1" size="4" style="font-family:Arial"><font rwr="1" size="4" style="font-family:Arial"><font rwr="1" size="4" style="font-family:Arial"><font rwr="1" size="4" style="font-family:Arial"><font rwr="1" size="4" style="font-family:Arial"><font rwr="1" size="4" style="font-family:Arial"><font rwr="1" size="4" style="font-family:Arial"><font rwr="1" size="4" style="font-family:Arial"><font rwr="1" size="4" style="font-family:Arial"><font rwr="1" size="4" style="font-family:Arial"><font rwr="1" size="4" style="font-family:Arial"><font rwr="1" size="4" style="font-family:Arial"><font rwr="1" size="4" style="font-family:Arial"><font rwr="1" size="4" style="font-family:Arial"><font rwr="1" size="4" style="font-family:Arial"><font rwr="1" size="4" style="font-family:Arial"><font rwr="1" size="4" style="font-family:Arial"><font rwr="1" size="4" style="font-family:Arial"><font rwr="1" size="4" style="font-family:Arial"><font rwr="1" size="4" style="font-family:Arial"><font rwr="1" size="4" style="font-family:Arial"><font rwr="1" size="4" style="font-family:Arial"><font rwr="1" size="4" style="font-family:Arial"><font rwr="1" size="4" style="font-family:Arial"><font rwr="1" size="4" style="font-family:Arial"><font rwr="1" size="4" style="font-family:Arial"><font rwr="1" size="4" style="font-family:Arial"><font rwr="1" size="4" style="font-family:Arial"><font rwr="1" size="4" style="font-family:Arial"><font rwr="1" size="4" style="font-family:Arial"><font rwr="1" size="4" style="font-family:Arial"><font rwr="1" size="4" style="font-family:Arial"><font rwr="1" size="4" style="font-family:Arial"><font rwr="1" size="4" style="font-family:Arial"><font rwr="1" size="4" style="font-family:Arial"><font rwr="1" size="4" style="font-family:Arial"><font rwr="1" size="4" style="font-family:Arial"><font rwr="1" size="4" style="font-family:Arial"><font rwr="1" size="4" style="font-family:Arial"><font rwr="1" size="4" style="font-family:Arial"><font rwr="1" size="4" style="font-family:Arial"><font rwr="1" size="4" style="font-family:Arial"><font rwr="1" size="4" style="font-family:Arial"><font rwr="1" size="4" style="font-family:Arial"><font rwr="1" size="4" style="font-family:Arial"><font rwr="1" size="4" style="font-family:Arial"><font rwr="1" size="4" style="font-family:Arial"><font rwr="1" size="4" style="font-family:Arial"><font rwr="1" size="4" style="font-family:Arial"><font rwr="1" size="4" style="font-family:Arial"><font rwr="1" size="4" style="font-family:Arial"><font rwr="1" size="4" style="font-family:Arial"><font rwr="1" size="4" style="font-family:Arial"><font rwr="1" size="4" style="font-family:Arial"><font rwr="1" size="4" style="font-family:Arial"><font rwr="1" size="4" style="font-family:Arial"><font rwr="1" size="4" style="font-family:Arial"><font rwr="1" size="4" style="font-family:Arial"><font rwr="1" size="4" style="font-family:Arial"><font rwr="1" size="4" style="font-family:Arial"><font rwr="1" size="4" style="font-family:Arial"><font rwr="1" size="4" style="font-family:Arial"><font rwr="1" size="4" style="font-family:Arial"><font rwr="1" size="4" style="font-family:Arial"><font rwr="1" size="4" style="font-family:Arial"><font rwr="1" size="4" style="font-family:Arial"><font rwr="1" size="4" style="font-family:Arial"><font rwr="1" size="4" style="font-family:Arial"><font rwr="1" size="4" style="font-family:Arial"><font rwr="1" size="4" style="font-family:Arial"><font rwr="1" size="4" style="font-family:Arial"><font rwr="1" size="4" style="font-family:Arial"><font rwr="1" size="4" style="font-family: Arial; font-size: 14pt;"><font rwr="1" size="4" style="font-family:Arial"><font rwr="1" size="4" style="font-family:Arial"><font rwr="1" size="4" style="font-family:Arial"><font rwr="1" size="4" style="font-family:Arial"><font rwr="1" size="4" style="font-family:Arial"><font rwr="1" size="4" style="font-family:Arial"><font rwr="1" size="4" style="font-family:Arial"><font rwr="1" size="4" style="font-family:Arial"><font rwr="1" size="4" style="font-family:Arial"><font rwr="1" size="4" style="font-family:Arial"><font rwr="1" size="4" style="font-family:Arial"><font rwr="1" size="4" style="font-family:Arial"><font rwr="1" size="4" style="font-family:Arial"><font rwr="1" size="4" style="font-family:Arial"><font rwr="1" size="4" style="font-family:Arial"><font rwr="1" size="4" style="font-family:Arial"><font rwr="1" size="4" style="font-family:Arial"><font rwr="1" size="4" style="font-family:Arial"><font rwr="1" size="4" style="font-family:Arial"><font rwr="1" size="4" style="font-family:Arial"><font rwr="1" size="4" style="font-family:Arial"><font rwr="1" size="4" style="font-family:Arial"><font rwr="1" size="4" style="font-family:Arial"><font rwr="1" size="4" style="font-family:Arial"><font rwr="1" size="4" style="font-family:Arial"><font rwr="1" size="4" style="font-family:Arial"><font rwr="1" size="4" style="font-family:Arial"><font rwr="1" size="4" style="font-family:Arial"><font rwr="1" size="4" style="font-family:Arial"><font rwr="1" size="4" style="font-family:Arial"><font rwr="1" size="4" style="font-family:Arial"><font rwr="1" size="4" style="font-family:Arial"><font rwr="1" size="4" style="font-family:Arial"><font rwr="1" size="4" style="font-family:Arial"><font rwr="1" size="4" style="font-family:Arial"><font rwr="1" size="4" style="font-family:Arial"><font rwr="1" size="4" style="font-family:Arial"><font rwr="1" size="4" style="font-family:Arial"><font rwr="1" size="4" style="font-family:Arial"><font rwr="1" size="4" style="font-family:Arial"><font rwr="1" size="4" style="font-family:Arial"><font rwr="1" size="4" style="font-family:Arial"><font rwr="1" size="4" style="font-family:Arial"><font rwr="1" size="4" style="font-family:Arial"><font rwr="1" size="4" style="font-family:Arial"><font rwr="1" size="4" style="font-family:Arial"><font rwr="1" size="4" style="font-family:Arial"><font rwr="1" size="4" style="font-family:Arial"><font rwr="1" size="4" style="font-family:Arial"><font rwr="1" size="4" style="font-family:Arial"><font rwr="1" size="4" style="font-family:Arial"><font rwr="1" size="4" style="font-family:Arial"><font rwr="1" size="4" style="font-family:Arial"><font rwr="1" size="4" style="font-family:Arial"><font rwr="1" size="4" style="font-family:Arial"><font rwr="1" size="4" style="font-family:Arial"><font rwr="1" size="4" style="font-family:Arial"><font rwr="1" size="4" style="font-family:Arial"><font rwr="1" size="4" style="font-family:Arial"><font rwr="1" size="4" style="font-family:Arial"><font rwr="1" size="4" style="font-family:Arial"><font rwr="1" size="4" style="font-family:Arial"><font rwr="1" size="4" style="font-family:Arial"><font rwr="1" size="4" style="font-family:Arial"><font rwr="1" size="4" style="font-family:Arial"><font rwr="1" size="4" style="font-family:Arial"><font rwr="1" size="4" style="font-family:Arial"><font rwr="1" size="4" style="font-family:Arial"><font rwr="1" size="4" style="font-family:Arial"><font rwr="1" size="4" style="font-family:Arial"><font rwr="1" size="4" style="font-family:Arial"><font rwr="1" size="4" style="font-family:Arial"><font rwr="1" size="4" style="font-family:Arial"><font rwr="1" size="4" style="font-family:Arial"><font rwr="1" size="4" style="font-family:Arial"><font rwr="1" size="4" style="font-family:Arial"><font rwr="1" size="4" style="font-family:Arial"><font rwr="1" size="4" style="font-family:Arial"><font rwr="1" size="4" style="font-family:Arial"><font rwr="1" size="4" style="font-family:Arial"><font rwr="1" size="4" style="font-family:Arial"><font rwr="1" size="4" style="font-family:Arial"><font rwr="1" size="4" style="font-family:Arial"><font rwr="1" size="4" style="font-family:Arial"><font rwr="1" size="4" style="font-family:Arial"><font rwr="1" size="4" style="font-family:Arial"><font rwr="1" size="4" style="font-family:Arial"><font rwr="1" size="4" style="font-family:Arial"><font rwr="1" size="4" style="font-family:Arial"><font rwr="1" size="4" style="font-family:Arial"><font rwr="1" size="4" style="font-family:Arial"><font rwr="1" size="4" style="font-family:Arial"><font rwr="1" size="4" style="font-family:Arial"><font rwr="1" size="4" style="font-family:Arial"><font rwr="1" size="4" style="font-family:Arial"><font rwr="1" size="4" style="font-family:Arial"><font rwr="1" size="4" style="font-family:Arial"><font rwr="1" size="4" style="font-family:Arial"><font rwr="1" size="4" style="font-family:Arial"><font rwr="1" size="4" style="font-family:Arial"><font rwr="1" size="4" style="font-family:Arial"><font rwr="1" size="4" style="font-family:Arial"><font rwr="1" size="4" style="font-family:Arial"><font rwr="1" size="4" style="font-family:Arial"><font rwr="1" size="4" style="font-family:Arial"><font rwr="1" size="4" style="font-family:Arial"><font rwr="1" size="4" style="font-family:Arial"><font rwr="1" size="4" style="font-family:Arial"><font rwr="1" size="4" style="font-family:Arial"><font rwr="1" size="4" style="font-family:Arial"><font rwr="1" size="4" style="font-family:Arial"><font rwr="1" size="4" style="font-family:Arial"><font rwr="1" size="4" style="font-family:Arial"><font rwr="1" size="4" style="font-family:Arial"><font rwr="1" size="4" style="font-family:Arial"><font rwr="1" size="4" style="font-family:Arial"><font rwr="1" size="4" style="font-family:Arial"><font rwr="1" size="4" style="font-family:Arial"><font rwr="1" size="4" style="font-family:Arial"><font rwr="1" size="4" style="font-family:Arial"><font rwr="1" size="4" style="font-family:Arial"><font rwr="1" size="4" style="font-family:Arial"><font rwr="1" size="4" style="font-family:Arial"><font rwr="1" size="4" style="font-family:Arial"><font rwr="1" size="4" style="font-family:Arial"><font rwr="1" size="4" style="font-family:Arial"><font rwr="1" size="4" style="font-family:Arial"><font rwr="1" size="4" style="font-family:Arial"><font rwr="1" size="4" style="font-family:Arial"><font rwr="1" size="4" style="font-family:Arial"><font rwr="1" size="4" style="font-family:Arial"><font rwr="1" size="4" style="font-family:Arial"><font rwr="1" size="4" style="font-family:Arial"><font rwr="1" size="4" style="font-family:Arial"><font rwr="1" size="4" style="font-family:Arial"><font rwr="1" size="4" style="font-family:Arial"><font rwr="1" size="4" style="font-family:Arial"><font rwr="1" size="4" style="font-family:Arial"><font rwr="1" size="4" style="font-family:Arial"><font rwr="1" size="4" style="font-family:Arial"><font rwr="1" size="4" style="font-family:Arial"><font rwr="1" size="4" style="font-family:Arial"><font rwr="1" size="4" style="font-family:Arial"><font rwr="1" size="4" style="font-family:Arial"><font rwr="1" size="4" style="font-family:Arial"><font rwr="1" size="4" style="font-family:Arial"><font rwr="1" size="4" style="font-family:Arial"><font rwr="1" size="4" style="font-family:Arial"><font rwr="1" size="4" style="font-family:Arial"><font rwr="1" size="4" style="font-family:Arial"><font rwr="1" size="4" style="font-family:Arial"><font rwr="1" size="4" style="font-family:Arial"><font rwr="1" size="4" style="font-family:Arial"><font rwr="1" size="4" style="font-family:Arial"><font rwr="1" size="4" style="font-family:Arial"><font rwr="1" size="4" style="font-family:Arial"><font rwr="1" size="4" style="font-family:Arial"><font rwr="1" size="4" style="font-family:Arial"><font rwr="1" size="4" style="font-family:Arial"><font rwr="1" size="4" style="font-family:Arial"><font rwr="1" size="4" style="font-family:Arial"><font rwr="1" size="4" style="font-family:Arial"><font rwr="1" size="4" style="font-family:Arial"><font rwr="1" size="4" style="font-family:Arial"><font rwr="1" size="4" style="font-family:Arial"><font rwr="1" size="4" style="font-family:Arial"><font rwr="1" size="4" style="font-family:Arial"><font rwr="1" size="4" style="font-family:Arial"><font rwr="1" size="4" style="font-family:Arial"><font rwr="1" size="4" style="font-family:Arial"><font rwr="1" size="4" style="font-family:Arial"><font rwr="1" size="4" style="font-family:Arial"><font rwr="1" size="4" style="font-family:Arial"><font rwr="1" size="4" style="font-family:Arial"><font rwr="1" size="4" style="font-family:Arial"><font rwr="1" size="4" style="font-family:Arial"><font rwr="1" size="4" style="font-family:Arial"><font rwr="1" size="4" style="font-family:Arial"><font rwr="1" size="4" style="font-family:Arial"><font rwr="1" size="4" style="font-family:Arial"><font rwr="1" size="4" style="font-family:Arial"><font rwr="1" size="4" style="font-family:Arial"><font rwr="1" size="4" style="font-family:Arial"><font rwr="1" size="4" style="font-family:Arial"><font rwr="1" size="4" style="font-family:Arial"><font rwr="1" size="4" style="font-family:Arial"><font rwr="1" size="4" style="font-family:Arial"><font rwr="1" size="4" style="font-family:Arial"><font rwr="1" size="4" style="font-family:Arial"><font rwr="1" size="4" style="font-family:Arial"><font rwr="1" size="4" style="font-family:Arial"><font rwr="1" size="4" style="font-family:Arial"><font rwr="1" size="4" style="font-family:Arial"><font rwr="1" size="4" style="font-family:Arial"><font rwr="1" size="4" style="font-family:Arial"></font><font rwr="1" size="4" style="font-family:Arial"></font><font rwr="1" size="4" style="font-family:Arial"></font><font rwr="1" size="4" style="font-family:Arial"></font><font rwr="1" size="4" style="font-family:Arial"></font><font rwr="1" size="4" style="font-family:Arial"></font><font rwr="1" size="4" style="font-family:Arial"></font><font rwr="1" size="4" style="font-family:Arial"></font><font rwr="1" size="4" style="font-family:Arial"></font><font rwr="1" size="4" style="font-family:Arial"></font><font rwr="1" size="4" style="font-family:Arial"></font><font rwr="1" size="4" style="font-family:Arial"></font><font rwr="1" size="4" style="font-family:Arial"></font><font rwr="1" size="4" style="font-family:Arial"></font><font rwr="1" size="4" style="font-family:Arial"></font><font rwr="1" size="4" style="font-family:Arial"></font><font rwr="1" size="4" style="font-family:Arial"></font><font rwr="1" size="4" style="font-family:Arial"></font><font rwr="1" size="4" style="font-family:Arial"></font><font rwr="1" size="4" style="font-family:Arial"></font><font rwr="1" size="4" style="font-family:Arial"></font><font rwr="1" size="4" style="font-family:Arial"></font><font rwr="1" size="4" style="font-family:Arial"></font><font rwr="1" size="4" style="font-family:Arial"></font><font rwr="1" size="4" style="font-family:Arial"></font><font rwr="1" size="4" style="font-family:Arial"></font><font rwr="1" size="4" style="font-family:Arial"></font><font rwr="1" size="4" style="font-family:Arial"></font><font rwr="1" size="4" style="font-family:Arial"></font><font rwr="1" size="4" style="font-family:Arial"></font><font rwr="1" size="4" style="font-family:Arial"></font><font rwr="1" size="4" style="font-family:Arial"></font><font rwr="1" size="4" style="font-family:Arial"></font><font rwr="1" size="4" style="font-family:Arial"></font><font rwr="1" size="4" style="font-family:Arial"></font><font rwr="1" size="4" style="font-family:Arial"></font><font rwr="1" size="4" style="font-family:Arial"></font><font rwr="1" size="4" style="font-family:Arial"></font><font rwr="1" size="4" style="font-family:Arial"></font><font rwr="1" size="4" style="font-family:Arial"></font><font rwr="1" size="4" style="font-family:Arial"></font><font rwr="1" size="4" style="font-family:Arial"></font><font rwr="1" size="4" style="font-family:Arial"></font><font rwr="1" size="4" style="font-family:Arial"></font><font rwr="1" size="4" style="font-family:Arial"></font><font rwr="1" size="4" style="font-family:Arial"></font><font rwr="1" size="4" style="font-family:Arial"></font><font rwr="1" size="4" style="font-family:Arial"></font><font rwr="1" size="4" style="font-family:Arial"></font><font rwr="1" size="4" style="font-family:Arial"></font><font rwr="1" size="4" style="font-family:Arial"></font><font rwr="1" size="4" style="font-family:Arial"></font><font rwr="1" size="4" style="font-family:Arial"></font><font rwr="1" size="4" style="font-family:Arial"></font><font rwr="1" size="4" style="font-family:Arial"></font><font rwr="1" size="4" style="font-family:Arial"></font><font rwr="1" size="4" style="font-family:Arial"></font><font rwr="1" size="4" style="font-family:Arial"></font><font rwr="1" size="4" style="font-family:Arial"></font><font rwr="1" size="4" style="font-family:Arial"></font><font rwr="1" size="4" style="font-family:Arial"></font><font rwr="1" size="4" style="font-family:Arial"></font><font rwr="1" size="4" style="font-family:Arial"></font><font rwr="1" size="4" style="font-family:Arial"></font><font rwr="1" size="4" style="font-family:Arial"></font><font rwr="1" size="4" style="font-family:Arial"></font><font rwr="1" size="4" style="font-family:Arial"></font><font rwr="1" size="4" style="font-family:Arial"></font><font rwr="1" size="4" style="font-family:Arial"></font><font rwr="1" size="4" style="font-family:Arial"></font><font rwr="1" size="4" style="font-family:Arial"></font><font rwr="1" size="4" style="font-family:Arial"></font><font rwr="1" size="4" style="font-family:Arial"></font><font rwr="1" size="4" style="font-family:Arial"></font><font rwr="1" size="4" style="font-family:Arial"></font><font rwr="1" size="4" style="font-family:Arial"></font><font rwr="1" size="4" style="font-family:Arial"></font><font rwr="1" size="4" style="font-family:Arial"></font><font rwr="1" size="4" style="font-family:Arial"></font><font rwr="1" size="4" style="font-family:Arial"></font><font rwr="1" size="4" style="font-family:Arial"></font><font rwr="1" size="4" style="font-family:Arial"></font><font rwr="1" size="4" style="font-family:Arial"></font><font rwr="1" size="4" style="font-family:Arial"></font><font rwr="1" size="4" style="font-family:Arial"></font><font rwr="1" size="4" style="font-family:Arial"></font><font rwr="1" size="4" style="font-family:Arial"></font><font rwr="1" size="4" style="font-family:Arial"></font><font rwr="1" size="4" style="font-family:Arial"></font><font rwr="1" size="4" style="font-family:Arial"></font><font rwr="1" size="4" style="font-family:Arial"></font><font rwr="1" size="4" style="font-family:Arial"></font><font rwr="1" size="4" style="font-family:Arial"></font><font rwr="1" size="4" style="font-family:Arial"></font><font rwr="1" size="4" style="font-family:Arial"></font><font rwr="1" size="4" style="font-family:Arial"></font><font rwr="1" size="4" style="font-family:Arial"></font><font rwr="1" size="4" style="font-family:Arial"></font><font rwr="1" size="4" style="font-family:Arial"></font><font rwr="1" size="4" style="font-family:Arial"></font><font rwr="1" size="4" style="font-family:Arial"></font><font rwr="1" size="4" style="font-family:Arial"></font><font rwr="1" size="4" style="font-family:Arial"></font><font rwr="1" size="4" style="font-family:Arial"></font><font rwr="1" size="4" style="font-family:Arial"></font><font rwr="1" size="4" style="font-family:Arial"></font><font rwr="1" size="4" style="font-family:Arial"></font><font rwr="1" size="4" style="font-family:Arial"></font><font rwr="1" size="4" style="font-family:Arial"></font><font rwr="1" size="4" style="font-family:Arial"></font><font rwr="1" size="4" style="font-family:Arial"></font><font rwr="1" size="4" style="font-family:Arial"></font><font rwr="1" size="4" style="font-family:Arial"></font><font rwr="1" size="4" style="font-family:Arial"></font><font rwr="1" size="4" style="font-family:Arial"></font><font rwr="1"></font><font rwr="1"></font><font rwr="1"></font><font rwr="1"></font><font rwr="1"></font><font rwr="1"></font><font rwr="1"></font><font rwr="1"></font><font rwr="1"></font><font rwr="1"></font><font rwr="1"></font><font rwr="1"></font><font rwr="1"></font><font rwr="1"></font><font rwr="1"></font><font rwr="1"></font><font rwr="1"></font><font rwr="1"></font><font rwr="1"></font><font rwr="1"></font><font rwr="1"></font><font rwr="1"></font><font rwr="1"></font><font rwr="1"></font><font rwr="1"></font><font rwr="1"></font><font rwr="1"></font><font rwr="1"></font><font rwr="1"></font><font rwr="1"></font><font rwr="1"></font><font rwr="1"></font><font rwr="1"></font><font rwr="1"></font><font rwr="1"></font><font rwr="1"></font><font rwr="1"></font><font rwr="1"></font><font rwr="1"></font><font rwr="1"></font><font rwr="1"></font><font rwr="1"></font><font rwr="1"></font><font rwr="1"></font><font rwr="1"></font><font rwr="1"></font><font rwr="1"></font><font rwr="1"></font><font rwr="1"></font><font rwr="1"></font><font rwr="1"></font><font rwr="1"></font><font rwr="1"></font><font rwr="1"></font><font rwr="1"></font><font rwr="1"></font><font rwr="1"></font><font rwr="1"></font><font rwr="1"></font><font rwr="1"></font><font rwr="1"></font><font rwr="1"></font><font rwr="1"></font><font rwr="1"></font><font rwr="1"></font><font rwr="1"></font><font rwr="1"></font><font rwr="1"></font><font rwr="1"></font><font rwr="1"></font><font rwr="1"></font><font rwr="1"></font><font rwr="1"></font><font rwr="1"></font><font rwr="1"></font><font rwr="1"></font><font rwr="1"></font><font rwr="1"></font><font rwr="1"></font><font rwr="1"></font><font rwr="1"></font><font rwr="1"></font><font rwr="1"></font><font rwr="1"></font><font rwr="1"></font><font rwr="1"></font><font rwr="1"></font><font rwr="1"></font><font rwr="1"></font><font rwr="1"></font><font rwr="1"></font><font rwr="1"></font><font rwr="1"></font><font rwr="1"></font><font rwr="1"></font><font rwr="1"></font><font rwr="1"></font><font rwr="1"></font><font rwr="1"></font><font rwr="1"></font><font rwr="1"></font><font rwr="1"></font><font rwr="1"></font><font rwr="1"></font><font rwr="1"></font><font rwr="1"></font><font rwr="1"></font><font rwr="1"></font><font rwr="1"></font><font rwr="1"></font><font rwr="1"></font><font rwr="1"></font><font rwr="1"></font><font rwr="1"></font><font rwr="1"></font><font rwr="1"></font><font rwr="1"></font><font rwr="1"></font><font rwr="1"></font><font rwr="1"></font><font rwr="1"></font><font rwr="1"></font><font rwr="1"></font><font rwr="1"></font><font rwr="1"></font><font rwr="1"></font><font rwr="1"></font><font rwr="1"></font><font rwr="1"></font><font rwr="1"></font><font rwr="1"></font><font rwr="1"></font><font rwr="1"></font><font rwr="1"></font><font rwr="1"></font><font rwr="1"></font><font rwr="1"></font><font rwr="1"></font><font rwr="1"></font><font rwr="1"></font><font rwr="1"></font><font rwr="1"></font><font rwr="1"></font><font rwr="1"></font><font rwr="1"></font><font rwr="1"></font><font rwr="1"></font><font rwr="1"></font><font rwr="1"></font><font rwr="1"></font><font rwr="1"></font><font rwr="1"></font><font rwr="1"></font><font rwr="1"></font><font rwr="1"></font><font rwr="1"></font><font rwr="1"></font><font rwr="1"></font><font rwr="1"></font><font rwr="1"></font><font rwr="1"></font><font rwr="1"></font><font rwr="1"></font><font rwr="1"></font><font rwr="1"></font><font rwr="1"></font><font rwr="1"></font><font rwr="1"></font><font rwr="1"></font><font rwr="1"></font><font rwr="1"></font><font rwr="1"></font><font rwr="1"></font><font rwr="1"></font><font rwr="1"></font><font rwr="1"></font><font rwr="1"></font><font rwr="1"></font><font rwr="1"></font><font rwr="1"></font><font rwr="1"></font><font rwr="1"></font><font rwr="1"></font><font rwr="1"></font><font rwr="1"></font><font rwr="1"></font><font rwr="1"></font><font rwr="1"></font><font rwr="1"></font><font rwr="1"></font><font rwr="1"></font><font rwr="1"></font><font rwr="1"></font><font rwr="1"></font><font rwr="1"></font><font rwr="1"></font><font rwr="1"></font><font rwr="1"></font><font rwr="1"></font><font rwr="1"></font><font rwr="1"></font><font rwr="1"></font><font rwr="1"></font><font rwr="1"></font><font rwr="1"></font><font rwr="1"></font><font rwr="1"></font><font rwr="1"></font><font rwr="1"></font><font rwr="1"></font><font rwr="1"></font><font rwr="1"></font><font rwr="1"></font><font rwr="1"></font><font rwr="1"></font><font rwr="1"></font><font rwr="1"></font><font rwr="1"></font><font rwr="1"></font><font rwr="1"></font><font rwr="1"></font><font rwr="1"></font><font rwr="1"></font><font rwr="1"></font><font rwr="1"></font><font rwr="1"></font><font rwr="1"></font><font rwr="1"></font><font rwr="1"></font><font rwr="1"></font><font rwr="1"></font><font rwr="1"></font><font rwr="1"></font><font rwr="1"></font><font rwr="1"></font><font rwr="1"></font><font rwr="1"></font><font rwr="1"></font><font rwr="1"></font><font rwr="1"></font><font rwr="1"></font><font rwr="1"></font><font rwr="1"></font><font rwr="1"></font><font rwr="1"></font><font rwr="1"></font><font rwr="1"></font><font rwr="1"></font><font rwr="1"></font><font rwr="1"></font><font rwr="1"></font><font rwr="1"></font><font rwr="1"></font><font rwr="1"></font><font rwr="1"></font><font rwr="1"></font><font rwr="1"></font><font rwr="1"></font><font rwr="1"></font><font rwr="1"></font><font rwr="1"></font><font rwr="1"></font><font rwr="1"></font><font rwr="1"></font><font rwr="1"></font><font rwr="1"></font><font rwr="1"></font><font rwr="1"></font><font rwr="1"></font><font rwr="1"></font><font rwr="1"></font><font rwr="1"></font><font rwr="1"></font><font rwr="1"></font><font rwr="1"></font><font rwr="1"></font><font rwr="1"></font><font rwr="1"></font><font rwr="1"></font><font rwr="1"></font><font rwr="1"></font><font rwr="1"></font><font rwr="1"></font><font rwr="1"></font><font rwr="1"></font><font rwr="1"></font><font rwr="1"></font><font rwr="1"></font><font rwr="1"></font><font rwr="1"></font><font rwr="1"></font><font rwr="1"></font><font rwr="1"></font><font rwr="1"></font><font rwr="1"></font><font rwr="1"></font><font rwr="1"></font><font rwr="1"></font><font rwr="1"></font><font rwr="1"></font><font rwr="1"></font><font rwr="1"></font><font rwr="1"></font><font rwr="1"></font><font rwr="1"></font><font rwr="1"></font><font rwr="1"></font><font rwr="1"></font><font rwr="1"></font><font rwr="1"></font><font rwr="1"></font><font rwr="1"></font><font rwr="1"></font><font rwr="1"></font><font rwr="1"></font><font rwr="1"></font><font rwr="1"></font><font rwr="1"></font><font rwr="1"></font><font rwr="1"></font><font rwr="1"></font><font rwr="1"></font><font rwr="1"></font><font rwr="1"></font><font rwr="1"></font><font rwr="1"></font><font rwr="1"></font><font rwr="1"></font><font rwr="1"></font><font rwr="1"></font><font rwr="1"></font><font rwr="1"></font><font rwr="1"></font><font rwr="1"></font><font rwr="1"></font><font rwr="1"></font><font rwr="1"></font><font rwr="1"></font><font rwr="1"></font><font rwr="1"></font><font rwr="1"></font><font rwr="1"></font><font rwr="1"></font><font rwr="1"></font><font rwr="1"></font><font rwr="1"></font><font rwr="1"></font><font rwr="1"></font><font rwr="1"></font><font rwr="1"></font><font rwr="1"></font><font rwr="1"></font><font rwr="1"></font><font rwr="1"></font><font rwr="1"></font><font rwr="1"></font><font rwr="1"></font><font rwr="1"></font><font rwr="1"></font><font rwr="1"></font><font rwr="1"></font><font rwr="1"></font><font rwr="1"></font><font rwr="1"></font><font rwr="1"></font><font rwr="1"></font><font rwr="1"></font><font rwr="1"></font><font rwr="1"></font><font rwr="1"></font><font rwr="1"></font><font rwr="1"></font><font rwr="1"></font><font rwr="1"></font><font rwr="1"></font><font rwr="1"></font><font rwr="1"></font><font rwr="1"></font><font rwr="1"></font><font rwr="1"></font><font rwr="1"></font><font rwr="1"></font><font rwr="1"></font><font rwr="1"></font><font rwr="1"></font><font rwr="1"></font><font rwr="1"></font><font rwr="1"></font><font rwr="1"></font><font rwr="1"></font><font rwr="1"></font><font rwr="1"></font><font rwr="1"></font><font rwr="1"></font><font rwr="1"></font><font rwr="1"></font><font rwr="1"></font><font rwr="1"></font><font rwr="1"></font><font rwr="1"></font><font rwr="1"></font><font rwr="1"></font><font rwr="1"></font><font rwr="1"></font><font rwr="1"></font><font rwr="1"></font><font rwr="1"></font><font rwr="1"></font><font rwr="1"></font><font rwr="1"></font><font rwr="1"></font><font rwr="1"></font><font rwr="1"></font><font rwr="1"></font><font rwr="1"></font><font rwr="1"></font><font rwr="1"></font><font rwr="1"></font><font rwr="1"></font><font rwr="1"></font><font rwr="1"></font><font rwr="1"></font><font rwr="1"></font><font rwr="1"></font><font rwr="1"></font><font rwr="1"></font><font rwr="1"></font><font rwr="1"></font><font rwr="1"></font><font rwr="1"></font><font rwr="1"></font><font rwr="1"></font><font rwr="1"></font><font rwr="1"></font><font rwr="1"></font><font rwr="1"></font><font rwr="1"></font><font rwr="1"></font><font rwr="1"></font><font rwr="1"></font><font rwr="1"></font><font rwr="1"></font><font rwr="1"></font><font rwr="1"></font><font rwr="1"></font><font rwr="1"></font><font rwr="1"></font><font rwr="1"></font><font rwr="1"></font><font rwr="1"></font><font rwr="1"></font><font rwr="1"></font><font rwr="1"></font><font rwr="1"></font><font rwr="1"></font><font rwr="1"></font><font rwr="1"></font><font rwr="1"></font><font rwr="1"></font><font rwr="1"></font><font rwr="1"></font><font rwr="1"></font><font rwr="1"></font><font rwr="1"></font><font rwr="1"></font><font rwr="1"></font><font rwr="1"></font><font rwr="1"></font><font rwr="1"></font><font rwr="1"></font><font rwr="1"></font><font rwr="1"></font><font rwr="1"></font><font rwr="1"></font><font rwr="1"></font><font rwr="1"></font><font rwr="1"></font><font rwr="1"></font><font rwr="1"></font><font rwr="1"></font><font rwr="1"></font><font rwr="1"></font><font rwr="1"></font><font rwr="1"></font><font rwr="1"></font><font rwr="1"></font><font rwr="1"></font><font rwr="1"></font><font rwr="1"></font><font rwr="1"></font><font rwr="1"></font><font rwr="1"></font><font rwr="1"></font><font rwr="1"></font><font rwr="1"></font><font rwr="1"></font><font rwr="1"></font><font rwr="1"></font><font rwr="1"></font><font rwr="1"></font><font rwr="1"></font><font rwr="1"></font><font rwr="1"></font><font rwr="1"></font><font rwr="1"></font><font rwr="1"></font><font rwr="1"></font><font rwr="1"></font><font rwr="1"></font><font rwr="1"></font><font rwr="1"></font><span style="font-size: 14pt;"></span><font rwr="1" size="4" style="font-family:Arial"></font><font rwr="1" size="4" style="font-family:Arial"></font><font rwr="1" size="4" style="font-family:Arial"></font><font rwr="1" size="4" style="font-family:Arial"></font><font rwr="1" size="4" style="font-family:Arial"></font><font rwr="1" size="4" style="font-family:Arial"></font><font rwr="1" size="4" style="font-family:Arial"></font><font rwr="1" size="4" style="font-family:Arial"></font><font rwr="1" size="4" face="Arial"></font><font face="Arial"></font><span style="font-size: 14pt;">Up for auction is an original vintage luggage label in decent condition, as shown above.</span><span style="font-size: 14pt;">&nbsp;It may have remnants of paper on the back, it may be missing gum, or have other issues, such as light creases, Staining, folds, bends, minor thin spots, or other issues due to age. Please see the images of the actual item above for a better idea of the condition. I have a very large assortment of early luggage labels, Poster Stamps, decals/sticker, up now or going up in the next several weeks. The packed item will weigh just over two ounces as I pack with very thick card stock to assure that the item arrives safely. The winner will pay postage and tracking, which is included in the shipping total. I am always happy to combine shipping whenever possible.&nbsp;</span></font></font></font></font></font></font></font></font></font></font></font></font></font></font></font></font></font></font></font></font></font></font></font></font></font></font></font></font></font></font></font></font></font></font></font></font></font></font></font></font></font></font></font></font></font></font></font></font></font></font></font></font></font></font></font></font></font></font></font></font></font></font></font></font></font></font></font></font></font></font></font></font></font></font></font></font></font></font></font></font></font></font></font></font></font></font></font></font></font></font></font></font></font></font></font></font></font></font></font></font></font></font></font></font></font></font></font></font></font></font></font></font></font></font></font></font></font></font></font></font></font></font></font></font></font></font></font></font></font></font></font></font></font></font></font></font></font></font></font></font></font></font></font></font></font></font></font></font></font></font></font></font></font></font></font></font></font></font></font></font></font></font></font></font></font></font></font></font></font></font></font></font></font></font></font></font></font></font></font></font></font></font></font></font></font></font></font></font></font></font></font></font></font></font></font></font></font></font></font></font></font></font></font></font></font></font></font></font></font></font></font></font></font></font></font></font></font></font></font></font></font></font></font></font></font></font></font></font></font></font></font></font></font></font></font></font></font></font></font></font></font></font></font></font></font></font></font></font></font></font></font></font></font></font></font></font></font></font></font></font></font></font></font></font></font></font></font></font></font></font></font></font></font></font></font></font></font></font></font></font></font></font></font></font></font></font></font></font></font></font></font></font></font></font></font></font></font></font></font></font></font></font></font></font></font></font></font></font></font></font></font></font></font></font></font></font></font></font></font></font></font></font></font></font></font></font></font></font></font></font></font></font></font></font></font></font></font></font></font></font></font></font></font></font></font></font></font></font></font></font></font></font></font></font></font></font></font></font></font></font></font></font></font></font></font></font></font></font></font></font></font></font></font></font></font></font></font></font></font></font></font></font></font></font></font></font></font></font></font></font></font></font></font></font></font></font></font></font></font></font></font></font></font></font></font></font></font></font></font></font></font></font></font></font></font></font></font></font></font></font></font></font></font></font></font></font></font></font></font></font></font></font></font></font></font></font></font></font></font></font></font></font></font></font></font></font></font></font></font></font></font></font></font></font></font></font></font></font></font></font></font></font></font></font></font></font></font></font></font></font></font></font></font></font></font></font></font></font></font></font></font></font></font></font></font></font></font></font></font></font></font></font></font></font></font></font></font></font></font></font></font></font></font></font></font></font></font></font></font></font></font><div style="font-family: Arial; font-size: 14pt;"><font rwr="1" size="4" style="font-family:Arial"><font rwr="1" size="4" style="font-family:Arial"><font rwr="1" size="4" style="font-family:Arial"><font rwr="1" size="4" style="font-family:Arial"><font rwr="1" size="4" style="font-family:Arial"><font rwr="1" size="4" style="font-family:Arial"><font rwr="1" size="4" style="font-family:Arial"><font rwr="1" size="4" style="font-family:Arial"><font rwr="1" size="4" style="font-family:Arial"><font rwr="1" size="4" style="font-family:Arial"><font rwr="1" size="4" style="font-family:Arial"><font rwr="1" size="4" style="font-family:Arial"><font rwr="1" size="4" style="font-family:Arial"><font rwr="1" size="4" style="font-family:Arial"><font rwr="1" size="4" style="font-family:Arial"><font rwr="1" size="4" style="font-family:Arial"><font rwr="1" size="4" style="font-family:Arial"><font rwr="1" size="4" style="font-family:Arial"><font rwr="1" size="4" style="font-family:Arial"><font rwr="1" size="4" style="font-family:Arial"><font rwr="1" size="4" style="font-family:Arial"><font rwr="1" size="4" style="font-family:Arial"><font rwr="1" size="4" style="font-family:Arial"><font rwr="1" size="4" style="font-family:Arial"><font rwr="1" size="4" style="font-family:Arial"><font rwr="1" size="4" style="font-family:Arial"><font rwr="1" size="4" style="font-family:Arial"><font rwr="1" size="4" style="font-family:Arial"><font rwr="1" size="4" style="font-family:Arial"><font rwr="1" size="4" style="font-family:Arial"><font rwr="1" size="4" style="font-family:Arial"><font rwr="1" size="4" style="font-family:Arial"><font rwr="1" size="4" style="font-family:Arial"><font rwr="1" size="4" style="font-family:Arial"><font rwr="1" size="4" style="font-family:Arial"><font rwr="1" size="4" style="font-family:Arial"><font rwr="1" size="4" style="font-family:Arial"><font rwr="1" size="4" style="font-family:Arial"><font rwr="1" size="4" style="font-family:Arial"><font rwr="1" size="4" style="font-family:Arial"><font rwr="1" size="4" style="font-family:Arial"><font rwr="1" size="4" style="font-family:Arial"><font rwr="1" size="4" style="font-family:Arial"><font rwr="1" size="4" style="font-family:Arial"><font rwr="1" size="4" style="font-family:Arial"><font rwr="1" size="4" style="font-family:Arial"><font rwr="1" size="4" style="font-family:Arial"><font rwr="1" size="4" style="font-family:Arial"><font rwr="1" size="4" style="font-family:Arial"><font rwr="1" size="4" style="font-family:Arial"><font rwr="1" size="4" style="font-family:Arial"><font rwr="1" size="4" style="font-family:Arial"><font rwr="1" size="4" style="font-family:Arial"><font rwr="1" size="4" style="font-family:Arial"><font rwr="1" size="4" style="font-family:Arial"><font rwr="1" size="4" style="font-family:Arial"><font rwr="1" size="4" style="font-family:Arial"><font rwr="1" size="4" style="font-family:Arial"><font rwr="1" size="4" style="font-family:Arial"><font rwr="1" size="4" style="font-family:Arial"><font rwr="1" size="4" style="font-family:Arial"><font rwr="1" size="4" style="font-family:Arial"><font rwr="1" size="4" style="font-family:Arial"><font rwr="1" size="4" style="font-family:Arial"><font rwr="1" size="4" style="font-family:Arial"><font rwr="1" size="4" style="font-family:Arial"><font rwr="1" size="4" style="font-family:Arial"><font rwr="1" size="4" style="font-family:Arial"><font rwr="1" size="4" style="font-family:Arial"><font rwr="1" size="4" style="font-family:Arial"><font rwr="1" size="4" style="font-family:Arial"><font rwr="1" size="4" style="font-family:Arial"><font rwr="1" size="4" style="font-family:Arial"><font rwr="1" size="4" style="font-family:Arial"><font rwr="1" size="4" style="font-family:Arial"><font rwr="1" size="4" style="font-family:Arial"><font rwr="1" size="4" style="font-family:Arial"><font rwr="1" size="4" style="font-family:Arial"><font rwr="1" size="4" style="font-family:Arial"><font rwr="1" size="4" style="font-family:Arial"><font rwr="1" size="4" style="font-family:Arial"><font rwr="1" size="4" style="font-family:Arial"><font rwr="1" size="4" style="font-family:Arial"><font rwr="1" size="4" style="font-family:Arial"><font rwr="1" size="4" style="font-family:Arial"><font rwr="1" size="4" style="font-family:Arial"><font rwr="1" size="4" style="font-family:Arial"><font rwr="1" size="4" style="font-family:Arial"><font rwr="1" size="4" style="font-family:Arial"><font rwr="1" size="4" style="font-family:Arial"><font rwr="1" size="4" style="font-family:Arial"><font rwr="1" size="4" style="font-family:Arial"><font rwr="1" size="4" style="font-family:Arial"><font rwr="1" size="4" style="font-family:Arial"><font rwr="1" size="4" style="font-family:Arial"><font rwr="1" size="4" style="font-family:Arial"><font rwr="1" size="4" style="font-family:Arial"><font rwr="1" size="4" style="font-family:Arial"><font rwr="1" size="4" style="font-family:Arial"><font rwr="1" size="4" style="font-family:Arial"><font rwr="1" size="4" style="font-family:Arial"><font rwr="1" size="4" style="font-family:Arial"><font rwr="1" size="4" style="font-family:Arial"><font rwr="1" size="4" style="font-family:Arial"><font rwr="1" size="4" style="font-family:Arial"><font rwr="1" size="4" style="font-family:Arial"><font rwr="1" size="4" style="font-family:Arial"><font rwr="1" size="4" style="font-family:Arial"><font rwr="1" size="4" style="font-family:Arial"><font rwr="1" size="4" style="font-family:Arial"><font rwr="1" size="4" style="font-family:Arial"><font rwr="1" size="4" style="font-family:Arial"><font rwr="1" size="4" style="font-family:Arial"><font rwr="1" size="4" style="font-family:Arial"><font rwr="1" size="4" style="font-family:Arial"><font rwr="1" size="4" style="font-family:Arial"><font rwr="1" size="4" style="font-family:Arial"><font rwr="1" size="4" style="font-family:Arial"><font rwr="1" size="4" style="font-family:Arial"><font rwr="1" size="4" style="font-family:Arial"><font rwr="1" size="4" style="font-family:Arial"><font rwr="1" size="4" style="font-family:Arial"><font rwr="1" size="4" style="font-family:Arial"><font rwr="1" size="4" style="font-family:Arial"><font rwr="1" size="4" style="font-family:Arial"><font rwr="1" size="4" style="font-family:Arial"><font rwr="1" size="4" style="font-family:Arial"><font rwr="1" size="4" style="font-family:Arial"><font rwr="1" size="4" style="font-family:Arial"><font rwr="1" size="4" style="font-family:Arial"><font rwr="1" size="4" style="font-family:Arial"><font rwr="1" size="4" style="font-family:Arial"><font rwr="1" size="4" style="font-family:Arial"><font rwr="1" size="4" style="font-family:Arial"><font rwr="1" size="4" style="font-family:Arial"><font rwr="1" size="4" style="font-family:Arial"><font rwr="1" size="4" style="font-family:Arial"><font rwr="1" size="4" style="font-family:Arial"><font rwr="1" size="4" style="font-family:Arial"><font rwr="1" size="4" style="font-family:Arial"><font rwr="1" size="4" style="font-family:Arial"><font rwr="1" size="4" style="font-family:Arial"><font rwr="1" size="4" style="font-family:Arial"><font rwr="1" size="4" style="font-family:Arial"><font rwr="1" size="4" style="font-family:Arial"><font rwr="1" size="4" style="font-family:Arial"><font rwr="1" size="4" style="font-family:Arial"><font rwr="1" size="4" style="font-family:Arial"><font rwr="1" size="4" style="font-family:Arial"><font rwr="1" size="4" style="font-family:Arial"><font rwr="1" size="4" style="font-family:Arial"><font rwr="1" size="4" style="font-family:Arial"><font rwr="1" size="4" style="font-family:Arial"><font rwr="1" size="4" style="font-family:Arial"><font rwr="1" size="4" style="font-family:Arial"><font rwr="1" size="4" style="font-family:Arial"><font rwr="1" size="4" style="font-family:Arial"><font rwr="1" size="4" style="font-family:Arial"><font rwr="1" size="4" style="font-family:Arial"><font rwr="1" size="4" style="font-family:Arial"><font rwr="1" size="4" style="font-family:Arial"><font rwr="1" size="4" style="font-family:Arial"><font rwr="1" size="4" style="font-family:Arial"><font rwr="1" size="4" style="font-family:Arial"><font rwr="1" size="4" style="font-family:Arial"><font rwr="1" size="4" style="font-family:Arial"><font rwr="1" size="4" style="font-family:Arial"><font rwr="1" size="4" style="font-family:Arial"><font rwr="1" size="4" style="font-family:Arial"><font rwr="1" size="4" style="font-family:Arial"><font rwr="1" size="4" style="font-family:Arial"><font rwr="1" size="4" style="font-family:Arial"><font rwr="1" size="4" style="font-family:Arial"><font rwr="1" size="4" style="font-family:Arial"><font rwr="1" size="4" style="font-family:Arial"><font rwr="1" size="4" style="font-family:Arial"><font rwr="1" size="4" style="font-family:Arial"><font rwr="1" size="4" style="font-family:Arial"><font rwr="1" size="4" style="font-family:Arial"><font rwr="1" size="4" style="font-family:Arial"><font rwr="1" size="4" style="font-family:Arial"><font rwr="1" size="4" style="font-family:Arial"><font rwr="1" size="4" style="font-family:Arial"><font rwr="1" size="4" style="font-family:Arial"><font rwr="1" size="4" style="font-family:Arial"><font rwr="1" size="4" style="font-family:Arial"><font rwr="1" size="4" style="font-family:Arial"><font rwr="1" size="4" style="font-family:Arial"><font rwr="1" size="4" style="font-family:Arial"><font rwr="1" size="4" style="font-family:Arial"><font rwr="1" size="4" style="font-family:Arial"><font rwr="1" size="4" style="font-family:Arial"><font rwr="1" size="4" style="font-family:Arial"><font rwr="1" size="4" style="font-family:Arial"><font rwr="1" size="4" style="font-family:Arial"><font rwr="1" size="4" style="font-family:Arial"><font rwr="1" size="4" style="font-family:Arial"><font rwr="1" size="4" style="font-family:Arial"><font rwr="1" size="4" style="font-family:Arial"><font rwr="1" size="4" style="font-family:Arial"><font rwr="1" size="4" style="font-family:Arial"><font rwr="1" size="4" style="font-family:Arial"><font rwr="1" size="4" style="font-family:Arial"><font rwr="1" size="4" style="font-family:Arial"><font rwr="1" size="4" style="font-family:Arial"><font rwr="1" size="4" style="font-family:Arial"><font rwr="1" size="4" style="font-family:Arial"><font rwr="1" size="4" style="font-family:Arial"><font rwr="1" size="4" style="font-family:Arial"><font rwr="1" size="4" style="font-family:Arial"><font rwr="1" size="4" style="font-family:Arial"><font rwr="1" size="4" style="font-family:Arial"><font rwr="1" size="4" style="font-family:Arial"><font rwr="1" size="4" style="font-family:Arial"><font rwr="1" size="4" style="font-family:Arial"><font rwr="1" size="4" style="font-family:Arial"><font rwr="1" size="4" style="font-family:Arial"><font rwr="1" size="4" style="font-family:Arial"><font rwr="1" size="4" style="font-family:Arial"><font rwr="1" size="4" style="font-family:Arial"><font rwr="1" size="4" style="font-family:Arial"><font rwr="1" size="4" style="font-family:Arial"><font rwr="1" size="4" style="font-family:Arial"><font rwr="1" size="4" style="font-family:Arial"><font rwr="1" size="4" style="font-family:Arial"><font rwr="1" size="4" style="font-family:Arial"><font rwr="1" size="4" style="font-family:Arial"><font rwr="1" size="4" style="font-family:Arial"><font rwr="1" size="4" style="font-family:Arial"><font rwr="1" size="4" style="font-family:Arial"><font rwr="1" size="4" style="font-family:Arial"><font rwr="1" size="4" style="font-family:Arial"><font rwr="1" size="4" style="font-family:Arial"><font rwr="1" size="4" style="font-family:Arial"><font rwr="1" size="4" style="font-family:Arial"><font rwr="1" size="4" style="font-family:Arial"><font rwr="1" size="4" style="font-family:Arial"><font rwr="1" size="4" style="font-family:Arial"><font rwr="1" size="4" style="font-family:Arial"><font rwr="1" size="4" style="font-family:Arial"><font rwr="1" size="4" style="font-family:Arial"><font rwr="1" size="4" style="font-family:Arial"><font rwr="1" size="4" style="font-family:Arial"><font rwr="1" size="4" style="font-family:Arial"><font rwr="1" size="4" style="font-family:Arial"><font rwr="1" size="4" style="font-family:Arial"><font rwr="1" size="4" style="font-family:Arial"><font rwr="1" size="4" style="font-family:Arial"><font rwr="1" size="4" style="font-family:Arial"><font rwr="1" size="4" style="font-family:Arial"><font rwr="1" size="4" style="font-family:Arial"><font rwr="1" size="4" style="font-family:Arial"><font rwr="1" size="4" style="font-family:Arial"><font rwr="1" size="4" style="font-family:Arial"><font rwr="1" size="4" style="font-family:Arial"><font rwr="1" size="4" style="font-family:Arial"><font rwr="1" size="4" style="font-family:Arial"><font rwr="1" size="4" style="font-family:Arial"><font rwr="1" size="4" style="font-family:Arial"><font rwr="1" size="4" style="font-family:Arial"><font rwr="1" size="4" style="font-family:Arial"><font rwr="1" size="4" style="font-family:Arial"><font rwr="1" size="4" style="font-family:Arial"><font rwr="1" size="4" style="font-family:Arial"><font rwr="1" size="4" style="font-family:Arial"><font rwr="1" size="4" style="font-family:Arial"><font rwr="1" size="4" style="font-family:Arial"><font rwr="1" size="4" style="font-family:Arial"><font rwr="1" size="4" style="font-family:Arial"><font rwr="1" size="4" style="font-family:Arial"><font rwr="1" size="4" style="font-family:Arial"><font rwr="1" size="4" style="font-family:Arial"><font rwr="1" size="4" style="font-family:Arial"><font rwr="1" size="4" style="font-family:Arial"><font rwr="1" size="4" style="font-family:Arial"><font rwr="1" size="4" style="font-family:Arial"><font rwr="1" size="4" style="font-family:Arial"><font rwr="1" size="4" style="font-family:Arial"><font rwr="1" size="4" style="font-family:Arial"><font rwr="1" size="4" style="font-family:Arial"><font rwr="1" size="4" style="font-family:Arial"><font rwr="1" size="4" style="font-family:Arial"><font rwr="1" size="4" style="font-family:Arial"><font rwr="1" size="4" style="font-family:Arial"><font rwr="1" size="4" style="font-family:Arial"><font rwr="1" size="4" style="font-family:Arial"><font rwr="1" size="4" style="font-family:Arial"><font rwr="1" size="4" style="font-family:Arial"><font rwr="1" size="4" style="font-family:Arial"><font rwr="1" size="4" style="font-family:Arial"><font rwr="1" size="4" style="font-family:Arial"><font rwr="1" size="4" style="font-family:Arial"><font rwr="1" size="4" style="font-family:Arial"><font rwr="1" size="4" style="font-family:Arial"><font rwr="1" size="4" style="font-family:Arial"><font rwr="1" size="4" style="font-family:Arial"><font rwr="1" size="4" style="font-family:Arial"><font rwr="1" size="4" style="font-family:Arial"><font rwr="1" size="4" style="font-family:Arial"><font rwr="1" size="4" style="font-family:Arial"><font rwr="1" size="4" style="font-family:Arial"><font rwr="1" size="4" style="font-family:Arial"><font rwr="1" size="4" style="font-family:Arial"><font rwr="1" size="4" style="font-family:Arial"><font rwr="1" size="4" style="font-family:Arial"><font rwr="1" size="4" style="font-family:Arial"><font rwr="1" size="4" style="font-family:Arial"><font rwr="1" size="4" style="font-family:Arial"><font rwr="1" size="4" style="font-family:Arial"><font rwr="1" size="4" style="font-family:Arial"><font rwr="1"><font rwr="1"><font rwr="1"><font rwr="1"><font rwr="1"><font rwr="1"><font rwr="1"><font rwr="1"><font rwr="1"><font rwr="1"><font rwr="1"><font rwr="1"><font rwr="1"><font rwr="1"><font rwr="1"><font rwr="1"><font rwr="1"><font rwr="1"><font rwr="1"><font rwr="1"><font rwr="1"><font rwr="1"><font rwr="1"><font rwr="1"><font rwr="1"><font rwr="1"><font rwr="1"><font rwr="1"><font rwr="1"><font rwr="1"><font rwr="1"><font rwr="1"><font rwr="1"><font rwr="1"><font rwr="1"><font rwr="1"><font rwr="1"><font rwr="1"><font rwr="1"><font rwr="1"><font rwr="1"><font rwr="1"><font rwr="1"><font rwr="1"><font rwr="1"><font rwr="1"><font rwr="1"><font rwr="1"><font rwr="1"><font rwr="1"><font rwr="1"><font rwr="1"><font rwr="1"><font rwr="1"><font rwr="1"><font rwr="1"><font rwr="1"><font rwr="1"><font rwr="1"><font rwr="1"><font rwr="1"><font rwr="1"><font rwr="1"><font rwr="1"><font rwr="1"><font rwr="1"><font rwr="1"><font rwr="1"><font rwr="1"><font rwr="1"><font rwr="1"><font rwr="1"><font rwr="1"><font rwr="1"><font rwr="1"><font rwr="1"><font rwr="1"><font rwr="1"><font rwr="1"><font rwr="1"><font rwr="1"><font rwr="1"><font rwr="1"><font rwr="1"><font rwr="1"><font rwr="1"><font rwr="1"><font rwr="1"><font rwr="1"><font rwr="1"><font rwr="1"><font rwr="1"><font rwr="1"><font rwr="1"><font rwr="1"><font rwr="1"><font rwr="1"><font rwr="1"><font rwr="1"><font rwr="1"><font rwr="1"><font rwr="1"><font rwr="1"><font rwr="1"><font rwr="1"><font rwr="1"><font rwr="1"><font rwr="1"><font rwr="1"><font rwr="1"><font rwr="1"><font rwr="1"><font rwr="1"><font rwr="1"><font rwr="1"><font rwr="1"><font rwr="1"><font rwr="1"><font rwr="1"><font rwr="1"><font rwr="1"><font rwr="1"><font rwr="1"><font rwr="1"><font rwr="1"><font rwr="1"><font rwr="1"><font rwr="1"><font rwr="1"><font rwr="1"><font rwr="1"><font rwr="1"><font rwr="1"><font rwr="1"><font rwr="1"><font rwr="1"><font rwr="1"><font rwr="1"><font rwr="1"><font rwr="1"><font rwr="1"><font rwr="1"><font rwr="1"><font rwr="1"><font rwr="1"><font rwr="1"><font rwr="1"><font rwr="1"><font rwr="1"><font rwr="1"><font rwr="1"><font rwr="1"><font rwr="1"><font rwr="1"><font rwr="1"><font rwr="1"><font rwr="1"><font rwr="1"><font rwr="1"><font rwr="1"><font rwr="1"><font rwr="1"><font rwr="1"><font rwr="1"><font rwr="1"><font rwr="1"><font rwr="1"><font rwr="1"><font rwr="1"><font rwr="1"><font rwr="1"><font rwr="1"><font rwr="1"><font rwr="1"><font rwr="1"><font rwr="1"><font rwr="1"><font rwr="1"><font rwr="1"><font rwr="1"><font rwr="1"><font rwr="1"><font rwr="1"><font rwr="1"><font rwr="1"><font rwr="1"><font rwr="1"><font rwr="1"><font rwr="1"><font rwr="1"><font rwr="1"><font rwr="1"><font rwr="1"><font rwr="1"><font rwr="1"><font rwr="1"><font rwr="1"><font rwr="1"><font rwr="1"><font rwr="1"><font rwr="1"></font><span style="font-size: 14pt;"></span><br></font></font></font></font></font></font></font></font></font></font></font></font></font></font></font></font></font></font></font></font></font></font></font></font></font></font></font></font></font></font></font></font></font></font></font></font></font></font></font></font></font></font></font></font></font></font></font></font></font></font></font></font></font></font></font></font></font></font></font></font></font></font></font></font></font></font></font></font></font></font></font></font></font></font></font></font></font></font></font></font></font></font></font></font></font></font></font></font></font></font></font></font></font></font></font></font></font></font></font></font></font></font></font></font></font></font></font></font></font></font></font></font></font></font></font></font></font></font></font></font></font></font></font></font></font></font></font></font></font></font></font></font></font></font></font></font></font></font></font></font></font></font></font></font></font></font></font></font></font></font></font></font></font></font></font></font></font></font></font></font></font></font></font></font></font></font></font></font></font></font></font></font></font></font></font></font></font></font></font></font></font></font></font></font></font></font></font></font></font></font></font></font></font></font></font></font></font></font></font></font></font></font></font></font></font></font></font></font></font></font></font></font></font></font></font></font></font></font></font></font></font></font></font></font></font></font></font></font></font></font></font></font></font></font></font></font></font></font></font></font></font></font></font></font></font></font></font></font></font></font></font></font></font></font></font></font></font></font></font></font></font></font></font></font></font></font></font></font></font></font></font></font></font></font></font></font></font></font></font></font></font></font></font></font></font></font></font></font></font></font></font></font></font></font></font></font></font></font></font></font></font></font></font></font></font></font></font></font></font></font></font></font></font></font></font></font></font></font></font></font></font></font></font></font></font></font></font></font></font></font></font></font></font></font></font></font></font></font></font></font></font></font></font></font></font></font></font></font></font></font></font></font></font></font></font></font></font></font></font></font></font></font></font></font></font></font></font></font></font></font></font></font></font></font></font></font></font></font></font></font></font></font></font></font></font></font></font></font></font></font></font></font></font></font></font></font></font></font></font></font></font></font></font></font></font></font></font></font></font></font></font></font></font></font></font></font></font></font></font></font></font></font></font></font></font></font></font></font></font></font></font></font></font></font></font></font></font></font></font></font></font></font></font></font></font></font></font></font></font></font></font></font></font></font></font></font></font></font></font></font></font></font></font></font></font></font></font></font></font></font></font></font></font></font></font></font></font></font></font></font></font></font></font></font></font></font></font></font></font></font></font></font></font></font></font></font></font></font></font></font></font></font></font></font></font></font></font></font></font></font></div><div><div style="font-family: Arial; font-size: 14pt; text-align: center;"><b><span style="font-size: 14pt;">Check out my&nbsp;</span><span style="font-size: 14pt; font-size: 14pt;"></span><span style="font-size: 14pt; font-size: 14pt;"></span><font rwr="1" face="Arial" style="font-size: medium;"></font><font rwr="1" face="Arial" style="font-size: medium;"></font><font rwr="1" face="Arial" style="font-size: medium;"></font><span style="font-size: 14pt; font-size: 14pt;"></span><font rwr="1" face="Arial" style="font-size: large;"></font><a href="http://search.ebay.com/?sass=modernmarkey&amp;ht=-1" style="font-size: 14pt;" target="_blank">other items</a><span style="font-size: 14pt;">!&nbsp;Be sure to add me to your&nbsp;</span><a href="http://my.ebay.com/ws/eBayISAPI.dll?AcceptSavedSeller&amp;sellerid=modernmarkey&amp;sspageName=DB:FavList" style="font-size: 14pt;" target="_blank">favorites list</a><span style="font-size: 14pt;">!&nbsp;</span><a href="http://my.ebay.com/ws/eBayISAPI.dll?AcceptSavedSeller&amp;linkname=includenewsletter&amp;sellerid=modernmarkey" style="font-size: 14pt;" target="_blank">Sign up for my email newsletters</a><span style="font-size: 14pt;">&nbsp;by adding my eBay Store to your Favorites.</span></b></div><font rwr="1"><font rwr="1"><font rwr="1"><font rwr="1"><font rwr="1"><font rwr="1"><font rwr="1"><font rwr="1"><font rwr="1"><font rwr="1"><font rwr="1"><font rwr="1"><font rwr="1"><font rwr="1"><font rwr="1"><font rwr="1"><font rwr="1"><font rwr="1"><font rwr="1"><font rwr="1"><font rwr="1"><font rwr="1"><font rwr="1"><font rwr="1"><font rwr="1"><font rwr="1"><font rwr="1"><font rwr="1"><font rwr="1"><font rwr="1"><font rwr="1"><font rwr="1"><font rwr="1"><font rwr="1"><font rwr="1"><font rwr="1"><font rwr="1"><font rwr="1"><font rwr="1"><font rwr="1"><font rwr="1"><font rwr="1"><font rwr="1"><font rwr="1"><font rwr="1"><font rwr="1"><font rwr="1"><font rwr="1"><font rwr="1"><font rwr="1"><font rwr="1"><font rwr="1"><font rwr="1"><font rwr="1"><font rwr="1"><font rwr="1"><font rwr="1"><font rwr="1"><font rwr="1"><font rwr="1"><font rwr="1"><font rwr="1"><font rwr="1"><font rwr="1"><font rwr="1"><font rwr="1"><font rwr="1"><font rwr="1"><font rwr="1"><font rwr="1"><font rwr="1"><font rwr="1"><font rwr="1"><font rwr="1"><font rwr="1"><font rwr="1"><font rwr="1"><font rwr="1"><font rwr="1"><font rwr="1"><font rwr="1"><font rwr="1"><font rwr="1"><font rwr="1"><font rwr="1"><font rwr="1"><font rwr="1"><font rwr="1"><font rwr="1"><font rwr="1"><font rwr="1"><font rwr="1"><font rwr="1"><font rwr="1"><font rwr="1"><font rwr="1"><font rwr="1"><font rwr="1"><font rwr="1"><font rwr="1"><font rwr="1"><font rwr="1"><font rwr="1"><font rwr="1"><font rwr="1"><font rwr="1"><font rwr="1"><font rwr="1"><font rwr="1"><font rwr="1"><font rwr="1"><font rwr="1"><font rwr="1"><font rwr="1"><font rwr="1"><font rwr="1"><font rwr="1"><font rwr="1"><font rwr="1"><font rwr="1"><font rwr="1"><font rwr="1"><font rwr="1"><font rwr="1"><font rwr="1"><font rwr="1"><font rwr="1"><font rwr="1"><font rwr="1"><font rwr="1"><font rwr="1"><font rwr="1"><font rwr="1"><font rwr="1"><font rwr="1"><font rwr="1"><font rwr="1"><font rwr="1"><font rwr="1"><font rwr="1"><font rwr="1"><font rwr="1"><font rwr="1"><font rwr="1"><font rwr="1"><font rwr="1"><font rwr="1"><font rwr="1"><font rwr="1"><font rwr="1"><font rwr="1"><font rwr="1"><font rwr="1"><font rwr="1"><font rwr="1"><font rwr="1"><font rwr="1"><font rwr="1"><font rwr="1"><font rwr="1"><font rwr="1"><font rwr="1"><font rwr="1"><font rwr="1"><font rwr="1"><font rwr="1"><font rwr="1"><font rwr="1"><font rwr="1"><font rwr="1"><font rwr="1"><font rwr="1"><font rwr="1"><font rwr="1"><font rwr="1"><font rwr="1"><font rwr="1"><font rwr="1"><font rwr="1"><font rwr="1"><font rwr="1"><font rwr="1"><font rwr="1"><font rwr="1"><font rwr="1"><font rwr="1"><font rwr="1"><font rwr="1"><font rwr="1"><font rwr="1"><font rwr="1"><font rwr="1"><font rwr="1"><font rwr="1"><font rwr="1"><font rwr="1"><font rwr="1"><font rwr="1"><font rwr="1"><font rwr="1"><font rwr="1"><font rwr="1"><font rwr="1"><font rwr="1"><font rwr="1"><font rwr="1"><font rwr="1"><font rwr="1"><font rwr="1"><font rwr="1"><font rwr="1"><font rwr="1"><font rwr="1"><font rwr="1"><font rwr="1"><font rwr="1"><font rwr="1"><font rwr="1"><font rwr="1"><font rwr="1"><font rwr="1"><font rwr="1"><font rwr="1"><font rwr="1"><font rwr="1"><font rwr="1"><font rwr="1"><font rwr="1"><font rwr="1"><font rwr="1"><font rwr="1"><font rwr="1"><font rwr="1"><font rwr="1"><font rwr="1"><font rwr="1"><font rwr="1"><font rwr="1"><font rwr="1"><font rwr="1"><font rwr="1"><font rwr="1"><font rwr="1"><font rwr="1"><font rwr="1"><font rwr="1"><font rwr="1"><font rwr="1"><font rwr="1"><font rwr="1"><font rwr="1"><font rwr="1"><font rwr="1"><font rwr="1"><font rwr="1"><font rwr="1"><font rwr="1"><font rwr="1"><font rwr="1"><font rwr="1"><font rwr="1"><font rwr="1"><font rwr="1"><font rwr="1"><font rwr="1"><font rwr="1"><font rwr="1"><font rwr="1"><font rwr="1"><font rwr="1"><font rwr="1"><font rwr="1"><font rwr="1"><font rwr="1"><font rwr="1"><font rwr="1"><font rwr="1"><font rwr="1"><font rwr="1"><font rwr="1"><font rwr="1"><font rwr="1"><font rwr="1"><font rwr="1"><font rwr="1"><font rwr="1"><font rwr="1"><font rwr="1"><font rwr="1"><font rwr="1"><font rwr="1"><font rwr="1"><font rwr="1"><font rwr="1"><font rwr="1"><font rwr="1"><font rwr="1"><font rwr="1"><font rwr="1"><font rwr="1"><font rwr="1"><font rwr="1"><font rwr="1"><font rwr="1"><font rwr="1"><font rwr="1"><font rwr="1"><font rwr="1"><font rwr="1"><font rwr="1"><font rwr="1"><font rwr="1"><font rwr="1"><font rwr="1"><font rwr="1"><font rwr="1"><font rwr="1"><font rwr="1"><font rwr="1"><font rwr="1"><font rwr="1"><font rwr="1"><font rwr="1"><font rwr="1"><font rwr="1"><font rwr="1"><font rwr="1"><font rwr="1"><font rwr="1"><font rwr="1"><font rwr="1"><font rwr="1"><font rwr="1"><font rwr="1"><font rwr="1"><font rwr="1"><font rwr="1"><font rwr="1"><font rwr="1"><font rwr="1"><font rwr="1"><font rwr="1"><font rwr="1"><font rwr="1"><font rwr="1"><font rwr="1"><font rwr="1"><font rwr="1"><font rwr="1"><font rwr="1"><font rwr="1"><font rwr="1"><font rwr="1"><font rwr="1"><font rwr="1"><font rwr="1"><font rwr="1"><font rwr="1"><font rwr="1"><font rwr="1"><font rwr="1"><font rwr="1"><font rwr="1"><font rwr="1"><font rwr="1"><font rwr="1"><font rwr="1"><font rwr="1"><font rwr="1"><font rwr="1"><font rwr="1"><font rwr="1"><font rwr="1"><font rwr="1"><font rwr="1"><font rwr="1"><font rwr="1"><font rwr="1"><font rwr="1"><font rwr="1"><font rwr="1"><font rwr="1"><font rwr="1"><font rwr="1"><font rwr="1"><font rwr="1"><font rwr="1"><font rwr="1"><font rwr="1"><font rwr="1"><font rwr="1"><font rwr="1"><font rwr="1"><font rwr="1"><font rwr="1"><font rwr="1"><font rwr="1"><font rwr="1"><font rwr="1"><font rwr="1"><font rwr="1"><font rwr="1"><font rwr="1"><font rwr="1"><font rwr="1"><font rwr="1"><font rwr="1"><font rwr="1"><font rwr="1"><font rwr="1"><font rwr="1"><font rwr="1"><font rwr="1"><font rwr="1"><font rwr="1"><font rwr="1"><font rwr="1"><font rwr="1"><font rwr="1"><font rwr="1"><font rwr="1"><font rwr="1"><font rwr="1"><font rwr="1"><font rwr="1"><font rwr="1"><font rwr="1"><font rwr="1"><font rwr="1"><font rwr="1"><font rwr="1"><font rwr="1"><font rwr="1"><font rwr="1"><font rwr="1"><font rwr="1"><font rwr="1"><font rwr="1"><font rwr="1"><font rwr="1"><font rwr="1"><font rwr="1"><font rwr="1"><font rwr="1"><font rwr="1"><font rwr="1"><font rwr="1"><font rwr="1"><font rwr="1"><font rwr="1"><font rwr="1"><font rwr="1"><font rwr="1"><font rwr="1"><font rwr="1"><font rwr="1"><font rwr="1"><font rwr="1"><font rwr="1"><font rwr="1"><font rwr="1"><font rwr="1"><font rwr="1"><font rwr="1"><font rwr="1"><font rwr="1"><font rwr="1"><font rwr="1"><font rwr="1"><font rwr="1"><font rwr="1"><font rwr="1"><font rwr="1"><font rwr="1"><font rwr="1"><font rwr="1"><font rwr="1"><font rwr="1"><font rwr="1"><font rwr="1"><font rwr="1"><font rwr="1"><font rwr="1"><font rwr="1"><font rwr="1"><font rwr="1"><font rwr="1"><font rwr="1"><font rwr="1"><font rwr="1"><font rwr="1"><font rwr="1"><font rwr="1"><font rwr="1"><font rwr="1"><font rwr="1"><font rwr="1"><font rwr="1"><font rwr="1"><font rwr="1"><font rwr="1"><font rwr="1"><font rwr="1"><font rwr="1"><font rwr="1"><font rwr="1"><font rwr="1"><font rwr="1"><font rwr="1"><font rwr="1"><font rwr="1"></font><b></b><div style="font-size: 14pt; font-family: Arial;"></div><div style="font-size: large; text-align: center;"></div><font face="Arial"></font><br><div style="font-size: 14pt; font-family: Arial;"></div><font face="Arial" style="font-size: large;"></font><span style="font-size: 14pt; font-size: 14pt;"></span><span style="font-size: 14pt;"></span><font rwr="1" size="4" face="Arial"></font><font rwr="1" size="4" face="Arial"></font><div style="font-size: 14pt; font-family: Arial; text-align: center;"></div><div style="font-size: 14pt; font-family: Arial; text-align: center;"></div><span style="font-size: 14pt;"></span><font face="Arial"></font><font face="Arial" style="font-size: large;"></font><span style="font-size: 14pt; font-size: 14pt;"></span><span style="font-size: 14pt; font-size: 14pt;"></span><span style="font-size: 14pt; font-size: 14pt;"></span><span style="font-size: 14pt; font-family: Arial;"></span><font size="5" face="Arial"></font><font face="Arial"></font><font face="Arial" style="font-size: large;"></font><span style="font-size: 14pt;"></span><div style="font-size: 14pt; font-family: Arial; text-align: center;"></div><span style="font-size: 14pt;"></span><font face="Arial"></font><font face="Arial" style="font-size: large;"></font><span style="font-size: 14pt; font-size: 14pt;"></span><span style="font-size: 14pt; font-size: 14pt;"></span><span style="font-size: 14pt; font-size: 14pt;"></span><span style="font-size: 14pt;"></span><span style="font-size: 14pt; font-size: 14pt;"></span><span style="font-size: 14pt;"></span><font size="5" face="Arial"></font><div style="font-size: 14pt; font-family: Arial; text-align: center;"></div><span style="font-size: 14pt;"></span><font face="Arial"></font><font face="Arial" style="font-size: large;"></font><span style="font-size: 14pt; font-size: 14pt;"></span><span style="font-size: 14pt; font-size: 14pt;"></span><span style="font-size: 14pt; font-size: 14pt;"></span><span style="font-size: 14pt;"></span><span style="font-size: 14pt; font-size: 14pt;"></span><span style="font-size: 14pt;"></span><font size="5" face="Arial"></font><div style="font-size: 14pt; font-family: Arial; text-align: center;"></div><span style="font-size: 14pt;"></span><font face="Arial"></font><font face="Arial" style="font-size: large;"></font><span style="font-size: 14pt; font-size: 14pt;"></span><span style="font-size: 14pt; font-size: 14pt;"></span><span style="font-size: 14pt; font-size: 14pt;"></span><span style="font-size: 14pt;"></span><font size="5" face="Arial"></font><div style="font-size: 14pt; font-family: Arial; text-align: center;"></div><span style="font-size: 14pt;"></span><font face="Arial"></font><font face="Arial" style="font-size: large;"></font><span style="font-size: 14pt; font-size: 14pt;"></span><span style="font-size: 14pt; font-size: 14pt;"></span><span style="font-size: 14pt;"></span><font size="5" face="Arial"></font><div style="font-size: 14pt; font-family: Arial; text-align: center;"></div><font face="Arial" style="font-size: large;"></font><span style="font-size: 14pt; font-size: 14pt;"></span><span style="font-size: 14pt;"></span><font size="5" face="Arial"></font><div style="font-size: 14pt; font-family: Arial; text-align: center;"></div><span style="font-family: Arial;"></span><div style="text-align: center;"></div><b></b><div style="text-align: center;"></div><b style="font-size: 14pt;"></b><span style="font-size: 14pt;">&nbsp;</span><font size="5">Please contact me with any issues prior to leaving negative/neutral Feedback or low detail ratings, as I will always do my best to solve any problems that may come up!</font><span class="Apple-tab-span" style="white-space: pre;"> </span></font></font></font></font></font></font></font></font></font></font></font></font></font></font></font></font></font></font></font></font></font></font></font></font></font></font></font></font></font></font></font></font></font></font></font></font></font></font></font></font></font></font></font></font></font></font></font></font></font></font></font></font></font></font></font></font></font></font></font></font></font></font></font></font></font></font></font></font></font></font></font></font></font></font></font></font></font></font></font></font></font></font></font></font></font></font></font></font></font></font></font></font></font></font></font></font></font></font></font></font></font></font></font></font></font></font></font></font></font></font></font></font></font></font></font></font></font></font></font></font></font></font></font></font></font></font></font></font></font></font></font></font></font></font></font></font></font></font></font></font></font></font></font></font></font></font></font></font></font></font></font></font></font></font></font></font></font></font></font></font></font></font></font></font></font></font></font></font></font></font></font></font></font></font></font></font></font></font></font></font></font></font></font></font></font></font></font></font></font></font></font></font></font></font></font></font></font></font></font></font></font></font></font></font></font></font></font></font></font></font></font></font></font></font></font></font></font></font></font></font></font></font></font></font></font></font></font></font></font></font></font></font></font></font></font></font></font></font></font></font></font></font></font></font></font></font></font></font></font></font></font></font></font></font></font></font></font></font></font></font></font></font></font></font></font></font></font></font></font></font></font></font></font></font></font></font></font></font></font></font></font></font></font></font></font></font></font></font></font></font></font></font></font></font></font></font></font></font></font></font></font></font></font></font></font></font></font></font></font></font></font></font></font></font></font></font></font></font></font></font></font></font></font></font></font></font></font></font></font></font></font></font></font></font></font></font></font></font></font></font></font></font></font></font></font></font></font></font></font></font></font></font></font></font></font></font></font></font></font></font></font></font></font></font></font></font></font></font></font></font></font></font></font></font></font></font></font></font></font></font></font></font></font></font></font></font></font></font></font></font></font></font></font></font></font></font></font></font></font></font></font></font></font></font></font></font></font></font></font></font></font></font></font></font></font></font></font></font></font></font></font></font></font></font></font></font></font></font></font></font></font></font></font></font></font></font></font></font></font></font></font></font></font></font></font></font></font></font></font></font></font></font></font></font></font></font></font></font></font></font></font></font></font></font></font></font></font></font></font></font></font></font></font></font></font></font></font></font></font></font></font></font></font></font></font></font></font></font></font></font></font></font></font></font></font></font></font></font></font></font></font></font></font></font></font></font></font></font></font></font></div></font>
</DOC>
<DOC>
<DOCID>1700673</DOCID>
<CATEGORY>Collectibles > Historical Memorabilia > Firefighting & Rescue > Patches > U.S.</CATEGORY>
<ORIGTITLE>NEW MEXICO FIRE/RESCUE DEPARTMENT PATCHES! SET ONE! LOT OF 21! SEE ITEM DESC</ORIGTITLE>
<font rwr='1' size='4' style='font-family:Arial'><font rwr="1" size="4" style="font-family:Arial"><font rwr="1" size="4" style=""><font rwr="1" size="4" style=""><font rwr="1" size="4" style=""><font rwr="1" size="4" style=""><font rwr="1" size="4" style=""><font rwr="1" size="4" style=""><font rwr="1" size="4" style=""><font rwr="1" size="4" style=""><font rwr="1" size="4" style=""><font rwr="1" size="4" style=""><font rwr="1" size="4" style=""><font rwr="1" size="4" style=""><font rwr="1" size="4" style=""><font rwr="1" size="4" style=""><font rwr="1" size="4" style=""><font rwr="1" size="4" style=""><font rwr="1" size="4" style=""><font rwr="1" size="4" style=""><font rwr="1" size="4" style=""><font rwr="1" size="4" style=""><font rwr="1" size="4" style=""><font rwr="1" size="4" style=""><font rwr="1" size="4" style=""><font rwr="1" size="4" style=""><font rwr="1" size="4" style=""><font rwr="1" size="4" style=""><font rwr="1" size="4" style=""><font rwr="1" size="4" style=""><font rwr="1" size="4" style=""><font rwr="1" size="4" style=""><font rwr="1" size="4" style=""><font rwr="1" size="4" style=""><font rwr="1" size="4" style=""><font rwr="1" size="4" style=""><font rwr="1" size="4" style=""><font rwr="1" size="4" style=""><font rwr="1" size="4" style=""><font rwr="1" style=""><font rwr="1" style=""><font rwr="1" style=""><font rwr="1" style=""><font rwr="1" style=""><div id="ds_div" style=""><font rwr="1" style=""><font rwr="1" style=""><div style="font-family: Arial; font-size: 14pt; text-align: center;"><font face="Arial Black" style="" size="6" color="#ff0010">21 NEW MEXICO FIRE DEPARTMENT PATCHES!</font></div><div style="font-family: Arial; font-size: 14pt; text-align: center;"><span style="font-family: Arial; font-size: 14pt;">Our legendary warehouse in Brooklyn has it all. From Golden Age comic books to... Fire department patches?! We don't know how they got here, but we have thousands, like this, our first set of patches from New Mexico.</span></div><div style="font-family: Arial; font-size: 14pt; text-align: center;"><span style="font-family: Arial; font-size: 14pt;"><br></span></div><div style="font-family: Arial; font-size: 14pt; text-align: center;"><u style=""><b style=""><font size="5">You get patches from the following firehouses</font></b></u><span style="font-size: 14pt;">:</span></div><div style="text-align: center;"><div style=""><div style=""><div style=""><div style=""><div style=""><div style=""><div style=""><div style=""><div style=""><div style=""><div style=""><div style=""><div style=""><div style=""><div style=""><div style=""><div style=""><div style=""><div style=""><div style=""><div style=""><div style=""><div style=""><div style=""><div style=""><div style=""><div style=""><div style=""><div style=""><div style=""><div style=""><div style=""><div style=""><div style=""><div style=""><div style=""><div style=""><div style=""><div style=""><div style=""><div style=""><div style=""><div style=""><font face="Arial">Carlsbad</font></div><div style=""><font face="Arial">Village of Tijeras</font></div><div style=""><font face="Arial">Valley FD, Kirtland</font></div><div style=""><font face="Arial">Portales FD</font></div><div style=""><font face="Arial">Mesilla&nbsp;</font></div><div style=""><font face="Arial">City of Clovis</font></div><div style=""><font face="Arial">Rio Fernando Fire District, Taos County Volunteer</font></div><div style=""><font face="Arial">Sandoval</font></div><div style=""><font face="Arial">Angel Fire</font></div><div style=""><font face="Arial">Knowles</font></div><div style=""><font face="Arial">Ramah Navajo SWFF</font></div><div style=""><font face="Arial">Las Vegas FD (NM)</font></div><div style=""><font face="Arial">Eunice Fire and Rescue</font></div><div style=""><font face="Arial">Fence Lake</font></div><div style=""><font face="Arial">Grant VFD</font></div><div style=""><font face="Arial">Cubero</font></div><div style=""><font face="Arial">South Valley FD, Dona Ana County</font></div><div style=""><font face="Arial">Gallup&nbsp;</font></div><div style=""><font face="Arial">Albuquerque</font></div><div style=""><font face="Arial">Casa Pasa, Cruzuille-Apache Creek-Aragon</font></div><div style=""><font face="Arial">City of Gallup</font></div></div></div><div style="font-family: Arial; font-size: 14pt;"><br></div></div></div></div></div></div></div></div></div></div></div></div></div></div></div></div></div></div></div></div></div></div></div></div></div></div></div></div></div></div></div></div></div></div></div><div style="font-family: Arial; font-size: 14pt;"><br></div></div></div></div></div></div></div></div><div style="font-family: Arial; font-size: 14pt; text-align: center;"><u><b>See our Fire Department Patch collections and firetruck lots for sale.&nbsp; More memorabilia than you can shake a hose at!</b></u></div><div style="font-family: Arial; font-size: 14pt; text-align: center;"><u><b>DON'T SEE YOUR STATE/FIREHOUSE/PATCH? Keep looking, we'll posting new collections daily!</b></u></div><div style="font-family: Arial; font-size: 14pt; text-align: center;"><font face="Arial Black" color="#006535">All are in great condition, feel free to contact us with any questions.</font></div><div style="font-family: Arial; font-size: 14pt; text-align: center;"><br></div><div style="font-family: Arial; font-size: 14pt;"><font size="4" style="font-size: large;"><div align="center"><font size="4"><font size="4" face="Times" color="#002cfd"><font size="2" face="Arial, Helvetica, sans-serif"><font size="2" face="Arial"><font size="2" face="Arial, Helvetica, sans-serif"><font size="2" face="Arial, Helvetica, sans-serif"><h2 align="center" style="color: rgb(0, 66, 154);">Read this legend for an understanding for how our grading system works:</h2><h2 align="center" style="margin: auto 0in;"><font color="red"><font color="#000000"><span style="color: rgb(255, 0, 16);">M = Mint</span></font></font></h2><h3 align="center" style="margin: auto 0in 13.5pt;"><font color="red"><font color="#000000">A perfect, unread comic. White pages, sharp corners, perfectly aligned cover, tight staples, sharp square corners, no creases, marks, fading of any kind - no flaw whatsoever. We have never actually graded a book as MINT. To quote Phil Seuling: "Mint is a flavor of chewing gum."</font></font></h3><h2 align="center" style="margin: auto 0in;"><span style="color: rgb(0, 66, 154);"><font color="red">NM = Near Mint</font></span></h2><h3 align="center" style="margin: auto 0in 13.5pt;"><font color="red"><font color="#000000">This is what most comics look like when purchased new, presuming no harassment on the racks. Tight staples, glossy cover, sharp corners, no marks, white pages. Any flaws are HINTS of a flaw. Maybe look very closely and you the perfectionist will see a miniscule mis-alignment of the cover with the pages, or the hint of the rounding of a corner. Run your fingers down the spine and you may feel a crease which isn't visible to the eye. Those are the kind of things which mean that nearly all "as new" comics are graded as Near Mint rather than Mint. You will notice that in our 1000s of listings, we don't use this grade either. VF-NM is usually our top grade.</font></font></h3><h2 align="center" style="margin: auto 0in;"><span style="color: rgb(0, 66, 154);"><font color="red">VF = Very Fine</font></span></h2><h3 align="center" style="margin: auto 0in 13.5pt;"><font color="red"><font color="#000000">Excellent condition. Sharp, bright and clean. May have minor spine wear or a small corner crease, or slight surface wear. Often, at first glance a Very Fine comic will appear Near Mint, although closer inspection will reveal trace ( but distinct) imperfections. This is typically the best grade seen for Silver Age comics.</font></font></h3><h2 align="center" style="margin: auto 0in;"><span style="color: rgb(0, 66, 154);"><font color="red">F = Fine</font></span></h2><h3 align="center" style="margin: auto 0in 13.5pt;"><font color="red"><font color="#000000">A nice book, still attractive to look at. An optimistic first glance might reasonably hope for a VF or even a VF-NM. Staples still firm, there is at least some gloss, good corners, but closer look reveals yet more imperfections.</font></font></h3><h2 align="center" style="margin: auto 0in;"><span style="color: rgb(0, 66, 154);"><font color="red">VG = Very Good</font></span></h2><h3 align="center" style="margin: auto 0in;"><font color="red"><font color="#000000">A solid book. Immediately visible but not dramatic flaws - conversely no dramatic virtues either. Just clean somewhat worn and solid. Maybe some creases but no significant tears. Staples still solid. Book still solid, but clearly worn.</font></font><span style="font-size: small;">&nbsp;</span></h3><div><br></div><h2 align="center" style="margin: auto 0in;"><span style="color: rgb(0, 66, 154);"><font color="red">G = Good</font></span></h2><h3 align="center" style="margin: auto 0in;"><font color="red"><font color="#000000">As VG, but with flaws more pronounced. Creases are a little bigger, maybe a larger tear, staples still well attached, but may have stress tears around them. There may be small chips out of the cover. The wear is everywhere but the book is still sound.&nbsp;</font></font></h3><h3 align="center" style="margin: auto 0in;"><span style="font-size: small;"></span>&nbsp;</h3><h2 align="center" style="margin: auto 0in;"><span style="color: rgb(0, 66, 154);"><font color="red">FR = Fair<br></font></span></h2><h3 align="center" style="margin: auto 0in 13.5pt;"><font color="red"><font color="#000000">A Fair comic is well worn with large flaws, but the book and cover are still, possibly a piece or two missing from the cover, a staple may be loose. OK for a reader, a cheap placeholder for a collector.</font></font></h3><h2 align="center" style="margin: auto 0in;"><span style="color: rgb(0, 66, 154);"><font color="red">PR = Poor</font></span></h2><h3 align="center" style="margin: auto 0in;"><font color="red"><font color="#000000">Any graded book should be complete. A book in POOR has its cover and all its pages. Things may be loose or waiting to get lost, there may be a piece missing here or there, but the book is there. Still readable. We do not give incomplete books a grade.</font></font><span style="font-size: small;">&nbsp;</span></h3></font><div align="center"><font size="2" face="Arial, Helvetica, sans-serif"><h3><span style="color: rgb(0, 66, 154);">Note that when a grade appears as (VG-F) or something similar, it means the book was somewhere in-between the two selected grades. And when a listing appears as (G+), it means that the book was slightly better than the grade described, or slightly less in the case of (G-).&nbsp;</span></h3></font></div></font></font></font></font></font><br></div></font><div align="center" style="font-size: large;"><font size="2" face="Arial, Helvetica, sans-serif"><center><font color="#ff0000">&nbsp;</font>&nbsp;&nbsp;<b>Holiday (AND ALWAYS) SHIPPING SCHEDULE:</b></center><center><h4><b>Almost all auctions ship within 1 business day after receiving payment, usually in 24 hrs or less;&nbsp;<br><font color="red">Nifty FREEBIE FUN PACK of Comics and Cards accompanies ALL (yes ALL!!) packages.</font></b><p><b>Payment may be made via PayPal or credit cards.Pick up by appointment for all auctions and listings. Call 718-768-8571 for pickup payment options.<br>AMERICANEXPRESS,VISA,MASTERCARD DISCOVER OK<br>etc).</b></p></h4></center></font></div></div></font></font></div></font></font></font></font></font></font></font></font></font></font></font></font></font></font></font></font></font></font></font></font></font></font></font></font></font></font></font></font></font></font></font></font></font></font></font></font></font></font></font></font></font></font></font></font>
</DOC>
<DOC>
<DOCID>1700674</DOCID>
<CATEGORY>Collectibles > Arcade, Jukeboxes & Pinball > Pinball > Replacement Parts</CATEGORY>
<ORIGTITLE>Bally Midway City Slicker Pinball Machine Playfield Blue Pop Bumper Rings (4)!</ORIGTITLE>
<font rwr='1' size='4' style='font-family:Arial'><font rwr="1"><font rwr="1"><font rwr="1"><font rwr="1"><font rwr="1"><font rwr="1"><font rwr="1"><font rwr="1"><font rwr="1"><font rwr="1"><font rwr="1"><font rwr="1"><font rwr="1"><font rwr="1"><font rwr="1"><font rwr="1"><font rwr="1"><font rwr="1"><font rwr="1"><font rwr="1"><font rwr="1"><font rwr="1"><font face="Arial"><u><b><span style="font-size: 18.6667px;">Bally Midway City Slicker 87 Pinball Machine Playfield Blue Pop Bumper Rings (4)!</span></b></u></font><div style="font-family: Arial; font-size: 14pt;"><br></div><div style="font-family: Arial; font-size: 14pt;"><b>NOTE: &nbsp;"CS" inscription is faded, and some of the caps are missing multiple plastic "fastening" teeth.</b></div><div style="font-family: Arial; font-size: 14pt;"><br></div><div style="font-family: Arial; font-size: 14pt;">If you have this machine, you know how rare these parts are. &nbsp; Sold as is, no returns. &nbsp;Please see pics.</div><div style="font-family: Arial; font-size: 14pt;"><br></div><div style="font-family: Arial; font-size: 14pt;"><span style="font-size: 14pt;">Paypal only.  </span><b style="font-size: 14pt;">NO RETURNS!</b><span style="font-size: 14pt;">  Shipping is flat $2.99 in USA.

International, by Ebay International Shipping Center only. &nbsp;Thanks!</span></div><br><font rwr="1" size="4" style="font-family: Arial; font-size: 14pt;"><p class="MsoNormal">YES, I DO COMBINED SHIPPING.&nbsp;
THE EBAY SYSTEM DOES NOT ALWAYS WORK FOR THIS, SO THERE ARE TWO WAYS TO
GET COMBINED SHIPPING.&nbsp; YOU CAN PLACE ALL
THE ITEMS IN YOUR SHOPPING CART FIRST, AND IT SHOULD AUTOMATICALLY CHARGE ONLY ONE SHIPPING FEE. &nbsp;IF THAT DOES NOT WORK, , SIMPLY PURCHASE ALL THE ITEMS YOU WANT, AND I WILL MANUALLY REFUND YOU ALL <b>EXCEPT </b>THE SINGLE HIGHEST SHIPPING CHARGE
WHEN I PURCHASE YOUR SHIPPING LABEL.&nbsp;
EXAMPLE:&nbsp; IF YOU BUY FOUR ITEMS,
ONE SHIPPING AT $6.95, ONE $5.95, ONE FREE AND ONE $2.95, I WILL REFUND YOU
$5.95 AND $2.95.&nbsp; THANKS!<o:p></o:p></p></font><br><br></font></font></font></font></font></font></font></font></font></font></font></font></font></font></font></font></font></font></font></font></font></font></font>
</DOC>
<DOC>
<DOCID>1700678</DOCID>
<CATEGORY>Collectibles > Photographic Images > Contemporary (1940-Now) > Celebrity > Other Celebrity Photographs</CATEGORY>
<ORIGTITLE>Prince Richard, King Constantin and Queen Anne-Marie, and Tord Magnusson and Pri</ORIGTITLE>
<div style="max-width:800px;"> <h1 style="text-align: center;"><span style="color: #000000;"><strong>IMS&nbsp;VINTAGE&nbsp;PHOTOS</strong></span></h1> <hr /> <p>&nbsp;</p> <h2 style="text-align: center;"><strong> Prince Richard, King Constantin and Queen Anne-Marie, and Tord Magnusson and Princess Christina at Prince Bertil&#39;s Funeral in the Castle Church - Vintage photo </strong></h2> <p> <br /> Size of photo 10" x 7.3" <br /> - </p> <p> <br /> <br /><sub> Id: 621109 </sub> </p> <h3 style="text-align: center;">Prince Richard, King Constantin and Queen Anne-Marie, and Tord Magnusson and Princess Christina at Prince Bertil&#39;s Funeral in the Castle ChurchPrince, Bertil, funeral, burial, funeral, funeral ceremony, church, royal family, king, queen, princess, prince, death </h3> <p> tt-is-6_prins-bertil dod-begravningen-i-kyrkan <br /> tt-is-6_prins-bertil dod-begravningen-i-kyrkan 1997-01-13 1/13/1997 </p> <h4> Front and back of the image:</h4> <div style="float:left;"> <img src="https://s3-eu-west-1.amazonaws.com/t.np.is/02148982_0.jpg" style="max-height:800px; max-width:380px;" title="imsvintagephotos Prince Richard, King Constantin and Queen Anne-Marie, and Tord Magnusson and Princess Christina at Prince Bertil&#39;s Funeral in the Castle Church - Vintage photo" alt="imsvintagephotos" /> <img src="https://d2g6b83uc6acxk.cloudfront.net//imgsz3/800_800/270/noppic-2148983.jpg" style="max-height:800px; max-width:380px;" title="imsvintagephotos Prince Richard, King Constantin and Queen Anne-Marie, and Tord Magnusson and Princess Christina at Prince Bertil&#39;s Funeral in the Castle Church - Vintage photo" alt="imsvintagephotos" /> </div> <br style="clear:both;" /> <div> <h3 style="text-align: center;"><strong>Certificate of Authenticity</strong></h3> <p style="text-align: justify;"> Every order comes with a Certificate of Authenticity from IMS Vintage Photos.&nbsp; &nbsp; We guarantee that all our images are not reprints, they are original photos from a press archive, the youngest photos we have are 30 years old and the oldest over 100 years old. <br /> </p> <p style="text-align:center;"> <img src="https://s3-eu-west-1.amazonaws.com/t.np.is/ebaylive/ims-photo-certificate.png" style="max-height:400px;" /></p> <h3 style="text-align: center;">Great reasons to buy vintage photography</h3> <h4>Collectible / Memrobilia</h4> <p>Vintage photographs are a great collectible.&nbsp; For those collecting certain interests you can most likely find a vintage press photo in our collection from that subject and add to your collection.&nbsp; A moment in history is a great addition to any collection.</p> <h4>Wall decor</h4> <p>An original photos is a great wall decor, an original piece of history in your home or your office.&nbsp; We also reccoment two sided glass frames for display on tables, as you can then see the back of the photo also.&nbsp; The back of the photo has sometime stamps, writing and text that makes the photo even more historical and unique.</p> <h4>Personal gift</h4> <p>Who is your father&rsquo;s sports idol? or your mothers rock star? In what town did grandpa grow up? Photographs that have been locked away in a newspaper archive for decades and are now for the first time available to the public are the perfect gift. There is only one copy of each so each image is totally unique. Each image contains original stamps, scribble from journalist and captions making the photo very authentic and historic. A moment in history as a gift. Search for a subjects that fits the person you are giving or find just a beautiful photo to enjoy. A vintage photograph is suitable for all occations wether its a christmas gift, valentines, fathers day, mothers or just as a surprise gift to make someones day. </p> <h4>Investment</h4> <p>Many predict that the price and value of vintage photographs will increase in the future and might be the next valuable paintings of our times.&nbsp; Vintage press photographs are certainly not growing in numbers as they stopped making them 30 years ago.&nbsp; Many have been lost in fires or water damages allready.&nbsp; &nbsp;Take good care of your vintage photograph as it might be very valuable in the future.</p> <h4>The moment</h4> <p>One of the best reasons to on a vintage photograph is to enjoy the moment, the moment in history when the photo was taken.&nbsp; From the times when you could not snap as many frames you wanted, and just delete and upload.&nbsp; &nbsp;From the times you maybe only had one shot, and could not see the image until days later after developing it.&nbsp; Its from these times when the moments are so much more precious and not mention more rare as the more years we go back in history, fewer and fewer images are of moments and events that exict.</p> <hr /> <h2 style="text-align:center;">IMS Vintage Photos</h2> <p> This photograph originates from a press photo archive. IMS Vintage Photos is selling photos that come from editorial press photo archives in Europe and dating back to early 19th centrury. The archives are in great condition and have been in storage for a long time and the images in the collection are now being sold off one by one. The images archive where distributed in most cases in maximum only 10-15 copies around the world at the time and many copies have been lost or damaged during time, each copy from the collection is therefore very rare and unique. This kind of rare images are not only a great thing to own but also a great investment. Own a piece of history with this great photography memorabilia. </p> <h3>Copyright</h3> <p>By purchasing a photo from IMSPIX Images, copyright does not transfer. We are selling these photos as collectibles only and no copyright is implied.</p> <h3>Payments</h3> <p> We only accept PayPal as method of payment. <br /> Please note that you do not need to have a PayPal account to pay using PayPal, just a valid debit or credit card. </p> <h3>Packaging and delivery</h3> <p> All items are shipped in strong cardboard envelope to ensure safe delivery. <br /> <br /> We aim to dispatch the same day or the next working day. <br /> We are in a fantastic location for shipping, right between USA and Europe - shipping has proven to be faster from us than local shipping in some countries like USA. We dispatch using Iceland Post 1st Class or UPS Express delivery. <br /> <img src="https://s3-eu-west-1.amazonaws.com/t.np.is/ebaylive/ims-photo-envelope.png" style="max-height:300px;" /> </p> <h3>Combined shipping</h3> <p>We do combine shipping.&nbsp; Please contact us for combined shipping if you cannot do it automatically in the ebay shopping cart.</p> <p><br/><i> Beta </i></p> </div></div>.14
</DOC>
<DOC>
<DOCID>1700675</DOCID>
<CATEGORY>Collectibles > Decorative Collectibles > Paperweights</CATEGORY>
<ORIGTITLE>Vintage Art Glass Animal Paperweight Figurine Planter Pot PUPPY DOG 5" Tall</ORIGTITLE>
<!--CSG INDICATOR START-->
<!-- AUCTIVA Scrolling Gallery (do not remove or modify the "CSG INDICATOR START/END" tags or contents) --><link id="csgCss" rel="stylesheet" href="https://scrollinggallery.auctiva.com/gallery/css/2(0)/AUCTIVA/31223/0/25/_335"><div id="csgGallery" style="display: none"><input id="csgScrollingCheckbox_335" type="checkbox" checked /><input id="csgSingleRowCheckbox_335" type="checkbox" checked /><div id="csgGalleryPos"><div id="csgGalleryContainer"><div id="csgHeader" class="csgFrame"><div id="csgHeaderLeft" class="csgLeft"><a id="csgHLStoreLink" href="https://www.ebay.com/usr/abright1969" target="_blank"></a><span id="csgHLLogo" class="csgLogo"></span></div><div id="csgHeaderCenter" class="csgCenter"><a id="csgHCStoreLink" href="https://www.ebay.com/usr/abright1969" target="_blank"></a><span id="csgHCLogo" class="csgLogo"></span></div><div id="csgHeaderRight" class="csgRight"><label id="csgHRScrollingLabel" for="csgScrollingCheckbox_335"></label><label id="csgHRSingleRowLabel" for="csgSingleRowCheckbox_335"></label><span id="csgHRLogo" class="csgLogo"></span></div></div><div id="csgOuterNavWrapper"><input id="csgPrev1_335" name="csgRadio" class="csgPrevCheck" type="radio"/><input id="csgPrev2_335" name="csgRadio" class="csgPrevCheck" type="radio"/><input id="csgPrev3_335" name="csgRadio" class="csgPrevCheck" type="radio"/><input id="csgPrev4_335" name="csgRadio" class="csgPrevCheck" type="radio"/><input id="csgPrev5_335" name="csgRadio" class="csgPrevCheck" type="radio"/><input id="csgPrev6_335" name="csgRadio" class="csgPrevCheck" type="radio"/><input id="csgPrev7_335" name="csgRadio" class="csgPrevCheck" type="radio"/><input id="csgPrev8_335" name="csgRadio" class="csgPrevCheck" type="radio"/><input id="csgPrev9_335" name="csgRadio" class="csgPrevCheck" type="radio"/><input id="csgPrev10_335" name="csgRadio" class="csgPrevCheck" type="radio"/><input id="csgPrev11_335" name="csgRadio" class="csgPrevCheck" type="radio"/><input id="csgPrev12_335" name="csgRadio" class="csgPrevCheck" type="radio"/><input id="csgPrev13_335" name="csgRadio" class="csgPrevCheck" type="radio"/><input id="csgPrev14_335" name="csgRadio" class="csgPrevCheck" type="radio"/><input id="csgPrev15_335" name="csgRadio" class="csgPrevCheck" type="radio"/><input id="csgPrev16_335" name="csgRadio" class="csgPrevCheck" type="radio"/><input id="csgPrev17_335" name="csgRadio" class="csgPrevCheck" type="radio"/><input id="csgPrev18_335" name="csgRadio" class="csgPrevCheck" type="radio"/><input id="csgPrev19_335" name="csgRadio" class="csgPrevCheck" type="radio"/><input id="csgPrev20_335" name="csgRadio" class="csgPrevCheck" type="radio"/><input id="csgNext1_335" name="csgRadio" class="csgNextCheck" type="radio"/><input id="csgNext2_335" name="csgRadio" class="csgNextCheck" type="radio"/><input id="csgNext3_335" name="csgRadio" class="csgNextCheck" type="radio"/><input id="csgNext4_335" name="csgRadio" class="csgNextCheck" type="radio"/><input id="csgNext5_335" name="csgRadio" class="csgNextCheck" type="radio"/><input id="csgNext6_335" name="csgRadio" class="csgNextCheck" type="radio"/><input id="csgNext7_335" name="csgRadio" class="csgNextCheck" type="radio"/><input id="csgNext8_335" name="csgRadio" class="csgNextCheck" type="radio"/><input id="csgNext9_335" name="csgRadio" class="csgNextCheck" type="radio"/><input id="csgNext10_335" name="csgRadio" class="csgNextCheck" type="radio"/><input id="csgNext11_335" name="csgRadio" class="csgNextCheck" type="radio"/><input id="csgNext12_335" name="csgRadio" class="csgNextCheck" type="radio"/><input id="csgNext13_335" name="csgRadio" class="csgNextCheck" type="radio"/><input id="csgNext14_335" name="csgRadio" class="csgNextCheck" type="radio"/><input id="csgNext15_335" name="csgRadio" class="csgNextCheck" type="radio"/><input id="csgNext16_335" name="csgRadio" class="csgNextCheck" type="radio"/><input id="csgNext17_335" name="csgRadio" class="csgNextCheck" type="radio"/><input id="csgNext18_335" name="csgRadio" class="csgNextCheck" type="radio"/><input id="csgNext19_335" name="csgRadio" class="csgNextCheck" type="radio"/><input id="csgNext20_335" name="csgRadio" class="csgNextCheck" type="radio"/><div id="csgNavLeft" class="csgNavLabels"><div id="csgNavLeftWrapper" class="csgNavWrapper"><label id="csgPrevLabel1" class="csgNavLabel" for="csgPrev1_335"></label><label id="csgPrevLabel2" class="csgNavLabel" for="csgPrev2_335"></label><label id="csgPrevLabel3" class="csgNavLabel" for="csgPrev3_335"></label><label id="csgPrevLabel4" class="csgNavLabel" for="csgPrev4_335"></label><label id="csgPrevLabel5" class="csgNavLabel" for="csgPrev5_335"></label><label id="csgPrevLabel6" class="csgNavLabel" for="csgPrev6_335"></label><label id="csgPrevLabel7" class="csgNavLabel" for="csgPrev7_335"></label><label id="csgPrevLabel8" class="csgNavLabel" for="csgPrev8_335"></label><label id="csgPrevLabel9" class="csgNavLabel" for="csgPrev9_335"></label><label id="csgPrevLabel10" class="csgNavLabel" for="csgPrev10_335"></label><label id="csgPrevLabel11" class="csgNavLabel" for="csgPrev11_335"></label><label id="csgPrevLabel12" class="csgNavLabel" for="csgPrev12_335"></label><label id="csgPrevLabel13" class="csgNavLabel" for="csgPrev13_335"></label><label id="csgPrevLabel14" class="csgNavLabel" for="csgPrev14_335"></label><label id="csgPrevLabel15" class="csgNavLabel" for="csgPrev15_335"></label><label id="csgPrevLabel16" class="csgNavLabel" for="csgPrev16_335"></label><label id="csgPrevLabel17" class="csgNavLabel" for="csgPrev17_335"></label><label id="csgPrevLabel18" class="csgNavLabel" for="csgPrev18_335"></label><label id="csgPrevLabel19" class="csgNavLabel" for="csgPrev19_335"></label><label id="csgPrevLabel20" class="csgNavLabel" for="csgPrev20_335"></label></div></div><div id="csgNavRight" class="csgNavLabels"><div id="csgNavRightWrapper" class="csgNavWrapper"><label id="csgNextLabel1" class="csgNavLabel" for="csgNext1_335"></label><label id="csgNextLabel2" class="csgNavLabel" for="csgNext2_335"></label><label id="csgNextLabel3" class="csgNavLabel" for="csgNext3_335"></label><label id="csgNextLabel4" class="csgNavLabel" for="csgNext4_335"></label><label id="csgNextLabel5" class="csgNavLabel" for="csgNext5_335"></label><label id="csgNextLabel6" class="csgNavLabel" for="csgNext6_335"></label><label id="csgNextLabel7" class="csgNavLabel" for="csgNext7_335"></label><label id="csgNextLabel8" class="csgNavLabel" for="csgNext8_335"></label><label id="csgNextLabel9" class="csgNavLabel" for="csgNext9_335"></label><label id="csgNextLabel10" class="csgNavLabel" for="csgNext10_335"></label><label id="csgNextLabel11" class="csgNavLabel" for="csgNext11_335"></label><label id="csgNextLabel12" class="csgNavLabel" for="csgNext12_335"></label><label id="csgNextLabel13" class="csgNavLabel" for="csgNext13_335"></label><label id="csgNextLabel14" class="csgNavLabel" for="csgNext14_335"></label><label id="csgNextLabel15" class="csgNavLabel" for="csgNext15_335"></label><label id="csgNextLabel16" class="csgNavLabel" for="csgNext16_335"></label><label id="csgNextLabel17" class="csgNavLabel" for="csgNext17_335"></label><label id="csgNextLabel18" class="csgNavLabel" for="csgNext18_335"></label><label id="csgNextLabel19" class="csgNavLabel" for="csgNext19_335"></label><label id="csgNextLabel20" class="csgNavLabel" for="csgNext20_335"></label></div></div><div id="csgSlidesContainer"><div id="csgSlidesOuter"><a id="csgOverrideLink" href="https://www.ebay.com/usr/abright1969" target="_blank"></a><div id="csgSlides"><div class="csgSlide"><div class="csgListing"><a href="https://www.ebay.com/sch/abright1969/m.html?_ipg=100&_dmd=2&_sop=1" target="_blank"><div class="csgListingImage"></div><div class="csgTitle"></div><div class="csgDetails"><span class="csgPrice"></span><br><span class="csgEndTime"></span></div></a></div></div><div class="csgSlide"><div class="csgListing"><a href="https://www.ebay.com/sch/abright1969/m.html?_ipg=100&_dmd=2&_sop=1" target="_blank"><div class="csgListingImage"></div><div class="csgTitle"></div><div class="csgDetails"><span class="csgPrice"></span><br><span class="csgEndTime"></span></div></a></div></div><div class="csgSlide"><div class="csgListing"><a href="https://www.ebay.com/sch/abright1969/m.html?_ipg=100&_dmd=2&_sop=1" target="_blank"><div class="csgListingImage"></div><div class="csgTitle"></div><div class="csgDetails"><span class="csgPrice"></span><br><span class="csgEndTime"></span></div></a></div></div><div class="csgSlide"><div class="csgListing"><a href="https://www.ebay.com/sch/abright1969/m.html?_ipg=100&_dmd=2&_sop=1" target="_blank"><div class="csgListingImage"></div><div class="csgTitle"></div><div class="csgDetails"><span class="csgPrice"></span><br><span class="csgEndTime"></span></div></a></div></div><div class="csgSlide"><div class="csgListing"><a href="https://www.ebay.com/sch/abright1969/m.html?_ipg=100&_dmd=2&_sop=1" target="_blank"><div class="csgListingImage"></div><div class="csgTitle"></div><div class="csgDetails"><span class="csgPrice"></span><br><span class="csgEndTime"></span></div></a></div></div><div class="csgSlide"><div class="csgListing"><a href="https://www.ebay.com/sch/abright1969/m.html?_ipg=100&_dmd=2&_sop=1" target="_blank"><div class="csgListingImage"></div><div class="csgTitle"></div><div class="csgDetails"><span class="csgPrice"></span><br><span class="csgEndTime"></span></div></a></div></div><div class="csgSlide"><div class="csgListing"><a href="https://www.ebay.com/sch/abright1969/m.html?_ipg=100&_dmd=2&_sop=1" target="_blank"><div class="csgListingImage"></div><div class="csgTitle"></div><div class="csgDetails"><span class="csgPrice"></span><br><span class="csgEndTime"></span></div></a></div></div><div class="csgSlide"><div class="csgListing"><a href="https://www.ebay.com/sch/abright1969/m.html?_ipg=100&_dmd=2&_sop=1" target="_blank"><div class="csgListingImage"></div><div class="csgTitle"></div><div class="csgDetails"><span class="csgPrice"></span><br><span class="csgEndTime"></span></div></a></div></div><div class="csgSlide"><div class="csgListing"><a href="https://www.ebay.com/sch/abright1969/m.html?_ipg=100&_dmd=2&_sop=1" target="_blank"><div class="csgListingImage"></div><div class="csgTitle"></div><div class="csgDetails"><span class="csgPrice"></span><br><span class="csgEndTime"></span></div></a></div></div><div class="csgSlide"><div class="csgListing"><a href="https://www.ebay.com/sch/abright1969/m.html?_ipg=100&_dmd=2&_sop=1" target="_blank"><div class="csgListingImage"></div><div class="csgTitle"></div><div class="csgDetails"><span class="csgPrice"></span><br><span class="csgEndTime"></span></div></a></div></div><div class="csgSlide"><div class="csgListing"><a href="https://www.ebay.com/sch/abright1969/m.html?_ipg=100&_dmd=2&_sop=1" target="_blank"><div class="csgListingImage"></div><div class="csgTitle"></div><div class="csgDetails"><span class="csgPrice"></span><br><span class="csgEndTime"></span></div></a></div></div><div class="csgSlide"><div class="csgListing"><a href="https://www.ebay.com/sch/abright1969/m.html?_ipg=100&_dmd=2&_sop=1" target="_blank"><div class="csgListingImage"></div><div class="csgTitle"></div><div class="csgDetails"><span class="csgPrice"></span><br><span class="csgEndTime"></span></div></a></div></div><div class="csgSlide"><div class="csgListing"><a href="https://www.ebay.com/sch/abright1969/m.html?_ipg=100&_dmd=2&_sop=1" target="_blank"><div class="csgListingImage"></div><div class="csgTitle"></div><div class="csgDetails"><span class="csgPrice"></span><br><span class="csgEndTime"></span></div></a></div></div><div class="csgSlide"><div class="csgListing"><a href="https://www.ebay.com/sch/abright1969/m.html?_ipg=100&_dmd=2&_sop=1" target="_blank"><div class="csgListingImage"></div><div class="csgTitle"></div><div class="csgDetails"><span class="csgPrice"></span><br><span class="csgEndTime"></span></div></a></div></div><div class="csgSlide"><div class="csgListing"><a href="https://www.ebay.com/sch/abright1969/m.html?_ipg=100&_dmd=2&_sop=1" target="_blank"><div class="csgListingImage"></div><div class="csgTitle"></div><div class="csgDetails"><span class="csgPrice"></span><br><span class="csgEndTime"></span></div></a></div></div><div class="csgSlide"><div class="csgListing"><a href="https://www.ebay.com/sch/abright1969/m.html?_ipg=100&_dmd=2&_sop=1" target="_blank"><div class="csgListingImage"></div><div class="csgTitle"></div><div class="csgDetails"><span class="csgPrice"></span><br><span class="csgEndTime"></span></div></a></div></div><div class="csgSlide"><div class="csgListing"><a href="https://www.ebay.com/sch/abright1969/m.html?_ipg=100&_dmd=2&_sop=1" target="_blank"><div class="csgListingImage"></div><div class="csgTitle"></div><div class="csgDetails"><span class="csgPrice"></span><br><span class="csgEndTime"></span></div></a></div></div><div class="csgSlide"><div class="csgListing"><a href="https://www.ebay.com/sch/abright1969/m.html?_ipg=100&_dmd=2&_sop=1" target="_blank"><div class="csgListingImage"></div><div class="csgTitle"></div><div class="csgDetails"><span class="csgPrice"></span><br><span class="csgEndTime"></span></div></a></div></div><div class="csgSlide"><div class="csgListing"><a href="https://www.ebay.com/sch/abright1969/m.html?_ipg=100&_dmd=2&_sop=1" target="_blank"><div class="csgListingImage"></div><div class="csgTitle"></div><div class="csgDetails"><span class="csgPrice"></span><br><span class="csgEndTime"></span></div></a></div></div><div class="csgSlide"><div class="csgListing"><a href="https://www.ebay.com/sch/abright1969/m.html?_ipg=100&_dmd=2&_sop=1" target="_blank"><div class="csgListingImage"></div><div class="csgTitle"></div><div class="csgDetails"><span class="csgPrice"></span><br><span class="csgEndTime"></span></div></a></div></div><div class="csgSlide"><div class="csgListing"><a href="https://www.ebay.com/sch/abright1969/m.html?_ipg=100&_dmd=2&_sop=1" target="_blank"><div class="csgListingImage"></div><div class="csgTitle"></div><div class="csgDetails"><span class="csgPrice"></span><br><span class="csgEndTime"></span></div></a></div></div><div class="csgSlide"><div class="csgListing"><a href="https://www.ebay.com/sch/abright1969/m.html?_ipg=100&_dmd=2&_sop=1" target="_blank"><div class="csgListingImage"></div><div class="csgTitle"></div><div class="csgDetails"><span class="csgPrice"></span><br><span class="csgEndTime"></span></div></a></div></div><div class="csgSlide"><div class="csgListing"><a href="https://www.ebay.com/sch/abright1969/m.html?_ipg=100&_dmd=2&_sop=1" target="_blank"><div class="csgListingImage"></div><div class="csgTitle"></div><div class="csgDetails"><span class="csgPrice"></span><br><span class="csgEndTime"></span></div></a></div></div><div class="csgSlide"><div class="csgListing"><a href="https://www.ebay.com/sch/abright1969/m.html?_ipg=100&_dmd=2&_sop=1" target="_blank"><div class="csgListingImage"></div><div class="csgTitle"></div><div class="csgDetails"><span class="csgPrice"></span><br><span class="csgEndTime"></span></div></a></div></div><div class="csgSlide"><div class="csgListing"><a href="https://www.ebay.com/sch/abright1969/m.html?_ipg=100&_dmd=2&_sop=1" target="_blank"><div class="csgListingImage"></div><div class="csgTitle"></div><div class="csgDetails"><span class="csgPrice"></span><br><span class="csgEndTime"></span></div></a></div></div></div></div></div></div><div id="csgFooter" class="csgFrame"><div id="csgFooterLeft" class="csgLeft"><label id="csgFLScrollingLabel" for="csgScrollingCheckbox_335"></label><label id="csgFLSingleRowLabel" for="csgSingleRowCheckbox_335"></label><span id="csgFLLogo" class="csgLogo"></span></div><div id="csgFooterCenter" class="csgCenter"><label id="csgFCScrollingLabel" for="csgScrollingCheckbox_335"></label><a id="csgFCStoreLink" href="https://www.ebay.com/usr/abright1969" target="_blank"></a><span id="csgFCLogo" class="csgLogo"></span></div><div id="csgFooterRight" class="csgRight"><label id="csgFRScrollingLabel" for="csgScrollingCheckbox_335"></label><label id="csgFRSingleRowLabel" for="csgSingleRowCheckbox_335"></label><span id="csgFRLogo" class="csgLogo"></span></div></div></div><div id="csgPlatformLinkDiv"><span id="csgPlatformLeftImg"></span><a href="https://pages.ebay.com/seller-center/listing/listing-advanced-sellers/third-party-listing-tools.html#auctiva" target="_blank"><span id="csgPlatformText1"></span><br><span id="csgPlatformText2"></span></a><span id="csgPlatformRightImg"></span></div></div></div>
<!--CSG INDICATOR END-->

<meta name='viewport' content='width=device-width'>
<!-- Auctiva Corporation - Auctiva Corp. maintains all rights to the HTML and images used to create this template. Unauthorized Duplication is Prohibited. -->

<style type="text/css">
/************** Don't Touch Section Unless You Are A Ninja ;-) ************************/

	/* css helper: 100% width now includes padding/borders */
	.auctmpl, .auctmpl div, .auctmpl span { box-sizing:border-box; -moz-box-sizing:border-box; -webkit-box-sizing:border-box;}

	/* master container */
	.auctmpl {
		position:relative; 
		overflow:hidden;
		margin:0 auto;
		height:100%;
		width:100%;
		word-wrap:brea-word; }
		
		.aucbdr {position:absolute;}

		/* top border */
		.aucbdr.top { z-index:4; top:0; left:0;}	
		/* right border */
		.aucbdr.right {top:0; right:0; z-index:3; }
		/* bottom border */
		.aucbdr.bottom { z-index:4; bottom:0; left:0;}
		/* top left */
		.aucbdr.left { top:0; left:0; z-index:3; }
		
		/* border corner elements */
		.aucbdr span {display:inline-block;}

		/* main container holds header/content divs */
		.aucmain { position:relative;width:100%;}
		
			/* clearfix on containers in case user puts in floats */
			.aucmain > div:after, .aucmain > div > div:after  {
				    content:"";
					display:table;
					clear:both; }
			.auccontent {width:100%;}
		
			
/********************* END of don't touch section **********************/


	/***** master container *****/
	.auctmpl { 
		font:13px/1.5 Helvetica, Arial, sans-serif;width: 830px; text-align:left; background:url(https://ti2.auctiva.com/tia/79F7/curlyblack/v1/top.jpg) top center no-repeat; width:830px;  
		 /* make sure padding is greater or equal to border width (because borders are absolutely positioned) */}
	.auctmpl h1 { margin: 40px 80px; font-size:30px; text-align:center; color:#000000;font-family:"Georgia", Times, sans-serif;}
	.auctmpl h2 { margin-right: 140px; margin-left: 140px; font-size:24px; text-align:center; color:#000000;font-family:"Georgia", Times, sans-serif;}
		
		
			/* all border divs (repeatable bg images) */
			.aucbdr {}
			
			/* all corner images */
			.aucbdr span {}
			.aucbdr span.corner1 {float:left;}
			.aucbdr span.corner2 {float:right;}

			/* top border */
			.aucbdr.top { }
				.aucbdr.top  span.corner1 {  }
				.aucbdr.top  span.corner2 {  }
			
			/* bottom border */
			.aucbdr.bottom { }
				.aucbdr.bottom span.corner1 { }
				.aucbdr.bottom span.corner2 {  }
			
			
			/* right border */
			.aucbdr.right { }
			
			/* left border */
			.aucbdr.left {   /* repeatable vertical img here */ }

				
				
				
		/***** main content wrapper *****/
		.aucmain {}
			
			.aucmain-inner {padding:150px 0px; background:url(https://ti2.auctiva.com/tia/79F7/curlyblack/v1/bottom.jpg) bottom center no-repeat; width:830px; }
			
			/* this applies to all children divs in aucmain: header/content */
			.aucmain-inner > div {padding:1em 0;}
			
				/* containers that hold actual content */
				.aucmain > div > div { padding:1em 0;}
			
			
			/***** header wrapper div *****/
			.aucheader {border-left: 4px solid #000; border-right: 4px solid #000;}
				/*template title is in this div*/
				.aucheader > div {}
				
				
			/***** content wrapper div *****/	
			.auccontent { width: 100%;}
				/*template content is in this div*/
				.auccontent > div {}
				
				/*setting max width fluid image sizes (this selector may have to get more specific depending on where item images are) */
				.auccontent > div img {max-width:640px;}
				
				.auccontent > div > table {}
				.auccontent > div > table p,
				.auccontent > div > table h1,
				.auccontent > div > table h2 {}

				td.acttbl > font, .acttbl td > center > font { display:block; margin:0 auto; max-width:550px; text-align:left; }
				.section_desc {display:block !important; margin-bottom:-1.2em !important;}
				


			
</style>

<table width="100%" align="center" cellpadding="0" cellspacing="0"><tbody><tr><td>
<div class="auctmpl">
 <div class="aucbdr top"><span class="corner1"></span><span class="corner2"></span></div>
 <div class="aucbdr left"></div>
 <div class="aucbdr right"></div>
 <div class="aucbdr bottom"><span class="corner1"></span><span class="corner2"></span></div>
  <div class="aucmain">
  <div class="aucmain-inner">
   <div class="aucheader">
<div>
     <h1>Vintage Art Glass Animal Paperweight Figurine Planter Pot PUPPY DOG 5" Tall </h1>
	</div>

   <div class="auccontent">
     </div>
				
<STYLE> a.imagelink {color:#333333;} a:hover.imagelink {color:#333333;} a:visited.imagelink {color:#666666;} a.imagelink img.auctionimage { border: 2px solid #333333; } a:visited.imagelink img.auctionimage { border: 2px solid #666666; } </STYLE><table width='95%' border=0 align=center class='acttbl'>
<tr> 
<td> 
<table border=0 width='100%'>
<tr><td valign=top align=center><center><table cellpadding=2><tr><td ><table cellpadding='0' cellspacing='0' border='0' style='display:inline-block'><tr><td align='center'><a class='imagelink' id='aucimagelink' ><img class='auctionimage' src='https://img.auctiva.com/imgdata/0/3/1/2/2/3/webimg/950426762_tp.jpg' style='max-width:400px; max-height:400px;'><br></a></td></tr></table></td></tr></table><table cellpadding=2><tr><td ><table cellpadding='0' cellspacing='0' border='0' style='display:inline-block'><tr><td align='center'><a class='imagelink' id='aucimagelink' ><img class='auctionimage' src='https://img.auctiva.com/imgdata/0/3/1/2/2/3/webimg/950426787_tp.jpg' style='max-width:400px; max-height:400px;'><br></a></td></tr></table></td></tr></table><table cellpadding=2><tr><td ><table cellpadding='0' cellspacing='0' border='0' style='display:inline-block'><tr><td align='center'><a class='imagelink' id='aucimagelink' ><img class='auctionimage' src='https://img.auctiva.com/imgdata/0/3/1/2/2/3/webimg/950426805_tp.jpg' style='max-width:400px; max-height:400px;'><br></a></td></tr></table></td></tr></table><table cellpadding=2><tr><td ><table cellpadding='0' cellspacing='0' border='0' style='display:inline-block'><tr><td align='center'><a class='imagelink' id='aucimagelink' ><img class='auctionimage' src='https://img.auctiva.com/imgdata/0/3/1/2/2/3/webimg/950426825_tp.jpg' style='max-width:400px; max-height:400px;'><br></a></td></tr></table></td></tr></table></center><br></td></tr>
<tr><td valign=top width='100%'>
<table border=0 cellpadding=8 align='center' width='95%' class='acttbl'><tr><td width='100%'   class='acttbl'>
<font class="section_desc" color=#000000 face="Arial, Times New Roman, Verdana" size="2"><br><h2>Description</h2><!-- Start Description AucLister --><p><span style="font-size:20px;">Vintage Art Glass Animal Paperweight Figurine Planter Pot PUPPY DOG 5" Tall - dates to the 1980's made in Korea. </span></p>

<p><font size="4"><font face="Comic Sans MS">Condition: Crisp. No chips or cracks. Smoke and pet odor free. </font></font></p>

<p><font face="Comic Sans MS" size="4">We try to examine all pieces closely and note any issues. Please ask any questions prior to bidding to ensure you are satisfied with your purchase. We are a registered eBay trading assistant and are bonded through BUY SAFE.  Bid with confidence.</font></p>

<p><font face="Comic Sans MS" size="4">Flat rate shipping in the US is $8.00 priority mail.  We do combine shipping on multiple lots and discount where able. </font></p>

<p><font size="4">Consignor - H</font></p>

<p>  </p>

<p><font face="Comic Sans MS" size="4">We are listing a number of new items this week. Please check out our other listings. We are happy to combine shipping whenever possible to save you money.</font></p><!-- End Description AucLister --></font><br> 
<font color=#000000 face="Arial, Times New Roman, Verdana" size="2"><br><h2>Payment</h2><p>Payments are accepted&nbsp;through PayPal. All payments must be received within 3 days of auction close unless prior arrangements have been made.</p>

<p><br />
<u><strong>CUSTOMS/DUTY - INTERNATIONAL CLIENTS ONLY</strong></u>: In January 2008, eBay issued instructions to sellers so that all buyers from outside the USA would be fully and uniformly informed regarding customs and taxes on items coming from the USA. The text and format are mandated by eBay. Import duties, taxes and charges are not included in the item price or shipping charges. These charges are the buyer's responsibility. Please check with your country's customs office to determine what these additional costs will be prior to bidding/buying. These charges are normally collected by the delivering freight (shipping) company or when you pick the item up, do not confuse them for additional shipping charges.<br />
<br />
We do not falsely lower merchandise values or mark items as "gifts" - US and International government regulations prohibit such behavior. Requests to do so will be forwarded to eBay's fraud department.<br />
<br />
Our international clients are very important to us. Please let us know if you have any questions.</p>
<BR><br><h2>Shipping</h2><p>We ship by USPS mail only unless special arrangements are made. We ship the next business day after payment is made/cleared. Weekends and holidays are not business days.<br />
<br />
Please make sure that Paypal and eBay have your correct address and PO box if necessary. If you are an international client, please make sure we have a valid address for you in English to avoid shipping delays. We only ship to verified confirmed addresses.</p>

<p><u><strong>INTERNATIONAL CLIENTS:</strong></u> Please note that delivery times are ESTIMATES. First class international mail can take 2-6 weeks for delivery depending on delays in customs. There is very limited tracking on first class air mail. PRIORITY MAIL international does include tracking and insurance. It is more expensive, but is the only option for shipping on items over 4 pounds or over $50 in value.</p>
<BR><br><h2>Terms of Sale</h2><p>All sales are allowed a 30 day return policy. We refund the purchase price only, not the shipping, unless we have made an error. There is a 10% restocking charge applied to returns that will be deducted from your refund. Please ask questions prior to bidding.</p>

<p><u><strong>PLEASE NOTE:</strong></u> If an item has been misrepresented in error, or you are unhappy for any reason, please contact us directly through eBay messages only, not regular email or by telephone For fast resolution of your concerns, please contact us through eBay messages only. <u><strong>PRIOR</strong></u> to opening a case for <u><strong>FAST</strong></u> resolution of your concerns. Please allow us a minimum of 24 hours to respond to your concerns.</p>
<BR><br><h2>About Us</h2>Thank you for visiting AJ's Antiques and Art Gallery, LLC. We are a family owned antiques appraisal and consulting service located in Christiansburg, Virginia. Shop securely. We are bonded through BUY SAFE and are a registered trading assistant on eBay. We do not share your information with any third parties.<BR><br><h2>Contact Us</h2>Phone: For fast resolution of your concerns, please contact us through eBay messages only. 10-5 Monday - Friday EST<BR></font> 
</td></tr></table>
</td></tr>
</table>
</td>
</tr>
</table>
	
   </div>
  </div>
  </div>
 </div>
</td></tr></tbody></table><table width="100%" border="0" cellpadding="3" cellspacing="3"><tr><td align="left"><a href="https://pages.ebay.com/seller-center/listing/listing-advanced-sellers/third-party-listing-tools.html#auctiva" target="_blank">Save time & money with<br>FREE Auctiva Image Hosting.</a></td><td align="right"><a href="https://pages.ebay.com/seller-center/listing/listing-advanced-sellers/third-party-listing-tools.html#auctiva" target="_blank">Create listings that get noticed!<br>with Auctiva's 1,800+ Templates.</a></td></tr></table><br><p><center><a href="https://pages.ebay.com/seller-center/listing/listing-advanced-sellers/third-party-listing-tools.html#auctiva" target="_blank"><img src="https://ti2.auctiva.com/web/auctivablue88x33.gif" border="0"><br>Auctiva,<br>The complete eBay Selling Solution.</a></center></p><!-- Begin: AuctivaCounter --><style type="text/css">.aucCounter a { text-decoration:none; }.aucCounter span:hover { text-decoration:underline; }.aucHiddenCounter { display:none; }.aucCounterOrangeText { color:#FB6D05; font-family:Arial; Font-size:13px; Font-weight:bold; }.aucCounterBlueText { color:#0068ac; Font-family:Arial; Font-size:11px; }</style> <div align="center" class="aucCounter"><img src="https://counters.auctiva.com/aucount/636314079272919290?s=y" title="Start Your 30-Day Free Trial Now" /><br/><a href="https://pages.ebay.com/seller-center/listing/listing-advanced-sellers/third-party-listing-tools.html#auctiva" target="_blank"><span class="aucCounterOrangeText">Track Page Views With</span><br/><span class="aucCounterBlueText">Auctiva's FREE Counter</span></a></div><!-- End: AuctivaCounter -->
</DOC>
<DOC>
<DOCID>1700692</DOCID>
<CATEGORY>Collectibles > Decorative Collectibles > Planters</CATEGORY>
<ORIGTITLE>Vintage dog pulling cart vase/planter Japan</ORIGTITLE>
<font rwr='1' size='4' style='font-family:Arial'><font size="4" style="font-family: Arial;" rwr="1"><font size="4" style="font-family: Arial;" rwr="1"><font size="4" style="font-family: Arial;" rwr="1"><font size="4" style="font-family: Arial;" rwr="1"><meta name="viewport" content="width=device-width, initial-scale=1.0">This long-eared dog pulling a cart from Japan serves as a cute vase/planter.  Due to its age, it has some crazing on the dogs head.  There are a few small chips on the piece.  The inside is stained from serving as an actual planter.  Still it is a great piece.</font></font></font></font></font>
</DOC>
<DOC>
<DOCID>1700684</DOCID>
<CATEGORY>Collectibles > Decorative Collectibles > Frames</CATEGORY>
<ORIGTITLE>CARVED WOOD PICTURE FRAME 12X11X1.5" holds 4x6 PIC DENTAL WORK FLORAL VINTAGE ST</ORIGTITLE>
<font rwr='1' size='4' style='font-family:Arial'><font rwr="1" size="4" style="font-family:Arial">ABSOLUTELY GORGEOUS WOODEN PICTURE FRAME - DARK STAIN MUCH LIKE WALNUT - CARVED FLORAL DETAILING WITH DENTAL WORK - BASE IS 12"X1.5"deep - 11.5" TALL - HOLDS A 4X6 PICTURE - LOOKS OLD BUT THE BACK LOOKS NEWER - PERFECT FOR AN ANTIQUE DECOR&nbsp; - NICE CONDITION WITH LITTLE SIGNS OF WEAR</font></font>
</DOC>
<DOC>
<DOCID>1700685</DOCID>
<CATEGORY>Collectibles > Non-Sport Trading Cards > Trading Card Singles</CATEGORY>
<ORIGTITLE>Spiderman 2012 Marvel Greatest Heroes Avengers Sketch Card by Elvis Moura 1/1</ORIGTITLE>
<font rwr='1' size='4' style='font-family:Arial'><font rwr="1" size="4" style=""><font rwr="1" size="4" style=""><font rwr="1" size="4" style=""><font rwr="1" size="4" style=""><font rwr="1" style=""><font rwr="1" style=""><meta https-equiv="Content-Type" content="text/html; charset=utf-8"> <div id="bg" style=""> <div id="container" style="">     <div id="contentContainer" style="">  <div id="images" style="">   <!-- Place Your Title Below This Line  --> <h2 style="font-family: Arial; font-size: 14pt;"><u>Item  Description:</u> </h2> <font style="font-family: Arial; font-size: 14pt;" size="4"><font face="Arial" style="">2012 Marvel Greatest Heroes The Avengers hand-drawn sketch card of Spiderman done by&nbsp;</font></font><font face="Arial" style="">Elvis Moura<span style="font-size: 14pt;">.&nbsp; 1/1.&nbsp; Please see scans for details.&nbsp; You   won't be  disappointed with this one</span></font><font color="#00AE5F" style="font-family: Arial; font-size: 14pt;"><font color="#000000">!&nbsp;&nbsp;</font></font></div><div id="images" style="font-family: Arial; font-size: 14pt;"><font size="4" style="font-size: 14pt; font-family: Arial;"><font size="4"><font color="#00AE5F"><font color="#000000"><font size="4"><font size="4"><font color="#00AE5F"><b><font color="#FF6A35"><br></font></b></font></font></font></font></font></font></font><font color="#00AE5F" style="font-size: 14pt; font-family: Arial;"><b>I combine shipping; free  shipping on any additional cards purchased!     </b></font> </div><div id="mainContent" style="font-family: Arial; font-size: 14pt;">   </div>   <div style="font-family: Arial; font-size: 14pt; clear: both;"></div> </div>   <div id="sellerInfo" style="font-family: Arial; font-size: 14pt;">     <div class="info">     <a name="about"></a><!-- MANUALLY ADD YOUR ABOUT US TEXT ABOVE THIS LINE -->     </div>     <div class="info">     <h2>Payment</h2>           Payment is expected within 48 hours of purchasing the item.&nbsp;     <!-- MANUALLY ADD YOUR ABOUT US TEXT ABOVE THIS LINE -->     </div>     <div class="info">     <h2>Shipping</h2>            <!-- MANUALLY ADD YOUR ABOUT US TEXT BLOW THIS LINE -->     U.S. buyers only please.&nbsp; I   will ship within one business   day   of receiving cleared Paypal   payment.&nbsp; I strive on   getting   the buyer their item fast!&nbsp; <font color="#00AE5F"><b> <br><br>I combine shipping; free  shipping on any additional cards purchased!     </b></font><!-- MANUALLY ADD YOUR ABOUT US TEXT ABOVE THIS LINE -->     </div>     <div class="info">     <a name="contact"></a>     <h2>Contact Me: </h2>           <!-- MANUALLY ADD YOUR CONTACT US TEXT BLOW THIS LINE -->    If    you have any questions please feel free to send me a     message.&nbsp;   Check out my other items as well in <a href="https://stores.ebay.com/Quantum-Roes-Shop" target="_blank">Quantum Roe's       Shop</a>!<!-- MANUALLY  ADD YOUR CONTACT US TEXT ABOVE THIS       LINE -->     </div>   </div>     <br class="clearfloat"> </div> </div> <div id="cssParent" style="font-family: Arial; font-size: 14pt;">             <div id="css">                       <link rel="StyleSheet" https="https://www.ebayappreview.com/templates/bubbles/css/allStyle.css" type="text/css" media="screen"> <link rel="StyleSheet" https="https://www.ebayappreview.com/templates/bubbles/css/glowBlue.css" type="text/css" media="screen">             </div>         </div>                   <p style="font-family: Arial; font-size: 14pt;"></p><center style="font-family: Arial; font-size: 14pt;"><a href="https://pages.ebay.com/selling_manager_pro" target="_blank"><img https="https://pics.ebay.com/aw/pics/sellingmanager/sellingmanagerPro/smPro_248x50.gif" height="0" border="0" width="0"></a></center><p style="font-family: Arial; font-size: 14pt;"></p><p style="font-family: Arial; font-size: 14pt;"></p></font><p style="font-family: Arial; font-size: 14pt;"></p><center style="font-family: Arial; font-size: 14pt;"><img src=""></center><p style="font-family: Arial; font-size: 14pt;"></p></font></font></font></font></font></font>
</DOC>
<DOC>
<DOCID>1700693</DOCID>
<CATEGORY>Collectibles > Breweriana, Beer > Pins</CATEGORY>
<ORIGTITLE>Old Style Do it with Style 2" Button</ORIGTITLE>
<p>2” old style button. Will ship within 24 business hours. Thanks</p>
</DOC>
<DOC>
<DOCID>1700689</DOCID>
<CATEGORY>Collectibles > Comics > Silver Age (1956-69) > Superhero > Fantastic Four</CATEGORY>
<ORIGTITLE>Fantastic Four 54 Vg/Fn Very Good/Fine 5.0 Marvel Comics Silver Age</ORIGTITLE>
<font rwr='1' size='4' style='font-family:Arial'><p style="margin: 0px; font-stretch: normal; font-size: 17px; line-height: normal; font-family: &quot;.SF UI Text&quot;; color: rgb(69, 69, 69);"><span style="font-family: &quot;.SFUIText-Semibold&quot;; font-weight: bold; font-size: 17pt;">Here at Cloud 9 Comics and More we strive for 5 stars positive feedback for every transaction. If we have not met this standard in any way contact us and we will make things right. That is a promise!</span></p>
<p style="margin: 0px; font-stretch: normal; font-size: 17px; line-height: normal; font-family: &quot;.SF UI Text&quot;; color: rgb(69, 69, 69); min-height: 20.3px;"><span style="font-family: &quot;.SFUIText-Semibold&quot;; font-weight: bold; font-size: 17pt;"></span><br></p>
<p style="margin: 0px; font-stretch: normal; font-size: 17px; line-height: normal; font-family: &quot;.SF UI Text&quot;; color: rgb(69, 69, 69);"><span style="font-family: &quot;.SFUIText-Semibold&quot;; font-weight: bold; font-size: 17pt;">All comics are bagged and boarded! (This doesn’t include graphic novels and magazines)</span></p>
<p style="margin: 0px; font-stretch: normal; font-size: 17px; line-height: normal; font-family: &quot;.SF UI Text&quot;; color: rgb(69, 69, 69); min-height: 20.3px;"><span style="font-family: &quot;.SFUIText-Semibold&quot;; font-weight: bold; font-size: 17pt;"></span><br></p>
<p style="margin: 0px; font-stretch: normal; font-size: 17px; line-height: normal; font-family: &quot;.SF UI Text&quot;; color: rgb(69, 69, 69);"><span style="font-family: &quot;.SFUIText-Semibold&quot;; font-weight: bold; font-size: 17pt;">We press Comics as a service now! With the best rates and quickest return times we guarantee your complete satisfaction.</span></p>
<p style="margin: 0px; font-stretch: normal; font-size: 17px; line-height: normal; font-family: &quot;.SF UI Text&quot;; color: rgb(69, 69, 69); min-height: 20.3px;"><span style="font-family: &quot;.SFUIText-Semibold&quot;; font-weight: bold; font-size: 17pt;"></span><br></p>
<p style="margin: 0px; font-stretch: normal; font-size: 17px; line-height: normal; font-family: &quot;.SF UI Text&quot;; color: rgb(69, 69, 69);"><span style="font-family: &quot;.SFUIText-Semibold&quot;; font-weight: bold; font-size: 17pt;">Please search our store using keywords - comic pressing service.</span></p>
<p style="margin: 0px; font-stretch: normal; font-size: 17px; line-height: normal; font-family: &quot;.SF UI Text&quot;; color: rgb(69, 69, 69); min-height: 20.3px;"><span style="font-family: &quot;.SFUIText-Semibold&quot;; font-weight: bold; font-size: 17pt;"></span><br></p>
<p style="margin: 0px; font-stretch: normal; font-size: 17px; line-height: normal; font-family: &quot;.SF UI Text&quot;; color: rgb(69, 69, 69);"><span style="font-family: &quot;.SFUIText-Semibold&quot;; font-weight: bold; font-size: 17pt;">Please ask questions if you have any. We answer all questions promptly.</span></p>
<p style="margin: 0px; font-stretch: normal; font-size: 17px; line-height: normal; font-family: &quot;.SF UI Text&quot;; color: rgb(69, 69, 69); min-height: 20.3px;"><span style="font-family: &quot;.SFUIText-Semibold&quot;; font-weight: bold; font-size: 17pt;"></span><br></p>
<p style="margin: 0px; font-stretch: normal; font-size: 17px; line-height: normal; font-family: &quot;.SF UI Text&quot;; color: rgb(69, 69, 69);"><span style="font-family: &quot;.SFUIText-Semibold&quot;; font-weight: bold; font-size: 17pt;">We combine shipping generously. Our combined shipping offer is only available for domestic shipments. If you need combined shipping and you are an international customer please contact us through eBay messaging first.</span></p>
<p style="margin: 0px; font-stretch: normal; font-size: 17px; line-height: normal; font-family: &quot;.SF UI Text&quot;; color: rgb(69, 69, 69); min-height: 20.3px;"><span style="font-family: &quot;.SFUIText-Semibold&quot;; font-weight: bold; font-size: 17pt;"></span><br></p>
<p style="margin: 0px; font-stretch: normal; font-size: 17px; line-height: normal; font-family: &quot;.SF UI Text&quot;; color: rgb(69, 69, 69);"><span style="font-family: &quot;.SFUIText-Semibold&quot;; font-weight: bold; font-size: 17pt;">Payment must be made within 3 days of purchase. If payment isn't made within that time frame a non-payment warning will be sent.</span></p>
<p style="margin: 0px; font-stretch: normal; font-size: 17px; line-height: normal; font-family: &quot;.SF UI Text&quot;; color: rgb(69, 69, 69); min-height: 20.3px;"><span style="font-family: &quot;.SFUIText-Semibold&quot;; font-weight: bold; font-size: 17pt;"></span><br></p>
<p style="margin: 0px; font-stretch: normal; font-size: 17px; line-height: normal; font-family: &quot;.SF UI Text&quot;; color: rgb(69, 69, 69);"><span style="font-family: &quot;.SFUIText-Semibold&quot;; font-weight: bold; font-size: 17pt;">Insurance is free on all items or groups of items that total over $200.00.</span></p>
<p style="margin: 0px; font-stretch: normal; font-size: 17px; line-height: normal; font-family: &quot;.SF UI Text&quot;; color: rgb(69, 69, 69); min-height: 20.3px;"><span style="font-family: &quot;.SFUIText-Semibold&quot;; font-weight: bold; font-size: 17pt;"></span><br></p>
<p style="margin: 0px; font-stretch: normal; font-size: 17px; line-height: normal; font-family: &quot;.SF UI Text&quot;; color: rgb(69, 69, 69);"><span style="font-family: &quot;.SFUIText-Semibold&quot;; font-weight: bold; font-size: 17pt;">Thank you for your business and keep in mind that if you buy more product I am more willing to negotiate on pricing.</span></p>
<p style="margin: 0px; font-stretch: normal; font-size: 17px; line-height: normal; font-family: &quot;.SF UI Text&quot;; color: rgb(69, 69, 69); min-height: 20.3px;"><span style="font-family: &quot;.SFUIText-Semibold&quot;; font-weight: bold; font-size: 17pt;"></span><br></p>
<p style="margin: 0px; font-stretch: normal; font-size: 17px; line-height: normal; font-family: &quot;.SF UI Text&quot;; color: rgb(69, 69, 69);"><span style="font-family: &quot;.SFUIText-Semibold&quot;; font-weight: bold; font-size: 17pt;">If you have questions on high end product that are difficult to answer over the messaging services that ebay provides then you may request our phone number to have that conversation. Just send us a message and we will gladly give you our phone number when appropriate.</span></p>
<p style="margin: 0px; font-stretch: normal; font-size: 17px; line-height: normal; font-family: &quot;.SF UI Text&quot;; color: rgb(69, 69, 69); min-height: 20.3px;"><span style="font-family: &quot;.SFUIText-Semibold&quot;; font-weight: bold; font-size: 17pt;"></span><br></p>
<p style="margin: 0px; font-stretch: normal; font-size: 17px; line-height: normal; font-family: &quot;.SF UI Text&quot;; color: rgb(69, 69, 69);"><span style="font-family: &quot;.SFUIText-Semibold&quot;; font-weight: bold; font-size: 17pt;">Thanks for your business and happy collecting.</span></p></font>
</DOC>
<DOC>
<DOCID>1700680</DOCID>
<CATEGORY>Collectibles > Postcards > US States, Cities & Towns > New Jersey</CATEGORY>
<ORIGTITLE>Flower Parade Boardwalk Atlantic City New Jersey NJ c1910 Emanary Japanese Art</ORIGTITLE>
<div>Welcome to UMPTEEN DISCOUNT POSTCARDS. &nbsp; All of our post cards listed at fixed price (Buy It Now) are $3 or less. &nbsp; Buy with confidence!&nbsp; We have 12,000+ positive feedback in our main store Umpteen_Postcards.&nbsp; We use cardboard mailers that protect your purchase.&nbsp;</div><div><font face="Arial"><br></font></div><div><font face="Arial">Shipping and handling is $1.50 in the US and $2 elsewhere for the first postcard.&nbsp;&nbsp;</font><span style="font-size: 14pt;">We combine shipping on multiple postcard sales when cards are paid for as a group with the correct shipping ($0.15 for each additional card).</span></div><div><font face="Arial"><br></font></div><div><font face="Arial">If purchasing more than one card, use the shopping cart to gather the cards you want before paying. In nearly all cases, the correct shipping will be shown at checkout ($0.15 for each additional card). However, it may be necessary to ask for an invoice to get the correct combined shipping. Please ask us for help if you are having trouble with this BEFORE PAYING.<b>&nbsp; &nbsp;Multiple postcards paid for individually, with $1.50 shipping on each card, will be shipped individually.&nbsp;&nbsp;</b>Save money on shipping. Use the shopping cart!</font></div><p></p><P><CENTER><IMG SRC="https://pics.ebay.com/aw/pics/viewitem/fe/imgFePowered_88x33.gif"></CENTER><P>
</DOC>
<DOC>
<DOCID>1700676</DOCID>
<CATEGORY>Collectibles > Photographic Images > Contemporary (1940-Now) > Other Contemporary Photographs</CATEGORY>
<ORIGTITLE>1980 Press Photo Dredge disposal regulations threaten Port of New Orleans.</ORIGTITLE>
<!DOCTYPE HTML PUBLIC "-//W3C//DTD HTML 4.01 Transitional//EN" "http://www.w3.org/TR/html4/loose.dtd">
									<html>
									<head>
                                    <!--PreviewScript-->
									<title> ebay template </title>
									</head>
									<body>
								<link href="https://fonts.googleapis.com/css?family=Roboto" rel="stylesheet" type="text/css" /> <link href="https://fonts.googleapis.com/css?family=Prata" rel="stylesheet" type="text/css" />
<div align="center">
<h2 align="center" class="auto-style1" style="text-align: center;"><span style="font-size: 24pt;"><span style="color: #000000;"><span style="font-size: 28pt;">H</span><span>ISTORIC</span><span style="color: #978f7e;"><span style="font-size: 28pt;">I</span><span>MAGE</span>S</span></span></span><br /></h2>
<hr />
<h3 align="center" class="auto-style4"><font size="2">Note: Please study the images carefully to determine the condition of this vintage photograph, as it may not be in perfect condition. It may contain wrinkles, cracks, and possibly even tears due to its age and how it was handled before it got to us. A scanner may interpret colors and contrast differently than human eyes will, so it is possible that the actual photograph may be slightly darker or lighter in person.</font></h3>
</div>
<h3 align="center" class="auto-style4"><font size="2">This vintage photograph is offered for sale as a collectible item and conveys no transfer of copyright.</font></h3>
<div align="center" id="main_content2">
<h3 class="auto-style1"><font size="5"><b>1980 Press Photo Dredge disposal regulations threaten Port of New Orleans. </b></font></h3>
<h3 class="auto-style4">This is an original press photo. When New Orleans port official Herbert R. Haar addressed a congressional committee last week on dredging problems faced in New York, he was also looking after the interests of his home port. Dredging at the Port of New Orleans is vital to maintaining adequate river depths for today's ocean-going vessels. Similar dredging activities take place at most major U.S. ports, but recently implemented federal regulations concerning the disposal of spoil material are sometimes causing extensive delays in the issuance of dredging permits, and have created crisis situations in New York and Lake Charles. New Orleans Harbor.Photo measures 10 x 8.5inches. Photo is dated 03-23-1980. <font size="3"> </font></h3>
<h4 class="auto-style4"><font size="3"><span class="main_content2_photos">PHOTO FRONT</span><br /><a target="_blank" rel="noopener"><img width="50%" alt="Image1" src="https://kyozoufs.blob.core.windows.net/filestoragecs4/Pictures/_14/13471/13470571.jpg" border="0" /></a><br /><span class="main_content2_copy"> </span><br /><span class="main_content2_photos">PHOTO BACK</span><br /><a target="_blank" rel="noopener"><img width="50%" alt="Image2" src="https://kyozoufs.blob.core.windows.net/filestoragecs4/Pictures/_14/13471/13470572.jpg" border="0" /></a> <br /><span class="main_content2_copy"></span><br /></font><font size="5"><font size="3"></font></font></h4>
<p><br /></p>
<p><font size="3"><span class="auto-style4">Historic Images Part Number:</span> noc22147</font></p>
<hr />
<h1 class="auto-style6"><b><font size="4">Payment &amp; Checkout</font></b></h1>
<h4 class="auto-style4">
<div align="left">
<p class="auto-style6"><font size="2">We prefer PayPal. Contact us for additional options. You may contact us through eBay messaging or write us at: <br /><br />Historic Images<br />6073 Mt. Moriah Rd. Ext. Ste. 12<br />Memphis, TN 38115<br /></font></p>
<p class="auto-style6"><font class="auto-style6" size="2" span="">Local pickup is available at the above address between 10 a.m. And 4 p.m. for customers in the Memphis, TN area. </font></p>
<p class="auto-style6"><font size="2">Tennessee and Washington residents will be charged sales tax on each order. </font></p>
<font size="2"> <span class="auto-style6">We ship orders Monday through Friday. We do not ship on weekends or holidays. Our standard processing time is one business day from time of payment.</span></font>
<p><br /></p>

<h1 class="auto-style6"><b><font size="4">Domestic Shipping</font></b></h1>
<p><font size="2"><span class="auto-style6">USPS First Class $3.99 </span> <br class="auto-style6" /><span class="auto-style6">USPS Priority $7.29 </span> <br class="auto-style6" /><span class="auto-style6">Expedited FedEx $19.99</span></font></p>
<p><font size="2"><span class="auto-style6">We charge $3.99 flat shipping via First Class US Postal Service for all US and Canadian orders purchased through this eBay ID.</span> <span class="auto-style6">So, shipping 1 photo is $3.99, shipping 10 photos is $3.99, shipping 100 photos is $3.99.</span></font></p>
<p><font size="2"><span class="auto-style6">USPS Priority is available for $7.29, and expedited FedEx is available for $19.99. Shipping is charged per order, and may not be combined with our other seller IDs (per eBay's policy). We encourage customers interested in multiple auctions to bid and check out after all of your photos are won so that multiple items will be in the same order and subject to one shipping charge. Our systems automatically open unpaid item cases at 21 days, so please "close your tab" within 3 weeks of your first purchase.</span><br /></font></p>
<p><font size="2"><span class="auto-style6">Please ensure your shipping address is accurate in eBay and PayPal.</span></font></p>

<h1 align="center" class="auto-style6"><b><font size="4">International Shipping</font></b></h1>
<p><font size="2" weight="normal"><span class="auto-style6">USPS First Class International - Canada $9.99, Worldwide $13.99 </span><span class="auto-style6"></span> <br class="auto-style6" /><span class="auto-style6">USPS Priority International $34.99 </span> <br class="auto-style6" span="" /><span class="auto-style6">FedEx Overnight $34.99 </span></font></p>
<font size="2"> </font>
<p><font size="2"><span class="auto-style6">We charge $13.99 flat shipping, $9.99 flat for Canada, via US Postal Service First Class for all international orders, any size. USPS Priority is available for $34.99</span></font></p>
<font size="2"> </font>
<p><font size="2"><span class="auto-style6">Customs charges, import taxes, duties, etc. are the <strong>sole responsibility of the buyer.</strong> You may contact your local customs office to help you determine what these fees may be. We will not mark our shipments as gifts. </span></font></p>
<font size="2"> </font>
<p><font size="2"><span class="auto-style6">Shipping is charged per order, and may not be combined with our other seller IDs (per eBay's policy). We encourage customers interested in multiple auctions to bid and check out after you've won all of your photos so that multiple items will be in the same order and subject to one shipping charge. Our systems automatically open unpaid item cases at 31 days, so please "close your tab" within 4 weeks of your first purchase to ensure a smooth transaction. </span></font></p>
<font size="2"> </font>
<p><font size="2"><span class="auto-style6">Please ensure your shipping address is accurate in eBay and PayPal.</span></font></p>

<h1 align="center" class="auto-style6"><font size="5"><b>FAQs<br /><font size="3">Q: Can I just download a digital version instead?<br /></font><span class="auto-style6"><font size="2">A: No, we sell only vintage originals and do not make or distribute any copies, including digital ones.</font></span><br /></b></font></h1>
<h2 class="auto-style6"><b><font size="3">Q: Do you combine shipping and invoices?</font></b></h2>
<font size="2"><span class="auto-style6">A: <strong>Due to eBay limitations, we cannot combine items won on our different seller IDs for a single shipping charge. </strong>Multiple photos won on the same seller ID combine automatically through the eBay checkout process. If you encounter problems with this, send us a message via eBay messaging and we will send you an invoice. </span></font>
<h2 class="auto-style6"><b><font size="3">Q: How quickly do you ship the items once paid?</font></b></h2>
<font size="2"><span class="auto-style6">A: We ship within one business day after your payment clears. If you do not receive an "order shipped" email from us by the close of the second business day from submitting payment, please e-mail us via eBay messaging. </span></font>
<h2 class="auto-style6"><b><font size="3">Q: How do you make sure my photograph arrives safely?</font></b></h2>
<p class="auto-style6"><font size="2">A: We package each order between two cross-corrugated pieces of cardboard to ensure that the package is as difficult to bend as possible. We then wrap each order in a plastic sheet to help protect against moisture. We want you to rest assured that we take every precaution to ensure that the photograph you receive will be in the same condition in your care as it was in ours.<br /></font></p>
<h2 class="auto-style6"><b><font size="3">Q: Will the "Historic Images" watermark be on my photo when I receive it?</font></b></h2>
<font size="2"><span class="auto-style6">A: No. This is a digital watermark we use to protect our images. It is not printed on the photo. </span></font>
<h2 class="auto-style6"><b><font size="3">Q: What are your office hours?</font></b></h2>
<font size="2"><span class="auto-style6">A: eBay for us is a business, and a very fun one to be in! We are open M-F 9 to 5 (CST). Therefore, we do not return e-mails and phone calls over the weekend. We observe the following holidays: New Years Day, Memorial Day, Fourth of July, Labor Day, Thanksgiving and the day after Thanksgiving, Christmas Eve and Christmas Day. </span></font>
<h2 class="auto-style6"><b><font size="3">Q: Where did all these vintage photos come from?</font></b></h2>
<font size="2"><span class="auto-style6">A: These original vintage photographs are from various news service and newspaper photo archives from locations around the country including: Boston, Detroit, Tampa, Chicago, Denver, Seattle, New Orleans, Milwaukee, Portland, Spokane, and more. We do not copy or reproduce any photographs -- every item is a unique vintage piece that was housed in a news archive.</span></font>
<h2 class="auto-style6"><b><font size="3">Q: Can I use this photograph in my book/blog/website?</font></b></h2>
<p class="auto-style6"><font size="2">A: The short answer is no. There is no transfer of copyright for republication or reproduction with these photographs when you purchase them, and only photographs taken before 1923 are currently automatically in the public domain. Permission from the copyright holder, which usually can be identified from the back of each photo, must be sought to republish or reproduce the image for any purpose.</font></p>
<h2 class="auto-style6"><b><font size="3">Q: Do you relist items (in case I miss an auction ending)?</font></b></h2>
<font size="2"><span class="auto-style6">A: Auction items that receive no bids are relisted in our store (historicimages-store on eBay) as a fixed-price item and at a higher price than the starting auction price. </span></font>
<h2 class="auto-style6"><b><font size="3">Q: Do you leave feedback?</font></b></h2>
<font size="2"><span class="auto-style6">A: Yes, we always leave feedback for buyers. Our software monitors when our buyers leave us feedback, then notifies us that we can leave feedback for the buyer. Rest assured, if you leave feedback, we will do the same!</span></font></div>
<font size="2"> </font><font size="2"> </font>
<div id="other_ids"><font size="2"><font size="2"></font></font>
<h1 align="center" class="auto-style4"><font size="4">Check out our family of eBay IDs:</font></h1>
<table width="804" height="222" align="center" class="auto-style5" border="0" cellspacing="0" cellpadding="0">
<tbody>
<tr>
<td class="auto-style5" style="width: 151.72px; height: 106px;"><a href="https://stores.ebay.com/historicimages-nea" target="_blank" rel="noopener"> <span style="color: #a23924;">historicimages01</span></a><br /> <span class="auto-style4">Sports Photos</span></td>
<td class="auto-style5" style="width: 187.02px; height: 106px;"><a href="https://stores.ebay.com/historicimages02" target="_blank" rel="noopener"><span style="color: #a23924;">historicimages02</span> </a><br /> <span class="auto-style4">Entertainment Photos</span></td>
<td class="auto-style5" style="width: 227.01px; height: 106px;"><span style="color: #a23924;"><a style="color: #a23924;" href="https://stores.ebay.com/historicimages03" target="_blank" rel="noopener">historicimages03 </a></span><br /> <span class="auto-style4">Americana Photos</span></td>
<td class="auto-style5" style="width: 226.25px; height: 106px;"><a href="https://stores.ebay.com/historicimages04" target="_blank" rel="noopener"><span style="color: #a23924;">historicimages04</span> </a><br /> <span class="auto-style4">International &amp; War Photos</span></td>
</tr>
<tr>
<td height="115" class="auto-style5" style="width: 151.72px;"><a href="https://stores.ebay.com/historicimages-transportation" target="_blank" rel="noopener"><span style="color: #a23924;">historicimages05 </span></a><br /> <span class="auto-style4">Transportation<br /></span> <span class="auto-style4">Photos</span><br /></td>
<td height="115" class="auto-style5" style="width: 187.02px;"><span style="color: #a23924;"><a style="color: #a23924;" href="https://stores.ebay.com/historicimages-store" target="_blank" rel="noopener"> historicimages-store</a></span><br /> <span class="auto-style4">Our largest fixed-price<br /></span> <span class="auto-style4">selection</span></td>
<td height="115" class="auto-style5" style="width: 227.01px;"><span style="color: #a23924;"><a style="color: #a23924;" href="https://stores.ebay.com/historicimages-market" target="_blank" rel="noopener">historicimages-market </a></span><br class="auto-style4" /> <span class="auto-style4">Hand-picked photos and</span><br class="auto-style4" /> <span class="auto-style4"> our New Orleans collection</span></td>
<td height="115" class="auto-style5" style="width: 226.25px;"><a href="https://stores.ebay.com/historicimages-gallery" target="_blank" rel="noopener"><span style="color: #a23924;">historicimages-gallery</span></a><br /> <span class="auto-style4">Hand-picked photos</span><br class="auto-style4" /> <span class="auto-style4">Saturday night auctions</span></td>
</tr>
</tbody>
</table>
<h2 align="center" class="auto-style4"><b><font size="5"><font size="4">About Us</font></font></b></h2>
<font size="5"> </font>
<div align="left">
<p><font size="2" align="left"><span class="auto-style6">Historic Images was formed in September 2009, with a handful of scanners working out of a basement to digitize newspaper photo archives. We have since moved out of the basement, and we can now archive thousands of photos per day. Our company has worked with magazines and newspapers from Detroit, Boston, Denver, Seattle, Tampa, Chicago, and New Orleans, just to name a few. </span></font></p>
<p><font size="2"><span class="auto-style6">We are constantly adding to our inventory, and have assembled an archive of millions of photos to date. As our company evolved, we began our eBay business, which brings thousands of fresh auctions per week to the world's largest online auction marketplace. Our custom software systems and team of great employees allow us to efficiently scan and sell large photo archives online. At the very core of our company's DNA is a strong commitment to customer satisfaction and strict integrity for our product. Our promise to you is that we will do everything in our power to provide you a great buying experience.</span></font></p>
</div>
</div>
<font size="2"><font size="2"><font size="5"></font></font></font>
<div id="footer">
<p align="center" class="auto-style4"><font size="2">Copyright 2009 - Present, Historic Images, Inc. </font><font size="2"><br /></font><font size="2"><font size="2"><font size="5"></font></font></font></p>
<h2 align="center" class="auto-style1" style="text-align: center;"><span style="font-size: 24pt;"><span style="color: #000000;"><span style="font-size: 28pt;">H</span><span>ISTORIC</span><span style="color: #978f7e;"><span style="font-size: 28pt;">I</span><span>MAGE</span>S</span></span></span><br /></h2>
<style type="text/css"><!--
p.MsoNormal
	{margin-top:0in;
	margin-right:0in;
	margin-bottom:8.0pt;
	margin-left:0in;
	line-height:100%;
	font-size:11.0pt;
	font-family:"Roboto",sans-serif;
	}
.auto-style1 {
        font-family:"Prata",serif;
	text-align: center;
}
.auto-style2 {
        font-family: "Roboto", 
	border-style: solid;
	border-width: 1px;
	text-align: center;
}
.auto-style3 {
	border-width: 0px;
}

.auto-style4 {
	font-family: "Roboto", "Arial Narrow", Arial, sans-serif;
}
.auto-style5 {
	border-style: solid;
border-color: #a23924;	
border-width: 2px;
	text-align: center;
	font-family: "Roboto", "Arial Narrow", Arial, sans-serif;
}
.auto-style6 {
	font-family: "Roboto", "Arial Narrow", Arial, sans-serif;
font-weight: normal;
text-align: left;
}
.auto-style7 {
	font-family: "Roboto", "Arial Narrow", Arial, sans-serif;
}
--></style>
</div>
</h4>
</div><hr size='1'><div style='text-align:center;width:100%;color:black;'><img src='https://my.kyozou.com/design/logos/KyozouImageSmall.png'><br/><small>Sell Smarter with <a href = 'https://cgi6.ebay.com/ws/eBayISAPI.dll?SolutionsDirectory&page=details&solutionId=215' target='_blank' style='color:blue;'>Kyozou</a>.<br/>Inventory and Ecommerce Management</small></div></body></html><br><center><img src='https://counters1.kyozou.com/counter.aspx?Tmp=0&Item=32918222&Ven=1'/></center>
</DOC>
<DOC>
<DOCID>1700677</DOCID>
<CATEGORY>Collectibles > Decorative Collectibles > Collector Plates</CATEGORY>
<ORIGTITLE>Collectible Italy Veneto Flair plate WILD LIFE GREAT HORNET OWL COD VINTAGE</ORIGTITLE>
<font rwr='1' size='4' style='font-family:Arial'><style>img{max-width:100%}</style><meta name="viewport" content="width=device-width, initial-scale=1.0"><!--CSG INDICATOR START-->
<!-- AUCTIVA Scrolling Gallery (do not remove or modify the "CSG INDICATOR START/END" tags or contents) --><link id="csgCss" rel="stylesheet" href="https://scrollinggallery.auctiva.com/gallery/css/2(0)/AUCTIVA/2018923/0/25/_843"><div id="csgGallery" style="font-size: 14pt; display: none;"><input id="csgScrollingCheckbox_843" type="checkbox" checked=""><input id="csgSingleRowCheckbox_843" type="checkbox" checked=""><div id="csgGalleryPos"><div id="csgGalleryContainer"><div id="csgHeader" class="csgFrame"><div id="csgHeaderLeft" class="csgLeft"><a id="csgHLStoreLink" href="https://www.ebay.com/usr/sagaofluck" target="_blank"></a><span id="csgHLLogo" class="csgLogo"></span></div><div id="csgHeaderCenter" class="csgCenter"><a id="csgHCStoreLink" href="https://www.ebay.com/usr/sagaofluck" target="_blank"></a><span id="csgHCLogo" class="csgLogo"></span></div><div id="csgHeaderRight" class="csgRight"><label id="csgHRScrollingLabel" for="csgScrollingCheckbox_843"></label><label id="csgHRSingleRowLabel" for="csgSingleRowCheckbox_843"></label><span id="csgHRLogo" class="csgLogo"></span></div></div><div id="csgOuterNavWrapper"><input id="csgPrev1_843" name="csgRadio" class="csgPrevCheck" type="radio"><input id="csgPrev2_843" name="csgRadio" class="csgPrevCheck" type="radio"><input id="csgPrev3_843" name="csgRadio" class="csgPrevCheck" type="radio"><input id="csgPrev4_843" name="csgRadio" class="csgPrevCheck" type="radio"><input id="csgPrev5_843" name="csgRadio" class="csgPrevCheck" type="radio"><input id="csgPrev6_843" name="csgRadio" class="csgPrevCheck" type="radio"><input id="csgPrev7_843" name="csgRadio" class="csgPrevCheck" type="radio"><input id="csgPrev8_843" name="csgRadio" class="csgPrevCheck" type="radio"><input id="csgPrev9_843" name="csgRadio" class="csgPrevCheck" type="radio"><input id="csgPrev10_843" name="csgRadio" class="csgPrevCheck" type="radio"><input id="csgPrev11_843" name="csgRadio" class="csgPrevCheck" type="radio"><input id="csgPrev12_843" name="csgRadio" class="csgPrevCheck" type="radio"><input id="csgPrev13_843" name="csgRadio" class="csgPrevCheck" type="radio"><input id="csgPrev14_843" name="csgRadio" class="csgPrevCheck" type="radio"><input id="csgPrev15_843" name="csgRadio" class="csgPrevCheck" type="radio"><input id="csgPrev16_843" name="csgRadio" class="csgPrevCheck" type="radio"><input id="csgPrev17_843" name="csgRadio" class="csgPrevCheck" type="radio"><input id="csgPrev18_843" name="csgRadio" class="csgPrevCheck" type="radio"><input id="csgPrev19_843" name="csgRadio" class="csgPrevCheck" type="radio"><input id="csgPrev20_843" name="csgRadio" class="csgPrevCheck" type="radio"><input id="csgNext1_843" name="csgRadio" class="csgNextCheck" type="radio"><input id="csgNext2_843" name="csgRadio" class="csgNextCheck" type="radio"><input id="csgNext3_843" name="csgRadio" class="csgNextCheck" type="radio"><input id="csgNext4_843" name="csgRadio" class="csgNextCheck" type="radio"><input id="csgNext5_843" name="csgRadio" class="csgNextCheck" type="radio"><input id="csgNext6_843" name="csgRadio" class="csgNextCheck" type="radio"><input id="csgNext7_843" name="csgRadio" class="csgNextCheck" type="radio"><input id="csgNext8_843" name="csgRadio" class="csgNextCheck" type="radio"><input id="csgNext9_843" name="csgRadio" class="csgNextCheck" type="radio"><input id="csgNext10_843" name="csgRadio" class="csgNextCheck" type="radio"><input id="csgNext11_843" name="csgRadio" class="csgNextCheck" type="radio"><input id="csgNext12_843" name="csgRadio" class="csgNextCheck" type="radio"><input id="csgNext13_843" name="csgRadio" class="csgNextCheck" type="radio"><input id="csgNext14_843" name="csgRadio" class="csgNextCheck" type="radio"><input id="csgNext15_843" name="csgRadio" class="csgNextCheck" type="radio"><input id="csgNext16_843" name="csgRadio" class="csgNextCheck" type="radio"><input id="csgNext17_843" name="csgRadio" class="csgNextCheck" type="radio"><input id="csgNext18_843" name="csgRadio" class="csgNextCheck" type="radio"><input id="csgNext19_843" name="csgRadio" class="csgNextCheck" type="radio"><input id="csgNext20_843" name="csgRadio" class="csgNextCheck" type="radio"><div id="csgNavLeft" class="csgNavLabels"><div id="csgNavLeftWrapper" class="csgNavWrapper"><label id="csgPrevLabel1" class="csgNavLabel" for="csgPrev1_843"></label><label id="csgPrevLabel2" class="csgNavLabel" for="csgPrev2_843"></label><label id="csgPrevLabel3" class="csgNavLabel" for="csgPrev3_843"></label><label id="csgPrevLabel4" class="csgNavLabel" for="csgPrev4_843"></label><label id="csgPrevLabel5" class="csgNavLabel" for="csgPrev5_843"></label><label id="csgPrevLabel6" class="csgNavLabel" for="csgPrev6_843"></label><label id="csgPrevLabel7" class="csgNavLabel" for="csgPrev7_843"></label><label id="csgPrevLabel8" class="csgNavLabel" for="csgPrev8_843"></label><label id="csgPrevLabel9" class="csgNavLabel" for="csgPrev9_843"></label><label id="csgPrevLabel10" class="csgNavLabel" for="csgPrev10_843"></label><label id="csgPrevLabel11" class="csgNavLabel" for="csgPrev11_843"></label><label id="csgPrevLabel12" class="csgNavLabel" for="csgPrev12_843"></label><label id="csgPrevLabel13" class="csgNavLabel" for="csgPrev13_843"></label><label id="csgPrevLabel14" class="csgNavLabel" for="csgPrev14_843"></label><label id="csgPrevLabel15" class="csgNavLabel" for="csgPrev15_843"></label><label id="csgPrevLabel16" class="csgNavLabel" for="csgPrev16_843"></label><label id="csgPrevLabel17" class="csgNavLabel" for="csgPrev17_843"></label><label id="csgPrevLabel18" class="csgNavLabel" for="csgPrev18_843"></label><label id="csgPrevLabel19" class="csgNavLabel" for="csgPrev19_843"></label><label id="csgPrevLabel20" class="csgNavLabel" for="csgPrev20_843"></label></div></div><div id="csgNavRight" class="csgNavLabels"><div id="csgNavRightWrapper" class="csgNavWrapper"><label id="csgNextLabel1" class="csgNavLabel" for="csgNext1_843"></label><label id="csgNextLabel2" class="csgNavLabel" for="csgNext2_843"></label><label id="csgNextLabel3" class="csgNavLabel" for="csgNext3_843"></label><label id="csgNextLabel4" class="csgNavLabel" for="csgNext4_843"></label><label id="csgNextLabel5" class="csgNavLabel" for="csgNext5_843"></label><label id="csgNextLabel6" class="csgNavLabel" for="csgNext6_843"></label><label id="csgNextLabel7" class="csgNavLabel" for="csgNext7_843"></label><label id="csgNextLabel8" class="csgNavLabel" for="csgNext8_843"></label><label id="csgNextLabel9" class="csgNavLabel" for="csgNext9_843"></label><label id="csgNextLabel10" class="csgNavLabel" for="csgNext10_843"></label><label id="csgNextLabel11" class="csgNavLabel" for="csgNext11_843"></label><label id="csgNextLabel12" class="csgNavLabel" for="csgNext12_843"></label><label id="csgNextLabel13" class="csgNavLabel" for="csgNext13_843"></label><label id="csgNextLabel14" class="csgNavLabel" for="csgNext14_843"></label><label id="csgNextLabel15" class="csgNavLabel" for="csgNext15_843"></label><label id="csgNextLabel16" class="csgNavLabel" for="csgNext16_843"></label><label id="csgNextLabel17" class="csgNavLabel" for="csgNext17_843"></label><label id="csgNextLabel18" class="csgNavLabel" for="csgNext18_843"></label><label id="csgNextLabel19" class="csgNavLabel" for="csgNext19_843"></label><label id="csgNextLabel20" class="csgNavLabel" for="csgNext20_843"></label></div></div><div id="csgSlidesContainer"><div id="csgSlidesOuter"><a id="csgOverrideLink" href="https://www.ebay.com/usr/sagaofluck" target="_blank"></a><div id="csgSlides"><div class="csgSlide"><div class="csgListing"><a href="https://www.ebay.com/sch/sagaofluck/m.html?_ipg=100&amp;_dmd=2&amp;_sop=1" target="_blank"><div class="csgListingImage"></div><div class="csgTitle"></div><div class="csgDetails"><span class="csgPrice"></span><br><span class="csgEndTime"></span></div></a></div></div><div class="csgSlide"><div class="csgListing"><a href="https://www.ebay.com/sch/sagaofluck/m.html?_ipg=100&amp;_dmd=2&amp;_sop=1" target="_blank"><div class="csgListingImage"></div><div class="csgTitle"></div><div class="csgDetails"><span class="csgPrice"></span><br><span class="csgEndTime"></span></div></a></div></div><div class="csgSlide"><div class="csgListing"><a href="https://www.ebay.com/sch/sagaofluck/m.html?_ipg=100&amp;_dmd=2&amp;_sop=1" target="_blank"><div class="csgListingImage"></div><div class="csgTitle"></div><div class="csgDetails"><span class="csgPrice"></span><br><span class="csgEndTime"></span></div></a></div></div><div class="csgSlide"><div class="csgListing"><a href="https://www.ebay.com/sch/sagaofluck/m.html?_ipg=100&amp;_dmd=2&amp;_sop=1" target="_blank"><div class="csgListingImage"></div><div class="csgTitle"></div><div class="csgDetails"><span class="csgPrice"></span><br><span class="csgEndTime"></span></div></a></div></div><div class="csgSlide"><div class="csgListing"><a href="https://www.ebay.com/sch/sagaofluck/m.html?_ipg=100&amp;_dmd=2&amp;_sop=1" target="_blank"><div class="csgListingImage"></div><div class="csgTitle"></div><div class="csgDetails"><span class="csgPrice"></span><br><span class="csgEndTime"></span></div></a></div></div><div class="csgSlide"><div class="csgListing"><a href="https://www.ebay.com/sch/sagaofluck/m.html?_ipg=100&amp;_dmd=2&amp;_sop=1" target="_blank"><div class="csgListingImage"></div><div class="csgTitle"></div><div class="csgDetails"><span class="csgPrice"></span><br><span class="csgEndTime"></span></div></a></div></div><div class="csgSlide"><div class="csgListing"><a href="https://www.ebay.com/sch/sagaofluck/m.html?_ipg=100&amp;_dmd=2&amp;_sop=1" target="_blank"><div class="csgListingImage"></div><div class="csgTitle"></div><div class="csgDetails"><span class="csgPrice"></span><br><span class="csgEndTime"></span></div></a></div></div><div class="csgSlide"><div class="csgListing"><a href="https://www.ebay.com/sch/sagaofluck/m.html?_ipg=100&amp;_dmd=2&amp;_sop=1" target="_blank"><div class="csgListingImage"></div><div class="csgTitle"></div><div class="csgDetails"><span class="csgPrice"></span><br><span class="csgEndTime"></span></div></a></div></div><div class="csgSlide"><div class="csgListing"><a href="https://www.ebay.com/sch/sagaofluck/m.html?_ipg=100&amp;_dmd=2&amp;_sop=1" target="_blank"><div class="csgListingImage"></div><div class="csgTitle"></div><div class="csgDetails"><span class="csgPrice"></span><br><span class="csgEndTime"></span></div></a></div></div><div class="csgSlide"><div class="csgListing"><a href="https://www.ebay.com/sch/sagaofluck/m.html?_ipg=100&amp;_dmd=2&amp;_sop=1" target="_blank"><div class="csgListingImage"></div><div class="csgTitle"></div><div class="csgDetails"><span class="csgPrice"></span><br><span class="csgEndTime"></span></div></a></div></div><div class="csgSlide"><div class="csgListing"><a href="https://www.ebay.com/sch/sagaofluck/m.html?_ipg=100&amp;_dmd=2&amp;_sop=1" target="_blank"><div class="csgListingImage"></div><div class="csgTitle"></div><div class="csgDetails"><span class="csgPrice"></span><br><span class="csgEndTime"></span></div></a></div></div><div class="csgSlide"><div class="csgListing"><a href="https://www.ebay.com/sch/sagaofluck/m.html?_ipg=100&amp;_dmd=2&amp;_sop=1" target="_blank"><div class="csgListingImage"></div><div class="csgTitle"></div><div class="csgDetails"><span class="csgPrice"></span><br><span class="csgEndTime"></span></div></a></div></div><div class="csgSlide"><div class="csgListing"><a href="https://www.ebay.com/sch/sagaofluck/m.html?_ipg=100&amp;_dmd=2&amp;_sop=1" target="_blank"><div class="csgListingImage"></div><div class="csgTitle"></div><div class="csgDetails"><span class="csgPrice"></span><br><span class="csgEndTime"></span></div></a></div></div><div class="csgSlide"><div class="csgListing"><a href="https://www.ebay.com/sch/sagaofluck/m.html?_ipg=100&amp;_dmd=2&amp;_sop=1" target="_blank"><div class="csgListingImage"></div><div class="csgTitle"></div><div class="csgDetails"><span class="csgPrice"></span><br><span class="csgEndTime"></span></div></a></div></div><div class="csgSlide"><div class="csgListing"><a href="https://www.ebay.com/sch/sagaofluck/m.html?_ipg=100&amp;_dmd=2&amp;_sop=1" target="_blank"><div class="csgListingImage"></div><div class="csgTitle"></div><div class="csgDetails"><span class="csgPrice"></span><br><span class="csgEndTime"></span></div></a></div></div><div class="csgSlide"><div class="csgListing"><a href="https://www.ebay.com/sch/sagaofluck/m.html?_ipg=100&amp;_dmd=2&amp;_sop=1" target="_blank"><div class="csgListingImage"></div><div class="csgTitle"></div><div class="csgDetails"><span class="csgPrice"></span><br><span class="csgEndTime"></span></div></a></div></div><div class="csgSlide"><div class="csgListing"><a href="https://www.ebay.com/sch/sagaofluck/m.html?_ipg=100&amp;_dmd=2&amp;_sop=1" target="_blank"><div class="csgListingImage"></div><div class="csgTitle"></div><div class="csgDetails"><span class="csgPrice"></span><br><span class="csgEndTime"></span></div></a></div></div><div class="csgSlide"><div class="csgListing"><a href="https://www.ebay.com/sch/sagaofluck/m.html?_ipg=100&amp;_dmd=2&amp;_sop=1" target="_blank"><div class="csgListingImage"></div><div class="csgTitle"></div><div class="csgDetails"><span class="csgPrice"></span><br><span class="csgEndTime"></span></div></a></div></div><div class="csgSlide"><div class="csgListing"><a href="https://www.ebay.com/sch/sagaofluck/m.html?_ipg=100&amp;_dmd=2&amp;_sop=1" target="_blank"><div class="csgListingImage"></div><div class="csgTitle"></div><div class="csgDetails"><span class="csgPrice"></span><br><span class="csgEndTime"></span></div></a></div></div><div class="csgSlide"><div class="csgListing"><a href="https://www.ebay.com/sch/sagaofluck/m.html?_ipg=100&amp;_dmd=2&amp;_sop=1" target="_blank"><div class="csgListingImage"></div><div class="csgTitle"></div><div class="csgDetails"><span class="csgPrice"></span><br><span class="csgEndTime"></span></div></a></div></div><div class="csgSlide"><div class="csgListing"><a href="https://www.ebay.com/sch/sagaofluck/m.html?_ipg=100&amp;_dmd=2&amp;_sop=1" target="_blank"><div class="csgListingImage"></div><div class="csgTitle"></div><div class="csgDetails"><span class="csgPrice"></span><br><span class="csgEndTime"></span></div></a></div></div><div class="csgSlide"><div class="csgListing"><a href="https://www.ebay.com/sch/sagaofluck/m.html?_ipg=100&amp;_dmd=2&amp;_sop=1" target="_blank"><div class="csgListingImage"></div><div class="csgTitle"></div><div class="csgDetails"><span class="csgPrice"></span><br><span class="csgEndTime"></span></div></a></div></div><div class="csgSlide"><div class="csgListing"><a href="https://www.ebay.com/sch/sagaofluck/m.html?_ipg=100&amp;_dmd=2&amp;_sop=1" target="_blank"><div class="csgListingImage"></div><div class="csgTitle"></div><div class="csgDetails"><span class="csgPrice"></span><br><span class="csgEndTime"></span></div></a></div></div><div class="csgSlide"><div class="csgListing"><a href="https://www.ebay.com/sch/sagaofluck/m.html?_ipg=100&amp;_dmd=2&amp;_sop=1" target="_blank"><div class="csgListingImage"></div><div class="csgTitle"></div><div class="csgDetails"><span class="csgPrice"></span><br><span class="csgEndTime"></span></div></a></div></div><div class="csgSlide"><div class="csgListing"><a href="https://www.ebay.com/sch/sagaofluck/m.html?_ipg=100&amp;_dmd=2&amp;_sop=1" target="_blank"><div class="csgListingImage"></div><div class="csgTitle"></div><div class="csgDetails"><span class="csgPrice"></span><br><span class="csgEndTime"></span></div></a></div></div></div></div></div></div><div id="csgFooter" class="csgFrame"><div id="csgFooterLeft" class="csgLeft"><label id="csgFLScrollingLabel" for="csgScrollingCheckbox_843"></label><label id="csgFLSingleRowLabel" for="csgSingleRowCheckbox_843"></label><span id="csgFLLogo" class="csgLogo"></span></div><div id="csgFooterCenter" class="csgCenter"><label id="csgFCScrollingLabel" for="csgScrollingCheckbox_843"></label><a id="csgFCStoreLink" href="https://www.ebay.com/usr/sagaofluck" target="_blank"></a><span id="csgFCLogo" class="csgLogo"></span></div><div id="csgFooterRight" class="csgRight"><label id="csgFRScrollingLabel" for="csgScrollingCheckbox_843"></label><label id="csgFRSingleRowLabel" for="csgSingleRowCheckbox_843"></label><span id="csgFRLogo" class="csgLogo"></span></div></div></div><div id="csgPlatformLinkDiv"><span id="csgPlatformLeftImg"></span><a href="https://pages.ebay.com/seller-center/listing/listing-advanced-sellers/third-party-listing-tools.html#auctiva" target="_blank"><span id="csgPlatformText1"></span><br><span id="csgPlatformText2"></span></a><span id="csgPlatformRightImg"></span></div></div></div>
<!--CSG INDICATOR END-->
<font rwr="1" size="4" style="font-size: 14pt; font-family: Arial;">VENETO FLAIR PLATE "WILD LIFE" GREAT HORNET OWL COD VINTAGE&nbsp;8 5/8'' DIAMETER&nbsp; MINT CONDITION GREAT HORNET OWL 1306-2000 Veneto Flair's 1971 Wild Life Collector Plates no chips, cracks, crazing. This beautiful Limited Edition Plates has Gold Trim, along with Gold Lettering. It is Hand etched and painted. A great Collector Plates from&nbsp;Italy.&nbsp;Extremely Rare and hard to find.</font><div style=""><div style="font-size: large;"><font rwr="1" face="Arial">It is vintage item in good condition. Please see enlarged pictures for a detailed view.&nbsp;</font></div><div style="font-size: large;"><font rwr="1" face="Arial">We posting new items every day ! Please, follow our store, if you like it, we post new items every day. Please, contact us with any questions about the items we sell. Please, be attentive, before you buy any item!&nbsp;</font></div><div style="font-size: large;"><font rwr="1" face="Arial">Multiple Shipping Discount's: 1-10 pieces of Single Jewelry = $6.99. We combine shipping, If you want to take advantage of the reduced shipping you must contact me before you pay for your items so I can send you a corrected invoice.&nbsp;</font></div><div style="font-size: large;"><font rwr="1" face="Arial">We keep our items in the clean and smoke free environment.</font></div><div style="font-size: large;"><font rwr="1" face="Arial">Please, be noted, we leave a feedback to our customers ALWAYS, if they leave it first.&nbsp;</font></div><div style="font-size: large;"><font rwr="1" face="Arial">Shipping prices are for USA ONLY! International shipping needs an additional attention.&nbsp;</font></div><div style="font-size: large;"><font face="Arial">Thank You for visiting our E-bay store!&nbsp;</font></div><div align="center" class="aucCounter" style="font-size: 14pt;"><img src="https://counters.auctiva.com/aucount/162434833125?s=y" title="Start Your 30-Day Free Trial Now"><br><a href="https://pages.ebay.com/seller-center/listing/listing-advanced-sellers/third-party-listing-tools.html#auctiva" target="_blank"><span class="aucCounterOrangeText">Track Page Views With</span><br><span class="aucCounterBlueText">Auctiva's FREE Counter</span></a></div><!-- End: AuctivaCounter --></div></font>
</DOC>
<DOC>
<DOCID>1700681</DOCID>
<CATEGORY>Collectibles > Decorative Collectibles > Collector Plates</CATEGORY>
<ORIGTITLE>Hamilton   Wizard Of Oz  " THE GREAT AND POWERFUL OZ"   50th Anniversary  Plate</ORIGTITLE>
<font rwr="1" size="4"><font rwr="1" size="4"><b><font face="Arial" size="4">This is one beautiful Wizard Of Oz Collector's Plate Titled " The Great And&nbsp;</font><font face="Arial">Powerful</font><font face="Arial" size="4">&nbsp;Oz ". &nbsp; Is from the Hamilton Collection of wonderfully detailed and explicit Plates. &nbsp;Is Numbered &amp; limited. &nbsp;No damage. &nbsp;Comes with plate hanger. &nbsp; Any questions please ask. &nbsp; Thank you</font></b></font></font><div style="font-family: Arial; font-size: 14pt;"><font size="4"><b><br></b></font><div style="font-size: 14pt;"><font rwr="1" size="4" style="font-family:Arial"><font rwr="1" size="4" style="font-family:Arial"><b><br></b></font></font></div><div style="font-size: 14pt;"><font rwr="1" size="4" style="font-family:Arial"><font rwr="1" size="4" style="font-family:Arial"><b>I will combine shipping on multiple purchases where possible.</b></font></font></div></div>
</DOC>
<DOC>
<DOCID>1700686</DOCID>
<CATEGORY>Collectibles > Decorative Collectibles > Decorative Collectible Brands > Fitz & Floyd > Other Fitz & Floyd</CATEGORY>
<ORIGTITLE>Fitz & Floyd Old Fashioned Christmas Salt & Pepper Shaker Set NEW Horse Bear</ORIGTITLE>
<font rwr='1' size='4' style='font-family:Arial'><p style="background-color: transparent; color: rgb(0, 0, 0); font-family: Arial; font-size: 18.66px; font-style: normal; font-variant: normal; font-weight: 400; letter-spacing: normal; orphans: 2; text-align: left; text-decoration: none; text-indent: 0px; text-transform: none; -webkit-text-stroke-width: 0px; white-space: normal; word-spacing: 0px;">Sweet set to have on the table during the holidays! Old Fashioned Collection by Fitz and Floyd salt and pepper set- in original box! One is a bear on top of a drum and the other is a rocking horse! In great vintage condition! There are NO chips or cracks! Please see all pics and ask any questions you may have! Thank you for looking- be sure to put my other listings for more great finds! </p><br style="background-color: transparent; color: rgb(0, 0, 0); font-family: Arial; font-size: 18.66px; font-style: normal; font-variant: normal; font-weight: 400; letter-spacing: normal; orphans: 2; text-align: left; text-decoration: none; text-indent: 0px; text-transform: none; -webkit-text-stroke-width: 0px; white-space: normal; word-spacing: 0px;"><p style="background-color: transparent; color: rgb(0, 0, 0); font-family: Arial; font-size: 18.66px; font-style: normal; font-variant: normal; font-weight: 400; letter-spacing: normal; orphans: 2; text-align: left; text-decoration: none; text-indent: 0px; text-transform: none; -webkit-text-stroke-width: 0px; white-space: normal; word-spacing: 0px;">Payment is due at time of purchase- we will do combined shipping on multiple orders when possible! All items ship out up to 3 business days of payment clearance.</p><br></font>
</DOC>
<DOC>
<DOCID>1700687</DOCID>
<CATEGORY>Collectibles > Transportation > Railroadiana & Trains > Paper > Books > 1900-Now</CATEGORY>
<ORIGTITLE>VINTAGE RARE 1954 WARREN OHIO LOCOMOTIVE WORKS CATALOG MODEL RAILROADING TRAIN</ORIGTITLE>
<p><b>* PLEASE VIEW ALL PICTURES AS LIGHTING ON PRODUCT MAY VARY. MOST OFTEN THE DARKER THE PHOTO IS MOST DESCRIPTIVE OF THE ITEM COLOR. </b></p><p><b>>  NO PICTURES YET, LISTING IS IN PROGRESS... PLEASE CONTACT SELLER FOR UPLOADS WITHIN 24 HOURS <</b></p><p><b>ITEM: </b><b>VINTAGE RARE 1954 WARREN OHIO LOCOMOTIVE WORKS STANDARDS OF MODEL LOCOMOTIVES AND ACCESSORIES CATALOG MODEL RAILROADING TRAIN.  INCLUDES SATA SHEETS.  SECTION I FEEDWATER SYSTEMS.  DIAGRAMS OF EXHAUST STEAM INJECTORS, OPEN TYPE FEEDWATER HEATERS, LIVE STEAM INJECTORS & CLOSED TYPE FEEDWATER HEATERS.  Last page is parts and price list March 1, 1955.</b></p><p><b>USED CONDITION. PLEASE SEE ALL PHOTOS AND DESCRIPTION FOR THE DETAILED CHARACTERISTICS OF THIS TREMENDOUS COLLECTIBLE ITEM... ABSOLUTELY TREMENDOUS !!! </b></p><p><b>I HAVE SEVERAL HUNDRED RAILROAD, MODEL RAILROAD AND TRAIN BOOKS, MAGAZINES AND COLLECTIBLES COMING AVAILABLE FROM THIS ESTATE.</b></p><p><b>MR. G.R. GEORGE RAYMOND, RAY STILWELL HAD A PASSION FOR MODEL RAILROADING, SPECIFICALLY THE LEHIGH VALLEY TRAINS AND TRACKS. HE BUILT UP A TREMENDOUS REPUTATION AND FOLLOWING WITH HIS DEDICATION IN CREATING ELECTRIC TRACK MODELS AND SWITCHES. HE WAS A 40-YEAR IBM ELECTRICAL ENGINEER WHO HAD MANY PATENTS FOR THE COMPANY, RETIRING IN THE EARLY 1990’s. FROM HIS ESTATE, THERE WILL BE MANY VINTAGE CATALOGS, MANUALS, ELECTRONICS, SUPPLIES, BOOKS, IBM & NASA COLLECTIBLES AND EARLY DRAFTING EQUIPMENT AND TOOLS. (PLEASE FOLLOW 5 STAR THRIFT FOR NEW PRODUCT UPDATES FROM THIS ESTATE.)</b></p><br><p><b>EXCELLENT USED CONDITION. PLEASE SEE ALL PHOTOS AND DESCRIPTION FOR THE DETAILED CHARACTERISTICS OF THIS TREMENDOUS COLLECTIBLE ITEM... ABSOLUTELY TREMENDOUS !!!</b></p><p><b>*** CONTACT SELLER ANY QUESTIONS ON THIS ITEM, IF NEEDED PLEASE ***</b></p><p><b>CHECK OUT OUR OCCASIONAL 33% & 50% OFF eBAY STORE CATEGORY AT 5-STAR THRIFT! HUNDREDS OF BOOKS, FANTASTIC FASHIONS AND COLLECTIBLES.</b></p><p><b> </b></p><p><b>ALL MAJOR CHARACTERISTICS IN CONDITION WILL BE PICTURED, IF ANY, UPON INSPECTION OF THIS ITEM. PLEASE SEE TITLE AND PICTURES FOR COMPLETE, DETAILED INFORMATION SPECIFIC TO THIS FANTASTIC PIECE!</b></p><p><b> </b></p><p><b>PLEASE EMAIL ANY QUESTIONS, OR BEST OFFERS. PLEASE VISIT OUR eBAY STORE 5StarThrift FOR THE BEST COLLECTIBLES ON THE MARKET. ALWAYS, HALF-PRICED (OR LESS) SHIPPING AND HANDLING FOR EACH ADDITIONAL, SIMILAR, ITEM PURCHASED, UNLESS OTHERWISE SPECIFIED. WE ARE PROUD OF RECEIVING OVER 5,300 POSITIVE FEEDBACK! THANK YOU TO ALL OF OUR GREAT CUSTOMERS.</b></p>
</DOC>
<DOC>
<DOCID>1700695</DOCID>
<CATEGORY>Collectibles > Non-Sport Trading Cards > Trading Card Singles</CATEGORY>
<ORIGTITLE>Vampire Diaries season 2 TW1 triple wardrobe card - Dobrev, Somerhalder & Wesley</ORIGTITLE>
<TABLE cellSpacing=28 cellPadding=0 width="100%">

<TR>
<TD vAlign=top>
<TABLE cellSpacing=28 cellPadding=0 width="100%">

<TR>
<TD vAlign=top>
<P>For sale in this auction is a Vampire Diaries season 2 TW1 triple wardrobe card of Nina Dobrev as Elena Gilbert, Ian Somerhalder as Damon Salvatore and Paul Wesley as Stefan Salvatore. You will get the card in the scan.</P>
<P>The card is in mint condition.<BR><BR>Tip- To purchase multiple items without having to pay for each separately, just place them in your cart then checkout for all items at once. Thanks.<BR><BR><BR><BR><BR><BR></P>
<CENTER><FONT size=15><FONT color=red>Auction Terms</FONT></FONT></CENTER><BR><BR>
<CENTER><FONT color=green>Shipping Terms</FONT><BR>1. Will NOT ship this item internationally.<BR><BR>2. I will combine all wins within a 24 hour period into one shipment for savings on shipping.<BR><BR>3. Shipping will be&nbsp;free for the card.<BR><BR><BR>
<CENTER>&nbsp;</CENTER></CENTER></TD></TR>
<TR>
<TD vAlign=top align=center></TD></TR></TABLE></TD></TR>
<TR>
<TD vAlign=top align=center>&nbsp;</TD></TR></TABLE>
<P>Posted with <A href="http://pages.ebay.com/mobile/iphone.html">eBay Mobile</A></P>
</DOC>
<DOC>
<DOCID>1700696</DOCID>
<CATEGORY>Collectibles > Transportation > Boats & Ships > Cruise Ships & Ocean Liners > White Star & Titanic</CATEGORY>
<ORIGTITLE>Photo: Titanic's Fan Tail Deck At Stern Of Ship W/ Passengers, Queenstown, 1912</ORIGTITLE>
<p></p>
<h4 style="TEXT-ALIGN: center"><font size="6"><span style="COLOR: rgb(255,0,16)">-Titanic's</span> Top Deck At The Stern-</font></h4>
<h4 style="TEXT-ALIGN: center"><font size="5">A marvelous little known view of the&nbsp;fan tail&nbsp;deck at the stern of the Legendary Super Liner while she was anchored off Queenstown on April 11th, 1912. <br></font></h4>
<h4 style="TEXT-ALIGN: center"><font size="5">It was here that many victims of the <span style="COLOR: rgb(255,0,16)">Titanic</span> tragedy decided to make their last stand before the liner sank beneath their feet only 3 days later.</font></h4>
<div style="TEXT-ALIGN: center; FONT-WEIGHT: bold"><font size="5">Very unique.<br></font></div><font color="brown" size="5"><span style="FONT-WEIGHT: bold"><br></span></font>
<div style="TEXT-ALIGN: center"><font color="brown" size="5"><font size="6"><span style="FONT-WEIGHT: bold">This new Black &amp; White Print of the original archive is on Heavy Premium Glossy Photo Paper, Large 11" x 8.5" format, (exact dimensions may vary) in flawless condition.</span></font> </font></div>
<p style="TEXT-ALIGN: center; MARGIN-BOTTOM: 12pt" class="MsoNormal" align="center"><b><span style="COLOR: blue; FONT-SIZE: 22pt">Please visit our store and look in the </span></b><b><span style="COLOR: rgb(0,44,253); FONT-SIZE: 22pt"><a href="http://search.ebay.com/WHITE-STAR-LINE-ARCHIVES-AND-IMAGES_Titanic-Archives_W0QQcolZ4QQdirZ1QQfsubZ8QQftidZ2QQtZkm" target="_blank"><span style="COLOR: rgb(255,0,16)">Titanic Archives Category</span></a><!--?xml:namespace prefix = o /--><o:p></o:p></span><span style="COLOR: blue; FONT-SIZE: 22pt"> to see a grand assortment of world class RMS Titanic related Paintings, Posters and Prints.</span></b><span style="FONT-SIZE: 22pt"><!--?xml:namespace prefix = u1 /--><u1:p></u1:p><o:p></o:p></span></p>
<p style="TEXT-ALIGN: center" class="MsoNormal" align="center"><b><span style="COLOR: blue; FONT-SIZE: 24pt">*************</span><u1:p></u1:p></b><o:p></o:p></p>
<div style="TEXT-ALIGN: center"><b><span style="COLOR: rgb(255,0,16); FONT-SIZE: 24pt">Most of our Posters &amp; Prints are available in 5 different sizes although exact dimensions may vary on certain views due to occasional non-standard aspect ratios:</span></b></div>
<h1 style="TEXT-ALIGN: center" align="center"><span style="COLOR: maroon">7” x 5”: $4.99</span><span style="COLOR: red"> </span>*******<span style="COLOR: rgb(0,37,110)"> 8.5" x 11": $8.00--$11.00</span><span style="COLOR: red"> </span><span style="COLOR: black">******* </span><span style="COLOR: green">13" x 19": $17.50 </span><span style="COLOR: black">*******</span><span style="COLOR: purple"> 18" x 24": $21.50 </span><span style="COLOR: black">*******</span><span style="COLOR: blue"> 24" x 36": $24.50--$29.50.</span></h1>
<h4 style="TEXT-ALIGN: center" align="center"><span style="COLOR: darkcyan; FONT-SIZE: 24pt">Please contact us via eBay e-mail to set up any of our prints in any of the </span><span style="COLOR: rgb(255,0,16); FONT-SIZE: 24pt">above size formats</span><span style="COLOR: darkcyan; FONT-SIZE: 24pt"> for you in </span><span style="COLOR: rgb(0,44,253); FONT-SIZE: 24pt">BUY IT NOW.</span></h4>
<p style="TEXT-ALIGN: center" class="MsoNormal" align="center"><b><span style="COLOR: blue; FONT-SIZE: 24pt">*************</span></b></p>
<p style="TEXT-ALIGN: center" align="center"><b><u><span style="COLOR: rgb(0,37,110); FONT-SIZE: 24pt">ABOUT OUR PRINTS:</span></u></b></p>
<p style="TEXT-ALIGN: center" class="MsoNormal" align="center"><b><span style="FONT-FAMILY: Arial; COLOR: rgb(138,0,0); FONT-SIZE: 13.5pt">All our views are printed to order by one of the most advanced Photo Art Printers in the industry that uses ultra chrome archival ink rated to maintain its original color characteristics for 125 years and beyond.</span></b></p>
<p style="TEXT-ALIGN: center" class="MsoNormal" align="center"><b><span style="FONT-FAMILY: Arial; COLOR: rgb(138,0,0); FONT-SIZE: 13.5pt">The detail and definition of the shipped product is usually excellent and much sharper than the low resolution image used here except in the rare exception that it be the clearest known view worldwide in which case it would be sold on the merits of its rarity alone and clearly stated as such.</span></b><span style="COLOR: rgb(138,0,0); FONT-SIZE: 13.5pt"><br></span><b><span style="FONT-FAMILY: Arial; COLOR: rgb(138,0,0); FONT-SIZE: 13.5pt"><br>Our printing process results in an exceptionally vivid, colorful and detailed view suitable for museum or gallery display.</span></b><span style="COLOR: rgb(138,0,0); FONT-SIZE: 13.5pt"><br><br></span><b><span style="FONT-FAMILY: Arial; COLOR: rgb(138,0,0); FONT-SIZE: 13.5pt">All our 8” x 11” prints are shipped flat with a rigid cardboard stabilizer for durable impact and bend protection while our posters are shipped rolled in a rigid cylindrical tube that’s placed inside a 2nd shipping tube for double impact protection. To date neither has ever failed our eBay shipping delivery system. <br><br>We combine shipping on multiple purchases so you only pay one reduced shipping charge regardless of how many items you purchase.</span></b></p>
<h4 style="TEXT-ALIGN: center" align="center"><span style="FONT-FAMILY: Arial; COLOR: rgb(138,0,0); FONT-SIZE: 13.5pt">Our standard accepted form of payment is Paypal or Credit Card however you may contact us if you wish to arrange an alternative payment method.</span></h4>
<p style="TEXT-ALIGN: center" class="MsoNormal" align="center"><b><span style="COLOR: blue; FONT-SIZE: 24pt">*************</span></b></p>
<p style="TEXT-ALIGN: center" class="MsoNormal" align="center"><b><span style="COLOR: blue; FONT-SIZE: 22pt"><a href="http://stores.ebay.com/WHITE-STAR-LINE-ARCHIVES-AND-IMAGES_W0QQcolZ4QQdirZ1QQfsubZQ2d999QQftidZ2QQtZkm" target="_blank"><span style="COLOR: black">Please click here to visit </span><span style="COLOR: red">White Star Line Archives &amp; Images</span></a></span></b><b><span style="COLOR: black; FONT-SIZE: 22pt">.</span></b></p>
<p style="TEXT-ALIGN: center" class="MsoNormal" align="center"><b><span style="COLOR: blue; FONT-SIZE: 18pt"><a href="mailto:" target="_blank"><span style="COLOR: rgb(22,74,229)"></span></a></span></b>&nbsp;</p>
</DOC>
<DOC>
<DOCID>1700698</DOCID>
<CATEGORY>Collectibles > Decorative Collectibles > Other Decorative Collectibles</CATEGORY>
<ORIGTITLE>Vintage Arrangement Spiky Pink White Glass Flowers Petals Green Leaves Planter</ORIGTITLE>
<font size="4" style="font-family: Arial;" rwr="1"><font size="4" style="font-family: Arial;" rwr="1"><font size="4" style="font-family: Arial;" rwr="1">I purchased four of these at&nbsp; an estate sale.&nbsp; They are so pretty and feminine.&nbsp; This one is my favorite.&nbsp; It has spiky petals.&nbsp; The base has a crazed finish.&nbsp; Not sure on age but very pretty and I can't see missing pieces but there may be some.&nbsp; There are just so many pieces and you can re-arrange them to your liking.&nbsp; Measures as shown: 13" x 10" x 6 1/2" and weighs 2 lbs. 13 oz. prior to packaging.&nbsp; It is very solid in the planter, not wobbly.&nbsp; The yellow mark on the base in the 7th picture was an old adhesive mark probably from price tag.&nbsp; I have removed it and it looks much&nbsp;better now.&nbsp; Please disregard the yellow mark. Thank you.<font face="Times New Roman" size="3">&nbsp;
</font><p style="margin: 0in 0in 0pt; text-align: justify;"></p><span style='font-family: "Comic Sans MS"; font-size: 14pt; mso-bidi-font-family: Arial;'><p style="margin: 0in 0in 0pt; text-align: justify;"><font face="Times New Roman" size="3">

</font></p><p style="margin: 0in 0in 0pt; text-align: justify;"><span style='font-family: "Comic Sans MS"; font-size: 14pt; mso-bidi-font-family: Arial;'>Any questions,
ask.<span style="mso-spacerun: yes;">&nbsp; </span>Check out the pictures as they are
part of the description.<span style="mso-spacerun: yes;">&nbsp; </span>If you see or
don’t see something, please ask for clarification.<span style="mso-spacerun: yes;">&nbsp; </span>Please check out my other items for
sale.<span style="mso-spacerun: yes;">&nbsp; </span>Anything in pictures that is not
in description is probably not part of sale.&nbsp; Please ask before purchase
if you think it may be part of sale.&nbsp; When buying vintage items, keep in
mind it may show characteristics of age, including allowable base wear, wear,
rub, light scratches, discoloration, bubbles, pattern irregularities, folds in
glass, straw marks (inclusions/cooling marks) or mold marks.&nbsp;*** Items
must be returned to receive your money back.&nbsp; If you don't do returns,
don't buy it.&nbsp;&nbsp; I am planning on closing my store very soon, so get
it while it's here.</span></p><p style="margin: 0in 0in 0pt; text-align: justify;"><font face="Times New Roman" size="3">

 Dis</font>counted $5</p></span><p style="margin: 0in 0in 0pt; text-align: justify;"></p><font face="Times New Roman" size="3">

</font></font></font></font>
</DOC>
<DOC>
<DOCID>1700701</DOCID>
<CATEGORY>Collectibles > Comics > Modern Age (1992-Now) > Superhero > X-Men</CATEGORY>
<ORIGTITLE>Ultimate X-Men #73 CGC 9.8</ORIGTITLE>
<p>Ultimate X-Men #73 CGC 9.8</p><img src='https://hit.ebsh.io/t/hit.gif' />
</DOC>
<DOC>
<DOCID>1700703</DOCID>
<CATEGORY>Collectibles > Advertising > Gas & Oil > Gas & Oil Companies > Union 76</CATEGORY>
<ORIGTITLE>1972 Union 76 Arizona/New Mexico Vintage Road Map</ORIGTITLE>
<font rwr='1' size='4' style='font-family:Arial'><font rwr="1" style="font-family:Arial" size="4"><font rwr="1" style="font-family:Arial" size="4"><font rwr="1" style="font-family:Arial" size="4"><font rwr="1" style="font-family:Arial" size="4"><font rwr="1" style="font-family:Arial" size="4"><font rwr="1" style="font-family:Arial" size="4"><font rwr="1" style="font-family:Arial" size="4"><font rwr="1" style="font-family:Arial" size="4"><font rwr="1" style="font-family:Arial" size="4"><font rwr="1" style="font-family:Arial" size="4"><font rwr="1" style="font-family:Arial" size="4"><font rwr="1" style="font-family:Arial" size="4"><font rwr="1" style="font-family:Arial" size="4"><font rwr="1" style="font-family:Arial" size="4"><font rwr="1" style="font-family:Arial" size="4"><font rwr="1" style="font-family:Arial" size="4"><font rwr="1" style="font-family:Arial" size="4"><font rwr="1" style="font-family:Arial" size="4"><font rwr="1" style="font-family:Arial" size="4"><font rwr="1" style="font-family:Arial" size="4"><font rwr="1" style="font-family:Arial" size="4"><font rwr="1" style="font-family:Arial" size="4"><font rwr="1" style="font-family:Arial" size="4"><font rwr="1" style="font-family:Arial" size="4"><font rwr="1" style="font-family:Arial" size="4"><font rwr="1" style="font-family:Arial" size="4"><font rwr="1" style="font-family:Arial" size="4"><font rwr="1" style="font-family:Arial" size="4"><font rwr="1" style="font-family:Arial" size="4"><font rwr="1" style="font-family:Arial" size="4"><font rwr="1" style="font-family:Arial" size="4"><font rwr="1" style="font-family:Arial" size="4"><font rwr="1" style="font-family:Arial" size="4"><font rwr="1" style="font-family:Arial" size="4"><font rwr="1" style="font-family:Arial" size="4"><font rwr="1" style="font-family:Arial" size="4"><font rwr="1" style="font-family:Arial" size="4"><font rwr="1" style="font-family:Arial" size="4"><font rwr="1" style="font-family:Arial" size="4"><font rwr="1" style="font-family:Arial" size="4"><font rwr="1" style="font-family:Arial" size="4"><font rwr="1" style="font-family:Arial" size="4"><font rwr="1" style="font-family:Arial" size="4"><font rwr="1" style="font-family:Arial" size="4"><font rwr="1" style="font-family:Arial" size="4"><font rwr="1" style="font-family:Arial" size="4"><font rwr="1" style="font-family:Arial" size="4"><font rwr="1" style="font-family:Arial" size="4"><font rwr="1" style="font-family:Arial" size="4"><font rwr="1" style="font-family:Arial" size="4"><font rwr="1" style="font-family:Arial" size="4"><font rwr="1" style="font-family:Arial" size="4"><font rwr="1" style="font-family:Arial" size="4"><font rwr="1" style="font-family:Arial" size="4"><font rwr="1" style="font-family:Arial" size="4"><font rwr="1" style="font-family:Arial" size="4"><font rwr="1" style="font-family:Arial" size="4"><font rwr="1" style="font-family:Arial" size="4"><font rwr="1" style="font-family:Arial" size="4"><font rwr="1" style="font-family:Arial" size="4"><font rwr="1" style="font-family:Arial" size="4"><font rwr="1" style="font-family:Arial" size="4"><font rwr="1" style="font-family:Arial" size="4"><font rwr="1" style="font-family:Arial" size="4"><font rwr="1" style="font-family:Arial" size="4"><font rwr="1" style="font-family:Arial" size="4"><font rwr="1" style="font-family:Arial" size="4"><font rwr="1" style="font-family:Arial" size="4"><font rwr="1" style="font-family:Arial" size="4"><font rwr="1" style="font-family:Arial" size="4"><font rwr="1" style="font-family:Arial" size="4"><font rwr="1" style="font-family:Arial" size="4"><font rwr="1" style="font-family:Arial" size="4"><font rwr="1" style="font-family:Arial" size="4"><font rwr="1" style="font-family:Arial" size="4"><font rwr="1" style="font-family:Arial" size="4"><font rwr="1" style="font-family:Arial" size="4"><font rwr="1" style="font-family:Arial" size="4"><font rwr="1" style="font-family:Arial" size="4"><font rwr="1" style="font-family:Arial" size="4"><font rwr="1" style="font-family:Arial" size="4"><font rwr="1" style="font-family:Arial" size="4"><font rwr="1" style="font-family:Arial" size="4"><font rwr="1" style="font-family:Arial" size="4"><font rwr="1" style="font-family:Arial" size="4"><font rwr="1" style="font-family:Arial" size="4"><font rwr="1" style="font-family:Arial" size="4"><font rwr="1" style="font-family:Arial" size="4"><font rwr="1" style="font-family:Arial" size="4">Vintage oil company road map in near excellent condition.<br></font></font></font></font></font></font></font></font></font></font></font></font></font></font></font></font></font></font></font></font></font></font></font></font></font></font></font></font></font></font></font></font></font></font></font></font></font></font></font></font></font></font></font></font></font></font></font></font></font></font></font></font></font></font></font></font></font></font></font></font></font></font></font></font></font></font></font></font></font></font></font></font></font></font></font></font></font></font></font></font></font></font></font></font></font></font></font></font></font></font>
</DOC>
<DOC>
<DOCID>1700704</DOCID>
<CATEGORY>Collectibles > Pens & Writing Instruments > Pens > Fountain Pens > Other Fountain Pens</CATEGORY>
<ORIGTITLE>Jinhao 159 Fountain Pen Snow White Color Silver Trim Mediun Nib</ORIGTITLE>
<p class="MsoNormal">
	<b><span style="font-size:12.0pt;line-height:150%;font-family:&quot;">Item Details :</span></b>
</p>
<p style="margin-left:6.75pt;">
	<span style="font-size:10.0pt;font-family:&quot;">Brand Name: Jinhao<br>
<br>
Nib: Medium 18KGP<br>
<br>
Length: 148mm<br>
<br>
Diameter: 13-17mm<br>
<br>
Pen weight: 50g<br>
</span><span></span>
</p>
<p style="margin-left:6.75pt;">
	<span style="font-size:10.0pt;font-family:&quot;">Cartridges : Fits standard cartridges <br>
</span><span></span>
</p>
<p style="margin-left:6.75pt;">
	<span style="font-size:10.0pt;font-family:&quot;">Cap:&nbsp; Screw Type<br>
<br>
Converter: screw type</span><span></span>
</p>
<p>
	<span style="font-family:&quot;">&nbsp;</span>
</p>
<p>
	<b><span style="font-family:&quot;">Delivery time
:</span></b><span></span>
</p>
<p class="MsoNormal">
	<span style="font-size:12.0pt;line-height:150%;font-family:&quot;">Normal delivery time
takes about 3 weeks. Sometimes, parcel may be delayed due to customs inspection
.Because you bought the item from opposite side of the earth, it needs time to
ship and the duration on its way to you is out of control. What under our
control is that we will ensure ship the item within 2 working days as described
in item listing. Therefore, please DON’T leave us 1, 2, 3 or 4-Detailed Seller
Ratings on Shipping Time and Shipping Charge which equaling to negative
feedback .We welcome your positive 5-Detailed Seller Ratings for us.</span>
</p>
<p class="MsoNormal">
	<span style="font-size:12.0pt;line-height:150%;font-family:&quot;">&nbsp;</span>
</p>
<p class="MsoNormal">
	<b><span style="font-size:12.0pt;line-height:150%;font-family:&quot;">Your satisfaction is our priority.</span></b>
</p>
<p class="MsoNormal">
	<span style="font-size:12.0pt;line-height:150%;font-family:&quot;">Returns are accepted
within 30 days of the item’s shipment date.</span><span style="font-size:12.0pt;line-height:150%;font-family:宋体;">、</span><span style="font-size:12.0pt;line-height:150%;font-family:&quot;">If for any reason, you are
not satisfied, please email us through eBay’s Ask the Seller a Question for a
resolution before leaving neutral or negative feedback.</span>
</p>
<p class="MsoNormal">
	<span style="font-size:12.0pt;line-height:150%;font-family:&quot;">&nbsp;</span>
</p>
<p class="MsoNormal">
	<span style="font-size:12.0pt;line-height:150%;font-family:&quot;">&nbsp;</span>
</p><div id='pushauctioncounterdiv' style='width:100%;text-align:center;padding-top:20px;font-family:Times New Roman'><img id='pushauctioncounter' src='https://counter.pushauction.com/04a9fbf9-3a64-4988-9a3a-7d3092c57e29/cf7071fe-4908-4b50-875b-ccfe085a5a22.jpg'/></div>
</DOC>
<DOC>
<DOCID>1700706</DOCID>
<CATEGORY>Collectibles > Transportation > Railroadiana & Trains > Patches, Pins & Buttons</CATEGORY>
<ORIGTITLE>RAILROAD SEMAPHORE  Hat Pin Lapel  Pin</ORIGTITLE>
<font size="4" style="font-family: Arial;" rwr="1"><font size="4" style="font-family: Arial;" rwr="1"><font size="4" style="font-family: Arial;" rwr="1"><font size="4" style="font-family: Arial;" rwr="1"><font size="4" style="font-family: Arial;" rwr="1"><font size="4" style="font-family: Arial;" rwr="1"><font size="4" style="font-family: Arial;" rwr="1"><font size="4" style="font-family: Arial;" rwr="1"><font size="4" style="font-family: Arial;" rwr="1"><font size="4" style="font-family: Arial;" rwr="1"><font size="4" style="font-family: Arial;" rwr="1"><font size="4" style="font-family: Arial;" rwr="1"><font size="4" style="font-family: Arial;" rwr="1"><font size="4" style="font-family: Arial;" rwr="1"><font size="4" style="font-family: Arial;" rwr="1"><font size="4" style="font-family: Arial;" rwr="1"><font size="4" style="font-family: Arial;" rwr="1"><font size="4" style="font-family: Arial;" rwr="1"><font size="4" style="font-family: Arial;" rwr="1"><font size="4" style="font-family: Arial;" rwr="1"><font size="4" style="font-family: Arial;" rwr="1"><font size="4" style="font-family: Arial;" rwr="1"><font size="4" style="font-family: Arial;" rwr="1"><font size="4" style="font-family: Arial;" rwr="1"><font size="4" style="font-family: Arial;" rwr="1"><font size="4" style="font-family: Arial;" rwr="1"><font size="4" style="font-family: Arial;" rwr="1"><font size="4" style="font-family: Arial;" rwr="1"><font size="4" style="font-family: Arial;" rwr="1"><font size="4" style="font-family: Arial;" rwr="1"><font size="4" style="font-family: Arial;" rwr="1"><font size="4" style="font-family: Arial;" rwr="1"><font size="4" style="font-family: Arial;" rwr="1"><font size="4" style="font-family: Arial;" rwr="1"><font size="4" style="font-family: Arial;" rwr="1"><font size="4" style="font-family: Arial;" rwr="1"><font size="4" style="font-family: Arial;" rwr="1"><font size="4" style="font-family: Arial;" rwr="1"><font size="4" style="font-family: Arial;" rwr="1"><font size="4" style="font-family: Arial;" rwr="1"><font size="4" style="font-family: Arial;" rwr="1"><font size="4" style="font-family: Arial;" rwr="1"><font size="4" style="font-family: Arial;" rwr="1"><font size="4" style="font-family: Arial;" rwr="1"><font size="4" style="font-family: Arial;" rwr="1"><font size="4" style="font-family: Arial;" rwr="1"><font size="4" style="font-family: Arial;" rwr="1"><font size="4" style="font-family: Arial;" rwr="1"><font size="4" style="font-family: Arial;" rwr="1">This pin&nbsp;is in mint condition. It measures 1&nbsp;inch wide. Check out my <a href="http://search.ebay.com/_W0QQsassZr.c.dalyQQhtZ-1" target="_blank">other items</a>!</font></font></font></font></font></font></font></font></font></font></font></font></font></font></font></font></font></font></font></font></font></font></font></font></font></font></font></font></font></font></font></font></font></font></font></font></font></font></font></font></font></font></font></font></font></font></font></font></font>
</DOC>
<DOC>
<DOCID>1700723</DOCID>
<CATEGORY>Collectibles > Radio, Phonograph, TV, Phone > Radios > Tube Radios > 1960-Now</CATEGORY>
<ORIGTITLE>Zenith Touch and Snooze Radio Clock Tube Radio</ORIGTITLE>
<font rwr='1' size='4' style='font-family:Arial'>Up for auction Zenith Touch and Snooze Clock Radio<div>It's used with nicks and scrathes</div><div><br></div><div>E-mail with questions</div><div>FREE SHIPPING</div></font>
</DOC>
<DOC>
<DOCID>1700713</DOCID>
<CATEGORY>Collectibles > Comics > Modern Age (1992-Now) > Superhero > Spider-Man</CATEGORY>
<ORIGTITLE>Spider-Man 2099 #5 CGC 9.8 1993 Rick Leonardi Marvel Comic: New Frame</ORIGTITLE>
<font size="4" style="font-family:Arial" rwr="1"><font size="4" style="font-family: Arial;" rwr="1"><font size="4" style="font-family: Arial;" rwr="1"><font size="4" style="font-family: Arial;" rwr="1"><font size="4" style="font-family: Arial;" rwr="1"><font size="4" style="font-family: Arial;" rwr="1"><font size="4" style="font-family: Arial;" rwr="1"><font size="4" style="font-family: Arial;" rwr="1"><font size="4" style="font-family: Arial;" rwr="1"><font size="4" style="font-family: Arial;" rwr="1"><font size="4" style="font-family: Arial;" rwr="1"><font size="4" style="font-family: Arial;" rwr="1"><font size="4" style="font-family: Arial;" rwr="1"><font size="4" style="font-family: Arial;" rwr="1"><font size="4" style="font-family: Arial;" rwr="1"><font size="4" style="font-family: Arial;" rwr="1"><font size="4" style="font-family: Arial;" rwr="1"><font size="4" style="font-family: Arial;" rwr="1"><font size="4" style="font-family: Arial;" rwr="1"><font size="4" style="font-family: Arial;" rwr="1"><font size="4" style="font-family: Arial;" rwr="1"><font size="4" style="font-family: Arial;" rwr="1"><font size="4" style="font-family: Arial;" rwr="1"><font size="4" style="font-family: Arial;" rwr="1"><font size="4" style="font-family: Arial;" rwr="1"><font size="4" style="font-family: Arial;" rwr="1"><font size="4" style="font-family: Arial;" rwr="1"><font size="4" style="font-family: Arial;" rwr="1"><font size="4" style="font-family: Arial;" rwr="1"><font size="4" style="font-family: Arial;" rwr="1"><font size="4" style="font-family: Arial;" rwr="1"><font size="4" style="font-family: Arial;" rwr="1"><font size="4" style="font-family: Arial;" rwr="1"><font size="4" style="font-family: Arial;" rwr="1"><font size="4" style="font-family: Arial;" rwr="1"><font size="4" style="font-family: Arial;" rwr="1"><font size="4" style="font-family: Arial;" rwr="1"><font size="4" style="font-family: Arial;" rwr="1"><font size="4" style="font-family: Arial;" rwr="1"><font size="4" style="font-family: Arial;" rwr="1"><font size="4" style="font-family: Arial;" rwr="1"><table width="100%" cellspacing="28" cellpadding="0">
							<tbody><tr>
								<td valign="top">
						<center><font color="#0000ff" face="Comic Sans MS" size="4"><span style="background-color: rgb(255, 255, 255);">
<p>&nbsp;Add a second item with no extra shipping fee for USA orders</p>
<p>Wait for invoice or anticipate a refund on an over-payment</p></span></font>
<p><font color="#990033" face="Georgia" size="4"><span style="background-color: rgb(255, 204, 204);"><font color="#990033" face="Comic Sans MS" size="4"><span style="background-color: rgb(255, 255, 255);"><font color="#0000ff" size="4"><font color="#0000ff" face="Comic Sans MS" size="4">&nbsp;</font><font color="#0000ff" face="Comic Sans MS" size="4">~ WIN 2 AUCTIONS AND SAVE! ~</font></font></span></font></span></font></p>
<p><span style="background-color: rgb(255, 255, 255);"><font color="#0000ff" face="Comic Sans MS" size="4">&nbsp;New Sturdier CGC Frame</font></span></p>
<p><span style="background-color: rgb(255, 255, 255);"><font color="#0000ff" face="Comic Sans MS" size="4">2 Ounces Heavier</font></span></p><span style="background-color: rgb(255, 255, 255);">
<p style="color: rgb(153, 0, 51); font-family: Georgia; font-size: large;"><font color="#0000ff" face="Comic Sans MS" size="5">~ Wide Selection ~</font></p><p style="color: rgb(153, 0, 51); font-family: Georgia; font-size: large;"></p><p style="color: rgb(153, 0, 51); font-family: Georgia; font-size: large;"></p><p style="color: rgb(153, 0, 51); font-family: Georgia; font-size: large;"></p><p style="color: rgb(153, 0, 51); font-family: Georgia; font-size: large;"></p><p style="color: rgb(153, 0, 51); font-family: Georgia; font-size: large;"></p><p style="color: rgb(153, 0, 51); font-family: Georgia; font-size: large;"></p><p style="color: rgb(153, 0, 51); font-family: Georgia; font-size: large;"></p><p style="color: rgb(153, 0, 51); font-family: Georgia; font-size: large;"></p><p style="color: rgb(153, 0, 51); font-family: Georgia; font-size: large;"></p><p></p><p></p><p></p><p></p><p></p><p></p><p><font color="#0000ff" face="Comic Sans MS" size="5">~ Spider-Man 2099 #5 ~</font></p><p><font color="#0000ff" face="Comic Sans MS" size="5">CGC 9.8&nbsp;</font></p><p><font color="#0000ff" face="Comic Sans MS" size="5">~ 1993 Rick Leonardi and Al Williamson Cover and Art ~</font></p><p><font color="#0000ff" face="Comic Sans MS" size="5">Marvel Comic</font></p><p></p><p style="color: rgb(153, 0, 51); font-family: Georgia; font-size: large;"><font color="#0000ff" face="Comic Sans MS" size="5">&nbsp;New Frame</font></p><p style="color: rgb(153, 0, 51); font-family: Georgia; font-size: large;"></p><p style="color: rgb(153, 0, 51); font-family: Georgia; font-size: large;"></p><p style="color: rgb(153, 0, 51); font-family: Georgia; font-size: large;"></p><p style="color: rgb(153, 0, 51); font-family: Georgia; font-size: large;"></p><p style="color: rgb(153, 0, 51); font-family: Georgia; font-size: large;"></p><p style="color: rgb(153, 0, 51); font-family: Georgia; font-size: large;"></p><p style="color: rgb(153, 0, 51); font-family: Georgia; font-size: large;"></p><p style="color: rgb(153, 0, 51); font-family: Georgia; font-size: large;"><font size="4" style="font-family: Comic Sans MS;" rwr="1"><font color="#990033" face="Georgia" size="4"></font></font></p><font size="4" style="color: rgb(153, 0, 51); font-family: &quot;Comic Sans MS&quot;; font-size: large;" rwr="1"><font color="#990033" face="Georgia" size="4">
</font></font><p style="color: rgb(153, 0, 51); font-family: Georgia; font-size: large;"></p><p align="center"><font size="4" style="font-family: Comic Sans MS;" rwr="1"><font color="#990033" face="Georgia" size="4"><font color="#0000ff"><strong style="font-weight: 400;">&nbsp;</strong></font></font></font><font color="#990033" face="Georgia" size="4"><font color="#0000ff" face="Comic Sans MS" size="5">White Pages</font></font></p><p align="center"><font color="#990033" face="Georgia" size="4"><font color="#0000ff" face="Comic Sans MS" size="5">~&nbsp;Collect this Series with us ~&nbsp; </font></font></p></span>
<p><font color="#990033" face="Georgia" size="4"><font color="#990033" size="4"></font></font><font color="#ffffff" size="4"><span style="background-color: rgb(255, 255, 255);"><font color="#0000ff" face="Comic Sans MS">&nbsp;&nbsp;&nbsp; GORGEOUS AND ABSOLUTELY ONE OF THE&nbsp; FINEST GRADES EVER. GET THE ENTIRE SERIES IN HIGH GRADES FROM BACK ISSUE COMIX</font></span></font></p></center>
<center><font color="#ffffff" face="Comic Sans MS" size="4"></font>
<p><font color="red" size="+0"><span style="background-color: rgb(0, 255, 255);"><font color="blue"><font face="Comic Sans MS" size="+0">We Thank EBAY BIDDERS for visiting a <span style="background-color: rgb(0, 255, 255);">BicComix </span>auction!&nbsp;</font></font></span></font></p><font color="#0000ff" face="Comic Sans MS" size="+0"><span style="background-color: rgb(0, 255, 255);"><p><span style="background-color: rgb(0, 255, 255);">
<font color="#0000ff" face="Comic Sans MS" size="5">Reynold Jay's Back Issue 
Comix </font></span></p><p><span style="background-color: rgb(0, 255, 255);">
<font color="#0000ff" face="Comic Sans MS" size="4">~ Over two decades of 
satisfied customers around the globe ~</font></span></p><p><span style="background-color: rgb(0, 255, 255);">
<font color="#0000ff" face="Comic Sans MS" size="4">~ Author and publisher of 
best selling books sold everywhere ~</font></span></p><p><span style="background-color: rgb(0, 255, 255);"><font size="4"><br></font></span></p></span></font></center>
<center></center><font color="red" size="+0"><font color="blue">
<p align="left" style="text-indent: 20px; margin-top: 0px; margin-bottom: 0px;"><font face="Comic Sans MS" size="+0"><span style="background-color: rgb(0, 255, 255);">Issues from this series on stock at future eBay auctions for your shopping convenience. You may combine winnings and purchases into one cost cutting package. </span><span style="background-color: rgb(255, 255, 0);">Win 5 CGC items </span><span style="background-color: rgb(0, 255, 255);">total and receive </span><span style="background-color: rgb(255, 255, 0);">free priority USA shipping </span><span style="background-color: rgb(0, 255, 255);">for the entire order..</span></font></p>
<p align="left" style="text-indent: 20px; margin-top: 0px; margin-bottom: 0px;"><font face="Comic Sans MS" size="+0">These issues are from <span style="background-color: rgb(0, 255, 255);">BicComix </span>UN-CIRCULATED NM+ Collection. Everything guaranteed to look brand new in everyway and could quite possibly be among the finest copies anywhere. This comic was purchased at the time it was published directly from the distributor and placed in storage until now. Comics were never on display at any convention or store shelf and are guaranteed to be unhandled by prospective customers. </font></p>
<p align="left" style="text-indent: 20px; margin-top: 0px; margin-bottom: 0px;"><span style="background-color: rgb(255, 255, 0);"><font face="Comic Sans MS" size="+0">You will be the first owner of this comic.</font></span></p></font>
<center>
<p><font color="#0000ff" face="Comic Sans MS"><span style="background-color: rgb(0, 255, 255);">000000000000</span></font>&nbsp;</p></center>
<div align="left">
<p style="text-indent: 20px; margin-top: 0px; margin-bottom: 0px;"><font color="#0000ff" face="Comic Sans MS">Bid only if you intend to fully make payment within&nbsp;three days. Details will be included with your invoice. </font></p></div>
<div align="left">
<p style="text-indent: 20px; margin-top: 0px; margin-bottom: 0px;"><font color="blue" face="Comic Sans MS"><span style="background-color: rgb(0, 255, 255);">&nbsp; Included in your winning bid is&nbsp; information about&nbsp; Back Issue Comix and the certified comics&nbsp; world records we have set for quality. See "About Me" page for more info. You will be enrolled in our exclusive monthly email letter that gives you the inside scoop on the world of certified comics.&nbsp; </span></font></p></div>
<div align="left">
<p style="text-indent: 20px; margin-top: 0px; margin-bottom: 0px;"><font face="Comic Sans MS"></font></p>
<p align="center" style="text-indent: 20px; margin-top: 0px; margin-bottom: 0px;"><font color="#0000ff" face="Comic Sans MS"><span style="background-color: rgb(255, 255, 255);">NEW SERVICE/ AUTOMATIC ACCOUNT </span></font></p>
<p align="center" style="text-indent: 20px; margin-top: 0px; margin-bottom: 0px;"><font color="#0000ff" face="Comic Sans MS"><span style="background-color: rgb(255, 255, 255);">FOR MULTIPLE BIDDERS </span></font></p>
<p align="left" style="text-indent: 20px; margin-top: 0px; margin-bottom: 0px;"><font color="#0000ff" face="Comic Sans MS"><span style="background-color: rgb(255, 255, 255);">Many eBay bidders often bid in several auctions. Simply notify us that you are a multiple bidder and plan to consolidate your order. We'll set up a bin for your winnings and purchases and send you a running balance each time you win an auction. No need to pay for each auction separately. Ask for final invoice and pay when you are ready for shipment. Multiple bidders receive CGC winnings in our improved 6" deep box or official CGC&nbsp; shipping box.&nbsp; </span></font></p>
<p align="left" style="text-indent: 20px; margin-top: 0px; margin-bottom: 0px;"><font color="#0000ff" face="Comic Sans MS"><span style="background-color: rgb(255, 255, 255);">Extra CGC ( 2nd comic is free) comics are estimated&nbsp; at $1 each plus insurance fees. When a bidder wins a large number of comics with high values, the final calculation is even less.&nbsp;&nbsp;</span></font></p>
<p align="left" style="text-indent: 20px; margin-top: 0px; margin-bottom: 0px;"><font color="blue" face="Comic Sans MS"><font color="#ff0000" size="+0">Official CGC<u> shipping box </u>available to you.</font><font color="#0000ff" size="+0"> Plan to use this as a storage box This is a custom-size heavy-duty corrugated board box made to hold CGC comics, made by CGC. Box holds 24 CGC comics. This box will protect your CGC books in your collection. Box holds CGC books upright such that labels ( on end) can be seen. You may wish to cut off the top flaps of the box as they tend to consume space. This is not the <u>storage box </u>made by a non-CGC company.</font></font></p></div>
<div align="left">
<p style="text-indent: 20px; margin-top: 0px; margin-bottom: 0px;"><font color="#0000ff" face="Comic Sans MS" size="+0">We can ship this unique box with your order FREE! This box system is only slightly heavier than our regular box! We highly recommend shipping in these boxes for upper-end books to assure a damage-free transaction. Request the box when you place your order.</font></p><font color="#0000ff" size="2">
<h4 align="center" style="text-indent: 20px; margin-top: 0px; margin-bottom: 0px;"><font face="Comic Sans MS" size="+0">~*~</font></h4></font>
<p style="text-indent: 20px; margin-top: 0px; margin-bottom: 0px;">&nbsp;</p></div></font>
<p align="center" class="MsoNormal"><font color="#ff0000"><b>PLEASE DO NOT MAKE PAYMENT FOR MULTIPLE ITEMS UNTIL YOU RECEIVE AN INVOICE!</b></font></p>
<p align="center" class="MsoNormal"><font color="#ff0000"><b>Pay only when you want it shipped within 24 hours.</b></font></p>
<p align="center" class="MsoNormal"><font color="#ff0000">The rule is that sellers must ship an item within twenty-four hours after payment. This seems simple enough; however, if you wish to bid/purchase in another auction the next day, this means that your items will<b> not be combined</b> for shipping savings.</font></p>
<h4 align="center" style="text-align: center;"><strong><span style="background: aqua; color: blue; font-family: Broadway; font-size: 13.5pt;">INTERNATIONAL POLICY</span></strong></h4>
<p><strong><span style="background: aqua; color: blue; font-family: Broadway; font-weight: normal;">CANANDA </span><span style="color: blue; font-family: Broadway;">&nbsp;</span></strong><span style="color: blue;"> </span><font color="#ff0000">$19.50 </font><span style="color: blue; font-weight: normal;">fee to ship ( 1or 2) certified comics in a heavy duty box. Write for 3 or more in your order. </span></p>
<p><strong><span style="color: blue; font-weight: normal;">International Shipments:</span></strong><span style="color: blue;">&nbsp; Many countries: No insurance $26 at your own risk. We will charge you $26. ( subject to increases when rates change).&nbsp; Additional comics added to your order are usually around $12 each. (Prices quoted here subject to change at any time).</span></p>
<p><font color="#0000ff">Write for the current fee to ship 2-10 books&nbsp; to your country.</font></p>
